[2024-02-06T15:24:39.750+0000] {processor.py:161} INFO - Started process (PID=65) to work on /home/airflow/.local/lib/python3.8/site-packages/airflow/example_dags/example_dag_decorator.py
[2024-02-06T15:24:39.751+0000] {processor.py:830} INFO - Processing file /home/airflow/.local/lib/python3.8/site-packages/airflow/example_dags/example_dag_decorator.py for tasks to queue
[2024-02-06T15:24:39.754+0000] {logging_mixin.py:188} INFO - [2024-02-06T15:24:39.754+0000] {dagbag.py:538} INFO - Filling up the DagBag from /home/airflow/.local/lib/python3.8/site-packages/airflow/example_dags/example_dag_decorator.py
[2024-02-06T15:24:40.131+0000] {processor.py:840} INFO - DAG(s) 'example_dag_decorator' retrieved from /home/airflow/.local/lib/python3.8/site-packages/airflow/example_dags/example_dag_decorator.py
[2024-02-06T15:24:40.146+0000] {logging_mixin.py:188} INFO - [2024-02-06T15:24:40.145+0000] {dag.py:3036} INFO - Sync 1 DAGs
[2024-02-06T15:24:40.163+0000] {logging_mixin.py:188} INFO - [2024-02-06T15:24:40.163+0000] {dag.py:3823} INFO - Setting next_dagrun for example_dag_decorator to None, run_after=None
[2024-02-06T15:24:40.186+0000] {processor.py:183} INFO - Processing /home/airflow/.local/lib/python3.8/site-packages/airflow/example_dags/example_dag_decorator.py took 0.440 seconds
[2024-02-06T15:25:10.599+0000] {processor.py:161} INFO - Started process (PID=124) to work on /home/airflow/.local/lib/python3.8/site-packages/airflow/example_dags/example_dag_decorator.py
[2024-02-06T15:25:10.600+0000] {processor.py:830} INFO - Processing file /home/airflow/.local/lib/python3.8/site-packages/airflow/example_dags/example_dag_decorator.py for tasks to queue
[2024-02-06T15:25:10.601+0000] {logging_mixin.py:188} INFO - [2024-02-06T15:25:10.601+0000] {dagbag.py:538} INFO - Filling up the DagBag from /home/airflow/.local/lib/python3.8/site-packages/airflow/example_dags/example_dag_decorator.py
[2024-02-06T15:25:10.702+0000] {processor.py:840} INFO - DAG(s) 'example_dag_decorator' retrieved from /home/airflow/.local/lib/python3.8/site-packages/airflow/example_dags/example_dag_decorator.py
[2024-02-06T15:25:10.807+0000] {logging_mixin.py:188} INFO - [2024-02-06T15:25:10.806+0000] {dag.py:3036} INFO - Sync 1 DAGs
[2024-02-06T15:25:10.817+0000] {logging_mixin.py:188} INFO - [2024-02-06T15:25:10.817+0000] {dag.py:3823} INFO - Setting next_dagrun for example_dag_decorator to None, run_after=None
[2024-02-06T15:25:10.837+0000] {processor.py:183} INFO - Processing /home/airflow/.local/lib/python3.8/site-packages/airflow/example_dags/example_dag_decorator.py took 0.242 seconds
[2024-02-06T15:25:41.111+0000] {processor.py:161} INFO - Started process (PID=179) to work on /home/airflow/.local/lib/python3.8/site-packages/airflow/example_dags/example_dag_decorator.py
[2024-02-06T15:25:41.113+0000] {processor.py:830} INFO - Processing file /home/airflow/.local/lib/python3.8/site-packages/airflow/example_dags/example_dag_decorator.py for tasks to queue
[2024-02-06T15:25:41.115+0000] {logging_mixin.py:188} INFO - [2024-02-06T15:25:41.115+0000] {dagbag.py:538} INFO - Filling up the DagBag from /home/airflow/.local/lib/python3.8/site-packages/airflow/example_dags/example_dag_decorator.py
[2024-02-06T15:25:41.267+0000] {processor.py:840} INFO - DAG(s) 'example_dag_decorator' retrieved from /home/airflow/.local/lib/python3.8/site-packages/airflow/example_dags/example_dag_decorator.py
[2024-02-06T15:25:41.499+0000] {logging_mixin.py:188} INFO - [2024-02-06T15:25:41.498+0000] {dag.py:3036} INFO - Sync 1 DAGs
[2024-02-06T15:25:41.533+0000] {logging_mixin.py:188} INFO - [2024-02-06T15:25:41.532+0000] {dag.py:3823} INFO - Setting next_dagrun for example_dag_decorator to None, run_after=None
[2024-02-06T15:25:41.569+0000] {processor.py:183} INFO - Processing /home/airflow/.local/lib/python3.8/site-packages/airflow/example_dags/example_dag_decorator.py took 0.462 seconds
[2024-02-06T15:28:54.453+0000] {processor.py:161} INFO - Started process (PID=66) to work on /home/airflow/.local/lib/python3.8/site-packages/airflow/example_dags/example_dag_decorator.py
[2024-02-06T15:28:54.454+0000] {processor.py:830} INFO - Processing file /home/airflow/.local/lib/python3.8/site-packages/airflow/example_dags/example_dag_decorator.py for tasks to queue
[2024-02-06T15:28:54.457+0000] {logging_mixin.py:188} INFO - [2024-02-06T15:28:54.457+0000] {dagbag.py:538} INFO - Filling up the DagBag from /home/airflow/.local/lib/python3.8/site-packages/airflow/example_dags/example_dag_decorator.py
[2024-02-06T15:28:54.869+0000] {processor.py:840} INFO - DAG(s) 'example_dag_decorator' retrieved from /home/airflow/.local/lib/python3.8/site-packages/airflow/example_dags/example_dag_decorator.py
[2024-02-06T15:28:54.882+0000] {logging_mixin.py:188} INFO - [2024-02-06T15:28:54.882+0000] {dag.py:3036} INFO - Sync 1 DAGs
[2024-02-06T15:28:54.898+0000] {logging_mixin.py:188} INFO - [2024-02-06T15:28:54.898+0000] {dag.py:3823} INFO - Setting next_dagrun for example_dag_decorator to None, run_after=None
[2024-02-06T15:28:54.923+0000] {processor.py:183} INFO - Processing /home/airflow/.local/lib/python3.8/site-packages/airflow/example_dags/example_dag_decorator.py took 0.475 seconds
[2024-02-06T15:29:25.760+0000] {processor.py:161} INFO - Started process (PID=124) to work on /home/airflow/.local/lib/python3.8/site-packages/airflow/example_dags/example_dag_decorator.py
[2024-02-06T15:29:25.761+0000] {processor.py:830} INFO - Processing file /home/airflow/.local/lib/python3.8/site-packages/airflow/example_dags/example_dag_decorator.py for tasks to queue
[2024-02-06T15:29:25.764+0000] {logging_mixin.py:188} INFO - [2024-02-06T15:29:25.763+0000] {dagbag.py:538} INFO - Filling up the DagBag from /home/airflow/.local/lib/python3.8/site-packages/airflow/example_dags/example_dag_decorator.py
[2024-02-06T15:29:25.893+0000] {processor.py:840} INFO - DAG(s) 'example_dag_decorator' retrieved from /home/airflow/.local/lib/python3.8/site-packages/airflow/example_dags/example_dag_decorator.py
[2024-02-06T15:29:26.024+0000] {logging_mixin.py:188} INFO - [2024-02-06T15:29:26.024+0000] {dag.py:3036} INFO - Sync 1 DAGs
[2024-02-06T15:29:26.039+0000] {logging_mixin.py:188} INFO - [2024-02-06T15:29:26.039+0000] {dag.py:3823} INFO - Setting next_dagrun for example_dag_decorator to None, run_after=None
[2024-02-06T15:29:26.062+0000] {processor.py:183} INFO - Processing /home/airflow/.local/lib/python3.8/site-packages/airflow/example_dags/example_dag_decorator.py took 0.306 seconds
[2024-02-06T15:29:56.622+0000] {processor.py:161} INFO - Started process (PID=180) to work on /home/airflow/.local/lib/python3.8/site-packages/airflow/example_dags/example_dag_decorator.py
[2024-02-06T15:29:56.624+0000] {processor.py:830} INFO - Processing file /home/airflow/.local/lib/python3.8/site-packages/airflow/example_dags/example_dag_decorator.py for tasks to queue
[2024-02-06T15:29:56.626+0000] {logging_mixin.py:188} INFO - [2024-02-06T15:29:56.626+0000] {dagbag.py:538} INFO - Filling up the DagBag from /home/airflow/.local/lib/python3.8/site-packages/airflow/example_dags/example_dag_decorator.py
[2024-02-06T15:29:56.774+0000] {processor.py:840} INFO - DAG(s) 'example_dag_decorator' retrieved from /home/airflow/.local/lib/python3.8/site-packages/airflow/example_dags/example_dag_decorator.py
[2024-02-06T15:29:56.936+0000] {logging_mixin.py:188} INFO - [2024-02-06T15:29:56.936+0000] {dag.py:3036} INFO - Sync 1 DAGs
[2024-02-06T15:29:56.952+0000] {logging_mixin.py:188} INFO - [2024-02-06T15:29:56.952+0000] {dag.py:3823} INFO - Setting next_dagrun for example_dag_decorator to None, run_after=None
[2024-02-06T15:29:56.979+0000] {processor.py:183} INFO - Processing /home/airflow/.local/lib/python3.8/site-packages/airflow/example_dags/example_dag_decorator.py took 0.364 seconds
[2024-02-06T15:30:59.274+0000] {processor.py:161} INFO - Started process (PID=243) to work on /home/airflow/.local/lib/python3.8/site-packages/airflow/example_dags/example_dag_decorator.py
[2024-02-06T15:30:59.275+0000] {processor.py:830} INFO - Processing file /home/airflow/.local/lib/python3.8/site-packages/airflow/example_dags/example_dag_decorator.py for tasks to queue
[2024-02-06T15:30:59.277+0000] {logging_mixin.py:188} INFO - [2024-02-06T15:30:59.277+0000] {dagbag.py:538} INFO - Filling up the DagBag from /home/airflow/.local/lib/python3.8/site-packages/airflow/example_dags/example_dag_decorator.py
[2024-02-06T15:30:59.457+0000] {processor.py:840} INFO - DAG(s) 'example_dag_decorator' retrieved from /home/airflow/.local/lib/python3.8/site-packages/airflow/example_dags/example_dag_decorator.py
[2024-02-06T15:30:59.625+0000] {logging_mixin.py:188} INFO - [2024-02-06T15:30:59.625+0000] {dag.py:3036} INFO - Sync 1 DAGs
[2024-02-06T15:30:59.644+0000] {logging_mixin.py:188} INFO - [2024-02-06T15:30:59.644+0000] {dag.py:3823} INFO - Setting next_dagrun for example_dag_decorator to None, run_after=None
[2024-02-06T15:30:59.676+0000] {processor.py:183} INFO - Processing /home/airflow/.local/lib/python3.8/site-packages/airflow/example_dags/example_dag_decorator.py took 0.407 seconds
[2024-02-06T15:31:30.304+0000] {processor.py:161} INFO - Started process (PID=300) to work on /home/airflow/.local/lib/python3.8/site-packages/airflow/example_dags/example_dag_decorator.py
[2024-02-06T15:31:30.306+0000] {processor.py:830} INFO - Processing file /home/airflow/.local/lib/python3.8/site-packages/airflow/example_dags/example_dag_decorator.py for tasks to queue
[2024-02-06T15:31:30.311+0000] {logging_mixin.py:188} INFO - [2024-02-06T15:31:30.310+0000] {dagbag.py:538} INFO - Filling up the DagBag from /home/airflow/.local/lib/python3.8/site-packages/airflow/example_dags/example_dag_decorator.py
[2024-02-06T15:31:30.499+0000] {processor.py:840} INFO - DAG(s) 'example_dag_decorator' retrieved from /home/airflow/.local/lib/python3.8/site-packages/airflow/example_dags/example_dag_decorator.py
[2024-02-06T15:31:30.713+0000] {logging_mixin.py:188} INFO - [2024-02-06T15:31:30.713+0000] {dag.py:3036} INFO - Sync 1 DAGs
[2024-02-06T15:31:30.732+0000] {logging_mixin.py:188} INFO - [2024-02-06T15:31:30.731+0000] {dag.py:3823} INFO - Setting next_dagrun for example_dag_decorator to None, run_after=None
[2024-02-06T15:31:30.762+0000] {processor.py:183} INFO - Processing /home/airflow/.local/lib/python3.8/site-packages/airflow/example_dags/example_dag_decorator.py took 0.464 seconds
[2024-02-06T15:32:00.842+0000] {processor.py:161} INFO - Started process (PID=357) to work on /home/airflow/.local/lib/python3.8/site-packages/airflow/example_dags/example_dag_decorator.py
[2024-02-06T15:32:00.843+0000] {processor.py:830} INFO - Processing file /home/airflow/.local/lib/python3.8/site-packages/airflow/example_dags/example_dag_decorator.py for tasks to queue
[2024-02-06T15:32:00.845+0000] {logging_mixin.py:188} INFO - [2024-02-06T15:32:00.844+0000] {dagbag.py:538} INFO - Filling up the DagBag from /home/airflow/.local/lib/python3.8/site-packages/airflow/example_dags/example_dag_decorator.py
[2024-02-06T15:32:01.017+0000] {processor.py:840} INFO - DAG(s) 'example_dag_decorator' retrieved from /home/airflow/.local/lib/python3.8/site-packages/airflow/example_dags/example_dag_decorator.py
[2024-02-06T15:32:01.187+0000] {logging_mixin.py:188} INFO - [2024-02-06T15:32:01.187+0000] {dag.py:3036} INFO - Sync 1 DAGs
[2024-02-06T15:32:01.199+0000] {logging_mixin.py:188} INFO - [2024-02-06T15:32:01.199+0000] {dag.py:3823} INFO - Setting next_dagrun for example_dag_decorator to None, run_after=None
[2024-02-06T15:32:01.225+0000] {processor.py:183} INFO - Processing /home/airflow/.local/lib/python3.8/site-packages/airflow/example_dags/example_dag_decorator.py took 0.388 seconds
[2024-02-06T15:32:31.817+0000] {processor.py:161} INFO - Started process (PID=414) to work on /home/airflow/.local/lib/python3.8/site-packages/airflow/example_dags/example_dag_decorator.py
[2024-02-06T15:32:31.818+0000] {processor.py:830} INFO - Processing file /home/airflow/.local/lib/python3.8/site-packages/airflow/example_dags/example_dag_decorator.py for tasks to queue
[2024-02-06T15:32:31.820+0000] {logging_mixin.py:188} INFO - [2024-02-06T15:32:31.820+0000] {dagbag.py:538} INFO - Filling up the DagBag from /home/airflow/.local/lib/python3.8/site-packages/airflow/example_dags/example_dag_decorator.py
[2024-02-06T15:32:31.943+0000] {processor.py:840} INFO - DAG(s) 'example_dag_decorator' retrieved from /home/airflow/.local/lib/python3.8/site-packages/airflow/example_dags/example_dag_decorator.py
[2024-02-06T15:32:32.067+0000] {logging_mixin.py:188} INFO - [2024-02-06T15:32:32.066+0000] {dag.py:3036} INFO - Sync 1 DAGs
[2024-02-06T15:32:32.079+0000] {logging_mixin.py:188} INFO - [2024-02-06T15:32:32.078+0000] {dag.py:3823} INFO - Setting next_dagrun for example_dag_decorator to None, run_after=None
[2024-02-06T15:32:32.098+0000] {processor.py:183} INFO - Processing /home/airflow/.local/lib/python3.8/site-packages/airflow/example_dags/example_dag_decorator.py took 0.284 seconds
[2024-02-06T15:33:02.945+0000] {processor.py:161} INFO - Started process (PID=470) to work on /home/airflow/.local/lib/python3.8/site-packages/airflow/example_dags/example_dag_decorator.py
[2024-02-06T15:33:02.946+0000] {processor.py:830} INFO - Processing file /home/airflow/.local/lib/python3.8/site-packages/airflow/example_dags/example_dag_decorator.py for tasks to queue
[2024-02-06T15:33:02.948+0000] {logging_mixin.py:188} INFO - [2024-02-06T15:33:02.948+0000] {dagbag.py:538} INFO - Filling up the DagBag from /home/airflow/.local/lib/python3.8/site-packages/airflow/example_dags/example_dag_decorator.py
[2024-02-06T15:33:03.038+0000] {processor.py:840} INFO - DAG(s) 'example_dag_decorator' retrieved from /home/airflow/.local/lib/python3.8/site-packages/airflow/example_dags/example_dag_decorator.py
[2024-02-06T15:33:03.175+0000] {logging_mixin.py:188} INFO - [2024-02-06T15:33:03.174+0000] {dag.py:3036} INFO - Sync 1 DAGs
[2024-02-06T15:33:03.185+0000] {logging_mixin.py:188} INFO - [2024-02-06T15:33:03.185+0000] {dag.py:3823} INFO - Setting next_dagrun for example_dag_decorator to None, run_after=None
[2024-02-06T15:33:03.208+0000] {processor.py:183} INFO - Processing /home/airflow/.local/lib/python3.8/site-packages/airflow/example_dags/example_dag_decorator.py took 0.268 seconds
[2024-02-06T15:33:34.078+0000] {processor.py:161} INFO - Started process (PID=527) to work on /home/airflow/.local/lib/python3.8/site-packages/airflow/example_dags/example_dag_decorator.py
[2024-02-06T15:33:34.079+0000] {processor.py:830} INFO - Processing file /home/airflow/.local/lib/python3.8/site-packages/airflow/example_dags/example_dag_decorator.py for tasks to queue
[2024-02-06T15:33:34.081+0000] {logging_mixin.py:188} INFO - [2024-02-06T15:33:34.081+0000] {dagbag.py:538} INFO - Filling up the DagBag from /home/airflow/.local/lib/python3.8/site-packages/airflow/example_dags/example_dag_decorator.py
[2024-02-06T15:33:34.170+0000] {processor.py:840} INFO - DAG(s) 'example_dag_decorator' retrieved from /home/airflow/.local/lib/python3.8/site-packages/airflow/example_dags/example_dag_decorator.py
[2024-02-06T15:33:34.283+0000] {logging_mixin.py:188} INFO - [2024-02-06T15:33:34.283+0000] {dag.py:3036} INFO - Sync 1 DAGs
[2024-02-06T15:33:34.294+0000] {logging_mixin.py:188} INFO - [2024-02-06T15:33:34.294+0000] {dag.py:3823} INFO - Setting next_dagrun for example_dag_decorator to None, run_after=None
[2024-02-06T15:33:34.314+0000] {processor.py:183} INFO - Processing /home/airflow/.local/lib/python3.8/site-packages/airflow/example_dags/example_dag_decorator.py took 0.240 seconds
[2024-02-06T15:34:04.417+0000] {processor.py:161} INFO - Started process (PID=582) to work on /home/airflow/.local/lib/python3.8/site-packages/airflow/example_dags/example_dag_decorator.py
[2024-02-06T15:34:04.419+0000] {processor.py:830} INFO - Processing file /home/airflow/.local/lib/python3.8/site-packages/airflow/example_dags/example_dag_decorator.py for tasks to queue
[2024-02-06T15:34:04.422+0000] {logging_mixin.py:188} INFO - [2024-02-06T15:34:04.421+0000] {dagbag.py:538} INFO - Filling up the DagBag from /home/airflow/.local/lib/python3.8/site-packages/airflow/example_dags/example_dag_decorator.py
[2024-02-06T15:34:04.527+0000] {processor.py:840} INFO - DAG(s) 'example_dag_decorator' retrieved from /home/airflow/.local/lib/python3.8/site-packages/airflow/example_dags/example_dag_decorator.py
[2024-02-06T15:34:04.646+0000] {logging_mixin.py:188} INFO - [2024-02-06T15:34:04.646+0000] {dag.py:3036} INFO - Sync 1 DAGs
[2024-02-06T15:34:04.657+0000] {logging_mixin.py:188} INFO - [2024-02-06T15:34:04.656+0000] {dag.py:3823} INFO - Setting next_dagrun for example_dag_decorator to None, run_after=None
[2024-02-06T15:34:04.677+0000] {processor.py:183} INFO - Processing /home/airflow/.local/lib/python3.8/site-packages/airflow/example_dags/example_dag_decorator.py took 0.267 seconds
[2024-02-06T15:34:34.883+0000] {processor.py:161} INFO - Started process (PID=639) to work on /home/airflow/.local/lib/python3.8/site-packages/airflow/example_dags/example_dag_decorator.py
[2024-02-06T15:34:34.885+0000] {processor.py:830} INFO - Processing file /home/airflow/.local/lib/python3.8/site-packages/airflow/example_dags/example_dag_decorator.py for tasks to queue
[2024-02-06T15:34:34.887+0000] {logging_mixin.py:188} INFO - [2024-02-06T15:34:34.887+0000] {dagbag.py:538} INFO - Filling up the DagBag from /home/airflow/.local/lib/python3.8/site-packages/airflow/example_dags/example_dag_decorator.py
[2024-02-06T15:34:34.994+0000] {processor.py:840} INFO - DAG(s) 'example_dag_decorator' retrieved from /home/airflow/.local/lib/python3.8/site-packages/airflow/example_dags/example_dag_decorator.py
[2024-02-06T15:34:35.128+0000] {logging_mixin.py:188} INFO - [2024-02-06T15:34:35.128+0000] {dag.py:3036} INFO - Sync 1 DAGs
[2024-02-06T15:34:35.138+0000] {logging_mixin.py:188} INFO - [2024-02-06T15:34:35.138+0000] {dag.py:3823} INFO - Setting next_dagrun for example_dag_decorator to None, run_after=None
[2024-02-06T15:34:35.157+0000] {processor.py:183} INFO - Processing /home/airflow/.local/lib/python3.8/site-packages/airflow/example_dags/example_dag_decorator.py took 0.280 seconds
[2024-02-06T15:35:05.276+0000] {processor.py:161} INFO - Started process (PID=696) to work on /home/airflow/.local/lib/python3.8/site-packages/airflow/example_dags/example_dag_decorator.py
[2024-02-06T15:35:05.278+0000] {processor.py:830} INFO - Processing file /home/airflow/.local/lib/python3.8/site-packages/airflow/example_dags/example_dag_decorator.py for tasks to queue
[2024-02-06T15:35:05.280+0000] {logging_mixin.py:188} INFO - [2024-02-06T15:35:05.280+0000] {dagbag.py:538} INFO - Filling up the DagBag from /home/airflow/.local/lib/python3.8/site-packages/airflow/example_dags/example_dag_decorator.py
[2024-02-06T15:35:05.393+0000] {processor.py:840} INFO - DAG(s) 'example_dag_decorator' retrieved from /home/airflow/.local/lib/python3.8/site-packages/airflow/example_dags/example_dag_decorator.py
[2024-02-06T15:35:05.525+0000] {logging_mixin.py:188} INFO - [2024-02-06T15:35:05.525+0000] {dag.py:3036} INFO - Sync 1 DAGs
[2024-02-06T15:35:05.535+0000] {logging_mixin.py:188} INFO - [2024-02-06T15:35:05.535+0000] {dag.py:3823} INFO - Setting next_dagrun for example_dag_decorator to None, run_after=None
[2024-02-06T15:35:05.554+0000] {processor.py:183} INFO - Processing /home/airflow/.local/lib/python3.8/site-packages/airflow/example_dags/example_dag_decorator.py took 0.284 seconds
[2024-02-06T15:35:35.619+0000] {processor.py:161} INFO - Started process (PID=755) to work on /home/airflow/.local/lib/python3.8/site-packages/airflow/example_dags/example_dag_decorator.py
[2024-02-06T15:35:35.620+0000] {processor.py:830} INFO - Processing file /home/airflow/.local/lib/python3.8/site-packages/airflow/example_dags/example_dag_decorator.py for tasks to queue
[2024-02-06T15:35:35.622+0000] {logging_mixin.py:188} INFO - [2024-02-06T15:35:35.621+0000] {dagbag.py:538} INFO - Filling up the DagBag from /home/airflow/.local/lib/python3.8/site-packages/airflow/example_dags/example_dag_decorator.py
[2024-02-06T15:35:35.712+0000] {processor.py:840} INFO - DAG(s) 'example_dag_decorator' retrieved from /home/airflow/.local/lib/python3.8/site-packages/airflow/example_dags/example_dag_decorator.py
[2024-02-06T15:35:35.836+0000] {logging_mixin.py:188} INFO - [2024-02-06T15:35:35.836+0000] {dag.py:3036} INFO - Sync 1 DAGs
[2024-02-06T15:35:35.847+0000] {logging_mixin.py:188} INFO - [2024-02-06T15:35:35.847+0000] {dag.py:3823} INFO - Setting next_dagrun for example_dag_decorator to None, run_after=None
[2024-02-06T15:35:35.870+0000] {processor.py:183} INFO - Processing /home/airflow/.local/lib/python3.8/site-packages/airflow/example_dags/example_dag_decorator.py took 0.254 seconds
[2024-02-06T15:36:06.082+0000] {processor.py:161} INFO - Started process (PID=810) to work on /home/airflow/.local/lib/python3.8/site-packages/airflow/example_dags/example_dag_decorator.py
[2024-02-06T15:36:06.083+0000] {processor.py:830} INFO - Processing file /home/airflow/.local/lib/python3.8/site-packages/airflow/example_dags/example_dag_decorator.py for tasks to queue
[2024-02-06T15:36:06.085+0000] {logging_mixin.py:188} INFO - [2024-02-06T15:36:06.085+0000] {dagbag.py:538} INFO - Filling up the DagBag from /home/airflow/.local/lib/python3.8/site-packages/airflow/example_dags/example_dag_decorator.py
[2024-02-06T15:36:06.199+0000] {processor.py:840} INFO - DAG(s) 'example_dag_decorator' retrieved from /home/airflow/.local/lib/python3.8/site-packages/airflow/example_dags/example_dag_decorator.py
[2024-02-06T15:36:06.321+0000] {logging_mixin.py:188} INFO - [2024-02-06T15:36:06.321+0000] {dag.py:3036} INFO - Sync 1 DAGs
[2024-02-06T15:36:06.332+0000] {logging_mixin.py:188} INFO - [2024-02-06T15:36:06.332+0000] {dag.py:3823} INFO - Setting next_dagrun for example_dag_decorator to None, run_after=None
[2024-02-06T15:36:06.351+0000] {processor.py:183} INFO - Processing /home/airflow/.local/lib/python3.8/site-packages/airflow/example_dags/example_dag_decorator.py took 0.273 seconds
[2024-02-06T15:36:36.411+0000] {processor.py:161} INFO - Started process (PID=869) to work on /home/airflow/.local/lib/python3.8/site-packages/airflow/example_dags/example_dag_decorator.py
[2024-02-06T15:36:36.413+0000] {processor.py:830} INFO - Processing file /home/airflow/.local/lib/python3.8/site-packages/airflow/example_dags/example_dag_decorator.py for tasks to queue
[2024-02-06T15:36:36.417+0000] {logging_mixin.py:188} INFO - [2024-02-06T15:36:36.416+0000] {dagbag.py:538} INFO - Filling up the DagBag from /home/airflow/.local/lib/python3.8/site-packages/airflow/example_dags/example_dag_decorator.py
[2024-02-06T15:36:36.603+0000] {processor.py:840} INFO - DAG(s) 'example_dag_decorator' retrieved from /home/airflow/.local/lib/python3.8/site-packages/airflow/example_dags/example_dag_decorator.py
[2024-02-06T15:36:36.780+0000] {logging_mixin.py:188} INFO - [2024-02-06T15:36:36.780+0000] {dag.py:3036} INFO - Sync 1 DAGs
[2024-02-06T15:36:36.801+0000] {logging_mixin.py:188} INFO - [2024-02-06T15:36:36.800+0000] {dag.py:3823} INFO - Setting next_dagrun for example_dag_decorator to None, run_after=None
[2024-02-06T15:36:36.829+0000] {processor.py:183} INFO - Processing /home/airflow/.local/lib/python3.8/site-packages/airflow/example_dags/example_dag_decorator.py took 0.424 seconds
