[2024-02-06T15:24:39.953+0000] {processor.py:161} INFO - Started process (PID=67) to work on /home/airflow/.local/lib/python3.8/site-packages/airflow/example_dags/example_short_circuit_operator.py
[2024-02-06T15:24:39.954+0000] {processor.py:830} INFO - Processing file /home/airflow/.local/lib/python3.8/site-packages/airflow/example_dags/example_short_circuit_operator.py for tasks to queue
[2024-02-06T15:24:39.956+0000] {logging_mixin.py:188} INFO - [2024-02-06T15:24:39.956+0000] {dagbag.py:538} INFO - Filling up the DagBag from /home/airflow/.local/lib/python3.8/site-packages/airflow/example_dags/example_short_circuit_operator.py
[2024-02-06T15:24:39.968+0000] {processor.py:840} INFO - DAG(s) 'example_short_circuit_operator' retrieved from /home/airflow/.local/lib/python3.8/site-packages/airflow/example_dags/example_short_circuit_operator.py
[2024-02-06T15:24:39.983+0000] {logging_mixin.py:188} INFO - [2024-02-06T15:24:39.983+0000] {dag.py:3036} INFO - Sync 1 DAGs
[2024-02-06T15:24:40.013+0000] {logging_mixin.py:188} INFO - [2024-02-06T15:24:40.013+0000] {dag.py:3823} INFO - Setting next_dagrun for example_short_circuit_operator to 2024-02-05 00:00:00+00:00, run_after=2024-02-06 00:00:00+00:00
[2024-02-06T15:24:40.038+0000] {processor.py:183} INFO - Processing /home/airflow/.local/lib/python3.8/site-packages/airflow/example_dags/example_short_circuit_operator.py took 0.089 seconds
[2024-02-06T15:25:10.520+0000] {processor.py:161} INFO - Started process (PID=123) to work on /home/airflow/.local/lib/python3.8/site-packages/airflow/example_dags/example_short_circuit_operator.py
[2024-02-06T15:25:10.520+0000] {processor.py:830} INFO - Processing file /home/airflow/.local/lib/python3.8/site-packages/airflow/example_dags/example_short_circuit_operator.py for tasks to queue
[2024-02-06T15:25:10.522+0000] {logging_mixin.py:188} INFO - [2024-02-06T15:25:10.522+0000] {dagbag.py:538} INFO - Filling up the DagBag from /home/airflow/.local/lib/python3.8/site-packages/airflow/example_dags/example_short_circuit_operator.py
[2024-02-06T15:25:10.529+0000] {processor.py:840} INFO - DAG(s) 'example_short_circuit_operator' retrieved from /home/airflow/.local/lib/python3.8/site-packages/airflow/example_dags/example_short_circuit_operator.py
[2024-02-06T15:25:10.635+0000] {logging_mixin.py:188} INFO - [2024-02-06T15:25:10.635+0000] {dag.py:3036} INFO - Sync 1 DAGs
[2024-02-06T15:25:10.654+0000] {logging_mixin.py:188} INFO - [2024-02-06T15:25:10.654+0000] {dag.py:3823} INFO - Setting next_dagrun for example_short_circuit_operator to 2024-02-05 00:00:00+00:00, run_after=2024-02-06 00:00:00+00:00
[2024-02-06T15:25:10.674+0000] {processor.py:183} INFO - Processing /home/airflow/.local/lib/python3.8/site-packages/airflow/example_dags/example_short_circuit_operator.py took 0.157 seconds
[2024-02-06T15:25:41.298+0000] {processor.py:161} INFO - Started process (PID=181) to work on /home/airflow/.local/lib/python3.8/site-packages/airflow/example_dags/example_short_circuit_operator.py
[2024-02-06T15:25:41.300+0000] {processor.py:830} INFO - Processing file /home/airflow/.local/lib/python3.8/site-packages/airflow/example_dags/example_short_circuit_operator.py for tasks to queue
[2024-02-06T15:25:41.302+0000] {logging_mixin.py:188} INFO - [2024-02-06T15:25:41.301+0000] {dagbag.py:538} INFO - Filling up the DagBag from /home/airflow/.local/lib/python3.8/site-packages/airflow/example_dags/example_short_circuit_operator.py
[2024-02-06T15:25:41.311+0000] {processor.py:840} INFO - DAG(s) 'example_short_circuit_operator' retrieved from /home/airflow/.local/lib/python3.8/site-packages/airflow/example_dags/example_short_circuit_operator.py
[2024-02-06T15:25:41.339+0000] {logging_mixin.py:188} INFO - [2024-02-06T15:25:41.339+0000] {dag.py:3036} INFO - Sync 1 DAGs
[2024-02-06T15:25:41.366+0000] {logging_mixin.py:188} INFO - [2024-02-06T15:25:41.366+0000] {dag.py:3823} INFO - Setting next_dagrun for example_short_circuit_operator to 2024-02-05 00:00:00+00:00, run_after=2024-02-06 00:00:00+00:00
[2024-02-06T15:25:41.388+0000] {processor.py:183} INFO - Processing /home/airflow/.local/lib/python3.8/site-packages/airflow/example_dags/example_short_circuit_operator.py took 0.093 seconds
[2024-02-06T15:28:54.583+0000] {processor.py:161} INFO - Started process (PID=68) to work on /home/airflow/.local/lib/python3.8/site-packages/airflow/example_dags/example_short_circuit_operator.py
[2024-02-06T15:28:54.584+0000] {processor.py:830} INFO - Processing file /home/airflow/.local/lib/python3.8/site-packages/airflow/example_dags/example_short_circuit_operator.py for tasks to queue
[2024-02-06T15:28:54.586+0000] {logging_mixin.py:188} INFO - [2024-02-06T15:28:54.586+0000] {dagbag.py:538} INFO - Filling up the DagBag from /home/airflow/.local/lib/python3.8/site-packages/airflow/example_dags/example_short_circuit_operator.py
[2024-02-06T15:28:54.597+0000] {processor.py:840} INFO - DAG(s) 'example_short_circuit_operator' retrieved from /home/airflow/.local/lib/python3.8/site-packages/airflow/example_dags/example_short_circuit_operator.py
[2024-02-06T15:28:54.615+0000] {logging_mixin.py:188} INFO - [2024-02-06T15:28:54.614+0000] {dag.py:3036} INFO - Sync 1 DAGs
[2024-02-06T15:28:54.649+0000] {logging_mixin.py:188} INFO - [2024-02-06T15:28:54.649+0000] {dag.py:3823} INFO - Setting next_dagrun for example_short_circuit_operator to 2024-02-05 00:00:00+00:00, run_after=2024-02-06 00:00:00+00:00
[2024-02-06T15:28:54.672+0000] {processor.py:183} INFO - Processing /home/airflow/.local/lib/python3.8/site-packages/airflow/example_dags/example_short_circuit_operator.py took 0.093 seconds
[2024-02-06T15:29:25.769+0000] {processor.py:161} INFO - Started process (PID=125) to work on /home/airflow/.local/lib/python3.8/site-packages/airflow/example_dags/example_short_circuit_operator.py
[2024-02-06T15:29:25.770+0000] {processor.py:830} INFO - Processing file /home/airflow/.local/lib/python3.8/site-packages/airflow/example_dags/example_short_circuit_operator.py for tasks to queue
[2024-02-06T15:29:25.772+0000] {logging_mixin.py:188} INFO - [2024-02-06T15:29:25.771+0000] {dagbag.py:538} INFO - Filling up the DagBag from /home/airflow/.local/lib/python3.8/site-packages/airflow/example_dags/example_short_circuit_operator.py
[2024-02-06T15:29:25.781+0000] {processor.py:840} INFO - DAG(s) 'example_short_circuit_operator' retrieved from /home/airflow/.local/lib/python3.8/site-packages/airflow/example_dags/example_short_circuit_operator.py
[2024-02-06T15:29:25.904+0000] {logging_mixin.py:188} INFO - [2024-02-06T15:29:25.904+0000] {dag.py:3036} INFO - Sync 1 DAGs
[2024-02-06T15:29:25.930+0000] {logging_mixin.py:188} INFO - [2024-02-06T15:29:25.930+0000] {dag.py:3823} INFO - Setting next_dagrun for example_short_circuit_operator to 2024-02-05 00:00:00+00:00, run_after=2024-02-06 00:00:00+00:00
[2024-02-06T15:29:25.956+0000] {processor.py:183} INFO - Processing /home/airflow/.local/lib/python3.8/site-packages/airflow/example_dags/example_short_circuit_operator.py took 0.191 seconds
[2024-02-06T15:29:56.754+0000] {processor.py:161} INFO - Started process (PID=182) to work on /home/airflow/.local/lib/python3.8/site-packages/airflow/example_dags/example_short_circuit_operator.py
[2024-02-06T15:29:56.755+0000] {processor.py:830} INFO - Processing file /home/airflow/.local/lib/python3.8/site-packages/airflow/example_dags/example_short_circuit_operator.py for tasks to queue
[2024-02-06T15:29:56.757+0000] {logging_mixin.py:188} INFO - [2024-02-06T15:29:56.757+0000] {dagbag.py:538} INFO - Filling up the DagBag from /home/airflow/.local/lib/python3.8/site-packages/airflow/example_dags/example_short_circuit_operator.py
[2024-02-06T15:29:56.767+0000] {processor.py:840} INFO - DAG(s) 'example_short_circuit_operator' retrieved from /home/airflow/.local/lib/python3.8/site-packages/airflow/example_dags/example_short_circuit_operator.py
[2024-02-06T15:29:56.795+0000] {logging_mixin.py:188} INFO - [2024-02-06T15:29:56.795+0000] {dag.py:3036} INFO - Sync 1 DAGs
[2024-02-06T15:29:56.824+0000] {logging_mixin.py:188} INFO - [2024-02-06T15:29:56.824+0000] {dag.py:3823} INFO - Setting next_dagrun for example_short_circuit_operator to 2024-02-05 00:00:00+00:00, run_after=2024-02-06 00:00:00+00:00
[2024-02-06T15:29:56.844+0000] {processor.py:183} INFO - Processing /home/airflow/.local/lib/python3.8/site-packages/airflow/example_dags/example_short_circuit_operator.py took 0.094 seconds
[2024-02-06T15:30:59.487+0000] {processor.py:161} INFO - Started process (PID=245) to work on /home/airflow/.local/lib/python3.8/site-packages/airflow/example_dags/example_short_circuit_operator.py
[2024-02-06T15:30:59.488+0000] {processor.py:830} INFO - Processing file /home/airflow/.local/lib/python3.8/site-packages/airflow/example_dags/example_short_circuit_operator.py for tasks to queue
[2024-02-06T15:30:59.490+0000] {logging_mixin.py:188} INFO - [2024-02-06T15:30:59.490+0000] {dagbag.py:538} INFO - Filling up the DagBag from /home/airflow/.local/lib/python3.8/site-packages/airflow/example_dags/example_short_circuit_operator.py
[2024-02-06T15:30:59.499+0000] {processor.py:840} INFO - DAG(s) 'example_short_circuit_operator' retrieved from /home/airflow/.local/lib/python3.8/site-packages/airflow/example_dags/example_short_circuit_operator.py
[2024-02-06T15:30:59.528+0000] {logging_mixin.py:188} INFO - [2024-02-06T15:30:59.528+0000] {dag.py:3036} INFO - Sync 1 DAGs
[2024-02-06T15:30:59.556+0000] {logging_mixin.py:188} INFO - [2024-02-06T15:30:59.555+0000] {dag.py:3823} INFO - Setting next_dagrun for example_short_circuit_operator to 2024-02-05 00:00:00+00:00, run_after=2024-02-06 00:00:00+00:00
[2024-02-06T15:30:59.578+0000] {processor.py:183} INFO - Processing /home/airflow/.local/lib/python3.8/site-packages/airflow/example_dags/example_short_circuit_operator.py took 0.095 seconds
[2024-02-06T15:31:30.504+0000] {processor.py:161} INFO - Started process (PID=302) to work on /home/airflow/.local/lib/python3.8/site-packages/airflow/example_dags/example_short_circuit_operator.py
[2024-02-06T15:31:30.506+0000] {processor.py:830} INFO - Processing file /home/airflow/.local/lib/python3.8/site-packages/airflow/example_dags/example_short_circuit_operator.py for tasks to queue
[2024-02-06T15:31:30.508+0000] {logging_mixin.py:188} INFO - [2024-02-06T15:31:30.508+0000] {dagbag.py:538} INFO - Filling up the DagBag from /home/airflow/.local/lib/python3.8/site-packages/airflow/example_dags/example_short_circuit_operator.py
[2024-02-06T15:31:30.518+0000] {processor.py:840} INFO - DAG(s) 'example_short_circuit_operator' retrieved from /home/airflow/.local/lib/python3.8/site-packages/airflow/example_dags/example_short_circuit_operator.py
[2024-02-06T15:31:30.547+0000] {logging_mixin.py:188} INFO - [2024-02-06T15:31:30.547+0000] {dag.py:3036} INFO - Sync 1 DAGs
[2024-02-06T15:31:30.574+0000] {logging_mixin.py:188} INFO - [2024-02-06T15:31:30.573+0000] {dag.py:3823} INFO - Setting next_dagrun for example_short_circuit_operator to 2024-02-05 00:00:00+00:00, run_after=2024-02-06 00:00:00+00:00
[2024-02-06T15:31:30.597+0000] {processor.py:183} INFO - Processing /home/airflow/.local/lib/python3.8/site-packages/airflow/example_dags/example_short_circuit_operator.py took 0.096 seconds
[2024-02-06T15:32:01.041+0000] {processor.py:161} INFO - Started process (PID=359) to work on /home/airflow/.local/lib/python3.8/site-packages/airflow/example_dags/example_short_circuit_operator.py
[2024-02-06T15:32:01.042+0000] {processor.py:830} INFO - Processing file /home/airflow/.local/lib/python3.8/site-packages/airflow/example_dags/example_short_circuit_operator.py for tasks to queue
[2024-02-06T15:32:01.044+0000] {logging_mixin.py:188} INFO - [2024-02-06T15:32:01.044+0000] {dagbag.py:538} INFO - Filling up the DagBag from /home/airflow/.local/lib/python3.8/site-packages/airflow/example_dags/example_short_circuit_operator.py
[2024-02-06T15:32:01.052+0000] {processor.py:840} INFO - DAG(s) 'example_short_circuit_operator' retrieved from /home/airflow/.local/lib/python3.8/site-packages/airflow/example_dags/example_short_circuit_operator.py
[2024-02-06T15:32:01.079+0000] {logging_mixin.py:188} INFO - [2024-02-06T15:32:01.079+0000] {dag.py:3036} INFO - Sync 1 DAGs
[2024-02-06T15:32:01.103+0000] {logging_mixin.py:188} INFO - [2024-02-06T15:32:01.102+0000] {dag.py:3823} INFO - Setting next_dagrun for example_short_circuit_operator to 2024-02-05 00:00:00+00:00, run_after=2024-02-06 00:00:00+00:00
[2024-02-06T15:32:01.120+0000] {processor.py:183} INFO - Processing /home/airflow/.local/lib/python3.8/site-packages/airflow/example_dags/example_short_circuit_operator.py took 0.083 seconds
[2024-02-06T15:32:32.121+0000] {processor.py:161} INFO - Started process (PID=416) to work on /home/airflow/.local/lib/python3.8/site-packages/airflow/example_dags/example_short_circuit_operator.py
[2024-02-06T15:32:32.122+0000] {processor.py:830} INFO - Processing file /home/airflow/.local/lib/python3.8/site-packages/airflow/example_dags/example_short_circuit_operator.py for tasks to queue
[2024-02-06T15:32:32.124+0000] {logging_mixin.py:188} INFO - [2024-02-06T15:32:32.124+0000] {dagbag.py:538} INFO - Filling up the DagBag from /home/airflow/.local/lib/python3.8/site-packages/airflow/example_dags/example_short_circuit_operator.py
[2024-02-06T15:32:32.132+0000] {processor.py:840} INFO - DAG(s) 'example_short_circuit_operator' retrieved from /home/airflow/.local/lib/python3.8/site-packages/airflow/example_dags/example_short_circuit_operator.py
[2024-02-06T15:32:32.166+0000] {logging_mixin.py:188} INFO - [2024-02-06T15:32:32.166+0000] {dag.py:3036} INFO - Sync 1 DAGs
[2024-02-06T15:32:32.194+0000] {logging_mixin.py:188} INFO - [2024-02-06T15:32:32.193+0000] {dag.py:3823} INFO - Setting next_dagrun for example_short_circuit_operator to 2024-02-05 00:00:00+00:00, run_after=2024-02-06 00:00:00+00:00
[2024-02-06T15:32:32.215+0000] {processor.py:183} INFO - Processing /home/airflow/.local/lib/python3.8/site-packages/airflow/example_dags/example_short_circuit_operator.py took 0.097 seconds
[2024-02-06T15:33:03.354+0000] {processor.py:161} INFO - Started process (PID=473) to work on /home/airflow/.local/lib/python3.8/site-packages/airflow/example_dags/example_short_circuit_operator.py
[2024-02-06T15:33:03.355+0000] {processor.py:830} INFO - Processing file /home/airflow/.local/lib/python3.8/site-packages/airflow/example_dags/example_short_circuit_operator.py for tasks to queue
[2024-02-06T15:33:03.357+0000] {logging_mixin.py:188} INFO - [2024-02-06T15:33:03.357+0000] {dagbag.py:538} INFO - Filling up the DagBag from /home/airflow/.local/lib/python3.8/site-packages/airflow/example_dags/example_short_circuit_operator.py
[2024-02-06T15:33:03.367+0000] {processor.py:840} INFO - DAG(s) 'example_short_circuit_operator' retrieved from /home/airflow/.local/lib/python3.8/site-packages/airflow/example_dags/example_short_circuit_operator.py
[2024-02-06T15:33:03.395+0000] {logging_mixin.py:188} INFO - [2024-02-06T15:33:03.395+0000] {dag.py:3036} INFO - Sync 1 DAGs
[2024-02-06T15:33:03.421+0000] {logging_mixin.py:188} INFO - [2024-02-06T15:33:03.421+0000] {dag.py:3823} INFO - Setting next_dagrun for example_short_circuit_operator to 2024-02-05 00:00:00+00:00, run_after=2024-02-06 00:00:00+00:00
[2024-02-06T15:33:03.454+0000] {processor.py:183} INFO - Processing /home/airflow/.local/lib/python3.8/site-packages/airflow/example_dags/example_short_circuit_operator.py took 0.104 seconds
[2024-02-06T15:33:34.453+0000] {processor.py:161} INFO - Started process (PID=530) to work on /home/airflow/.local/lib/python3.8/site-packages/airflow/example_dags/example_short_circuit_operator.py
[2024-02-06T15:33:34.454+0000] {processor.py:830} INFO - Processing file /home/airflow/.local/lib/python3.8/site-packages/airflow/example_dags/example_short_circuit_operator.py for tasks to queue
[2024-02-06T15:33:34.456+0000] {logging_mixin.py:188} INFO - [2024-02-06T15:33:34.455+0000] {dagbag.py:538} INFO - Filling up the DagBag from /home/airflow/.local/lib/python3.8/site-packages/airflow/example_dags/example_short_circuit_operator.py
[2024-02-06T15:33:34.465+0000] {processor.py:840} INFO - DAG(s) 'example_short_circuit_operator' retrieved from /home/airflow/.local/lib/python3.8/site-packages/airflow/example_dags/example_short_circuit_operator.py
[2024-02-06T15:33:34.492+0000] {logging_mixin.py:188} INFO - [2024-02-06T15:33:34.491+0000] {dag.py:3036} INFO - Sync 1 DAGs
[2024-02-06T15:33:34.514+0000] {logging_mixin.py:188} INFO - [2024-02-06T15:33:34.514+0000] {dag.py:3823} INFO - Setting next_dagrun for example_short_circuit_operator to 2024-02-05 00:00:00+00:00, run_after=2024-02-06 00:00:00+00:00
[2024-02-06T15:33:34.535+0000] {processor.py:183} INFO - Processing /home/airflow/.local/lib/python3.8/site-packages/airflow/example_dags/example_short_circuit_operator.py took 0.086 seconds
[2024-02-06T15:34:04.572+0000] {processor.py:161} INFO - Started process (PID=584) to work on /home/airflow/.local/lib/python3.8/site-packages/airflow/example_dags/example_short_circuit_operator.py
[2024-02-06T15:34:04.573+0000] {processor.py:830} INFO - Processing file /home/airflow/.local/lib/python3.8/site-packages/airflow/example_dags/example_short_circuit_operator.py for tasks to queue
[2024-02-06T15:34:04.574+0000] {logging_mixin.py:188} INFO - [2024-02-06T15:34:04.574+0000] {dagbag.py:538} INFO - Filling up the DagBag from /home/airflow/.local/lib/python3.8/site-packages/airflow/example_dags/example_short_circuit_operator.py
[2024-02-06T15:34:04.582+0000] {processor.py:840} INFO - DAG(s) 'example_short_circuit_operator' retrieved from /home/airflow/.local/lib/python3.8/site-packages/airflow/example_dags/example_short_circuit_operator.py
[2024-02-06T15:34:04.604+0000] {logging_mixin.py:188} INFO - [2024-02-06T15:34:04.603+0000] {dag.py:3036} INFO - Sync 1 DAGs
[2024-02-06T15:34:04.626+0000] {logging_mixin.py:188} INFO - [2024-02-06T15:34:04.625+0000] {dag.py:3823} INFO - Setting next_dagrun for example_short_circuit_operator to 2024-02-05 00:00:00+00:00, run_after=2024-02-06 00:00:00+00:00
[2024-02-06T15:34:04.644+0000] {processor.py:183} INFO - Processing /home/airflow/.local/lib/python3.8/site-packages/airflow/example_dags/example_short_circuit_operator.py took 0.075 seconds
[2024-02-06T15:34:34.983+0000] {processor.py:161} INFO - Started process (PID=641) to work on /home/airflow/.local/lib/python3.8/site-packages/airflow/example_dags/example_short_circuit_operator.py
[2024-02-06T15:34:34.984+0000] {processor.py:830} INFO - Processing file /home/airflow/.local/lib/python3.8/site-packages/airflow/example_dags/example_short_circuit_operator.py for tasks to queue
[2024-02-06T15:34:34.986+0000] {logging_mixin.py:188} INFO - [2024-02-06T15:34:34.986+0000] {dagbag.py:538} INFO - Filling up the DagBag from /home/airflow/.local/lib/python3.8/site-packages/airflow/example_dags/example_short_circuit_operator.py
[2024-02-06T15:34:34.993+0000] {processor.py:840} INFO - DAG(s) 'example_short_circuit_operator' retrieved from /home/airflow/.local/lib/python3.8/site-packages/airflow/example_dags/example_short_circuit_operator.py
[2024-02-06T15:34:35.023+0000] {logging_mixin.py:188} INFO - [2024-02-06T15:34:35.023+0000] {dag.py:3036} INFO - Sync 1 DAGs
[2024-02-06T15:34:35.051+0000] {logging_mixin.py:188} INFO - [2024-02-06T15:34:35.050+0000] {dag.py:3823} INFO - Setting next_dagrun for example_short_circuit_operator to 2024-02-05 00:00:00+00:00, run_after=2024-02-06 00:00:00+00:00
[2024-02-06T15:34:35.069+0000] {processor.py:183} INFO - Processing /home/airflow/.local/lib/python3.8/site-packages/airflow/example_dags/example_short_circuit_operator.py took 0.088 seconds
[2024-02-06T15:35:05.380+0000] {processor.py:161} INFO - Started process (PID=698) to work on /home/airflow/.local/lib/python3.8/site-packages/airflow/example_dags/example_short_circuit_operator.py
[2024-02-06T15:35:05.381+0000] {processor.py:830} INFO - Processing file /home/airflow/.local/lib/python3.8/site-packages/airflow/example_dags/example_short_circuit_operator.py for tasks to queue
[2024-02-06T15:35:05.382+0000] {logging_mixin.py:188} INFO - [2024-02-06T15:35:05.382+0000] {dagbag.py:538} INFO - Filling up the DagBag from /home/airflow/.local/lib/python3.8/site-packages/airflow/example_dags/example_short_circuit_operator.py
[2024-02-06T15:35:05.390+0000] {processor.py:840} INFO - DAG(s) 'example_short_circuit_operator' retrieved from /home/airflow/.local/lib/python3.8/site-packages/airflow/example_dags/example_short_circuit_operator.py
[2024-02-06T15:35:05.421+0000] {logging_mixin.py:188} INFO - [2024-02-06T15:35:05.420+0000] {dag.py:3036} INFO - Sync 1 DAGs
[2024-02-06T15:35:05.447+0000] {logging_mixin.py:188} INFO - [2024-02-06T15:35:05.447+0000] {dag.py:3823} INFO - Setting next_dagrun for example_short_circuit_operator to 2024-02-05 00:00:00+00:00, run_after=2024-02-06 00:00:00+00:00
[2024-02-06T15:35:05.469+0000] {processor.py:183} INFO - Processing /home/airflow/.local/lib/python3.8/site-packages/airflow/example_dags/example_short_circuit_operator.py took 0.092 seconds
[2024-02-06T15:35:35.528+0000] {processor.py:161} INFO - Started process (PID=754) to work on /home/airflow/.local/lib/python3.8/site-packages/airflow/example_dags/example_short_circuit_operator.py
[2024-02-06T15:35:35.529+0000] {processor.py:830} INFO - Processing file /home/airflow/.local/lib/python3.8/site-packages/airflow/example_dags/example_short_circuit_operator.py for tasks to queue
[2024-02-06T15:35:35.531+0000] {logging_mixin.py:188} INFO - [2024-02-06T15:35:35.530+0000] {dagbag.py:538} INFO - Filling up the DagBag from /home/airflow/.local/lib/python3.8/site-packages/airflow/example_dags/example_short_circuit_operator.py
[2024-02-06T15:35:35.538+0000] {processor.py:840} INFO - DAG(s) 'example_short_circuit_operator' retrieved from /home/airflow/.local/lib/python3.8/site-packages/airflow/example_dags/example_short_circuit_operator.py
[2024-02-06T15:35:35.562+0000] {logging_mixin.py:188} INFO - [2024-02-06T15:35:35.561+0000] {dag.py:3036} INFO - Sync 1 DAGs
[2024-02-06T15:35:35.583+0000] {logging_mixin.py:188} INFO - [2024-02-06T15:35:35.583+0000] {dag.py:3823} INFO - Setting next_dagrun for example_short_circuit_operator to 2024-02-05 00:00:00+00:00, run_after=2024-02-06 00:00:00+00:00
[2024-02-06T15:35:35.600+0000] {processor.py:183} INFO - Processing /home/airflow/.local/lib/python3.8/site-packages/airflow/example_dags/example_short_circuit_operator.py took 0.075 seconds
[2024-02-06T15:36:06.194+0000] {processor.py:161} INFO - Started process (PID=812) to work on /home/airflow/.local/lib/python3.8/site-packages/airflow/example_dags/example_short_circuit_operator.py
[2024-02-06T15:36:06.195+0000] {processor.py:830} INFO - Processing file /home/airflow/.local/lib/python3.8/site-packages/airflow/example_dags/example_short_circuit_operator.py for tasks to queue
[2024-02-06T15:36:06.196+0000] {logging_mixin.py:188} INFO - [2024-02-06T15:36:06.196+0000] {dagbag.py:538} INFO - Filling up the DagBag from /home/airflow/.local/lib/python3.8/site-packages/airflow/example_dags/example_short_circuit_operator.py
[2024-02-06T15:36:06.205+0000] {processor.py:840} INFO - DAG(s) 'example_short_circuit_operator' retrieved from /home/airflow/.local/lib/python3.8/site-packages/airflow/example_dags/example_short_circuit_operator.py
[2024-02-06T15:36:06.228+0000] {logging_mixin.py:188} INFO - [2024-02-06T15:36:06.228+0000] {dag.py:3036} INFO - Sync 1 DAGs
[2024-02-06T15:36:06.251+0000] {logging_mixin.py:188} INFO - [2024-02-06T15:36:06.251+0000] {dag.py:3823} INFO - Setting next_dagrun for example_short_circuit_operator to 2024-02-05 00:00:00+00:00, run_after=2024-02-06 00:00:00+00:00
[2024-02-06T15:36:06.270+0000] {processor.py:183} INFO - Processing /home/airflow/.local/lib/python3.8/site-packages/airflow/example_dags/example_short_circuit_operator.py took 0.080 seconds
[2024-02-06T15:36:36.360+0000] {processor.py:161} INFO - Started process (PID=868) to work on /home/airflow/.local/lib/python3.8/site-packages/airflow/example_dags/example_short_circuit_operator.py
[2024-02-06T15:36:36.361+0000] {processor.py:830} INFO - Processing file /home/airflow/.local/lib/python3.8/site-packages/airflow/example_dags/example_short_circuit_operator.py for tasks to queue
[2024-02-06T15:36:36.363+0000] {logging_mixin.py:188} INFO - [2024-02-06T15:36:36.363+0000] {dagbag.py:538} INFO - Filling up the DagBag from /home/airflow/.local/lib/python3.8/site-packages/airflow/example_dags/example_short_circuit_operator.py
[2024-02-06T15:36:36.373+0000] {processor.py:840} INFO - DAG(s) 'example_short_circuit_operator' retrieved from /home/airflow/.local/lib/python3.8/site-packages/airflow/example_dags/example_short_circuit_operator.py
[2024-02-06T15:36:36.406+0000] {logging_mixin.py:188} INFO - [2024-02-06T15:36:36.405+0000] {dag.py:3036} INFO - Sync 1 DAGs
[2024-02-06T15:36:36.461+0000] {logging_mixin.py:188} INFO - [2024-02-06T15:36:36.461+0000] {dag.py:3823} INFO - Setting next_dagrun for example_short_circuit_operator to 2024-02-05 00:00:00+00:00, run_after=2024-02-06 00:00:00+00:00
[2024-02-06T15:36:36.498+0000] {processor.py:183} INFO - Processing /home/airflow/.local/lib/python3.8/site-packages/airflow/example_dags/example_short_circuit_operator.py took 0.142 seconds
