[2024-02-06T15:24:36.701+0000] {processor.py:161} INFO - Started process (PID=39) to work on /home/airflow/.local/lib/python3.8/site-packages/airflow/example_dags/example_branch_labels.py
[2024-02-06T15:24:36.702+0000] {processor.py:830} INFO - Processing file /home/airflow/.local/lib/python3.8/site-packages/airflow/example_dags/example_branch_labels.py for tasks to queue
[2024-02-06T15:24:36.703+0000] {logging_mixin.py:188} INFO - [2024-02-06T15:24:36.703+0000] {dagbag.py:538} INFO - Filling up the DagBag from /home/airflow/.local/lib/python3.8/site-packages/airflow/example_dags/example_branch_labels.py
[2024-02-06T15:24:36.718+0000] {processor.py:840} INFO - DAG(s) 'example_branch_labels' retrieved from /home/airflow/.local/lib/python3.8/site-packages/airflow/example_dags/example_branch_labels.py
[2024-02-06T15:24:36.732+0000] {logging_mixin.py:188} INFO - [2024-02-06T15:24:36.732+0000] {dag.py:3036} INFO - Sync 1 DAGs
[2024-02-06T15:24:36.760+0000] {logging_mixin.py:188} INFO - [2024-02-06T15:24:36.760+0000] {dag.py:3823} INFO - Setting next_dagrun for example_branch_labels to 2024-02-05 00:00:00+00:00, run_after=2024-02-06 00:00:00+00:00
[2024-02-06T15:24:36.782+0000] {processor.py:183} INFO - Processing /home/airflow/.local/lib/python3.8/site-packages/airflow/example_dags/example_branch_labels.py took 0.085 seconds
[2024-02-06T15:25:07.236+0000] {processor.py:161} INFO - Started process (PID=95) to work on /home/airflow/.local/lib/python3.8/site-packages/airflow/example_dags/example_branch_labels.py
[2024-02-06T15:25:07.237+0000] {processor.py:830} INFO - Processing file /home/airflow/.local/lib/python3.8/site-packages/airflow/example_dags/example_branch_labels.py for tasks to queue
[2024-02-06T15:25:07.238+0000] {logging_mixin.py:188} INFO - [2024-02-06T15:25:07.238+0000] {dagbag.py:538} INFO - Filling up the DagBag from /home/airflow/.local/lib/python3.8/site-packages/airflow/example_dags/example_branch_labels.py
[2024-02-06T15:25:07.247+0000] {processor.py:840} INFO - DAG(s) 'example_branch_labels' retrieved from /home/airflow/.local/lib/python3.8/site-packages/airflow/example_dags/example_branch_labels.py
[2024-02-06T15:25:07.367+0000] {logging_mixin.py:188} INFO - [2024-02-06T15:25:07.366+0000] {dag.py:3036} INFO - Sync 1 DAGs
[2024-02-06T15:25:07.386+0000] {logging_mixin.py:188} INFO - [2024-02-06T15:25:07.386+0000] {dag.py:3823} INFO - Setting next_dagrun for example_branch_labels to 2024-02-05 00:00:00+00:00, run_after=2024-02-06 00:00:00+00:00
[2024-02-06T15:25:07.403+0000] {processor.py:183} INFO - Processing /home/airflow/.local/lib/python3.8/site-packages/airflow/example_dags/example_branch_labels.py took 0.171 seconds
[2024-02-06T15:25:37.601+0000] {processor.py:161} INFO - Started process (PID=152) to work on /home/airflow/.local/lib/python3.8/site-packages/airflow/example_dags/example_branch_labels.py
[2024-02-06T15:25:37.602+0000] {processor.py:830} INFO - Processing file /home/airflow/.local/lib/python3.8/site-packages/airflow/example_dags/example_branch_labels.py for tasks to queue
[2024-02-06T15:25:37.604+0000] {logging_mixin.py:188} INFO - [2024-02-06T15:25:37.604+0000] {dagbag.py:538} INFO - Filling up the DagBag from /home/airflow/.local/lib/python3.8/site-packages/airflow/example_dags/example_branch_labels.py
[2024-02-06T15:25:37.617+0000] {processor.py:840} INFO - DAG(s) 'example_branch_labels' retrieved from /home/airflow/.local/lib/python3.8/site-packages/airflow/example_dags/example_branch_labels.py
[2024-02-06T15:25:37.647+0000] {logging_mixin.py:188} INFO - [2024-02-06T15:25:37.646+0000] {dag.py:3036} INFO - Sync 1 DAGs
[2024-02-06T15:25:37.686+0000] {logging_mixin.py:188} INFO - [2024-02-06T15:25:37.685+0000] {dag.py:3823} INFO - Setting next_dagrun for example_branch_labels to 2024-02-05 00:00:00+00:00, run_after=2024-02-06 00:00:00+00:00
[2024-02-06T15:25:37.712+0000] {processor.py:183} INFO - Processing /home/airflow/.local/lib/python3.8/site-packages/airflow/example_dags/example_branch_labels.py took 0.116 seconds
[2024-02-06T15:26:08.014+0000] {processor.py:161} INFO - Started process (PID=209) to work on /home/airflow/.local/lib/python3.8/site-packages/airflow/example_dags/example_branch_labels.py
[2024-02-06T15:26:08.016+0000] {processor.py:830} INFO - Processing file /home/airflow/.local/lib/python3.8/site-packages/airflow/example_dags/example_branch_labels.py for tasks to queue
[2024-02-06T15:26:08.020+0000] {logging_mixin.py:188} INFO - [2024-02-06T15:26:08.019+0000] {dagbag.py:538} INFO - Filling up the DagBag from /home/airflow/.local/lib/python3.8/site-packages/airflow/example_dags/example_branch_labels.py
[2024-02-06T15:26:08.038+0000] {processor.py:840} INFO - DAG(s) 'example_branch_labels' retrieved from /home/airflow/.local/lib/python3.8/site-packages/airflow/example_dags/example_branch_labels.py
[2024-02-06T15:26:08.148+0000] {logging_mixin.py:188} INFO - [2024-02-06T15:26:08.147+0000] {dag.py:3036} INFO - Sync 1 DAGs
[2024-02-06T15:26:08.238+0000] {logging_mixin.py:188} INFO - [2024-02-06T15:26:08.238+0000] {dag.py:3823} INFO - Setting next_dagrun for example_branch_labels to 2024-02-05 00:00:00+00:00, run_after=2024-02-06 00:00:00+00:00
[2024-02-06T15:26:08.279+0000] {processor.py:183} INFO - Processing /home/airflow/.local/lib/python3.8/site-packages/airflow/example_dags/example_branch_labels.py took 0.272 seconds
[2024-02-06T15:28:51.737+0000] {processor.py:161} INFO - Started process (PID=41) to work on /home/airflow/.local/lib/python3.8/site-packages/airflow/example_dags/example_branch_labels.py
[2024-02-06T15:28:51.738+0000] {processor.py:830} INFO - Processing file /home/airflow/.local/lib/python3.8/site-packages/airflow/example_dags/example_branch_labels.py for tasks to queue
[2024-02-06T15:28:51.740+0000] {logging_mixin.py:188} INFO - [2024-02-06T15:28:51.739+0000] {dagbag.py:538} INFO - Filling up the DagBag from /home/airflow/.local/lib/python3.8/site-packages/airflow/example_dags/example_branch_labels.py
[2024-02-06T15:28:51.751+0000] {processor.py:840} INFO - DAG(s) 'example_branch_labels' retrieved from /home/airflow/.local/lib/python3.8/site-packages/airflow/example_dags/example_branch_labels.py
[2024-02-06T15:28:51.762+0000] {logging_mixin.py:188} INFO - [2024-02-06T15:28:51.762+0000] {dag.py:3036} INFO - Sync 1 DAGs
[2024-02-06T15:28:51.786+0000] {logging_mixin.py:188} INFO - [2024-02-06T15:28:51.786+0000] {dag.py:3823} INFO - Setting next_dagrun for example_branch_labels to 2024-02-05 00:00:00+00:00, run_after=2024-02-06 00:00:00+00:00
[2024-02-06T15:28:51.805+0000] {processor.py:183} INFO - Processing /home/airflow/.local/lib/python3.8/site-packages/airflow/example_dags/example_branch_labels.py took 0.071 seconds
[2024-02-06T15:29:22.526+0000] {processor.py:161} INFO - Started process (PID=96) to work on /home/airflow/.local/lib/python3.8/site-packages/airflow/example_dags/example_branch_labels.py
[2024-02-06T15:29:22.526+0000] {processor.py:830} INFO - Processing file /home/airflow/.local/lib/python3.8/site-packages/airflow/example_dags/example_branch_labels.py for tasks to queue
[2024-02-06T15:29:22.528+0000] {logging_mixin.py:188} INFO - [2024-02-06T15:29:22.528+0000] {dagbag.py:538} INFO - Filling up the DagBag from /home/airflow/.local/lib/python3.8/site-packages/airflow/example_dags/example_branch_labels.py
[2024-02-06T15:29:22.537+0000] {processor.py:840} INFO - DAG(s) 'example_branch_labels' retrieved from /home/airflow/.local/lib/python3.8/site-packages/airflow/example_dags/example_branch_labels.py
[2024-02-06T15:29:22.639+0000] {logging_mixin.py:188} INFO - [2024-02-06T15:29:22.639+0000] {dag.py:3036} INFO - Sync 1 DAGs
[2024-02-06T15:29:22.660+0000] {logging_mixin.py:188} INFO - [2024-02-06T15:29:22.660+0000] {dag.py:3823} INFO - Setting next_dagrun for example_branch_labels to 2024-02-05 00:00:00+00:00, run_after=2024-02-06 00:00:00+00:00
[2024-02-06T15:29:22.680+0000] {processor.py:183} INFO - Processing /home/airflow/.local/lib/python3.8/site-packages/airflow/example_dags/example_branch_labels.py took 0.158 seconds
[2024-02-06T15:29:52.705+0000] {processor.py:161} INFO - Started process (PID=153) to work on /home/airflow/.local/lib/python3.8/site-packages/airflow/example_dags/example_branch_labels.py
[2024-02-06T15:29:52.706+0000] {processor.py:830} INFO - Processing file /home/airflow/.local/lib/python3.8/site-packages/airflow/example_dags/example_branch_labels.py for tasks to queue
[2024-02-06T15:29:52.708+0000] {logging_mixin.py:188} INFO - [2024-02-06T15:29:52.708+0000] {dagbag.py:538} INFO - Filling up the DagBag from /home/airflow/.local/lib/python3.8/site-packages/airflow/example_dags/example_branch_labels.py
[2024-02-06T15:29:52.717+0000] {processor.py:840} INFO - DAG(s) 'example_branch_labels' retrieved from /home/airflow/.local/lib/python3.8/site-packages/airflow/example_dags/example_branch_labels.py
[2024-02-06T15:29:52.738+0000] {logging_mixin.py:188} INFO - [2024-02-06T15:29:52.737+0000] {dag.py:3036} INFO - Sync 1 DAGs
[2024-02-06T15:29:52.760+0000] {logging_mixin.py:188} INFO - [2024-02-06T15:29:52.760+0000] {dag.py:3823} INFO - Setting next_dagrun for example_branch_labels to 2024-02-05 00:00:00+00:00, run_after=2024-02-06 00:00:00+00:00
[2024-02-06T15:29:52.777+0000] {processor.py:183} INFO - Processing /home/airflow/.local/lib/python3.8/site-packages/airflow/example_dags/example_branch_labels.py took 0.075 seconds
[2024-02-06T15:30:56.292+0000] {processor.py:161} INFO - Started process (PID=216) to work on /home/airflow/.local/lib/python3.8/site-packages/airflow/example_dags/example_branch_labels.py
[2024-02-06T15:30:56.293+0000] {processor.py:830} INFO - Processing file /home/airflow/.local/lib/python3.8/site-packages/airflow/example_dags/example_branch_labels.py for tasks to queue
[2024-02-06T15:30:56.297+0000] {logging_mixin.py:188} INFO - [2024-02-06T15:30:56.296+0000] {dagbag.py:538} INFO - Filling up the DagBag from /home/airflow/.local/lib/python3.8/site-packages/airflow/example_dags/example_branch_labels.py
[2024-02-06T15:30:56.326+0000] {processor.py:840} INFO - DAG(s) 'example_branch_labels' retrieved from /home/airflow/.local/lib/python3.8/site-packages/airflow/example_dags/example_branch_labels.py
[2024-02-06T15:30:56.451+0000] {logging_mixin.py:188} INFO - [2024-02-06T15:30:56.450+0000] {dag.py:3036} INFO - Sync 1 DAGs
[2024-02-06T15:30:56.536+0000] {logging_mixin.py:188} INFO - [2024-02-06T15:30:56.535+0000] {dag.py:3823} INFO - Setting next_dagrun for example_branch_labels to 2024-02-05 00:00:00+00:00, run_after=2024-02-06 00:00:00+00:00
[2024-02-06T15:30:56.596+0000] {processor.py:183} INFO - Processing /home/airflow/.local/lib/python3.8/site-packages/airflow/example_dags/example_branch_labels.py took 0.310 seconds
[2024-02-06T15:31:26.669+0000] {processor.py:161} INFO - Started process (PID=273) to work on /home/airflow/.local/lib/python3.8/site-packages/airflow/example_dags/example_branch_labels.py
[2024-02-06T15:31:26.669+0000] {processor.py:830} INFO - Processing file /home/airflow/.local/lib/python3.8/site-packages/airflow/example_dags/example_branch_labels.py for tasks to queue
[2024-02-06T15:31:26.671+0000] {logging_mixin.py:188} INFO - [2024-02-06T15:31:26.671+0000] {dagbag.py:538} INFO - Filling up the DagBag from /home/airflow/.local/lib/python3.8/site-packages/airflow/example_dags/example_branch_labels.py
[2024-02-06T15:31:26.679+0000] {processor.py:840} INFO - DAG(s) 'example_branch_labels' retrieved from /home/airflow/.local/lib/python3.8/site-packages/airflow/example_dags/example_branch_labels.py
[2024-02-06T15:31:26.713+0000] {logging_mixin.py:188} INFO - [2024-02-06T15:31:26.713+0000] {dag.py:3036} INFO - Sync 1 DAGs
[2024-02-06T15:31:26.738+0000] {logging_mixin.py:188} INFO - [2024-02-06T15:31:26.738+0000] {dag.py:3823} INFO - Setting next_dagrun for example_branch_labels to 2024-02-05 00:00:00+00:00, run_after=2024-02-06 00:00:00+00:00
[2024-02-06T15:31:26.757+0000] {processor.py:183} INFO - Processing /home/airflow/.local/lib/python3.8/site-packages/airflow/example_dags/example_branch_labels.py took 0.092 seconds
[2024-02-06T15:31:56.849+0000] {processor.py:161} INFO - Started process (PID=330) to work on /home/airflow/.local/lib/python3.8/site-packages/airflow/example_dags/example_branch_labels.py
[2024-02-06T15:31:56.850+0000] {processor.py:830} INFO - Processing file /home/airflow/.local/lib/python3.8/site-packages/airflow/example_dags/example_branch_labels.py for tasks to queue
[2024-02-06T15:31:56.852+0000] {logging_mixin.py:188} INFO - [2024-02-06T15:31:56.851+0000] {dagbag.py:538} INFO - Filling up the DagBag from /home/airflow/.local/lib/python3.8/site-packages/airflow/example_dags/example_branch_labels.py
[2024-02-06T15:31:56.860+0000] {processor.py:840} INFO - DAG(s) 'example_branch_labels' retrieved from /home/airflow/.local/lib/python3.8/site-packages/airflow/example_dags/example_branch_labels.py
[2024-02-06T15:31:56.880+0000] {logging_mixin.py:188} INFO - [2024-02-06T15:31:56.880+0000] {dag.py:3036} INFO - Sync 1 DAGs
[2024-02-06T15:31:56.904+0000] {logging_mixin.py:188} INFO - [2024-02-06T15:31:56.904+0000] {dag.py:3823} INFO - Setting next_dagrun for example_branch_labels to 2024-02-05 00:00:00+00:00, run_after=2024-02-06 00:00:00+00:00
[2024-02-06T15:31:56.931+0000] {processor.py:183} INFO - Processing /home/airflow/.local/lib/python3.8/site-packages/airflow/example_dags/example_branch_labels.py took 0.085 seconds
[2024-02-06T15:32:27.167+0000] {processor.py:161} INFO - Started process (PID=387) to work on /home/airflow/.local/lib/python3.8/site-packages/airflow/example_dags/example_branch_labels.py
[2024-02-06T15:32:27.168+0000] {processor.py:830} INFO - Processing file /home/airflow/.local/lib/python3.8/site-packages/airflow/example_dags/example_branch_labels.py for tasks to queue
[2024-02-06T15:32:27.169+0000] {logging_mixin.py:188} INFO - [2024-02-06T15:32:27.169+0000] {dagbag.py:538} INFO - Filling up the DagBag from /home/airflow/.local/lib/python3.8/site-packages/airflow/example_dags/example_branch_labels.py
[2024-02-06T15:32:27.177+0000] {processor.py:840} INFO - DAG(s) 'example_branch_labels' retrieved from /home/airflow/.local/lib/python3.8/site-packages/airflow/example_dags/example_branch_labels.py
[2024-02-06T15:32:27.204+0000] {logging_mixin.py:188} INFO - [2024-02-06T15:32:27.203+0000] {dag.py:3036} INFO - Sync 1 DAGs
[2024-02-06T15:32:27.231+0000] {logging_mixin.py:188} INFO - [2024-02-06T15:32:27.230+0000] {dag.py:3823} INFO - Setting next_dagrun for example_branch_labels to 2024-02-05 00:00:00+00:00, run_after=2024-02-06 00:00:00+00:00
[2024-02-06T15:32:27.249+0000] {processor.py:183} INFO - Processing /home/airflow/.local/lib/python3.8/site-packages/airflow/example_dags/example_branch_labels.py took 0.085 seconds
[2024-02-06T15:32:57.352+0000] {processor.py:161} INFO - Started process (PID=444) to work on /home/airflow/.local/lib/python3.8/site-packages/airflow/example_dags/example_branch_labels.py
[2024-02-06T15:32:57.353+0000] {processor.py:830} INFO - Processing file /home/airflow/.local/lib/python3.8/site-packages/airflow/example_dags/example_branch_labels.py for tasks to queue
[2024-02-06T15:32:57.355+0000] {logging_mixin.py:188} INFO - [2024-02-06T15:32:57.354+0000] {dagbag.py:538} INFO - Filling up the DagBag from /home/airflow/.local/lib/python3.8/site-packages/airflow/example_dags/example_branch_labels.py
[2024-02-06T15:32:57.363+0000] {processor.py:840} INFO - DAG(s) 'example_branch_labels' retrieved from /home/airflow/.local/lib/python3.8/site-packages/airflow/example_dags/example_branch_labels.py
[2024-02-06T15:32:57.385+0000] {logging_mixin.py:188} INFO - [2024-02-06T15:32:57.385+0000] {dag.py:3036} INFO - Sync 1 DAGs
[2024-02-06T15:32:57.411+0000] {logging_mixin.py:188} INFO - [2024-02-06T15:32:57.411+0000] {dag.py:3823} INFO - Setting next_dagrun for example_branch_labels to 2024-02-05 00:00:00+00:00, run_after=2024-02-06 00:00:00+00:00
[2024-02-06T15:32:57.428+0000] {processor.py:183} INFO - Processing /home/airflow/.local/lib/python3.8/site-packages/airflow/example_dags/example_branch_labels.py took 0.080 seconds
[2024-02-06T15:33:27.756+0000] {processor.py:161} INFO - Started process (PID=501) to work on /home/airflow/.local/lib/python3.8/site-packages/airflow/example_dags/example_branch_labels.py
[2024-02-06T15:33:27.756+0000] {processor.py:830} INFO - Processing file /home/airflow/.local/lib/python3.8/site-packages/airflow/example_dags/example_branch_labels.py for tasks to queue
[2024-02-06T15:33:27.758+0000] {logging_mixin.py:188} INFO - [2024-02-06T15:33:27.758+0000] {dagbag.py:538} INFO - Filling up the DagBag from /home/airflow/.local/lib/python3.8/site-packages/airflow/example_dags/example_branch_labels.py
[2024-02-06T15:33:27.766+0000] {processor.py:840} INFO - DAG(s) 'example_branch_labels' retrieved from /home/airflow/.local/lib/python3.8/site-packages/airflow/example_dags/example_branch_labels.py
[2024-02-06T15:33:27.787+0000] {logging_mixin.py:188} INFO - [2024-02-06T15:33:27.787+0000] {dag.py:3036} INFO - Sync 1 DAGs
[2024-02-06T15:33:27.812+0000] {logging_mixin.py:188} INFO - [2024-02-06T15:33:27.812+0000] {dag.py:3823} INFO - Setting next_dagrun for example_branch_labels to 2024-02-05 00:00:00+00:00, run_after=2024-02-06 00:00:00+00:00
[2024-02-06T15:33:27.829+0000] {processor.py:183} INFO - Processing /home/airflow/.local/lib/python3.8/site-packages/airflow/example_dags/example_branch_labels.py took 0.077 seconds
[2024-02-06T15:33:58.092+0000] {processor.py:161} INFO - Started process (PID=557) to work on /home/airflow/.local/lib/python3.8/site-packages/airflow/example_dags/example_branch_labels.py
[2024-02-06T15:33:58.093+0000] {processor.py:830} INFO - Processing file /home/airflow/.local/lib/python3.8/site-packages/airflow/example_dags/example_branch_labels.py for tasks to queue
[2024-02-06T15:33:58.095+0000] {logging_mixin.py:188} INFO - [2024-02-06T15:33:58.095+0000] {dagbag.py:538} INFO - Filling up the DagBag from /home/airflow/.local/lib/python3.8/site-packages/airflow/example_dags/example_branch_labels.py
[2024-02-06T15:33:58.103+0000] {processor.py:840} INFO - DAG(s) 'example_branch_labels' retrieved from /home/airflow/.local/lib/python3.8/site-packages/airflow/example_dags/example_branch_labels.py
[2024-02-06T15:33:58.124+0000] {logging_mixin.py:188} INFO - [2024-02-06T15:33:58.123+0000] {dag.py:3036} INFO - Sync 1 DAGs
[2024-02-06T15:33:58.147+0000] {logging_mixin.py:188} INFO - [2024-02-06T15:33:58.147+0000] {dag.py:3823} INFO - Setting next_dagrun for example_branch_labels to 2024-02-05 00:00:00+00:00, run_after=2024-02-06 00:00:00+00:00
[2024-02-06T15:33:58.165+0000] {processor.py:183} INFO - Processing /home/airflow/.local/lib/python3.8/site-packages/airflow/example_dags/example_branch_labels.py took 0.076 seconds
[2024-02-06T15:34:28.526+0000] {processor.py:161} INFO - Started process (PID=614) to work on /home/airflow/.local/lib/python3.8/site-packages/airflow/example_dags/example_branch_labels.py
[2024-02-06T15:34:28.527+0000] {processor.py:830} INFO - Processing file /home/airflow/.local/lib/python3.8/site-packages/airflow/example_dags/example_branch_labels.py for tasks to queue
[2024-02-06T15:34:28.528+0000] {logging_mixin.py:188} INFO - [2024-02-06T15:34:28.528+0000] {dagbag.py:538} INFO - Filling up the DagBag from /home/airflow/.local/lib/python3.8/site-packages/airflow/example_dags/example_branch_labels.py
[2024-02-06T15:34:28.536+0000] {processor.py:840} INFO - DAG(s) 'example_branch_labels' retrieved from /home/airflow/.local/lib/python3.8/site-packages/airflow/example_dags/example_branch_labels.py
[2024-02-06T15:34:28.557+0000] {logging_mixin.py:188} INFO - [2024-02-06T15:34:28.557+0000] {dag.py:3036} INFO - Sync 1 DAGs
[2024-02-06T15:34:28.580+0000] {logging_mixin.py:188} INFO - [2024-02-06T15:34:28.580+0000] {dag.py:3823} INFO - Setting next_dagrun for example_branch_labels to 2024-02-05 00:00:00+00:00, run_after=2024-02-06 00:00:00+00:00
[2024-02-06T15:34:28.599+0000] {processor.py:183} INFO - Processing /home/airflow/.local/lib/python3.8/site-packages/airflow/example_dags/example_branch_labels.py took 0.076 seconds
[2024-02-06T15:34:58.976+0000] {processor.py:161} INFO - Started process (PID=671) to work on /home/airflow/.local/lib/python3.8/site-packages/airflow/example_dags/example_branch_labels.py
[2024-02-06T15:34:58.977+0000] {processor.py:830} INFO - Processing file /home/airflow/.local/lib/python3.8/site-packages/airflow/example_dags/example_branch_labels.py for tasks to queue
[2024-02-06T15:34:58.978+0000] {logging_mixin.py:188} INFO - [2024-02-06T15:34:58.978+0000] {dagbag.py:538} INFO - Filling up the DagBag from /home/airflow/.local/lib/python3.8/site-packages/airflow/example_dags/example_branch_labels.py
[2024-02-06T15:34:58.987+0000] {processor.py:840} INFO - DAG(s) 'example_branch_labels' retrieved from /home/airflow/.local/lib/python3.8/site-packages/airflow/example_dags/example_branch_labels.py
[2024-02-06T15:34:59.009+0000] {logging_mixin.py:188} INFO - [2024-02-06T15:34:59.008+0000] {dag.py:3036} INFO - Sync 1 DAGs
[2024-02-06T15:34:59.033+0000] {logging_mixin.py:188} INFO - [2024-02-06T15:34:59.032+0000] {dag.py:3823} INFO - Setting next_dagrun for example_branch_labels to 2024-02-05 00:00:00+00:00, run_after=2024-02-06 00:00:00+00:00
[2024-02-06T15:34:59.051+0000] {processor.py:183} INFO - Processing /home/airflow/.local/lib/python3.8/site-packages/airflow/example_dags/example_branch_labels.py took 0.079 seconds
[2024-02-06T15:35:29.179+0000] {processor.py:161} INFO - Started process (PID=728) to work on /home/airflow/.local/lib/python3.8/site-packages/airflow/example_dags/example_branch_labels.py
[2024-02-06T15:35:29.180+0000] {processor.py:830} INFO - Processing file /home/airflow/.local/lib/python3.8/site-packages/airflow/example_dags/example_branch_labels.py for tasks to queue
[2024-02-06T15:35:29.181+0000] {logging_mixin.py:188} INFO - [2024-02-06T15:35:29.181+0000] {dagbag.py:538} INFO - Filling up the DagBag from /home/airflow/.local/lib/python3.8/site-packages/airflow/example_dags/example_branch_labels.py
[2024-02-06T15:35:29.189+0000] {processor.py:840} INFO - DAG(s) 'example_branch_labels' retrieved from /home/airflow/.local/lib/python3.8/site-packages/airflow/example_dags/example_branch_labels.py
[2024-02-06T15:35:29.209+0000] {logging_mixin.py:188} INFO - [2024-02-06T15:35:29.209+0000] {dag.py:3036} INFO - Sync 1 DAGs
[2024-02-06T15:35:29.231+0000] {logging_mixin.py:188} INFO - [2024-02-06T15:35:29.231+0000] {dag.py:3823} INFO - Setting next_dagrun for example_branch_labels to 2024-02-05 00:00:00+00:00, run_after=2024-02-06 00:00:00+00:00
[2024-02-06T15:35:29.249+0000] {processor.py:183} INFO - Processing /home/airflow/.local/lib/python3.8/site-packages/airflow/example_dags/example_branch_labels.py took 0.073 seconds
[2024-02-06T15:35:59.386+0000] {processor.py:161} INFO - Started process (PID=785) to work on /home/airflow/.local/lib/python3.8/site-packages/airflow/example_dags/example_branch_labels.py
[2024-02-06T15:35:59.387+0000] {processor.py:830} INFO - Processing file /home/airflow/.local/lib/python3.8/site-packages/airflow/example_dags/example_branch_labels.py for tasks to queue
[2024-02-06T15:35:59.389+0000] {logging_mixin.py:188} INFO - [2024-02-06T15:35:59.389+0000] {dagbag.py:538} INFO - Filling up the DagBag from /home/airflow/.local/lib/python3.8/site-packages/airflow/example_dags/example_branch_labels.py
[2024-02-06T15:35:59.405+0000] {processor.py:840} INFO - DAG(s) 'example_branch_labels' retrieved from /home/airflow/.local/lib/python3.8/site-packages/airflow/example_dags/example_branch_labels.py
[2024-02-06T15:35:59.446+0000] {logging_mixin.py:188} INFO - [2024-02-06T15:35:59.445+0000] {dag.py:3036} INFO - Sync 1 DAGs
[2024-02-06T15:35:59.487+0000] {logging_mixin.py:188} INFO - [2024-02-06T15:35:59.487+0000] {dag.py:3823} INFO - Setting next_dagrun for example_branch_labels to 2024-02-05 00:00:00+00:00, run_after=2024-02-06 00:00:00+00:00
[2024-02-06T15:35:59.519+0000] {processor.py:183} INFO - Processing /home/airflow/.local/lib/python3.8/site-packages/airflow/example_dags/example_branch_labels.py took 0.137 seconds
[2024-02-06T15:36:29.650+0000] {processor.py:161} INFO - Started process (PID=842) to work on /home/airflow/.local/lib/python3.8/site-packages/airflow/example_dags/example_branch_labels.py
[2024-02-06T15:36:29.651+0000] {processor.py:830} INFO - Processing file /home/airflow/.local/lib/python3.8/site-packages/airflow/example_dags/example_branch_labels.py for tasks to queue
[2024-02-06T15:36:29.653+0000] {logging_mixin.py:188} INFO - [2024-02-06T15:36:29.652+0000] {dagbag.py:538} INFO - Filling up the DagBag from /home/airflow/.local/lib/python3.8/site-packages/airflow/example_dags/example_branch_labels.py
[2024-02-06T15:36:29.662+0000] {processor.py:840} INFO - DAG(s) 'example_branch_labels' retrieved from /home/airflow/.local/lib/python3.8/site-packages/airflow/example_dags/example_branch_labels.py
[2024-02-06T15:36:29.685+0000] {logging_mixin.py:188} INFO - [2024-02-06T15:36:29.685+0000] {dag.py:3036} INFO - Sync 1 DAGs
[2024-02-06T15:36:29.709+0000] {logging_mixin.py:188} INFO - [2024-02-06T15:36:29.709+0000] {dag.py:3823} INFO - Setting next_dagrun for example_branch_labels to 2024-02-05 00:00:00+00:00, run_after=2024-02-06 00:00:00+00:00
[2024-02-06T15:36:29.726+0000] {processor.py:183} INFO - Processing /home/airflow/.local/lib/python3.8/site-packages/airflow/example_dags/example_branch_labels.py took 0.080 seconds
[2024-02-06T15:36:59.981+0000] {processor.py:161} INFO - Started process (PID=899) to work on /home/airflow/.local/lib/python3.8/site-packages/airflow/example_dags/example_branch_labels.py
[2024-02-06T15:36:59.982+0000] {processor.py:830} INFO - Processing file /home/airflow/.local/lib/python3.8/site-packages/airflow/example_dags/example_branch_labels.py for tasks to queue
[2024-02-06T15:36:59.984+0000] {logging_mixin.py:188} INFO - [2024-02-06T15:36:59.984+0000] {dagbag.py:538} INFO - Filling up the DagBag from /home/airflow/.local/lib/python3.8/site-packages/airflow/example_dags/example_branch_labels.py
[2024-02-06T15:36:59.992+0000] {processor.py:840} INFO - DAG(s) 'example_branch_labels' retrieved from /home/airflow/.local/lib/python3.8/site-packages/airflow/example_dags/example_branch_labels.py
[2024-02-06T15:37:00.022+0000] {logging_mixin.py:188} INFO - [2024-02-06T15:37:00.022+0000] {dag.py:3036} INFO - Sync 1 DAGs
[2024-02-06T15:37:00.062+0000] {logging_mixin.py:188} INFO - [2024-02-06T15:37:00.061+0000] {dag.py:3823} INFO - Setting next_dagrun for example_branch_labels to 2024-02-05 00:00:00+00:00, run_after=2024-02-06 00:00:00+00:00
[2024-02-06T15:37:00.081+0000] {processor.py:183} INFO - Processing /home/airflow/.local/lib/python3.8/site-packages/airflow/example_dags/example_branch_labels.py took 0.102 seconds
