[2024-02-06T15:24:39.263+0000] {processor.py:161} INFO - Started process (PID=59) to work on /home/airflow/.local/lib/python3.8/site-packages/airflow/example_dags/example_nested_branch_dag.py
[2024-02-06T15:24:39.264+0000] {processor.py:830} INFO - Processing file /home/airflow/.local/lib/python3.8/site-packages/airflow/example_dags/example_nested_branch_dag.py for tasks to queue
[2024-02-06T15:24:39.266+0000] {logging_mixin.py:188} INFO - [2024-02-06T15:24:39.266+0000] {dagbag.py:538} INFO - Filling up the DagBag from /home/airflow/.local/lib/python3.8/site-packages/airflow/example_dags/example_nested_branch_dag.py
[2024-02-06T15:24:39.281+0000] {processor.py:840} INFO - DAG(s) 'example_nested_branch_dag' retrieved from /home/airflow/.local/lib/python3.8/site-packages/airflow/example_dags/example_nested_branch_dag.py
[2024-02-06T15:24:39.296+0000] {logging_mixin.py:188} INFO - [2024-02-06T15:24:39.296+0000] {dag.py:3036} INFO - Sync 1 DAGs
[2024-02-06T15:24:39.341+0000] {logging_mixin.py:188} INFO - [2024-02-06T15:24:39.341+0000] {dag.py:3823} INFO - Setting next_dagrun for example_nested_branch_dag to 2024-02-05 00:00:00+00:00, run_after=2024-02-06 00:00:00+00:00
[2024-02-06T15:24:39.371+0000] {processor.py:183} INFO - Processing /home/airflow/.local/lib/python3.8/site-packages/airflow/example_dags/example_nested_branch_dag.py took 0.112 seconds
[2024-02-06T15:25:09.746+0000] {processor.py:161} INFO - Started process (PID=116) to work on /home/airflow/.local/lib/python3.8/site-packages/airflow/example_dags/example_nested_branch_dag.py
[2024-02-06T15:25:09.747+0000] {processor.py:830} INFO - Processing file /home/airflow/.local/lib/python3.8/site-packages/airflow/example_dags/example_nested_branch_dag.py for tasks to queue
[2024-02-06T15:25:09.750+0000] {logging_mixin.py:188} INFO - [2024-02-06T15:25:09.749+0000] {dagbag.py:538} INFO - Filling up the DagBag from /home/airflow/.local/lib/python3.8/site-packages/airflow/example_dags/example_nested_branch_dag.py
[2024-02-06T15:25:09.760+0000] {processor.py:840} INFO - DAG(s) 'example_nested_branch_dag' retrieved from /home/airflow/.local/lib/python3.8/site-packages/airflow/example_dags/example_nested_branch_dag.py
[2024-02-06T15:25:09.896+0000] {logging_mixin.py:188} INFO - [2024-02-06T15:25:09.895+0000] {dag.py:3036} INFO - Sync 1 DAGs
[2024-02-06T15:25:09.916+0000] {logging_mixin.py:188} INFO - [2024-02-06T15:25:09.916+0000] {dag.py:3823} INFO - Setting next_dagrun for example_nested_branch_dag to 2024-02-05 00:00:00+00:00, run_after=2024-02-06 00:00:00+00:00
[2024-02-06T15:25:09.937+0000] {processor.py:183} INFO - Processing /home/airflow/.local/lib/python3.8/site-packages/airflow/example_dags/example_nested_branch_dag.py took 0.194 seconds
[2024-02-06T15:25:40.397+0000] {processor.py:161} INFO - Started process (PID=172) to work on /home/airflow/.local/lib/python3.8/site-packages/airflow/example_dags/example_nested_branch_dag.py
[2024-02-06T15:25:40.398+0000] {processor.py:830} INFO - Processing file /home/airflow/.local/lib/python3.8/site-packages/airflow/example_dags/example_nested_branch_dag.py for tasks to queue
[2024-02-06T15:25:40.401+0000] {logging_mixin.py:188} INFO - [2024-02-06T15:25:40.400+0000] {dagbag.py:538} INFO - Filling up the DagBag from /home/airflow/.local/lib/python3.8/site-packages/airflow/example_dags/example_nested_branch_dag.py
[2024-02-06T15:25:40.413+0000] {processor.py:840} INFO - DAG(s) 'example_nested_branch_dag' retrieved from /home/airflow/.local/lib/python3.8/site-packages/airflow/example_dags/example_nested_branch_dag.py
[2024-02-06T15:25:40.439+0000] {logging_mixin.py:188} INFO - [2024-02-06T15:25:40.438+0000] {dag.py:3036} INFO - Sync 1 DAGs
[2024-02-06T15:25:40.468+0000] {logging_mixin.py:188} INFO - [2024-02-06T15:25:40.468+0000] {dag.py:3823} INFO - Setting next_dagrun for example_nested_branch_dag to 2024-02-05 00:00:00+00:00, run_after=2024-02-06 00:00:00+00:00
[2024-02-06T15:25:40.490+0000] {processor.py:183} INFO - Processing /home/airflow/.local/lib/python3.8/site-packages/airflow/example_dags/example_nested_branch_dag.py took 0.096 seconds
[2024-02-06T15:28:54.002+0000] {processor.py:161} INFO - Started process (PID=60) to work on /home/airflow/.local/lib/python3.8/site-packages/airflow/example_dags/example_nested_branch_dag.py
[2024-02-06T15:28:54.003+0000] {processor.py:830} INFO - Processing file /home/airflow/.local/lib/python3.8/site-packages/airflow/example_dags/example_nested_branch_dag.py for tasks to queue
[2024-02-06T15:28:54.005+0000] {logging_mixin.py:188} INFO - [2024-02-06T15:28:54.005+0000] {dagbag.py:538} INFO - Filling up the DagBag from /home/airflow/.local/lib/python3.8/site-packages/airflow/example_dags/example_nested_branch_dag.py
[2024-02-06T15:28:54.018+0000] {processor.py:840} INFO - DAG(s) 'example_nested_branch_dag' retrieved from /home/airflow/.local/lib/python3.8/site-packages/airflow/example_dags/example_nested_branch_dag.py
[2024-02-06T15:28:54.033+0000] {logging_mixin.py:188} INFO - [2024-02-06T15:28:54.033+0000] {dag.py:3036} INFO - Sync 1 DAGs
[2024-02-06T15:28:54.064+0000] {logging_mixin.py:188} INFO - [2024-02-06T15:28:54.064+0000] {dag.py:3823} INFO - Setting next_dagrun for example_nested_branch_dag to 2024-02-05 00:00:00+00:00, run_after=2024-02-06 00:00:00+00:00
[2024-02-06T15:28:54.089+0000] {processor.py:183} INFO - Processing /home/airflow/.local/lib/python3.8/site-packages/airflow/example_dags/example_nested_branch_dag.py took 0.092 seconds
[2024-02-06T15:29:24.674+0000] {processor.py:161} INFO - Started process (PID=117) to work on /home/airflow/.local/lib/python3.8/site-packages/airflow/example_dags/example_nested_branch_dag.py
[2024-02-06T15:29:24.676+0000] {processor.py:830} INFO - Processing file /home/airflow/.local/lib/python3.8/site-packages/airflow/example_dags/example_nested_branch_dag.py for tasks to queue
[2024-02-06T15:29:24.678+0000] {logging_mixin.py:188} INFO - [2024-02-06T15:29:24.678+0000] {dagbag.py:538} INFO - Filling up the DagBag from /home/airflow/.local/lib/python3.8/site-packages/airflow/example_dags/example_nested_branch_dag.py
[2024-02-06T15:29:24.689+0000] {processor.py:840} INFO - DAG(s) 'example_nested_branch_dag' retrieved from /home/airflow/.local/lib/python3.8/site-packages/airflow/example_dags/example_nested_branch_dag.py
[2024-02-06T15:29:24.809+0000] {logging_mixin.py:188} INFO - [2024-02-06T15:29:24.808+0000] {dag.py:3036} INFO - Sync 1 DAGs
[2024-02-06T15:29:24.832+0000] {logging_mixin.py:188} INFO - [2024-02-06T15:29:24.831+0000] {dag.py:3823} INFO - Setting next_dagrun for example_nested_branch_dag to 2024-02-05 00:00:00+00:00, run_after=2024-02-06 00:00:00+00:00
[2024-02-06T15:29:24.851+0000] {processor.py:183} INFO - Processing /home/airflow/.local/lib/python3.8/site-packages/airflow/example_dags/example_nested_branch_dag.py took 0.183 seconds
[2024-02-06T15:29:55.202+0000] {processor.py:161} INFO - Started process (PID=174) to work on /home/airflow/.local/lib/python3.8/site-packages/airflow/example_dags/example_nested_branch_dag.py
[2024-02-06T15:29:55.203+0000] {processor.py:830} INFO - Processing file /home/airflow/.local/lib/python3.8/site-packages/airflow/example_dags/example_nested_branch_dag.py for tasks to queue
[2024-02-06T15:29:55.205+0000] {logging_mixin.py:188} INFO - [2024-02-06T15:29:55.204+0000] {dagbag.py:538} INFO - Filling up the DagBag from /home/airflow/.local/lib/python3.8/site-packages/airflow/example_dags/example_nested_branch_dag.py
[2024-02-06T15:29:55.215+0000] {processor.py:840} INFO - DAG(s) 'example_nested_branch_dag' retrieved from /home/airflow/.local/lib/python3.8/site-packages/airflow/example_dags/example_nested_branch_dag.py
[2024-02-06T15:29:55.235+0000] {logging_mixin.py:188} INFO - [2024-02-06T15:29:55.235+0000] {dag.py:3036} INFO - Sync 1 DAGs
[2024-02-06T15:29:55.258+0000] {logging_mixin.py:188} INFO - [2024-02-06T15:29:55.258+0000] {dag.py:3823} INFO - Setting next_dagrun for example_nested_branch_dag to 2024-02-05 00:00:00+00:00, run_after=2024-02-06 00:00:00+00:00
[2024-02-06T15:29:55.277+0000] {processor.py:183} INFO - Processing /home/airflow/.local/lib/python3.8/site-packages/airflow/example_dags/example_nested_branch_dag.py took 0.078 seconds
[2024-02-06T15:30:58.820+0000] {processor.py:161} INFO - Started process (PID=237) to work on /home/airflow/.local/lib/python3.8/site-packages/airflow/example_dags/example_nested_branch_dag.py
[2024-02-06T15:30:58.821+0000] {processor.py:830} INFO - Processing file /home/airflow/.local/lib/python3.8/site-packages/airflow/example_dags/example_nested_branch_dag.py for tasks to queue
[2024-02-06T15:30:58.824+0000] {logging_mixin.py:188} INFO - [2024-02-06T15:30:58.823+0000] {dagbag.py:538} INFO - Filling up the DagBag from /home/airflow/.local/lib/python3.8/site-packages/airflow/example_dags/example_nested_branch_dag.py
[2024-02-06T15:30:58.841+0000] {processor.py:840} INFO - DAG(s) 'example_nested_branch_dag' retrieved from /home/airflow/.local/lib/python3.8/site-packages/airflow/example_dags/example_nested_branch_dag.py
[2024-02-06T15:30:58.875+0000] {logging_mixin.py:188} INFO - [2024-02-06T15:30:58.874+0000] {dag.py:3036} INFO - Sync 1 DAGs
[2024-02-06T15:30:58.922+0000] {logging_mixin.py:188} INFO - [2024-02-06T15:30:58.922+0000] {dag.py:3823} INFO - Setting next_dagrun for example_nested_branch_dag to 2024-02-05 00:00:00+00:00, run_after=2024-02-06 00:00:00+00:00
[2024-02-06T15:30:58.955+0000] {processor.py:183} INFO - Processing /home/airflow/.local/lib/python3.8/site-packages/airflow/example_dags/example_nested_branch_dag.py took 0.141 seconds
[2024-02-06T15:31:29.370+0000] {processor.py:161} INFO - Started process (PID=294) to work on /home/airflow/.local/lib/python3.8/site-packages/airflow/example_dags/example_nested_branch_dag.py
[2024-02-06T15:31:29.371+0000] {processor.py:830} INFO - Processing file /home/airflow/.local/lib/python3.8/site-packages/airflow/example_dags/example_nested_branch_dag.py for tasks to queue
[2024-02-06T15:31:29.373+0000] {logging_mixin.py:188} INFO - [2024-02-06T15:31:29.373+0000] {dagbag.py:538} INFO - Filling up the DagBag from /home/airflow/.local/lib/python3.8/site-packages/airflow/example_dags/example_nested_branch_dag.py
[2024-02-06T15:31:29.389+0000] {processor.py:840} INFO - DAG(s) 'example_nested_branch_dag' retrieved from /home/airflow/.local/lib/python3.8/site-packages/airflow/example_dags/example_nested_branch_dag.py
[2024-02-06T15:31:29.425+0000] {logging_mixin.py:188} INFO - [2024-02-06T15:31:29.424+0000] {dag.py:3036} INFO - Sync 1 DAGs
[2024-02-06T15:31:29.468+0000] {logging_mixin.py:188} INFO - [2024-02-06T15:31:29.468+0000] {dag.py:3823} INFO - Setting next_dagrun for example_nested_branch_dag to 2024-02-05 00:00:00+00:00, run_after=2024-02-06 00:00:00+00:00
[2024-02-06T15:31:29.503+0000] {processor.py:183} INFO - Processing /home/airflow/.local/lib/python3.8/site-packages/airflow/example_dags/example_nested_branch_dag.py took 0.138 seconds
[2024-02-06T15:32:00.078+0000] {processor.py:161} INFO - Started process (PID=349) to work on /home/airflow/.local/lib/python3.8/site-packages/airflow/example_dags/example_nested_branch_dag.py
[2024-02-06T15:32:00.079+0000] {processor.py:830} INFO - Processing file /home/airflow/.local/lib/python3.8/site-packages/airflow/example_dags/example_nested_branch_dag.py for tasks to queue
[2024-02-06T15:32:00.081+0000] {logging_mixin.py:188} INFO - [2024-02-06T15:32:00.081+0000] {dagbag.py:538} INFO - Filling up the DagBag from /home/airflow/.local/lib/python3.8/site-packages/airflow/example_dags/example_nested_branch_dag.py
[2024-02-06T15:32:00.092+0000] {processor.py:840} INFO - DAG(s) 'example_nested_branch_dag' retrieved from /home/airflow/.local/lib/python3.8/site-packages/airflow/example_dags/example_nested_branch_dag.py
[2024-02-06T15:32:00.122+0000] {logging_mixin.py:188} INFO - [2024-02-06T15:32:00.122+0000] {dag.py:3036} INFO - Sync 1 DAGs
[2024-02-06T15:32:00.151+0000] {logging_mixin.py:188} INFO - [2024-02-06T15:32:00.150+0000] {dag.py:3823} INFO - Setting next_dagrun for example_nested_branch_dag to 2024-02-05 00:00:00+00:00, run_after=2024-02-06 00:00:00+00:00
[2024-02-06T15:32:00.167+0000] {processor.py:183} INFO - Processing /home/airflow/.local/lib/python3.8/site-packages/airflow/example_dags/example_nested_branch_dag.py took 0.092 seconds
[2024-02-06T15:32:30.240+0000] {processor.py:161} INFO - Started process (PID=406) to work on /home/airflow/.local/lib/python3.8/site-packages/airflow/example_dags/example_nested_branch_dag.py
[2024-02-06T15:32:30.241+0000] {processor.py:830} INFO - Processing file /home/airflow/.local/lib/python3.8/site-packages/airflow/example_dags/example_nested_branch_dag.py for tasks to queue
[2024-02-06T15:32:30.243+0000] {logging_mixin.py:188} INFO - [2024-02-06T15:32:30.242+0000] {dagbag.py:538} INFO - Filling up the DagBag from /home/airflow/.local/lib/python3.8/site-packages/airflow/example_dags/example_nested_branch_dag.py
[2024-02-06T15:32:30.253+0000] {processor.py:840} INFO - DAG(s) 'example_nested_branch_dag' retrieved from /home/airflow/.local/lib/python3.8/site-packages/airflow/example_dags/example_nested_branch_dag.py
[2024-02-06T15:32:30.274+0000] {logging_mixin.py:188} INFO - [2024-02-06T15:32:30.273+0000] {dag.py:3036} INFO - Sync 1 DAGs
[2024-02-06T15:32:30.298+0000] {logging_mixin.py:188} INFO - [2024-02-06T15:32:30.297+0000] {dag.py:3823} INFO - Setting next_dagrun for example_nested_branch_dag to 2024-02-05 00:00:00+00:00, run_after=2024-02-06 00:00:00+00:00
[2024-02-06T15:32:30.315+0000] {processor.py:183} INFO - Processing /home/airflow/.local/lib/python3.8/site-packages/airflow/example_dags/example_nested_branch_dag.py took 0.081 seconds
[2024-02-06T15:33:00.380+0000] {processor.py:161} INFO - Started process (PID=463) to work on /home/airflow/.local/lib/python3.8/site-packages/airflow/example_dags/example_nested_branch_dag.py
[2024-02-06T15:33:00.381+0000] {processor.py:830} INFO - Processing file /home/airflow/.local/lib/python3.8/site-packages/airflow/example_dags/example_nested_branch_dag.py for tasks to queue
[2024-02-06T15:33:00.383+0000] {logging_mixin.py:188} INFO - [2024-02-06T15:33:00.383+0000] {dagbag.py:538} INFO - Filling up the DagBag from /home/airflow/.local/lib/python3.8/site-packages/airflow/example_dags/example_nested_branch_dag.py
[2024-02-06T15:33:00.393+0000] {processor.py:840} INFO - DAG(s) 'example_nested_branch_dag' retrieved from /home/airflow/.local/lib/python3.8/site-packages/airflow/example_dags/example_nested_branch_dag.py
[2024-02-06T15:33:00.413+0000] {logging_mixin.py:188} INFO - [2024-02-06T15:33:00.413+0000] {dag.py:3036} INFO - Sync 1 DAGs
[2024-02-06T15:33:00.436+0000] {logging_mixin.py:188} INFO - [2024-02-06T15:33:00.436+0000] {dag.py:3823} INFO - Setting next_dagrun for example_nested_branch_dag to 2024-02-05 00:00:00+00:00, run_after=2024-02-06 00:00:00+00:00
[2024-02-06T15:33:00.453+0000] {processor.py:183} INFO - Processing /home/airflow/.local/lib/python3.8/site-packages/airflow/example_dags/example_nested_branch_dag.py took 0.076 seconds
[2024-02-06T15:33:30.723+0000] {processor.py:161} INFO - Started process (PID=520) to work on /home/airflow/.local/lib/python3.8/site-packages/airflow/example_dags/example_nested_branch_dag.py
[2024-02-06T15:33:30.724+0000] {processor.py:830} INFO - Processing file /home/airflow/.local/lib/python3.8/site-packages/airflow/example_dags/example_nested_branch_dag.py for tasks to queue
[2024-02-06T15:33:30.726+0000] {logging_mixin.py:188} INFO - [2024-02-06T15:33:30.726+0000] {dagbag.py:538} INFO - Filling up the DagBag from /home/airflow/.local/lib/python3.8/site-packages/airflow/example_dags/example_nested_branch_dag.py
[2024-02-06T15:33:30.736+0000] {processor.py:840} INFO - DAG(s) 'example_nested_branch_dag' retrieved from /home/airflow/.local/lib/python3.8/site-packages/airflow/example_dags/example_nested_branch_dag.py
[2024-02-06T15:33:30.765+0000] {logging_mixin.py:188} INFO - [2024-02-06T15:33:30.765+0000] {dag.py:3036} INFO - Sync 1 DAGs
[2024-02-06T15:33:30.798+0000] {logging_mixin.py:188} INFO - [2024-02-06T15:33:30.798+0000] {dag.py:3823} INFO - Setting next_dagrun for example_nested_branch_dag to 2024-02-05 00:00:00+00:00, run_after=2024-02-06 00:00:00+00:00
[2024-02-06T15:33:30.820+0000] {processor.py:183} INFO - Processing /home/airflow/.local/lib/python3.8/site-packages/airflow/example_dags/example_nested_branch_dag.py took 0.100 seconds
[2024-02-06T15:34:01.083+0000] {processor.py:161} INFO - Started process (PID=576) to work on /home/airflow/.local/lib/python3.8/site-packages/airflow/example_dags/example_nested_branch_dag.py
[2024-02-06T15:34:01.084+0000] {processor.py:830} INFO - Processing file /home/airflow/.local/lib/python3.8/site-packages/airflow/example_dags/example_nested_branch_dag.py for tasks to queue
[2024-02-06T15:34:01.086+0000] {logging_mixin.py:188} INFO - [2024-02-06T15:34:01.085+0000] {dagbag.py:538} INFO - Filling up the DagBag from /home/airflow/.local/lib/python3.8/site-packages/airflow/example_dags/example_nested_branch_dag.py
[2024-02-06T15:34:01.096+0000] {processor.py:840} INFO - DAG(s) 'example_nested_branch_dag' retrieved from /home/airflow/.local/lib/python3.8/site-packages/airflow/example_dags/example_nested_branch_dag.py
[2024-02-06T15:34:01.120+0000] {logging_mixin.py:188} INFO - [2024-02-06T15:34:01.120+0000] {dag.py:3036} INFO - Sync 1 DAGs
[2024-02-06T15:34:01.143+0000] {logging_mixin.py:188} INFO - [2024-02-06T15:34:01.143+0000] {dag.py:3823} INFO - Setting next_dagrun for example_nested_branch_dag to 2024-02-05 00:00:00+00:00, run_after=2024-02-06 00:00:00+00:00
[2024-02-06T15:34:01.161+0000] {processor.py:183} INFO - Processing /home/airflow/.local/lib/python3.8/site-packages/airflow/example_dags/example_nested_branch_dag.py took 0.081 seconds
[2024-02-06T15:34:31.569+0000] {processor.py:161} INFO - Started process (PID=633) to work on /home/airflow/.local/lib/python3.8/site-packages/airflow/example_dags/example_nested_branch_dag.py
[2024-02-06T15:34:31.570+0000] {processor.py:830} INFO - Processing file /home/airflow/.local/lib/python3.8/site-packages/airflow/example_dags/example_nested_branch_dag.py for tasks to queue
[2024-02-06T15:34:31.571+0000] {logging_mixin.py:188} INFO - [2024-02-06T15:34:31.571+0000] {dagbag.py:538} INFO - Filling up the DagBag from /home/airflow/.local/lib/python3.8/site-packages/airflow/example_dags/example_nested_branch_dag.py
[2024-02-06T15:34:31.581+0000] {processor.py:840} INFO - DAG(s) 'example_nested_branch_dag' retrieved from /home/airflow/.local/lib/python3.8/site-packages/airflow/example_dags/example_nested_branch_dag.py
[2024-02-06T15:34:31.603+0000] {logging_mixin.py:188} INFO - [2024-02-06T15:34:31.603+0000] {dag.py:3036} INFO - Sync 1 DAGs
[2024-02-06T15:34:31.626+0000] {logging_mixin.py:188} INFO - [2024-02-06T15:34:31.625+0000] {dag.py:3823} INFO - Setting next_dagrun for example_nested_branch_dag to 2024-02-05 00:00:00+00:00, run_after=2024-02-06 00:00:00+00:00
[2024-02-06T15:34:31.644+0000] {processor.py:183} INFO - Processing /home/airflow/.local/lib/python3.8/site-packages/airflow/example_dags/example_nested_branch_dag.py took 0.078 seconds
[2024-02-06T15:35:01.938+0000] {processor.py:161} INFO - Started process (PID=690) to work on /home/airflow/.local/lib/python3.8/site-packages/airflow/example_dags/example_nested_branch_dag.py
[2024-02-06T15:35:01.938+0000] {processor.py:830} INFO - Processing file /home/airflow/.local/lib/python3.8/site-packages/airflow/example_dags/example_nested_branch_dag.py for tasks to queue
[2024-02-06T15:35:01.940+0000] {logging_mixin.py:188} INFO - [2024-02-06T15:35:01.940+0000] {dagbag.py:538} INFO - Filling up the DagBag from /home/airflow/.local/lib/python3.8/site-packages/airflow/example_dags/example_nested_branch_dag.py
[2024-02-06T15:35:01.950+0000] {processor.py:840} INFO - DAG(s) 'example_nested_branch_dag' retrieved from /home/airflow/.local/lib/python3.8/site-packages/airflow/example_dags/example_nested_branch_dag.py
[2024-02-06T15:35:01.972+0000] {logging_mixin.py:188} INFO - [2024-02-06T15:35:01.972+0000] {dag.py:3036} INFO - Sync 1 DAGs
[2024-02-06T15:35:01.995+0000] {logging_mixin.py:188} INFO - [2024-02-06T15:35:01.995+0000] {dag.py:3823} INFO - Setting next_dagrun for example_nested_branch_dag to 2024-02-05 00:00:00+00:00, run_after=2024-02-06 00:00:00+00:00
[2024-02-06T15:35:02.013+0000] {processor.py:183} INFO - Processing /home/airflow/.local/lib/python3.8/site-packages/airflow/example_dags/example_nested_branch_dag.py took 0.079 seconds
[2024-02-06T15:35:32.125+0000] {processor.py:161} INFO - Started process (PID=747) to work on /home/airflow/.local/lib/python3.8/site-packages/airflow/example_dags/example_nested_branch_dag.py
[2024-02-06T15:35:32.126+0000] {processor.py:830} INFO - Processing file /home/airflow/.local/lib/python3.8/site-packages/airflow/example_dags/example_nested_branch_dag.py for tasks to queue
[2024-02-06T15:35:32.128+0000] {logging_mixin.py:188} INFO - [2024-02-06T15:35:32.127+0000] {dagbag.py:538} INFO - Filling up the DagBag from /home/airflow/.local/lib/python3.8/site-packages/airflow/example_dags/example_nested_branch_dag.py
[2024-02-06T15:35:32.137+0000] {processor.py:840} INFO - DAG(s) 'example_nested_branch_dag' retrieved from /home/airflow/.local/lib/python3.8/site-packages/airflow/example_dags/example_nested_branch_dag.py
[2024-02-06T15:35:32.159+0000] {logging_mixin.py:188} INFO - [2024-02-06T15:35:32.158+0000] {dag.py:3036} INFO - Sync 1 DAGs
[2024-02-06T15:35:32.183+0000] {logging_mixin.py:188} INFO - [2024-02-06T15:35:32.182+0000] {dag.py:3823} INFO - Setting next_dagrun for example_nested_branch_dag to 2024-02-05 00:00:00+00:00, run_after=2024-02-06 00:00:00+00:00
[2024-02-06T15:35:32.202+0000] {processor.py:183} INFO - Processing /home/airflow/.local/lib/python3.8/site-packages/airflow/example_dags/example_nested_branch_dag.py took 0.080 seconds
[2024-02-06T15:36:02.736+0000] {processor.py:161} INFO - Started process (PID=804) to work on /home/airflow/.local/lib/python3.8/site-packages/airflow/example_dags/example_nested_branch_dag.py
[2024-02-06T15:36:02.737+0000] {processor.py:830} INFO - Processing file /home/airflow/.local/lib/python3.8/site-packages/airflow/example_dags/example_nested_branch_dag.py for tasks to queue
[2024-02-06T15:36:02.740+0000] {logging_mixin.py:188} INFO - [2024-02-06T15:36:02.739+0000] {dagbag.py:538} INFO - Filling up the DagBag from /home/airflow/.local/lib/python3.8/site-packages/airflow/example_dags/example_nested_branch_dag.py
[2024-02-06T15:36:02.752+0000] {processor.py:840} INFO - DAG(s) 'example_nested_branch_dag' retrieved from /home/airflow/.local/lib/python3.8/site-packages/airflow/example_dags/example_nested_branch_dag.py
[2024-02-06T15:36:02.786+0000] {logging_mixin.py:188} INFO - [2024-02-06T15:36:02.785+0000] {dag.py:3036} INFO - Sync 1 DAGs
[2024-02-06T15:36:02.823+0000] {logging_mixin.py:188} INFO - [2024-02-06T15:36:02.822+0000] {dag.py:3823} INFO - Setting next_dagrun for example_nested_branch_dag to 2024-02-05 00:00:00+00:00, run_after=2024-02-06 00:00:00+00:00
[2024-02-06T15:36:02.849+0000] {processor.py:183} INFO - Processing /home/airflow/.local/lib/python3.8/site-packages/airflow/example_dags/example_nested_branch_dag.py took 0.117 seconds
[2024-02-06T15:36:33.874+0000] {processor.py:161} INFO - Started process (PID=861) to work on /home/airflow/.local/lib/python3.8/site-packages/airflow/example_dags/example_nested_branch_dag.py
[2024-02-06T15:36:33.875+0000] {processor.py:830} INFO - Processing file /home/airflow/.local/lib/python3.8/site-packages/airflow/example_dags/example_nested_branch_dag.py for tasks to queue
[2024-02-06T15:36:33.877+0000] {logging_mixin.py:188} INFO - [2024-02-06T15:36:33.877+0000] {dagbag.py:538} INFO - Filling up the DagBag from /home/airflow/.local/lib/python3.8/site-packages/airflow/example_dags/example_nested_branch_dag.py
[2024-02-06T15:36:33.891+0000] {processor.py:840} INFO - DAG(s) 'example_nested_branch_dag' retrieved from /home/airflow/.local/lib/python3.8/site-packages/airflow/example_dags/example_nested_branch_dag.py
[2024-02-06T15:36:33.918+0000] {logging_mixin.py:188} INFO - [2024-02-06T15:36:33.918+0000] {dag.py:3036} INFO - Sync 1 DAGs
[2024-02-06T15:36:33.946+0000] {logging_mixin.py:188} INFO - [2024-02-06T15:36:33.945+0000] {dag.py:3823} INFO - Setting next_dagrun for example_nested_branch_dag to 2024-02-05 00:00:00+00:00, run_after=2024-02-06 00:00:00+00:00
[2024-02-06T15:36:33.967+0000] {processor.py:183} INFO - Processing /home/airflow/.local/lib/python3.8/site-packages/airflow/example_dags/example_nested_branch_dag.py took 0.097 seconds
