[2024-02-06T15:24:37.539+0000] {processor.py:161} INFO - Started process (PID=46) to work on /home/airflow/.local/lib/python3.8/site-packages/airflow/example_dags/example_xcomargs.py
[2024-02-06T15:24:37.540+0000] {processor.py:830} INFO - Processing file /home/airflow/.local/lib/python3.8/site-packages/airflow/example_dags/example_xcomargs.py for tasks to queue
[2024-02-06T15:24:37.543+0000] {logging_mixin.py:188} INFO - [2024-02-06T15:24:37.543+0000] {dagbag.py:538} INFO - Filling up the DagBag from /home/airflow/.local/lib/python3.8/site-packages/airflow/example_dags/example_xcomargs.py
[2024-02-06T15:24:37.564+0000] {processor.py:840} INFO - DAG(s) 'example_xcom_args_with_operators', 'example_xcom_args' retrieved from /home/airflow/.local/lib/python3.8/site-packages/airflow/example_dags/example_xcomargs.py
[2024-02-06T15:24:37.586+0000] {logging_mixin.py:188} INFO - [2024-02-06T15:24:37.586+0000] {dag.py:3036} INFO - Sync 2 DAGs
[2024-02-06T15:24:37.604+0000] {logging_mixin.py:188} INFO - [2024-02-06T15:24:37.604+0000] {dag.py:3823} INFO - Setting next_dagrun for example_xcom_args to None, run_after=None
[2024-02-06T15:24:37.609+0000] {logging_mixin.py:188} INFO - [2024-02-06T15:24:37.609+0000] {dag.py:3823} INFO - Setting next_dagrun for example_xcom_args_with_operators to None, run_after=None
[2024-02-06T15:24:37.634+0000] {processor.py:183} INFO - Processing /home/airflow/.local/lib/python3.8/site-packages/airflow/example_dags/example_xcomargs.py took 0.101 seconds
[2024-02-06T15:25:07.807+0000] {processor.py:161} INFO - Started process (PID=101) to work on /home/airflow/.local/lib/python3.8/site-packages/airflow/example_dags/example_xcomargs.py
[2024-02-06T15:25:07.807+0000] {processor.py:830} INFO - Processing file /home/airflow/.local/lib/python3.8/site-packages/airflow/example_dags/example_xcomargs.py for tasks to queue
[2024-02-06T15:25:07.809+0000] {logging_mixin.py:188} INFO - [2024-02-06T15:25:07.809+0000] {dagbag.py:538} INFO - Filling up the DagBag from /home/airflow/.local/lib/python3.8/site-packages/airflow/example_dags/example_xcomargs.py
[2024-02-06T15:25:07.817+0000] {processor.py:840} INFO - DAG(s) 'example_xcom_args', 'example_xcom_args_with_operators' retrieved from /home/airflow/.local/lib/python3.8/site-packages/airflow/example_dags/example_xcomargs.py
[2024-02-06T15:25:07.929+0000] {logging_mixin.py:188} INFO - [2024-02-06T15:25:07.929+0000] {dag.py:3036} INFO - Sync 2 DAGs
[2024-02-06T15:25:07.940+0000] {logging_mixin.py:188} INFO - [2024-02-06T15:25:07.939+0000] {dag.py:3823} INFO - Setting next_dagrun for example_xcom_args to None, run_after=None
[2024-02-06T15:25:07.943+0000] {logging_mixin.py:188} INFO - [2024-02-06T15:25:07.943+0000] {dag.py:3823} INFO - Setting next_dagrun for example_xcom_args_with_operators to None, run_after=None
[2024-02-06T15:25:07.960+0000] {processor.py:183} INFO - Processing /home/airflow/.local/lib/python3.8/site-packages/airflow/example_dags/example_xcomargs.py took 0.156 seconds
[2024-02-06T15:25:38.042+0000] {processor.py:161} INFO - Started process (PID=158) to work on /home/airflow/.local/lib/python3.8/site-packages/airflow/example_dags/example_xcomargs.py
[2024-02-06T15:25:38.043+0000] {processor.py:830} INFO - Processing file /home/airflow/.local/lib/python3.8/site-packages/airflow/example_dags/example_xcomargs.py for tasks to queue
[2024-02-06T15:25:38.045+0000] {logging_mixin.py:188} INFO - [2024-02-06T15:25:38.045+0000] {dagbag.py:538} INFO - Filling up the DagBag from /home/airflow/.local/lib/python3.8/site-packages/airflow/example_dags/example_xcomargs.py
[2024-02-06T15:25:38.054+0000] {processor.py:840} INFO - DAG(s) 'example_xcom_args', 'example_xcom_args_with_operators' retrieved from /home/airflow/.local/lib/python3.8/site-packages/airflow/example_dags/example_xcomargs.py
[2024-02-06T15:25:38.080+0000] {logging_mixin.py:188} INFO - [2024-02-06T15:25:38.080+0000] {dag.py:3036} INFO - Sync 2 DAGs
[2024-02-06T15:25:38.092+0000] {logging_mixin.py:188} INFO - [2024-02-06T15:25:38.092+0000] {dag.py:3823} INFO - Setting next_dagrun for example_xcom_args to None, run_after=None
[2024-02-06T15:25:38.097+0000] {logging_mixin.py:188} INFO - [2024-02-06T15:25:38.097+0000] {dag.py:3823} INFO - Setting next_dagrun for example_xcom_args_with_operators to None, run_after=None
[2024-02-06T15:25:38.116+0000] {processor.py:183} INFO - Processing /home/airflow/.local/lib/python3.8/site-packages/airflow/example_dags/example_xcomargs.py took 0.077 seconds
[2024-02-06T15:28:52.656+0000] {processor.py:161} INFO - Started process (PID=47) to work on /home/airflow/.local/lib/python3.8/site-packages/airflow/example_dags/example_xcomargs.py
[2024-02-06T15:28:52.658+0000] {processor.py:830} INFO - Processing file /home/airflow/.local/lib/python3.8/site-packages/airflow/example_dags/example_xcomargs.py for tasks to queue
[2024-02-06T15:28:52.660+0000] {logging_mixin.py:188} INFO - [2024-02-06T15:28:52.660+0000] {dagbag.py:538} INFO - Filling up the DagBag from /home/airflow/.local/lib/python3.8/site-packages/airflow/example_dags/example_xcomargs.py
[2024-02-06T15:28:52.681+0000] {processor.py:840} INFO - DAG(s) 'example_xcom_args', 'example_xcom_args_with_operators' retrieved from /home/airflow/.local/lib/python3.8/site-packages/airflow/example_dags/example_xcomargs.py
[2024-02-06T15:28:52.701+0000] {logging_mixin.py:188} INFO - [2024-02-06T15:28:52.701+0000] {dag.py:3036} INFO - Sync 2 DAGs
[2024-02-06T15:28:52.719+0000] {logging_mixin.py:188} INFO - [2024-02-06T15:28:52.718+0000] {dag.py:3823} INFO - Setting next_dagrun for example_xcom_args to None, run_after=None
[2024-02-06T15:28:52.724+0000] {logging_mixin.py:188} INFO - [2024-02-06T15:28:52.723+0000] {dag.py:3823} INFO - Setting next_dagrun for example_xcom_args_with_operators to None, run_after=None
[2024-02-06T15:28:52.746+0000] {processor.py:183} INFO - Processing /home/airflow/.local/lib/python3.8/site-packages/airflow/example_dags/example_xcomargs.py took 0.095 seconds
[2024-02-06T15:29:23.123+0000] {processor.py:161} INFO - Started process (PID=102) to work on /home/airflow/.local/lib/python3.8/site-packages/airflow/example_dags/example_xcomargs.py
[2024-02-06T15:29:23.123+0000] {processor.py:830} INFO - Processing file /home/airflow/.local/lib/python3.8/site-packages/airflow/example_dags/example_xcomargs.py for tasks to queue
[2024-02-06T15:29:23.125+0000] {logging_mixin.py:188} INFO - [2024-02-06T15:29:23.125+0000] {dagbag.py:538} INFO - Filling up the DagBag from /home/airflow/.local/lib/python3.8/site-packages/airflow/example_dags/example_xcomargs.py
[2024-02-06T15:29:23.134+0000] {processor.py:840} INFO - DAG(s) 'example_xcom_args_with_operators', 'example_xcom_args' retrieved from /home/airflow/.local/lib/python3.8/site-packages/airflow/example_dags/example_xcomargs.py
[2024-02-06T15:29:23.251+0000] {logging_mixin.py:188} INFO - [2024-02-06T15:29:23.250+0000] {dag.py:3036} INFO - Sync 2 DAGs
[2024-02-06T15:29:23.265+0000] {logging_mixin.py:188} INFO - [2024-02-06T15:29:23.265+0000] {dag.py:3823} INFO - Setting next_dagrun for example_xcom_args to None, run_after=None
[2024-02-06T15:29:23.268+0000] {logging_mixin.py:188} INFO - [2024-02-06T15:29:23.268+0000] {dag.py:3823} INFO - Setting next_dagrun for example_xcom_args_with_operators to None, run_after=None
[2024-02-06T15:29:23.285+0000] {processor.py:183} INFO - Processing /home/airflow/.local/lib/python3.8/site-packages/airflow/example_dags/example_xcomargs.py took 0.166 seconds
[2024-02-06T15:29:54.076+0000] {processor.py:161} INFO - Started process (PID=159) to work on /home/airflow/.local/lib/python3.8/site-packages/airflow/example_dags/example_xcomargs.py
[2024-02-06T15:29:54.077+0000] {processor.py:830} INFO - Processing file /home/airflow/.local/lib/python3.8/site-packages/airflow/example_dags/example_xcomargs.py for tasks to queue
[2024-02-06T15:29:54.079+0000] {logging_mixin.py:188} INFO - [2024-02-06T15:29:54.078+0000] {dagbag.py:538} INFO - Filling up the DagBag from /home/airflow/.local/lib/python3.8/site-packages/airflow/example_dags/example_xcomargs.py
[2024-02-06T15:29:54.089+0000] {processor.py:840} INFO - DAG(s) 'example_xcom_args_with_operators', 'example_xcom_args' retrieved from /home/airflow/.local/lib/python3.8/site-packages/airflow/example_dags/example_xcomargs.py
[2024-02-06T15:29:54.119+0000] {logging_mixin.py:188} INFO - [2024-02-06T15:29:54.119+0000] {dag.py:3036} INFO - Sync 2 DAGs
[2024-02-06T15:29:54.135+0000] {logging_mixin.py:188} INFO - [2024-02-06T15:29:54.135+0000] {dag.py:3823} INFO - Setting next_dagrun for example_xcom_args to None, run_after=None
[2024-02-06T15:29:54.139+0000] {logging_mixin.py:188} INFO - [2024-02-06T15:29:54.139+0000] {dag.py:3823} INFO - Setting next_dagrun for example_xcom_args_with_operators to None, run_after=None
[2024-02-06T15:29:54.158+0000] {processor.py:183} INFO - Processing /home/airflow/.local/lib/python3.8/site-packages/airflow/example_dags/example_xcomargs.py took 0.086 seconds
[2024-02-06T15:30:57.090+0000] {processor.py:161} INFO - Started process (PID=222) to work on /home/airflow/.local/lib/python3.8/site-packages/airflow/example_dags/example_xcomargs.py
[2024-02-06T15:30:57.091+0000] {processor.py:830} INFO - Processing file /home/airflow/.local/lib/python3.8/site-packages/airflow/example_dags/example_xcomargs.py for tasks to queue
[2024-02-06T15:30:57.094+0000] {logging_mixin.py:188} INFO - [2024-02-06T15:30:57.093+0000] {dagbag.py:538} INFO - Filling up the DagBag from /home/airflow/.local/lib/python3.8/site-packages/airflow/example_dags/example_xcomargs.py
[2024-02-06T15:30:57.112+0000] {processor.py:840} INFO - DAG(s) 'example_xcom_args', 'example_xcom_args_with_operators' retrieved from /home/airflow/.local/lib/python3.8/site-packages/airflow/example_dags/example_xcomargs.py
[2024-02-06T15:30:57.162+0000] {logging_mixin.py:188} INFO - [2024-02-06T15:30:57.162+0000] {dag.py:3036} INFO - Sync 2 DAGs
[2024-02-06T15:30:57.197+0000] {logging_mixin.py:188} INFO - [2024-02-06T15:30:57.196+0000] {dag.py:3823} INFO - Setting next_dagrun for example_xcom_args to None, run_after=None
[2024-02-06T15:30:57.208+0000] {logging_mixin.py:188} INFO - [2024-02-06T15:30:57.208+0000] {dag.py:3823} INFO - Setting next_dagrun for example_xcom_args_with_operators to None, run_after=None
[2024-02-06T15:30:57.263+0000] {processor.py:183} INFO - Processing /home/airflow/.local/lib/python3.8/site-packages/airflow/example_dags/example_xcomargs.py took 0.179 seconds
[2024-02-06T15:31:28.018+0000] {processor.py:161} INFO - Started process (PID=279) to work on /home/airflow/.local/lib/python3.8/site-packages/airflow/example_dags/example_xcomargs.py
[2024-02-06T15:31:28.019+0000] {processor.py:830} INFO - Processing file /home/airflow/.local/lib/python3.8/site-packages/airflow/example_dags/example_xcomargs.py for tasks to queue
[2024-02-06T15:31:28.021+0000] {logging_mixin.py:188} INFO - [2024-02-06T15:31:28.020+0000] {dagbag.py:538} INFO - Filling up the DagBag from /home/airflow/.local/lib/python3.8/site-packages/airflow/example_dags/example_xcomargs.py
[2024-02-06T15:31:28.030+0000] {processor.py:840} INFO - DAG(s) 'example_xcom_args_with_operators', 'example_xcom_args' retrieved from /home/airflow/.local/lib/python3.8/site-packages/airflow/example_dags/example_xcomargs.py
[2024-02-06T15:31:28.066+0000] {logging_mixin.py:188} INFO - [2024-02-06T15:31:28.065+0000] {dag.py:3036} INFO - Sync 2 DAGs
[2024-02-06T15:31:28.088+0000] {logging_mixin.py:188} INFO - [2024-02-06T15:31:28.087+0000] {dag.py:3823} INFO - Setting next_dagrun for example_xcom_args to None, run_after=None
[2024-02-06T15:31:28.094+0000] {logging_mixin.py:188} INFO - [2024-02-06T15:31:28.094+0000] {dag.py:3823} INFO - Setting next_dagrun for example_xcom_args_with_operators to None, run_after=None
[2024-02-06T15:31:28.115+0000] {processor.py:183} INFO - Processing /home/airflow/.local/lib/python3.8/site-packages/airflow/example_dags/example_xcomargs.py took 0.100 seconds
[2024-02-06T15:31:58.179+0000] {processor.py:161} INFO - Started process (PID=336) to work on /home/airflow/.local/lib/python3.8/site-packages/airflow/example_dags/example_xcomargs.py
[2024-02-06T15:31:58.180+0000] {processor.py:830} INFO - Processing file /home/airflow/.local/lib/python3.8/site-packages/airflow/example_dags/example_xcomargs.py for tasks to queue
[2024-02-06T15:31:58.181+0000] {logging_mixin.py:188} INFO - [2024-02-06T15:31:58.181+0000] {dagbag.py:538} INFO - Filling up the DagBag from /home/airflow/.local/lib/python3.8/site-packages/airflow/example_dags/example_xcomargs.py
[2024-02-06T15:31:58.189+0000] {processor.py:840} INFO - DAG(s) 'example_xcom_args', 'example_xcom_args_with_operators' retrieved from /home/airflow/.local/lib/python3.8/site-packages/airflow/example_dags/example_xcomargs.py
[2024-02-06T15:31:58.213+0000] {logging_mixin.py:188} INFO - [2024-02-06T15:31:58.213+0000] {dag.py:3036} INFO - Sync 2 DAGs
[2024-02-06T15:31:58.227+0000] {logging_mixin.py:188} INFO - [2024-02-06T15:31:58.227+0000] {dag.py:3823} INFO - Setting next_dagrun for example_xcom_args to None, run_after=None
[2024-02-06T15:31:58.231+0000] {logging_mixin.py:188} INFO - [2024-02-06T15:31:58.230+0000] {dag.py:3823} INFO - Setting next_dagrun for example_xcom_args_with_operators to None, run_after=None
[2024-02-06T15:31:58.248+0000] {processor.py:183} INFO - Processing /home/airflow/.local/lib/python3.8/site-packages/airflow/example_dags/example_xcomargs.py took 0.073 seconds
[2024-02-06T15:32:28.517+0000] {processor.py:161} INFO - Started process (PID=393) to work on /home/airflow/.local/lib/python3.8/site-packages/airflow/example_dags/example_xcomargs.py
[2024-02-06T15:32:28.518+0000] {processor.py:830} INFO - Processing file /home/airflow/.local/lib/python3.8/site-packages/airflow/example_dags/example_xcomargs.py for tasks to queue
[2024-02-06T15:32:28.520+0000] {logging_mixin.py:188} INFO - [2024-02-06T15:32:28.520+0000] {dagbag.py:538} INFO - Filling up the DagBag from /home/airflow/.local/lib/python3.8/site-packages/airflow/example_dags/example_xcomargs.py
[2024-02-06T15:32:28.529+0000] {processor.py:840} INFO - DAG(s) 'example_xcom_args', 'example_xcom_args_with_operators' retrieved from /home/airflow/.local/lib/python3.8/site-packages/airflow/example_dags/example_xcomargs.py
[2024-02-06T15:32:28.552+0000] {logging_mixin.py:188} INFO - [2024-02-06T15:32:28.552+0000] {dag.py:3036} INFO - Sync 2 DAGs
[2024-02-06T15:32:28.565+0000] {logging_mixin.py:188} INFO - [2024-02-06T15:32:28.564+0000] {dag.py:3823} INFO - Setting next_dagrun for example_xcom_args to None, run_after=None
[2024-02-06T15:32:28.568+0000] {logging_mixin.py:188} INFO - [2024-02-06T15:32:28.568+0000] {dag.py:3823} INFO - Setting next_dagrun for example_xcom_args_with_operators to None, run_after=None
[2024-02-06T15:32:28.585+0000] {processor.py:183} INFO - Processing /home/airflow/.local/lib/python3.8/site-packages/airflow/example_dags/example_xcomargs.py took 0.071 seconds
[2024-02-06T15:32:58.689+0000] {processor.py:161} INFO - Started process (PID=450) to work on /home/airflow/.local/lib/python3.8/site-packages/airflow/example_dags/example_xcomargs.py
[2024-02-06T15:32:58.690+0000] {processor.py:830} INFO - Processing file /home/airflow/.local/lib/python3.8/site-packages/airflow/example_dags/example_xcomargs.py for tasks to queue
[2024-02-06T15:32:58.691+0000] {logging_mixin.py:188} INFO - [2024-02-06T15:32:58.691+0000] {dagbag.py:538} INFO - Filling up the DagBag from /home/airflow/.local/lib/python3.8/site-packages/airflow/example_dags/example_xcomargs.py
[2024-02-06T15:32:58.700+0000] {processor.py:840} INFO - DAG(s) 'example_xcom_args_with_operators', 'example_xcom_args' retrieved from /home/airflow/.local/lib/python3.8/site-packages/airflow/example_dags/example_xcomargs.py
[2024-02-06T15:32:58.723+0000] {logging_mixin.py:188} INFO - [2024-02-06T15:32:58.723+0000] {dag.py:3036} INFO - Sync 2 DAGs
[2024-02-06T15:32:58.736+0000] {logging_mixin.py:188} INFO - [2024-02-06T15:32:58.736+0000] {dag.py:3823} INFO - Setting next_dagrun for example_xcom_args to None, run_after=None
[2024-02-06T15:32:58.740+0000] {logging_mixin.py:188} INFO - [2024-02-06T15:32:58.740+0000] {dag.py:3823} INFO - Setting next_dagrun for example_xcom_args_with_operators to None, run_after=None
[2024-02-06T15:32:58.756+0000] {processor.py:183} INFO - Processing /home/airflow/.local/lib/python3.8/site-packages/airflow/example_dags/example_xcomargs.py took 0.070 seconds
[2024-02-06T15:33:29.063+0000] {processor.py:161} INFO - Started process (PID=507) to work on /home/airflow/.local/lib/python3.8/site-packages/airflow/example_dags/example_xcomargs.py
[2024-02-06T15:33:29.064+0000] {processor.py:830} INFO - Processing file /home/airflow/.local/lib/python3.8/site-packages/airflow/example_dags/example_xcomargs.py for tasks to queue
[2024-02-06T15:33:29.066+0000] {logging_mixin.py:188} INFO - [2024-02-06T15:33:29.066+0000] {dagbag.py:538} INFO - Filling up the DagBag from /home/airflow/.local/lib/python3.8/site-packages/airflow/example_dags/example_xcomargs.py
[2024-02-06T15:33:29.074+0000] {processor.py:840} INFO - DAG(s) 'example_xcom_args', 'example_xcom_args_with_operators' retrieved from /home/airflow/.local/lib/python3.8/site-packages/airflow/example_dags/example_xcomargs.py
[2024-02-06T15:33:29.099+0000] {logging_mixin.py:188} INFO - [2024-02-06T15:33:29.099+0000] {dag.py:3036} INFO - Sync 2 DAGs
[2024-02-06T15:33:29.112+0000] {logging_mixin.py:188} INFO - [2024-02-06T15:33:29.112+0000] {dag.py:3823} INFO - Setting next_dagrun for example_xcom_args to None, run_after=None
[2024-02-06T15:33:29.116+0000] {logging_mixin.py:188} INFO - [2024-02-06T15:33:29.116+0000] {dag.py:3823} INFO - Setting next_dagrun for example_xcom_args_with_operators to None, run_after=None
[2024-02-06T15:33:29.133+0000] {processor.py:183} INFO - Processing /home/airflow/.local/lib/python3.8/site-packages/airflow/example_dags/example_xcomargs.py took 0.073 seconds
[2024-02-06T15:33:59.433+0000] {processor.py:161} INFO - Started process (PID=563) to work on /home/airflow/.local/lib/python3.8/site-packages/airflow/example_dags/example_xcomargs.py
[2024-02-06T15:33:59.434+0000] {processor.py:830} INFO - Processing file /home/airflow/.local/lib/python3.8/site-packages/airflow/example_dags/example_xcomargs.py for tasks to queue
[2024-02-06T15:33:59.435+0000] {logging_mixin.py:188} INFO - [2024-02-06T15:33:59.435+0000] {dagbag.py:538} INFO - Filling up the DagBag from /home/airflow/.local/lib/python3.8/site-packages/airflow/example_dags/example_xcomargs.py
[2024-02-06T15:33:59.444+0000] {processor.py:840} INFO - DAG(s) 'example_xcom_args_with_operators', 'example_xcom_args' retrieved from /home/airflow/.local/lib/python3.8/site-packages/airflow/example_dags/example_xcomargs.py
[2024-02-06T15:33:59.467+0000] {logging_mixin.py:188} INFO - [2024-02-06T15:33:59.467+0000] {dag.py:3036} INFO - Sync 2 DAGs
[2024-02-06T15:33:59.480+0000] {logging_mixin.py:188} INFO - [2024-02-06T15:33:59.479+0000] {dag.py:3823} INFO - Setting next_dagrun for example_xcom_args to None, run_after=None
[2024-02-06T15:33:59.483+0000] {logging_mixin.py:188} INFO - [2024-02-06T15:33:59.483+0000] {dag.py:3823} INFO - Setting next_dagrun for example_xcom_args_with_operators to None, run_after=None
[2024-02-06T15:33:59.500+0000] {processor.py:183} INFO - Processing /home/airflow/.local/lib/python3.8/site-packages/airflow/example_dags/example_xcomargs.py took 0.071 seconds
[2024-02-06T15:34:29.852+0000] {processor.py:161} INFO - Started process (PID=620) to work on /home/airflow/.local/lib/python3.8/site-packages/airflow/example_dags/example_xcomargs.py
[2024-02-06T15:34:29.853+0000] {processor.py:830} INFO - Processing file /home/airflow/.local/lib/python3.8/site-packages/airflow/example_dags/example_xcomargs.py for tasks to queue
[2024-02-06T15:34:29.855+0000] {logging_mixin.py:188} INFO - [2024-02-06T15:34:29.854+0000] {dagbag.py:538} INFO - Filling up the DagBag from /home/airflow/.local/lib/python3.8/site-packages/airflow/example_dags/example_xcomargs.py
[2024-02-06T15:34:29.863+0000] {processor.py:840} INFO - DAG(s) 'example_xcom_args', 'example_xcom_args_with_operators' retrieved from /home/airflow/.local/lib/python3.8/site-packages/airflow/example_dags/example_xcomargs.py
[2024-02-06T15:34:29.887+0000] {logging_mixin.py:188} INFO - [2024-02-06T15:34:29.887+0000] {dag.py:3036} INFO - Sync 2 DAGs
[2024-02-06T15:34:29.900+0000] {logging_mixin.py:188} INFO - [2024-02-06T15:34:29.900+0000] {dag.py:3823} INFO - Setting next_dagrun for example_xcom_args to None, run_after=None
[2024-02-06T15:34:29.904+0000] {logging_mixin.py:188} INFO - [2024-02-06T15:34:29.904+0000] {dag.py:3823} INFO - Setting next_dagrun for example_xcom_args_with_operators to None, run_after=None
[2024-02-06T15:34:29.922+0000] {processor.py:183} INFO - Processing /home/airflow/.local/lib/python3.8/site-packages/airflow/example_dags/example_xcomargs.py took 0.073 seconds
[2024-02-06T15:35:00.284+0000] {processor.py:161} INFO - Started process (PID=677) to work on /home/airflow/.local/lib/python3.8/site-packages/airflow/example_dags/example_xcomargs.py
[2024-02-06T15:35:00.285+0000] {processor.py:830} INFO - Processing file /home/airflow/.local/lib/python3.8/site-packages/airflow/example_dags/example_xcomargs.py for tasks to queue
[2024-02-06T15:35:00.287+0000] {logging_mixin.py:188} INFO - [2024-02-06T15:35:00.287+0000] {dagbag.py:538} INFO - Filling up the DagBag from /home/airflow/.local/lib/python3.8/site-packages/airflow/example_dags/example_xcomargs.py
[2024-02-06T15:35:00.296+0000] {processor.py:840} INFO - DAG(s) 'example_xcom_args', 'example_xcom_args_with_operators' retrieved from /home/airflow/.local/lib/python3.8/site-packages/airflow/example_dags/example_xcomargs.py
[2024-02-06T15:35:00.322+0000] {logging_mixin.py:188} INFO - [2024-02-06T15:35:00.322+0000] {dag.py:3036} INFO - Sync 2 DAGs
[2024-02-06T15:35:00.335+0000] {logging_mixin.py:188} INFO - [2024-02-06T15:35:00.335+0000] {dag.py:3823} INFO - Setting next_dagrun for example_xcom_args to None, run_after=None
[2024-02-06T15:35:00.339+0000] {logging_mixin.py:188} INFO - [2024-02-06T15:35:00.339+0000] {dag.py:3823} INFO - Setting next_dagrun for example_xcom_args_with_operators to None, run_after=None
[2024-02-06T15:35:00.356+0000] {processor.py:183} INFO - Processing /home/airflow/.local/lib/python3.8/site-packages/airflow/example_dags/example_xcomargs.py took 0.076 seconds
[2024-02-06T15:35:30.458+0000] {processor.py:161} INFO - Started process (PID=734) to work on /home/airflow/.local/lib/python3.8/site-packages/airflow/example_dags/example_xcomargs.py
[2024-02-06T15:35:30.459+0000] {processor.py:830} INFO - Processing file /home/airflow/.local/lib/python3.8/site-packages/airflow/example_dags/example_xcomargs.py for tasks to queue
[2024-02-06T15:35:30.461+0000] {logging_mixin.py:188} INFO - [2024-02-06T15:35:30.461+0000] {dagbag.py:538} INFO - Filling up the DagBag from /home/airflow/.local/lib/python3.8/site-packages/airflow/example_dags/example_xcomargs.py
[2024-02-06T15:35:30.469+0000] {processor.py:840} INFO - DAG(s) 'example_xcom_args', 'example_xcom_args_with_operators' retrieved from /home/airflow/.local/lib/python3.8/site-packages/airflow/example_dags/example_xcomargs.py
[2024-02-06T15:35:30.493+0000] {logging_mixin.py:188} INFO - [2024-02-06T15:35:30.492+0000] {dag.py:3036} INFO - Sync 2 DAGs
[2024-02-06T15:35:30.506+0000] {logging_mixin.py:188} INFO - [2024-02-06T15:35:30.505+0000] {dag.py:3823} INFO - Setting next_dagrun for example_xcom_args to None, run_after=None
[2024-02-06T15:35:30.509+0000] {logging_mixin.py:188} INFO - [2024-02-06T15:35:30.509+0000] {dag.py:3823} INFO - Setting next_dagrun for example_xcom_args_with_operators to None, run_after=None
[2024-02-06T15:35:30.527+0000] {processor.py:183} INFO - Processing /home/airflow/.local/lib/python3.8/site-packages/airflow/example_dags/example_xcomargs.py took 0.072 seconds
[2024-02-06T15:36:00.842+0000] {processor.py:161} INFO - Started process (PID=791) to work on /home/airflow/.local/lib/python3.8/site-packages/airflow/example_dags/example_xcomargs.py
[2024-02-06T15:36:00.843+0000] {processor.py:830} INFO - Processing file /home/airflow/.local/lib/python3.8/site-packages/airflow/example_dags/example_xcomargs.py for tasks to queue
[2024-02-06T15:36:00.845+0000] {logging_mixin.py:188} INFO - [2024-02-06T15:36:00.845+0000] {dagbag.py:538} INFO - Filling up the DagBag from /home/airflow/.local/lib/python3.8/site-packages/airflow/example_dags/example_xcomargs.py
[2024-02-06T15:36:00.854+0000] {processor.py:840} INFO - DAG(s) 'example_xcom_args', 'example_xcom_args_with_operators' retrieved from /home/airflow/.local/lib/python3.8/site-packages/airflow/example_dags/example_xcomargs.py
[2024-02-06T15:36:00.879+0000] {logging_mixin.py:188} INFO - [2024-02-06T15:36:00.879+0000] {dag.py:3036} INFO - Sync 2 DAGs
[2024-02-06T15:36:00.892+0000] {logging_mixin.py:188} INFO - [2024-02-06T15:36:00.892+0000] {dag.py:3823} INFO - Setting next_dagrun for example_xcom_args to None, run_after=None
[2024-02-06T15:36:00.896+0000] {logging_mixin.py:188} INFO - [2024-02-06T15:36:00.896+0000] {dag.py:3823} INFO - Setting next_dagrun for example_xcom_args_with_operators to None, run_after=None
[2024-02-06T15:36:00.915+0000] {processor.py:183} INFO - Processing /home/airflow/.local/lib/python3.8/site-packages/airflow/example_dags/example_xcomargs.py took 0.076 seconds
[2024-02-06T15:36:30.982+0000] {processor.py:161} INFO - Started process (PID=848) to work on /home/airflow/.local/lib/python3.8/site-packages/airflow/example_dags/example_xcomargs.py
[2024-02-06T15:36:30.983+0000] {processor.py:830} INFO - Processing file /home/airflow/.local/lib/python3.8/site-packages/airflow/example_dags/example_xcomargs.py for tasks to queue
[2024-02-06T15:36:30.985+0000] {logging_mixin.py:188} INFO - [2024-02-06T15:36:30.985+0000] {dagbag.py:538} INFO - Filling up the DagBag from /home/airflow/.local/lib/python3.8/site-packages/airflow/example_dags/example_xcomargs.py
[2024-02-06T15:36:30.994+0000] {processor.py:840} INFO - DAG(s) 'example_xcom_args', 'example_xcom_args_with_operators' retrieved from /home/airflow/.local/lib/python3.8/site-packages/airflow/example_dags/example_xcomargs.py
[2024-02-06T15:36:31.025+0000] {logging_mixin.py:188} INFO - [2024-02-06T15:36:31.025+0000] {dag.py:3036} INFO - Sync 2 DAGs
[2024-02-06T15:36:31.042+0000] {logging_mixin.py:188} INFO - [2024-02-06T15:36:31.042+0000] {dag.py:3823} INFO - Setting next_dagrun for example_xcom_args to None, run_after=None
[2024-02-06T15:36:31.048+0000] {logging_mixin.py:188} INFO - [2024-02-06T15:36:31.047+0000] {dag.py:3823} INFO - Setting next_dagrun for example_xcom_args_with_operators to None, run_after=None
[2024-02-06T15:36:31.067+0000] {processor.py:183} INFO - Processing /home/airflow/.local/lib/python3.8/site-packages/airflow/example_dags/example_xcomargs.py took 0.088 seconds
