[2024-02-06T15:24:40.221+0000] {processor.py:161} INFO - Started process (PID=70) to work on /home/airflow/.local/lib/python3.8/site-packages/airflow/example_dags/example_python_operator.py
[2024-02-06T15:24:40.222+0000] {processor.py:830} INFO - Processing file /home/airflow/.local/lib/python3.8/site-packages/airflow/example_dags/example_python_operator.py for tasks to queue
[2024-02-06T15:24:40.225+0000] {logging_mixin.py:188} INFO - [2024-02-06T15:24:40.224+0000] {dagbag.py:538} INFO - Filling up the DagBag from /home/airflow/.local/lib/python3.8/site-packages/airflow/example_dags/example_python_operator.py
[2024-02-06T15:24:40.237+0000] {processor.py:840} INFO - DAG(s) 'example_python_operator' retrieved from /home/airflow/.local/lib/python3.8/site-packages/airflow/example_dags/example_python_operator.py
[2024-02-06T15:24:40.252+0000] {logging_mixin.py:188} INFO - [2024-02-06T15:24:40.252+0000] {dag.py:3036} INFO - Sync 1 DAGs
[2024-02-06T15:24:40.267+0000] {logging_mixin.py:188} INFO - [2024-02-06T15:24:40.266+0000] {dag.py:3823} INFO - Setting next_dagrun for example_python_operator to None, run_after=None
[2024-02-06T15:24:40.290+0000] {processor.py:183} INFO - Processing /home/airflow/.local/lib/python3.8/site-packages/airflow/example_dags/example_python_operator.py took 0.075 seconds
[2024-02-06T15:25:11.057+0000] {processor.py:161} INFO - Started process (PID=127) to work on /home/airflow/.local/lib/python3.8/site-packages/airflow/example_dags/example_python_operator.py
[2024-02-06T15:25:11.058+0000] {processor.py:830} INFO - Processing file /home/airflow/.local/lib/python3.8/site-packages/airflow/example_dags/example_python_operator.py for tasks to queue
[2024-02-06T15:25:11.060+0000] {logging_mixin.py:188} INFO - [2024-02-06T15:25:11.060+0000] {dagbag.py:538} INFO - Filling up the DagBag from /home/airflow/.local/lib/python3.8/site-packages/airflow/example_dags/example_python_operator.py
[2024-02-06T15:25:11.069+0000] {processor.py:840} INFO - DAG(s) 'example_python_operator' retrieved from /home/airflow/.local/lib/python3.8/site-packages/airflow/example_dags/example_python_operator.py
[2024-02-06T15:25:11.171+0000] {logging_mixin.py:188} INFO - [2024-02-06T15:25:11.171+0000] {dag.py:3036} INFO - Sync 1 DAGs
[2024-02-06T15:25:11.181+0000] {logging_mixin.py:188} INFO - [2024-02-06T15:25:11.181+0000] {dag.py:3823} INFO - Setting next_dagrun for example_python_operator to None, run_after=None
[2024-02-06T15:25:11.202+0000] {processor.py:183} INFO - Processing /home/airflow/.local/lib/python3.8/site-packages/airflow/example_dags/example_python_operator.py took 0.147 seconds
[2024-02-06T15:25:41.598+0000] {processor.py:161} INFO - Started process (PID=184) to work on /home/airflow/.local/lib/python3.8/site-packages/airflow/example_dags/example_python_operator.py
[2024-02-06T15:25:41.599+0000] {processor.py:830} INFO - Processing file /home/airflow/.local/lib/python3.8/site-packages/airflow/example_dags/example_python_operator.py for tasks to queue
[2024-02-06T15:25:41.602+0000] {logging_mixin.py:188} INFO - [2024-02-06T15:25:41.601+0000] {dagbag.py:538} INFO - Filling up the DagBag from /home/airflow/.local/lib/python3.8/site-packages/airflow/example_dags/example_python_operator.py
[2024-02-06T15:25:41.615+0000] {processor.py:840} INFO - DAG(s) 'example_python_operator' retrieved from /home/airflow/.local/lib/python3.8/site-packages/airflow/example_dags/example_python_operator.py
[2024-02-06T15:25:41.640+0000] {logging_mixin.py:188} INFO - [2024-02-06T15:25:41.640+0000] {dag.py:3036} INFO - Sync 1 DAGs
[2024-02-06T15:25:41.653+0000] {logging_mixin.py:188} INFO - [2024-02-06T15:25:41.652+0000] {dag.py:3823} INFO - Setting next_dagrun for example_python_operator to None, run_after=None
[2024-02-06T15:25:41.671+0000] {processor.py:183} INFO - Processing /home/airflow/.local/lib/python3.8/site-packages/airflow/example_dags/example_python_operator.py took 0.077 seconds
[2024-02-06T15:28:54.935+0000] {processor.py:161} INFO - Started process (PID=71) to work on /home/airflow/.local/lib/python3.8/site-packages/airflow/example_dags/example_python_operator.py
[2024-02-06T15:28:54.936+0000] {processor.py:830} INFO - Processing file /home/airflow/.local/lib/python3.8/site-packages/airflow/example_dags/example_python_operator.py for tasks to queue
[2024-02-06T15:28:54.938+0000] {logging_mixin.py:188} INFO - [2024-02-06T15:28:54.938+0000] {dagbag.py:538} INFO - Filling up the DagBag from /home/airflow/.local/lib/python3.8/site-packages/airflow/example_dags/example_python_operator.py
[2024-02-06T15:28:54.950+0000] {processor.py:840} INFO - DAG(s) 'example_python_operator' retrieved from /home/airflow/.local/lib/python3.8/site-packages/airflow/example_dags/example_python_operator.py
[2024-02-06T15:28:54.963+0000] {logging_mixin.py:188} INFO - [2024-02-06T15:28:54.963+0000] {dag.py:3036} INFO - Sync 1 DAGs
[2024-02-06T15:28:54.979+0000] {logging_mixin.py:188} INFO - [2024-02-06T15:28:54.979+0000] {dag.py:3823} INFO - Setting next_dagrun for example_python_operator to None, run_after=None
[2024-02-06T15:28:54.999+0000] {processor.py:183} INFO - Processing /home/airflow/.local/lib/python3.8/site-packages/airflow/example_dags/example_python_operator.py took 0.068 seconds
[2024-02-06T15:29:26.166+0000] {processor.py:161} INFO - Started process (PID=128) to work on /home/airflow/.local/lib/python3.8/site-packages/airflow/example_dags/example_python_operator.py
[2024-02-06T15:29:26.167+0000] {processor.py:830} INFO - Processing file /home/airflow/.local/lib/python3.8/site-packages/airflow/example_dags/example_python_operator.py for tasks to queue
[2024-02-06T15:29:26.169+0000] {logging_mixin.py:188} INFO - [2024-02-06T15:29:26.168+0000] {dagbag.py:538} INFO - Filling up the DagBag from /home/airflow/.local/lib/python3.8/site-packages/airflow/example_dags/example_python_operator.py
[2024-02-06T15:29:26.178+0000] {processor.py:840} INFO - DAG(s) 'example_python_operator' retrieved from /home/airflow/.local/lib/python3.8/site-packages/airflow/example_dags/example_python_operator.py
[2024-02-06T15:29:26.322+0000] {logging_mixin.py:188} INFO - [2024-02-06T15:29:26.322+0000] {dag.py:3036} INFO - Sync 1 DAGs
[2024-02-06T15:29:26.335+0000] {logging_mixin.py:188} INFO - [2024-02-06T15:29:26.335+0000] {dag.py:3823} INFO - Setting next_dagrun for example_python_operator to None, run_after=None
[2024-02-06T15:29:26.360+0000] {processor.py:183} INFO - Processing /home/airflow/.local/lib/python3.8/site-packages/airflow/example_dags/example_python_operator.py took 0.197 seconds
[2024-02-06T15:29:57.012+0000] {processor.py:161} INFO - Started process (PID=185) to work on /home/airflow/.local/lib/python3.8/site-packages/airflow/example_dags/example_python_operator.py
[2024-02-06T15:29:57.013+0000] {processor.py:830} INFO - Processing file /home/airflow/.local/lib/python3.8/site-packages/airflow/example_dags/example_python_operator.py for tasks to queue
[2024-02-06T15:29:57.016+0000] {logging_mixin.py:188} INFO - [2024-02-06T15:29:57.015+0000] {dagbag.py:538} INFO - Filling up the DagBag from /home/airflow/.local/lib/python3.8/site-packages/airflow/example_dags/example_python_operator.py
[2024-02-06T15:29:57.030+0000] {processor.py:840} INFO - DAG(s) 'example_python_operator' retrieved from /home/airflow/.local/lib/python3.8/site-packages/airflow/example_dags/example_python_operator.py
[2024-02-06T15:29:57.058+0000] {logging_mixin.py:188} INFO - [2024-02-06T15:29:57.057+0000] {dag.py:3036} INFO - Sync 1 DAGs
[2024-02-06T15:29:57.073+0000] {logging_mixin.py:188} INFO - [2024-02-06T15:29:57.072+0000] {dag.py:3823} INFO - Setting next_dagrun for example_python_operator to None, run_after=None
[2024-02-06T15:29:57.095+0000] {processor.py:183} INFO - Processing /home/airflow/.local/lib/python3.8/site-packages/airflow/example_dags/example_python_operator.py took 0.088 seconds
[2024-02-06T15:30:59.742+0000] {processor.py:161} INFO - Started process (PID=248) to work on /home/airflow/.local/lib/python3.8/site-packages/airflow/example_dags/example_python_operator.py
[2024-02-06T15:30:59.744+0000] {processor.py:830} INFO - Processing file /home/airflow/.local/lib/python3.8/site-packages/airflow/example_dags/example_python_operator.py for tasks to queue
[2024-02-06T15:30:59.747+0000] {logging_mixin.py:188} INFO - [2024-02-06T15:30:59.746+0000] {dagbag.py:538} INFO - Filling up the DagBag from /home/airflow/.local/lib/python3.8/site-packages/airflow/example_dags/example_python_operator.py
[2024-02-06T15:30:59.763+0000] {processor.py:840} INFO - DAG(s) 'example_python_operator' retrieved from /home/airflow/.local/lib/python3.8/site-packages/airflow/example_dags/example_python_operator.py
[2024-02-06T15:30:59.799+0000] {logging_mixin.py:188} INFO - [2024-02-06T15:30:59.798+0000] {dag.py:3036} INFO - Sync 1 DAGs
[2024-02-06T15:30:59.822+0000] {logging_mixin.py:188} INFO - [2024-02-06T15:30:59.822+0000] {dag.py:3823} INFO - Setting next_dagrun for example_python_operator to None, run_after=None
[2024-02-06T15:30:59.855+0000] {processor.py:183} INFO - Processing /home/airflow/.local/lib/python3.8/site-packages/airflow/example_dags/example_python_operator.py took 0.118 seconds
[2024-02-06T15:31:30.795+0000] {processor.py:161} INFO - Started process (PID=305) to work on /home/airflow/.local/lib/python3.8/site-packages/airflow/example_dags/example_python_operator.py
[2024-02-06T15:31:30.796+0000] {processor.py:830} INFO - Processing file /home/airflow/.local/lib/python3.8/site-packages/airflow/example_dags/example_python_operator.py for tasks to queue
[2024-02-06T15:31:30.798+0000] {logging_mixin.py:188} INFO - [2024-02-06T15:31:30.797+0000] {dagbag.py:538} INFO - Filling up the DagBag from /home/airflow/.local/lib/python3.8/site-packages/airflow/example_dags/example_python_operator.py
[2024-02-06T15:31:30.812+0000] {processor.py:840} INFO - DAG(s) 'example_python_operator' retrieved from /home/airflow/.local/lib/python3.8/site-packages/airflow/example_dags/example_python_operator.py
[2024-02-06T15:31:30.838+0000] {logging_mixin.py:188} INFO - [2024-02-06T15:31:30.837+0000] {dag.py:3036} INFO - Sync 1 DAGs
[2024-02-06T15:31:30.856+0000] {logging_mixin.py:188} INFO - [2024-02-06T15:31:30.856+0000] {dag.py:3823} INFO - Setting next_dagrun for example_python_operator to None, run_after=None
[2024-02-06T15:31:30.883+0000] {processor.py:183} INFO - Processing /home/airflow/.local/lib/python3.8/site-packages/airflow/example_dags/example_python_operator.py took 0.093 seconds
[2024-02-06T15:32:01.395+0000] {processor.py:161} INFO - Started process (PID=362) to work on /home/airflow/.local/lib/python3.8/site-packages/airflow/example_dags/example_python_operator.py
[2024-02-06T15:32:01.397+0000] {processor.py:830} INFO - Processing file /home/airflow/.local/lib/python3.8/site-packages/airflow/example_dags/example_python_operator.py for tasks to queue
[2024-02-06T15:32:01.401+0000] {logging_mixin.py:188} INFO - [2024-02-06T15:32:01.400+0000] {dagbag.py:538} INFO - Filling up the DagBag from /home/airflow/.local/lib/python3.8/site-packages/airflow/example_dags/example_python_operator.py
[2024-02-06T15:32:01.417+0000] {processor.py:840} INFO - DAG(s) 'example_python_operator' retrieved from /home/airflow/.local/lib/python3.8/site-packages/airflow/example_dags/example_python_operator.py
[2024-02-06T15:32:01.447+0000] {logging_mixin.py:188} INFO - [2024-02-06T15:32:01.446+0000] {dag.py:3036} INFO - Sync 1 DAGs
[2024-02-06T15:32:01.462+0000] {logging_mixin.py:188} INFO - [2024-02-06T15:32:01.461+0000] {dag.py:3823} INFO - Setting next_dagrun for example_python_operator to None, run_after=None
[2024-02-06T15:32:01.482+0000] {processor.py:183} INFO - Processing /home/airflow/.local/lib/python3.8/site-packages/airflow/example_dags/example_python_operator.py took 0.094 seconds
[2024-02-06T15:32:32.296+0000] {processor.py:161} INFO - Started process (PID=419) to work on /home/airflow/.local/lib/python3.8/site-packages/airflow/example_dags/example_python_operator.py
[2024-02-06T15:32:32.297+0000] {processor.py:830} INFO - Processing file /home/airflow/.local/lib/python3.8/site-packages/airflow/example_dags/example_python_operator.py for tasks to queue
[2024-02-06T15:32:32.299+0000] {logging_mixin.py:188} INFO - [2024-02-06T15:32:32.299+0000] {dagbag.py:538} INFO - Filling up the DagBag from /home/airflow/.local/lib/python3.8/site-packages/airflow/example_dags/example_python_operator.py
[2024-02-06T15:32:32.310+0000] {processor.py:840} INFO - DAG(s) 'example_python_operator' retrieved from /home/airflow/.local/lib/python3.8/site-packages/airflow/example_dags/example_python_operator.py
[2024-02-06T15:32:32.334+0000] {logging_mixin.py:188} INFO - [2024-02-06T15:32:32.333+0000] {dag.py:3036} INFO - Sync 1 DAGs
[2024-02-06T15:32:32.348+0000] {logging_mixin.py:188} INFO - [2024-02-06T15:32:32.348+0000] {dag.py:3823} INFO - Setting next_dagrun for example_python_operator to None, run_after=None
[2024-02-06T15:32:32.367+0000] {processor.py:183} INFO - Processing /home/airflow/.local/lib/python3.8/site-packages/airflow/example_dags/example_python_operator.py took 0.075 seconds
[2024-02-06T15:33:03.639+0000] {processor.py:161} INFO - Started process (PID=476) to work on /home/airflow/.local/lib/python3.8/site-packages/airflow/example_dags/example_python_operator.py
[2024-02-06T15:33:03.640+0000] {processor.py:830} INFO - Processing file /home/airflow/.local/lib/python3.8/site-packages/airflow/example_dags/example_python_operator.py for tasks to queue
[2024-02-06T15:33:03.642+0000] {logging_mixin.py:188} INFO - [2024-02-06T15:33:03.642+0000] {dagbag.py:538} INFO - Filling up the DagBag from /home/airflow/.local/lib/python3.8/site-packages/airflow/example_dags/example_python_operator.py
[2024-02-06T15:33:03.652+0000] {processor.py:840} INFO - DAG(s) 'example_python_operator' retrieved from /home/airflow/.local/lib/python3.8/site-packages/airflow/example_dags/example_python_operator.py
[2024-02-06T15:33:03.674+0000] {logging_mixin.py:188} INFO - [2024-02-06T15:33:03.673+0000] {dag.py:3036} INFO - Sync 1 DAGs
[2024-02-06T15:33:03.685+0000] {logging_mixin.py:188} INFO - [2024-02-06T15:33:03.685+0000] {dag.py:3823} INFO - Setting next_dagrun for example_python_operator to None, run_after=None
[2024-02-06T15:33:03.703+0000] {processor.py:183} INFO - Processing /home/airflow/.local/lib/python3.8/site-packages/airflow/example_dags/example_python_operator.py took 0.068 seconds
[2024-02-06T15:33:34.690+0000] {processor.py:161} INFO - Started process (PID=533) to work on /home/airflow/.local/lib/python3.8/site-packages/airflow/example_dags/example_python_operator.py
[2024-02-06T15:33:34.691+0000] {processor.py:830} INFO - Processing file /home/airflow/.local/lib/python3.8/site-packages/airflow/example_dags/example_python_operator.py for tasks to queue
[2024-02-06T15:33:34.692+0000] {logging_mixin.py:188} INFO - [2024-02-06T15:33:34.692+0000] {dagbag.py:538} INFO - Filling up the DagBag from /home/airflow/.local/lib/python3.8/site-packages/airflow/example_dags/example_python_operator.py
[2024-02-06T15:33:34.703+0000] {processor.py:840} INFO - DAG(s) 'example_python_operator' retrieved from /home/airflow/.local/lib/python3.8/site-packages/airflow/example_dags/example_python_operator.py
[2024-02-06T15:33:34.724+0000] {logging_mixin.py:188} INFO - [2024-02-06T15:33:34.724+0000] {dag.py:3036} INFO - Sync 1 DAGs
[2024-02-06T15:33:34.736+0000] {logging_mixin.py:188} INFO - [2024-02-06T15:33:34.736+0000] {dag.py:3823} INFO - Setting next_dagrun for example_python_operator to None, run_after=None
[2024-02-06T15:33:34.759+0000] {processor.py:183} INFO - Processing /home/airflow/.local/lib/python3.8/site-packages/airflow/example_dags/example_python_operator.py took 0.072 seconds
[2024-02-06T15:34:04.870+0000] {processor.py:161} INFO - Started process (PID=588) to work on /home/airflow/.local/lib/python3.8/site-packages/airflow/example_dags/example_python_operator.py
[2024-02-06T15:34:04.871+0000] {processor.py:830} INFO - Processing file /home/airflow/.local/lib/python3.8/site-packages/airflow/example_dags/example_python_operator.py for tasks to queue
[2024-02-06T15:34:04.872+0000] {logging_mixin.py:188} INFO - [2024-02-06T15:34:04.872+0000] {dagbag.py:538} INFO - Filling up the DagBag from /home/airflow/.local/lib/python3.8/site-packages/airflow/example_dags/example_python_operator.py
[2024-02-06T15:34:04.882+0000] {processor.py:840} INFO - DAG(s) 'example_python_operator' retrieved from /home/airflow/.local/lib/python3.8/site-packages/airflow/example_dags/example_python_operator.py
[2024-02-06T15:34:04.903+0000] {logging_mixin.py:188} INFO - [2024-02-06T15:34:04.903+0000] {dag.py:3036} INFO - Sync 1 DAGs
[2024-02-06T15:34:04.915+0000] {logging_mixin.py:188} INFO - [2024-02-06T15:34:04.915+0000] {dag.py:3823} INFO - Setting next_dagrun for example_python_operator to None, run_after=None
[2024-02-06T15:34:04.933+0000] {processor.py:183} INFO - Processing /home/airflow/.local/lib/python3.8/site-packages/airflow/example_dags/example_python_operator.py took 0.066 seconds
[2024-02-06T15:34:35.285+0000] {processor.py:161} INFO - Started process (PID=644) to work on /home/airflow/.local/lib/python3.8/site-packages/airflow/example_dags/example_python_operator.py
[2024-02-06T15:34:35.286+0000] {processor.py:830} INFO - Processing file /home/airflow/.local/lib/python3.8/site-packages/airflow/example_dags/example_python_operator.py for tasks to queue
[2024-02-06T15:34:35.288+0000] {logging_mixin.py:188} INFO - [2024-02-06T15:34:35.288+0000] {dagbag.py:538} INFO - Filling up the DagBag from /home/airflow/.local/lib/python3.8/site-packages/airflow/example_dags/example_python_operator.py
[2024-02-06T15:34:35.300+0000] {processor.py:840} INFO - DAG(s) 'example_python_operator' retrieved from /home/airflow/.local/lib/python3.8/site-packages/airflow/example_dags/example_python_operator.py
[2024-02-06T15:34:35.323+0000] {logging_mixin.py:188} INFO - [2024-02-06T15:34:35.322+0000] {dag.py:3036} INFO - Sync 1 DAGs
[2024-02-06T15:34:35.334+0000] {logging_mixin.py:188} INFO - [2024-02-06T15:34:35.334+0000] {dag.py:3823} INFO - Setting next_dagrun for example_python_operator to None, run_after=None
[2024-02-06T15:34:35.353+0000] {processor.py:183} INFO - Processing /home/airflow/.local/lib/python3.8/site-packages/airflow/example_dags/example_python_operator.py took 0.072 seconds
[2024-02-06T15:35:05.682+0000] {processor.py:161} INFO - Started process (PID=701) to work on /home/airflow/.local/lib/python3.8/site-packages/airflow/example_dags/example_python_operator.py
[2024-02-06T15:35:05.683+0000] {processor.py:830} INFO - Processing file /home/airflow/.local/lib/python3.8/site-packages/airflow/example_dags/example_python_operator.py for tasks to queue
[2024-02-06T15:35:05.685+0000] {logging_mixin.py:188} INFO - [2024-02-06T15:35:05.685+0000] {dagbag.py:538} INFO - Filling up the DagBag from /home/airflow/.local/lib/python3.8/site-packages/airflow/example_dags/example_python_operator.py
[2024-02-06T15:35:05.695+0000] {processor.py:840} INFO - DAG(s) 'example_python_operator' retrieved from /home/airflow/.local/lib/python3.8/site-packages/airflow/example_dags/example_python_operator.py
[2024-02-06T15:35:05.717+0000] {logging_mixin.py:188} INFO - [2024-02-06T15:35:05.717+0000] {dag.py:3036} INFO - Sync 1 DAGs
[2024-02-06T15:35:05.729+0000] {logging_mixin.py:188} INFO - [2024-02-06T15:35:05.729+0000] {dag.py:3823} INFO - Setting next_dagrun for example_python_operator to None, run_after=None
[2024-02-06T15:35:05.746+0000] {processor.py:183} INFO - Processing /home/airflow/.local/lib/python3.8/site-packages/airflow/example_dags/example_python_operator.py took 0.067 seconds
[2024-02-06T15:35:35.832+0000] {processor.py:161} INFO - Started process (PID=758) to work on /home/airflow/.local/lib/python3.8/site-packages/airflow/example_dags/example_python_operator.py
[2024-02-06T15:35:35.833+0000] {processor.py:830} INFO - Processing file /home/airflow/.local/lib/python3.8/site-packages/airflow/example_dags/example_python_operator.py for tasks to queue
[2024-02-06T15:35:35.835+0000] {logging_mixin.py:188} INFO - [2024-02-06T15:35:35.835+0000] {dagbag.py:538} INFO - Filling up the DagBag from /home/airflow/.local/lib/python3.8/site-packages/airflow/example_dags/example_python_operator.py
[2024-02-06T15:35:35.846+0000] {processor.py:840} INFO - DAG(s) 'example_python_operator' retrieved from /home/airflow/.local/lib/python3.8/site-packages/airflow/example_dags/example_python_operator.py
[2024-02-06T15:35:35.876+0000] {logging_mixin.py:188} INFO - [2024-02-06T15:35:35.875+0000] {dag.py:3036} INFO - Sync 1 DAGs
[2024-02-06T15:35:35.895+0000] {logging_mixin.py:188} INFO - [2024-02-06T15:35:35.894+0000] {dag.py:3823} INFO - Setting next_dagrun for example_python_operator to None, run_after=None
[2024-02-06T15:35:35.921+0000] {processor.py:183} INFO - Processing /home/airflow/.local/lib/python3.8/site-packages/airflow/example_dags/example_python_operator.py took 0.092 seconds
[2024-02-06T15:36:06.404+0000] {processor.py:161} INFO - Started process (PID=815) to work on /home/airflow/.local/lib/python3.8/site-packages/airflow/example_dags/example_python_operator.py
[2024-02-06T15:36:06.405+0000] {processor.py:830} INFO - Processing file /home/airflow/.local/lib/python3.8/site-packages/airflow/example_dags/example_python_operator.py for tasks to queue
[2024-02-06T15:36:06.407+0000] {logging_mixin.py:188} INFO - [2024-02-06T15:36:06.407+0000] {dagbag.py:538} INFO - Filling up the DagBag from /home/airflow/.local/lib/python3.8/site-packages/airflow/example_dags/example_python_operator.py
[2024-02-06T15:36:06.418+0000] {processor.py:840} INFO - DAG(s) 'example_python_operator' retrieved from /home/airflow/.local/lib/python3.8/site-packages/airflow/example_dags/example_python_operator.py
[2024-02-06T15:36:06.446+0000] {logging_mixin.py:188} INFO - [2024-02-06T15:36:06.446+0000] {dag.py:3036} INFO - Sync 1 DAGs
[2024-02-06T15:36:06.459+0000] {logging_mixin.py:188} INFO - [2024-02-06T15:36:06.458+0000] {dag.py:3823} INFO - Setting next_dagrun for example_python_operator to None, run_after=None
[2024-02-06T15:36:06.478+0000] {processor.py:183} INFO - Processing /home/airflow/.local/lib/python3.8/site-packages/airflow/example_dags/example_python_operator.py took 0.078 seconds
[2024-02-06T15:36:36.810+0000] {processor.py:161} INFO - Started process (PID=872) to work on /home/airflow/.local/lib/python3.8/site-packages/airflow/example_dags/example_python_operator.py
[2024-02-06T15:36:36.811+0000] {processor.py:830} INFO - Processing file /home/airflow/.local/lib/python3.8/site-packages/airflow/example_dags/example_python_operator.py for tasks to queue
[2024-02-06T15:36:36.814+0000] {logging_mixin.py:188} INFO - [2024-02-06T15:36:36.813+0000] {dagbag.py:538} INFO - Filling up the DagBag from /home/airflow/.local/lib/python3.8/site-packages/airflow/example_dags/example_python_operator.py
[2024-02-06T15:36:36.831+0000] {processor.py:840} INFO - DAG(s) 'example_python_operator' retrieved from /home/airflow/.local/lib/python3.8/site-packages/airflow/example_dags/example_python_operator.py
[2024-02-06T15:36:36.862+0000] {logging_mixin.py:188} INFO - [2024-02-06T15:36:36.862+0000] {dag.py:3036} INFO - Sync 1 DAGs
[2024-02-06T15:36:36.880+0000] {logging_mixin.py:188} INFO - [2024-02-06T15:36:36.879+0000] {dag.py:3823} INFO - Setting next_dagrun for example_python_operator to None, run_after=None
[2024-02-06T15:36:36.904+0000] {processor.py:183} INFO - Processing /home/airflow/.local/lib/python3.8/site-packages/airflow/example_dags/example_python_operator.py took 0.099 seconds
