[2024-02-06T15:24:39.827+0000] {processor.py:161} INFO - Started process (PID=66) to work on /home/airflow/.local/lib/python3.8/site-packages/airflow/example_dags/example_setup_teardown.py
[2024-02-06T15:24:39.828+0000] {processor.py:830} INFO - Processing file /home/airflow/.local/lib/python3.8/site-packages/airflow/example_dags/example_setup_teardown.py for tasks to queue
[2024-02-06T15:24:39.831+0000] {logging_mixin.py:188} INFO - [2024-02-06T15:24:39.830+0000] {dagbag.py:538} INFO - Filling up the DagBag from /home/airflow/.local/lib/python3.8/site-packages/airflow/example_dags/example_setup_teardown.py
[2024-02-06T15:24:39.845+0000] {processor.py:840} INFO - DAG(s) 'example_setup_teardown' retrieved from /home/airflow/.local/lib/python3.8/site-packages/airflow/example_dags/example_setup_teardown.py
[2024-02-06T15:24:39.864+0000] {logging_mixin.py:188} INFO - [2024-02-06T15:24:39.864+0000] {dag.py:3036} INFO - Sync 1 DAGs
[2024-02-06T15:24:39.897+0000] {logging_mixin.py:188} INFO - [2024-02-06T15:24:39.897+0000] {dag.py:3823} INFO - Setting next_dagrun for example_setup_teardown to 2024-02-05 00:00:00+00:00, run_after=2024-02-06 00:00:00+00:00
[2024-02-06T15:24:39.923+0000] {processor.py:183} INFO - Processing /home/airflow/.local/lib/python3.8/site-packages/airflow/example_dags/example_setup_teardown.py took 0.101 seconds
[2024-02-06T15:25:10.408+0000] {processor.py:161} INFO - Started process (PID=122) to work on /home/airflow/.local/lib/python3.8/site-packages/airflow/example_dags/example_setup_teardown.py
[2024-02-06T15:25:10.409+0000] {processor.py:830} INFO - Processing file /home/airflow/.local/lib/python3.8/site-packages/airflow/example_dags/example_setup_teardown.py for tasks to queue
[2024-02-06T15:25:10.410+0000] {logging_mixin.py:188} INFO - [2024-02-06T15:25:10.410+0000] {dagbag.py:538} INFO - Filling up the DagBag from /home/airflow/.local/lib/python3.8/site-packages/airflow/example_dags/example_setup_teardown.py
[2024-02-06T15:25:10.417+0000] {processor.py:840} INFO - DAG(s) 'example_setup_teardown' retrieved from /home/airflow/.local/lib/python3.8/site-packages/airflow/example_dags/example_setup_teardown.py
[2024-02-06T15:25:10.538+0000] {logging_mixin.py:188} INFO - [2024-02-06T15:25:10.538+0000] {dag.py:3036} INFO - Sync 1 DAGs
[2024-02-06T15:25:10.557+0000] {logging_mixin.py:188} INFO - [2024-02-06T15:25:10.557+0000] {dag.py:3823} INFO - Setting next_dagrun for example_setup_teardown to 2024-02-05 00:00:00+00:00, run_after=2024-02-06 00:00:00+00:00
[2024-02-06T15:25:10.576+0000] {processor.py:183} INFO - Processing /home/airflow/.local/lib/python3.8/site-packages/airflow/example_dags/example_setup_teardown.py took 0.172 seconds
[2024-02-06T15:25:41.168+0000] {processor.py:161} INFO - Started process (PID=180) to work on /home/airflow/.local/lib/python3.8/site-packages/airflow/example_dags/example_setup_teardown.py
[2024-02-06T15:25:41.169+0000] {processor.py:830} INFO - Processing file /home/airflow/.local/lib/python3.8/site-packages/airflow/example_dags/example_setup_teardown.py for tasks to queue
[2024-02-06T15:25:41.172+0000] {logging_mixin.py:188} INFO - [2024-02-06T15:25:41.172+0000] {dagbag.py:538} INFO - Filling up the DagBag from /home/airflow/.local/lib/python3.8/site-packages/airflow/example_dags/example_setup_teardown.py
[2024-02-06T15:25:41.182+0000] {processor.py:840} INFO - DAG(s) 'example_setup_teardown' retrieved from /home/airflow/.local/lib/python3.8/site-packages/airflow/example_dags/example_setup_teardown.py
[2024-02-06T15:25:41.211+0000] {logging_mixin.py:188} INFO - [2024-02-06T15:25:41.211+0000] {dag.py:3036} INFO - Sync 1 DAGs
[2024-02-06T15:25:41.243+0000] {logging_mixin.py:188} INFO - [2024-02-06T15:25:41.243+0000] {dag.py:3823} INFO - Setting next_dagrun for example_setup_teardown to 2024-02-05 00:00:00+00:00, run_after=2024-02-06 00:00:00+00:00
[2024-02-06T15:25:41.269+0000] {processor.py:183} INFO - Processing /home/airflow/.local/lib/python3.8/site-packages/airflow/example_dags/example_setup_teardown.py took 0.105 seconds
[2024-02-06T15:28:54.467+0000] {processor.py:161} INFO - Started process (PID=67) to work on /home/airflow/.local/lib/python3.8/site-packages/airflow/example_dags/example_setup_teardown.py
[2024-02-06T15:28:54.468+0000] {processor.py:830} INFO - Processing file /home/airflow/.local/lib/python3.8/site-packages/airflow/example_dags/example_setup_teardown.py for tasks to queue
[2024-02-06T15:28:54.470+0000] {logging_mixin.py:188} INFO - [2024-02-06T15:28:54.470+0000] {dagbag.py:538} INFO - Filling up the DagBag from /home/airflow/.local/lib/python3.8/site-packages/airflow/example_dags/example_setup_teardown.py
[2024-02-06T15:28:54.481+0000] {processor.py:840} INFO - DAG(s) 'example_setup_teardown' retrieved from /home/airflow/.local/lib/python3.8/site-packages/airflow/example_dags/example_setup_teardown.py
[2024-02-06T15:28:54.498+0000] {logging_mixin.py:188} INFO - [2024-02-06T15:28:54.498+0000] {dag.py:3036} INFO - Sync 1 DAGs
[2024-02-06T15:28:54.529+0000] {logging_mixin.py:188} INFO - [2024-02-06T15:28:54.529+0000] {dag.py:3823} INFO - Setting next_dagrun for example_setup_teardown to 2024-02-05 00:00:00+00:00, run_after=2024-02-06 00:00:00+00:00
[2024-02-06T15:28:54.555+0000] {processor.py:183} INFO - Processing /home/airflow/.local/lib/python3.8/site-packages/airflow/example_dags/example_setup_teardown.py took 0.092 seconds
[2024-02-06T15:29:25.571+0000] {processor.py:161} INFO - Started process (PID=123) to work on /home/airflow/.local/lib/python3.8/site-packages/airflow/example_dags/example_setup_teardown.py
[2024-02-06T15:29:25.572+0000] {processor.py:830} INFO - Processing file /home/airflow/.local/lib/python3.8/site-packages/airflow/example_dags/example_setup_teardown.py for tasks to queue
[2024-02-06T15:29:25.573+0000] {logging_mixin.py:188} INFO - [2024-02-06T15:29:25.573+0000] {dagbag.py:538} INFO - Filling up the DagBag from /home/airflow/.local/lib/python3.8/site-packages/airflow/example_dags/example_setup_teardown.py
[2024-02-06T15:29:25.580+0000] {processor.py:840} INFO - DAG(s) 'example_setup_teardown' retrieved from /home/airflow/.local/lib/python3.8/site-packages/airflow/example_dags/example_setup_teardown.py
[2024-02-06T15:29:25.692+0000] {logging_mixin.py:188} INFO - [2024-02-06T15:29:25.691+0000] {dag.py:3036} INFO - Sync 1 DAGs
[2024-02-06T15:29:25.712+0000] {logging_mixin.py:188} INFO - [2024-02-06T15:29:25.712+0000] {dag.py:3823} INFO - Setting next_dagrun for example_setup_teardown to 2024-02-05 00:00:00+00:00, run_after=2024-02-06 00:00:00+00:00
[2024-02-06T15:29:25.736+0000] {processor.py:183} INFO - Processing /home/airflow/.local/lib/python3.8/site-packages/airflow/example_dags/example_setup_teardown.py took 0.168 seconds
[2024-02-06T15:29:56.631+0000] {processor.py:161} INFO - Started process (PID=181) to work on /home/airflow/.local/lib/python3.8/site-packages/airflow/example_dags/example_setup_teardown.py
[2024-02-06T15:29:56.633+0000] {processor.py:830} INFO - Processing file /home/airflow/.local/lib/python3.8/site-packages/airflow/example_dags/example_setup_teardown.py for tasks to queue
[2024-02-06T15:29:56.636+0000] {logging_mixin.py:188} INFO - [2024-02-06T15:29:56.636+0000] {dagbag.py:538} INFO - Filling up the DagBag from /home/airflow/.local/lib/python3.8/site-packages/airflow/example_dags/example_setup_teardown.py
[2024-02-06T15:29:56.649+0000] {processor.py:840} INFO - DAG(s) 'example_setup_teardown' retrieved from /home/airflow/.local/lib/python3.8/site-packages/airflow/example_dags/example_setup_teardown.py
[2024-02-06T15:29:56.677+0000] {logging_mixin.py:188} INFO - [2024-02-06T15:29:56.677+0000] {dag.py:3036} INFO - Sync 1 DAGs
[2024-02-06T15:29:56.704+0000] {logging_mixin.py:188} INFO - [2024-02-06T15:29:56.703+0000] {dag.py:3823} INFO - Setting next_dagrun for example_setup_teardown to 2024-02-05 00:00:00+00:00, run_after=2024-02-06 00:00:00+00:00
[2024-02-06T15:29:56.726+0000] {processor.py:183} INFO - Processing /home/airflow/.local/lib/python3.8/site-packages/airflow/example_dags/example_setup_teardown.py took 0.100 seconds
[2024-02-06T15:30:59.335+0000] {processor.py:161} INFO - Started process (PID=244) to work on /home/airflow/.local/lib/python3.8/site-packages/airflow/example_dags/example_setup_teardown.py
[2024-02-06T15:30:59.336+0000] {processor.py:830} INFO - Processing file /home/airflow/.local/lib/python3.8/site-packages/airflow/example_dags/example_setup_teardown.py for tasks to queue
[2024-02-06T15:30:59.339+0000] {logging_mixin.py:188} INFO - [2024-02-06T15:30:59.339+0000] {dagbag.py:538} INFO - Filling up the DagBag from /home/airflow/.local/lib/python3.8/site-packages/airflow/example_dags/example_setup_teardown.py
[2024-02-06T15:30:59.348+0000] {processor.py:840} INFO - DAG(s) 'example_setup_teardown' retrieved from /home/airflow/.local/lib/python3.8/site-packages/airflow/example_dags/example_setup_teardown.py
[2024-02-06T15:30:59.387+0000] {logging_mixin.py:188} INFO - [2024-02-06T15:30:59.386+0000] {dag.py:3036} INFO - Sync 1 DAGs
[2024-02-06T15:30:59.431+0000] {logging_mixin.py:188} INFO - [2024-02-06T15:30:59.431+0000] {dag.py:3823} INFO - Setting next_dagrun for example_setup_teardown to 2024-02-05 00:00:00+00:00, run_after=2024-02-06 00:00:00+00:00
[2024-02-06T15:30:59.462+0000] {processor.py:183} INFO - Processing /home/airflow/.local/lib/python3.8/site-packages/airflow/example_dags/example_setup_teardown.py took 0.131 seconds
[2024-02-06T15:31:30.384+0000] {processor.py:161} INFO - Started process (PID=301) to work on /home/airflow/.local/lib/python3.8/site-packages/airflow/example_dags/example_setup_teardown.py
[2024-02-06T15:31:30.385+0000] {processor.py:830} INFO - Processing file /home/airflow/.local/lib/python3.8/site-packages/airflow/example_dags/example_setup_teardown.py for tasks to queue
[2024-02-06T15:31:30.387+0000] {logging_mixin.py:188} INFO - [2024-02-06T15:31:30.387+0000] {dagbag.py:538} INFO - Filling up the DagBag from /home/airflow/.local/lib/python3.8/site-packages/airflow/example_dags/example_setup_teardown.py
[2024-02-06T15:31:30.402+0000] {processor.py:840} INFO - DAG(s) 'example_setup_teardown' retrieved from /home/airflow/.local/lib/python3.8/site-packages/airflow/example_dags/example_setup_teardown.py
[2024-02-06T15:31:30.430+0000] {logging_mixin.py:188} INFO - [2024-02-06T15:31:30.430+0000] {dag.py:3036} INFO - Sync 1 DAGs
[2024-02-06T15:31:30.455+0000] {logging_mixin.py:188} INFO - [2024-02-06T15:31:30.455+0000] {dag.py:3823} INFO - Setting next_dagrun for example_setup_teardown to 2024-02-05 00:00:00+00:00, run_after=2024-02-06 00:00:00+00:00
[2024-02-06T15:31:30.479+0000] {processor.py:183} INFO - Processing /home/airflow/.local/lib/python3.8/site-packages/airflow/example_dags/example_setup_teardown.py took 0.099 seconds
[2024-02-06T15:32:00.946+0000] {processor.py:161} INFO - Started process (PID=358) to work on /home/airflow/.local/lib/python3.8/site-packages/airflow/example_dags/example_setup_teardown.py
[2024-02-06T15:32:00.947+0000] {processor.py:830} INFO - Processing file /home/airflow/.local/lib/python3.8/site-packages/airflow/example_dags/example_setup_teardown.py for tasks to queue
[2024-02-06T15:32:00.948+0000] {logging_mixin.py:188} INFO - [2024-02-06T15:32:00.948+0000] {dagbag.py:538} INFO - Filling up the DagBag from /home/airflow/.local/lib/python3.8/site-packages/airflow/example_dags/example_setup_teardown.py
[2024-02-06T15:32:00.955+0000] {processor.py:840} INFO - DAG(s) 'example_setup_teardown' retrieved from /home/airflow/.local/lib/python3.8/site-packages/airflow/example_dags/example_setup_teardown.py
[2024-02-06T15:32:00.975+0000] {logging_mixin.py:188} INFO - [2024-02-06T15:32:00.975+0000] {dag.py:3036} INFO - Sync 1 DAGs
[2024-02-06T15:32:00.998+0000] {logging_mixin.py:188} INFO - [2024-02-06T15:32:00.998+0000] {dag.py:3823} INFO - Setting next_dagrun for example_setup_teardown to 2024-02-05 00:00:00+00:00, run_after=2024-02-06 00:00:00+00:00
[2024-02-06T15:32:01.017+0000] {processor.py:183} INFO - Processing /home/airflow/.local/lib/python3.8/site-packages/airflow/example_dags/example_setup_teardown.py took 0.075 seconds
[2024-02-06T15:32:32.092+0000] {processor.py:161} INFO - Started process (PID=415) to work on /home/airflow/.local/lib/python3.8/site-packages/airflow/example_dags/example_setup_teardown.py
[2024-02-06T15:32:32.093+0000] {processor.py:830} INFO - Processing file /home/airflow/.local/lib/python3.8/site-packages/airflow/example_dags/example_setup_teardown.py for tasks to queue
[2024-02-06T15:32:32.095+0000] {logging_mixin.py:188} INFO - [2024-02-06T15:32:32.094+0000] {dagbag.py:538} INFO - Filling up the DagBag from /home/airflow/.local/lib/python3.8/site-packages/airflow/example_dags/example_setup_teardown.py
[2024-02-06T15:32:32.102+0000] {processor.py:840} INFO - DAG(s) 'example_setup_teardown' retrieved from /home/airflow/.local/lib/python3.8/site-packages/airflow/example_dags/example_setup_teardown.py
[2024-02-06T15:32:32.123+0000] {logging_mixin.py:188} INFO - [2024-02-06T15:32:32.122+0000] {dag.py:3036} INFO - Sync 1 DAGs
[2024-02-06T15:32:32.152+0000] {logging_mixin.py:188} INFO - [2024-02-06T15:32:32.152+0000] {dag.py:3823} INFO - Setting next_dagrun for example_setup_teardown to 2024-02-05 00:00:00+00:00, run_after=2024-02-06 00:00:00+00:00
[2024-02-06T15:32:32.179+0000] {processor.py:183} INFO - Processing /home/airflow/.local/lib/python3.8/site-packages/airflow/example_dags/example_setup_teardown.py took 0.090 seconds
[2024-02-06T15:33:03.232+0000] {processor.py:161} INFO - Started process (PID=472) to work on /home/airflow/.local/lib/python3.8/site-packages/airflow/example_dags/example_setup_teardown.py
[2024-02-06T15:33:03.234+0000] {processor.py:830} INFO - Processing file /home/airflow/.local/lib/python3.8/site-packages/airflow/example_dags/example_setup_teardown.py for tasks to queue
[2024-02-06T15:33:03.236+0000] {logging_mixin.py:188} INFO - [2024-02-06T15:33:03.236+0000] {dagbag.py:538} INFO - Filling up the DagBag from /home/airflow/.local/lib/python3.8/site-packages/airflow/example_dags/example_setup_teardown.py
[2024-02-06T15:33:03.244+0000] {processor.py:840} INFO - DAG(s) 'example_setup_teardown' retrieved from /home/airflow/.local/lib/python3.8/site-packages/airflow/example_dags/example_setup_teardown.py
[2024-02-06T15:33:03.270+0000] {logging_mixin.py:188} INFO - [2024-02-06T15:33:03.270+0000] {dag.py:3036} INFO - Sync 1 DAGs
[2024-02-06T15:33:03.303+0000] {logging_mixin.py:188} INFO - [2024-02-06T15:33:03.303+0000] {dag.py:3823} INFO - Setting next_dagrun for example_setup_teardown to 2024-02-05 00:00:00+00:00, run_after=2024-02-06 00:00:00+00:00
[2024-02-06T15:33:03.327+0000] {processor.py:183} INFO - Processing /home/airflow/.local/lib/python3.8/site-packages/airflow/example_dags/example_setup_teardown.py took 0.099 seconds
[2024-02-06T15:33:34.338+0000] {processor.py:161} INFO - Started process (PID=529) to work on /home/airflow/.local/lib/python3.8/site-packages/airflow/example_dags/example_setup_teardown.py
[2024-02-06T15:33:34.339+0000] {processor.py:830} INFO - Processing file /home/airflow/.local/lib/python3.8/site-packages/airflow/example_dags/example_setup_teardown.py for tasks to queue
[2024-02-06T15:33:34.341+0000] {logging_mixin.py:188} INFO - [2024-02-06T15:33:34.340+0000] {dagbag.py:538} INFO - Filling up the DagBag from /home/airflow/.local/lib/python3.8/site-packages/airflow/example_dags/example_setup_teardown.py
[2024-02-06T15:33:34.348+0000] {processor.py:840} INFO - DAG(s) 'example_setup_teardown' retrieved from /home/airflow/.local/lib/python3.8/site-packages/airflow/example_dags/example_setup_teardown.py
[2024-02-06T15:33:34.372+0000] {logging_mixin.py:188} INFO - [2024-02-06T15:33:34.372+0000] {dag.py:3036} INFO - Sync 1 DAGs
[2024-02-06T15:33:34.400+0000] {logging_mixin.py:188} INFO - [2024-02-06T15:33:34.400+0000] {dag.py:3823} INFO - Setting next_dagrun for example_setup_teardown to 2024-02-05 00:00:00+00:00, run_after=2024-02-06 00:00:00+00:00
[2024-02-06T15:33:34.423+0000] {processor.py:183} INFO - Processing /home/airflow/.local/lib/python3.8/site-packages/airflow/example_dags/example_setup_teardown.py took 0.088 seconds
[2024-02-06T15:34:04.484+0000] {processor.py:161} INFO - Started process (PID=583) to work on /home/airflow/.local/lib/python3.8/site-packages/airflow/example_dags/example_setup_teardown.py
[2024-02-06T15:34:04.484+0000] {processor.py:830} INFO - Processing file /home/airflow/.local/lib/python3.8/site-packages/airflow/example_dags/example_setup_teardown.py for tasks to queue
[2024-02-06T15:34:04.486+0000] {logging_mixin.py:188} INFO - [2024-02-06T15:34:04.486+0000] {dagbag.py:538} INFO - Filling up the DagBag from /home/airflow/.local/lib/python3.8/site-packages/airflow/example_dags/example_setup_teardown.py
[2024-02-06T15:34:04.492+0000] {processor.py:840} INFO - DAG(s) 'example_setup_teardown' retrieved from /home/airflow/.local/lib/python3.8/site-packages/airflow/example_dags/example_setup_teardown.py
[2024-02-06T15:34:04.512+0000] {logging_mixin.py:188} INFO - [2024-02-06T15:34:04.512+0000] {dag.py:3036} INFO - Sync 1 DAGs
[2024-02-06T15:34:04.533+0000] {logging_mixin.py:188} INFO - [2024-02-06T15:34:04.533+0000] {dag.py:3823} INFO - Setting next_dagrun for example_setup_teardown to 2024-02-05 00:00:00+00:00, run_after=2024-02-06 00:00:00+00:00
[2024-02-06T15:34:04.551+0000] {processor.py:183} INFO - Processing /home/airflow/.local/lib/python3.8/site-packages/airflow/example_dags/example_setup_teardown.py took 0.071 seconds
[2024-02-06T15:34:34.891+0000] {processor.py:161} INFO - Started process (PID=640) to work on /home/airflow/.local/lib/python3.8/site-packages/airflow/example_dags/example_setup_teardown.py
[2024-02-06T15:34:34.892+0000] {processor.py:830} INFO - Processing file /home/airflow/.local/lib/python3.8/site-packages/airflow/example_dags/example_setup_teardown.py for tasks to queue
[2024-02-06T15:34:34.894+0000] {logging_mixin.py:188} INFO - [2024-02-06T15:34:34.894+0000] {dagbag.py:538} INFO - Filling up the DagBag from /home/airflow/.local/lib/python3.8/site-packages/airflow/example_dags/example_setup_teardown.py
[2024-02-06T15:34:34.902+0000] {processor.py:840} INFO - DAG(s) 'example_setup_teardown' retrieved from /home/airflow/.local/lib/python3.8/site-packages/airflow/example_dags/example_setup_teardown.py
[2024-02-06T15:34:34.924+0000] {logging_mixin.py:188} INFO - [2024-02-06T15:34:34.923+0000] {dag.py:3036} INFO - Sync 1 DAGs
[2024-02-06T15:34:34.947+0000] {logging_mixin.py:188} INFO - [2024-02-06T15:34:34.946+0000] {dag.py:3823} INFO - Setting next_dagrun for example_setup_teardown to 2024-02-05 00:00:00+00:00, run_after=2024-02-06 00:00:00+00:00
[2024-02-06T15:34:34.965+0000] {processor.py:183} INFO - Processing /home/airflow/.local/lib/python3.8/site-packages/airflow/example_dags/example_setup_teardown.py took 0.077 seconds
[2024-02-06T15:35:05.285+0000] {processor.py:161} INFO - Started process (PID=697) to work on /home/airflow/.local/lib/python3.8/site-packages/airflow/example_dags/example_setup_teardown.py
[2024-02-06T15:35:05.287+0000] {processor.py:830} INFO - Processing file /home/airflow/.local/lib/python3.8/site-packages/airflow/example_dags/example_setup_teardown.py for tasks to queue
[2024-02-06T15:35:05.289+0000] {logging_mixin.py:188} INFO - [2024-02-06T15:35:05.288+0000] {dagbag.py:538} INFO - Filling up the DagBag from /home/airflow/.local/lib/python3.8/site-packages/airflow/example_dags/example_setup_teardown.py
[2024-02-06T15:35:05.297+0000] {processor.py:840} INFO - DAG(s) 'example_setup_teardown' retrieved from /home/airflow/.local/lib/python3.8/site-packages/airflow/example_dags/example_setup_teardown.py
[2024-02-06T15:35:05.320+0000] {logging_mixin.py:188} INFO - [2024-02-06T15:35:05.320+0000] {dag.py:3036} INFO - Sync 1 DAGs
[2024-02-06T15:35:05.342+0000] {logging_mixin.py:188} INFO - [2024-02-06T15:35:05.342+0000] {dag.py:3823} INFO - Setting next_dagrun for example_setup_teardown to 2024-02-05 00:00:00+00:00, run_after=2024-02-06 00:00:00+00:00
[2024-02-06T15:35:05.361+0000] {processor.py:183} INFO - Processing /home/airflow/.local/lib/python3.8/site-packages/airflow/example_dags/example_setup_teardown.py took 0.080 seconds
[2024-02-06T15:35:35.469+0000] {processor.py:161} INFO - Started process (PID=753) to work on /home/airflow/.local/lib/python3.8/site-packages/airflow/example_dags/example_setup_teardown.py
[2024-02-06T15:35:35.470+0000] {processor.py:830} INFO - Processing file /home/airflow/.local/lib/python3.8/site-packages/airflow/example_dags/example_setup_teardown.py for tasks to queue
[2024-02-06T15:35:35.473+0000] {logging_mixin.py:188} INFO - [2024-02-06T15:35:35.472+0000] {dagbag.py:538} INFO - Filling up the DagBag from /home/airflow/.local/lib/python3.8/site-packages/airflow/example_dags/example_setup_teardown.py
[2024-02-06T15:35:35.482+0000] {processor.py:840} INFO - DAG(s) 'example_setup_teardown' retrieved from /home/airflow/.local/lib/python3.8/site-packages/airflow/example_dags/example_setup_teardown.py
[2024-02-06T15:35:35.506+0000] {logging_mixin.py:188} INFO - [2024-02-06T15:35:35.505+0000] {dag.py:3036} INFO - Sync 1 DAGs
[2024-02-06T15:35:35.529+0000] {logging_mixin.py:188} INFO - [2024-02-06T15:35:35.529+0000] {dag.py:3823} INFO - Setting next_dagrun for example_setup_teardown to 2024-02-05 00:00:00+00:00, run_after=2024-02-06 00:00:00+00:00
[2024-02-06T15:35:35.548+0000] {processor.py:183} INFO - Processing /home/airflow/.local/lib/python3.8/site-packages/airflow/example_dags/example_setup_teardown.py took 0.084 seconds
[2024-02-06T15:36:06.090+0000] {processor.py:161} INFO - Started process (PID=811) to work on /home/airflow/.local/lib/python3.8/site-packages/airflow/example_dags/example_setup_teardown.py
[2024-02-06T15:36:06.091+0000] {processor.py:830} INFO - Processing file /home/airflow/.local/lib/python3.8/site-packages/airflow/example_dags/example_setup_teardown.py for tasks to queue
[2024-02-06T15:36:06.093+0000] {logging_mixin.py:188} INFO - [2024-02-06T15:36:06.093+0000] {dagbag.py:538} INFO - Filling up the DagBag from /home/airflow/.local/lib/python3.8/site-packages/airflow/example_dags/example_setup_teardown.py
[2024-02-06T15:36:06.102+0000] {processor.py:840} INFO - DAG(s) 'example_setup_teardown' retrieved from /home/airflow/.local/lib/python3.8/site-packages/airflow/example_dags/example_setup_teardown.py
[2024-02-06T15:36:06.128+0000] {logging_mixin.py:188} INFO - [2024-02-06T15:36:06.127+0000] {dag.py:3036} INFO - Sync 1 DAGs
[2024-02-06T15:36:06.153+0000] {logging_mixin.py:188} INFO - [2024-02-06T15:36:06.153+0000] {dag.py:3823} INFO - Setting next_dagrun for example_setup_teardown to 2024-02-05 00:00:00+00:00, run_after=2024-02-06 00:00:00+00:00
[2024-02-06T15:36:06.174+0000] {processor.py:183} INFO - Processing /home/airflow/.local/lib/python3.8/site-packages/airflow/example_dags/example_setup_teardown.py took 0.088 seconds
[2024-02-06T15:36:36.265+0000] {processor.py:161} INFO - Started process (PID=867) to work on /home/airflow/.local/lib/python3.8/site-packages/airflow/example_dags/example_setup_teardown.py
[2024-02-06T15:36:36.268+0000] {processor.py:830} INFO - Processing file /home/airflow/.local/lib/python3.8/site-packages/airflow/example_dags/example_setup_teardown.py for tasks to queue
[2024-02-06T15:36:36.275+0000] {logging_mixin.py:188} INFO - [2024-02-06T15:36:36.274+0000] {dagbag.py:538} INFO - Filling up the DagBag from /home/airflow/.local/lib/python3.8/site-packages/airflow/example_dags/example_setup_teardown.py
[2024-02-06T15:36:36.296+0000] {processor.py:840} INFO - DAG(s) 'example_setup_teardown' retrieved from /home/airflow/.local/lib/python3.8/site-packages/airflow/example_dags/example_setup_teardown.py
[2024-02-06T15:36:36.326+0000] {logging_mixin.py:188} INFO - [2024-02-06T15:36:36.325+0000] {dag.py:3036} INFO - Sync 1 DAGs
[2024-02-06T15:36:36.354+0000] {logging_mixin.py:188} INFO - [2024-02-06T15:36:36.354+0000] {dag.py:3823} INFO - Setting next_dagrun for example_setup_teardown to 2024-02-05 00:00:00+00:00, run_after=2024-02-06 00:00:00+00:00
[2024-02-06T15:36:36.380+0000] {processor.py:183} INFO - Processing /home/airflow/.local/lib/python3.8/site-packages/airflow/example_dags/example_setup_teardown.py took 0.129 seconds
