[2024-02-06T15:24:38.576+0000] {processor.py:161} INFO - Started process (PID=53) to work on /home/airflow/.local/lib/python3.8/site-packages/airflow/example_dags/example_skip_dag.py
[2024-02-06T15:24:38.578+0000] {processor.py:830} INFO - Processing file /home/airflow/.local/lib/python3.8/site-packages/airflow/example_dags/example_skip_dag.py for tasks to queue
[2024-02-06T15:24:38.581+0000] {logging_mixin.py:188} INFO - [2024-02-06T15:24:38.580+0000] {dagbag.py:538} INFO - Filling up the DagBag from /home/airflow/.local/lib/python3.8/site-packages/airflow/example_dags/example_skip_dag.py
[2024-02-06T15:24:38.601+0000] {processor.py:840} INFO - DAG(s) 'example_skip_dag' retrieved from /home/airflow/.local/lib/python3.8/site-packages/airflow/example_dags/example_skip_dag.py
[2024-02-06T15:24:38.627+0000] {logging_mixin.py:188} INFO - [2024-02-06T15:24:38.626+0000] {dag.py:3036} INFO - Sync 1 DAGs
[2024-02-06T15:24:38.668+0000] {logging_mixin.py:188} INFO - [2024-02-06T15:24:38.668+0000] {dag.py:3823} INFO - Setting next_dagrun for example_skip_dag to 2024-02-05 00:00:00+00:00, run_after=2024-02-06 00:00:00+00:00
[2024-02-06T15:24:38.699+0000] {processor.py:183} INFO - Processing /home/airflow/.local/lib/python3.8/site-packages/airflow/example_dags/example_skip_dag.py took 0.129 seconds
[2024-02-06T15:25:08.833+0000] {processor.py:161} INFO - Started process (PID=108) to work on /home/airflow/.local/lib/python3.8/site-packages/airflow/example_dags/example_skip_dag.py
[2024-02-06T15:25:08.834+0000] {processor.py:830} INFO - Processing file /home/airflow/.local/lib/python3.8/site-packages/airflow/example_dags/example_skip_dag.py for tasks to queue
[2024-02-06T15:25:08.836+0000] {logging_mixin.py:188} INFO - [2024-02-06T15:25:08.835+0000] {dagbag.py:538} INFO - Filling up the DagBag from /home/airflow/.local/lib/python3.8/site-packages/airflow/example_dags/example_skip_dag.py
[2024-02-06T15:25:08.842+0000] {processor.py:840} INFO - DAG(s) 'example_skip_dag' retrieved from /home/airflow/.local/lib/python3.8/site-packages/airflow/example_dags/example_skip_dag.py
[2024-02-06T15:25:08.939+0000] {logging_mixin.py:188} INFO - [2024-02-06T15:25:08.939+0000] {dag.py:3036} INFO - Sync 1 DAGs
[2024-02-06T15:25:08.959+0000] {logging_mixin.py:188} INFO - [2024-02-06T15:25:08.959+0000] {dag.py:3823} INFO - Setting next_dagrun for example_skip_dag to 2024-02-05 00:00:00+00:00, run_after=2024-02-06 00:00:00+00:00
[2024-02-06T15:25:08.978+0000] {processor.py:183} INFO - Processing /home/airflow/.local/lib/python3.8/site-packages/airflow/example_dags/example_skip_dag.py took 0.148 seconds
[2024-02-06T15:25:39.682+0000] {processor.py:161} INFO - Started process (PID=165) to work on /home/airflow/.local/lib/python3.8/site-packages/airflow/example_dags/example_skip_dag.py
[2024-02-06T15:25:39.683+0000] {processor.py:830} INFO - Processing file /home/airflow/.local/lib/python3.8/site-packages/airflow/example_dags/example_skip_dag.py for tasks to queue
[2024-02-06T15:25:39.686+0000] {logging_mixin.py:188} INFO - [2024-02-06T15:25:39.685+0000] {dagbag.py:538} INFO - Filling up the DagBag from /home/airflow/.local/lib/python3.8/site-packages/airflow/example_dags/example_skip_dag.py
[2024-02-06T15:25:39.697+0000] {processor.py:840} INFO - DAG(s) 'example_skip_dag' retrieved from /home/airflow/.local/lib/python3.8/site-packages/airflow/example_dags/example_skip_dag.py
[2024-02-06T15:25:39.728+0000] {logging_mixin.py:188} INFO - [2024-02-06T15:25:39.728+0000] {dag.py:3036} INFO - Sync 1 DAGs
[2024-02-06T15:25:39.769+0000] {logging_mixin.py:188} INFO - [2024-02-06T15:25:39.769+0000] {dag.py:3823} INFO - Setting next_dagrun for example_skip_dag to 2024-02-05 00:00:00+00:00, run_after=2024-02-06 00:00:00+00:00
[2024-02-06T15:25:39.803+0000] {processor.py:183} INFO - Processing /home/airflow/.local/lib/python3.8/site-packages/airflow/example_dags/example_skip_dag.py took 0.125 seconds
[2024-02-06T15:28:53.540+0000] {processor.py:161} INFO - Started process (PID=54) to work on /home/airflow/.local/lib/python3.8/site-packages/airflow/example_dags/example_skip_dag.py
[2024-02-06T15:28:53.541+0000] {processor.py:830} INFO - Processing file /home/airflow/.local/lib/python3.8/site-packages/airflow/example_dags/example_skip_dag.py for tasks to queue
[2024-02-06T15:28:53.543+0000] {logging_mixin.py:188} INFO - [2024-02-06T15:28:53.543+0000] {dagbag.py:538} INFO - Filling up the DagBag from /home/airflow/.local/lib/python3.8/site-packages/airflow/example_dags/example_skip_dag.py
[2024-02-06T15:28:53.557+0000] {processor.py:840} INFO - DAG(s) 'example_skip_dag' retrieved from /home/airflow/.local/lib/python3.8/site-packages/airflow/example_dags/example_skip_dag.py
[2024-02-06T15:28:53.572+0000] {logging_mixin.py:188} INFO - [2024-02-06T15:28:53.571+0000] {dag.py:3036} INFO - Sync 1 DAGs
[2024-02-06T15:28:53.600+0000] {logging_mixin.py:188} INFO - [2024-02-06T15:28:53.600+0000] {dag.py:3823} INFO - Setting next_dagrun for example_skip_dag to 2024-02-05 00:00:00+00:00, run_after=2024-02-06 00:00:00+00:00
[2024-02-06T15:28:53.623+0000] {processor.py:183} INFO - Processing /home/airflow/.local/lib/python3.8/site-packages/airflow/example_dags/example_skip_dag.py took 0.087 seconds
[2024-02-06T15:29:24.055+0000] {processor.py:161} INFO - Started process (PID=111) to work on /home/airflow/.local/lib/python3.8/site-packages/airflow/example_dags/example_skip_dag.py
[2024-02-06T15:29:24.056+0000] {processor.py:830} INFO - Processing file /home/airflow/.local/lib/python3.8/site-packages/airflow/example_dags/example_skip_dag.py for tasks to queue
[2024-02-06T15:29:24.058+0000] {logging_mixin.py:188} INFO - [2024-02-06T15:29:24.058+0000] {dagbag.py:538} INFO - Filling up the DagBag from /home/airflow/.local/lib/python3.8/site-packages/airflow/example_dags/example_skip_dag.py
[2024-02-06T15:29:24.065+0000] {processor.py:840} INFO - DAG(s) 'example_skip_dag' retrieved from /home/airflow/.local/lib/python3.8/site-packages/airflow/example_dags/example_skip_dag.py
[2024-02-06T15:29:24.173+0000] {logging_mixin.py:188} INFO - [2024-02-06T15:29:24.172+0000] {dag.py:3036} INFO - Sync 1 DAGs
[2024-02-06T15:29:24.193+0000] {logging_mixin.py:188} INFO - [2024-02-06T15:29:24.193+0000] {dag.py:3823} INFO - Setting next_dagrun for example_skip_dag to 2024-02-05 00:00:00+00:00, run_after=2024-02-06 00:00:00+00:00
[2024-02-06T15:29:24.212+0000] {processor.py:183} INFO - Processing /home/airflow/.local/lib/python3.8/site-packages/airflow/example_dags/example_skip_dag.py took 0.161 seconds
[2024-02-06T15:29:54.582+0000] {processor.py:161} INFO - Started process (PID=167) to work on /home/airflow/.local/lib/python3.8/site-packages/airflow/example_dags/example_skip_dag.py
[2024-02-06T15:29:54.583+0000] {processor.py:830} INFO - Processing file /home/airflow/.local/lib/python3.8/site-packages/airflow/example_dags/example_skip_dag.py for tasks to queue
[2024-02-06T15:29:54.585+0000] {logging_mixin.py:188} INFO - [2024-02-06T15:29:54.585+0000] {dagbag.py:538} INFO - Filling up the DagBag from /home/airflow/.local/lib/python3.8/site-packages/airflow/example_dags/example_skip_dag.py
[2024-02-06T15:29:54.591+0000] {processor.py:840} INFO - DAG(s) 'example_skip_dag' retrieved from /home/airflow/.local/lib/python3.8/site-packages/airflow/example_dags/example_skip_dag.py
[2024-02-06T15:29:54.616+0000] {logging_mixin.py:188} INFO - [2024-02-06T15:29:54.616+0000] {dag.py:3036} INFO - Sync 1 DAGs
[2024-02-06T15:29:54.639+0000] {logging_mixin.py:188} INFO - [2024-02-06T15:29:54.639+0000] {dag.py:3823} INFO - Setting next_dagrun for example_skip_dag to 2024-02-05 00:00:00+00:00, run_after=2024-02-06 00:00:00+00:00
[2024-02-06T15:29:54.657+0000] {processor.py:183} INFO - Processing /home/airflow/.local/lib/python3.8/site-packages/airflow/example_dags/example_skip_dag.py took 0.078 seconds
[2024-02-06T15:30:57.899+0000] {processor.py:161} INFO - Started process (PID=231) to work on /home/airflow/.local/lib/python3.8/site-packages/airflow/example_dags/example_skip_dag.py
[2024-02-06T15:30:57.901+0000] {processor.py:830} INFO - Processing file /home/airflow/.local/lib/python3.8/site-packages/airflow/example_dags/example_skip_dag.py for tasks to queue
[2024-02-06T15:30:57.905+0000] {logging_mixin.py:188} INFO - [2024-02-06T15:30:57.904+0000] {dagbag.py:538} INFO - Filling up the DagBag from /home/airflow/.local/lib/python3.8/site-packages/airflow/example_dags/example_skip_dag.py
[2024-02-06T15:30:57.917+0000] {processor.py:840} INFO - DAG(s) 'example_skip_dag' retrieved from /home/airflow/.local/lib/python3.8/site-packages/airflow/example_dags/example_skip_dag.py
[2024-02-06T15:30:57.955+0000] {logging_mixin.py:188} INFO - [2024-02-06T15:30:57.954+0000] {dag.py:3036} INFO - Sync 1 DAGs
[2024-02-06T15:30:57.992+0000] {logging_mixin.py:188} INFO - [2024-02-06T15:30:57.992+0000] {dag.py:3823} INFO - Setting next_dagrun for example_skip_dag to 2024-02-05 00:00:00+00:00, run_after=2024-02-06 00:00:00+00:00
[2024-02-06T15:30:58.026+0000] {processor.py:183} INFO - Processing /home/airflow/.local/lib/python3.8/site-packages/airflow/example_dags/example_skip_dag.py took 0.133 seconds
[2024-02-06T15:31:28.459+0000] {processor.py:161} INFO - Started process (PID=286) to work on /home/airflow/.local/lib/python3.8/site-packages/airflow/example_dags/example_skip_dag.py
[2024-02-06T15:31:28.460+0000] {processor.py:830} INFO - Processing file /home/airflow/.local/lib/python3.8/site-packages/airflow/example_dags/example_skip_dag.py for tasks to queue
[2024-02-06T15:31:28.463+0000] {logging_mixin.py:188} INFO - [2024-02-06T15:31:28.463+0000] {dagbag.py:538} INFO - Filling up the DagBag from /home/airflow/.local/lib/python3.8/site-packages/airflow/example_dags/example_skip_dag.py
[2024-02-06T15:31:28.471+0000] {processor.py:840} INFO - DAG(s) 'example_skip_dag' retrieved from /home/airflow/.local/lib/python3.8/site-packages/airflow/example_dags/example_skip_dag.py
[2024-02-06T15:31:28.503+0000] {logging_mixin.py:188} INFO - [2024-02-06T15:31:28.503+0000] {dag.py:3036} INFO - Sync 1 DAGs
[2024-02-06T15:31:28.555+0000] {logging_mixin.py:188} INFO - [2024-02-06T15:31:28.554+0000] {dag.py:3823} INFO - Setting next_dagrun for example_skip_dag to 2024-02-05 00:00:00+00:00, run_after=2024-02-06 00:00:00+00:00
[2024-02-06T15:31:28.599+0000] {processor.py:183} INFO - Processing /home/airflow/.local/lib/python3.8/site-packages/airflow/example_dags/example_skip_dag.py took 0.146 seconds
[2024-02-06T15:31:58.687+0000] {processor.py:161} INFO - Started process (PID=343) to work on /home/airflow/.local/lib/python3.8/site-packages/airflow/example_dags/example_skip_dag.py
[2024-02-06T15:31:58.688+0000] {processor.py:830} INFO - Processing file /home/airflow/.local/lib/python3.8/site-packages/airflow/example_dags/example_skip_dag.py for tasks to queue
[2024-02-06T15:31:58.690+0000] {logging_mixin.py:188} INFO - [2024-02-06T15:31:58.690+0000] {dagbag.py:538} INFO - Filling up the DagBag from /home/airflow/.local/lib/python3.8/site-packages/airflow/example_dags/example_skip_dag.py
[2024-02-06T15:31:58.697+0000] {processor.py:840} INFO - DAG(s) 'example_skip_dag' retrieved from /home/airflow/.local/lib/python3.8/site-packages/airflow/example_dags/example_skip_dag.py
[2024-02-06T15:31:58.720+0000] {logging_mixin.py:188} INFO - [2024-02-06T15:31:58.720+0000] {dag.py:3036} INFO - Sync 1 DAGs
[2024-02-06T15:31:58.743+0000] {logging_mixin.py:188} INFO - [2024-02-06T15:31:58.743+0000] {dag.py:3823} INFO - Setting next_dagrun for example_skip_dag to 2024-02-05 00:00:00+00:00, run_after=2024-02-06 00:00:00+00:00
[2024-02-06T15:31:58.768+0000] {processor.py:183} INFO - Processing /home/airflow/.local/lib/python3.8/site-packages/airflow/example_dags/example_skip_dag.py took 0.084 seconds
[2024-02-06T15:32:28.871+0000] {processor.py:161} INFO - Started process (PID=400) to work on /home/airflow/.local/lib/python3.8/site-packages/airflow/example_dags/example_skip_dag.py
[2024-02-06T15:32:28.872+0000] {processor.py:830} INFO - Processing file /home/airflow/.local/lib/python3.8/site-packages/airflow/example_dags/example_skip_dag.py for tasks to queue
[2024-02-06T15:32:28.874+0000] {logging_mixin.py:188} INFO - [2024-02-06T15:32:28.874+0000] {dagbag.py:538} INFO - Filling up the DagBag from /home/airflow/.local/lib/python3.8/site-packages/airflow/example_dags/example_skip_dag.py
[2024-02-06T15:32:28.881+0000] {processor.py:840} INFO - DAG(s) 'example_skip_dag' retrieved from /home/airflow/.local/lib/python3.8/site-packages/airflow/example_dags/example_skip_dag.py
[2024-02-06T15:32:28.902+0000] {logging_mixin.py:188} INFO - [2024-02-06T15:32:28.902+0000] {dag.py:3036} INFO - Sync 1 DAGs
[2024-02-06T15:32:28.923+0000] {logging_mixin.py:188} INFO - [2024-02-06T15:32:28.923+0000] {dag.py:3823} INFO - Setting next_dagrun for example_skip_dag to 2024-02-05 00:00:00+00:00, run_after=2024-02-06 00:00:00+00:00
[2024-02-06T15:32:28.941+0000] {processor.py:183} INFO - Processing /home/airflow/.local/lib/python3.8/site-packages/airflow/example_dags/example_skip_dag.py took 0.073 seconds
[2024-02-06T15:32:59.027+0000] {processor.py:161} INFO - Started process (PID=457) to work on /home/airflow/.local/lib/python3.8/site-packages/airflow/example_dags/example_skip_dag.py
[2024-02-06T15:32:59.028+0000] {processor.py:830} INFO - Processing file /home/airflow/.local/lib/python3.8/site-packages/airflow/example_dags/example_skip_dag.py for tasks to queue
[2024-02-06T15:32:59.029+0000] {logging_mixin.py:188} INFO - [2024-02-06T15:32:59.029+0000] {dagbag.py:538} INFO - Filling up the DagBag from /home/airflow/.local/lib/python3.8/site-packages/airflow/example_dags/example_skip_dag.py
[2024-02-06T15:32:59.036+0000] {processor.py:840} INFO - DAG(s) 'example_skip_dag' retrieved from /home/airflow/.local/lib/python3.8/site-packages/airflow/example_dags/example_skip_dag.py
[2024-02-06T15:32:59.057+0000] {logging_mixin.py:188} INFO - [2024-02-06T15:32:59.057+0000] {dag.py:3036} INFO - Sync 1 DAGs
[2024-02-06T15:32:59.078+0000] {logging_mixin.py:188} INFO - [2024-02-06T15:32:59.078+0000] {dag.py:3823} INFO - Setting next_dagrun for example_skip_dag to 2024-02-05 00:00:00+00:00, run_after=2024-02-06 00:00:00+00:00
[2024-02-06T15:32:59.105+0000] {processor.py:183} INFO - Processing /home/airflow/.local/lib/python3.8/site-packages/airflow/example_dags/example_skip_dag.py took 0.081 seconds
[2024-02-06T15:33:29.418+0000] {processor.py:161} INFO - Started process (PID=514) to work on /home/airflow/.local/lib/python3.8/site-packages/airflow/example_dags/example_skip_dag.py
[2024-02-06T15:33:29.419+0000] {processor.py:830} INFO - Processing file /home/airflow/.local/lib/python3.8/site-packages/airflow/example_dags/example_skip_dag.py for tasks to queue
[2024-02-06T15:33:29.421+0000] {logging_mixin.py:188} INFO - [2024-02-06T15:33:29.420+0000] {dagbag.py:538} INFO - Filling up the DagBag from /home/airflow/.local/lib/python3.8/site-packages/airflow/example_dags/example_skip_dag.py
[2024-02-06T15:33:29.428+0000] {processor.py:840} INFO - DAG(s) 'example_skip_dag' retrieved from /home/airflow/.local/lib/python3.8/site-packages/airflow/example_dags/example_skip_dag.py
[2024-02-06T15:33:29.449+0000] {logging_mixin.py:188} INFO - [2024-02-06T15:33:29.448+0000] {dag.py:3036} INFO - Sync 1 DAGs
[2024-02-06T15:33:29.471+0000] {logging_mixin.py:188} INFO - [2024-02-06T15:33:29.470+0000] {dag.py:3823} INFO - Setting next_dagrun for example_skip_dag to 2024-02-05 00:00:00+00:00, run_after=2024-02-06 00:00:00+00:00
[2024-02-06T15:33:29.488+0000] {processor.py:183} INFO - Processing /home/airflow/.local/lib/python3.8/site-packages/airflow/example_dags/example_skip_dag.py took 0.073 seconds
[2024-02-06T15:33:59.787+0000] {processor.py:161} INFO - Started process (PID=570) to work on /home/airflow/.local/lib/python3.8/site-packages/airflow/example_dags/example_skip_dag.py
[2024-02-06T15:33:59.788+0000] {processor.py:830} INFO - Processing file /home/airflow/.local/lib/python3.8/site-packages/airflow/example_dags/example_skip_dag.py for tasks to queue
[2024-02-06T15:33:59.789+0000] {logging_mixin.py:188} INFO - [2024-02-06T15:33:59.789+0000] {dagbag.py:538} INFO - Filling up the DagBag from /home/airflow/.local/lib/python3.8/site-packages/airflow/example_dags/example_skip_dag.py
[2024-02-06T15:33:59.796+0000] {processor.py:840} INFO - DAG(s) 'example_skip_dag' retrieved from /home/airflow/.local/lib/python3.8/site-packages/airflow/example_dags/example_skip_dag.py
[2024-02-06T15:33:59.816+0000] {logging_mixin.py:188} INFO - [2024-02-06T15:33:59.816+0000] {dag.py:3036} INFO - Sync 1 DAGs
[2024-02-06T15:33:59.837+0000] {logging_mixin.py:188} INFO - [2024-02-06T15:33:59.837+0000] {dag.py:3823} INFO - Setting next_dagrun for example_skip_dag to 2024-02-05 00:00:00+00:00, run_after=2024-02-06 00:00:00+00:00
[2024-02-06T15:33:59.854+0000] {processor.py:183} INFO - Processing /home/airflow/.local/lib/python3.8/site-packages/airflow/example_dags/example_skip_dag.py took 0.070 seconds
[2024-02-06T15:34:30.202+0000] {processor.py:161} INFO - Started process (PID=627) to work on /home/airflow/.local/lib/python3.8/site-packages/airflow/example_dags/example_skip_dag.py
[2024-02-06T15:34:30.203+0000] {processor.py:830} INFO - Processing file /home/airflow/.local/lib/python3.8/site-packages/airflow/example_dags/example_skip_dag.py for tasks to queue
[2024-02-06T15:34:30.205+0000] {logging_mixin.py:188} INFO - [2024-02-06T15:34:30.205+0000] {dagbag.py:538} INFO - Filling up the DagBag from /home/airflow/.local/lib/python3.8/site-packages/airflow/example_dags/example_skip_dag.py
[2024-02-06T15:34:30.212+0000] {processor.py:840} INFO - DAG(s) 'example_skip_dag' retrieved from /home/airflow/.local/lib/python3.8/site-packages/airflow/example_dags/example_skip_dag.py
[2024-02-06T15:34:30.233+0000] {logging_mixin.py:188} INFO - [2024-02-06T15:34:30.233+0000] {dag.py:3036} INFO - Sync 1 DAGs
[2024-02-06T15:34:30.255+0000] {logging_mixin.py:188} INFO - [2024-02-06T15:34:30.255+0000] {dag.py:3823} INFO - Setting next_dagrun for example_skip_dag to 2024-02-05 00:00:00+00:00, run_after=2024-02-06 00:00:00+00:00
[2024-02-06T15:34:30.273+0000] {processor.py:183} INFO - Processing /home/airflow/.local/lib/python3.8/site-packages/airflow/example_dags/example_skip_dag.py took 0.074 seconds
[2024-02-06T15:35:00.639+0000] {processor.py:161} INFO - Started process (PID=684) to work on /home/airflow/.local/lib/python3.8/site-packages/airflow/example_dags/example_skip_dag.py
[2024-02-06T15:35:00.640+0000] {processor.py:830} INFO - Processing file /home/airflow/.local/lib/python3.8/site-packages/airflow/example_dags/example_skip_dag.py for tasks to queue
[2024-02-06T15:35:00.642+0000] {logging_mixin.py:188} INFO - [2024-02-06T15:35:00.641+0000] {dagbag.py:538} INFO - Filling up the DagBag from /home/airflow/.local/lib/python3.8/site-packages/airflow/example_dags/example_skip_dag.py
[2024-02-06T15:35:00.648+0000] {processor.py:840} INFO - DAG(s) 'example_skip_dag' retrieved from /home/airflow/.local/lib/python3.8/site-packages/airflow/example_dags/example_skip_dag.py
[2024-02-06T15:35:00.669+0000] {logging_mixin.py:188} INFO - [2024-02-06T15:35:00.669+0000] {dag.py:3036} INFO - Sync 1 DAGs
[2024-02-06T15:35:00.690+0000] {logging_mixin.py:188} INFO - [2024-02-06T15:35:00.690+0000] {dag.py:3823} INFO - Setting next_dagrun for example_skip_dag to 2024-02-05 00:00:00+00:00, run_after=2024-02-06 00:00:00+00:00
[2024-02-06T15:35:00.707+0000] {processor.py:183} INFO - Processing /home/airflow/.local/lib/python3.8/site-packages/airflow/example_dags/example_skip_dag.py took 0.072 seconds
[2024-02-06T15:35:30.827+0000] {processor.py:161} INFO - Started process (PID=741) to work on /home/airflow/.local/lib/python3.8/site-packages/airflow/example_dags/example_skip_dag.py
[2024-02-06T15:35:30.828+0000] {processor.py:830} INFO - Processing file /home/airflow/.local/lib/python3.8/site-packages/airflow/example_dags/example_skip_dag.py for tasks to queue
[2024-02-06T15:35:30.830+0000] {logging_mixin.py:188} INFO - [2024-02-06T15:35:30.829+0000] {dagbag.py:538} INFO - Filling up the DagBag from /home/airflow/.local/lib/python3.8/site-packages/airflow/example_dags/example_skip_dag.py
[2024-02-06T15:35:30.836+0000] {processor.py:840} INFO - DAG(s) 'example_skip_dag' retrieved from /home/airflow/.local/lib/python3.8/site-packages/airflow/example_dags/example_skip_dag.py
[2024-02-06T15:35:30.856+0000] {logging_mixin.py:188} INFO - [2024-02-06T15:35:30.856+0000] {dag.py:3036} INFO - Sync 1 DAGs
[2024-02-06T15:35:30.878+0000] {logging_mixin.py:188} INFO - [2024-02-06T15:35:30.878+0000] {dag.py:3823} INFO - Setting next_dagrun for example_skip_dag to 2024-02-05 00:00:00+00:00, run_after=2024-02-06 00:00:00+00:00
[2024-02-06T15:35:30.895+0000] {processor.py:183} INFO - Processing /home/airflow/.local/lib/python3.8/site-packages/airflow/example_dags/example_skip_dag.py took 0.072 seconds
[2024-02-06T15:36:01.335+0000] {processor.py:161} INFO - Started process (PID=798) to work on /home/airflow/.local/lib/python3.8/site-packages/airflow/example_dags/example_skip_dag.py
[2024-02-06T15:36:01.336+0000] {processor.py:830} INFO - Processing file /home/airflow/.local/lib/python3.8/site-packages/airflow/example_dags/example_skip_dag.py for tasks to queue
[2024-02-06T15:36:01.338+0000] {logging_mixin.py:188} INFO - [2024-02-06T15:36:01.337+0000] {dagbag.py:538} INFO - Filling up the DagBag from /home/airflow/.local/lib/python3.8/site-packages/airflow/example_dags/example_skip_dag.py
[2024-02-06T15:36:01.345+0000] {processor.py:840} INFO - DAG(s) 'example_skip_dag' retrieved from /home/airflow/.local/lib/python3.8/site-packages/airflow/example_dags/example_skip_dag.py
[2024-02-06T15:36:01.366+0000] {logging_mixin.py:188} INFO - [2024-02-06T15:36:01.366+0000] {dag.py:3036} INFO - Sync 1 DAGs
[2024-02-06T15:36:01.389+0000] {logging_mixin.py:188} INFO - [2024-02-06T15:36:01.389+0000] {dag.py:3823} INFO - Setting next_dagrun for example_skip_dag to 2024-02-05 00:00:00+00:00, run_after=2024-02-06 00:00:00+00:00
[2024-02-06T15:36:01.408+0000] {processor.py:183} INFO - Processing /home/airflow/.local/lib/python3.8/site-packages/airflow/example_dags/example_skip_dag.py took 0.076 seconds
[2024-02-06T15:36:31.435+0000] {processor.py:161} INFO - Started process (PID=855) to work on /home/airflow/.local/lib/python3.8/site-packages/airflow/example_dags/example_skip_dag.py
[2024-02-06T15:36:31.436+0000] {processor.py:830} INFO - Processing file /home/airflow/.local/lib/python3.8/site-packages/airflow/example_dags/example_skip_dag.py for tasks to queue
[2024-02-06T15:36:31.437+0000] {logging_mixin.py:188} INFO - [2024-02-06T15:36:31.437+0000] {dagbag.py:538} INFO - Filling up the DagBag from /home/airflow/.local/lib/python3.8/site-packages/airflow/example_dags/example_skip_dag.py
[2024-02-06T15:36:31.444+0000] {processor.py:840} INFO - DAG(s) 'example_skip_dag' retrieved from /home/airflow/.local/lib/python3.8/site-packages/airflow/example_dags/example_skip_dag.py
[2024-02-06T15:36:31.465+0000] {logging_mixin.py:188} INFO - [2024-02-06T15:36:31.465+0000] {dag.py:3036} INFO - Sync 1 DAGs
[2024-02-06T15:36:31.486+0000] {logging_mixin.py:188} INFO - [2024-02-06T15:36:31.486+0000] {dag.py:3823} INFO - Setting next_dagrun for example_skip_dag to 2024-02-05 00:00:00+00:00, run_after=2024-02-06 00:00:00+00:00
[2024-02-06T15:36:31.506+0000] {processor.py:183} INFO - Processing /home/airflow/.local/lib/python3.8/site-packages/airflow/example_dags/example_skip_dag.py took 0.074 seconds
