[2024-02-06T15:24:36.237+0000] {processor.py:161} INFO - Started process (PID=36) to work on /home/airflow/.local/lib/python3.8/site-packages/airflow/example_dags/example_external_task_marker_dag.py
[2024-02-06T15:24:36.238+0000] {processor.py:830} INFO - Processing file /home/airflow/.local/lib/python3.8/site-packages/airflow/example_dags/example_external_task_marker_dag.py for tasks to queue
[2024-02-06T15:24:36.240+0000] {logging_mixin.py:188} INFO - [2024-02-06T15:24:36.240+0000] {dagbag.py:538} INFO - Filling up the DagBag from /home/airflow/.local/lib/python3.8/site-packages/airflow/example_dags/example_external_task_marker_dag.py
[2024-02-06T15:24:36.258+0000] {processor.py:840} INFO - DAG(s) 'example_external_task_marker_child', 'example_external_task_marker_parent' retrieved from /home/airflow/.local/lib/python3.8/site-packages/airflow/example_dags/example_external_task_marker_dag.py
[2024-02-06T15:24:36.291+0000] {logging_mixin.py:188} INFO - [2024-02-06T15:24:36.291+0000] {dag.py:3036} INFO - Sync 2 DAGs
[2024-02-06T15:24:36.303+0000] {logging_mixin.py:188} INFO - [2024-02-06T15:24:36.303+0000] {dag.py:3823} INFO - Setting next_dagrun for example_external_task_marker_child to None, run_after=None
[2024-02-06T15:24:36.308+0000] {logging_mixin.py:188} INFO - [2024-02-06T15:24:36.307+0000] {dag.py:3823} INFO - Setting next_dagrun for example_external_task_marker_parent to None, run_after=None
[2024-02-06T15:24:36.326+0000] {processor.py:183} INFO - Processing /home/airflow/.local/lib/python3.8/site-packages/airflow/example_dags/example_external_task_marker_dag.py took 0.094 seconds
[2024-02-06T15:25:06.803+0000] {processor.py:161} INFO - Started process (PID=92) to work on /home/airflow/.local/lib/python3.8/site-packages/airflow/example_dags/example_external_task_marker_dag.py
[2024-02-06T15:25:06.804+0000] {processor.py:830} INFO - Processing file /home/airflow/.local/lib/python3.8/site-packages/airflow/example_dags/example_external_task_marker_dag.py for tasks to queue
[2024-02-06T15:25:06.806+0000] {logging_mixin.py:188} INFO - [2024-02-06T15:25:06.805+0000] {dagbag.py:538} INFO - Filling up the DagBag from /home/airflow/.local/lib/python3.8/site-packages/airflow/example_dags/example_external_task_marker_dag.py
[2024-02-06T15:25:06.812+0000] {processor.py:840} INFO - DAG(s) 'example_external_task_marker_child', 'example_external_task_marker_parent' retrieved from /home/airflow/.local/lib/python3.8/site-packages/airflow/example_dags/example_external_task_marker_dag.py
[2024-02-06T15:25:06.982+0000] {logging_mixin.py:188} INFO - [2024-02-06T15:25:06.982+0000] {dag.py:3036} INFO - Sync 2 DAGs
[2024-02-06T15:25:07.003+0000] {logging_mixin.py:188} INFO - [2024-02-06T15:25:07.002+0000] {dag.py:3823} INFO - Setting next_dagrun for example_external_task_marker_child to None, run_after=None
[2024-02-06T15:25:07.007+0000] {logging_mixin.py:188} INFO - [2024-02-06T15:25:07.007+0000] {dag.py:3823} INFO - Setting next_dagrun for example_external_task_marker_parent to None, run_after=None
[2024-02-06T15:25:07.038+0000] {processor.py:183} INFO - Processing /home/airflow/.local/lib/python3.8/site-packages/airflow/example_dags/example_external_task_marker_dag.py took 0.238 seconds
[2024-02-06T15:25:37.415+0000] {processor.py:161} INFO - Started process (PID=149) to work on /home/airflow/.local/lib/python3.8/site-packages/airflow/example_dags/example_external_task_marker_dag.py
[2024-02-06T15:25:37.420+0000] {processor.py:830} INFO - Processing file /home/airflow/.local/lib/python3.8/site-packages/airflow/example_dags/example_external_task_marker_dag.py for tasks to queue
[2024-02-06T15:25:37.425+0000] {logging_mixin.py:188} INFO - [2024-02-06T15:25:37.424+0000] {dagbag.py:538} INFO - Filling up the DagBag from /home/airflow/.local/lib/python3.8/site-packages/airflow/example_dags/example_external_task_marker_dag.py
[2024-02-06T15:25:37.443+0000] {processor.py:840} INFO - DAG(s) 'example_external_task_marker_parent', 'example_external_task_marker_child' retrieved from /home/airflow/.local/lib/python3.8/site-packages/airflow/example_dags/example_external_task_marker_dag.py
[2024-02-06T15:25:37.482+0000] {logging_mixin.py:188} INFO - [2024-02-06T15:25:37.482+0000] {dag.py:3036} INFO - Sync 2 DAGs
[2024-02-06T15:25:37.501+0000] {logging_mixin.py:188} INFO - [2024-02-06T15:25:37.501+0000] {dag.py:3823} INFO - Setting next_dagrun for example_external_task_marker_child to None, run_after=None
[2024-02-06T15:25:37.506+0000] {logging_mixin.py:188} INFO - [2024-02-06T15:25:37.505+0000] {dag.py:3823} INFO - Setting next_dagrun for example_external_task_marker_parent to None, run_after=None
[2024-02-06T15:25:37.528+0000] {processor.py:183} INFO - Processing /home/airflow/.local/lib/python3.8/site-packages/airflow/example_dags/example_external_task_marker_dag.py took 0.129 seconds
[2024-02-06T15:26:07.735+0000] {processor.py:161} INFO - Started process (PID=206) to work on /home/airflow/.local/lib/python3.8/site-packages/airflow/example_dags/example_external_task_marker_dag.py
[2024-02-06T15:26:07.736+0000] {processor.py:830} INFO - Processing file /home/airflow/.local/lib/python3.8/site-packages/airflow/example_dags/example_external_task_marker_dag.py for tasks to queue
[2024-02-06T15:26:07.740+0000] {logging_mixin.py:188} INFO - [2024-02-06T15:26:07.739+0000] {dagbag.py:538} INFO - Filling up the DagBag from /home/airflow/.local/lib/python3.8/site-packages/airflow/example_dags/example_external_task_marker_dag.py
[2024-02-06T15:26:07.755+0000] {processor.py:840} INFO - DAG(s) 'example_external_task_marker_child', 'example_external_task_marker_parent' retrieved from /home/airflow/.local/lib/python3.8/site-packages/airflow/example_dags/example_external_task_marker_dag.py
[2024-02-06T15:26:07.809+0000] {logging_mixin.py:188} INFO - [2024-02-06T15:26:07.808+0000] {dag.py:3036} INFO - Sync 2 DAGs
[2024-02-06T15:26:07.850+0000] {logging_mixin.py:188} INFO - [2024-02-06T15:26:07.849+0000] {dag.py:3823} INFO - Setting next_dagrun for example_external_task_marker_child to None, run_after=None
[2024-02-06T15:26:07.860+0000] {logging_mixin.py:188} INFO - [2024-02-06T15:26:07.859+0000] {dag.py:3823} INFO - Setting next_dagrun for example_external_task_marker_parent to None, run_after=None
[2024-02-06T15:26:07.904+0000] {processor.py:183} INFO - Processing /home/airflow/.local/lib/python3.8/site-packages/airflow/example_dags/example_external_task_marker_dag.py took 0.177 seconds
[2024-02-06T15:28:51.331+0000] {processor.py:161} INFO - Started process (PID=37) to work on /home/airflow/.local/lib/python3.8/site-packages/airflow/example_dags/example_external_task_marker_dag.py
[2024-02-06T15:28:51.333+0000] {processor.py:830} INFO - Processing file /home/airflow/.local/lib/python3.8/site-packages/airflow/example_dags/example_external_task_marker_dag.py for tasks to queue
[2024-02-06T15:28:51.335+0000] {logging_mixin.py:188} INFO - [2024-02-06T15:28:51.335+0000] {dagbag.py:538} INFO - Filling up the DagBag from /home/airflow/.local/lib/python3.8/site-packages/airflow/example_dags/example_external_task_marker_dag.py
[2024-02-06T15:28:51.353+0000] {processor.py:840} INFO - DAG(s) 'example_external_task_marker_parent', 'example_external_task_marker_child' retrieved from /home/airflow/.local/lib/python3.8/site-packages/airflow/example_dags/example_external_task_marker_dag.py
[2024-02-06T15:28:51.390+0000] {logging_mixin.py:188} INFO - [2024-02-06T15:28:51.390+0000] {dag.py:3036} INFO - Sync 2 DAGs
[2024-02-06T15:28:51.404+0000] {logging_mixin.py:188} INFO - [2024-02-06T15:28:51.404+0000] {dag.py:3823} INFO - Setting next_dagrun for example_external_task_marker_child to None, run_after=None
[2024-02-06T15:28:51.408+0000] {logging_mixin.py:188} INFO - [2024-02-06T15:28:51.408+0000] {dag.py:3823} INFO - Setting next_dagrun for example_external_task_marker_parent to None, run_after=None
[2024-02-06T15:28:51.426+0000] {processor.py:183} INFO - Processing /home/airflow/.local/lib/python3.8/site-packages/airflow/example_dags/example_external_task_marker_dag.py took 0.099 seconds
[2024-02-06T15:29:22.312+0000] {processor.py:161} INFO - Started process (PID=93) to work on /home/airflow/.local/lib/python3.8/site-packages/airflow/example_dags/example_external_task_marker_dag.py
[2024-02-06T15:29:22.313+0000] {processor.py:830} INFO - Processing file /home/airflow/.local/lib/python3.8/site-packages/airflow/example_dags/example_external_task_marker_dag.py for tasks to queue
[2024-02-06T15:29:22.316+0000] {logging_mixin.py:188} INFO - [2024-02-06T15:29:22.315+0000] {dagbag.py:538} INFO - Filling up the DagBag from /home/airflow/.local/lib/python3.8/site-packages/airflow/example_dags/example_external_task_marker_dag.py
[2024-02-06T15:29:22.323+0000] {processor.py:840} INFO - DAG(s) 'example_external_task_marker_child', 'example_external_task_marker_parent' retrieved from /home/airflow/.local/lib/python3.8/site-packages/airflow/example_dags/example_external_task_marker_dag.py
[2024-02-06T15:29:22.461+0000] {logging_mixin.py:188} INFO - [2024-02-06T15:29:22.461+0000] {dag.py:3036} INFO - Sync 2 DAGs
[2024-02-06T15:29:22.471+0000] {logging_mixin.py:188} INFO - [2024-02-06T15:29:22.471+0000] {dag.py:3823} INFO - Setting next_dagrun for example_external_task_marker_child to None, run_after=None
[2024-02-06T15:29:22.475+0000] {logging_mixin.py:188} INFO - [2024-02-06T15:29:22.475+0000] {dag.py:3823} INFO - Setting next_dagrun for example_external_task_marker_parent to None, run_after=None
[2024-02-06T15:29:22.493+0000] {processor.py:183} INFO - Processing /home/airflow/.local/lib/python3.8/site-packages/airflow/example_dags/example_external_task_marker_dag.py took 0.186 seconds
[2024-02-06T15:29:52.579+0000] {processor.py:161} INFO - Started process (PID=150) to work on /home/airflow/.local/lib/python3.8/site-packages/airflow/example_dags/example_external_task_marker_dag.py
[2024-02-06T15:29:52.580+0000] {processor.py:830} INFO - Processing file /home/airflow/.local/lib/python3.8/site-packages/airflow/example_dags/example_external_task_marker_dag.py for tasks to queue
[2024-02-06T15:29:52.583+0000] {logging_mixin.py:188} INFO - [2024-02-06T15:29:52.582+0000] {dagbag.py:538} INFO - Filling up the DagBag from /home/airflow/.local/lib/python3.8/site-packages/airflow/example_dags/example_external_task_marker_dag.py
[2024-02-06T15:29:52.590+0000] {processor.py:840} INFO - DAG(s) 'example_external_task_marker_child', 'example_external_task_marker_parent' retrieved from /home/airflow/.local/lib/python3.8/site-packages/airflow/example_dags/example_external_task_marker_dag.py
[2024-02-06T15:29:52.618+0000] {logging_mixin.py:188} INFO - [2024-02-06T15:29:52.618+0000] {dag.py:3036} INFO - Sync 2 DAGs
[2024-02-06T15:29:52.631+0000] {logging_mixin.py:188} INFO - [2024-02-06T15:29:52.631+0000] {dag.py:3823} INFO - Setting next_dagrun for example_external_task_marker_child to None, run_after=None
[2024-02-06T15:29:52.635+0000] {logging_mixin.py:188} INFO - [2024-02-06T15:29:52.635+0000] {dag.py:3823} INFO - Setting next_dagrun for example_external_task_marker_parent to None, run_after=None
[2024-02-06T15:29:52.651+0000] {processor.py:183} INFO - Processing /home/airflow/.local/lib/python3.8/site-packages/airflow/example_dags/example_external_task_marker_dag.py took 0.078 seconds
[2024-02-06T15:30:55.408+0000] {processor.py:161} INFO - Started process (PID=207) to work on /home/airflow/.local/lib/python3.8/site-packages/airflow/example_dags/example_external_task_marker_dag.py
[2024-02-06T15:30:55.417+0000] {processor.py:830} INFO - Processing file /home/airflow/.local/lib/python3.8/site-packages/airflow/example_dags/example_external_task_marker_dag.py for tasks to queue
[2024-02-06T15:30:55.443+0000] {logging_mixin.py:188} INFO - [2024-02-06T15:30:55.437+0000] {dagbag.py:538} INFO - Filling up the DagBag from /home/airflow/.local/lib/python3.8/site-packages/airflow/example_dags/example_external_task_marker_dag.py
[2024-02-06T15:30:55.477+0000] {processor.py:840} INFO - DAG(s) 'example_external_task_marker_parent', 'example_external_task_marker_child' retrieved from /home/airflow/.local/lib/python3.8/site-packages/airflow/example_dags/example_external_task_marker_dag.py
[2024-02-06T15:30:55.769+0000] {logging_mixin.py:188} INFO - [2024-02-06T15:30:55.769+0000] {dag.py:3036} INFO - Sync 2 DAGs
[2024-02-06T15:30:55.878+0000] {logging_mixin.py:188} INFO - [2024-02-06T15:30:55.877+0000] {dag.py:3823} INFO - Setting next_dagrun for example_external_task_marker_child to None, run_after=None
[2024-02-06T15:30:55.896+0000] {logging_mixin.py:188} INFO - [2024-02-06T15:30:55.896+0000] {dag.py:3823} INFO - Setting next_dagrun for example_external_task_marker_parent to None, run_after=None
[2024-02-06T15:30:56.006+0000] {processor.py:183} INFO - Processing /home/airflow/.local/lib/python3.8/site-packages/airflow/example_dags/example_external_task_marker_dag.py took 0.630 seconds
[2024-02-06T15:31:26.425+0000] {processor.py:161} INFO - Started process (PID=270) to work on /home/airflow/.local/lib/python3.8/site-packages/airflow/example_dags/example_external_task_marker_dag.py
[2024-02-06T15:31:26.426+0000] {processor.py:830} INFO - Processing file /home/airflow/.local/lib/python3.8/site-packages/airflow/example_dags/example_external_task_marker_dag.py for tasks to queue
[2024-02-06T15:31:26.428+0000] {logging_mixin.py:188} INFO - [2024-02-06T15:31:26.428+0000] {dagbag.py:538} INFO - Filling up the DagBag from /home/airflow/.local/lib/python3.8/site-packages/airflow/example_dags/example_external_task_marker_dag.py
[2024-02-06T15:31:26.435+0000] {processor.py:840} INFO - DAG(s) 'example_external_task_marker_parent', 'example_external_task_marker_child' retrieved from /home/airflow/.local/lib/python3.8/site-packages/airflow/example_dags/example_external_task_marker_dag.py
[2024-02-06T15:31:26.475+0000] {logging_mixin.py:188} INFO - [2024-02-06T15:31:26.475+0000] {dag.py:3036} INFO - Sync 2 DAGs
[2024-02-06T15:31:26.494+0000] {logging_mixin.py:188} INFO - [2024-02-06T15:31:26.494+0000] {dag.py:3823} INFO - Setting next_dagrun for example_external_task_marker_child to None, run_after=None
[2024-02-06T15:31:26.500+0000] {logging_mixin.py:188} INFO - [2024-02-06T15:31:26.499+0000] {dag.py:3823} INFO - Setting next_dagrun for example_external_task_marker_parent to None, run_after=None
[2024-02-06T15:31:26.523+0000] {processor.py:183} INFO - Processing /home/airflow/.local/lib/python3.8/site-packages/airflow/example_dags/example_external_task_marker_dag.py took 0.102 seconds
[2024-02-06T15:31:56.718+0000] {processor.py:161} INFO - Started process (PID=327) to work on /home/airflow/.local/lib/python3.8/site-packages/airflow/example_dags/example_external_task_marker_dag.py
[2024-02-06T15:31:56.719+0000] {processor.py:830} INFO - Processing file /home/airflow/.local/lib/python3.8/site-packages/airflow/example_dags/example_external_task_marker_dag.py for tasks to queue
[2024-02-06T15:31:56.722+0000] {logging_mixin.py:188} INFO - [2024-02-06T15:31:56.721+0000] {dagbag.py:538} INFO - Filling up the DagBag from /home/airflow/.local/lib/python3.8/site-packages/airflow/example_dags/example_external_task_marker_dag.py
[2024-02-06T15:31:56.729+0000] {processor.py:840} INFO - DAG(s) 'example_external_task_marker_parent', 'example_external_task_marker_child' retrieved from /home/airflow/.local/lib/python3.8/site-packages/airflow/example_dags/example_external_task_marker_dag.py
[2024-02-06T15:31:56.756+0000] {logging_mixin.py:188} INFO - [2024-02-06T15:31:56.755+0000] {dag.py:3036} INFO - Sync 2 DAGs
[2024-02-06T15:31:56.769+0000] {logging_mixin.py:188} INFO - [2024-02-06T15:31:56.769+0000] {dag.py:3823} INFO - Setting next_dagrun for example_external_task_marker_child to None, run_after=None
[2024-02-06T15:31:56.773+0000] {logging_mixin.py:188} INFO - [2024-02-06T15:31:56.772+0000] {dag.py:3823} INFO - Setting next_dagrun for example_external_task_marker_parent to None, run_after=None
[2024-02-06T15:31:56.789+0000] {processor.py:183} INFO - Processing /home/airflow/.local/lib/python3.8/site-packages/airflow/example_dags/example_external_task_marker_dag.py took 0.077 seconds
[2024-02-06T15:32:27.041+0000] {processor.py:161} INFO - Started process (PID=384) to work on /home/airflow/.local/lib/python3.8/site-packages/airflow/example_dags/example_external_task_marker_dag.py
[2024-02-06T15:32:27.042+0000] {processor.py:830} INFO - Processing file /home/airflow/.local/lib/python3.8/site-packages/airflow/example_dags/example_external_task_marker_dag.py for tasks to queue
[2024-02-06T15:32:27.044+0000] {logging_mixin.py:188} INFO - [2024-02-06T15:32:27.044+0000] {dagbag.py:538} INFO - Filling up the DagBag from /home/airflow/.local/lib/python3.8/site-packages/airflow/example_dags/example_external_task_marker_dag.py
[2024-02-06T15:32:27.051+0000] {processor.py:840} INFO - DAG(s) 'example_external_task_marker_child', 'example_external_task_marker_parent' retrieved from /home/airflow/.local/lib/python3.8/site-packages/airflow/example_dags/example_external_task_marker_dag.py
[2024-02-06T15:32:27.078+0000] {logging_mixin.py:188} INFO - [2024-02-06T15:32:27.077+0000] {dag.py:3036} INFO - Sync 2 DAGs
[2024-02-06T15:32:27.091+0000] {logging_mixin.py:188} INFO - [2024-02-06T15:32:27.091+0000] {dag.py:3823} INFO - Setting next_dagrun for example_external_task_marker_child to None, run_after=None
[2024-02-06T15:32:27.094+0000] {logging_mixin.py:188} INFO - [2024-02-06T15:32:27.094+0000] {dag.py:3823} INFO - Setting next_dagrun for example_external_task_marker_parent to None, run_after=None
[2024-02-06T15:32:27.111+0000] {processor.py:183} INFO - Processing /home/airflow/.local/lib/python3.8/site-packages/airflow/example_dags/example_external_task_marker_dag.py took 0.074 seconds
[2024-02-06T15:32:57.223+0000] {processor.py:161} INFO - Started process (PID=441) to work on /home/airflow/.local/lib/python3.8/site-packages/airflow/example_dags/example_external_task_marker_dag.py
[2024-02-06T15:32:57.225+0000] {processor.py:830} INFO - Processing file /home/airflow/.local/lib/python3.8/site-packages/airflow/example_dags/example_external_task_marker_dag.py for tasks to queue
[2024-02-06T15:32:57.227+0000] {logging_mixin.py:188} INFO - [2024-02-06T15:32:57.227+0000] {dagbag.py:538} INFO - Filling up the DagBag from /home/airflow/.local/lib/python3.8/site-packages/airflow/example_dags/example_external_task_marker_dag.py
[2024-02-06T15:32:57.234+0000] {processor.py:840} INFO - DAG(s) 'example_external_task_marker_child', 'example_external_task_marker_parent' retrieved from /home/airflow/.local/lib/python3.8/site-packages/airflow/example_dags/example_external_task_marker_dag.py
[2024-02-06T15:32:57.259+0000] {logging_mixin.py:188} INFO - [2024-02-06T15:32:57.259+0000] {dag.py:3036} INFO - Sync 2 DAGs
[2024-02-06T15:32:57.272+0000] {logging_mixin.py:188} INFO - [2024-02-06T15:32:57.272+0000] {dag.py:3823} INFO - Setting next_dagrun for example_external_task_marker_child to None, run_after=None
[2024-02-06T15:32:57.275+0000] {logging_mixin.py:188} INFO - [2024-02-06T15:32:57.275+0000] {dag.py:3823} INFO - Setting next_dagrun for example_external_task_marker_parent to None, run_after=None
[2024-02-06T15:32:57.295+0000] {processor.py:183} INFO - Processing /home/airflow/.local/lib/python3.8/site-packages/airflow/example_dags/example_external_task_marker_dag.py took 0.079 seconds
[2024-02-06T15:33:27.624+0000] {processor.py:161} INFO - Started process (PID=498) to work on /home/airflow/.local/lib/python3.8/site-packages/airflow/example_dags/example_external_task_marker_dag.py
[2024-02-06T15:33:27.626+0000] {processor.py:830} INFO - Processing file /home/airflow/.local/lib/python3.8/site-packages/airflow/example_dags/example_external_task_marker_dag.py for tasks to queue
[2024-02-06T15:33:27.628+0000] {logging_mixin.py:188} INFO - [2024-02-06T15:33:27.628+0000] {dagbag.py:538} INFO - Filling up the DagBag from /home/airflow/.local/lib/python3.8/site-packages/airflow/example_dags/example_external_task_marker_dag.py
[2024-02-06T15:33:27.635+0000] {processor.py:840} INFO - DAG(s) 'example_external_task_marker_parent', 'example_external_task_marker_child' retrieved from /home/airflow/.local/lib/python3.8/site-packages/airflow/example_dags/example_external_task_marker_dag.py
[2024-02-06T15:33:27.661+0000] {logging_mixin.py:188} INFO - [2024-02-06T15:33:27.661+0000] {dag.py:3036} INFO - Sync 2 DAGs
[2024-02-06T15:33:27.675+0000] {logging_mixin.py:188} INFO - [2024-02-06T15:33:27.675+0000] {dag.py:3823} INFO - Setting next_dagrun for example_external_task_marker_child to None, run_after=None
[2024-02-06T15:33:27.679+0000] {logging_mixin.py:188} INFO - [2024-02-06T15:33:27.679+0000] {dag.py:3823} INFO - Setting next_dagrun for example_external_task_marker_parent to None, run_after=None
[2024-02-06T15:33:27.696+0000] {processor.py:183} INFO - Processing /home/airflow/.local/lib/python3.8/site-packages/airflow/example_dags/example_external_task_marker_dag.py took 0.076 seconds
[2024-02-06T15:33:57.967+0000] {processor.py:161} INFO - Started process (PID=554) to work on /home/airflow/.local/lib/python3.8/site-packages/airflow/example_dags/example_external_task_marker_dag.py
[2024-02-06T15:33:57.969+0000] {processor.py:830} INFO - Processing file /home/airflow/.local/lib/python3.8/site-packages/airflow/example_dags/example_external_task_marker_dag.py for tasks to queue
[2024-02-06T15:33:57.972+0000] {logging_mixin.py:188} INFO - [2024-02-06T15:33:57.971+0000] {dagbag.py:538} INFO - Filling up the DagBag from /home/airflow/.local/lib/python3.8/site-packages/airflow/example_dags/example_external_task_marker_dag.py
[2024-02-06T15:33:57.980+0000] {processor.py:840} INFO - DAG(s) 'example_external_task_marker_parent', 'example_external_task_marker_child' retrieved from /home/airflow/.local/lib/python3.8/site-packages/airflow/example_dags/example_external_task_marker_dag.py
[2024-02-06T15:33:58.006+0000] {logging_mixin.py:188} INFO - [2024-02-06T15:33:58.005+0000] {dag.py:3036} INFO - Sync 2 DAGs
[2024-02-06T15:33:58.020+0000] {logging_mixin.py:188} INFO - [2024-02-06T15:33:58.020+0000] {dag.py:3823} INFO - Setting next_dagrun for example_external_task_marker_child to None, run_after=None
[2024-02-06T15:33:58.023+0000] {logging_mixin.py:188} INFO - [2024-02-06T15:33:58.023+0000] {dag.py:3823} INFO - Setting next_dagrun for example_external_task_marker_parent to None, run_after=None
[2024-02-06T15:33:58.040+0000] {processor.py:183} INFO - Processing /home/airflow/.local/lib/python3.8/site-packages/airflow/example_dags/example_external_task_marker_dag.py took 0.080 seconds
[2024-02-06T15:34:28.400+0000] {processor.py:161} INFO - Started process (PID=611) to work on /home/airflow/.local/lib/python3.8/site-packages/airflow/example_dags/example_external_task_marker_dag.py
[2024-02-06T15:34:28.401+0000] {processor.py:830} INFO - Processing file /home/airflow/.local/lib/python3.8/site-packages/airflow/example_dags/example_external_task_marker_dag.py for tasks to queue
[2024-02-06T15:34:28.403+0000] {logging_mixin.py:188} INFO - [2024-02-06T15:34:28.403+0000] {dagbag.py:538} INFO - Filling up the DagBag from /home/airflow/.local/lib/python3.8/site-packages/airflow/example_dags/example_external_task_marker_dag.py
[2024-02-06T15:34:28.410+0000] {processor.py:840} INFO - DAG(s) 'example_external_task_marker_child', 'example_external_task_marker_parent' retrieved from /home/airflow/.local/lib/python3.8/site-packages/airflow/example_dags/example_external_task_marker_dag.py
[2024-02-06T15:34:28.438+0000] {logging_mixin.py:188} INFO - [2024-02-06T15:34:28.438+0000] {dag.py:3036} INFO - Sync 2 DAGs
[2024-02-06T15:34:28.451+0000] {logging_mixin.py:188} INFO - [2024-02-06T15:34:28.451+0000] {dag.py:3823} INFO - Setting next_dagrun for example_external_task_marker_child to None, run_after=None
[2024-02-06T15:34:28.454+0000] {logging_mixin.py:188} INFO - [2024-02-06T15:34:28.454+0000] {dag.py:3823} INFO - Setting next_dagrun for example_external_task_marker_parent to None, run_after=None
[2024-02-06T15:34:28.471+0000] {processor.py:183} INFO - Processing /home/airflow/.local/lib/python3.8/site-packages/airflow/example_dags/example_external_task_marker_dag.py took 0.076 seconds
[2024-02-06T15:34:58.850+0000] {processor.py:161} INFO - Started process (PID=668) to work on /home/airflow/.local/lib/python3.8/site-packages/airflow/example_dags/example_external_task_marker_dag.py
[2024-02-06T15:34:58.852+0000] {processor.py:830} INFO - Processing file /home/airflow/.local/lib/python3.8/site-packages/airflow/example_dags/example_external_task_marker_dag.py for tasks to queue
[2024-02-06T15:34:58.854+0000] {logging_mixin.py:188} INFO - [2024-02-06T15:34:58.854+0000] {dagbag.py:538} INFO - Filling up the DagBag from /home/airflow/.local/lib/python3.8/site-packages/airflow/example_dags/example_external_task_marker_dag.py
[2024-02-06T15:34:58.861+0000] {processor.py:840} INFO - DAG(s) 'example_external_task_marker_child', 'example_external_task_marker_parent' retrieved from /home/airflow/.local/lib/python3.8/site-packages/airflow/example_dags/example_external_task_marker_dag.py
[2024-02-06T15:34:58.893+0000] {logging_mixin.py:188} INFO - [2024-02-06T15:34:58.893+0000] {dag.py:3036} INFO - Sync 2 DAGs
[2024-02-06T15:34:58.911+0000] {logging_mixin.py:188} INFO - [2024-02-06T15:34:58.910+0000] {dag.py:3823} INFO - Setting next_dagrun for example_external_task_marker_child to None, run_after=None
[2024-02-06T15:34:58.914+0000] {logging_mixin.py:188} INFO - [2024-02-06T15:34:58.914+0000] {dag.py:3823} INFO - Setting next_dagrun for example_external_task_marker_parent to None, run_after=None
[2024-02-06T15:34:58.930+0000] {processor.py:183} INFO - Processing /home/airflow/.local/lib/python3.8/site-packages/airflow/example_dags/example_external_task_marker_dag.py took 0.087 seconds
[2024-02-06T15:35:28.984+0000] {processor.py:161} INFO - Started process (PID=725) to work on /home/airflow/.local/lib/python3.8/site-packages/airflow/example_dags/example_external_task_marker_dag.py
[2024-02-06T15:35:28.985+0000] {processor.py:830} INFO - Processing file /home/airflow/.local/lib/python3.8/site-packages/airflow/example_dags/example_external_task_marker_dag.py for tasks to queue
[2024-02-06T15:35:28.988+0000] {logging_mixin.py:188} INFO - [2024-02-06T15:35:28.987+0000] {dagbag.py:538} INFO - Filling up the DagBag from /home/airflow/.local/lib/python3.8/site-packages/airflow/example_dags/example_external_task_marker_dag.py
[2024-02-06T15:35:28.996+0000] {processor.py:840} INFO - DAG(s) 'example_external_task_marker_child', 'example_external_task_marker_parent' retrieved from /home/airflow/.local/lib/python3.8/site-packages/airflow/example_dags/example_external_task_marker_dag.py
[2024-02-06T15:35:29.025+0000] {logging_mixin.py:188} INFO - [2024-02-06T15:35:29.025+0000] {dag.py:3036} INFO - Sync 2 DAGs
[2024-02-06T15:35:29.039+0000] {logging_mixin.py:188} INFO - [2024-02-06T15:35:29.039+0000] {dag.py:3823} INFO - Setting next_dagrun for example_external_task_marker_child to None, run_after=None
[2024-02-06T15:35:29.043+0000] {logging_mixin.py:188} INFO - [2024-02-06T15:35:29.043+0000] {dag.py:3823} INFO - Setting next_dagrun for example_external_task_marker_parent to None, run_after=None
[2024-02-06T15:35:29.059+0000] {processor.py:183} INFO - Processing /home/airflow/.local/lib/python3.8/site-packages/airflow/example_dags/example_external_task_marker_dag.py took 0.079 seconds
[2024-02-06T15:35:59.248+0000] {processor.py:161} INFO - Started process (PID=782) to work on /home/airflow/.local/lib/python3.8/site-packages/airflow/example_dags/example_external_task_marker_dag.py
[2024-02-06T15:35:59.250+0000] {processor.py:830} INFO - Processing file /home/airflow/.local/lib/python3.8/site-packages/airflow/example_dags/example_external_task_marker_dag.py for tasks to queue
[2024-02-06T15:35:59.252+0000] {logging_mixin.py:188} INFO - [2024-02-06T15:35:59.252+0000] {dagbag.py:538} INFO - Filling up the DagBag from /home/airflow/.local/lib/python3.8/site-packages/airflow/example_dags/example_external_task_marker_dag.py
[2024-02-06T15:35:59.261+0000] {processor.py:840} INFO - DAG(s) 'example_external_task_marker_child', 'example_external_task_marker_parent' retrieved from /home/airflow/.local/lib/python3.8/site-packages/airflow/example_dags/example_external_task_marker_dag.py
[2024-02-06T15:35:59.293+0000] {logging_mixin.py:188} INFO - [2024-02-06T15:35:59.292+0000] {dag.py:3036} INFO - Sync 2 DAGs
[2024-02-06T15:35:59.305+0000] {logging_mixin.py:188} INFO - [2024-02-06T15:35:59.305+0000] {dag.py:3823} INFO - Setting next_dagrun for example_external_task_marker_child to None, run_after=None
[2024-02-06T15:35:59.309+0000] {logging_mixin.py:188} INFO - [2024-02-06T15:35:59.309+0000] {dag.py:3823} INFO - Setting next_dagrun for example_external_task_marker_parent to None, run_after=None
[2024-02-06T15:35:59.328+0000] {processor.py:183} INFO - Processing /home/airflow/.local/lib/python3.8/site-packages/airflow/example_dags/example_external_task_marker_dag.py took 0.085 seconds
[2024-02-06T15:36:29.504+0000] {processor.py:161} INFO - Started process (PID=839) to work on /home/airflow/.local/lib/python3.8/site-packages/airflow/example_dags/example_external_task_marker_dag.py
[2024-02-06T15:36:29.505+0000] {processor.py:830} INFO - Processing file /home/airflow/.local/lib/python3.8/site-packages/airflow/example_dags/example_external_task_marker_dag.py for tasks to queue
[2024-02-06T15:36:29.506+0000] {logging_mixin.py:188} INFO - [2024-02-06T15:36:29.506+0000] {dagbag.py:538} INFO - Filling up the DagBag from /home/airflow/.local/lib/python3.8/site-packages/airflow/example_dags/example_external_task_marker_dag.py
[2024-02-06T15:36:29.513+0000] {processor.py:840} INFO - DAG(s) 'example_external_task_marker_parent', 'example_external_task_marker_child' retrieved from /home/airflow/.local/lib/python3.8/site-packages/airflow/example_dags/example_external_task_marker_dag.py
[2024-02-06T15:36:29.539+0000] {logging_mixin.py:188} INFO - [2024-02-06T15:36:29.539+0000] {dag.py:3036} INFO - Sync 2 DAGs
[2024-02-06T15:36:29.552+0000] {logging_mixin.py:188} INFO - [2024-02-06T15:36:29.551+0000] {dag.py:3823} INFO - Setting next_dagrun for example_external_task_marker_child to None, run_after=None
[2024-02-06T15:36:29.555+0000] {logging_mixin.py:188} INFO - [2024-02-06T15:36:29.555+0000] {dag.py:3823} INFO - Setting next_dagrun for example_external_task_marker_parent to None, run_after=None
[2024-02-06T15:36:29.577+0000] {processor.py:183} INFO - Processing /home/airflow/.local/lib/python3.8/site-packages/airflow/example_dags/example_external_task_marker_dag.py took 0.076 seconds
[2024-02-06T15:36:59.796+0000] {processor.py:161} INFO - Started process (PID=896) to work on /home/airflow/.local/lib/python3.8/site-packages/airflow/example_dags/example_external_task_marker_dag.py
[2024-02-06T15:36:59.797+0000] {processor.py:830} INFO - Processing file /home/airflow/.local/lib/python3.8/site-packages/airflow/example_dags/example_external_task_marker_dag.py for tasks to queue
[2024-02-06T15:36:59.799+0000] {logging_mixin.py:188} INFO - [2024-02-06T15:36:59.798+0000] {dagbag.py:538} INFO - Filling up the DagBag from /home/airflow/.local/lib/python3.8/site-packages/airflow/example_dags/example_external_task_marker_dag.py
[2024-02-06T15:36:59.807+0000] {processor.py:840} INFO - DAG(s) 'example_external_task_marker_child', 'example_external_task_marker_parent' retrieved from /home/airflow/.local/lib/python3.8/site-packages/airflow/example_dags/example_external_task_marker_dag.py
[2024-02-06T15:36:59.841+0000] {logging_mixin.py:188} INFO - [2024-02-06T15:36:59.840+0000] {dag.py:3036} INFO - Sync 2 DAGs
[2024-02-06T15:36:59.859+0000] {logging_mixin.py:188} INFO - [2024-02-06T15:36:59.858+0000] {dag.py:3823} INFO - Setting next_dagrun for example_external_task_marker_child to None, run_after=None
[2024-02-06T15:36:59.864+0000] {logging_mixin.py:188} INFO - [2024-02-06T15:36:59.864+0000] {dag.py:3823} INFO - Setting next_dagrun for example_external_task_marker_parent to None, run_after=None
[2024-02-06T15:36:59.890+0000] {processor.py:183} INFO - Processing /home/airflow/.local/lib/python3.8/site-packages/airflow/example_dags/example_external_task_marker_dag.py took 0.098 seconds
