[2024-02-06T15:24:37.787+0000] {processor.py:161} INFO - Started process (PID=48) to work on /home/airflow/.local/lib/python3.8/site-packages/airflow/example_dags/example_branch_python_dop_operator_3.py
[2024-02-06T15:24:37.788+0000] {processor.py:830} INFO - Processing file /home/airflow/.local/lib/python3.8/site-packages/airflow/example_dags/example_branch_python_dop_operator_3.py for tasks to queue
[2024-02-06T15:24:37.790+0000] {logging_mixin.py:188} INFO - [2024-02-06T15:24:37.790+0000] {dagbag.py:538} INFO - Filling up the DagBag from /home/airflow/.local/lib/python3.8/site-packages/airflow/example_dags/example_branch_python_dop_operator_3.py
[2024-02-06T15:24:37.807+0000] {processor.py:840} INFO - DAG(s) 'example_branch_dop_operator_v3' retrieved from /home/airflow/.local/lib/python3.8/site-packages/airflow/example_dags/example_branch_python_dop_operator_3.py
[2024-02-06T15:24:37.822+0000] {logging_mixin.py:188} INFO - [2024-02-06T15:24:37.822+0000] {dag.py:3036} INFO - Sync 1 DAGs
[2024-02-06T15:24:37.859+0000] {logging_mixin.py:188} INFO - [2024-02-06T15:24:37.859+0000] {dag.py:3823} INFO - Setting next_dagrun for example_branch_dop_operator_v3 to 2024-02-06 15:23:00+00:00, run_after=2024-02-06 15:24:00+00:00
[2024-02-06T15:24:37.886+0000] {processor.py:183} INFO - Processing /home/airflow/.local/lib/python3.8/site-packages/airflow/example_dags/example_branch_python_dop_operator_3.py took 0.104 seconds
[2024-02-06T15:25:07.983+0000] {processor.py:161} INFO - Started process (PID=103) to work on /home/airflow/.local/lib/python3.8/site-packages/airflow/example_dags/example_branch_python_dop_operator_3.py
[2024-02-06T15:25:07.984+0000] {processor.py:830} INFO - Processing file /home/airflow/.local/lib/python3.8/site-packages/airflow/example_dags/example_branch_python_dop_operator_3.py for tasks to queue
[2024-02-06T15:25:07.986+0000] {logging_mixin.py:188} INFO - [2024-02-06T15:25:07.985+0000] {dagbag.py:538} INFO - Filling up the DagBag from /home/airflow/.local/lib/python3.8/site-packages/airflow/example_dags/example_branch_python_dop_operator_3.py
[2024-02-06T15:25:07.995+0000] {processor.py:840} INFO - DAG(s) 'example_branch_dop_operator_v3' retrieved from /home/airflow/.local/lib/python3.8/site-packages/airflow/example_dags/example_branch_python_dop_operator_3.py
[2024-02-06T15:25:08.094+0000] {logging_mixin.py:188} INFO - [2024-02-06T15:25:08.094+0000] {dag.py:3036} INFO - Sync 1 DAGs
[2024-02-06T15:25:08.117+0000] {logging_mixin.py:188} INFO - [2024-02-06T15:25:08.117+0000] {dag.py:3823} INFO - Setting next_dagrun for example_branch_dop_operator_v3 to 2024-02-06 15:24:00+00:00, run_after=2024-02-06 15:25:00+00:00
[2024-02-06T15:25:08.134+0000] {processor.py:183} INFO - Processing /home/airflow/.local/lib/python3.8/site-packages/airflow/example_dags/example_branch_python_dop_operator_3.py took 0.154 seconds
[2024-02-06T15:25:39.071+0000] {processor.py:161} INFO - Started process (PID=160) to work on /home/airflow/.local/lib/python3.8/site-packages/airflow/example_dags/example_branch_python_dop_operator_3.py
[2024-02-06T15:25:39.073+0000] {processor.py:830} INFO - Processing file /home/airflow/.local/lib/python3.8/site-packages/airflow/example_dags/example_branch_python_dop_operator_3.py for tasks to queue
[2024-02-06T15:25:39.076+0000] {logging_mixin.py:188} INFO - [2024-02-06T15:25:39.075+0000] {dagbag.py:538} INFO - Filling up the DagBag from /home/airflow/.local/lib/python3.8/site-packages/airflow/example_dags/example_branch_python_dop_operator_3.py
[2024-02-06T15:25:39.096+0000] {processor.py:840} INFO - DAG(s) 'example_branch_dop_operator_v3' retrieved from /home/airflow/.local/lib/python3.8/site-packages/airflow/example_dags/example_branch_python_dop_operator_3.py
[2024-02-06T15:25:39.147+0000] {logging_mixin.py:188} INFO - [2024-02-06T15:25:39.145+0000] {dag.py:3036} INFO - Sync 1 DAGs
[2024-02-06T15:25:39.281+0000] {logging_mixin.py:188} INFO - [2024-02-06T15:25:39.270+0000] {dag.py:3823} INFO - Setting next_dagrun for example_branch_dop_operator_v3 to 2024-02-06 15:24:00+00:00, run_after=2024-02-06 15:25:00+00:00
[2024-02-06T15:25:39.344+0000] {processor.py:183} INFO - Processing /home/airflow/.local/lib/python3.8/site-packages/airflow/example_dags/example_branch_python_dop_operator_3.py took 0.277 seconds
[2024-02-06T15:28:52.908+0000] {processor.py:161} INFO - Started process (PID=49) to work on /home/airflow/.local/lib/python3.8/site-packages/airflow/example_dags/example_branch_python_dop_operator_3.py
[2024-02-06T15:28:52.909+0000] {processor.py:830} INFO - Processing file /home/airflow/.local/lib/python3.8/site-packages/airflow/example_dags/example_branch_python_dop_operator_3.py for tasks to queue
[2024-02-06T15:28:52.911+0000] {logging_mixin.py:188} INFO - [2024-02-06T15:28:52.911+0000] {dagbag.py:538} INFO - Filling up the DagBag from /home/airflow/.local/lib/python3.8/site-packages/airflow/example_dags/example_branch_python_dop_operator_3.py
[2024-02-06T15:28:52.926+0000] {processor.py:840} INFO - DAG(s) 'example_branch_dop_operator_v3' retrieved from /home/airflow/.local/lib/python3.8/site-packages/airflow/example_dags/example_branch_python_dop_operator_3.py
[2024-02-06T15:28:52.945+0000] {logging_mixin.py:188} INFO - [2024-02-06T15:28:52.945+0000] {dag.py:3036} INFO - Sync 1 DAGs
[2024-02-06T15:28:52.992+0000] {logging_mixin.py:188} INFO - [2024-02-06T15:28:52.991+0000] {dag.py:3823} INFO - Setting next_dagrun for example_branch_dop_operator_v3 to 2024-02-06 15:27:00+00:00, run_after=2024-02-06 15:28:00+00:00
[2024-02-06T15:28:53.017+0000] {processor.py:183} INFO - Processing /home/airflow/.local/lib/python3.8/site-packages/airflow/example_dags/example_branch_python_dop_operator_3.py took 0.114 seconds
[2024-02-06T15:29:23.306+0000] {processor.py:161} INFO - Started process (PID=104) to work on /home/airflow/.local/lib/python3.8/site-packages/airflow/example_dags/example_branch_python_dop_operator_3.py
[2024-02-06T15:29:23.307+0000] {processor.py:830} INFO - Processing file /home/airflow/.local/lib/python3.8/site-packages/airflow/example_dags/example_branch_python_dop_operator_3.py for tasks to queue
[2024-02-06T15:29:23.309+0000] {logging_mixin.py:188} INFO - [2024-02-06T15:29:23.309+0000] {dagbag.py:538} INFO - Filling up the DagBag from /home/airflow/.local/lib/python3.8/site-packages/airflow/example_dags/example_branch_python_dop_operator_3.py
[2024-02-06T15:29:23.318+0000] {processor.py:840} INFO - DAG(s) 'example_branch_dop_operator_v3' retrieved from /home/airflow/.local/lib/python3.8/site-packages/airflow/example_dags/example_branch_python_dop_operator_3.py
[2024-02-06T15:29:23.420+0000] {logging_mixin.py:188} INFO - [2024-02-06T15:29:23.420+0000] {dag.py:3036} INFO - Sync 1 DAGs
[2024-02-06T15:29:23.443+0000] {logging_mixin.py:188} INFO - [2024-02-06T15:29:23.443+0000] {dag.py:3823} INFO - Setting next_dagrun for example_branch_dop_operator_v3 to 2024-02-06 15:28:00+00:00, run_after=2024-02-06 15:29:00+00:00
[2024-02-06T15:29:23.460+0000] {processor.py:183} INFO - Processing /home/airflow/.local/lib/python3.8/site-packages/airflow/example_dags/example_branch_python_dop_operator_3.py took 0.157 seconds
[2024-02-06T15:29:54.185+0000] {processor.py:161} INFO - Started process (PID=161) to work on /home/airflow/.local/lib/python3.8/site-packages/airflow/example_dags/example_branch_python_dop_operator_3.py
[2024-02-06T15:29:54.186+0000] {processor.py:830} INFO - Processing file /home/airflow/.local/lib/python3.8/site-packages/airflow/example_dags/example_branch_python_dop_operator_3.py for tasks to queue
[2024-02-06T15:29:54.188+0000] {logging_mixin.py:188} INFO - [2024-02-06T15:29:54.187+0000] {dagbag.py:538} INFO - Filling up the DagBag from /home/airflow/.local/lib/python3.8/site-packages/airflow/example_dags/example_branch_python_dop_operator_3.py
[2024-02-06T15:29:54.198+0000] {processor.py:840} INFO - DAG(s) 'example_branch_dop_operator_v3' retrieved from /home/airflow/.local/lib/python3.8/site-packages/airflow/example_dags/example_branch_python_dop_operator_3.py
[2024-02-06T15:29:54.225+0000] {logging_mixin.py:188} INFO - [2024-02-06T15:29:54.224+0000] {dag.py:3036} INFO - Sync 1 DAGs
[2024-02-06T15:29:54.263+0000] {logging_mixin.py:188} INFO - [2024-02-06T15:29:54.262+0000] {dag.py:3823} INFO - Setting next_dagrun for example_branch_dop_operator_v3 to 2024-02-06 15:28:00+00:00, run_after=2024-02-06 15:29:00+00:00
[2024-02-06T15:29:54.286+0000] {processor.py:183} INFO - Processing /home/airflow/.local/lib/python3.8/site-packages/airflow/example_dags/example_branch_python_dop_operator_3.py took 0.105 seconds
[2024-02-06T15:30:57.312+0000] {processor.py:161} INFO - Started process (PID=224) to work on /home/airflow/.local/lib/python3.8/site-packages/airflow/example_dags/example_branch_python_dop_operator_3.py
[2024-02-06T15:30:57.314+0000] {processor.py:830} INFO - Processing file /home/airflow/.local/lib/python3.8/site-packages/airflow/example_dags/example_branch_python_dop_operator_3.py for tasks to queue
[2024-02-06T15:30:57.317+0000] {logging_mixin.py:188} INFO - [2024-02-06T15:30:57.316+0000] {dagbag.py:538} INFO - Filling up the DagBag from /home/airflow/.local/lib/python3.8/site-packages/airflow/example_dags/example_branch_python_dop_operator_3.py
[2024-02-06T15:30:57.338+0000] {processor.py:840} INFO - DAG(s) 'example_branch_dop_operator_v3' retrieved from /home/airflow/.local/lib/python3.8/site-packages/airflow/example_dags/example_branch_python_dop_operator_3.py
[2024-02-06T15:30:57.380+0000] {logging_mixin.py:188} INFO - [2024-02-06T15:30:57.379+0000] {dag.py:3036} INFO - Sync 1 DAGs
[2024-02-06T15:30:57.429+0000] {logging_mixin.py:188} INFO - [2024-02-06T15:30:57.429+0000] {dag.py:3823} INFO - Setting next_dagrun for example_branch_dop_operator_v3 to 2024-02-06 15:29:00+00:00, run_after=2024-02-06 15:30:00+00:00
[2024-02-06T15:30:57.458+0000] {processor.py:183} INFO - Processing /home/airflow/.local/lib/python3.8/site-packages/airflow/example_dags/example_branch_python_dop_operator_3.py took 0.153 seconds
[2024-02-06T15:31:28.137+0000] {processor.py:161} INFO - Started process (PID=281) to work on /home/airflow/.local/lib/python3.8/site-packages/airflow/example_dags/example_branch_python_dop_operator_3.py
[2024-02-06T15:31:28.138+0000] {processor.py:830} INFO - Processing file /home/airflow/.local/lib/python3.8/site-packages/airflow/example_dags/example_branch_python_dop_operator_3.py for tasks to queue
[2024-02-06T15:31:28.139+0000] {logging_mixin.py:188} INFO - [2024-02-06T15:31:28.139+0000] {dagbag.py:538} INFO - Filling up the DagBag from /home/airflow/.local/lib/python3.8/site-packages/airflow/example_dags/example_branch_python_dop_operator_3.py
[2024-02-06T15:31:28.151+0000] {processor.py:840} INFO - DAG(s) 'example_branch_dop_operator_v3' retrieved from /home/airflow/.local/lib/python3.8/site-packages/airflow/example_dags/example_branch_python_dop_operator_3.py
[2024-02-06T15:31:28.183+0000] {logging_mixin.py:188} INFO - [2024-02-06T15:31:28.183+0000] {dag.py:3036} INFO - Sync 1 DAGs
[2024-02-06T15:31:28.225+0000] {logging_mixin.py:188} INFO - [2024-02-06T15:31:28.225+0000] {dag.py:3823} INFO - Setting next_dagrun for example_branch_dop_operator_v3 to 2024-02-06 15:30:00+00:00, run_after=2024-02-06 15:31:00+00:00
[2024-02-06T15:31:28.252+0000] {processor.py:183} INFO - Processing /home/airflow/.local/lib/python3.8/site-packages/airflow/example_dags/example_branch_python_dop_operator_3.py took 0.118 seconds
[2024-02-06T15:31:58.326+0000] {processor.py:161} INFO - Started process (PID=338) to work on /home/airflow/.local/lib/python3.8/site-packages/airflow/example_dags/example_branch_python_dop_operator_3.py
[2024-02-06T15:31:58.327+0000] {processor.py:830} INFO - Processing file /home/airflow/.local/lib/python3.8/site-packages/airflow/example_dags/example_branch_python_dop_operator_3.py for tasks to queue
[2024-02-06T15:31:58.329+0000] {logging_mixin.py:188} INFO - [2024-02-06T15:31:58.329+0000] {dagbag.py:538} INFO - Filling up the DagBag from /home/airflow/.local/lib/python3.8/site-packages/airflow/example_dags/example_branch_python_dop_operator_3.py
[2024-02-06T15:31:58.338+0000] {processor.py:840} INFO - DAG(s) 'example_branch_dop_operator_v3' retrieved from /home/airflow/.local/lib/python3.8/site-packages/airflow/example_dags/example_branch_python_dop_operator_3.py
[2024-02-06T15:31:58.359+0000] {logging_mixin.py:188} INFO - [2024-02-06T15:31:58.359+0000] {dag.py:3036} INFO - Sync 1 DAGs
[2024-02-06T15:31:58.384+0000] {logging_mixin.py:188} INFO - [2024-02-06T15:31:58.384+0000] {dag.py:3823} INFO - Setting next_dagrun for example_branch_dop_operator_v3 to 2024-02-06 15:30:00+00:00, run_after=2024-02-06 15:31:00+00:00
[2024-02-06T15:31:58.402+0000] {processor.py:183} INFO - Processing /home/airflow/.local/lib/python3.8/site-packages/airflow/example_dags/example_branch_python_dop_operator_3.py took 0.078 seconds
[2024-02-06T15:32:28.609+0000] {processor.py:161} INFO - Started process (PID=395) to work on /home/airflow/.local/lib/python3.8/site-packages/airflow/example_dags/example_branch_python_dop_operator_3.py
[2024-02-06T15:32:28.610+0000] {processor.py:830} INFO - Processing file /home/airflow/.local/lib/python3.8/site-packages/airflow/example_dags/example_branch_python_dop_operator_3.py for tasks to queue
[2024-02-06T15:32:28.612+0000] {logging_mixin.py:188} INFO - [2024-02-06T15:32:28.611+0000] {dagbag.py:538} INFO - Filling up the DagBag from /home/airflow/.local/lib/python3.8/site-packages/airflow/example_dags/example_branch_python_dop_operator_3.py
[2024-02-06T15:32:28.621+0000] {processor.py:840} INFO - DAG(s) 'example_branch_dop_operator_v3' retrieved from /home/airflow/.local/lib/python3.8/site-packages/airflow/example_dags/example_branch_python_dop_operator_3.py
[2024-02-06T15:32:28.641+0000] {logging_mixin.py:188} INFO - [2024-02-06T15:32:28.641+0000] {dag.py:3036} INFO - Sync 1 DAGs
[2024-02-06T15:32:28.671+0000] {logging_mixin.py:188} INFO - [2024-02-06T15:32:28.670+0000] {dag.py:3823} INFO - Setting next_dagrun for example_branch_dop_operator_v3 to 2024-02-06 15:31:00+00:00, run_after=2024-02-06 15:32:00+00:00
[2024-02-06T15:32:28.691+0000] {processor.py:183} INFO - Processing /home/airflow/.local/lib/python3.8/site-packages/airflow/example_dags/example_branch_python_dop_operator_3.py took 0.086 seconds
[2024-02-06T15:32:58.779+0000] {processor.py:161} INFO - Started process (PID=452) to work on /home/airflow/.local/lib/python3.8/site-packages/airflow/example_dags/example_branch_python_dop_operator_3.py
[2024-02-06T15:32:58.780+0000] {processor.py:830} INFO - Processing file /home/airflow/.local/lib/python3.8/site-packages/airflow/example_dags/example_branch_python_dop_operator_3.py for tasks to queue
[2024-02-06T15:32:58.781+0000] {logging_mixin.py:188} INFO - [2024-02-06T15:32:58.781+0000] {dagbag.py:538} INFO - Filling up the DagBag from /home/airflow/.local/lib/python3.8/site-packages/airflow/example_dags/example_branch_python_dop_operator_3.py
[2024-02-06T15:32:58.790+0000] {processor.py:840} INFO - DAG(s) 'example_branch_dop_operator_v3' retrieved from /home/airflow/.local/lib/python3.8/site-packages/airflow/example_dags/example_branch_python_dop_operator_3.py
[2024-02-06T15:32:58.812+0000] {logging_mixin.py:188} INFO - [2024-02-06T15:32:58.811+0000] {dag.py:3036} INFO - Sync 1 DAGs
[2024-02-06T15:32:58.844+0000] {logging_mixin.py:188} INFO - [2024-02-06T15:32:58.844+0000] {dag.py:3823} INFO - Setting next_dagrun for example_branch_dop_operator_v3 to 2024-02-06 15:31:00+00:00, run_after=2024-02-06 15:32:00+00:00
[2024-02-06T15:32:58.863+0000] {processor.py:183} INFO - Processing /home/airflow/.local/lib/python3.8/site-packages/airflow/example_dags/example_branch_python_dop_operator_3.py took 0.087 seconds
[2024-02-06T15:33:29.156+0000] {processor.py:161} INFO - Started process (PID=509) to work on /home/airflow/.local/lib/python3.8/site-packages/airflow/example_dags/example_branch_python_dop_operator_3.py
[2024-02-06T15:33:29.157+0000] {processor.py:830} INFO - Processing file /home/airflow/.local/lib/python3.8/site-packages/airflow/example_dags/example_branch_python_dop_operator_3.py for tasks to queue
[2024-02-06T15:33:29.159+0000] {logging_mixin.py:188} INFO - [2024-02-06T15:33:29.158+0000] {dagbag.py:538} INFO - Filling up the DagBag from /home/airflow/.local/lib/python3.8/site-packages/airflow/example_dags/example_branch_python_dop_operator_3.py
[2024-02-06T15:33:29.168+0000] {processor.py:840} INFO - DAG(s) 'example_branch_dop_operator_v3' retrieved from /home/airflow/.local/lib/python3.8/site-packages/airflow/example_dags/example_branch_python_dop_operator_3.py
[2024-02-06T15:33:29.188+0000] {logging_mixin.py:188} INFO - [2024-02-06T15:33:29.188+0000] {dag.py:3036} INFO - Sync 1 DAGs
[2024-02-06T15:33:29.216+0000] {logging_mixin.py:188} INFO - [2024-02-06T15:33:29.216+0000] {dag.py:3823} INFO - Setting next_dagrun for example_branch_dop_operator_v3 to 2024-02-06 15:32:00+00:00, run_after=2024-02-06 15:33:00+00:00
[2024-02-06T15:33:29.235+0000] {processor.py:183} INFO - Processing /home/airflow/.local/lib/python3.8/site-packages/airflow/example_dags/example_branch_python_dop_operator_3.py took 0.082 seconds
[2024-02-06T15:33:59.523+0000] {processor.py:161} INFO - Started process (PID=565) to work on /home/airflow/.local/lib/python3.8/site-packages/airflow/example_dags/example_branch_python_dop_operator_3.py
[2024-02-06T15:33:59.524+0000] {processor.py:830} INFO - Processing file /home/airflow/.local/lib/python3.8/site-packages/airflow/example_dags/example_branch_python_dop_operator_3.py for tasks to queue
[2024-02-06T15:33:59.526+0000] {logging_mixin.py:188} INFO - [2024-02-06T15:33:59.526+0000] {dagbag.py:538} INFO - Filling up the DagBag from /home/airflow/.local/lib/python3.8/site-packages/airflow/example_dags/example_branch_python_dop_operator_3.py
[2024-02-06T15:33:59.535+0000] {processor.py:840} INFO - DAG(s) 'example_branch_dop_operator_v3' retrieved from /home/airflow/.local/lib/python3.8/site-packages/airflow/example_dags/example_branch_python_dop_operator_3.py
[2024-02-06T15:33:59.555+0000] {logging_mixin.py:188} INFO - [2024-02-06T15:33:59.554+0000] {dag.py:3036} INFO - Sync 1 DAGs
[2024-02-06T15:33:59.582+0000] {logging_mixin.py:188} INFO - [2024-02-06T15:33:59.582+0000] {dag.py:3823} INFO - Setting next_dagrun for example_branch_dop_operator_v3 to 2024-02-06 15:32:00+00:00, run_after=2024-02-06 15:33:00+00:00
[2024-02-06T15:33:59.601+0000] {processor.py:183} INFO - Processing /home/airflow/.local/lib/python3.8/site-packages/airflow/example_dags/example_branch_python_dop_operator_3.py took 0.081 seconds
[2024-02-06T15:34:29.946+0000] {processor.py:161} INFO - Started process (PID=622) to work on /home/airflow/.local/lib/python3.8/site-packages/airflow/example_dags/example_branch_python_dop_operator_3.py
[2024-02-06T15:34:29.947+0000] {processor.py:830} INFO - Processing file /home/airflow/.local/lib/python3.8/site-packages/airflow/example_dags/example_branch_python_dop_operator_3.py for tasks to queue
[2024-02-06T15:34:29.948+0000] {logging_mixin.py:188} INFO - [2024-02-06T15:34:29.948+0000] {dagbag.py:538} INFO - Filling up the DagBag from /home/airflow/.local/lib/python3.8/site-packages/airflow/example_dags/example_branch_python_dop_operator_3.py
[2024-02-06T15:34:29.957+0000] {processor.py:840} INFO - DAG(s) 'example_branch_dop_operator_v3' retrieved from /home/airflow/.local/lib/python3.8/site-packages/airflow/example_dags/example_branch_python_dop_operator_3.py
[2024-02-06T15:34:29.977+0000] {logging_mixin.py:188} INFO - [2024-02-06T15:34:29.977+0000] {dag.py:3036} INFO - Sync 1 DAGs
[2024-02-06T15:34:30.006+0000] {logging_mixin.py:188} INFO - [2024-02-06T15:34:30.005+0000] {dag.py:3823} INFO - Setting next_dagrun for example_branch_dop_operator_v3 to 2024-02-06 15:33:00+00:00, run_after=2024-02-06 15:34:00+00:00
[2024-02-06T15:34:30.024+0000] {processor.py:183} INFO - Processing /home/airflow/.local/lib/python3.8/site-packages/airflow/example_dags/example_branch_python_dop_operator_3.py took 0.082 seconds
[2024-02-06T15:35:00.380+0000] {processor.py:161} INFO - Started process (PID=679) to work on /home/airflow/.local/lib/python3.8/site-packages/airflow/example_dags/example_branch_python_dop_operator_3.py
[2024-02-06T15:35:00.381+0000] {processor.py:830} INFO - Processing file /home/airflow/.local/lib/python3.8/site-packages/airflow/example_dags/example_branch_python_dop_operator_3.py for tasks to queue
[2024-02-06T15:35:00.383+0000] {logging_mixin.py:188} INFO - [2024-02-06T15:35:00.382+0000] {dagbag.py:538} INFO - Filling up the DagBag from /home/airflow/.local/lib/python3.8/site-packages/airflow/example_dags/example_branch_python_dop_operator_3.py
[2024-02-06T15:35:00.392+0000] {processor.py:840} INFO - DAG(s) 'example_branch_dop_operator_v3' retrieved from /home/airflow/.local/lib/python3.8/site-packages/airflow/example_dags/example_branch_python_dop_operator_3.py
[2024-02-06T15:35:00.412+0000] {logging_mixin.py:188} INFO - [2024-02-06T15:35:00.412+0000] {dag.py:3036} INFO - Sync 1 DAGs
[2024-02-06T15:35:00.439+0000] {logging_mixin.py:188} INFO - [2024-02-06T15:35:00.439+0000] {dag.py:3823} INFO - Setting next_dagrun for example_branch_dop_operator_v3 to 2024-02-06 15:34:00+00:00, run_after=2024-02-06 15:35:00+00:00
[2024-02-06T15:35:00.459+0000] {processor.py:183} INFO - Processing /home/airflow/.local/lib/python3.8/site-packages/airflow/example_dags/example_branch_python_dop_operator_3.py took 0.082 seconds
[2024-02-06T15:35:30.551+0000] {processor.py:161} INFO - Started process (PID=736) to work on /home/airflow/.local/lib/python3.8/site-packages/airflow/example_dags/example_branch_python_dop_operator_3.py
[2024-02-06T15:35:30.552+0000] {processor.py:830} INFO - Processing file /home/airflow/.local/lib/python3.8/site-packages/airflow/example_dags/example_branch_python_dop_operator_3.py for tasks to queue
[2024-02-06T15:35:30.555+0000] {logging_mixin.py:188} INFO - [2024-02-06T15:35:30.554+0000] {dagbag.py:538} INFO - Filling up the DagBag from /home/airflow/.local/lib/python3.8/site-packages/airflow/example_dags/example_branch_python_dop_operator_3.py
[2024-02-06T15:35:30.568+0000] {processor.py:840} INFO - DAG(s) 'example_branch_dop_operator_v3' retrieved from /home/airflow/.local/lib/python3.8/site-packages/airflow/example_dags/example_branch_python_dop_operator_3.py
[2024-02-06T15:35:30.594+0000] {logging_mixin.py:188} INFO - [2024-02-06T15:35:30.593+0000] {dag.py:3036} INFO - Sync 1 DAGs
[2024-02-06T15:35:30.630+0000] {logging_mixin.py:188} INFO - [2024-02-06T15:35:30.630+0000] {dag.py:3823} INFO - Setting next_dagrun for example_branch_dop_operator_v3 to 2024-02-06 15:34:00+00:00, run_after=2024-02-06 15:35:00+00:00
[2024-02-06T15:35:30.649+0000] {processor.py:183} INFO - Processing /home/airflow/.local/lib/python3.8/site-packages/airflow/example_dags/example_branch_python_dop_operator_3.py took 0.102 seconds
[2024-02-06T15:36:01.020+0000] {processor.py:161} INFO - Started process (PID=793) to work on /home/airflow/.local/lib/python3.8/site-packages/airflow/example_dags/example_branch_python_dop_operator_3.py
[2024-02-06T15:36:01.021+0000] {processor.py:830} INFO - Processing file /home/airflow/.local/lib/python3.8/site-packages/airflow/example_dags/example_branch_python_dop_operator_3.py for tasks to queue
[2024-02-06T15:36:01.022+0000] {logging_mixin.py:188} INFO - [2024-02-06T15:36:01.022+0000] {dagbag.py:538} INFO - Filling up the DagBag from /home/airflow/.local/lib/python3.8/site-packages/airflow/example_dags/example_branch_python_dop_operator_3.py
[2024-02-06T15:36:01.032+0000] {processor.py:840} INFO - DAG(s) 'example_branch_dop_operator_v3' retrieved from /home/airflow/.local/lib/python3.8/site-packages/airflow/example_dags/example_branch_python_dop_operator_3.py
[2024-02-06T15:36:01.058+0000] {logging_mixin.py:188} INFO - [2024-02-06T15:36:01.057+0000] {dag.py:3036} INFO - Sync 1 DAGs
[2024-02-06T15:36:01.099+0000] {logging_mixin.py:188} INFO - [2024-02-06T15:36:01.098+0000] {dag.py:3823} INFO - Setting next_dagrun for example_branch_dop_operator_v3 to 2024-02-06 15:35:00+00:00, run_after=2024-02-06 15:36:00+00:00
[2024-02-06T15:36:01.125+0000] {processor.py:183} INFO - Processing /home/airflow/.local/lib/python3.8/site-packages/airflow/example_dags/example_branch_python_dop_operator_3.py took 0.109 seconds
[2024-02-06T15:36:31.241+0000] {processor.py:161} INFO - Started process (PID=851) to work on /home/airflow/.local/lib/python3.8/site-packages/airflow/example_dags/example_branch_python_dop_operator_3.py
[2024-02-06T15:36:31.242+0000] {processor.py:830} INFO - Processing file /home/airflow/.local/lib/python3.8/site-packages/airflow/example_dags/example_branch_python_dop_operator_3.py for tasks to queue
[2024-02-06T15:36:31.243+0000] {logging_mixin.py:188} INFO - [2024-02-06T15:36:31.243+0000] {dagbag.py:538} INFO - Filling up the DagBag from /home/airflow/.local/lib/python3.8/site-packages/airflow/example_dags/example_branch_python_dop_operator_3.py
[2024-02-06T15:36:31.252+0000] {processor.py:840} INFO - DAG(s) 'example_branch_dop_operator_v3' retrieved from /home/airflow/.local/lib/python3.8/site-packages/airflow/example_dags/example_branch_python_dop_operator_3.py
[2024-02-06T15:36:31.272+0000] {logging_mixin.py:188} INFO - [2024-02-06T15:36:31.272+0000] {dag.py:3036} INFO - Sync 1 DAGs
[2024-02-06T15:36:31.299+0000] {logging_mixin.py:188} INFO - [2024-02-06T15:36:31.299+0000] {dag.py:3823} INFO - Setting next_dagrun for example_branch_dop_operator_v3 to 2024-02-06 15:35:00+00:00, run_after=2024-02-06 15:36:00+00:00
[2024-02-06T15:36:31.318+0000] {processor.py:183} INFO - Processing /home/airflow/.local/lib/python3.8/site-packages/airflow/example_dags/example_branch_python_dop_operator_3.py took 0.080 seconds
