[2024-02-06T15:24:40.688+0000] {processor.py:161} INFO - Started process (PID=77) to work on /home/airflow/.local/lib/python3.8/site-packages/airflow/example_dags/example_latest_only_with_trigger.py
[2024-02-06T15:24:40.689+0000] {processor.py:830} INFO - Processing file /home/airflow/.local/lib/python3.8/site-packages/airflow/example_dags/example_latest_only_with_trigger.py for tasks to queue
[2024-02-06T15:24:40.692+0000] {logging_mixin.py:188} INFO - [2024-02-06T15:24:40.691+0000] {dagbag.py:538} INFO - Filling up the DagBag from /home/airflow/.local/lib/python3.8/site-packages/airflow/example_dags/example_latest_only_with_trigger.py
[2024-02-06T15:24:40.699+0000] {processor.py:840} INFO - DAG(s) 'latest_only_with_trigger' retrieved from /home/airflow/.local/lib/python3.8/site-packages/airflow/example_dags/example_latest_only_with_trigger.py
[2024-02-06T15:24:40.716+0000] {logging_mixin.py:188} INFO - [2024-02-06T15:24:40.715+0000] {dag.py:3036} INFO - Sync 1 DAGs
[2024-02-06T15:24:40.755+0000] {logging_mixin.py:188} INFO - [2024-02-06T15:24:40.755+0000] {dag.py:3823} INFO - Setting next_dagrun for latest_only_with_trigger to 2024-02-06 08:00:00+00:00, run_after=2024-02-06 12:00:00+00:00
[2024-02-06T15:24:40.775+0000] {processor.py:183} INFO - Processing /home/airflow/.local/lib/python3.8/site-packages/airflow/example_dags/example_latest_only_with_trigger.py took 0.091 seconds
[2024-02-06T15:25:11.614+0000] {processor.py:161} INFO - Started process (PID=134) to work on /home/airflow/.local/lib/python3.8/site-packages/airflow/example_dags/example_latest_only_with_trigger.py
[2024-02-06T15:25:11.615+0000] {processor.py:830} INFO - Processing file /home/airflow/.local/lib/python3.8/site-packages/airflow/example_dags/example_latest_only_with_trigger.py for tasks to queue
[2024-02-06T15:25:11.616+0000] {logging_mixin.py:188} INFO - [2024-02-06T15:25:11.616+0000] {dagbag.py:538} INFO - Filling up the DagBag from /home/airflow/.local/lib/python3.8/site-packages/airflow/example_dags/example_latest_only_with_trigger.py
[2024-02-06T15:25:11.621+0000] {processor.py:840} INFO - DAG(s) 'latest_only_with_trigger' retrieved from /home/airflow/.local/lib/python3.8/site-packages/airflow/example_dags/example_latest_only_with_trigger.py
[2024-02-06T15:25:11.737+0000] {logging_mixin.py:188} INFO - [2024-02-06T15:25:11.737+0000] {dag.py:3036} INFO - Sync 1 DAGs
[2024-02-06T15:25:11.760+0000] {logging_mixin.py:188} INFO - [2024-02-06T15:25:11.760+0000] {dag.py:3823} INFO - Setting next_dagrun for latest_only_with_trigger to 2024-02-06 08:00:00+00:00, run_after=2024-02-06 12:00:00+00:00
[2024-02-06T15:25:11.780+0000] {processor.py:183} INFO - Processing /home/airflow/.local/lib/python3.8/site-packages/airflow/example_dags/example_latest_only_with_trigger.py took 0.170 seconds
[2024-02-06T15:25:42.114+0000] {processor.py:161} INFO - Started process (PID=191) to work on /home/airflow/.local/lib/python3.8/site-packages/airflow/example_dags/example_latest_only_with_trigger.py
[2024-02-06T15:25:42.115+0000] {processor.py:830} INFO - Processing file /home/airflow/.local/lib/python3.8/site-packages/airflow/example_dags/example_latest_only_with_trigger.py for tasks to queue
[2024-02-06T15:25:42.119+0000] {logging_mixin.py:188} INFO - [2024-02-06T15:25:42.118+0000] {dagbag.py:538} INFO - Filling up the DagBag from /home/airflow/.local/lib/python3.8/site-packages/airflow/example_dags/example_latest_only_with_trigger.py
[2024-02-06T15:25:42.130+0000] {processor.py:840} INFO - DAG(s) 'latest_only_with_trigger' retrieved from /home/airflow/.local/lib/python3.8/site-packages/airflow/example_dags/example_latest_only_with_trigger.py
[2024-02-06T15:25:42.154+0000] {logging_mixin.py:188} INFO - [2024-02-06T15:25:42.154+0000] {dag.py:3036} INFO - Sync 1 DAGs
[2024-02-06T15:25:42.182+0000] {logging_mixin.py:188} INFO - [2024-02-06T15:25:42.182+0000] {dag.py:3823} INFO - Setting next_dagrun for latest_only_with_trigger to 2024-02-06 08:00:00+00:00, run_after=2024-02-06 12:00:00+00:00
[2024-02-06T15:25:42.202+0000] {processor.py:183} INFO - Processing /home/airflow/.local/lib/python3.8/site-packages/airflow/example_dags/example_latest_only_with_trigger.py took 0.093 seconds
[2024-02-06T15:28:55.250+0000] {processor.py:161} INFO - Started process (PID=78) to work on /home/airflow/.local/lib/python3.8/site-packages/airflow/example_dags/example_latest_only_with_trigger.py
[2024-02-06T15:28:55.251+0000] {processor.py:830} INFO - Processing file /home/airflow/.local/lib/python3.8/site-packages/airflow/example_dags/example_latest_only_with_trigger.py for tasks to queue
[2024-02-06T15:28:55.254+0000] {logging_mixin.py:188} INFO - [2024-02-06T15:28:55.254+0000] {dagbag.py:538} INFO - Filling up the DagBag from /home/airflow/.local/lib/python3.8/site-packages/airflow/example_dags/example_latest_only_with_trigger.py
[2024-02-06T15:28:55.266+0000] {processor.py:840} INFO - DAG(s) 'latest_only_with_trigger' retrieved from /home/airflow/.local/lib/python3.8/site-packages/airflow/example_dags/example_latest_only_with_trigger.py
[2024-02-06T15:28:55.284+0000] {logging_mixin.py:188} INFO - [2024-02-06T15:28:55.284+0000] {dag.py:3036} INFO - Sync 1 DAGs
[2024-02-06T15:28:55.331+0000] {logging_mixin.py:188} INFO - [2024-02-06T15:28:55.330+0000] {dag.py:3823} INFO - Setting next_dagrun for latest_only_with_trigger to 2024-02-06 08:00:00+00:00, run_after=2024-02-06 12:00:00+00:00
[2024-02-06T15:28:55.367+0000] {processor.py:183} INFO - Processing /home/airflow/.local/lib/python3.8/site-packages/airflow/example_dags/example_latest_only_with_trigger.py took 0.123 seconds
[2024-02-06T15:29:27.230+0000] {processor.py:161} INFO - Started process (PID=135) to work on /home/airflow/.local/lib/python3.8/site-packages/airflow/example_dags/example_latest_only_with_trigger.py
[2024-02-06T15:29:27.231+0000] {processor.py:830} INFO - Processing file /home/airflow/.local/lib/python3.8/site-packages/airflow/example_dags/example_latest_only_with_trigger.py for tasks to queue
[2024-02-06T15:29:27.235+0000] {logging_mixin.py:188} INFO - [2024-02-06T15:29:27.235+0000] {dagbag.py:538} INFO - Filling up the DagBag from /home/airflow/.local/lib/python3.8/site-packages/airflow/example_dags/example_latest_only_with_trigger.py
[2024-02-06T15:29:27.245+0000] {processor.py:840} INFO - DAG(s) 'latest_only_with_trigger' retrieved from /home/airflow/.local/lib/python3.8/site-packages/airflow/example_dags/example_latest_only_with_trigger.py
[2024-02-06T15:29:27.450+0000] {logging_mixin.py:188} INFO - [2024-02-06T15:29:27.450+0000] {dag.py:3036} INFO - Sync 1 DAGs
[2024-02-06T15:29:27.479+0000] {logging_mixin.py:188} INFO - [2024-02-06T15:29:27.478+0000] {dag.py:3823} INFO - Setting next_dagrun for latest_only_with_trigger to 2024-02-06 08:00:00+00:00, run_after=2024-02-06 12:00:00+00:00
[2024-02-06T15:29:27.509+0000] {processor.py:183} INFO - Processing /home/airflow/.local/lib/python3.8/site-packages/airflow/example_dags/example_latest_only_with_trigger.py took 0.285 seconds
[2024-02-06T15:29:57.572+0000] {processor.py:161} INFO - Started process (PID=192) to work on /home/airflow/.local/lib/python3.8/site-packages/airflow/example_dags/example_latest_only_with_trigger.py
[2024-02-06T15:29:57.573+0000] {processor.py:830} INFO - Processing file /home/airflow/.local/lib/python3.8/site-packages/airflow/example_dags/example_latest_only_with_trigger.py for tasks to queue
[2024-02-06T15:29:57.574+0000] {logging_mixin.py:188} INFO - [2024-02-06T15:29:57.574+0000] {dagbag.py:538} INFO - Filling up the DagBag from /home/airflow/.local/lib/python3.8/site-packages/airflow/example_dags/example_latest_only_with_trigger.py
[2024-02-06T15:29:57.581+0000] {processor.py:840} INFO - DAG(s) 'latest_only_with_trigger' retrieved from /home/airflow/.local/lib/python3.8/site-packages/airflow/example_dags/example_latest_only_with_trigger.py
[2024-02-06T15:29:57.604+0000] {logging_mixin.py:188} INFO - [2024-02-06T15:29:57.604+0000] {dag.py:3036} INFO - Sync 1 DAGs
[2024-02-06T15:29:57.627+0000] {logging_mixin.py:188} INFO - [2024-02-06T15:29:57.627+0000] {dag.py:3823} INFO - Setting next_dagrun for latest_only_with_trigger to 2024-02-06 08:00:00+00:00, run_after=2024-02-06 12:00:00+00:00
[2024-02-06T15:29:57.647+0000] {processor.py:183} INFO - Processing /home/airflow/.local/lib/python3.8/site-packages/airflow/example_dags/example_latest_only_with_trigger.py took 0.080 seconds
[2024-02-06T15:31:00.307+0000] {processor.py:161} INFO - Started process (PID=255) to work on /home/airflow/.local/lib/python3.8/site-packages/airflow/example_dags/example_latest_only_with_trigger.py
[2024-02-06T15:31:00.308+0000] {processor.py:830} INFO - Processing file /home/airflow/.local/lib/python3.8/site-packages/airflow/example_dags/example_latest_only_with_trigger.py for tasks to queue
[2024-02-06T15:31:00.309+0000] {logging_mixin.py:188} INFO - [2024-02-06T15:31:00.309+0000] {dagbag.py:538} INFO - Filling up the DagBag from /home/airflow/.local/lib/python3.8/site-packages/airflow/example_dags/example_latest_only_with_trigger.py
[2024-02-06T15:31:00.315+0000] {processor.py:840} INFO - DAG(s) 'latest_only_with_trigger' retrieved from /home/airflow/.local/lib/python3.8/site-packages/airflow/example_dags/example_latest_only_with_trigger.py
[2024-02-06T15:31:00.335+0000] {logging_mixin.py:188} INFO - [2024-02-06T15:31:00.335+0000] {dag.py:3036} INFO - Sync 1 DAGs
[2024-02-06T15:31:00.358+0000] {logging_mixin.py:188} INFO - [2024-02-06T15:31:00.358+0000] {dag.py:3823} INFO - Setting next_dagrun for latest_only_with_trigger to 2024-02-06 08:00:00+00:00, run_after=2024-02-06 12:00:00+00:00
[2024-02-06T15:31:00.376+0000] {processor.py:183} INFO - Processing /home/airflow/.local/lib/python3.8/site-packages/airflow/example_dags/example_latest_only_with_trigger.py took 0.072 seconds
[2024-02-06T15:31:31.403+0000] {processor.py:161} INFO - Started process (PID=312) to work on /home/airflow/.local/lib/python3.8/site-packages/airflow/example_dags/example_latest_only_with_trigger.py
[2024-02-06T15:31:31.404+0000] {processor.py:830} INFO - Processing file /home/airflow/.local/lib/python3.8/site-packages/airflow/example_dags/example_latest_only_with_trigger.py for tasks to queue
[2024-02-06T15:31:31.406+0000] {logging_mixin.py:188} INFO - [2024-02-06T15:31:31.406+0000] {dagbag.py:538} INFO - Filling up the DagBag from /home/airflow/.local/lib/python3.8/site-packages/airflow/example_dags/example_latest_only_with_trigger.py
[2024-02-06T15:31:31.416+0000] {processor.py:840} INFO - DAG(s) 'latest_only_with_trigger' retrieved from /home/airflow/.local/lib/python3.8/site-packages/airflow/example_dags/example_latest_only_with_trigger.py
[2024-02-06T15:31:31.446+0000] {logging_mixin.py:188} INFO - [2024-02-06T15:31:31.446+0000] {dag.py:3036} INFO - Sync 1 DAGs
[2024-02-06T15:31:31.480+0000] {logging_mixin.py:188} INFO - [2024-02-06T15:31:31.480+0000] {dag.py:3823} INFO - Setting next_dagrun for latest_only_with_trigger to 2024-02-06 08:00:00+00:00, run_after=2024-02-06 12:00:00+00:00
[2024-02-06T15:31:31.507+0000] {processor.py:183} INFO - Processing /home/airflow/.local/lib/python3.8/site-packages/airflow/example_dags/example_latest_only_with_trigger.py took 0.108 seconds
[2024-02-06T15:32:01.750+0000] {processor.py:161} INFO - Started process (PID=369) to work on /home/airflow/.local/lib/python3.8/site-packages/airflow/example_dags/example_latest_only_with_trigger.py
[2024-02-06T15:32:01.751+0000] {processor.py:830} INFO - Processing file /home/airflow/.local/lib/python3.8/site-packages/airflow/example_dags/example_latest_only_with_trigger.py for tasks to queue
[2024-02-06T15:32:01.753+0000] {logging_mixin.py:188} INFO - [2024-02-06T15:32:01.753+0000] {dagbag.py:538} INFO - Filling up the DagBag from /home/airflow/.local/lib/python3.8/site-packages/airflow/example_dags/example_latest_only_with_trigger.py
[2024-02-06T15:32:01.760+0000] {processor.py:840} INFO - DAG(s) 'latest_only_with_trigger' retrieved from /home/airflow/.local/lib/python3.8/site-packages/airflow/example_dags/example_latest_only_with_trigger.py
[2024-02-06T15:32:01.795+0000] {logging_mixin.py:188} INFO - [2024-02-06T15:32:01.794+0000] {dag.py:3036} INFO - Sync 1 DAGs
[2024-02-06T15:32:01.827+0000] {logging_mixin.py:188} INFO - [2024-02-06T15:32:01.827+0000] {dag.py:3823} INFO - Setting next_dagrun for latest_only_with_trigger to 2024-02-06 08:00:00+00:00, run_after=2024-02-06 12:00:00+00:00
[2024-02-06T15:32:01.848+0000] {processor.py:183} INFO - Processing /home/airflow/.local/lib/python3.8/site-packages/airflow/example_dags/example_latest_only_with_trigger.py took 0.101 seconds
[2024-02-06T15:32:32.634+0000] {processor.py:161} INFO - Started process (PID=426) to work on /home/airflow/.local/lib/python3.8/site-packages/airflow/example_dags/example_latest_only_with_trigger.py
[2024-02-06T15:32:32.635+0000] {processor.py:830} INFO - Processing file /home/airflow/.local/lib/python3.8/site-packages/airflow/example_dags/example_latest_only_with_trigger.py for tasks to queue
[2024-02-06T15:32:32.637+0000] {logging_mixin.py:188} INFO - [2024-02-06T15:32:32.637+0000] {dagbag.py:538} INFO - Filling up the DagBag from /home/airflow/.local/lib/python3.8/site-packages/airflow/example_dags/example_latest_only_with_trigger.py
[2024-02-06T15:32:32.643+0000] {processor.py:840} INFO - DAG(s) 'latest_only_with_trigger' retrieved from /home/airflow/.local/lib/python3.8/site-packages/airflow/example_dags/example_latest_only_with_trigger.py
[2024-02-06T15:32:32.667+0000] {logging_mixin.py:188} INFO - [2024-02-06T15:32:32.666+0000] {dag.py:3036} INFO - Sync 1 DAGs
[2024-02-06T15:32:32.701+0000] {logging_mixin.py:188} INFO - [2024-02-06T15:32:32.700+0000] {dag.py:3823} INFO - Setting next_dagrun for latest_only_with_trigger to 2024-02-06 08:00:00+00:00, run_after=2024-02-06 12:00:00+00:00
[2024-02-06T15:32:32.728+0000] {processor.py:183} INFO - Processing /home/airflow/.local/lib/python3.8/site-packages/airflow/example_dags/example_latest_only_with_trigger.py took 0.097 seconds
[2024-02-06T15:33:04.068+0000] {processor.py:161} INFO - Started process (PID=483) to work on /home/airflow/.local/lib/python3.8/site-packages/airflow/example_dags/example_latest_only_with_trigger.py
[2024-02-06T15:33:04.069+0000] {processor.py:830} INFO - Processing file /home/airflow/.local/lib/python3.8/site-packages/airflow/example_dags/example_latest_only_with_trigger.py for tasks to queue
[2024-02-06T15:33:04.071+0000] {logging_mixin.py:188} INFO - [2024-02-06T15:33:04.070+0000] {dagbag.py:538} INFO - Filling up the DagBag from /home/airflow/.local/lib/python3.8/site-packages/airflow/example_dags/example_latest_only_with_trigger.py
[2024-02-06T15:33:04.076+0000] {processor.py:840} INFO - DAG(s) 'latest_only_with_trigger' retrieved from /home/airflow/.local/lib/python3.8/site-packages/airflow/example_dags/example_latest_only_with_trigger.py
[2024-02-06T15:33:04.097+0000] {logging_mixin.py:188} INFO - [2024-02-06T15:33:04.097+0000] {dag.py:3036} INFO - Sync 1 DAGs
[2024-02-06T15:33:04.119+0000] {logging_mixin.py:188} INFO - [2024-02-06T15:33:04.118+0000] {dag.py:3823} INFO - Setting next_dagrun for latest_only_with_trigger to 2024-02-06 08:00:00+00:00, run_after=2024-02-06 12:00:00+00:00
[2024-02-06T15:33:04.138+0000] {processor.py:183} INFO - Processing /home/airflow/.local/lib/python3.8/site-packages/airflow/example_dags/example_latest_only_with_trigger.py took 0.072 seconds
[2024-02-06T15:33:35.030+0000] {processor.py:161} INFO - Started process (PID=540) to work on /home/airflow/.local/lib/python3.8/site-packages/airflow/example_dags/example_latest_only_with_trigger.py
[2024-02-06T15:33:35.031+0000] {processor.py:830} INFO - Processing file /home/airflow/.local/lib/python3.8/site-packages/airflow/example_dags/example_latest_only_with_trigger.py for tasks to queue
[2024-02-06T15:33:35.032+0000] {logging_mixin.py:188} INFO - [2024-02-06T15:33:35.032+0000] {dagbag.py:538} INFO - Filling up the DagBag from /home/airflow/.local/lib/python3.8/site-packages/airflow/example_dags/example_latest_only_with_trigger.py
[2024-02-06T15:33:35.038+0000] {processor.py:840} INFO - DAG(s) 'latest_only_with_trigger' retrieved from /home/airflow/.local/lib/python3.8/site-packages/airflow/example_dags/example_latest_only_with_trigger.py
[2024-02-06T15:33:35.057+0000] {logging_mixin.py:188} INFO - [2024-02-06T15:33:35.057+0000] {dag.py:3036} INFO - Sync 1 DAGs
[2024-02-06T15:33:35.078+0000] {logging_mixin.py:188} INFO - [2024-02-06T15:33:35.078+0000] {dag.py:3823} INFO - Setting next_dagrun for latest_only_with_trigger to 2024-02-06 08:00:00+00:00, run_after=2024-02-06 12:00:00+00:00
[2024-02-06T15:33:35.096+0000] {processor.py:183} INFO - Processing /home/airflow/.local/lib/python3.8/site-packages/airflow/example_dags/example_latest_only_with_trigger.py took 0.069 seconds
[2024-02-06T15:34:05.430+0000] {processor.py:161} INFO - Started process (PID=596) to work on /home/airflow/.local/lib/python3.8/site-packages/airflow/example_dags/example_latest_only_with_trigger.py
[2024-02-06T15:34:05.431+0000] {processor.py:830} INFO - Processing file /home/airflow/.local/lib/python3.8/site-packages/airflow/example_dags/example_latest_only_with_trigger.py for tasks to queue
[2024-02-06T15:34:05.434+0000] {logging_mixin.py:188} INFO - [2024-02-06T15:34:05.433+0000] {dagbag.py:538} INFO - Filling up the DagBag from /home/airflow/.local/lib/python3.8/site-packages/airflow/example_dags/example_latest_only_with_trigger.py
[2024-02-06T15:34:05.441+0000] {processor.py:840} INFO - DAG(s) 'latest_only_with_trigger' retrieved from /home/airflow/.local/lib/python3.8/site-packages/airflow/example_dags/example_latest_only_with_trigger.py
[2024-02-06T15:34:05.462+0000] {logging_mixin.py:188} INFO - [2024-02-06T15:34:05.462+0000] {dag.py:3036} INFO - Sync 1 DAGs
[2024-02-06T15:34:05.484+0000] {logging_mixin.py:188} INFO - [2024-02-06T15:34:05.484+0000] {dag.py:3823} INFO - Setting next_dagrun for latest_only_with_trigger to 2024-02-06 08:00:00+00:00, run_after=2024-02-06 12:00:00+00:00
[2024-02-06T15:34:05.502+0000] {processor.py:183} INFO - Processing /home/airflow/.local/lib/python3.8/site-packages/airflow/example_dags/example_latest_only_with_trigger.py took 0.075 seconds
[2024-02-06T15:34:35.807+0000] {processor.py:161} INFO - Started process (PID=653) to work on /home/airflow/.local/lib/python3.8/site-packages/airflow/example_dags/example_latest_only_with_trigger.py
[2024-02-06T15:34:35.808+0000] {processor.py:830} INFO - Processing file /home/airflow/.local/lib/python3.8/site-packages/airflow/example_dags/example_latest_only_with_trigger.py for tasks to queue
[2024-02-06T15:34:35.810+0000] {logging_mixin.py:188} INFO - [2024-02-06T15:34:35.809+0000] {dagbag.py:538} INFO - Filling up the DagBag from /home/airflow/.local/lib/python3.8/site-packages/airflow/example_dags/example_latest_only_with_trigger.py
[2024-02-06T15:34:35.817+0000] {processor.py:840} INFO - DAG(s) 'latest_only_with_trigger' retrieved from /home/airflow/.local/lib/python3.8/site-packages/airflow/example_dags/example_latest_only_with_trigger.py
[2024-02-06T15:34:35.840+0000] {logging_mixin.py:188} INFO - [2024-02-06T15:34:35.840+0000] {dag.py:3036} INFO - Sync 1 DAGs
[2024-02-06T15:34:35.863+0000] {logging_mixin.py:188} INFO - [2024-02-06T15:34:35.862+0000] {dag.py:3823} INFO - Setting next_dagrun for latest_only_with_trigger to 2024-02-06 08:00:00+00:00, run_after=2024-02-06 12:00:00+00:00
[2024-02-06T15:34:35.880+0000] {processor.py:183} INFO - Processing /home/airflow/.local/lib/python3.8/site-packages/airflow/example_dags/example_latest_only_with_trigger.py took 0.078 seconds
[2024-02-06T15:35:06.015+0000] {processor.py:161} INFO - Started process (PID=708) to work on /home/airflow/.local/lib/python3.8/site-packages/airflow/example_dags/example_latest_only_with_trigger.py
[2024-02-06T15:35:06.016+0000] {processor.py:830} INFO - Processing file /home/airflow/.local/lib/python3.8/site-packages/airflow/example_dags/example_latest_only_with_trigger.py for tasks to queue
[2024-02-06T15:35:06.018+0000] {logging_mixin.py:188} INFO - [2024-02-06T15:35:06.017+0000] {dagbag.py:538} INFO - Filling up the DagBag from /home/airflow/.local/lib/python3.8/site-packages/airflow/example_dags/example_latest_only_with_trigger.py
[2024-02-06T15:35:06.023+0000] {processor.py:840} INFO - DAG(s) 'latest_only_with_trigger' retrieved from /home/airflow/.local/lib/python3.8/site-packages/airflow/example_dags/example_latest_only_with_trigger.py
[2024-02-06T15:35:06.044+0000] {logging_mixin.py:188} INFO - [2024-02-06T15:35:06.043+0000] {dag.py:3036} INFO - Sync 1 DAGs
[2024-02-06T15:35:06.066+0000] {logging_mixin.py:188} INFO - [2024-02-06T15:35:06.066+0000] {dag.py:3823} INFO - Setting next_dagrun for latest_only_with_trigger to 2024-02-06 08:00:00+00:00, run_after=2024-02-06 12:00:00+00:00
[2024-02-06T15:35:06.084+0000] {processor.py:183} INFO - Processing /home/airflow/.local/lib/python3.8/site-packages/airflow/example_dags/example_latest_only_with_trigger.py took 0.073 seconds
[2024-02-06T15:35:36.178+0000] {processor.py:161} INFO - Started process (PID=765) to work on /home/airflow/.local/lib/python3.8/site-packages/airflow/example_dags/example_latest_only_with_trigger.py
[2024-02-06T15:35:36.179+0000] {processor.py:830} INFO - Processing file /home/airflow/.local/lib/python3.8/site-packages/airflow/example_dags/example_latest_only_with_trigger.py for tasks to queue
[2024-02-06T15:35:36.181+0000] {logging_mixin.py:188} INFO - [2024-02-06T15:35:36.180+0000] {dagbag.py:538} INFO - Filling up the DagBag from /home/airflow/.local/lib/python3.8/site-packages/airflow/example_dags/example_latest_only_with_trigger.py
[2024-02-06T15:35:36.186+0000] {processor.py:840} INFO - DAG(s) 'latest_only_with_trigger' retrieved from /home/airflow/.local/lib/python3.8/site-packages/airflow/example_dags/example_latest_only_with_trigger.py
[2024-02-06T15:35:36.209+0000] {logging_mixin.py:188} INFO - [2024-02-06T15:35:36.209+0000] {dag.py:3036} INFO - Sync 1 DAGs
[2024-02-06T15:35:36.232+0000] {logging_mixin.py:188} INFO - [2024-02-06T15:35:36.232+0000] {dag.py:3823} INFO - Setting next_dagrun for latest_only_with_trigger to 2024-02-06 08:00:00+00:00, run_after=2024-02-06 12:00:00+00:00
[2024-02-06T15:35:36.250+0000] {processor.py:183} INFO - Processing /home/airflow/.local/lib/python3.8/site-packages/airflow/example_dags/example_latest_only_with_trigger.py took 0.075 seconds
[2024-02-06T15:36:06.879+0000] {processor.py:161} INFO - Started process (PID=822) to work on /home/airflow/.local/lib/python3.8/site-packages/airflow/example_dags/example_latest_only_with_trigger.py
[2024-02-06T15:36:06.879+0000] {processor.py:830} INFO - Processing file /home/airflow/.local/lib/python3.8/site-packages/airflow/example_dags/example_latest_only_with_trigger.py for tasks to queue
[2024-02-06T15:36:06.881+0000] {logging_mixin.py:188} INFO - [2024-02-06T15:36:06.881+0000] {dagbag.py:538} INFO - Filling up the DagBag from /home/airflow/.local/lib/python3.8/site-packages/airflow/example_dags/example_latest_only_with_trigger.py
[2024-02-06T15:36:06.887+0000] {processor.py:840} INFO - DAG(s) 'latest_only_with_trigger' retrieved from /home/airflow/.local/lib/python3.8/site-packages/airflow/example_dags/example_latest_only_with_trigger.py
[2024-02-06T15:36:06.908+0000] {logging_mixin.py:188} INFO - [2024-02-06T15:36:06.907+0000] {dag.py:3036} INFO - Sync 1 DAGs
[2024-02-06T15:36:06.928+0000] {logging_mixin.py:188} INFO - [2024-02-06T15:36:06.928+0000] {dag.py:3823} INFO - Setting next_dagrun for latest_only_with_trigger to 2024-02-06 08:00:00+00:00, run_after=2024-02-06 12:00:00+00:00
[2024-02-06T15:36:06.950+0000] {processor.py:183} INFO - Processing /home/airflow/.local/lib/python3.8/site-packages/airflow/example_dags/example_latest_only_with_trigger.py took 0.074 seconds
[2024-02-06T15:36:37.183+0000] {processor.py:161} INFO - Started process (PID=879) to work on /home/airflow/.local/lib/python3.8/site-packages/airflow/example_dags/example_latest_only_with_trigger.py
[2024-02-06T15:36:37.184+0000] {processor.py:830} INFO - Processing file /home/airflow/.local/lib/python3.8/site-packages/airflow/example_dags/example_latest_only_with_trigger.py for tasks to queue
[2024-02-06T15:36:37.186+0000] {logging_mixin.py:188} INFO - [2024-02-06T15:36:37.185+0000] {dagbag.py:538} INFO - Filling up the DagBag from /home/airflow/.local/lib/python3.8/site-packages/airflow/example_dags/example_latest_only_with_trigger.py
[2024-02-06T15:36:37.192+0000] {processor.py:840} INFO - DAG(s) 'latest_only_with_trigger' retrieved from /home/airflow/.local/lib/python3.8/site-packages/airflow/example_dags/example_latest_only_with_trigger.py
[2024-02-06T15:36:37.214+0000] {logging_mixin.py:188} INFO - [2024-02-06T15:36:37.213+0000] {dag.py:3036} INFO - Sync 1 DAGs
[2024-02-06T15:36:37.239+0000] {logging_mixin.py:188} INFO - [2024-02-06T15:36:37.239+0000] {dag.py:3823} INFO - Setting next_dagrun for latest_only_with_trigger to 2024-02-06 08:00:00+00:00, run_after=2024-02-06 12:00:00+00:00
[2024-02-06T15:36:37.258+0000] {processor.py:183} INFO - Processing /home/airflow/.local/lib/python3.8/site-packages/airflow/example_dags/example_latest_only_with_trigger.py took 0.079 seconds
