[2024-02-06T15:24:39.012+0000] {processor.py:161} INFO - Started process (PID=56) to work on /home/airflow/.local/lib/python3.8/site-packages/airflow/example_dags/example_complex.py
[2024-02-06T15:24:39.013+0000] {processor.py:830} INFO - Processing file /home/airflow/.local/lib/python3.8/site-packages/airflow/example_dags/example_complex.py for tasks to queue
[2024-02-06T15:24:39.015+0000] {logging_mixin.py:188} INFO - [2024-02-06T15:24:39.015+0000] {dagbag.py:538} INFO - Filling up the DagBag from /home/airflow/.local/lib/python3.8/site-packages/airflow/example_dags/example_complex.py
[2024-02-06T15:24:39.031+0000] {processor.py:840} INFO - DAG(s) 'example_complex' retrieved from /home/airflow/.local/lib/python3.8/site-packages/airflow/example_dags/example_complex.py
[2024-02-06T15:24:39.048+0000] {logging_mixin.py:188} INFO - [2024-02-06T15:24:39.047+0000] {dag.py:3036} INFO - Sync 1 DAGs
[2024-02-06T15:24:39.072+0000] {logging_mixin.py:188} INFO - [2024-02-06T15:24:39.071+0000] {dag.py:3823} INFO - Setting next_dagrun for example_complex to None, run_after=None
[2024-02-06T15:24:39.109+0000] {processor.py:183} INFO - Processing /home/airflow/.local/lib/python3.8/site-packages/airflow/example_dags/example_complex.py took 0.101 seconds
[2024-02-06T15:25:09.180+0000] {processor.py:161} INFO - Started process (PID=111) to work on /home/airflow/.local/lib/python3.8/site-packages/airflow/example_dags/example_complex.py
[2024-02-06T15:25:09.180+0000] {processor.py:830} INFO - Processing file /home/airflow/.local/lib/python3.8/site-packages/airflow/example_dags/example_complex.py for tasks to queue
[2024-02-06T15:25:09.182+0000] {logging_mixin.py:188} INFO - [2024-02-06T15:25:09.182+0000] {dagbag.py:538} INFO - Filling up the DagBag from /home/airflow/.local/lib/python3.8/site-packages/airflow/example_dags/example_complex.py
[2024-02-06T15:25:09.193+0000] {processor.py:840} INFO - DAG(s) 'example_complex' retrieved from /home/airflow/.local/lib/python3.8/site-packages/airflow/example_dags/example_complex.py
[2024-02-06T15:25:09.301+0000] {logging_mixin.py:188} INFO - [2024-02-06T15:25:09.301+0000] {dag.py:3036} INFO - Sync 1 DAGs
[2024-02-06T15:25:09.311+0000] {logging_mixin.py:188} INFO - [2024-02-06T15:25:09.311+0000] {dag.py:3823} INFO - Setting next_dagrun for example_complex to None, run_after=None
[2024-02-06T15:25:09.331+0000] {processor.py:183} INFO - Processing /home/airflow/.local/lib/python3.8/site-packages/airflow/example_dags/example_complex.py took 0.154 seconds
[2024-02-06T15:25:39.949+0000] {processor.py:161} INFO - Started process (PID=168) to work on /home/airflow/.local/lib/python3.8/site-packages/airflow/example_dags/example_complex.py
[2024-02-06T15:25:39.950+0000] {processor.py:830} INFO - Processing file /home/airflow/.local/lib/python3.8/site-packages/airflow/example_dags/example_complex.py for tasks to queue
[2024-02-06T15:25:39.954+0000] {logging_mixin.py:188} INFO - [2024-02-06T15:25:39.953+0000] {dagbag.py:538} INFO - Filling up the DagBag from /home/airflow/.local/lib/python3.8/site-packages/airflow/example_dags/example_complex.py
[2024-02-06T15:25:39.978+0000] {processor.py:840} INFO - DAG(s) 'example_complex' retrieved from /home/airflow/.local/lib/python3.8/site-packages/airflow/example_dags/example_complex.py
[2024-02-06T15:25:40.041+0000] {logging_mixin.py:188} INFO - [2024-02-06T15:25:40.040+0000] {dag.py:3036} INFO - Sync 1 DAGs
[2024-02-06T15:25:40.070+0000] {logging_mixin.py:188} INFO - [2024-02-06T15:25:40.070+0000] {dag.py:3823} INFO - Setting next_dagrun for example_complex to None, run_after=None
[2024-02-06T15:25:40.105+0000] {processor.py:183} INFO - Processing /home/airflow/.local/lib/python3.8/site-packages/airflow/example_dags/example_complex.py took 0.164 seconds
[2024-02-06T15:28:53.777+0000] {processor.py:161} INFO - Started process (PID=57) to work on /home/airflow/.local/lib/python3.8/site-packages/airflow/example_dags/example_complex.py
[2024-02-06T15:28:53.779+0000] {processor.py:830} INFO - Processing file /home/airflow/.local/lib/python3.8/site-packages/airflow/example_dags/example_complex.py for tasks to queue
[2024-02-06T15:28:53.782+0000] {logging_mixin.py:188} INFO - [2024-02-06T15:28:53.781+0000] {dagbag.py:538} INFO - Filling up the DagBag from /home/airflow/.local/lib/python3.8/site-packages/airflow/example_dags/example_complex.py
[2024-02-06T15:28:53.821+0000] {processor.py:840} INFO - DAG(s) 'example_complex' retrieved from /home/airflow/.local/lib/python3.8/site-packages/airflow/example_dags/example_complex.py
[2024-02-06T15:28:53.842+0000] {logging_mixin.py:188} INFO - [2024-02-06T15:28:53.842+0000] {dag.py:3036} INFO - Sync 1 DAGs
[2024-02-06T15:28:53.875+0000] {logging_mixin.py:188} INFO - [2024-02-06T15:28:53.874+0000] {dag.py:3823} INFO - Setting next_dagrun for example_complex to None, run_after=None
[2024-02-06T15:28:53.917+0000] {processor.py:183} INFO - Processing /home/airflow/.local/lib/python3.8/site-packages/airflow/example_dags/example_complex.py took 0.145 seconds
[2024-02-06T15:29:24.446+0000] {processor.py:161} INFO - Started process (PID=114) to work on /home/airflow/.local/lib/python3.8/site-packages/airflow/example_dags/example_complex.py
[2024-02-06T15:29:24.447+0000] {processor.py:830} INFO - Processing file /home/airflow/.local/lib/python3.8/site-packages/airflow/example_dags/example_complex.py for tasks to queue
[2024-02-06T15:29:24.449+0000] {logging_mixin.py:188} INFO - [2024-02-06T15:29:24.449+0000] {dagbag.py:538} INFO - Filling up the DagBag from /home/airflow/.local/lib/python3.8/site-packages/airflow/example_dags/example_complex.py
[2024-02-06T15:29:24.461+0000] {processor.py:840} INFO - DAG(s) 'example_complex' retrieved from /home/airflow/.local/lib/python3.8/site-packages/airflow/example_dags/example_complex.py
[2024-02-06T15:29:24.575+0000] {logging_mixin.py:188} INFO - [2024-02-06T15:29:24.575+0000] {dag.py:3036} INFO - Sync 1 DAGs
[2024-02-06T15:29:24.586+0000] {logging_mixin.py:188} INFO - [2024-02-06T15:29:24.586+0000] {dag.py:3823} INFO - Setting next_dagrun for example_complex to None, run_after=None
[2024-02-06T15:29:24.608+0000] {processor.py:183} INFO - Processing /home/airflow/.local/lib/python3.8/site-packages/airflow/example_dags/example_complex.py took 0.166 seconds
[2024-02-06T15:29:54.948+0000] {processor.py:161} INFO - Started process (PID=171) to work on /home/airflow/.local/lib/python3.8/site-packages/airflow/example_dags/example_complex.py
[2024-02-06T15:29:54.949+0000] {processor.py:830} INFO - Processing file /home/airflow/.local/lib/python3.8/site-packages/airflow/example_dags/example_complex.py for tasks to queue
[2024-02-06T15:29:54.950+0000] {logging_mixin.py:188} INFO - [2024-02-06T15:29:54.950+0000] {dagbag.py:538} INFO - Filling up the DagBag from /home/airflow/.local/lib/python3.8/site-packages/airflow/example_dags/example_complex.py
[2024-02-06T15:29:54.961+0000] {processor.py:840} INFO - DAG(s) 'example_complex' retrieved from /home/airflow/.local/lib/python3.8/site-packages/airflow/example_dags/example_complex.py
[2024-02-06T15:29:54.990+0000] {logging_mixin.py:188} INFO - [2024-02-06T15:29:54.990+0000] {dag.py:3036} INFO - Sync 1 DAGs
[2024-02-06T15:29:55.005+0000] {logging_mixin.py:188} INFO - [2024-02-06T15:29:55.005+0000] {dag.py:3823} INFO - Setting next_dagrun for example_complex to None, run_after=None
[2024-02-06T15:29:55.026+0000] {processor.py:183} INFO - Processing /home/airflow/.local/lib/python3.8/site-packages/airflow/example_dags/example_complex.py took 0.081 seconds
[2024-02-06T15:30:58.445+0000] {processor.py:161} INFO - Started process (PID=234) to work on /home/airflow/.local/lib/python3.8/site-packages/airflow/example_dags/example_complex.py
[2024-02-06T15:30:58.446+0000] {processor.py:830} INFO - Processing file /home/airflow/.local/lib/python3.8/site-packages/airflow/example_dags/example_complex.py for tasks to queue
[2024-02-06T15:30:58.448+0000] {logging_mixin.py:188} INFO - [2024-02-06T15:30:58.448+0000] {dagbag.py:538} INFO - Filling up the DagBag from /home/airflow/.local/lib/python3.8/site-packages/airflow/example_dags/example_complex.py
[2024-02-06T15:30:58.469+0000] {processor.py:840} INFO - DAG(s) 'example_complex' retrieved from /home/airflow/.local/lib/python3.8/site-packages/airflow/example_dags/example_complex.py
[2024-02-06T15:30:58.532+0000] {logging_mixin.py:188} INFO - [2024-02-06T15:30:58.532+0000] {dag.py:3036} INFO - Sync 1 DAGs
[2024-02-06T15:30:58.556+0000] {logging_mixin.py:188} INFO - [2024-02-06T15:30:58.556+0000] {dag.py:3823} INFO - Setting next_dagrun for example_complex to None, run_after=None
[2024-02-06T15:30:58.590+0000] {processor.py:183} INFO - Processing /home/airflow/.local/lib/python3.8/site-packages/airflow/example_dags/example_complex.py took 0.148 seconds
[2024-02-06T15:31:28.816+0000] {processor.py:161} INFO - Started process (PID=289) to work on /home/airflow/.local/lib/python3.8/site-packages/airflow/example_dags/example_complex.py
[2024-02-06T15:31:28.817+0000] {processor.py:830} INFO - Processing file /home/airflow/.local/lib/python3.8/site-packages/airflow/example_dags/example_complex.py for tasks to queue
[2024-02-06T15:31:28.820+0000] {logging_mixin.py:188} INFO - [2024-02-06T15:31:28.819+0000] {dagbag.py:538} INFO - Filling up the DagBag from /home/airflow/.local/lib/python3.8/site-packages/airflow/example_dags/example_complex.py
[2024-02-06T15:31:28.843+0000] {processor.py:840} INFO - DAG(s) 'example_complex' retrieved from /home/airflow/.local/lib/python3.8/site-packages/airflow/example_dags/example_complex.py
[2024-02-06T15:31:28.904+0000] {logging_mixin.py:188} INFO - [2024-02-06T15:31:28.904+0000] {dag.py:3036} INFO - Sync 1 DAGs
[2024-02-06T15:31:28.933+0000] {logging_mixin.py:188} INFO - [2024-02-06T15:31:28.933+0000] {dag.py:3823} INFO - Setting next_dagrun for example_complex to None, run_after=None
[2024-02-06T15:31:28.967+0000] {processor.py:183} INFO - Processing /home/airflow/.local/lib/python3.8/site-packages/airflow/example_dags/example_complex.py took 0.157 seconds
[2024-02-06T15:31:59.868+0000] {processor.py:161} INFO - Started process (PID=346) to work on /home/airflow/.local/lib/python3.8/site-packages/airflow/example_dags/example_complex.py
[2024-02-06T15:31:59.869+0000] {processor.py:830} INFO - Processing file /home/airflow/.local/lib/python3.8/site-packages/airflow/example_dags/example_complex.py for tasks to queue
[2024-02-06T15:31:59.871+0000] {logging_mixin.py:188} INFO - [2024-02-06T15:31:59.870+0000] {dagbag.py:538} INFO - Filling up the DagBag from /home/airflow/.local/lib/python3.8/site-packages/airflow/example_dags/example_complex.py
[2024-02-06T15:31:59.888+0000] {processor.py:840} INFO - DAG(s) 'example_complex' retrieved from /home/airflow/.local/lib/python3.8/site-packages/airflow/example_dags/example_complex.py
[2024-02-06T15:31:59.919+0000] {logging_mixin.py:188} INFO - [2024-02-06T15:31:59.919+0000] {dag.py:3036} INFO - Sync 1 DAGs
[2024-02-06T15:31:59.932+0000] {logging_mixin.py:188} INFO - [2024-02-06T15:31:59.932+0000] {dag.py:3823} INFO - Setting next_dagrun for example_complex to None, run_after=None
[2024-02-06T15:31:59.951+0000] {processor.py:183} INFO - Processing /home/airflow/.local/lib/python3.8/site-packages/airflow/example_dags/example_complex.py took 0.087 seconds
[2024-02-06T15:32:30.027+0000] {processor.py:161} INFO - Started process (PID=403) to work on /home/airflow/.local/lib/python3.8/site-packages/airflow/example_dags/example_complex.py
[2024-02-06T15:32:30.028+0000] {processor.py:830} INFO - Processing file /home/airflow/.local/lib/python3.8/site-packages/airflow/example_dags/example_complex.py for tasks to queue
[2024-02-06T15:32:30.030+0000] {logging_mixin.py:188} INFO - [2024-02-06T15:32:30.029+0000] {dagbag.py:538} INFO - Filling up the DagBag from /home/airflow/.local/lib/python3.8/site-packages/airflow/example_dags/example_complex.py
[2024-02-06T15:32:30.041+0000] {processor.py:840} INFO - DAG(s) 'example_complex' retrieved from /home/airflow/.local/lib/python3.8/site-packages/airflow/example_dags/example_complex.py
[2024-02-06T15:32:30.073+0000] {logging_mixin.py:188} INFO - [2024-02-06T15:32:30.073+0000] {dag.py:3036} INFO - Sync 1 DAGs
[2024-02-06T15:32:30.084+0000] {logging_mixin.py:188} INFO - [2024-02-06T15:32:30.084+0000] {dag.py:3823} INFO - Setting next_dagrun for example_complex to None, run_after=None
[2024-02-06T15:32:30.102+0000] {processor.py:183} INFO - Processing /home/airflow/.local/lib/python3.8/site-packages/airflow/example_dags/example_complex.py took 0.078 seconds
[2024-02-06T15:33:00.173+0000] {processor.py:161} INFO - Started process (PID=460) to work on /home/airflow/.local/lib/python3.8/site-packages/airflow/example_dags/example_complex.py
[2024-02-06T15:33:00.174+0000] {processor.py:830} INFO - Processing file /home/airflow/.local/lib/python3.8/site-packages/airflow/example_dags/example_complex.py for tasks to queue
[2024-02-06T15:33:00.176+0000] {logging_mixin.py:188} INFO - [2024-02-06T15:33:00.175+0000] {dagbag.py:538} INFO - Filling up the DagBag from /home/airflow/.local/lib/python3.8/site-packages/airflow/example_dags/example_complex.py
[2024-02-06T15:33:00.187+0000] {processor.py:840} INFO - DAG(s) 'example_complex' retrieved from /home/airflow/.local/lib/python3.8/site-packages/airflow/example_dags/example_complex.py
[2024-02-06T15:33:00.218+0000] {logging_mixin.py:188} INFO - [2024-02-06T15:33:00.217+0000] {dag.py:3036} INFO - Sync 1 DAGs
[2024-02-06T15:33:00.229+0000] {logging_mixin.py:188} INFO - [2024-02-06T15:33:00.229+0000] {dag.py:3823} INFO - Setting next_dagrun for example_complex to None, run_after=None
[2024-02-06T15:33:00.256+0000] {processor.py:183} INFO - Processing /home/airflow/.local/lib/python3.8/site-packages/airflow/example_dags/example_complex.py took 0.087 seconds
[2024-02-06T15:33:30.563+0000] {processor.py:161} INFO - Started process (PID=517) to work on /home/airflow/.local/lib/python3.8/site-packages/airflow/example_dags/example_complex.py
[2024-02-06T15:33:30.564+0000] {processor.py:830} INFO - Processing file /home/airflow/.local/lib/python3.8/site-packages/airflow/example_dags/example_complex.py for tasks to queue
[2024-02-06T15:33:30.566+0000] {logging_mixin.py:188} INFO - [2024-02-06T15:33:30.566+0000] {dagbag.py:538} INFO - Filling up the DagBag from /home/airflow/.local/lib/python3.8/site-packages/airflow/example_dags/example_complex.py
[2024-02-06T15:33:30.577+0000] {processor.py:840} INFO - DAG(s) 'example_complex' retrieved from /home/airflow/.local/lib/python3.8/site-packages/airflow/example_dags/example_complex.py
[2024-02-06T15:33:30.608+0000] {logging_mixin.py:188} INFO - [2024-02-06T15:33:30.607+0000] {dag.py:3036} INFO - Sync 1 DAGs
[2024-02-06T15:33:30.619+0000] {logging_mixin.py:188} INFO - [2024-02-06T15:33:30.619+0000] {dag.py:3823} INFO - Setting next_dagrun for example_complex to None, run_after=None
[2024-02-06T15:33:30.638+0000] {processor.py:183} INFO - Processing /home/airflow/.local/lib/python3.8/site-packages/airflow/example_dags/example_complex.py took 0.077 seconds
[2024-02-06T15:34:00.935+0000] {processor.py:161} INFO - Started process (PID=573) to work on /home/airflow/.local/lib/python3.8/site-packages/airflow/example_dags/example_complex.py
[2024-02-06T15:34:00.935+0000] {processor.py:830} INFO - Processing file /home/airflow/.local/lib/python3.8/site-packages/airflow/example_dags/example_complex.py for tasks to queue
[2024-02-06T15:34:00.937+0000] {logging_mixin.py:188} INFO - [2024-02-06T15:34:00.937+0000] {dagbag.py:538} INFO - Filling up the DagBag from /home/airflow/.local/lib/python3.8/site-packages/airflow/example_dags/example_complex.py
[2024-02-06T15:34:00.949+0000] {processor.py:840} INFO - DAG(s) 'example_complex' retrieved from /home/airflow/.local/lib/python3.8/site-packages/airflow/example_dags/example_complex.py
[2024-02-06T15:34:00.980+0000] {logging_mixin.py:188} INFO - [2024-02-06T15:34:00.979+0000] {dag.py:3036} INFO - Sync 1 DAGs
[2024-02-06T15:34:00.992+0000] {logging_mixin.py:188} INFO - [2024-02-06T15:34:00.991+0000] {dag.py:3823} INFO - Setting next_dagrun for example_complex to None, run_after=None
[2024-02-06T15:34:01.010+0000] {processor.py:183} INFO - Processing /home/airflow/.local/lib/python3.8/site-packages/airflow/example_dags/example_complex.py took 0.078 seconds
[2024-02-06T15:34:31.379+0000] {processor.py:161} INFO - Started process (PID=630) to work on /home/airflow/.local/lib/python3.8/site-packages/airflow/example_dags/example_complex.py
[2024-02-06T15:34:31.380+0000] {processor.py:830} INFO - Processing file /home/airflow/.local/lib/python3.8/site-packages/airflow/example_dags/example_complex.py for tasks to queue
[2024-02-06T15:34:31.382+0000] {logging_mixin.py:188} INFO - [2024-02-06T15:34:31.382+0000] {dagbag.py:538} INFO - Filling up the DagBag from /home/airflow/.local/lib/python3.8/site-packages/airflow/example_dags/example_complex.py
[2024-02-06T15:34:31.393+0000] {processor.py:840} INFO - DAG(s) 'example_complex' retrieved from /home/airflow/.local/lib/python3.8/site-packages/airflow/example_dags/example_complex.py
[2024-02-06T15:34:31.423+0000] {logging_mixin.py:188} INFO - [2024-02-06T15:34:31.423+0000] {dag.py:3036} INFO - Sync 1 DAGs
[2024-02-06T15:34:31.435+0000] {logging_mixin.py:188} INFO - [2024-02-06T15:34:31.435+0000] {dag.py:3823} INFO - Setting next_dagrun for example_complex to None, run_after=None
[2024-02-06T15:34:31.453+0000] {processor.py:183} INFO - Processing /home/airflow/.local/lib/python3.8/site-packages/airflow/example_dags/example_complex.py took 0.077 seconds
[2024-02-06T15:35:01.793+0000] {processor.py:161} INFO - Started process (PID=687) to work on /home/airflow/.local/lib/python3.8/site-packages/airflow/example_dags/example_complex.py
[2024-02-06T15:35:01.794+0000] {processor.py:830} INFO - Processing file /home/airflow/.local/lib/python3.8/site-packages/airflow/example_dags/example_complex.py for tasks to queue
[2024-02-06T15:35:01.796+0000] {logging_mixin.py:188} INFO - [2024-02-06T15:35:01.796+0000] {dagbag.py:538} INFO - Filling up the DagBag from /home/airflow/.local/lib/python3.8/site-packages/airflow/example_dags/example_complex.py
[2024-02-06T15:35:01.808+0000] {processor.py:840} INFO - DAG(s) 'example_complex' retrieved from /home/airflow/.local/lib/python3.8/site-packages/airflow/example_dags/example_complex.py
[2024-02-06T15:35:01.838+0000] {logging_mixin.py:188} INFO - [2024-02-06T15:35:01.837+0000] {dag.py:3036} INFO - Sync 1 DAGs
[2024-02-06T15:35:01.849+0000] {logging_mixin.py:188} INFO - [2024-02-06T15:35:01.849+0000] {dag.py:3823} INFO - Setting next_dagrun for example_complex to None, run_after=None
[2024-02-06T15:35:01.867+0000] {processor.py:183} INFO - Processing /home/airflow/.local/lib/python3.8/site-packages/airflow/example_dags/example_complex.py took 0.077 seconds
[2024-02-06T15:35:31.985+0000] {processor.py:161} INFO - Started process (PID=744) to work on /home/airflow/.local/lib/python3.8/site-packages/airflow/example_dags/example_complex.py
[2024-02-06T15:35:31.986+0000] {processor.py:830} INFO - Processing file /home/airflow/.local/lib/python3.8/site-packages/airflow/example_dags/example_complex.py for tasks to queue
[2024-02-06T15:35:31.987+0000] {logging_mixin.py:188} INFO - [2024-02-06T15:35:31.987+0000] {dagbag.py:538} INFO - Filling up the DagBag from /home/airflow/.local/lib/python3.8/site-packages/airflow/example_dags/example_complex.py
[2024-02-06T15:35:31.999+0000] {processor.py:840} INFO - DAG(s) 'example_complex' retrieved from /home/airflow/.local/lib/python3.8/site-packages/airflow/example_dags/example_complex.py
[2024-02-06T15:35:32.029+0000] {logging_mixin.py:188} INFO - [2024-02-06T15:35:32.029+0000] {dag.py:3036} INFO - Sync 1 DAGs
[2024-02-06T15:35:32.041+0000] {logging_mixin.py:188} INFO - [2024-02-06T15:35:32.041+0000] {dag.py:3823} INFO - Setting next_dagrun for example_complex to None, run_after=None
[2024-02-06T15:35:32.059+0000] {processor.py:183} INFO - Processing /home/airflow/.local/lib/python3.8/site-packages/airflow/example_dags/example_complex.py took 0.077 seconds
[2024-02-06T15:36:02.571+0000] {processor.py:161} INFO - Started process (PID=801) to work on /home/airflow/.local/lib/python3.8/site-packages/airflow/example_dags/example_complex.py
[2024-02-06T15:36:02.572+0000] {processor.py:830} INFO - Processing file /home/airflow/.local/lib/python3.8/site-packages/airflow/example_dags/example_complex.py for tasks to queue
[2024-02-06T15:36:02.574+0000] {logging_mixin.py:188} INFO - [2024-02-06T15:36:02.574+0000] {dagbag.py:538} INFO - Filling up the DagBag from /home/airflow/.local/lib/python3.8/site-packages/airflow/example_dags/example_complex.py
[2024-02-06T15:36:02.589+0000] {processor.py:840} INFO - DAG(s) 'example_complex' retrieved from /home/airflow/.local/lib/python3.8/site-packages/airflow/example_dags/example_complex.py
[2024-02-06T15:36:02.621+0000] {logging_mixin.py:188} INFO - [2024-02-06T15:36:02.620+0000] {dag.py:3036} INFO - Sync 1 DAGs
[2024-02-06T15:36:02.633+0000] {logging_mixin.py:188} INFO - [2024-02-06T15:36:02.633+0000] {dag.py:3823} INFO - Setting next_dagrun for example_complex to None, run_after=None
[2024-02-06T15:36:02.651+0000] {processor.py:183} INFO - Processing /home/airflow/.local/lib/python3.8/site-packages/airflow/example_dags/example_complex.py took 0.084 seconds
[2024-02-06T15:36:33.673+0000] {processor.py:161} INFO - Started process (PID=858) to work on /home/airflow/.local/lib/python3.8/site-packages/airflow/example_dags/example_complex.py
[2024-02-06T15:36:33.674+0000] {processor.py:830} INFO - Processing file /home/airflow/.local/lib/python3.8/site-packages/airflow/example_dags/example_complex.py for tasks to queue
[2024-02-06T15:36:33.677+0000] {logging_mixin.py:188} INFO - [2024-02-06T15:36:33.677+0000] {dagbag.py:538} INFO - Filling up the DagBag from /home/airflow/.local/lib/python3.8/site-packages/airflow/example_dags/example_complex.py
[2024-02-06T15:36:33.694+0000] {processor.py:840} INFO - DAG(s) 'example_complex' retrieved from /home/airflow/.local/lib/python3.8/site-packages/airflow/example_dags/example_complex.py
[2024-02-06T15:36:33.732+0000] {logging_mixin.py:188} INFO - [2024-02-06T15:36:33.731+0000] {dag.py:3036} INFO - Sync 1 DAGs
[2024-02-06T15:36:33.747+0000] {logging_mixin.py:188} INFO - [2024-02-06T15:36:33.747+0000] {dag.py:3823} INFO - Setting next_dagrun for example_complex to None, run_after=None
[2024-02-06T15:36:33.769+0000] {processor.py:183} INFO - Processing /home/airflow/.local/lib/python3.8/site-packages/airflow/example_dags/example_complex.py took 0.101 seconds
