[2024-02-06T15:24:39.419+0000] {processor.py:161} INFO - Started process (PID=61) to work on /home/airflow/.local/lib/python3.8/site-packages/airflow/example_dags/example_sensors.py
[2024-02-06T15:24:39.420+0000] {processor.py:830} INFO - Processing file /home/airflow/.local/lib/python3.8/site-packages/airflow/example_dags/example_sensors.py for tasks to queue
[2024-02-06T15:24:39.423+0000] {logging_mixin.py:188} INFO - [2024-02-06T15:24:39.422+0000] {dagbag.py:538} INFO - Filling up the DagBag from /home/airflow/.local/lib/python3.8/site-packages/airflow/example_dags/example_sensors.py
[2024-02-06T15:24:39.442+0000] {processor.py:840} INFO - DAG(s) 'example_sensors' retrieved from /home/airflow/.local/lib/python3.8/site-packages/airflow/example_dags/example_sensors.py
[2024-02-06T15:24:39.465+0000] {logging_mixin.py:188} INFO - [2024-02-06T15:24:39.464+0000] {dag.py:3036} INFO - Sync 1 DAGs
[2024-02-06T15:24:39.487+0000] {logging_mixin.py:188} INFO - [2024-02-06T15:24:39.487+0000] {dag.py:3823} INFO - Setting next_dagrun for example_sensors to None, run_after=None
[2024-02-06T15:24:39.528+0000] {processor.py:183} INFO - Processing /home/airflow/.local/lib/python3.8/site-packages/airflow/example_dags/example_sensors.py took 0.114 seconds
[2024-02-06T15:25:10.044+0000] {processor.py:161} INFO - Started process (PID=118) to work on /home/airflow/.local/lib/python3.8/site-packages/airflow/example_dags/example_sensors.py
[2024-02-06T15:25:10.045+0000] {processor.py:830} INFO - Processing file /home/airflow/.local/lib/python3.8/site-packages/airflow/example_dags/example_sensors.py for tasks to queue
[2024-02-06T15:25:10.046+0000] {logging_mixin.py:188} INFO - [2024-02-06T15:25:10.046+0000] {dagbag.py:538} INFO - Filling up the DagBag from /home/airflow/.local/lib/python3.8/site-packages/airflow/example_dags/example_sensors.py
[2024-02-06T15:25:10.055+0000] {processor.py:840} INFO - DAG(s) 'example_sensors' retrieved from /home/airflow/.local/lib/python3.8/site-packages/airflow/example_dags/example_sensors.py
[2024-02-06T15:25:10.162+0000] {logging_mixin.py:188} INFO - [2024-02-06T15:25:10.161+0000] {dag.py:3036} INFO - Sync 1 DAGs
[2024-02-06T15:25:10.172+0000] {logging_mixin.py:188} INFO - [2024-02-06T15:25:10.172+0000] {dag.py:3823} INFO - Setting next_dagrun for example_sensors to None, run_after=None
[2024-02-06T15:25:10.191+0000] {processor.py:183} INFO - Processing /home/airflow/.local/lib/python3.8/site-packages/airflow/example_dags/example_sensors.py took 0.150 seconds
[2024-02-06T15:25:40.620+0000] {processor.py:161} INFO - Started process (PID=175) to work on /home/airflow/.local/lib/python3.8/site-packages/airflow/example_dags/example_sensors.py
[2024-02-06T15:25:40.621+0000] {processor.py:830} INFO - Processing file /home/airflow/.local/lib/python3.8/site-packages/airflow/example_dags/example_sensors.py for tasks to queue
[2024-02-06T15:25:40.623+0000] {logging_mixin.py:188} INFO - [2024-02-06T15:25:40.623+0000] {dagbag.py:538} INFO - Filling up the DagBag from /home/airflow/.local/lib/python3.8/site-packages/airflow/example_dags/example_sensors.py
[2024-02-06T15:25:40.632+0000] {processor.py:840} INFO - DAG(s) 'example_sensors' retrieved from /home/airflow/.local/lib/python3.8/site-packages/airflow/example_dags/example_sensors.py
[2024-02-06T15:25:40.672+0000] {logging_mixin.py:188} INFO - [2024-02-06T15:25:40.671+0000] {dag.py:3036} INFO - Sync 1 DAGs
[2024-02-06T15:25:40.684+0000] {logging_mixin.py:188} INFO - [2024-02-06T15:25:40.684+0000] {dag.py:3823} INFO - Setting next_dagrun for example_sensors to None, run_after=None
[2024-02-06T15:25:40.703+0000] {processor.py:183} INFO - Processing /home/airflow/.local/lib/python3.8/site-packages/airflow/example_dags/example_sensors.py took 0.086 seconds
[2024-02-06T15:28:54.129+0000] {processor.py:161} INFO - Started process (PID=62) to work on /home/airflow/.local/lib/python3.8/site-packages/airflow/example_dags/example_sensors.py
[2024-02-06T15:28:54.130+0000] {processor.py:830} INFO - Processing file /home/airflow/.local/lib/python3.8/site-packages/airflow/example_dags/example_sensors.py for tasks to queue
[2024-02-06T15:28:54.132+0000] {logging_mixin.py:188} INFO - [2024-02-06T15:28:54.132+0000] {dagbag.py:538} INFO - Filling up the DagBag from /home/airflow/.local/lib/python3.8/site-packages/airflow/example_dags/example_sensors.py
[2024-02-06T15:28:54.145+0000] {processor.py:840} INFO - DAG(s) 'example_sensors' retrieved from /home/airflow/.local/lib/python3.8/site-packages/airflow/example_dags/example_sensors.py
[2024-02-06T15:28:54.162+0000] {logging_mixin.py:188} INFO - [2024-02-06T15:28:54.162+0000] {dag.py:3036} INFO - Sync 1 DAGs
[2024-02-06T15:28:54.180+0000] {logging_mixin.py:188} INFO - [2024-02-06T15:28:54.180+0000] {dag.py:3823} INFO - Setting next_dagrun for example_sensors to None, run_after=None
[2024-02-06T15:28:54.206+0000] {processor.py:183} INFO - Processing /home/airflow/.local/lib/python3.8/site-packages/airflow/example_dags/example_sensors.py took 0.080 seconds
[2024-02-06T15:29:24.876+0000] {processor.py:161} INFO - Started process (PID=119) to work on /home/airflow/.local/lib/python3.8/site-packages/airflow/example_dags/example_sensors.py
[2024-02-06T15:29:24.877+0000] {processor.py:830} INFO - Processing file /home/airflow/.local/lib/python3.8/site-packages/airflow/example_dags/example_sensors.py for tasks to queue
[2024-02-06T15:29:24.879+0000] {logging_mixin.py:188} INFO - [2024-02-06T15:29:24.879+0000] {dagbag.py:538} INFO - Filling up the DagBag from /home/airflow/.local/lib/python3.8/site-packages/airflow/example_dags/example_sensors.py
[2024-02-06T15:29:24.891+0000] {processor.py:840} INFO - DAG(s) 'example_sensors' retrieved from /home/airflow/.local/lib/python3.8/site-packages/airflow/example_dags/example_sensors.py
[2024-02-06T15:29:25.062+0000] {logging_mixin.py:188} INFO - [2024-02-06T15:29:25.062+0000] {dag.py:3036} INFO - Sync 1 DAGs
[2024-02-06T15:29:25.078+0000] {logging_mixin.py:188} INFO - [2024-02-06T15:29:25.077+0000] {dag.py:3823} INFO - Setting next_dagrun for example_sensors to None, run_after=None
[2024-02-06T15:29:25.107+0000] {processor.py:183} INFO - Processing /home/airflow/.local/lib/python3.8/site-packages/airflow/example_dags/example_sensors.py took 0.234 seconds
[2024-02-06T15:29:55.400+0000] {processor.py:161} INFO - Started process (PID=176) to work on /home/airflow/.local/lib/python3.8/site-packages/airflow/example_dags/example_sensors.py
[2024-02-06T15:29:55.400+0000] {processor.py:830} INFO - Processing file /home/airflow/.local/lib/python3.8/site-packages/airflow/example_dags/example_sensors.py for tasks to queue
[2024-02-06T15:29:55.402+0000] {logging_mixin.py:188} INFO - [2024-02-06T15:29:55.402+0000] {dagbag.py:538} INFO - Filling up the DagBag from /home/airflow/.local/lib/python3.8/site-packages/airflow/example_dags/example_sensors.py
[2024-02-06T15:29:55.411+0000] {processor.py:840} INFO - DAG(s) 'example_sensors' retrieved from /home/airflow/.local/lib/python3.8/site-packages/airflow/example_dags/example_sensors.py
[2024-02-06T15:29:55.435+0000] {logging_mixin.py:188} INFO - [2024-02-06T15:29:55.435+0000] {dag.py:3036} INFO - Sync 1 DAGs
[2024-02-06T15:29:55.447+0000] {logging_mixin.py:188} INFO - [2024-02-06T15:29:55.447+0000] {dag.py:3823} INFO - Setting next_dagrun for example_sensors to None, run_after=None
[2024-02-06T15:29:55.467+0000] {processor.py:183} INFO - Processing /home/airflow/.local/lib/python3.8/site-packages/airflow/example_dags/example_sensors.py took 0.071 seconds
[2024-02-06T15:30:58.987+0000] {processor.py:161} INFO - Started process (PID=239) to work on /home/airflow/.local/lib/python3.8/site-packages/airflow/example_dags/example_sensors.py
[2024-02-06T15:30:58.988+0000] {processor.py:830} INFO - Processing file /home/airflow/.local/lib/python3.8/site-packages/airflow/example_dags/example_sensors.py for tasks to queue
[2024-02-06T15:30:58.991+0000] {logging_mixin.py:188} INFO - [2024-02-06T15:30:58.990+0000] {dagbag.py:538} INFO - Filling up the DagBag from /home/airflow/.local/lib/python3.8/site-packages/airflow/example_dags/example_sensors.py
[2024-02-06T15:30:59.005+0000] {processor.py:840} INFO - DAG(s) 'example_sensors' retrieved from /home/airflow/.local/lib/python3.8/site-packages/airflow/example_dags/example_sensors.py
[2024-02-06T15:30:59.044+0000] {logging_mixin.py:188} INFO - [2024-02-06T15:30:59.043+0000] {dag.py:3036} INFO - Sync 1 DAGs
[2024-02-06T15:30:59.064+0000] {logging_mixin.py:188} INFO - [2024-02-06T15:30:59.064+0000] {dag.py:3823} INFO - Setting next_dagrun for example_sensors to None, run_after=None
[2024-02-06T15:30:59.096+0000] {processor.py:183} INFO - Processing /home/airflow/.local/lib/python3.8/site-packages/airflow/example_dags/example_sensors.py took 0.113 seconds
[2024-02-06T15:31:29.781+0000] {processor.py:161} INFO - Started process (PID=296) to work on /home/airflow/.local/lib/python3.8/site-packages/airflow/example_dags/example_sensors.py
[2024-02-06T15:31:29.783+0000] {processor.py:830} INFO - Processing file /home/airflow/.local/lib/python3.8/site-packages/airflow/example_dags/example_sensors.py for tasks to queue
[2024-02-06T15:31:29.784+0000] {logging_mixin.py:188} INFO - [2024-02-06T15:31:29.784+0000] {dagbag.py:538} INFO - Filling up the DagBag from /home/airflow/.local/lib/python3.8/site-packages/airflow/example_dags/example_sensors.py
[2024-02-06T15:31:29.799+0000] {processor.py:840} INFO - DAG(s) 'example_sensors' retrieved from /home/airflow/.local/lib/python3.8/site-packages/airflow/example_dags/example_sensors.py
[2024-02-06T15:31:29.831+0000] {logging_mixin.py:188} INFO - [2024-02-06T15:31:29.831+0000] {dag.py:3036} INFO - Sync 1 DAGs
[2024-02-06T15:31:29.848+0000] {logging_mixin.py:188} INFO - [2024-02-06T15:31:29.847+0000] {dag.py:3823} INFO - Setting next_dagrun for example_sensors to None, run_after=None
[2024-02-06T15:31:29.870+0000] {processor.py:183} INFO - Processing /home/airflow/.local/lib/python3.8/site-packages/airflow/example_dags/example_sensors.py took 0.093 seconds
[2024-02-06T15:32:00.307+0000] {processor.py:161} INFO - Started process (PID=352) to work on /home/airflow/.local/lib/python3.8/site-packages/airflow/example_dags/example_sensors.py
[2024-02-06T15:32:00.309+0000] {processor.py:830} INFO - Processing file /home/airflow/.local/lib/python3.8/site-packages/airflow/example_dags/example_sensors.py for tasks to queue
[2024-02-06T15:32:00.310+0000] {logging_mixin.py:188} INFO - [2024-02-06T15:32:00.310+0000] {dagbag.py:538} INFO - Filling up the DagBag from /home/airflow/.local/lib/python3.8/site-packages/airflow/example_dags/example_sensors.py
[2024-02-06T15:32:00.320+0000] {processor.py:840} INFO - DAG(s) 'example_sensors' retrieved from /home/airflow/.local/lib/python3.8/site-packages/airflow/example_dags/example_sensors.py
[2024-02-06T15:32:00.346+0000] {logging_mixin.py:188} INFO - [2024-02-06T15:32:00.345+0000] {dag.py:3036} INFO - Sync 1 DAGs
[2024-02-06T15:32:00.358+0000] {logging_mixin.py:188} INFO - [2024-02-06T15:32:00.358+0000] {dag.py:3823} INFO - Setting next_dagrun for example_sensors to None, run_after=None
[2024-02-06T15:32:00.378+0000] {processor.py:183} INFO - Processing /home/airflow/.local/lib/python3.8/site-packages/airflow/example_dags/example_sensors.py took 0.074 seconds
[2024-02-06T15:32:30.444+0000] {processor.py:161} INFO - Started process (PID=408) to work on /home/airflow/.local/lib/python3.8/site-packages/airflow/example_dags/example_sensors.py
[2024-02-06T15:32:30.445+0000] {processor.py:830} INFO - Processing file /home/airflow/.local/lib/python3.8/site-packages/airflow/example_dags/example_sensors.py for tasks to queue
[2024-02-06T15:32:30.446+0000] {logging_mixin.py:188} INFO - [2024-02-06T15:32:30.446+0000] {dagbag.py:538} INFO - Filling up the DagBag from /home/airflow/.local/lib/python3.8/site-packages/airflow/example_dags/example_sensors.py
[2024-02-06T15:32:30.455+0000] {processor.py:840} INFO - DAG(s) 'example_sensors' retrieved from /home/airflow/.local/lib/python3.8/site-packages/airflow/example_dags/example_sensors.py
[2024-02-06T15:32:30.480+0000] {logging_mixin.py:188} INFO - [2024-02-06T15:32:30.479+0000] {dag.py:3036} INFO - Sync 1 DAGs
[2024-02-06T15:32:30.491+0000] {logging_mixin.py:188} INFO - [2024-02-06T15:32:30.491+0000] {dag.py:3823} INFO - Setting next_dagrun for example_sensors to None, run_after=None
[2024-02-06T15:32:30.510+0000] {processor.py:183} INFO - Processing /home/airflow/.local/lib/python3.8/site-packages/airflow/example_dags/example_sensors.py took 0.069 seconds
[2024-02-06T15:33:00.573+0000] {processor.py:161} INFO - Started process (PID=465) to work on /home/airflow/.local/lib/python3.8/site-packages/airflow/example_dags/example_sensors.py
[2024-02-06T15:33:00.574+0000] {processor.py:830} INFO - Processing file /home/airflow/.local/lib/python3.8/site-packages/airflow/example_dags/example_sensors.py for tasks to queue
[2024-02-06T15:33:00.575+0000] {logging_mixin.py:188} INFO - [2024-02-06T15:33:00.575+0000] {dagbag.py:538} INFO - Filling up the DagBag from /home/airflow/.local/lib/python3.8/site-packages/airflow/example_dags/example_sensors.py
[2024-02-06T15:33:00.584+0000] {processor.py:840} INFO - DAG(s) 'example_sensors' retrieved from /home/airflow/.local/lib/python3.8/site-packages/airflow/example_dags/example_sensors.py
[2024-02-06T15:33:00.609+0000] {logging_mixin.py:188} INFO - [2024-02-06T15:33:00.609+0000] {dag.py:3036} INFO - Sync 1 DAGs
[2024-02-06T15:33:00.621+0000] {logging_mixin.py:188} INFO - [2024-02-06T15:33:00.621+0000] {dag.py:3823} INFO - Setting next_dagrun for example_sensors to None, run_after=None
[2024-02-06T15:33:00.640+0000] {processor.py:183} INFO - Processing /home/airflow/.local/lib/python3.8/site-packages/airflow/example_dags/example_sensors.py took 0.070 seconds
[2024-02-06T15:33:30.845+0000] {processor.py:161} INFO - Started process (PID=522) to work on /home/airflow/.local/lib/python3.8/site-packages/airflow/example_dags/example_sensors.py
[2024-02-06T15:33:30.846+0000] {processor.py:830} INFO - Processing file /home/airflow/.local/lib/python3.8/site-packages/airflow/example_dags/example_sensors.py for tasks to queue
[2024-02-06T15:33:30.848+0000] {logging_mixin.py:188} INFO - [2024-02-06T15:33:30.848+0000] {dagbag.py:538} INFO - Filling up the DagBag from /home/airflow/.local/lib/python3.8/site-packages/airflow/example_dags/example_sensors.py
[2024-02-06T15:33:30.857+0000] {processor.py:840} INFO - DAG(s) 'example_sensors' retrieved from /home/airflow/.local/lib/python3.8/site-packages/airflow/example_dags/example_sensors.py
[2024-02-06T15:33:30.881+0000] {logging_mixin.py:188} INFO - [2024-02-06T15:33:30.881+0000] {dag.py:3036} INFO - Sync 1 DAGs
[2024-02-06T15:33:30.894+0000] {logging_mixin.py:188} INFO - [2024-02-06T15:33:30.894+0000] {dag.py:3823} INFO - Setting next_dagrun for example_sensors to None, run_after=None
[2024-02-06T15:33:30.917+0000] {processor.py:183} INFO - Processing /home/airflow/.local/lib/python3.8/site-packages/airflow/example_dags/example_sensors.py took 0.075 seconds
[2024-02-06T15:34:01.183+0000] {processor.py:161} INFO - Started process (PID=578) to work on /home/airflow/.local/lib/python3.8/site-packages/airflow/example_dags/example_sensors.py
[2024-02-06T15:34:01.183+0000] {processor.py:830} INFO - Processing file /home/airflow/.local/lib/python3.8/site-packages/airflow/example_dags/example_sensors.py for tasks to queue
[2024-02-06T15:34:01.185+0000] {logging_mixin.py:188} INFO - [2024-02-06T15:34:01.185+0000] {dagbag.py:538} INFO - Filling up the DagBag from /home/airflow/.local/lib/python3.8/site-packages/airflow/example_dags/example_sensors.py
[2024-02-06T15:34:01.194+0000] {processor.py:840} INFO - DAG(s) 'example_sensors' retrieved from /home/airflow/.local/lib/python3.8/site-packages/airflow/example_dags/example_sensors.py
[2024-02-06T15:34:01.220+0000] {logging_mixin.py:188} INFO - [2024-02-06T15:34:01.219+0000] {dag.py:3036} INFO - Sync 1 DAGs
[2024-02-06T15:34:01.232+0000] {logging_mixin.py:188} INFO - [2024-02-06T15:34:01.232+0000] {dag.py:3823} INFO - Setting next_dagrun for example_sensors to None, run_after=None
[2024-02-06T15:34:01.252+0000] {processor.py:183} INFO - Processing /home/airflow/.local/lib/python3.8/site-packages/airflow/example_dags/example_sensors.py took 0.072 seconds
[2024-02-06T15:34:31.666+0000] {processor.py:161} INFO - Started process (PID=635) to work on /home/airflow/.local/lib/python3.8/site-packages/airflow/example_dags/example_sensors.py
[2024-02-06T15:34:31.667+0000] {processor.py:830} INFO - Processing file /home/airflow/.local/lib/python3.8/site-packages/airflow/example_dags/example_sensors.py for tasks to queue
[2024-02-06T15:34:31.669+0000] {logging_mixin.py:188} INFO - [2024-02-06T15:34:31.668+0000] {dagbag.py:538} INFO - Filling up the DagBag from /home/airflow/.local/lib/python3.8/site-packages/airflow/example_dags/example_sensors.py
[2024-02-06T15:34:31.678+0000] {processor.py:840} INFO - DAG(s) 'example_sensors' retrieved from /home/airflow/.local/lib/python3.8/site-packages/airflow/example_dags/example_sensors.py
[2024-02-06T15:34:31.703+0000] {logging_mixin.py:188} INFO - [2024-02-06T15:34:31.703+0000] {dag.py:3036} INFO - Sync 1 DAGs
[2024-02-06T15:34:31.714+0000] {logging_mixin.py:188} INFO - [2024-02-06T15:34:31.714+0000] {dag.py:3823} INFO - Setting next_dagrun for example_sensors to None, run_after=None
[2024-02-06T15:34:31.731+0000] {processor.py:183} INFO - Processing /home/airflow/.local/lib/python3.8/site-packages/airflow/example_dags/example_sensors.py took 0.068 seconds
[2024-02-06T15:35:02.035+0000] {processor.py:161} INFO - Started process (PID=692) to work on /home/airflow/.local/lib/python3.8/site-packages/airflow/example_dags/example_sensors.py
[2024-02-06T15:35:02.036+0000] {processor.py:830} INFO - Processing file /home/airflow/.local/lib/python3.8/site-packages/airflow/example_dags/example_sensors.py for tasks to queue
[2024-02-06T15:35:02.038+0000] {logging_mixin.py:188} INFO - [2024-02-06T15:35:02.037+0000] {dagbag.py:538} INFO - Filling up the DagBag from /home/airflow/.local/lib/python3.8/site-packages/airflow/example_dags/example_sensors.py
[2024-02-06T15:35:02.047+0000] {processor.py:840} INFO - DAG(s) 'example_sensors' retrieved from /home/airflow/.local/lib/python3.8/site-packages/airflow/example_dags/example_sensors.py
[2024-02-06T15:35:02.072+0000] {logging_mixin.py:188} INFO - [2024-02-06T15:35:02.072+0000] {dag.py:3036} INFO - Sync 1 DAGs
[2024-02-06T15:35:02.083+0000] {logging_mixin.py:188} INFO - [2024-02-06T15:35:02.083+0000] {dag.py:3823} INFO - Setting next_dagrun for example_sensors to None, run_after=None
[2024-02-06T15:35:02.101+0000] {processor.py:183} INFO - Processing /home/airflow/.local/lib/python3.8/site-packages/airflow/example_dags/example_sensors.py took 0.069 seconds
[2024-02-06T15:35:32.223+0000] {processor.py:161} INFO - Started process (PID=749) to work on /home/airflow/.local/lib/python3.8/site-packages/airflow/example_dags/example_sensors.py
[2024-02-06T15:35:32.224+0000] {processor.py:830} INFO - Processing file /home/airflow/.local/lib/python3.8/site-packages/airflow/example_dags/example_sensors.py for tasks to queue
[2024-02-06T15:35:32.226+0000] {logging_mixin.py:188} INFO - [2024-02-06T15:35:32.226+0000] {dagbag.py:538} INFO - Filling up the DagBag from /home/airflow/.local/lib/python3.8/site-packages/airflow/example_dags/example_sensors.py
[2024-02-06T15:35:32.235+0000] {processor.py:840} INFO - DAG(s) 'example_sensors' retrieved from /home/airflow/.local/lib/python3.8/site-packages/airflow/example_dags/example_sensors.py
[2024-02-06T15:35:32.260+0000] {logging_mixin.py:188} INFO - [2024-02-06T15:35:32.260+0000] {dag.py:3036} INFO - Sync 1 DAGs
[2024-02-06T15:35:32.272+0000] {logging_mixin.py:188} INFO - [2024-02-06T15:35:32.272+0000] {dag.py:3823} INFO - Setting next_dagrun for example_sensors to None, run_after=None
[2024-02-06T15:35:32.292+0000] {processor.py:183} INFO - Processing /home/airflow/.local/lib/python3.8/site-packages/airflow/example_dags/example_sensors.py took 0.072 seconds
[2024-02-06T15:36:02.881+0000] {processor.py:161} INFO - Started process (PID=806) to work on /home/airflow/.local/lib/python3.8/site-packages/airflow/example_dags/example_sensors.py
[2024-02-06T15:36:02.882+0000] {processor.py:830} INFO - Processing file /home/airflow/.local/lib/python3.8/site-packages/airflow/example_dags/example_sensors.py for tasks to queue
[2024-02-06T15:36:02.885+0000] {logging_mixin.py:188} INFO - [2024-02-06T15:36:02.884+0000] {dagbag.py:538} INFO - Filling up the DagBag from /home/airflow/.local/lib/python3.8/site-packages/airflow/example_dags/example_sensors.py
[2024-02-06T15:36:02.897+0000] {processor.py:840} INFO - DAG(s) 'example_sensors' retrieved from /home/airflow/.local/lib/python3.8/site-packages/airflow/example_dags/example_sensors.py
[2024-02-06T15:36:02.934+0000] {logging_mixin.py:188} INFO - [2024-02-06T15:36:02.934+0000] {dag.py:3036} INFO - Sync 1 DAGs
[2024-02-06T15:36:02.949+0000] {logging_mixin.py:188} INFO - [2024-02-06T15:36:02.949+0000] {dag.py:3823} INFO - Setting next_dagrun for example_sensors to None, run_after=None
[2024-02-06T15:36:02.968+0000] {processor.py:183} INFO - Processing /home/airflow/.local/lib/python3.8/site-packages/airflow/example_dags/example_sensors.py took 0.092 seconds
[2024-02-06T15:36:33.990+0000] {processor.py:161} INFO - Started process (PID=863) to work on /home/airflow/.local/lib/python3.8/site-packages/airflow/example_dags/example_sensors.py
[2024-02-06T15:36:33.991+0000] {processor.py:830} INFO - Processing file /home/airflow/.local/lib/python3.8/site-packages/airflow/example_dags/example_sensors.py for tasks to queue
[2024-02-06T15:36:33.993+0000] {logging_mixin.py:188} INFO - [2024-02-06T15:36:33.993+0000] {dagbag.py:538} INFO - Filling up the DagBag from /home/airflow/.local/lib/python3.8/site-packages/airflow/example_dags/example_sensors.py
[2024-02-06T15:36:34.003+0000] {processor.py:840} INFO - DAG(s) 'example_sensors' retrieved from /home/airflow/.local/lib/python3.8/site-packages/airflow/example_dags/example_sensors.py
[2024-02-06T15:36:34.028+0000] {logging_mixin.py:188} INFO - [2024-02-06T15:36:34.028+0000] {dag.py:3036} INFO - Sync 1 DAGs
[2024-02-06T15:36:34.040+0000] {logging_mixin.py:188} INFO - [2024-02-06T15:36:34.040+0000] {dag.py:3823} INFO - Setting next_dagrun for example_sensors to None, run_after=None
[2024-02-06T15:36:34.058+0000] {processor.py:183} INFO - Processing /home/airflow/.local/lib/python3.8/site-packages/airflow/example_dags/example_sensors.py took 0.071 seconds
