[2024-02-06T15:24:37.310+0000] {processor.py:161} INFO - Started process (PID=44) to work on /home/airflow/.local/lib/python3.8/site-packages/airflow/example_dags/tutorial_objectstorage.py
[2024-02-06T15:24:37.311+0000] {processor.py:830} INFO - Processing file /home/airflow/.local/lib/python3.8/site-packages/airflow/example_dags/tutorial_objectstorage.py for tasks to queue
[2024-02-06T15:24:37.313+0000] {logging_mixin.py:188} INFO - [2024-02-06T15:24:37.313+0000] {dagbag.py:538} INFO - Filling up the DagBag from /home/airflow/.local/lib/python3.8/site-packages/airflow/example_dags/tutorial_objectstorage.py
[2024-02-06T15:24:37.325+0000] {processor.py:840} INFO - DAG(s) 'tutorial_objectstorage' retrieved from /home/airflow/.local/lib/python3.8/site-packages/airflow/example_dags/tutorial_objectstorage.py
[2024-02-06T15:24:37.340+0000] {logging_mixin.py:188} INFO - [2024-02-06T15:24:37.339+0000] {dag.py:3036} INFO - Sync 1 DAGs
[2024-02-06T15:24:37.359+0000] {logging_mixin.py:188} INFO - [2024-02-06T15:24:37.359+0000] {dag.py:3823} INFO - Setting next_dagrun for tutorial_objectstorage to None, run_after=None
[2024-02-06T15:24:37.385+0000] {processor.py:183} INFO - Processing /home/airflow/.local/lib/python3.8/site-packages/airflow/example_dags/tutorial_objectstorage.py took 0.080 seconds
[2024-02-06T15:25:07.642+0000] {processor.py:161} INFO - Started process (PID=99) to work on /home/airflow/.local/lib/python3.8/site-packages/airflow/example_dags/tutorial_objectstorage.py
[2024-02-06T15:25:07.642+0000] {processor.py:830} INFO - Processing file /home/airflow/.local/lib/python3.8/site-packages/airflow/example_dags/tutorial_objectstorage.py for tasks to queue
[2024-02-06T15:25:07.644+0000] {logging_mixin.py:188} INFO - [2024-02-06T15:25:07.644+0000] {dagbag.py:538} INFO - Filling up the DagBag from /home/airflow/.local/lib/python3.8/site-packages/airflow/example_dags/tutorial_objectstorage.py
[2024-02-06T15:25:07.651+0000] {processor.py:840} INFO - DAG(s) 'tutorial_objectstorage' retrieved from /home/airflow/.local/lib/python3.8/site-packages/airflow/example_dags/tutorial_objectstorage.py
[2024-02-06T15:25:07.752+0000] {logging_mixin.py:188} INFO - [2024-02-06T15:25:07.752+0000] {dag.py:3036} INFO - Sync 1 DAGs
[2024-02-06T15:25:07.762+0000] {logging_mixin.py:188} INFO - [2024-02-06T15:25:07.762+0000] {dag.py:3823} INFO - Setting next_dagrun for tutorial_objectstorage to None, run_after=None
[2024-02-06T15:25:07.781+0000] {processor.py:183} INFO - Processing /home/airflow/.local/lib/python3.8/site-packages/airflow/example_dags/tutorial_objectstorage.py took 0.143 seconds
[2024-02-06T15:25:37.951+0000] {processor.py:161} INFO - Started process (PID=156) to work on /home/airflow/.local/lib/python3.8/site-packages/airflow/example_dags/tutorial_objectstorage.py
[2024-02-06T15:25:37.952+0000] {processor.py:830} INFO - Processing file /home/airflow/.local/lib/python3.8/site-packages/airflow/example_dags/tutorial_objectstorage.py for tasks to queue
[2024-02-06T15:25:37.954+0000] {logging_mixin.py:188} INFO - [2024-02-06T15:25:37.953+0000] {dagbag.py:538} INFO - Filling up the DagBag from /home/airflow/.local/lib/python3.8/site-packages/airflow/example_dags/tutorial_objectstorage.py
[2024-02-06T15:25:37.962+0000] {processor.py:840} INFO - DAG(s) 'tutorial_objectstorage' retrieved from /home/airflow/.local/lib/python3.8/site-packages/airflow/example_dags/tutorial_objectstorage.py
[2024-02-06T15:25:37.984+0000] {logging_mixin.py:188} INFO - [2024-02-06T15:25:37.984+0000] {dag.py:3036} INFO - Sync 1 DAGs
[2024-02-06T15:25:37.997+0000] {logging_mixin.py:188} INFO - [2024-02-06T15:25:37.997+0000] {dag.py:3823} INFO - Setting next_dagrun for tutorial_objectstorage to None, run_after=None
[2024-02-06T15:25:38.015+0000] {processor.py:183} INFO - Processing /home/airflow/.local/lib/python3.8/site-packages/airflow/example_dags/tutorial_objectstorage.py took 0.068 seconds
[2024-02-06T15:28:52.378+0000] {processor.py:161} INFO - Started process (PID=45) to work on /home/airflow/.local/lib/python3.8/site-packages/airflow/example_dags/tutorial_objectstorage.py
[2024-02-06T15:28:52.380+0000] {processor.py:830} INFO - Processing file /home/airflow/.local/lib/python3.8/site-packages/airflow/example_dags/tutorial_objectstorage.py for tasks to queue
[2024-02-06T15:28:52.384+0000] {logging_mixin.py:188} INFO - [2024-02-06T15:28:52.383+0000] {dagbag.py:538} INFO - Filling up the DagBag from /home/airflow/.local/lib/python3.8/site-packages/airflow/example_dags/tutorial_objectstorage.py
[2024-02-06T15:28:52.403+0000] {processor.py:840} INFO - DAG(s) 'tutorial_objectstorage' retrieved from /home/airflow/.local/lib/python3.8/site-packages/airflow/example_dags/tutorial_objectstorage.py
[2024-02-06T15:28:52.424+0000] {logging_mixin.py:188} INFO - [2024-02-06T15:28:52.423+0000] {dag.py:3036} INFO - Sync 1 DAGs
[2024-02-06T15:28:52.452+0000] {logging_mixin.py:188} INFO - [2024-02-06T15:28:52.452+0000] {dag.py:3823} INFO - Setting next_dagrun for tutorial_objectstorage to None, run_after=None
[2024-02-06T15:28:52.488+0000] {processor.py:183} INFO - Processing /home/airflow/.local/lib/python3.8/site-packages/airflow/example_dags/tutorial_objectstorage.py took 0.116 seconds
[2024-02-06T15:29:22.954+0000] {processor.py:161} INFO - Started process (PID=100) to work on /home/airflow/.local/lib/python3.8/site-packages/airflow/example_dags/tutorial_objectstorage.py
[2024-02-06T15:29:22.955+0000] {processor.py:830} INFO - Processing file /home/airflow/.local/lib/python3.8/site-packages/airflow/example_dags/tutorial_objectstorage.py for tasks to queue
[2024-02-06T15:29:22.956+0000] {logging_mixin.py:188} INFO - [2024-02-06T15:29:22.956+0000] {dagbag.py:538} INFO - Filling up the DagBag from /home/airflow/.local/lib/python3.8/site-packages/airflow/example_dags/tutorial_objectstorage.py
[2024-02-06T15:29:22.963+0000] {processor.py:840} INFO - DAG(s) 'tutorial_objectstorage' retrieved from /home/airflow/.local/lib/python3.8/site-packages/airflow/example_dags/tutorial_objectstorage.py
[2024-02-06T15:29:23.065+0000] {logging_mixin.py:188} INFO - [2024-02-06T15:29:23.065+0000] {dag.py:3036} INFO - Sync 1 DAGs
[2024-02-06T15:29:23.076+0000] {logging_mixin.py:188} INFO - [2024-02-06T15:29:23.076+0000] {dag.py:3823} INFO - Setting next_dagrun for tutorial_objectstorage to None, run_after=None
[2024-02-06T15:29:23.098+0000] {processor.py:183} INFO - Processing /home/airflow/.local/lib/python3.8/site-packages/airflow/example_dags/tutorial_objectstorage.py took 0.147 seconds
[2024-02-06T15:29:53.990+0000] {processor.py:161} INFO - Started process (PID=157) to work on /home/airflow/.local/lib/python3.8/site-packages/airflow/example_dags/tutorial_objectstorage.py
[2024-02-06T15:29:53.991+0000] {processor.py:830} INFO - Processing file /home/airflow/.local/lib/python3.8/site-packages/airflow/example_dags/tutorial_objectstorage.py for tasks to queue
[2024-02-06T15:29:53.992+0000] {logging_mixin.py:188} INFO - [2024-02-06T15:29:53.992+0000] {dagbag.py:538} INFO - Filling up the DagBag from /home/airflow/.local/lib/python3.8/site-packages/airflow/example_dags/tutorial_objectstorage.py
[2024-02-06T15:29:54.000+0000] {processor.py:840} INFO - DAG(s) 'tutorial_objectstorage' retrieved from /home/airflow/.local/lib/python3.8/site-packages/airflow/example_dags/tutorial_objectstorage.py
[2024-02-06T15:29:54.019+0000] {logging_mixin.py:188} INFO - [2024-02-06T15:29:54.019+0000] {dag.py:3036} INFO - Sync 1 DAGs
[2024-02-06T15:29:54.032+0000] {logging_mixin.py:188} INFO - [2024-02-06T15:29:54.032+0000] {dag.py:3823} INFO - Setting next_dagrun for tutorial_objectstorage to None, run_after=None
[2024-02-06T15:29:54.051+0000] {processor.py:183} INFO - Processing /home/airflow/.local/lib/python3.8/site-packages/airflow/example_dags/tutorial_objectstorage.py took 0.065 seconds
[2024-02-06T15:30:56.946+0000] {processor.py:161} INFO - Started process (PID=220) to work on /home/airflow/.local/lib/python3.8/site-packages/airflow/example_dags/tutorial_objectstorage.py
[2024-02-06T15:30:56.948+0000] {processor.py:830} INFO - Processing file /home/airflow/.local/lib/python3.8/site-packages/airflow/example_dags/tutorial_objectstorage.py for tasks to queue
[2024-02-06T15:30:56.951+0000] {logging_mixin.py:188} INFO - [2024-02-06T15:30:56.951+0000] {dagbag.py:538} INFO - Filling up the DagBag from /home/airflow/.local/lib/python3.8/site-packages/airflow/example_dags/tutorial_objectstorage.py
[2024-02-06T15:30:56.965+0000] {processor.py:840} INFO - DAG(s) 'tutorial_objectstorage' retrieved from /home/airflow/.local/lib/python3.8/site-packages/airflow/example_dags/tutorial_objectstorage.py
[2024-02-06T15:30:56.997+0000] {logging_mixin.py:188} INFO - [2024-02-06T15:30:56.997+0000] {dag.py:3036} INFO - Sync 1 DAGs
[2024-02-06T15:30:57.023+0000] {logging_mixin.py:188} INFO - [2024-02-06T15:30:57.022+0000] {dag.py:3823} INFO - Setting next_dagrun for tutorial_objectstorage to None, run_after=None
[2024-02-06T15:30:57.050+0000] {processor.py:183} INFO - Processing /home/airflow/.local/lib/python3.8/site-packages/airflow/example_dags/tutorial_objectstorage.py took 0.110 seconds
[2024-02-06T15:31:27.908+0000] {processor.py:161} INFO - Started process (PID=277) to work on /home/airflow/.local/lib/python3.8/site-packages/airflow/example_dags/tutorial_objectstorage.py
[2024-02-06T15:31:27.909+0000] {processor.py:830} INFO - Processing file /home/airflow/.local/lib/python3.8/site-packages/airflow/example_dags/tutorial_objectstorage.py for tasks to queue
[2024-02-06T15:31:27.911+0000] {logging_mixin.py:188} INFO - [2024-02-06T15:31:27.911+0000] {dagbag.py:538} INFO - Filling up the DagBag from /home/airflow/.local/lib/python3.8/site-packages/airflow/example_dags/tutorial_objectstorage.py
[2024-02-06T15:31:27.920+0000] {processor.py:840} INFO - DAG(s) 'tutorial_objectstorage' retrieved from /home/airflow/.local/lib/python3.8/site-packages/airflow/example_dags/tutorial_objectstorage.py
[2024-02-06T15:31:27.946+0000] {logging_mixin.py:188} INFO - [2024-02-06T15:31:27.945+0000] {dag.py:3036} INFO - Sync 1 DAGs
[2024-02-06T15:31:27.966+0000] {logging_mixin.py:188} INFO - [2024-02-06T15:31:27.965+0000] {dag.py:3823} INFO - Setting next_dagrun for tutorial_objectstorage to None, run_after=None
[2024-02-06T15:31:27.993+0000] {processor.py:183} INFO - Processing /home/airflow/.local/lib/python3.8/site-packages/airflow/example_dags/tutorial_objectstorage.py took 0.088 seconds
[2024-02-06T15:31:58.095+0000] {processor.py:161} INFO - Started process (PID=334) to work on /home/airflow/.local/lib/python3.8/site-packages/airflow/example_dags/tutorial_objectstorage.py
[2024-02-06T15:31:58.096+0000] {processor.py:830} INFO - Processing file /home/airflow/.local/lib/python3.8/site-packages/airflow/example_dags/tutorial_objectstorage.py for tasks to queue
[2024-02-06T15:31:58.098+0000] {logging_mixin.py:188} INFO - [2024-02-06T15:31:58.098+0000] {dagbag.py:538} INFO - Filling up the DagBag from /home/airflow/.local/lib/python3.8/site-packages/airflow/example_dags/tutorial_objectstorage.py
[2024-02-06T15:31:58.105+0000] {processor.py:840} INFO - DAG(s) 'tutorial_objectstorage' retrieved from /home/airflow/.local/lib/python3.8/site-packages/airflow/example_dags/tutorial_objectstorage.py
[2024-02-06T15:31:58.125+0000] {logging_mixin.py:188} INFO - [2024-02-06T15:31:58.124+0000] {dag.py:3036} INFO - Sync 1 DAGs
[2024-02-06T15:31:58.137+0000] {logging_mixin.py:188} INFO - [2024-02-06T15:31:58.137+0000] {dag.py:3823} INFO - Setting next_dagrun for tutorial_objectstorage to None, run_after=None
[2024-02-06T15:31:58.155+0000] {processor.py:183} INFO - Processing /home/airflow/.local/lib/python3.8/site-packages/airflow/example_dags/tutorial_objectstorage.py took 0.064 seconds
[2024-02-06T15:32:28.421+0000] {processor.py:161} INFO - Started process (PID=391) to work on /home/airflow/.local/lib/python3.8/site-packages/airflow/example_dags/tutorial_objectstorage.py
[2024-02-06T15:32:28.422+0000] {processor.py:830} INFO - Processing file /home/airflow/.local/lib/python3.8/site-packages/airflow/example_dags/tutorial_objectstorage.py for tasks to queue
[2024-02-06T15:32:28.423+0000] {logging_mixin.py:188} INFO - [2024-02-06T15:32:28.423+0000] {dagbag.py:538} INFO - Filling up the DagBag from /home/airflow/.local/lib/python3.8/site-packages/airflow/example_dags/tutorial_objectstorage.py
[2024-02-06T15:32:28.431+0000] {processor.py:840} INFO - DAG(s) 'tutorial_objectstorage' retrieved from /home/airflow/.local/lib/python3.8/site-packages/airflow/example_dags/tutorial_objectstorage.py
[2024-02-06T15:32:28.455+0000] {logging_mixin.py:188} INFO - [2024-02-06T15:32:28.454+0000] {dag.py:3036} INFO - Sync 1 DAGs
[2024-02-06T15:32:28.472+0000] {logging_mixin.py:188} INFO - [2024-02-06T15:32:28.471+0000] {dag.py:3823} INFO - Setting next_dagrun for tutorial_objectstorage to None, run_after=None
[2024-02-06T15:32:28.493+0000] {processor.py:183} INFO - Processing /home/airflow/.local/lib/python3.8/site-packages/airflow/example_dags/tutorial_objectstorage.py took 0.077 seconds
[2024-02-06T15:32:58.603+0000] {processor.py:161} INFO - Started process (PID=448) to work on /home/airflow/.local/lib/python3.8/site-packages/airflow/example_dags/tutorial_objectstorage.py
[2024-02-06T15:32:58.604+0000] {processor.py:830} INFO - Processing file /home/airflow/.local/lib/python3.8/site-packages/airflow/example_dags/tutorial_objectstorage.py for tasks to queue
[2024-02-06T15:32:58.606+0000] {logging_mixin.py:188} INFO - [2024-02-06T15:32:58.605+0000] {dagbag.py:538} INFO - Filling up the DagBag from /home/airflow/.local/lib/python3.8/site-packages/airflow/example_dags/tutorial_objectstorage.py
[2024-02-06T15:32:58.612+0000] {processor.py:840} INFO - DAG(s) 'tutorial_objectstorage' retrieved from /home/airflow/.local/lib/python3.8/site-packages/airflow/example_dags/tutorial_objectstorage.py
[2024-02-06T15:32:58.632+0000] {logging_mixin.py:188} INFO - [2024-02-06T15:32:58.632+0000] {dag.py:3036} INFO - Sync 1 DAGs
[2024-02-06T15:32:58.647+0000] {logging_mixin.py:188} INFO - [2024-02-06T15:32:58.647+0000] {dag.py:3823} INFO - Setting next_dagrun for tutorial_objectstorage to None, run_after=None
[2024-02-06T15:32:58.665+0000] {processor.py:183} INFO - Processing /home/airflow/.local/lib/python3.8/site-packages/airflow/example_dags/tutorial_objectstorage.py took 0.065 seconds
[2024-02-06T15:33:28.978+0000] {processor.py:161} INFO - Started process (PID=505) to work on /home/airflow/.local/lib/python3.8/site-packages/airflow/example_dags/tutorial_objectstorage.py
[2024-02-06T15:33:28.979+0000] {processor.py:830} INFO - Processing file /home/airflow/.local/lib/python3.8/site-packages/airflow/example_dags/tutorial_objectstorage.py for tasks to queue
[2024-02-06T15:33:28.981+0000] {logging_mixin.py:188} INFO - [2024-02-06T15:33:28.981+0000] {dagbag.py:538} INFO - Filling up the DagBag from /home/airflow/.local/lib/python3.8/site-packages/airflow/example_dags/tutorial_objectstorage.py
[2024-02-06T15:33:28.987+0000] {processor.py:840} INFO - DAG(s) 'tutorial_objectstorage' retrieved from /home/airflow/.local/lib/python3.8/site-packages/airflow/example_dags/tutorial_objectstorage.py
[2024-02-06T15:33:29.006+0000] {logging_mixin.py:188} INFO - [2024-02-06T15:33:29.006+0000] {dag.py:3036} INFO - Sync 1 DAGs
[2024-02-06T15:33:29.019+0000] {logging_mixin.py:188} INFO - [2024-02-06T15:33:29.019+0000] {dag.py:3823} INFO - Setting next_dagrun for tutorial_objectstorage to None, run_after=None
[2024-02-06T15:33:29.041+0000] {processor.py:183} INFO - Processing /home/airflow/.local/lib/python3.8/site-packages/airflow/example_dags/tutorial_objectstorage.py took 0.066 seconds
[2024-02-06T15:33:59.348+0000] {processor.py:161} INFO - Started process (PID=561) to work on /home/airflow/.local/lib/python3.8/site-packages/airflow/example_dags/tutorial_objectstorage.py
[2024-02-06T15:33:59.349+0000] {processor.py:830} INFO - Processing file /home/airflow/.local/lib/python3.8/site-packages/airflow/example_dags/tutorial_objectstorage.py for tasks to queue
[2024-02-06T15:33:59.351+0000] {logging_mixin.py:188} INFO - [2024-02-06T15:33:59.351+0000] {dagbag.py:538} INFO - Filling up the DagBag from /home/airflow/.local/lib/python3.8/site-packages/airflow/example_dags/tutorial_objectstorage.py
[2024-02-06T15:33:59.358+0000] {processor.py:840} INFO - DAG(s) 'tutorial_objectstorage' retrieved from /home/airflow/.local/lib/python3.8/site-packages/airflow/example_dags/tutorial_objectstorage.py
[2024-02-06T15:33:59.378+0000] {logging_mixin.py:188} INFO - [2024-02-06T15:33:59.377+0000] {dag.py:3036} INFO - Sync 1 DAGs
[2024-02-06T15:33:59.390+0000] {logging_mixin.py:188} INFO - [2024-02-06T15:33:59.390+0000] {dag.py:3823} INFO - Setting next_dagrun for tutorial_objectstorage to None, run_after=None
[2024-02-06T15:33:59.409+0000] {processor.py:183} INFO - Processing /home/airflow/.local/lib/python3.8/site-packages/airflow/example_dags/tutorial_objectstorage.py took 0.064 seconds
[2024-02-06T15:34:29.767+0000] {processor.py:161} INFO - Started process (PID=618) to work on /home/airflow/.local/lib/python3.8/site-packages/airflow/example_dags/tutorial_objectstorage.py
[2024-02-06T15:34:29.768+0000] {processor.py:830} INFO - Processing file /home/airflow/.local/lib/python3.8/site-packages/airflow/example_dags/tutorial_objectstorage.py for tasks to queue
[2024-02-06T15:34:29.769+0000] {logging_mixin.py:188} INFO - [2024-02-06T15:34:29.769+0000] {dagbag.py:538} INFO - Filling up the DagBag from /home/airflow/.local/lib/python3.8/site-packages/airflow/example_dags/tutorial_objectstorage.py
[2024-02-06T15:34:29.776+0000] {processor.py:840} INFO - DAG(s) 'tutorial_objectstorage' retrieved from /home/airflow/.local/lib/python3.8/site-packages/airflow/example_dags/tutorial_objectstorage.py
[2024-02-06T15:34:29.796+0000] {logging_mixin.py:188} INFO - [2024-02-06T15:34:29.795+0000] {dag.py:3036} INFO - Sync 1 DAGs
[2024-02-06T15:34:29.808+0000] {logging_mixin.py:188} INFO - [2024-02-06T15:34:29.808+0000] {dag.py:3823} INFO - Setting next_dagrun for tutorial_objectstorage to None, run_after=None
[2024-02-06T15:34:29.829+0000] {processor.py:183} INFO - Processing /home/airflow/.local/lib/python3.8/site-packages/airflow/example_dags/tutorial_objectstorage.py took 0.065 seconds
[2024-02-06T15:35:00.197+0000] {processor.py:161} INFO - Started process (PID=675) to work on /home/airflow/.local/lib/python3.8/site-packages/airflow/example_dags/tutorial_objectstorage.py
[2024-02-06T15:35:00.198+0000] {processor.py:830} INFO - Processing file /home/airflow/.local/lib/python3.8/site-packages/airflow/example_dags/tutorial_objectstorage.py for tasks to queue
[2024-02-06T15:35:00.200+0000] {logging_mixin.py:188} INFO - [2024-02-06T15:35:00.200+0000] {dagbag.py:538} INFO - Filling up the DagBag from /home/airflow/.local/lib/python3.8/site-packages/airflow/example_dags/tutorial_objectstorage.py
[2024-02-06T15:35:00.207+0000] {processor.py:840} INFO - DAG(s) 'tutorial_objectstorage' retrieved from /home/airflow/.local/lib/python3.8/site-packages/airflow/example_dags/tutorial_objectstorage.py
[2024-02-06T15:35:00.227+0000] {logging_mixin.py:188} INFO - [2024-02-06T15:35:00.226+0000] {dag.py:3036} INFO - Sync 1 DAGs
[2024-02-06T15:35:00.239+0000] {logging_mixin.py:188} INFO - [2024-02-06T15:35:00.239+0000] {dag.py:3823} INFO - Setting next_dagrun for tutorial_objectstorage to None, run_after=None
[2024-02-06T15:35:00.260+0000] {processor.py:183} INFO - Processing /home/airflow/.local/lib/python3.8/site-packages/airflow/example_dags/tutorial_objectstorage.py took 0.066 seconds
[2024-02-06T15:35:30.359+0000] {processor.py:161} INFO - Started process (PID=732) to work on /home/airflow/.local/lib/python3.8/site-packages/airflow/example_dags/tutorial_objectstorage.py
[2024-02-06T15:35:30.361+0000] {processor.py:830} INFO - Processing file /home/airflow/.local/lib/python3.8/site-packages/airflow/example_dags/tutorial_objectstorage.py for tasks to queue
[2024-02-06T15:35:30.363+0000] {logging_mixin.py:188} INFO - [2024-02-06T15:35:30.363+0000] {dagbag.py:538} INFO - Filling up the DagBag from /home/airflow/.local/lib/python3.8/site-packages/airflow/example_dags/tutorial_objectstorage.py
[2024-02-06T15:35:30.373+0000] {processor.py:840} INFO - DAG(s) 'tutorial_objectstorage' retrieved from /home/airflow/.local/lib/python3.8/site-packages/airflow/example_dags/tutorial_objectstorage.py
[2024-02-06T15:35:30.398+0000] {logging_mixin.py:188} INFO - [2024-02-06T15:35:30.397+0000] {dag.py:3036} INFO - Sync 1 DAGs
[2024-02-06T15:35:30.412+0000] {logging_mixin.py:188} INFO - [2024-02-06T15:35:30.412+0000] {dag.py:3823} INFO - Setting next_dagrun for tutorial_objectstorage to None, run_after=None
[2024-02-06T15:35:30.435+0000] {processor.py:183} INFO - Processing /home/airflow/.local/lib/python3.8/site-packages/airflow/example_dags/tutorial_objectstorage.py took 0.081 seconds
[2024-02-06T15:36:00.751+0000] {processor.py:161} INFO - Started process (PID=789) to work on /home/airflow/.local/lib/python3.8/site-packages/airflow/example_dags/tutorial_objectstorage.py
[2024-02-06T15:36:00.752+0000] {processor.py:830} INFO - Processing file /home/airflow/.local/lib/python3.8/site-packages/airflow/example_dags/tutorial_objectstorage.py for tasks to queue
[2024-02-06T15:36:00.754+0000] {logging_mixin.py:188} INFO - [2024-02-06T15:36:00.753+0000] {dagbag.py:538} INFO - Filling up the DagBag from /home/airflow/.local/lib/python3.8/site-packages/airflow/example_dags/tutorial_objectstorage.py
[2024-02-06T15:36:00.761+0000] {processor.py:840} INFO - DAG(s) 'tutorial_objectstorage' retrieved from /home/airflow/.local/lib/python3.8/site-packages/airflow/example_dags/tutorial_objectstorage.py
[2024-02-06T15:36:00.780+0000] {logging_mixin.py:188} INFO - [2024-02-06T15:36:00.780+0000] {dag.py:3036} INFO - Sync 1 DAGs
[2024-02-06T15:36:00.792+0000] {logging_mixin.py:188} INFO - [2024-02-06T15:36:00.792+0000] {dag.py:3823} INFO - Setting next_dagrun for tutorial_objectstorage to None, run_after=None
[2024-02-06T15:36:00.813+0000] {processor.py:183} INFO - Processing /home/airflow/.local/lib/python3.8/site-packages/airflow/example_dags/tutorial_objectstorage.py took 0.067 seconds
[2024-02-06T15:36:30.890+0000] {processor.py:161} INFO - Started process (PID=846) to work on /home/airflow/.local/lib/python3.8/site-packages/airflow/example_dags/tutorial_objectstorage.py
[2024-02-06T15:36:30.891+0000] {processor.py:830} INFO - Processing file /home/airflow/.local/lib/python3.8/site-packages/airflow/example_dags/tutorial_objectstorage.py for tasks to queue
[2024-02-06T15:36:30.892+0000] {logging_mixin.py:188} INFO - [2024-02-06T15:36:30.892+0000] {dagbag.py:538} INFO - Filling up the DagBag from /home/airflow/.local/lib/python3.8/site-packages/airflow/example_dags/tutorial_objectstorage.py
[2024-02-06T15:36:30.899+0000] {processor.py:840} INFO - DAG(s) 'tutorial_objectstorage' retrieved from /home/airflow/.local/lib/python3.8/site-packages/airflow/example_dags/tutorial_objectstorage.py
[2024-02-06T15:36:30.918+0000] {logging_mixin.py:188} INFO - [2024-02-06T15:36:30.918+0000] {dag.py:3036} INFO - Sync 1 DAGs
[2024-02-06T15:36:30.931+0000] {logging_mixin.py:188} INFO - [2024-02-06T15:36:30.931+0000] {dag.py:3823} INFO - Setting next_dagrun for tutorial_objectstorage to None, run_after=None
[2024-02-06T15:36:30.956+0000] {processor.py:183} INFO - Processing /home/airflow/.local/lib/python3.8/site-packages/airflow/example_dags/tutorial_objectstorage.py took 0.070 seconds
[2024-02-06T15:37:01.329+0000] {processor.py:161} INFO - Started process (PID=903) to work on /home/airflow/.local/lib/python3.8/site-packages/airflow/example_dags/tutorial_objectstorage.py
[2024-02-06T15:37:01.331+0000] {processor.py:830} INFO - Processing file /home/airflow/.local/lib/python3.8/site-packages/airflow/example_dags/tutorial_objectstorage.py for tasks to queue
[2024-02-06T15:37:01.335+0000] {logging_mixin.py:188} INFO - [2024-02-06T15:37:01.334+0000] {dagbag.py:538} INFO - Filling up the DagBag from /home/airflow/.local/lib/python3.8/site-packages/airflow/example_dags/tutorial_objectstorage.py
[2024-02-06T15:37:01.349+0000] {processor.py:840} INFO - DAG(s) 'tutorial_objectstorage' retrieved from /home/airflow/.local/lib/python3.8/site-packages/airflow/example_dags/tutorial_objectstorage.py
[2024-02-06T15:37:02.051+0000] {logging_mixin.py:188} INFO - [2024-02-06T15:37:02.050+0000] {process_utils.py:262} INFO - Waiting up to 5 seconds for processes to exit...
