[2024-01-29T12:51:13.439+0000] {processor.py:161} INFO - Started process (PID=34) to work on /opt/airflow/dags/djinni_etl.py
[2024-01-29T12:51:13.440+0000] {processor.py:830} INFO - Processing file /opt/airflow/dags/djinni_etl.py for tasks to queue
[2024-01-29T12:51:13.441+0000] {logging_mixin.py:188} INFO - [2024-01-29T12:51:13.441+0000] {dagbag.py:538} INFO - Filling up the DagBag from /opt/airflow/dags/djinni_etl.py
[2024-01-29T12:51:13.454+0000] {processor.py:840} INFO - DAG(s) 'my_dag' retrieved from /opt/airflow/dags/djinni_etl.py
[2024-01-29T12:51:13.682+0000] {logging_mixin.py:188} INFO - [2024-01-29T12:51:13.681+0000] {override.py:1769} INFO - Created Permission View: can delete on DAG:my_dag
[2024-01-29T12:51:13.692+0000] {logging_mixin.py:188} INFO - [2024-01-29T12:51:13.692+0000] {override.py:1769} INFO - Created Permission View: can edit on DAG:my_dag
[2024-01-29T12:51:13.700+0000] {logging_mixin.py:188} INFO - [2024-01-29T12:51:13.699+0000] {override.py:1769} INFO - Created Permission View: can read on DAG:my_dag
[2024-01-29T12:51:13.700+0000] {logging_mixin.py:188} INFO - [2024-01-29T12:51:13.700+0000] {dag.py:3036} INFO - Sync 1 DAGs
[2024-01-29T12:51:13.711+0000] {logging_mixin.py:188} INFO - [2024-01-29T12:51:13.711+0000] {dag.py:3058} INFO - Creating ORM DAG for my_dag
[2024-01-29T12:51:13.723+0000] {logging_mixin.py:188} INFO - [2024-01-29T12:51:13.722+0000] {dag.py:3823} INFO - Setting next_dagrun for my_dag to 2024-01-29 11:00:00+00:00, run_after=2024-01-29 12:00:00+00:00
[2024-01-29T12:51:13.739+0000] {processor.py:183} INFO - Processing /opt/airflow/dags/djinni_etl.py took 0.303 seconds
[2024-01-29T12:51:43.984+0000] {processor.py:161} INFO - Started process (PID=90) to work on /opt/airflow/dags/djinni_etl.py
[2024-01-29T12:51:43.985+0000] {processor.py:830} INFO - Processing file /opt/airflow/dags/djinni_etl.py for tasks to queue
[2024-01-29T12:51:43.988+0000] {logging_mixin.py:188} INFO - [2024-01-29T12:51:43.988+0000] {dagbag.py:538} INFO - Filling up the DagBag from /opt/airflow/dags/djinni_etl.py
[2024-01-29T12:51:43.998+0000] {processor.py:840} INFO - DAG(s) 'my_dag' retrieved from /opt/airflow/dags/djinni_etl.py
[2024-01-29T12:51:44.021+0000] {logging_mixin.py:188} INFO - [2024-01-29T12:51:44.021+0000] {dag.py:3036} INFO - Sync 1 DAGs
[2024-01-29T12:51:44.054+0000] {logging_mixin.py:188} INFO - [2024-01-29T12:51:44.054+0000] {dag.py:3823} INFO - Setting next_dagrun for my_dag to 2024-01-29 11:00:00+00:00, run_after=2024-01-29 12:00:00+00:00
[2024-01-29T12:51:44.074+0000] {processor.py:183} INFO - Processing /opt/airflow/dags/djinni_etl.py took 0.096 seconds
[2024-01-29T12:52:14.411+0000] {processor.py:161} INFO - Started process (PID=146) to work on /opt/airflow/dags/djinni_etl.py
[2024-01-29T12:52:14.413+0000] {processor.py:830} INFO - Processing file /opt/airflow/dags/djinni_etl.py for tasks to queue
[2024-01-29T12:52:14.416+0000] {logging_mixin.py:188} INFO - [2024-01-29T12:52:14.416+0000] {dagbag.py:538} INFO - Filling up the DagBag from /opt/airflow/dags/djinni_etl.py
[2024-01-29T12:52:14.426+0000] {processor.py:840} INFO - DAG(s) 'my_dag' retrieved from /opt/airflow/dags/djinni_etl.py
[2024-01-29T12:52:14.448+0000] {logging_mixin.py:188} INFO - [2024-01-29T12:52:14.447+0000] {dag.py:3036} INFO - Sync 1 DAGs
[2024-01-29T12:52:14.473+0000] {logging_mixin.py:188} INFO - [2024-01-29T12:52:14.472+0000] {dag.py:3823} INFO - Setting next_dagrun for my_dag to 2024-01-29 11:00:00+00:00, run_after=2024-01-29 12:00:00+00:00
[2024-01-29T12:52:14.490+0000] {processor.py:183} INFO - Processing /opt/airflow/dags/djinni_etl.py took 0.087 seconds
[2024-01-29T12:52:45.391+0000] {processor.py:161} INFO - Started process (PID=202) to work on /opt/airflow/dags/djinni_etl.py
[2024-01-29T12:52:45.392+0000] {processor.py:830} INFO - Processing file /opt/airflow/dags/djinni_etl.py for tasks to queue
[2024-01-29T12:52:45.395+0000] {logging_mixin.py:188} INFO - [2024-01-29T12:52:45.395+0000] {dagbag.py:538} INFO - Filling up the DagBag from /opt/airflow/dags/djinni_etl.py
[2024-01-29T12:52:45.406+0000] {processor.py:840} INFO - DAG(s) 'my_dag' retrieved from /opt/airflow/dags/djinni_etl.py
[2024-01-29T12:52:45.428+0000] {logging_mixin.py:188} INFO - [2024-01-29T12:52:45.428+0000] {dag.py:3036} INFO - Sync 1 DAGs
[2024-01-29T12:52:45.452+0000] {logging_mixin.py:188} INFO - [2024-01-29T12:52:45.452+0000] {dag.py:3823} INFO - Setting next_dagrun for my_dag to 2024-01-29 11:00:00+00:00, run_after=2024-01-29 12:00:00+00:00
[2024-01-29T12:52:45.470+0000] {processor.py:183} INFO - Processing /opt/airflow/dags/djinni_etl.py took 0.083 seconds
[2024-01-29T12:53:16.465+0000] {processor.py:161} INFO - Started process (PID=258) to work on /opt/airflow/dags/djinni_etl.py
[2024-01-29T12:53:16.466+0000] {processor.py:830} INFO - Processing file /opt/airflow/dags/djinni_etl.py for tasks to queue
[2024-01-29T12:53:16.468+0000] {logging_mixin.py:188} INFO - [2024-01-29T12:53:16.468+0000] {dagbag.py:538} INFO - Filling up the DagBag from /opt/airflow/dags/djinni_etl.py
[2024-01-29T12:53:16.476+0000] {processor.py:840} INFO - DAG(s) 'my_dag' retrieved from /opt/airflow/dags/djinni_etl.py
[2024-01-29T12:53:16.496+0000] {logging_mixin.py:188} INFO - [2024-01-29T12:53:16.495+0000] {dag.py:3036} INFO - Sync 1 DAGs
[2024-01-29T12:53:16.520+0000] {logging_mixin.py:188} INFO - [2024-01-29T12:53:16.520+0000] {dag.py:3823} INFO - Setting next_dagrun for my_dag to 2024-01-29 11:00:00+00:00, run_after=2024-01-29 12:00:00+00:00
[2024-01-29T12:53:16.537+0000] {processor.py:183} INFO - Processing /opt/airflow/dags/djinni_etl.py took 0.077 seconds
[2024-01-29T12:53:46.609+0000] {processor.py:161} INFO - Started process (PID=314) to work on /opt/airflow/dags/djinni_etl.py
[2024-01-29T12:53:46.611+0000] {processor.py:830} INFO - Processing file /opt/airflow/dags/djinni_etl.py for tasks to queue
[2024-01-29T12:53:46.614+0000] {logging_mixin.py:188} INFO - [2024-01-29T12:53:46.614+0000] {dagbag.py:538} INFO - Filling up the DagBag from /opt/airflow/dags/djinni_etl.py
[2024-01-29T12:53:46.624+0000] {processor.py:840} INFO - DAG(s) 'my_dag' retrieved from /opt/airflow/dags/djinni_etl.py
[2024-01-29T12:53:46.645+0000] {logging_mixin.py:188} INFO - [2024-01-29T12:53:46.644+0000] {dag.py:3036} INFO - Sync 1 DAGs
[2024-01-29T12:53:46.668+0000] {logging_mixin.py:188} INFO - [2024-01-29T12:53:46.668+0000] {dag.py:3823} INFO - Setting next_dagrun for my_dag to 2024-01-29 11:00:00+00:00, run_after=2024-01-29 12:00:00+00:00
[2024-01-29T12:53:46.686+0000] {processor.py:183} INFO - Processing /opt/airflow/dags/djinni_etl.py took 0.085 seconds
[2024-01-29T12:54:16.910+0000] {processor.py:161} INFO - Started process (PID=370) to work on /opt/airflow/dags/djinni_etl.py
[2024-01-29T12:54:16.912+0000] {processor.py:830} INFO - Processing file /opt/airflow/dags/djinni_etl.py for tasks to queue
[2024-01-29T12:54:16.916+0000] {logging_mixin.py:188} INFO - [2024-01-29T12:54:16.915+0000] {dagbag.py:538} INFO - Filling up the DagBag from /opt/airflow/dags/djinni_etl.py
[2024-01-29T12:54:16.925+0000] {processor.py:840} INFO - DAG(s) 'my_dag' retrieved from /opt/airflow/dags/djinni_etl.py
[2024-01-29T12:54:16.946+0000] {logging_mixin.py:188} INFO - [2024-01-29T12:54:16.946+0000] {dag.py:3036} INFO - Sync 1 DAGs
[2024-01-29T12:54:16.970+0000] {logging_mixin.py:188} INFO - [2024-01-29T12:54:16.969+0000] {dag.py:3823} INFO - Setting next_dagrun for my_dag to 2024-01-29 11:00:00+00:00, run_after=2024-01-29 12:00:00+00:00
[2024-01-29T12:54:16.987+0000] {processor.py:183} INFO - Processing /opt/airflow/dags/djinni_etl.py took 0.084 seconds
[2024-01-29T12:54:47.170+0000] {processor.py:161} INFO - Started process (PID=426) to work on /opt/airflow/dags/djinni_etl.py
[2024-01-29T12:54:47.172+0000] {processor.py:830} INFO - Processing file /opt/airflow/dags/djinni_etl.py for tasks to queue
[2024-01-29T12:54:47.175+0000] {logging_mixin.py:188} INFO - [2024-01-29T12:54:47.174+0000] {dagbag.py:538} INFO - Filling up the DagBag from /opt/airflow/dags/djinni_etl.py
[2024-01-29T12:54:47.183+0000] {processor.py:840} INFO - DAG(s) 'my_dag' retrieved from /opt/airflow/dags/djinni_etl.py
[2024-01-29T12:54:47.204+0000] {logging_mixin.py:188} INFO - [2024-01-29T12:54:47.203+0000] {dag.py:3036} INFO - Sync 1 DAGs
[2024-01-29T12:54:47.229+0000] {logging_mixin.py:188} INFO - [2024-01-29T12:54:47.228+0000] {dag.py:3823} INFO - Setting next_dagrun for my_dag to 2024-01-29 11:00:00+00:00, run_after=2024-01-29 12:00:00+00:00
[2024-01-29T12:54:47.246+0000] {processor.py:183} INFO - Processing /opt/airflow/dags/djinni_etl.py took 0.084 seconds
[2024-01-29T12:55:17.383+0000] {processor.py:161} INFO - Started process (PID=482) to work on /opt/airflow/dags/djinni_etl.py
[2024-01-29T12:55:17.385+0000] {processor.py:830} INFO - Processing file /opt/airflow/dags/djinni_etl.py for tasks to queue
[2024-01-29T12:55:17.387+0000] {logging_mixin.py:188} INFO - [2024-01-29T12:55:17.386+0000] {dagbag.py:538} INFO - Filling up the DagBag from /opt/airflow/dags/djinni_etl.py
[2024-01-29T12:55:17.395+0000] {processor.py:840} INFO - DAG(s) 'my_dag' retrieved from /opt/airflow/dags/djinni_etl.py
[2024-01-29T12:55:17.416+0000] {logging_mixin.py:188} INFO - [2024-01-29T12:55:17.416+0000] {dag.py:3036} INFO - Sync 1 DAGs
[2024-01-29T12:55:17.447+0000] {logging_mixin.py:188} INFO - [2024-01-29T12:55:17.447+0000] {dag.py:3823} INFO - Setting next_dagrun for my_dag to 2024-01-29 11:00:00+00:00, run_after=2024-01-29 12:00:00+00:00
[2024-01-29T12:55:17.471+0000] {processor.py:183} INFO - Processing /opt/airflow/dags/djinni_etl.py took 0.091 seconds
[2024-01-29T12:55:47.709+0000] {processor.py:161} INFO - Started process (PID=538) to work on /opt/airflow/dags/djinni_etl.py
[2024-01-29T12:55:47.710+0000] {processor.py:830} INFO - Processing file /opt/airflow/dags/djinni_etl.py for tasks to queue
[2024-01-29T12:55:47.712+0000] {logging_mixin.py:188} INFO - [2024-01-29T12:55:47.711+0000] {dagbag.py:538} INFO - Filling up the DagBag from /opt/airflow/dags/djinni_etl.py
[2024-01-29T12:55:47.719+0000] {processor.py:840} INFO - DAG(s) 'my_dag' retrieved from /opt/airflow/dags/djinni_etl.py
[2024-01-29T12:55:47.741+0000] {logging_mixin.py:188} INFO - [2024-01-29T12:55:47.741+0000] {dag.py:3036} INFO - Sync 1 DAGs
[2024-01-29T12:55:47.774+0000] {logging_mixin.py:188} INFO - [2024-01-29T12:55:47.774+0000] {dag.py:3823} INFO - Setting next_dagrun for my_dag to 2024-01-29 11:00:00+00:00, run_after=2024-01-29 12:00:00+00:00
[2024-01-29T12:55:47.796+0000] {processor.py:183} INFO - Processing /opt/airflow/dags/djinni_etl.py took 0.090 seconds
[2024-01-29T12:56:18.177+0000] {processor.py:161} INFO - Started process (PID=594) to work on /opt/airflow/dags/djinni_etl.py
[2024-01-29T12:56:18.179+0000] {processor.py:830} INFO - Processing file /opt/airflow/dags/djinni_etl.py for tasks to queue
[2024-01-29T12:56:18.181+0000] {logging_mixin.py:188} INFO - [2024-01-29T12:56:18.181+0000] {dagbag.py:538} INFO - Filling up the DagBag from /opt/airflow/dags/djinni_etl.py
[2024-01-29T12:56:18.191+0000] {processor.py:840} INFO - DAG(s) 'my_dag' retrieved from /opt/airflow/dags/djinni_etl.py
[2024-01-29T12:56:18.211+0000] {logging_mixin.py:188} INFO - [2024-01-29T12:56:18.211+0000] {dag.py:3036} INFO - Sync 1 DAGs
[2024-01-29T12:56:18.234+0000] {logging_mixin.py:188} INFO - [2024-01-29T12:56:18.234+0000] {dag.py:3823} INFO - Setting next_dagrun for my_dag to 2024-01-29 11:00:00+00:00, run_after=2024-01-29 12:00:00+00:00
[2024-01-29T12:56:18.250+0000] {processor.py:183} INFO - Processing /opt/airflow/dags/djinni_etl.py took 0.080 seconds
[2024-01-29T12:56:48.415+0000] {processor.py:161} INFO - Started process (PID=650) to work on /opt/airflow/dags/djinni_etl.py
[2024-01-29T12:56:48.417+0000] {processor.py:830} INFO - Processing file /opt/airflow/dags/djinni_etl.py for tasks to queue
[2024-01-29T12:56:48.419+0000] {logging_mixin.py:188} INFO - [2024-01-29T12:56:48.418+0000] {dagbag.py:538} INFO - Filling up the DagBag from /opt/airflow/dags/djinni_etl.py
[2024-01-29T12:56:48.427+0000] {processor.py:840} INFO - DAG(s) 'my_dag' retrieved from /opt/airflow/dags/djinni_etl.py
[2024-01-29T12:56:48.449+0000] {logging_mixin.py:188} INFO - [2024-01-29T12:56:48.449+0000] {dag.py:3036} INFO - Sync 1 DAGs
[2024-01-29T12:56:48.475+0000] {logging_mixin.py:188} INFO - [2024-01-29T12:56:48.475+0000] {dag.py:3823} INFO - Setting next_dagrun for my_dag to 2024-01-29 11:00:00+00:00, run_after=2024-01-29 12:00:00+00:00
[2024-01-29T12:56:48.492+0000] {processor.py:183} INFO - Processing /opt/airflow/dags/djinni_etl.py took 0.081 seconds
[2024-01-29T12:57:18.581+0000] {processor.py:161} INFO - Started process (PID=706) to work on /opt/airflow/dags/djinni_etl.py
[2024-01-29T12:57:18.583+0000] {processor.py:830} INFO - Processing file /opt/airflow/dags/djinni_etl.py for tasks to queue
[2024-01-29T12:57:18.586+0000] {logging_mixin.py:188} INFO - [2024-01-29T12:57:18.586+0000] {dagbag.py:538} INFO - Filling up the DagBag from /opt/airflow/dags/djinni_etl.py
[2024-01-29T12:57:18.597+0000] {processor.py:840} INFO - DAG(s) 'my_dag' retrieved from /opt/airflow/dags/djinni_etl.py
[2024-01-29T12:57:18.617+0000] {logging_mixin.py:188} INFO - [2024-01-29T12:57:18.617+0000] {dag.py:3036} INFO - Sync 1 DAGs
[2024-01-29T12:57:18.640+0000] {logging_mixin.py:188} INFO - [2024-01-29T12:57:18.640+0000] {dag.py:3823} INFO - Setting next_dagrun for my_dag to 2024-01-29 11:00:00+00:00, run_after=2024-01-29 12:00:00+00:00
[2024-01-29T12:57:18.657+0000] {processor.py:183} INFO - Processing /opt/airflow/dags/djinni_etl.py took 0.085 seconds
[2024-01-29T12:57:48.786+0000] {processor.py:161} INFO - Started process (PID=762) to work on /opt/airflow/dags/djinni_etl.py
[2024-01-29T12:57:48.787+0000] {processor.py:830} INFO - Processing file /opt/airflow/dags/djinni_etl.py for tasks to queue
[2024-01-29T12:57:48.790+0000] {logging_mixin.py:188} INFO - [2024-01-29T12:57:48.789+0000] {dagbag.py:538} INFO - Filling up the DagBag from /opt/airflow/dags/djinni_etl.py
[2024-01-29T12:57:48.800+0000] {processor.py:840} INFO - DAG(s) 'my_dag' retrieved from /opt/airflow/dags/djinni_etl.py
[2024-01-29T12:57:48.822+0000] {logging_mixin.py:188} INFO - [2024-01-29T12:57:48.822+0000] {dag.py:3036} INFO - Sync 1 DAGs
[2024-01-29T12:57:48.848+0000] {logging_mixin.py:188} INFO - [2024-01-29T12:57:48.848+0000] {dag.py:3823} INFO - Setting next_dagrun for my_dag to 2024-01-29 11:00:00+00:00, run_after=2024-01-29 12:00:00+00:00
[2024-01-29T12:57:48.866+0000] {processor.py:183} INFO - Processing /opt/airflow/dags/djinni_etl.py took 0.086 seconds
[2024-01-29T12:58:19.014+0000] {processor.py:161} INFO - Started process (PID=818) to work on /opt/airflow/dags/djinni_etl.py
[2024-01-29T12:58:19.016+0000] {processor.py:830} INFO - Processing file /opt/airflow/dags/djinni_etl.py for tasks to queue
[2024-01-29T12:58:19.019+0000] {logging_mixin.py:188} INFO - [2024-01-29T12:58:19.019+0000] {dagbag.py:538} INFO - Filling up the DagBag from /opt/airflow/dags/djinni_etl.py
[2024-01-29T12:58:19.028+0000] {processor.py:840} INFO - DAG(s) 'my_dag' retrieved from /opt/airflow/dags/djinni_etl.py
[2024-01-29T12:58:19.048+0000] {logging_mixin.py:188} INFO - [2024-01-29T12:58:19.048+0000] {dag.py:3036} INFO - Sync 1 DAGs
[2024-01-29T12:58:19.072+0000] {logging_mixin.py:188} INFO - [2024-01-29T12:58:19.072+0000] {dag.py:3823} INFO - Setting next_dagrun for my_dag to 2024-01-29 11:00:00+00:00, run_after=2024-01-29 12:00:00+00:00
[2024-01-29T12:58:19.089+0000] {processor.py:183} INFO - Processing /opt/airflow/dags/djinni_etl.py took 0.082 seconds
[2024-01-29T12:58:49.587+0000] {processor.py:161} INFO - Started process (PID=874) to work on /opt/airflow/dags/djinni_etl.py
[2024-01-29T12:58:49.589+0000] {processor.py:830} INFO - Processing file /opt/airflow/dags/djinni_etl.py for tasks to queue
[2024-01-29T12:58:49.592+0000] {logging_mixin.py:188} INFO - [2024-01-29T12:58:49.591+0000] {dagbag.py:538} INFO - Filling up the DagBag from /opt/airflow/dags/djinni_etl.py
[2024-01-29T12:58:49.604+0000] {processor.py:840} INFO - DAG(s) 'my_dag' retrieved from /opt/airflow/dags/djinni_etl.py
[2024-01-29T12:58:49.625+0000] {logging_mixin.py:188} INFO - [2024-01-29T12:58:49.625+0000] {dag.py:3036} INFO - Sync 1 DAGs
[2024-01-29T12:58:49.649+0000] {logging_mixin.py:188} INFO - [2024-01-29T12:58:49.649+0000] {dag.py:3823} INFO - Setting next_dagrun for my_dag to 2024-01-29 11:00:00+00:00, run_after=2024-01-29 12:00:00+00:00
[2024-01-29T12:58:49.666+0000] {processor.py:183} INFO - Processing /opt/airflow/dags/djinni_etl.py took 0.086 seconds
[2024-01-29T12:59:19.774+0000] {processor.py:161} INFO - Started process (PID=930) to work on /opt/airflow/dags/djinni_etl.py
[2024-01-29T12:59:19.776+0000] {processor.py:830} INFO - Processing file /opt/airflow/dags/djinni_etl.py for tasks to queue
[2024-01-29T12:59:19.778+0000] {logging_mixin.py:188} INFO - [2024-01-29T12:59:19.778+0000] {dagbag.py:538} INFO - Filling up the DagBag from /opt/airflow/dags/djinni_etl.py
[2024-01-29T12:59:19.787+0000] {processor.py:840} INFO - DAG(s) 'my_dag' retrieved from /opt/airflow/dags/djinni_etl.py
[2024-01-29T12:59:19.809+0000] {logging_mixin.py:188} INFO - [2024-01-29T12:59:19.809+0000] {dag.py:3036} INFO - Sync 1 DAGs
[2024-01-29T12:59:19.835+0000] {logging_mixin.py:188} INFO - [2024-01-29T12:59:19.834+0000] {dag.py:3823} INFO - Setting next_dagrun for my_dag to 2024-01-29 11:00:00+00:00, run_after=2024-01-29 12:00:00+00:00
[2024-01-29T12:59:19.852+0000] {processor.py:183} INFO - Processing /opt/airflow/dags/djinni_etl.py took 0.081 seconds
[2024-01-29T12:59:49.994+0000] {processor.py:161} INFO - Started process (PID=986) to work on /opt/airflow/dags/djinni_etl.py
[2024-01-29T12:59:49.995+0000] {processor.py:830} INFO - Processing file /opt/airflow/dags/djinni_etl.py for tasks to queue
[2024-01-29T12:59:49.997+0000] {logging_mixin.py:188} INFO - [2024-01-29T12:59:49.997+0000] {dagbag.py:538} INFO - Filling up the DagBag from /opt/airflow/dags/djinni_etl.py
[2024-01-29T12:59:50.005+0000] {processor.py:840} INFO - DAG(s) 'my_dag' retrieved from /opt/airflow/dags/djinni_etl.py
[2024-01-29T12:59:50.026+0000] {logging_mixin.py:188} INFO - [2024-01-29T12:59:50.026+0000] {dag.py:3036} INFO - Sync 1 DAGs
[2024-01-29T12:59:50.051+0000] {logging_mixin.py:188} INFO - [2024-01-29T12:59:50.051+0000] {dag.py:3823} INFO - Setting next_dagrun for my_dag to 2024-01-29 11:00:00+00:00, run_after=2024-01-29 12:00:00+00:00
[2024-01-29T12:59:50.068+0000] {processor.py:183} INFO - Processing /opt/airflow/dags/djinni_etl.py took 0.079 seconds
[2024-01-29T13:00:20.145+0000] {processor.py:161} INFO - Started process (PID=1042) to work on /opt/airflow/dags/djinni_etl.py
[2024-01-29T13:00:20.147+0000] {processor.py:830} INFO - Processing file /opt/airflow/dags/djinni_etl.py for tasks to queue
[2024-01-29T13:00:20.149+0000] {logging_mixin.py:188} INFO - [2024-01-29T13:00:20.149+0000] {dagbag.py:538} INFO - Filling up the DagBag from /opt/airflow/dags/djinni_etl.py
[2024-01-29T13:00:20.158+0000] {processor.py:840} INFO - DAG(s) 'my_dag' retrieved from /opt/airflow/dags/djinni_etl.py
[2024-01-29T13:00:20.182+0000] {logging_mixin.py:188} INFO - [2024-01-29T13:00:20.181+0000] {dag.py:3036} INFO - Sync 1 DAGs
[2024-01-29T13:00:20.205+0000] {logging_mixin.py:188} INFO - [2024-01-29T13:00:20.205+0000] {dag.py:3823} INFO - Setting next_dagrun for my_dag to 2024-01-29 12:00:00+00:00, run_after=2024-01-29 13:00:00+00:00
[2024-01-29T13:00:20.222+0000] {processor.py:183} INFO - Processing /opt/airflow/dags/djinni_etl.py took 0.085 seconds
[2024-01-29T13:00:50.475+0000] {processor.py:161} INFO - Started process (PID=1098) to work on /opt/airflow/dags/djinni_etl.py
[2024-01-29T13:00:50.477+0000] {processor.py:830} INFO - Processing file /opt/airflow/dags/djinni_etl.py for tasks to queue
[2024-01-29T13:00:50.479+0000] {logging_mixin.py:188} INFO - [2024-01-29T13:00:50.479+0000] {dagbag.py:538} INFO - Filling up the DagBag from /opt/airflow/dags/djinni_etl.py
[2024-01-29T13:00:50.486+0000] {processor.py:840} INFO - DAG(s) 'my_dag' retrieved from /opt/airflow/dags/djinni_etl.py
[2024-01-29T13:00:50.507+0000] {logging_mixin.py:188} INFO - [2024-01-29T13:00:50.506+0000] {dag.py:3036} INFO - Sync 1 DAGs
[2024-01-29T13:00:50.530+0000] {logging_mixin.py:188} INFO - [2024-01-29T13:00:50.530+0000] {dag.py:3823} INFO - Setting next_dagrun for my_dag to 2024-01-29 12:00:00+00:00, run_after=2024-01-29 13:00:00+00:00
[2024-01-29T13:00:50.547+0000] {processor.py:183} INFO - Processing /opt/airflow/dags/djinni_etl.py took 0.075 seconds
[2024-01-29T13:01:20.878+0000] {processor.py:161} INFO - Started process (PID=1153) to work on /opt/airflow/dags/djinni_etl.py
[2024-01-29T13:01:20.879+0000] {processor.py:830} INFO - Processing file /opt/airflow/dags/djinni_etl.py for tasks to queue
[2024-01-29T13:01:20.881+0000] {logging_mixin.py:188} INFO - [2024-01-29T13:01:20.881+0000] {dagbag.py:538} INFO - Filling up the DagBag from /opt/airflow/dags/djinni_etl.py
[2024-01-29T13:01:20.890+0000] {processor.py:840} INFO - DAG(s) 'my_dag' retrieved from /opt/airflow/dags/djinni_etl.py
[2024-01-29T13:01:20.911+0000] {logging_mixin.py:188} INFO - [2024-01-29T13:01:20.911+0000] {dag.py:3036} INFO - Sync 1 DAGs
[2024-01-29T13:01:20.935+0000] {logging_mixin.py:188} INFO - [2024-01-29T13:01:20.935+0000] {dag.py:3823} INFO - Setting next_dagrun for my_dag to 2024-01-29 12:00:00+00:00, run_after=2024-01-29 13:00:00+00:00
[2024-01-29T13:01:20.952+0000] {processor.py:183} INFO - Processing /opt/airflow/dags/djinni_etl.py took 0.078 seconds
[2024-01-29T13:01:51.589+0000] {processor.py:161} INFO - Started process (PID=1209) to work on /opt/airflow/dags/djinni_etl.py
[2024-01-29T13:01:51.591+0000] {processor.py:830} INFO - Processing file /opt/airflow/dags/djinni_etl.py for tasks to queue
[2024-01-29T13:01:51.594+0000] {logging_mixin.py:188} INFO - [2024-01-29T13:01:51.594+0000] {dagbag.py:538} INFO - Filling up the DagBag from /opt/airflow/dags/djinni_etl.py
[2024-01-29T13:01:51.602+0000] {processor.py:840} INFO - DAG(s) 'my_dag' retrieved from /opt/airflow/dags/djinni_etl.py
[2024-01-29T13:01:51.621+0000] {logging_mixin.py:188} INFO - [2024-01-29T13:01:51.621+0000] {dag.py:3036} INFO - Sync 1 DAGs
[2024-01-29T13:01:51.644+0000] {logging_mixin.py:188} INFO - [2024-01-29T13:01:51.644+0000] {dag.py:3823} INFO - Setting next_dagrun for my_dag to 2024-01-29 12:00:00+00:00, run_after=2024-01-29 13:00:00+00:00
[2024-01-29T13:01:51.661+0000] {processor.py:183} INFO - Processing /opt/airflow/dags/djinni_etl.py took 0.081 seconds
[2024-01-29T13:02:21.703+0000] {processor.py:161} INFO - Started process (PID=1266) to work on /opt/airflow/dags/djinni_etl.py
[2024-01-29T13:02:21.704+0000] {processor.py:830} INFO - Processing file /opt/airflow/dags/djinni_etl.py for tasks to queue
[2024-01-29T13:02:21.706+0000] {logging_mixin.py:188} INFO - [2024-01-29T13:02:21.706+0000] {dagbag.py:538} INFO - Filling up the DagBag from /opt/airflow/dags/djinni_etl.py
[2024-01-29T13:02:21.714+0000] {processor.py:840} INFO - DAG(s) 'my_dag' retrieved from /opt/airflow/dags/djinni_etl.py
[2024-01-29T13:02:21.738+0000] {logging_mixin.py:188} INFO - [2024-01-29T13:02:21.738+0000] {dag.py:3036} INFO - Sync 1 DAGs
[2024-01-29T13:02:21.764+0000] {logging_mixin.py:188} INFO - [2024-01-29T13:02:21.764+0000] {dag.py:3823} INFO - Setting next_dagrun for my_dag to 2024-01-29 12:00:00+00:00, run_after=2024-01-29 13:00:00+00:00
[2024-01-29T13:02:21.783+0000] {processor.py:183} INFO - Processing /opt/airflow/dags/djinni_etl.py took 0.084 seconds
[2024-01-29T13:02:51.850+0000] {processor.py:161} INFO - Started process (PID=1322) to work on /opt/airflow/dags/djinni_etl.py
[2024-01-29T13:02:51.852+0000] {processor.py:830} INFO - Processing file /opt/airflow/dags/djinni_etl.py for tasks to queue
[2024-01-29T13:02:51.855+0000] {logging_mixin.py:188} INFO - [2024-01-29T13:02:51.854+0000] {dagbag.py:538} INFO - Filling up the DagBag from /opt/airflow/dags/djinni_etl.py
[2024-01-29T13:02:51.861+0000] {processor.py:840} INFO - DAG(s) 'my_dag' retrieved from /opt/airflow/dags/djinni_etl.py
[2024-01-29T13:02:51.881+0000] {logging_mixin.py:188} INFO - [2024-01-29T13:02:51.880+0000] {dag.py:3036} INFO - Sync 1 DAGs
[2024-01-29T13:02:51.904+0000] {logging_mixin.py:188} INFO - [2024-01-29T13:02:51.904+0000] {dag.py:3823} INFO - Setting next_dagrun for my_dag to 2024-01-29 12:00:00+00:00, run_after=2024-01-29 13:00:00+00:00
[2024-01-29T13:02:51.924+0000] {processor.py:183} INFO - Processing /opt/airflow/dags/djinni_etl.py took 0.078 seconds
[2024-01-29T13:03:22.344+0000] {processor.py:161} INFO - Started process (PID=1378) to work on /opt/airflow/dags/djinni_etl.py
[2024-01-29T13:03:22.345+0000] {processor.py:830} INFO - Processing file /opt/airflow/dags/djinni_etl.py for tasks to queue
[2024-01-29T13:03:22.347+0000] {logging_mixin.py:188} INFO - [2024-01-29T13:03:22.347+0000] {dagbag.py:538} INFO - Filling up the DagBag from /opt/airflow/dags/djinni_etl.py
[2024-01-29T13:03:22.353+0000] {processor.py:840} INFO - DAG(s) 'my_dag' retrieved from /opt/airflow/dags/djinni_etl.py
[2024-01-29T13:03:22.372+0000] {logging_mixin.py:188} INFO - [2024-01-29T13:03:22.371+0000] {dag.py:3036} INFO - Sync 1 DAGs
[2024-01-29T13:03:22.394+0000] {logging_mixin.py:188} INFO - [2024-01-29T13:03:22.394+0000] {dag.py:3823} INFO - Setting next_dagrun for my_dag to 2024-01-29 12:00:00+00:00, run_after=2024-01-29 13:00:00+00:00
[2024-01-29T13:03:22.411+0000] {processor.py:183} INFO - Processing /opt/airflow/dags/djinni_etl.py took 0.070 seconds
[2024-01-29T13:03:52.460+0000] {processor.py:161} INFO - Started process (PID=1434) to work on /opt/airflow/dags/djinni_etl.py
[2024-01-29T13:03:52.461+0000] {processor.py:830} INFO - Processing file /opt/airflow/dags/djinni_etl.py for tasks to queue
[2024-01-29T13:03:52.463+0000] {logging_mixin.py:188} INFO - [2024-01-29T13:03:52.463+0000] {dagbag.py:538} INFO - Filling up the DagBag from /opt/airflow/dags/djinni_etl.py
[2024-01-29T13:03:52.472+0000] {processor.py:840} INFO - DAG(s) 'my_dag' retrieved from /opt/airflow/dags/djinni_etl.py
[2024-01-29T13:03:52.493+0000] {logging_mixin.py:188} INFO - [2024-01-29T13:03:52.493+0000] {dag.py:3036} INFO - Sync 1 DAGs
[2024-01-29T13:03:52.516+0000] {logging_mixin.py:188} INFO - [2024-01-29T13:03:52.516+0000] {dag.py:3823} INFO - Setting next_dagrun for my_dag to 2024-01-29 12:00:00+00:00, run_after=2024-01-29 13:00:00+00:00
[2024-01-29T13:03:52.534+0000] {processor.py:183} INFO - Processing /opt/airflow/dags/djinni_etl.py took 0.078 seconds
[2024-01-29T13:04:22.612+0000] {processor.py:161} INFO - Started process (PID=1489) to work on /opt/airflow/dags/djinni_etl.py
[2024-01-29T13:04:22.613+0000] {processor.py:830} INFO - Processing file /opt/airflow/dags/djinni_etl.py for tasks to queue
[2024-01-29T13:04:22.615+0000] {logging_mixin.py:188} INFO - [2024-01-29T13:04:22.615+0000] {dagbag.py:538} INFO - Filling up the DagBag from /opt/airflow/dags/djinni_etl.py
[2024-01-29T13:04:22.624+0000] {processor.py:840} INFO - DAG(s) 'my_dag' retrieved from /opt/airflow/dags/djinni_etl.py
[2024-01-29T13:04:22.645+0000] {logging_mixin.py:188} INFO - [2024-01-29T13:04:22.645+0000] {dag.py:3036} INFO - Sync 1 DAGs
[2024-01-29T13:04:22.669+0000] {logging_mixin.py:188} INFO - [2024-01-29T13:04:22.669+0000] {dag.py:3823} INFO - Setting next_dagrun for my_dag to 2024-01-29 12:00:00+00:00, run_after=2024-01-29 13:00:00+00:00
[2024-01-29T13:04:22.687+0000] {processor.py:183} INFO - Processing /opt/airflow/dags/djinni_etl.py took 0.079 seconds
[2024-01-29T13:04:52.825+0000] {processor.py:161} INFO - Started process (PID=1545) to work on /opt/airflow/dags/djinni_etl.py
[2024-01-29T13:04:52.827+0000] {processor.py:830} INFO - Processing file /opt/airflow/dags/djinni_etl.py for tasks to queue
[2024-01-29T13:04:52.829+0000] {logging_mixin.py:188} INFO - [2024-01-29T13:04:52.829+0000] {dagbag.py:538} INFO - Filling up the DagBag from /opt/airflow/dags/djinni_etl.py
[2024-01-29T13:04:52.838+0000] {processor.py:840} INFO - DAG(s) 'my_dag' retrieved from /opt/airflow/dags/djinni_etl.py
[2024-01-29T13:04:52.858+0000] {logging_mixin.py:188} INFO - [2024-01-29T13:04:52.858+0000] {dag.py:3036} INFO - Sync 1 DAGs
[2024-01-29T13:04:52.882+0000] {logging_mixin.py:188} INFO - [2024-01-29T13:04:52.882+0000] {dag.py:3823} INFO - Setting next_dagrun for my_dag to 2024-01-29 12:00:00+00:00, run_after=2024-01-29 13:00:00+00:00
[2024-01-29T13:04:52.900+0000] {processor.py:183} INFO - Processing /opt/airflow/dags/djinni_etl.py took 0.082 seconds
[2024-01-29T13:05:23.037+0000] {processor.py:161} INFO - Started process (PID=1602) to work on /opt/airflow/dags/djinni_etl.py
[2024-01-29T13:05:23.037+0000] {processor.py:830} INFO - Processing file /opt/airflow/dags/djinni_etl.py for tasks to queue
[2024-01-29T13:05:23.039+0000] {logging_mixin.py:188} INFO - [2024-01-29T13:05:23.039+0000] {dagbag.py:538} INFO - Filling up the DagBag from /opt/airflow/dags/djinni_etl.py
[2024-01-29T13:05:23.046+0000] {processor.py:840} INFO - DAG(s) 'my_dag' retrieved from /opt/airflow/dags/djinni_etl.py
[2024-01-29T13:05:23.065+0000] {logging_mixin.py:188} INFO - [2024-01-29T13:05:23.064+0000] {dag.py:3036} INFO - Sync 1 DAGs
[2024-01-29T13:05:23.088+0000] {logging_mixin.py:188} INFO - [2024-01-29T13:05:23.088+0000] {dag.py:3823} INFO - Setting next_dagrun for my_dag to 2024-01-29 12:00:00+00:00, run_after=2024-01-29 13:00:00+00:00
[2024-01-29T13:05:23.107+0000] {processor.py:183} INFO - Processing /opt/airflow/dags/djinni_etl.py took 0.074 seconds
[2024-01-29T13:05:53.171+0000] {processor.py:161} INFO - Started process (PID=1658) to work on /opt/airflow/dags/djinni_etl.py
[2024-01-29T13:05:53.171+0000] {processor.py:830} INFO - Processing file /opt/airflow/dags/djinni_etl.py for tasks to queue
[2024-01-29T13:05:53.173+0000] {logging_mixin.py:188} INFO - [2024-01-29T13:05:53.173+0000] {dagbag.py:538} INFO - Filling up the DagBag from /opt/airflow/dags/djinni_etl.py
[2024-01-29T13:05:53.180+0000] {processor.py:840} INFO - DAG(s) 'my_dag' retrieved from /opt/airflow/dags/djinni_etl.py
[2024-01-29T13:05:53.201+0000] {logging_mixin.py:188} INFO - [2024-01-29T13:05:53.201+0000] {dag.py:3036} INFO - Sync 1 DAGs
[2024-01-29T13:05:53.225+0000] {logging_mixin.py:188} INFO - [2024-01-29T13:05:53.225+0000] {dag.py:3823} INFO - Setting next_dagrun for my_dag to 2024-01-29 12:00:00+00:00, run_after=2024-01-29 13:00:00+00:00
[2024-01-29T13:05:53.242+0000] {processor.py:183} INFO - Processing /opt/airflow/dags/djinni_etl.py took 0.075 seconds
[2024-01-29T13:06:23.312+0000] {processor.py:161} INFO - Started process (PID=1714) to work on /opt/airflow/dags/djinni_etl.py
[2024-01-29T13:06:23.314+0000] {processor.py:830} INFO - Processing file /opt/airflow/dags/djinni_etl.py for tasks to queue
[2024-01-29T13:06:23.317+0000] {logging_mixin.py:188} INFO - [2024-01-29T13:06:23.316+0000] {dagbag.py:538} INFO - Filling up the DagBag from /opt/airflow/dags/djinni_etl.py
[2024-01-29T13:06:23.326+0000] {processor.py:840} INFO - DAG(s) 'my_dag' retrieved from /opt/airflow/dags/djinni_etl.py
[2024-01-29T13:06:23.347+0000] {logging_mixin.py:188} INFO - [2024-01-29T13:06:23.346+0000] {dag.py:3036} INFO - Sync 1 DAGs
[2024-01-29T13:06:23.372+0000] {logging_mixin.py:188} INFO - [2024-01-29T13:06:23.372+0000] {dag.py:3823} INFO - Setting next_dagrun for my_dag to 2024-01-29 12:00:00+00:00, run_after=2024-01-29 13:00:00+00:00
[2024-01-29T13:06:23.391+0000] {processor.py:183} INFO - Processing /opt/airflow/dags/djinni_etl.py took 0.085 seconds
[2024-01-29T13:06:53.541+0000] {processor.py:161} INFO - Started process (PID=1770) to work on /opt/airflow/dags/djinni_etl.py
[2024-01-29T13:06:53.543+0000] {processor.py:830} INFO - Processing file /opt/airflow/dags/djinni_etl.py for tasks to queue
[2024-01-29T13:06:53.545+0000] {logging_mixin.py:188} INFO - [2024-01-29T13:06:53.545+0000] {dagbag.py:538} INFO - Filling up the DagBag from /opt/airflow/dags/djinni_etl.py
[2024-01-29T13:06:53.554+0000] {processor.py:840} INFO - DAG(s) 'my_dag' retrieved from /opt/airflow/dags/djinni_etl.py
[2024-01-29T13:06:53.579+0000] {logging_mixin.py:188} INFO - [2024-01-29T13:06:53.579+0000] {dag.py:3036} INFO - Sync 1 DAGs
[2024-01-29T13:06:53.614+0000] {logging_mixin.py:188} INFO - [2024-01-29T13:06:53.614+0000] {dag.py:3823} INFO - Setting next_dagrun for my_dag to 2024-01-29 12:00:00+00:00, run_after=2024-01-29 13:00:00+00:00
[2024-01-29T13:06:53.635+0000] {processor.py:183} INFO - Processing /opt/airflow/dags/djinni_etl.py took 0.098 seconds
[2024-01-29T13:07:24.478+0000] {processor.py:161} INFO - Started process (PID=1826) to work on /opt/airflow/dags/djinni_etl.py
[2024-01-29T13:07:24.479+0000] {processor.py:830} INFO - Processing file /opt/airflow/dags/djinni_etl.py for tasks to queue
[2024-01-29T13:07:24.480+0000] {logging_mixin.py:188} INFO - [2024-01-29T13:07:24.480+0000] {dagbag.py:538} INFO - Filling up the DagBag from /opt/airflow/dags/djinni_etl.py
[2024-01-29T13:07:24.487+0000] {processor.py:840} INFO - DAG(s) 'my_dag' retrieved from /opt/airflow/dags/djinni_etl.py
[2024-01-29T13:07:24.506+0000] {logging_mixin.py:188} INFO - [2024-01-29T13:07:24.506+0000] {dag.py:3036} INFO - Sync 1 DAGs
[2024-01-29T13:07:24.529+0000] {logging_mixin.py:188} INFO - [2024-01-29T13:07:24.529+0000] {dag.py:3823} INFO - Setting next_dagrun for my_dag to 2024-01-29 12:00:00+00:00, run_after=2024-01-29 13:00:00+00:00
[2024-01-29T13:07:24.548+0000] {processor.py:183} INFO - Processing /opt/airflow/dags/djinni_etl.py took 0.074 seconds
[2024-01-29T13:07:55.232+0000] {processor.py:161} INFO - Started process (PID=1883) to work on /opt/airflow/dags/djinni_etl.py
[2024-01-29T13:07:55.234+0000] {processor.py:830} INFO - Processing file /opt/airflow/dags/djinni_etl.py for tasks to queue
[2024-01-29T13:07:55.237+0000] {logging_mixin.py:188} INFO - [2024-01-29T13:07:55.236+0000] {dagbag.py:538} INFO - Filling up the DagBag from /opt/airflow/dags/djinni_etl.py
[2024-01-29T13:07:55.247+0000] {processor.py:840} INFO - DAG(s) 'my_dag' retrieved from /opt/airflow/dags/djinni_etl.py
[2024-01-29T13:07:55.268+0000] {logging_mixin.py:188} INFO - [2024-01-29T13:07:55.268+0000] {dag.py:3036} INFO - Sync 1 DAGs
[2024-01-29T13:07:55.291+0000] {logging_mixin.py:188} INFO - [2024-01-29T13:07:55.291+0000] {dag.py:3823} INFO - Setting next_dagrun for my_dag to 2024-01-29 12:00:00+00:00, run_after=2024-01-29 13:00:00+00:00
[2024-01-29T13:07:55.309+0000] {processor.py:183} INFO - Processing /opt/airflow/dags/djinni_etl.py took 0.083 seconds
[2024-01-29T13:08:25.952+0000] {processor.py:161} INFO - Started process (PID=1939) to work on /opt/airflow/dags/djinni_etl.py
[2024-01-29T13:08:25.954+0000] {processor.py:830} INFO - Processing file /opt/airflow/dags/djinni_etl.py for tasks to queue
[2024-01-29T13:08:25.956+0000] {logging_mixin.py:188} INFO - [2024-01-29T13:08:25.956+0000] {dagbag.py:538} INFO - Filling up the DagBag from /opt/airflow/dags/djinni_etl.py
[2024-01-29T13:08:25.966+0000] {processor.py:840} INFO - DAG(s) 'my_dag' retrieved from /opt/airflow/dags/djinni_etl.py
[2024-01-29T13:08:25.987+0000] {logging_mixin.py:188} INFO - [2024-01-29T13:08:25.986+0000] {dag.py:3036} INFO - Sync 1 DAGs
[2024-01-29T13:08:26.011+0000] {logging_mixin.py:188} INFO - [2024-01-29T13:08:26.011+0000] {dag.py:3823} INFO - Setting next_dagrun for my_dag to 2024-01-29 12:00:00+00:00, run_after=2024-01-29 13:00:00+00:00
[2024-01-29T13:08:26.028+0000] {processor.py:183} INFO - Processing /opt/airflow/dags/djinni_etl.py took 0.085 seconds
[2024-01-29T13:08:56.085+0000] {processor.py:161} INFO - Started process (PID=1995) to work on /opt/airflow/dags/djinni_etl.py
[2024-01-29T13:08:56.087+0000] {processor.py:830} INFO - Processing file /opt/airflow/dags/djinni_etl.py for tasks to queue
[2024-01-29T13:08:56.089+0000] {logging_mixin.py:188} INFO - [2024-01-29T13:08:56.089+0000] {dagbag.py:538} INFO - Filling up the DagBag from /opt/airflow/dags/djinni_etl.py
[2024-01-29T13:08:56.099+0000] {processor.py:840} INFO - DAG(s) 'my_dag' retrieved from /opt/airflow/dags/djinni_etl.py
[2024-01-29T13:08:56.120+0000] {logging_mixin.py:188} INFO - [2024-01-29T13:08:56.120+0000] {dag.py:3036} INFO - Sync 1 DAGs
[2024-01-29T13:08:56.145+0000] {logging_mixin.py:188} INFO - [2024-01-29T13:08:56.145+0000] {dag.py:3823} INFO - Setting next_dagrun for my_dag to 2024-01-29 12:00:00+00:00, run_after=2024-01-29 13:00:00+00:00
[2024-01-29T13:08:56.162+0000] {processor.py:183} INFO - Processing /opt/airflow/dags/djinni_etl.py took 0.084 seconds
[2024-01-29T13:09:26.971+0000] {processor.py:161} INFO - Started process (PID=2051) to work on /opt/airflow/dags/djinni_etl.py
[2024-01-29T13:09:26.972+0000] {processor.py:830} INFO - Processing file /opt/airflow/dags/djinni_etl.py for tasks to queue
[2024-01-29T13:09:26.974+0000] {logging_mixin.py:188} INFO - [2024-01-29T13:09:26.974+0000] {dagbag.py:538} INFO - Filling up the DagBag from /opt/airflow/dags/djinni_etl.py
[2024-01-29T13:09:26.981+0000] {processor.py:840} INFO - DAG(s) 'my_dag' retrieved from /opt/airflow/dags/djinni_etl.py
[2024-01-29T13:09:27.000+0000] {logging_mixin.py:188} INFO - [2024-01-29T13:09:27.000+0000] {dag.py:3036} INFO - Sync 1 DAGs
[2024-01-29T13:09:27.023+0000] {logging_mixin.py:188} INFO - [2024-01-29T13:09:27.023+0000] {dag.py:3823} INFO - Setting next_dagrun for my_dag to 2024-01-29 12:00:00+00:00, run_after=2024-01-29 13:00:00+00:00
[2024-01-29T13:09:27.040+0000] {processor.py:183} INFO - Processing /opt/airflow/dags/djinni_etl.py took 0.073 seconds
[2024-01-29T13:09:57.926+0000] {processor.py:161} INFO - Started process (PID=2107) to work on /opt/airflow/dags/djinni_etl.py
[2024-01-29T13:09:57.927+0000] {processor.py:830} INFO - Processing file /opt/airflow/dags/djinni_etl.py for tasks to queue
[2024-01-29T13:09:57.929+0000] {logging_mixin.py:188} INFO - [2024-01-29T13:09:57.928+0000] {dagbag.py:538} INFO - Filling up the DagBag from /opt/airflow/dags/djinni_etl.py
[2024-01-29T13:09:57.935+0000] {processor.py:840} INFO - DAG(s) 'my_dag' retrieved from /opt/airflow/dags/djinni_etl.py
[2024-01-29T13:09:57.955+0000] {logging_mixin.py:188} INFO - [2024-01-29T13:09:57.955+0000] {dag.py:3036} INFO - Sync 1 DAGs
[2024-01-29T13:09:57.978+0000] {logging_mixin.py:188} INFO - [2024-01-29T13:09:57.978+0000] {dag.py:3823} INFO - Setting next_dagrun for my_dag to 2024-01-29 12:00:00+00:00, run_after=2024-01-29 13:00:00+00:00
[2024-01-29T13:09:57.995+0000] {processor.py:183} INFO - Processing /opt/airflow/dags/djinni_etl.py took 0.071 seconds
[2024-01-29T13:10:28.826+0000] {processor.py:161} INFO - Started process (PID=2163) to work on /opt/airflow/dags/djinni_etl.py
[2024-01-29T13:10:28.829+0000] {processor.py:830} INFO - Processing file /opt/airflow/dags/djinni_etl.py for tasks to queue
[2024-01-29T13:10:28.831+0000] {logging_mixin.py:188} INFO - [2024-01-29T13:10:28.831+0000] {dagbag.py:538} INFO - Filling up the DagBag from /opt/airflow/dags/djinni_etl.py
[2024-01-29T13:10:28.841+0000] {processor.py:840} INFO - DAG(s) 'my_dag' retrieved from /opt/airflow/dags/djinni_etl.py
[2024-01-29T13:10:28.863+0000] {logging_mixin.py:188} INFO - [2024-01-29T13:10:28.863+0000] {dag.py:3036} INFO - Sync 1 DAGs
[2024-01-29T13:10:28.899+0000] {logging_mixin.py:188} INFO - [2024-01-29T13:10:28.899+0000] {dag.py:3823} INFO - Setting next_dagrun for my_dag to 2024-01-29 12:00:00+00:00, run_after=2024-01-29 13:00:00+00:00
[2024-01-29T13:10:28.923+0000] {processor.py:183} INFO - Processing /opt/airflow/dags/djinni_etl.py took 0.104 seconds
[2024-01-29T13:10:59.609+0000] {processor.py:161} INFO - Started process (PID=2219) to work on /opt/airflow/dags/djinni_etl.py
[2024-01-29T13:10:59.610+0000] {processor.py:830} INFO - Processing file /opt/airflow/dags/djinni_etl.py for tasks to queue
[2024-01-29T13:10:59.612+0000] {logging_mixin.py:188} INFO - [2024-01-29T13:10:59.612+0000] {dagbag.py:538} INFO - Filling up the DagBag from /opt/airflow/dags/djinni_etl.py
[2024-01-29T13:10:59.621+0000] {processor.py:840} INFO - DAG(s) 'my_dag' retrieved from /opt/airflow/dags/djinni_etl.py
[2024-01-29T13:10:59.641+0000] {logging_mixin.py:188} INFO - [2024-01-29T13:10:59.641+0000] {dag.py:3036} INFO - Sync 1 DAGs
[2024-01-29T13:10:59.665+0000] {logging_mixin.py:188} INFO - [2024-01-29T13:10:59.665+0000] {dag.py:3823} INFO - Setting next_dagrun for my_dag to 2024-01-29 12:00:00+00:00, run_after=2024-01-29 13:00:00+00:00
[2024-01-29T13:10:59.682+0000] {processor.py:183} INFO - Processing /opt/airflow/dags/djinni_etl.py took 0.078 seconds
[2024-01-29T13:11:29.751+0000] {processor.py:161} INFO - Started process (PID=2275) to work on /opt/airflow/dags/djinni_etl.py
[2024-01-29T13:11:29.753+0000] {processor.py:830} INFO - Processing file /opt/airflow/dags/djinni_etl.py for tasks to queue
[2024-01-29T13:11:29.756+0000] {logging_mixin.py:188} INFO - [2024-01-29T13:11:29.756+0000] {dagbag.py:538} INFO - Filling up the DagBag from /opt/airflow/dags/djinni_etl.py
[2024-01-29T13:11:29.764+0000] {processor.py:840} INFO - DAG(s) 'my_dag' retrieved from /opt/airflow/dags/djinni_etl.py
[2024-01-29T13:11:29.784+0000] {logging_mixin.py:188} INFO - [2024-01-29T13:11:29.784+0000] {dag.py:3036} INFO - Sync 1 DAGs
[2024-01-29T13:11:29.807+0000] {logging_mixin.py:188} INFO - [2024-01-29T13:11:29.807+0000] {dag.py:3823} INFO - Setting next_dagrun for my_dag to 2024-01-29 12:00:00+00:00, run_after=2024-01-29 13:00:00+00:00
[2024-01-29T13:11:29.824+0000] {processor.py:183} INFO - Processing /opt/airflow/dags/djinni_etl.py took 0.082 seconds
[2024-01-29T13:11:59.865+0000] {processor.py:161} INFO - Started process (PID=2331) to work on /opt/airflow/dags/djinni_etl.py
[2024-01-29T13:11:59.866+0000] {processor.py:830} INFO - Processing file /opt/airflow/dags/djinni_etl.py for tasks to queue
[2024-01-29T13:11:59.867+0000] {logging_mixin.py:188} INFO - [2024-01-29T13:11:59.867+0000] {dagbag.py:538} INFO - Filling up the DagBag from /opt/airflow/dags/djinni_etl.py
[2024-01-29T13:11:59.874+0000] {processor.py:840} INFO - DAG(s) 'my_dag' retrieved from /opt/airflow/dags/djinni_etl.py
[2024-01-29T13:11:59.892+0000] {logging_mixin.py:188} INFO - [2024-01-29T13:11:59.891+0000] {dag.py:3036} INFO - Sync 1 DAGs
[2024-01-29T13:11:59.914+0000] {logging_mixin.py:188} INFO - [2024-01-29T13:11:59.914+0000] {dag.py:3823} INFO - Setting next_dagrun for my_dag to 2024-01-29 12:00:00+00:00, run_after=2024-01-29 13:00:00+00:00
[2024-01-29T13:11:59.931+0000] {processor.py:183} INFO - Processing /opt/airflow/dags/djinni_etl.py took 0.069 seconds
[2024-01-29T13:17:23.393+0000] {processor.py:161} INFO - Started process (PID=2384) to work on /opt/airflow/dags/djinni_etl.py
[2024-01-29T13:17:23.401+0000] {processor.py:830} INFO - Processing file /opt/airflow/dags/djinni_etl.py for tasks to queue
[2024-01-29T13:17:23.404+0000] {logging_mixin.py:188} INFO - [2024-01-29T13:17:23.403+0000] {dagbag.py:538} INFO - Filling up the DagBag from /opt/airflow/dags/djinni_etl.py
[2024-01-29T13:17:23.415+0000] {processor.py:840} INFO - DAG(s) 'my_dag' retrieved from /opt/airflow/dags/djinni_etl.py
[2024-01-29T13:17:23.439+0000] {logging_mixin.py:188} INFO - [2024-01-29T13:17:23.439+0000] {dag.py:3036} INFO - Sync 1 DAGs
[2024-01-29T13:17:23.473+0000] {logging_mixin.py:188} INFO - [2024-01-29T13:17:23.473+0000] {dag.py:3823} INFO - Setting next_dagrun for my_dag to 2024-01-29 12:00:00+00:00, run_after=2024-01-29 13:00:00+00:00
[2024-01-29T13:17:23.495+0000] {processor.py:183} INFO - Processing /opt/airflow/dags/djinni_etl.py took 0.109 seconds
[2024-01-29T13:17:53.565+0000] {processor.py:161} INFO - Started process (PID=2440) to work on /opt/airflow/dags/djinni_etl.py
[2024-01-29T13:17:53.566+0000] {processor.py:830} INFO - Processing file /opt/airflow/dags/djinni_etl.py for tasks to queue
[2024-01-29T13:17:53.569+0000] {logging_mixin.py:188} INFO - [2024-01-29T13:17:53.568+0000] {dagbag.py:538} INFO - Filling up the DagBag from /opt/airflow/dags/djinni_etl.py
[2024-01-29T13:17:53.577+0000] {processor.py:840} INFO - DAG(s) 'my_dag' retrieved from /opt/airflow/dags/djinni_etl.py
[2024-01-29T13:17:53.596+0000] {logging_mixin.py:188} INFO - [2024-01-29T13:17:53.596+0000] {dag.py:3036} INFO - Sync 1 DAGs
[2024-01-29T13:17:53.621+0000] {logging_mixin.py:188} INFO - [2024-01-29T13:17:53.620+0000] {dag.py:3823} INFO - Setting next_dagrun for my_dag to 2024-01-29 13:00:00+00:00, run_after=2024-01-29 14:00:00+00:00
[2024-01-29T13:17:53.640+0000] {processor.py:183} INFO - Processing /opt/airflow/dags/djinni_etl.py took 0.082 seconds
[2024-01-29T13:18:23.750+0000] {processor.py:161} INFO - Started process (PID=2496) to work on /opt/airflow/dags/djinni_etl.py
[2024-01-29T13:18:23.752+0000] {processor.py:830} INFO - Processing file /opt/airflow/dags/djinni_etl.py for tasks to queue
[2024-01-29T13:18:23.755+0000] {logging_mixin.py:188} INFO - [2024-01-29T13:18:23.755+0000] {dagbag.py:538} INFO - Filling up the DagBag from /opt/airflow/dags/djinni_etl.py
[2024-01-29T13:18:23.764+0000] {processor.py:840} INFO - DAG(s) 'my_dag' retrieved from /opt/airflow/dags/djinni_etl.py
[2024-01-29T13:18:23.785+0000] {logging_mixin.py:188} INFO - [2024-01-29T13:18:23.784+0000] {dag.py:3036} INFO - Sync 1 DAGs
[2024-01-29T13:18:23.809+0000] {logging_mixin.py:188} INFO - [2024-01-29T13:18:23.809+0000] {dag.py:3823} INFO - Setting next_dagrun for my_dag to 2024-01-29 13:00:00+00:00, run_after=2024-01-29 14:00:00+00:00
[2024-01-29T13:18:23.826+0000] {processor.py:183} INFO - Processing /opt/airflow/dags/djinni_etl.py took 0.082 seconds
