[2024-02-07T14:34:00.535+0000] {processor.py:161} INFO - Started process (PID=35) to work on /opt/airflow/dags/djinni_etl_dag.py
[2024-02-07T14:34:00.536+0000] {processor.py:830} INFO - Processing file /opt/airflow/dags/djinni_etl_dag.py for tasks to queue
[2024-02-07T14:34:00.538+0000] {logging_mixin.py:188} INFO - [2024-02-07T14:34:00.538+0000] {dagbag.py:538} INFO - Filling up the DagBag from /opt/airflow/dags/djinni_etl_dag.py
[2024-02-07T14:34:02.432+0000] {processor.py:840} INFO - DAG(s) 'djinni_etl' retrieved from /opt/airflow/dags/djinni_etl_dag.py
[2024-02-07T14:34:02.753+0000] {logging_mixin.py:188} INFO - [2024-02-07T14:34:02.752+0000] {dag.py:3036} INFO - Sync 1 DAGs
[2024-02-07T14:34:02.767+0000] {logging_mixin.py:188} INFO - [2024-02-07T14:34:02.766+0000] {dag.py:3058} INFO - Creating ORM DAG for djinni_etl
[2024-02-07T14:34:02.786+0000] {logging_mixin.py:188} INFO - [2024-02-07T14:34:02.786+0000] {dag.py:3823} INFO - Setting next_dagrun for djinni_etl to 2024-02-07 13:00:00+00:00, run_after=2024-02-07 14:00:00+00:00
[2024-02-07T14:34:02.819+0000] {processor.py:183} INFO - Processing /opt/airflow/dags/djinni_etl_dag.py took 2.290 seconds
[2024-02-07T14:34:33.018+0000] {processor.py:161} INFO - Started process (PID=107) to work on /opt/airflow/dags/djinni_etl_dag.py
[2024-02-07T14:34:33.019+0000] {processor.py:830} INFO - Processing file /opt/airflow/dags/djinni_etl_dag.py for tasks to queue
[2024-02-07T14:34:33.022+0000] {logging_mixin.py:188} INFO - [2024-02-07T14:34:33.021+0000] {dagbag.py:538} INFO - Filling up the DagBag from /opt/airflow/dags/djinni_etl_dag.py
[2024-02-07T14:34:33.795+0000] {processor.py:840} INFO - DAG(s) 'djinni_etl' retrieved from /opt/airflow/dags/djinni_etl_dag.py
[2024-02-07T14:34:33.821+0000] {logging_mixin.py:188} INFO - [2024-02-07T14:34:33.820+0000] {dag.py:3036} INFO - Sync 1 DAGs
[2024-02-07T14:34:33.871+0000] {logging_mixin.py:188} INFO - [2024-02-07T14:34:33.871+0000] {dag.py:3823} INFO - Setting next_dagrun for djinni_etl to 2024-02-07 13:00:00+00:00, run_after=2024-02-07 14:00:00+00:00
[2024-02-07T14:34:33.903+0000] {processor.py:183} INFO - Processing /opt/airflow/dags/djinni_etl_dag.py took 0.889 seconds
[2024-02-07T14:35:04.101+0000] {processor.py:161} INFO - Started process (PID=166) to work on /opt/airflow/dags/djinni_etl_dag.py
[2024-02-07T14:35:04.102+0000] {processor.py:830} INFO - Processing file /opt/airflow/dags/djinni_etl_dag.py for tasks to queue
[2024-02-07T14:35:04.103+0000] {logging_mixin.py:188} INFO - [2024-02-07T14:35:04.103+0000] {dagbag.py:538} INFO - Filling up the DagBag from /opt/airflow/dags/djinni_etl_dag.py
[2024-02-07T14:35:04.594+0000] {processor.py:840} INFO - DAG(s) 'djinni_etl' retrieved from /opt/airflow/dags/djinni_etl_dag.py
[2024-02-07T14:35:04.609+0000] {logging_mixin.py:188} INFO - [2024-02-07T14:35:04.608+0000] {dag.py:3036} INFO - Sync 1 DAGs
[2024-02-07T14:35:04.631+0000] {logging_mixin.py:188} INFO - [2024-02-07T14:35:04.630+0000] {dag.py:3823} INFO - Setting next_dagrun for djinni_etl to 2024-02-07 13:00:00+00:00, run_after=2024-02-07 14:00:00+00:00
[2024-02-07T14:35:04.660+0000] {processor.py:183} INFO - Processing /opt/airflow/dags/djinni_etl_dag.py took 0.562 seconds
[2024-02-07T14:35:34.702+0000] {processor.py:161} INFO - Started process (PID=224) to work on /opt/airflow/dags/djinni_etl_dag.py
[2024-02-07T14:35:34.703+0000] {processor.py:830} INFO - Processing file /opt/airflow/dags/djinni_etl_dag.py for tasks to queue
[2024-02-07T14:35:34.704+0000] {logging_mixin.py:188} INFO - [2024-02-07T14:35:34.704+0000] {dagbag.py:538} INFO - Filling up the DagBag from /opt/airflow/dags/djinni_etl_dag.py
[2024-02-07T14:35:35.199+0000] {processor.py:840} INFO - DAG(s) 'djinni_etl' retrieved from /opt/airflow/dags/djinni_etl_dag.py
[2024-02-07T14:35:35.214+0000] {logging_mixin.py:188} INFO - [2024-02-07T14:35:35.214+0000] {dag.py:3036} INFO - Sync 1 DAGs
[2024-02-07T14:35:35.234+0000] {logging_mixin.py:188} INFO - [2024-02-07T14:35:35.233+0000] {dag.py:3823} INFO - Setting next_dagrun for djinni_etl to 2024-02-07 13:00:00+00:00, run_after=2024-02-07 14:00:00+00:00
[2024-02-07T14:35:35.251+0000] {processor.py:183} INFO - Processing /opt/airflow/dags/djinni_etl_dag.py took 0.553 seconds
[2024-02-07T14:43:05.231+0000] {processor.py:161} INFO - Started process (PID=35) to work on /opt/airflow/dags/djinni_etl_dag.py
[2024-02-07T14:43:05.232+0000] {processor.py:830} INFO - Processing file /opt/airflow/dags/djinni_etl_dag.py for tasks to queue
[2024-02-07T14:43:05.234+0000] {logging_mixin.py:188} INFO - [2024-02-07T14:43:05.234+0000] {dagbag.py:538} INFO - Filling up the DagBag from /opt/airflow/dags/djinni_etl_dag.py
[2024-02-07T14:43:07.006+0000] {processor.py:840} INFO - DAG(s) 'djinni_etl' retrieved from /opt/airflow/dags/djinni_etl_dag.py
[2024-02-07T14:43:07.267+0000] {logging_mixin.py:188} INFO - [2024-02-07T14:43:07.266+0000] {dag.py:3036} INFO - Sync 1 DAGs
[2024-02-07T14:43:07.311+0000] {logging_mixin.py:188} INFO - [2024-02-07T14:43:07.310+0000] {dag.py:3823} INFO - Setting next_dagrun for djinni_etl to 2024-02-07 13:00:00+00:00, run_after=2024-02-07 14:00:00+00:00
[2024-02-07T14:43:07.342+0000] {processor.py:183} INFO - Processing /opt/airflow/dags/djinni_etl_dag.py took 2.113 seconds
[2024-02-07T14:43:37.454+0000] {processor.py:161} INFO - Started process (PID=107) to work on /opt/airflow/dags/djinni_etl_dag.py
[2024-02-07T14:43:37.455+0000] {processor.py:830} INFO - Processing file /opt/airflow/dags/djinni_etl_dag.py for tasks to queue
[2024-02-07T14:43:37.457+0000] {logging_mixin.py:188} INFO - [2024-02-07T14:43:37.456+0000] {dagbag.py:538} INFO - Filling up the DagBag from /opt/airflow/dags/djinni_etl_dag.py
[2024-02-07T14:43:38.402+0000] {processor.py:840} INFO - DAG(s) 'djinni_etl' retrieved from /opt/airflow/dags/djinni_etl_dag.py
[2024-02-07T14:43:38.421+0000] {logging_mixin.py:188} INFO - [2024-02-07T14:43:38.420+0000] {dag.py:3036} INFO - Sync 1 DAGs
[2024-02-07T14:43:38.442+0000] {logging_mixin.py:188} INFO - [2024-02-07T14:43:38.441+0000] {dag.py:3823} INFO - Setting next_dagrun for djinni_etl to 2024-02-07 13:00:00+00:00, run_after=2024-02-07 14:00:00+00:00
[2024-02-07T14:43:38.459+0000] {processor.py:183} INFO - Processing /opt/airflow/dags/djinni_etl_dag.py took 1.010 seconds
[2024-02-07T14:44:08.528+0000] {processor.py:161} INFO - Started process (PID=163) to work on /opt/airflow/dags/djinni_etl_dag.py
[2024-02-07T14:44:08.529+0000] {processor.py:830} INFO - Processing file /opt/airflow/dags/djinni_etl_dag.py for tasks to queue
[2024-02-07T14:44:08.532+0000] {logging_mixin.py:188} INFO - [2024-02-07T14:44:08.531+0000] {dagbag.py:538} INFO - Filling up the DagBag from /opt/airflow/dags/djinni_etl_dag.py
[2024-02-07T14:44:09.076+0000] {processor.py:840} INFO - DAG(s) 'djinni_etl' retrieved from /opt/airflow/dags/djinni_etl_dag.py
[2024-02-07T14:44:09.094+0000] {logging_mixin.py:188} INFO - [2024-02-07T14:44:09.093+0000] {dag.py:3036} INFO - Sync 1 DAGs
[2024-02-07T14:44:09.116+0000] {logging_mixin.py:188} INFO - [2024-02-07T14:44:09.115+0000] {dag.py:3823} INFO - Setting next_dagrun for djinni_etl to 2024-02-07 13:00:00+00:00, run_after=2024-02-07 14:00:00+00:00
[2024-02-07T14:44:09.132+0000] {processor.py:183} INFO - Processing /opt/airflow/dags/djinni_etl_dag.py took 0.610 seconds
[2024-02-07T14:44:39.210+0000] {processor.py:161} INFO - Started process (PID=225) to work on /opt/airflow/dags/djinni_etl_dag.py
[2024-02-07T14:44:39.211+0000] {processor.py:830} INFO - Processing file /opt/airflow/dags/djinni_etl_dag.py for tasks to queue
[2024-02-07T14:44:39.213+0000] {logging_mixin.py:188} INFO - [2024-02-07T14:44:39.213+0000] {dagbag.py:538} INFO - Filling up the DagBag from /opt/airflow/dags/djinni_etl_dag.py
[2024-02-07T14:44:40.017+0000] {processor.py:840} INFO - DAG(s) 'djinni_etl' retrieved from /opt/airflow/dags/djinni_etl_dag.py
[2024-02-07T14:44:40.033+0000] {logging_mixin.py:188} INFO - [2024-02-07T14:44:40.033+0000] {dag.py:3036} INFO - Sync 1 DAGs
[2024-02-07T14:44:40.055+0000] {logging_mixin.py:188} INFO - [2024-02-07T14:44:40.055+0000] {dag.py:3823} INFO - Setting next_dagrun for djinni_etl to 2024-02-07 13:00:00+00:00, run_after=2024-02-07 14:00:00+00:00
[2024-02-07T14:44:40.074+0000] {processor.py:183} INFO - Processing /opt/airflow/dags/djinni_etl_dag.py took 0.867 seconds
[2024-02-07T14:45:10.436+0000] {processor.py:161} INFO - Started process (PID=283) to work on /opt/airflow/dags/djinni_etl_dag.py
[2024-02-07T14:45:10.438+0000] {processor.py:830} INFO - Processing file /opt/airflow/dags/djinni_etl_dag.py for tasks to queue
[2024-02-07T14:45:10.441+0000] {logging_mixin.py:188} INFO - [2024-02-07T14:45:10.440+0000] {dagbag.py:538} INFO - Filling up the DagBag from /opt/airflow/dags/djinni_etl_dag.py
[2024-02-07T14:45:10.975+0000] {processor.py:840} INFO - DAG(s) 'djinni_etl' retrieved from /opt/airflow/dags/djinni_etl_dag.py
[2024-02-07T14:45:10.991+0000] {logging_mixin.py:188} INFO - [2024-02-07T14:45:10.990+0000] {dag.py:3036} INFO - Sync 1 DAGs
[2024-02-07T14:45:11.011+0000] {logging_mixin.py:188} INFO - [2024-02-07T14:45:11.010+0000] {dag.py:3823} INFO - Setting next_dagrun for djinni_etl to 2024-02-07 13:00:00+00:00, run_after=2024-02-07 14:00:00+00:00
[2024-02-07T14:45:11.026+0000] {processor.py:183} INFO - Processing /opt/airflow/dags/djinni_etl_dag.py took 0.596 seconds
[2024-02-07T14:45:41.223+0000] {processor.py:161} INFO - Started process (PID=345) to work on /opt/airflow/dags/djinni_etl_dag.py
[2024-02-07T14:45:41.224+0000] {processor.py:830} INFO - Processing file /opt/airflow/dags/djinni_etl_dag.py for tasks to queue
[2024-02-07T14:45:41.227+0000] {logging_mixin.py:188} INFO - [2024-02-07T14:45:41.226+0000] {dagbag.py:538} INFO - Filling up the DagBag from /opt/airflow/dags/djinni_etl_dag.py
[2024-02-07T14:45:41.786+0000] {processor.py:840} INFO - DAG(s) 'djinni_etl' retrieved from /opt/airflow/dags/djinni_etl_dag.py
[2024-02-07T14:45:41.801+0000] {logging_mixin.py:188} INFO - [2024-02-07T14:45:41.801+0000] {dag.py:3036} INFO - Sync 1 DAGs
[2024-02-07T14:45:41.822+0000] {logging_mixin.py:188} INFO - [2024-02-07T14:45:41.821+0000] {dag.py:3823} INFO - Setting next_dagrun for djinni_etl to 2024-02-07 13:00:00+00:00, run_after=2024-02-07 14:00:00+00:00
[2024-02-07T14:45:41.837+0000] {processor.py:183} INFO - Processing /opt/airflow/dags/djinni_etl_dag.py took 0.618 seconds
[2024-02-07T14:46:12.723+0000] {processor.py:161} INFO - Started process (PID=405) to work on /opt/airflow/dags/djinni_etl_dag.py
[2024-02-07T14:46:12.725+0000] {processor.py:830} INFO - Processing file /opt/airflow/dags/djinni_etl_dag.py for tasks to queue
[2024-02-07T14:46:12.727+0000] {logging_mixin.py:188} INFO - [2024-02-07T14:46:12.727+0000] {dagbag.py:538} INFO - Filling up the DagBag from /opt/airflow/dags/djinni_etl_dag.py
[2024-02-07T14:46:13.216+0000] {processor.py:840} INFO - DAG(s) 'djinni_etl' retrieved from /opt/airflow/dags/djinni_etl_dag.py
[2024-02-07T14:46:13.232+0000] {logging_mixin.py:188} INFO - [2024-02-07T14:46:13.231+0000] {dag.py:3036} INFO - Sync 1 DAGs
[2024-02-07T14:46:13.252+0000] {logging_mixin.py:188} INFO - [2024-02-07T14:46:13.251+0000] {dag.py:3823} INFO - Setting next_dagrun for djinni_etl to 2024-02-07 13:00:00+00:00, run_after=2024-02-07 14:00:00+00:00
[2024-02-07T14:46:13.268+0000] {processor.py:183} INFO - Processing /opt/airflow/dags/djinni_etl_dag.py took 0.548 seconds
[2024-02-07T14:46:43.687+0000] {processor.py:161} INFO - Started process (PID=462) to work on /opt/airflow/dags/djinni_etl_dag.py
[2024-02-07T14:46:43.689+0000] {processor.py:830} INFO - Processing file /opt/airflow/dags/djinni_etl_dag.py for tasks to queue
[2024-02-07T14:46:43.691+0000] {logging_mixin.py:188} INFO - [2024-02-07T14:46:43.690+0000] {dagbag.py:538} INFO - Filling up the DagBag from /opt/airflow/dags/djinni_etl_dag.py
[2024-02-07T14:46:44.220+0000] {processor.py:840} INFO - DAG(s) 'djinni_etl' retrieved from /opt/airflow/dags/djinni_etl_dag.py
[2024-02-07T14:46:44.236+0000] {logging_mixin.py:188} INFO - [2024-02-07T14:46:44.236+0000] {dag.py:3036} INFO - Sync 1 DAGs
[2024-02-07T14:46:44.261+0000] {logging_mixin.py:188} INFO - [2024-02-07T14:46:44.261+0000] {dag.py:3823} INFO - Setting next_dagrun for djinni_etl to 2024-02-07 13:00:00+00:00, run_after=2024-02-07 14:00:00+00:00
[2024-02-07T14:46:44.278+0000] {processor.py:183} INFO - Processing /opt/airflow/dags/djinni_etl_dag.py took 0.596 seconds
[2024-02-07T14:47:14.352+0000] {processor.py:161} INFO - Started process (PID=522) to work on /opt/airflow/dags/djinni_etl_dag.py
[2024-02-07T14:47:14.353+0000] {processor.py:830} INFO - Processing file /opt/airflow/dags/djinni_etl_dag.py for tasks to queue
[2024-02-07T14:47:14.354+0000] {logging_mixin.py:188} INFO - [2024-02-07T14:47:14.354+0000] {dagbag.py:538} INFO - Filling up the DagBag from /opt/airflow/dags/djinni_etl_dag.py
[2024-02-07T14:47:14.953+0000] {processor.py:840} INFO - DAG(s) 'djinni_etl' retrieved from /opt/airflow/dags/djinni_etl_dag.py
[2024-02-07T14:47:14.972+0000] {logging_mixin.py:188} INFO - [2024-02-07T14:47:14.971+0000] {dag.py:3036} INFO - Sync 1 DAGs
[2024-02-07T14:47:15.000+0000] {logging_mixin.py:188} INFO - [2024-02-07T14:47:15.000+0000] {dag.py:3823} INFO - Setting next_dagrun for djinni_etl to 2024-02-07 13:00:00+00:00, run_after=2024-02-07 14:00:00+00:00
[2024-02-07T14:47:15.023+0000] {processor.py:183} INFO - Processing /opt/airflow/dags/djinni_etl_dag.py took 0.674 seconds
[2024-02-07T14:47:45.829+0000] {processor.py:161} INFO - Started process (PID=582) to work on /opt/airflow/dags/djinni_etl_dag.py
[2024-02-07T14:47:45.830+0000] {processor.py:830} INFO - Processing file /opt/airflow/dags/djinni_etl_dag.py for tasks to queue
[2024-02-07T14:47:45.832+0000] {logging_mixin.py:188} INFO - [2024-02-07T14:47:45.831+0000] {dagbag.py:538} INFO - Filling up the DagBag from /opt/airflow/dags/djinni_etl_dag.py
[2024-02-07T14:47:46.323+0000] {processor.py:840} INFO - DAG(s) 'djinni_etl' retrieved from /opt/airflow/dags/djinni_etl_dag.py
[2024-02-07T14:47:46.338+0000] {logging_mixin.py:188} INFO - [2024-02-07T14:47:46.338+0000] {dag.py:3036} INFO - Sync 1 DAGs
[2024-02-07T14:47:46.360+0000] {logging_mixin.py:188} INFO - [2024-02-07T14:47:46.360+0000] {dag.py:3823} INFO - Setting next_dagrun for djinni_etl to 2024-02-07 13:00:00+00:00, run_after=2024-02-07 14:00:00+00:00
[2024-02-07T14:47:46.381+0000] {processor.py:183} INFO - Processing /opt/airflow/dags/djinni_etl_dag.py took 0.555 seconds
[2024-02-07T14:48:16.424+0000] {processor.py:161} INFO - Started process (PID=645) to work on /opt/airflow/dags/djinni_etl_dag.py
[2024-02-07T14:48:16.424+0000] {processor.py:830} INFO - Processing file /opt/airflow/dags/djinni_etl_dag.py for tasks to queue
[2024-02-07T14:48:16.426+0000] {logging_mixin.py:188} INFO - [2024-02-07T14:48:16.426+0000] {dagbag.py:538} INFO - Filling up the DagBag from /opt/airflow/dags/djinni_etl_dag.py
[2024-02-07T14:48:16.917+0000] {processor.py:840} INFO - DAG(s) 'djinni_etl' retrieved from /opt/airflow/dags/djinni_etl_dag.py
[2024-02-07T14:48:16.936+0000] {logging_mixin.py:188} INFO - [2024-02-07T14:48:16.936+0000] {dag.py:3036} INFO - Sync 1 DAGs
[2024-02-07T14:48:16.959+0000] {logging_mixin.py:188} INFO - [2024-02-07T14:48:16.959+0000] {dag.py:3823} INFO - Setting next_dagrun for djinni_etl to 2024-02-07 13:00:00+00:00, run_after=2024-02-07 14:00:00+00:00
[2024-02-07T14:48:16.978+0000] {processor.py:183} INFO - Processing /opt/airflow/dags/djinni_etl_dag.py took 0.557 seconds
[2024-02-07T14:48:47.048+0000] {processor.py:161} INFO - Started process (PID=705) to work on /opt/airflow/dags/djinni_etl_dag.py
[2024-02-07T14:48:47.049+0000] {processor.py:830} INFO - Processing file /opt/airflow/dags/djinni_etl_dag.py for tasks to queue
[2024-02-07T14:48:47.051+0000] {logging_mixin.py:188} INFO - [2024-02-07T14:48:47.050+0000] {dagbag.py:538} INFO - Filling up the DagBag from /opt/airflow/dags/djinni_etl_dag.py
[2024-02-07T14:48:47.539+0000] {processor.py:840} INFO - DAG(s) 'djinni_etl' retrieved from /opt/airflow/dags/djinni_etl_dag.py
[2024-02-07T14:48:47.554+0000] {logging_mixin.py:188} INFO - [2024-02-07T14:48:47.554+0000] {dag.py:3036} INFO - Sync 1 DAGs
[2024-02-07T14:48:47.574+0000] {logging_mixin.py:188} INFO - [2024-02-07T14:48:47.574+0000] {dag.py:3823} INFO - Setting next_dagrun for djinni_etl to 2024-02-07 13:00:00+00:00, run_after=2024-02-07 14:00:00+00:00
[2024-02-07T14:48:47.590+0000] {processor.py:183} INFO - Processing /opt/airflow/dags/djinni_etl_dag.py took 0.545 seconds
[2024-02-07T14:49:18.490+0000] {processor.py:161} INFO - Started process (PID=766) to work on /opt/airflow/dags/djinni_etl_dag.py
[2024-02-07T14:49:18.491+0000] {processor.py:830} INFO - Processing file /opt/airflow/dags/djinni_etl_dag.py for tasks to queue
[2024-02-07T14:49:18.494+0000] {logging_mixin.py:188} INFO - [2024-02-07T14:49:18.494+0000] {dagbag.py:538} INFO - Filling up the DagBag from /opt/airflow/dags/djinni_etl_dag.py
[2024-02-07T14:49:18.987+0000] {processor.py:840} INFO - DAG(s) 'djinni_etl' retrieved from /opt/airflow/dags/djinni_etl_dag.py
[2024-02-07T14:49:19.002+0000] {logging_mixin.py:188} INFO - [2024-02-07T14:49:19.002+0000] {dag.py:3036} INFO - Sync 1 DAGs
[2024-02-07T14:49:19.027+0000] {logging_mixin.py:188} INFO - [2024-02-07T14:49:19.027+0000] {dag.py:3823} INFO - Setting next_dagrun for djinni_etl to 2024-02-07 13:00:00+00:00, run_after=2024-02-07 14:00:00+00:00
[2024-02-07T14:49:19.043+0000] {processor.py:183} INFO - Processing /opt/airflow/dags/djinni_etl_dag.py took 0.559 seconds
[2024-02-07T14:49:49.150+0000] {processor.py:161} INFO - Started process (PID=823) to work on /opt/airflow/dags/djinni_etl_dag.py
[2024-02-07T14:49:49.152+0000] {processor.py:830} INFO - Processing file /opt/airflow/dags/djinni_etl_dag.py for tasks to queue
[2024-02-07T14:49:49.154+0000] {logging_mixin.py:188} INFO - [2024-02-07T14:49:49.154+0000] {dagbag.py:538} INFO - Filling up the DagBag from /opt/airflow/dags/djinni_etl_dag.py
[2024-02-07T14:49:49.687+0000] {processor.py:840} INFO - DAG(s) 'djinni_etl' retrieved from /opt/airflow/dags/djinni_etl_dag.py
[2024-02-07T14:49:49.704+0000] {logging_mixin.py:188} INFO - [2024-02-07T14:49:49.703+0000] {dag.py:3036} INFO - Sync 1 DAGs
[2024-02-07T14:49:49.726+0000] {logging_mixin.py:188} INFO - [2024-02-07T14:49:49.726+0000] {dag.py:3823} INFO - Setting next_dagrun for djinni_etl to 2024-02-07 13:00:00+00:00, run_after=2024-02-07 14:00:00+00:00
[2024-02-07T14:49:49.751+0000] {processor.py:183} INFO - Processing /opt/airflow/dags/djinni_etl_dag.py took 0.606 seconds
[2024-02-07T14:50:19.825+0000] {processor.py:161} INFO - Started process (PID=880) to work on /opt/airflow/dags/djinni_etl_dag.py
[2024-02-07T14:50:19.826+0000] {processor.py:830} INFO - Processing file /opt/airflow/dags/djinni_etl_dag.py for tasks to queue
[2024-02-07T14:50:19.828+0000] {logging_mixin.py:188} INFO - [2024-02-07T14:50:19.828+0000] {dagbag.py:538} INFO - Filling up the DagBag from /opt/airflow/dags/djinni_etl_dag.py
[2024-02-07T14:50:20.314+0000] {processor.py:840} INFO - DAG(s) 'djinni_etl' retrieved from /opt/airflow/dags/djinni_etl_dag.py
[2024-02-07T14:50:20.329+0000] {logging_mixin.py:188} INFO - [2024-02-07T14:50:20.329+0000] {dag.py:3036} INFO - Sync 1 DAGs
[2024-02-07T14:50:20.349+0000] {logging_mixin.py:188} INFO - [2024-02-07T14:50:20.348+0000] {dag.py:3823} INFO - Setting next_dagrun for djinni_etl to 2024-02-07 13:00:00+00:00, run_after=2024-02-07 14:00:00+00:00
[2024-02-07T14:50:20.367+0000] {processor.py:183} INFO - Processing /opt/airflow/dags/djinni_etl_dag.py took 0.546 seconds
[2024-02-07T14:50:50.530+0000] {processor.py:161} INFO - Started process (PID=937) to work on /opt/airflow/dags/djinni_etl_dag.py
[2024-02-07T14:50:50.531+0000] {processor.py:830} INFO - Processing file /opt/airflow/dags/djinni_etl_dag.py for tasks to queue
[2024-02-07T14:50:50.533+0000] {logging_mixin.py:188} INFO - [2024-02-07T14:50:50.532+0000] {dagbag.py:538} INFO - Filling up the DagBag from /opt/airflow/dags/djinni_etl_dag.py
[2024-02-07T14:50:51.127+0000] {processor.py:840} INFO - DAG(s) 'djinni_etl' retrieved from /opt/airflow/dags/djinni_etl_dag.py
[2024-02-07T14:50:51.145+0000] {logging_mixin.py:188} INFO - [2024-02-07T14:50:51.145+0000] {dag.py:3036} INFO - Sync 1 DAGs
[2024-02-07T14:50:51.173+0000] {logging_mixin.py:188} INFO - [2024-02-07T14:50:51.173+0000] {dag.py:3823} INFO - Setting next_dagrun for djinni_etl to 2024-02-07 13:00:00+00:00, run_after=2024-02-07 14:00:00+00:00
[2024-02-07T14:50:51.189+0000] {processor.py:183} INFO - Processing /opt/airflow/dags/djinni_etl_dag.py took 0.662 seconds
[2024-02-07T14:51:21.395+0000] {processor.py:161} INFO - Started process (PID=1001) to work on /opt/airflow/dags/djinni_etl_dag.py
[2024-02-07T14:51:21.396+0000] {processor.py:830} INFO - Processing file /opt/airflow/dags/djinni_etl_dag.py for tasks to queue
[2024-02-07T14:51:21.398+0000] {logging_mixin.py:188} INFO - [2024-02-07T14:51:21.398+0000] {dagbag.py:538} INFO - Filling up the DagBag from /opt/airflow/dags/djinni_etl_dag.py
[2024-02-07T14:51:21.871+0000] {processor.py:840} INFO - DAG(s) 'djinni_etl' retrieved from /opt/airflow/dags/djinni_etl_dag.py
[2024-02-07T14:51:21.886+0000] {logging_mixin.py:188} INFO - [2024-02-07T14:51:21.886+0000] {dag.py:3036} INFO - Sync 1 DAGs
[2024-02-07T14:51:21.905+0000] {logging_mixin.py:188} INFO - [2024-02-07T14:51:21.905+0000] {dag.py:3823} INFO - Setting next_dagrun for djinni_etl to 2024-02-07 13:00:00+00:00, run_after=2024-02-07 14:00:00+00:00
[2024-02-07T14:51:21.921+0000] {processor.py:183} INFO - Processing /opt/airflow/dags/djinni_etl_dag.py took 0.529 seconds
[2024-02-07T14:51:52.682+0000] {processor.py:161} INFO - Started process (PID=1059) to work on /opt/airflow/dags/djinni_etl_dag.py
[2024-02-07T14:51:52.685+0000] {processor.py:830} INFO - Processing file /opt/airflow/dags/djinni_etl_dag.py for tasks to queue
[2024-02-07T14:51:52.689+0000] {logging_mixin.py:188} INFO - [2024-02-07T14:51:52.688+0000] {dagbag.py:538} INFO - Filling up the DagBag from /opt/airflow/dags/djinni_etl_dag.py
[2024-02-07T14:51:53.173+0000] {processor.py:840} INFO - DAG(s) 'djinni_etl' retrieved from /opt/airflow/dags/djinni_etl_dag.py
[2024-02-07T14:51:53.189+0000] {logging_mixin.py:188} INFO - [2024-02-07T14:51:53.188+0000] {dag.py:3036} INFO - Sync 1 DAGs
[2024-02-07T14:51:53.211+0000] {logging_mixin.py:188} INFO - [2024-02-07T14:51:53.211+0000] {dag.py:3823} INFO - Setting next_dagrun for djinni_etl to 2024-02-07 13:00:00+00:00, run_after=2024-02-07 14:00:00+00:00
[2024-02-07T14:51:53.228+0000] {processor.py:183} INFO - Processing /opt/airflow/dags/djinni_etl_dag.py took 0.557 seconds
[2024-02-07T14:52:23.929+0000] {processor.py:161} INFO - Started process (PID=1116) to work on /opt/airflow/dags/djinni_etl_dag.py
[2024-02-07T14:52:23.930+0000] {processor.py:830} INFO - Processing file /opt/airflow/dags/djinni_etl_dag.py for tasks to queue
[2024-02-07T14:52:23.932+0000] {logging_mixin.py:188} INFO - [2024-02-07T14:52:23.932+0000] {dagbag.py:538} INFO - Filling up the DagBag from /opt/airflow/dags/djinni_etl_dag.py
[2024-02-07T14:52:24.417+0000] {processor.py:840} INFO - DAG(s) 'djinni_etl' retrieved from /opt/airflow/dags/djinni_etl_dag.py
[2024-02-07T14:52:24.433+0000] {logging_mixin.py:188} INFO - [2024-02-07T14:52:24.432+0000] {dag.py:3036} INFO - Sync 1 DAGs
[2024-02-07T14:52:24.453+0000] {logging_mixin.py:188} INFO - [2024-02-07T14:52:24.452+0000] {dag.py:3823} INFO - Setting next_dagrun for djinni_etl to 2024-02-07 13:00:00+00:00, run_after=2024-02-07 14:00:00+00:00
[2024-02-07T14:52:24.468+0000] {processor.py:183} INFO - Processing /opt/airflow/dags/djinni_etl_dag.py took 0.543 seconds
[2024-02-07T14:53:46.554+0000] {processor.py:161} INFO - Started process (PID=34) to work on /opt/airflow/dags/djinni_etl_dag.py
[2024-02-07T14:53:46.555+0000] {processor.py:830} INFO - Processing file /opt/airflow/dags/djinni_etl_dag.py for tasks to queue
[2024-02-07T14:53:46.557+0000] {logging_mixin.py:188} INFO - [2024-02-07T14:53:46.556+0000] {dagbag.py:538} INFO - Filling up the DagBag from /opt/airflow/dags/djinni_etl_dag.py
[2024-02-07T14:53:48.218+0000] {processor.py:840} INFO - DAG(s) 'djinni_etl' retrieved from /opt/airflow/dags/djinni_etl_dag.py
[2024-02-07T14:53:48.494+0000] {logging_mixin.py:188} INFO - [2024-02-07T14:53:48.493+0000] {dag.py:3036} INFO - Sync 1 DAGs
[2024-02-07T14:53:48.521+0000] {logging_mixin.py:188} INFO - [2024-02-07T14:53:48.521+0000] {dag.py:3823} INFO - Setting next_dagrun for djinni_etl to 2024-02-07 13:00:00+00:00, run_after=2024-02-07 14:00:00+00:00
[2024-02-07T14:53:48.547+0000] {processor.py:183} INFO - Processing /opt/airflow/dags/djinni_etl_dag.py took 1.996 seconds
[2024-02-07T14:54:18.626+0000] {processor.py:161} INFO - Started process (PID=105) to work on /opt/airflow/dags/djinni_etl_dag.py
[2024-02-07T14:54:18.627+0000] {processor.py:830} INFO - Processing file /opt/airflow/dags/djinni_etl_dag.py for tasks to queue
[2024-02-07T14:54:18.628+0000] {logging_mixin.py:188} INFO - [2024-02-07T14:54:18.628+0000] {dagbag.py:538} INFO - Filling up the DagBag from /opt/airflow/dags/djinni_etl_dag.py
[2024-02-07T14:54:19.160+0000] {processor.py:840} INFO - DAG(s) 'djinni_etl' retrieved from /opt/airflow/dags/djinni_etl_dag.py
[2024-02-07T14:54:19.175+0000] {logging_mixin.py:188} INFO - [2024-02-07T14:54:19.175+0000] {dag.py:3036} INFO - Sync 1 DAGs
[2024-02-07T14:54:19.196+0000] {logging_mixin.py:188} INFO - [2024-02-07T14:54:19.196+0000] {dag.py:3823} INFO - Setting next_dagrun for djinni_etl to 2024-02-07 13:00:00+00:00, run_after=2024-02-07 14:00:00+00:00
[2024-02-07T14:54:19.215+0000] {processor.py:183} INFO - Processing /opt/airflow/dags/djinni_etl_dag.py took 0.592 seconds
[2024-02-07T14:54:49.771+0000] {processor.py:161} INFO - Started process (PID=162) to work on /opt/airflow/dags/djinni_etl_dag.py
[2024-02-07T14:54:49.774+0000] {processor.py:830} INFO - Processing file /opt/airflow/dags/djinni_etl_dag.py for tasks to queue
[2024-02-07T14:54:49.776+0000] {logging_mixin.py:188} INFO - [2024-02-07T14:54:49.776+0000] {dagbag.py:538} INFO - Filling up the DagBag from /opt/airflow/dags/djinni_etl_dag.py
[2024-02-07T14:54:50.278+0000] {processor.py:840} INFO - DAG(s) 'djinni_etl' retrieved from /opt/airflow/dags/djinni_etl_dag.py
[2024-02-07T14:54:50.294+0000] {logging_mixin.py:188} INFO - [2024-02-07T14:54:50.293+0000] {dag.py:3036} INFO - Sync 1 DAGs
[2024-02-07T14:54:50.315+0000] {logging_mixin.py:188} INFO - [2024-02-07T14:54:50.315+0000] {dag.py:3823} INFO - Setting next_dagrun for djinni_etl to 2024-02-07 13:00:00+00:00, run_after=2024-02-07 14:00:00+00:00
[2024-02-07T14:54:50.331+0000] {processor.py:183} INFO - Processing /opt/airflow/dags/djinni_etl_dag.py took 0.568 seconds
[2024-02-07T15:05:08.273+0000] {processor.py:161} INFO - Started process (PID=35) to work on /opt/airflow/dags/djinni_etl_dag.py
[2024-02-07T15:05:08.274+0000] {processor.py:830} INFO - Processing file /opt/airflow/dags/djinni_etl_dag.py for tasks to queue
[2024-02-07T15:05:08.276+0000] {logging_mixin.py:188} INFO - [2024-02-07T15:05:08.276+0000] {dagbag.py:538} INFO - Filling up the DagBag from /opt/airflow/dags/djinni_etl_dag.py
[2024-02-07T15:05:09.925+0000] {processor.py:840} INFO - DAG(s) 'djinni_etl' retrieved from /opt/airflow/dags/djinni_etl_dag.py
[2024-02-07T15:05:10.219+0000] {logging_mixin.py:188} INFO - [2024-02-07T15:05:10.218+0000] {dag.py:3036} INFO - Sync 1 DAGs
[2024-02-07T15:05:10.250+0000] {logging_mixin.py:188} INFO - [2024-02-07T15:05:10.250+0000] {dag.py:3823} INFO - Setting next_dagrun for djinni_etl to 2024-02-07 14:00:00+00:00, run_after=2024-02-07 15:00:00+00:00
[2024-02-07T15:05:10.277+0000] {processor.py:183} INFO - Processing /opt/airflow/dags/djinni_etl_dag.py took 2.006 seconds
[2024-02-07T15:05:40.357+0000] {processor.py:161} INFO - Started process (PID=102) to work on /opt/airflow/dags/djinni_etl_dag.py
[2024-02-07T15:05:40.358+0000] {processor.py:830} INFO - Processing file /opt/airflow/dags/djinni_etl_dag.py for tasks to queue
[2024-02-07T15:05:40.361+0000] {logging_mixin.py:188} INFO - [2024-02-07T15:05:40.361+0000] {dagbag.py:538} INFO - Filling up the DagBag from /opt/airflow/dags/djinni_etl_dag.py
[2024-02-07T15:05:41.039+0000] {processor.py:840} INFO - DAG(s) 'djinni_etl' retrieved from /opt/airflow/dags/djinni_etl_dag.py
[2024-02-07T15:05:41.056+0000] {logging_mixin.py:188} INFO - [2024-02-07T15:05:41.056+0000] {dag.py:3036} INFO - Sync 1 DAGs
[2024-02-07T15:05:41.087+0000] {logging_mixin.py:188} INFO - [2024-02-07T15:05:41.087+0000] {dag.py:3823} INFO - Setting next_dagrun for djinni_etl to 2024-02-07 15:00:00+00:00, run_after=2024-02-07 16:00:00+00:00
[2024-02-07T15:05:41.112+0000] {processor.py:183} INFO - Processing /opt/airflow/dags/djinni_etl_dag.py took 0.760 seconds
[2024-02-07T15:07:14.868+0000] {processor.py:161} INFO - Started process (PID=35) to work on /opt/airflow/dags/djinni_etl_dag.py
[2024-02-07T15:07:14.870+0000] {processor.py:830} INFO - Processing file /opt/airflow/dags/djinni_etl_dag.py for tasks to queue
[2024-02-07T15:07:14.872+0000] {logging_mixin.py:188} INFO - [2024-02-07T15:07:14.871+0000] {dagbag.py:538} INFO - Filling up the DagBag from /opt/airflow/dags/djinni_etl_dag.py
[2024-02-07T15:07:16.627+0000] {processor.py:840} INFO - DAG(s) 'djinni_etl' retrieved from /opt/airflow/dags/djinni_etl_dag.py
[2024-02-07T15:07:16.900+0000] {logging_mixin.py:188} INFO - [2024-02-07T15:07:16.899+0000] {dag.py:3036} INFO - Sync 1 DAGs
[2024-02-07T15:07:16.935+0000] {logging_mixin.py:188} INFO - [2024-02-07T15:07:16.935+0000] {dag.py:3823} INFO - Setting next_dagrun for djinni_etl to 2024-02-07 15:00:00+00:00, run_after=2024-02-07 16:00:00+00:00
[2024-02-07T15:07:16.969+0000] {processor.py:183} INFO - Processing /opt/airflow/dags/djinni_etl_dag.py took 2.105 seconds
[2024-02-07T15:07:47.060+0000] {processor.py:161} INFO - Started process (PID=106) to work on /opt/airflow/dags/djinni_etl_dag.py
[2024-02-07T15:07:47.061+0000] {processor.py:830} INFO - Processing file /opt/airflow/dags/djinni_etl_dag.py for tasks to queue
[2024-02-07T15:07:47.063+0000] {logging_mixin.py:188} INFO - [2024-02-07T15:07:47.062+0000] {dagbag.py:538} INFO - Filling up the DagBag from /opt/airflow/dags/djinni_etl_dag.py
[2024-02-07T15:07:47.906+0000] {processor.py:840} INFO - DAG(s) 'djinni_etl' retrieved from /opt/airflow/dags/djinni_etl_dag.py
[2024-02-07T15:07:47.943+0000] {logging_mixin.py:188} INFO - [2024-02-07T15:07:47.942+0000] {dag.py:3036} INFO - Sync 1 DAGs
[2024-02-07T15:07:47.998+0000] {logging_mixin.py:188} INFO - [2024-02-07T15:07:47.997+0000] {dag.py:3823} INFO - Setting next_dagrun for djinni_etl to 2024-02-07 15:00:00+00:00, run_after=2024-02-07 16:00:00+00:00
[2024-02-07T15:07:48.050+0000] {processor.py:183} INFO - Processing /opt/airflow/dags/djinni_etl_dag.py took 0.994 seconds
[2024-02-07T15:08:18.381+0000] {processor.py:161} INFO - Started process (PID=164) to work on /opt/airflow/dags/djinni_etl_dag.py
[2024-02-07T15:08:18.382+0000] {processor.py:830} INFO - Processing file /opt/airflow/dags/djinni_etl_dag.py for tasks to queue
[2024-02-07T15:08:18.385+0000] {logging_mixin.py:188} INFO - [2024-02-07T15:08:18.384+0000] {dagbag.py:538} INFO - Filling up the DagBag from /opt/airflow/dags/djinni_etl_dag.py
[2024-02-07T15:08:18.971+0000] {processor.py:840} INFO - DAG(s) 'djinni_etl' retrieved from /opt/airflow/dags/djinni_etl_dag.py
[2024-02-07T15:08:18.986+0000] {logging_mixin.py:188} INFO - [2024-02-07T15:08:18.986+0000] {dag.py:3036} INFO - Sync 1 DAGs
[2024-02-07T15:08:19.008+0000] {logging_mixin.py:188} INFO - [2024-02-07T15:08:19.008+0000] {dag.py:3823} INFO - Setting next_dagrun for djinni_etl to 2024-02-07 15:00:00+00:00, run_after=2024-02-07 16:00:00+00:00
[2024-02-07T15:08:19.024+0000] {processor.py:183} INFO - Processing /opt/airflow/dags/djinni_etl_dag.py took 0.651 seconds
[2024-02-07T15:08:49.063+0000] {processor.py:161} INFO - Started process (PID=226) to work on /opt/airflow/dags/djinni_etl_dag.py
[2024-02-07T15:08:49.063+0000] {processor.py:830} INFO - Processing file /opt/airflow/dags/djinni_etl_dag.py for tasks to queue
[2024-02-07T15:08:49.065+0000] {logging_mixin.py:188} INFO - [2024-02-07T15:08:49.065+0000] {dagbag.py:538} INFO - Filling up the DagBag from /opt/airflow/dags/djinni_etl_dag.py
[2024-02-07T15:08:49.548+0000] {processor.py:840} INFO - DAG(s) 'djinni_etl' retrieved from /opt/airflow/dags/djinni_etl_dag.py
[2024-02-07T15:08:49.562+0000] {logging_mixin.py:188} INFO - [2024-02-07T15:08:49.562+0000] {dag.py:3036} INFO - Sync 1 DAGs
[2024-02-07T15:08:49.583+0000] {logging_mixin.py:188} INFO - [2024-02-07T15:08:49.583+0000] {dag.py:3823} INFO - Setting next_dagrun for djinni_etl to 2024-02-07 15:00:00+00:00, run_after=2024-02-07 16:00:00+00:00
[2024-02-07T15:08:49.601+0000] {processor.py:183} INFO - Processing /opt/airflow/dags/djinni_etl_dag.py took 0.541 seconds
[2024-02-07T15:09:20.134+0000] {processor.py:161} INFO - Started process (PID=283) to work on /opt/airflow/dags/djinni_etl_dag.py
[2024-02-07T15:09:20.136+0000] {processor.py:830} INFO - Processing file /opt/airflow/dags/djinni_etl_dag.py for tasks to queue
[2024-02-07T15:09:20.139+0000] {logging_mixin.py:188} INFO - [2024-02-07T15:09:20.138+0000] {dagbag.py:538} INFO - Filling up the DagBag from /opt/airflow/dags/djinni_etl_dag.py
[2024-02-07T15:09:20.745+0000] {processor.py:840} INFO - DAG(s) 'djinni_etl' retrieved from /opt/airflow/dags/djinni_etl_dag.py
[2024-02-07T15:09:20.760+0000] {logging_mixin.py:188} INFO - [2024-02-07T15:09:20.760+0000] {dag.py:3036} INFO - Sync 1 DAGs
[2024-02-07T15:09:20.783+0000] {logging_mixin.py:188} INFO - [2024-02-07T15:09:20.783+0000] {dag.py:3823} INFO - Setting next_dagrun for djinni_etl to 2024-02-07 15:00:00+00:00, run_after=2024-02-07 16:00:00+00:00
[2024-02-07T15:09:20.799+0000] {processor.py:183} INFO - Processing /opt/airflow/dags/djinni_etl_dag.py took 0.672 seconds
[2024-02-07T15:57:13.953+0000] {processor.py:161} INFO - Started process (PID=35) to work on /opt/airflow/dags/djinni_etl_dag.py
[2024-02-07T15:57:13.954+0000] {processor.py:830} INFO - Processing file /opt/airflow/dags/djinni_etl_dag.py for tasks to queue
[2024-02-07T15:57:13.956+0000] {logging_mixin.py:188} INFO - [2024-02-07T15:57:13.956+0000] {dagbag.py:538} INFO - Filling up the DagBag from /opt/airflow/dags/djinni_etl_dag.py
[2024-02-07T15:57:16.235+0000] {processor.py:840} INFO - DAG(s) 'djinni_etl' retrieved from /opt/airflow/dags/djinni_etl_dag.py
[2024-02-07T15:57:16.501+0000] {logging_mixin.py:188} INFO - [2024-02-07T15:57:16.500+0000] {dag.py:3036} INFO - Sync 1 DAGs
[2024-02-07T15:57:16.519+0000] {logging_mixin.py:188} INFO - [2024-02-07T15:57:16.518+0000] {dag.py:3058} INFO - Creating ORM DAG for djinni_etl
[2024-02-07T15:57:16.534+0000] {logging_mixin.py:188} INFO - [2024-02-07T15:57:16.534+0000] {dag.py:3823} INFO - Setting next_dagrun for djinni_etl to 2024-02-07 14:00:00+00:00, run_after=2024-02-07 15:00:00+00:00
[2024-02-07T15:57:16.557+0000] {processor.py:183} INFO - Processing /opt/airflow/dags/djinni_etl_dag.py took 2.606 seconds
[2024-02-07T15:57:46.704+0000] {processor.py:161} INFO - Started process (PID=111) to work on /opt/airflow/dags/djinni_etl_dag.py
[2024-02-07T15:57:46.705+0000] {processor.py:830} INFO - Processing file /opt/airflow/dags/djinni_etl_dag.py for tasks to queue
[2024-02-07T15:57:46.708+0000] {logging_mixin.py:188} INFO - [2024-02-07T15:57:46.707+0000] {dagbag.py:538} INFO - Filling up the DagBag from /opt/airflow/dags/djinni_etl_dag.py
[2024-02-07T15:57:47.894+0000] {processor.py:840} INFO - DAG(s) 'djinni_etl' retrieved from /opt/airflow/dags/djinni_etl_dag.py
[2024-02-07T15:57:47.915+0000] {logging_mixin.py:188} INFO - [2024-02-07T15:57:47.915+0000] {dag.py:3036} INFO - Sync 1 DAGs
[2024-02-07T15:57:47.949+0000] {logging_mixin.py:188} INFO - [2024-02-07T15:57:47.949+0000] {dag.py:3823} INFO - Setting next_dagrun for djinni_etl to 2024-02-07 15:00:00+00:00, run_after=2024-02-07 16:00:00+00:00
[2024-02-07T15:57:47.978+0000] {processor.py:183} INFO - Processing /opt/airflow/dags/djinni_etl_dag.py took 1.278 seconds
[2024-02-07T15:58:18.432+0000] {processor.py:161} INFO - Started process (PID=169) to work on /opt/airflow/dags/djinni_etl_dag.py
[2024-02-07T15:58:18.433+0000] {processor.py:830} INFO - Processing file /opt/airflow/dags/djinni_etl_dag.py for tasks to queue
[2024-02-07T15:58:18.435+0000] {logging_mixin.py:188} INFO - [2024-02-07T15:58:18.435+0000] {dagbag.py:538} INFO - Filling up the DagBag from /opt/airflow/dags/djinni_etl_dag.py
[2024-02-07T15:58:19.267+0000] {processor.py:840} INFO - DAG(s) 'djinni_etl' retrieved from /opt/airflow/dags/djinni_etl_dag.py
[2024-02-07T15:58:19.285+0000] {logging_mixin.py:188} INFO - [2024-02-07T15:58:19.284+0000] {dag.py:3036} INFO - Sync 1 DAGs
[2024-02-07T15:58:19.317+0000] {logging_mixin.py:188} INFO - [2024-02-07T15:58:19.317+0000] {dag.py:3823} INFO - Setting next_dagrun for djinni_etl to 2024-02-07 15:00:00+00:00, run_after=2024-02-07 16:00:00+00:00
[2024-02-07T15:58:19.340+0000] {processor.py:183} INFO - Processing /opt/airflow/dags/djinni_etl_dag.py took 0.914 seconds
[2024-02-07T16:10:50.396+0000] {processor.py:161} INFO - Started process (PID=35) to work on /opt/airflow/dags/djinni_etl_dag.py
[2024-02-07T16:10:50.397+0000] {processor.py:830} INFO - Processing file /opt/airflow/dags/djinni_etl_dag.py for tasks to queue
[2024-02-07T16:10:50.400+0000] {logging_mixin.py:188} INFO - [2024-02-07T16:10:50.399+0000] {dagbag.py:538} INFO - Filling up the DagBag from /opt/airflow/dags/djinni_etl_dag.py
[2024-02-07T16:10:52.576+0000] {processor.py:840} INFO - DAG(s) 'djinni_etl' retrieved from /opt/airflow/dags/djinni_etl_dag.py
[2024-02-07T16:10:52.824+0000] {logging_mixin.py:188} INFO - [2024-02-07T16:10:52.823+0000] {dag.py:3036} INFO - Sync 1 DAGs
[2024-02-07T16:10:52.837+0000] {logging_mixin.py:188} INFO - [2024-02-07T16:10:52.836+0000] {dag.py:3058} INFO - Creating ORM DAG for djinni_etl
[2024-02-07T16:10:52.853+0000] {logging_mixin.py:188} INFO - [2024-02-07T16:10:52.852+0000] {dag.py:3823} INFO - Setting next_dagrun for djinni_etl to 2024-02-07 15:00:00+00:00, run_after=2024-02-07 16:00:00+00:00
[2024-02-07T16:10:52.874+0000] {processor.py:183} INFO - Processing /opt/airflow/dags/djinni_etl_dag.py took 2.484 seconds
[2024-02-07T16:11:23.164+0000] {processor.py:161} INFO - Started process (PID=109) to work on /opt/airflow/dags/djinni_etl_dag.py
[2024-02-07T16:11:23.165+0000] {processor.py:830} INFO - Processing file /opt/airflow/dags/djinni_etl_dag.py for tasks to queue
[2024-02-07T16:11:23.167+0000] {logging_mixin.py:188} INFO - [2024-02-07T16:11:23.166+0000] {dagbag.py:538} INFO - Filling up the DagBag from /opt/airflow/dags/djinni_etl_dag.py
[2024-02-07T16:11:23.990+0000] {processor.py:840} INFO - DAG(s) 'djinni_etl' retrieved from /opt/airflow/dags/djinni_etl_dag.py
[2024-02-07T16:11:24.013+0000] {logging_mixin.py:188} INFO - [2024-02-07T16:11:24.012+0000] {dag.py:3036} INFO - Sync 1 DAGs
[2024-02-07T16:11:24.039+0000] {logging_mixin.py:188} INFO - [2024-02-07T16:11:24.038+0000] {dag.py:3823} INFO - Setting next_dagrun for djinni_etl to 2024-02-07 16:00:00+00:00, run_after=2024-02-07 17:00:00+00:00
[2024-02-07T16:11:24.058+0000] {processor.py:183} INFO - Processing /opt/airflow/dags/djinni_etl_dag.py took 0.900 seconds
[2024-02-07T16:11:54.599+0000] {processor.py:161} INFO - Started process (PID=167) to work on /opt/airflow/dags/djinni_etl_dag.py
[2024-02-07T16:11:54.600+0000] {processor.py:830} INFO - Processing file /opt/airflow/dags/djinni_etl_dag.py for tasks to queue
[2024-02-07T16:11:54.603+0000] {logging_mixin.py:188} INFO - [2024-02-07T16:11:54.603+0000] {dagbag.py:538} INFO - Filling up the DagBag from /opt/airflow/dags/djinni_etl_dag.py
[2024-02-07T16:11:55.263+0000] {processor.py:840} INFO - DAG(s) 'djinni_etl' retrieved from /opt/airflow/dags/djinni_etl_dag.py
[2024-02-07T16:11:55.278+0000] {logging_mixin.py:188} INFO - [2024-02-07T16:11:55.278+0000] {dag.py:3036} INFO - Sync 1 DAGs
[2024-02-07T16:11:55.301+0000] {logging_mixin.py:188} INFO - [2024-02-07T16:11:55.301+0000] {dag.py:3823} INFO - Setting next_dagrun for djinni_etl to 2024-02-07 16:00:00+00:00, run_after=2024-02-07 17:00:00+00:00
[2024-02-07T16:11:55.319+0000] {processor.py:183} INFO - Processing /opt/airflow/dags/djinni_etl_dag.py took 0.728 seconds
[2024-02-07T16:12:25.673+0000] {processor.py:161} INFO - Started process (PID=231) to work on /opt/airflow/dags/djinni_etl_dag.py
[2024-02-07T16:12:25.673+0000] {processor.py:830} INFO - Processing file /opt/airflow/dags/djinni_etl_dag.py for tasks to queue
[2024-02-07T16:12:25.675+0000] {logging_mixin.py:188} INFO - [2024-02-07T16:12:25.675+0000] {dagbag.py:538} INFO - Filling up the DagBag from /opt/airflow/dags/djinni_etl_dag.py
[2024-02-07T16:12:26.285+0000] {processor.py:840} INFO - DAG(s) 'djinni_etl' retrieved from /opt/airflow/dags/djinni_etl_dag.py
[2024-02-07T16:12:26.300+0000] {logging_mixin.py:188} INFO - [2024-02-07T16:12:26.300+0000] {dag.py:3036} INFO - Sync 1 DAGs
[2024-02-07T16:12:26.322+0000] {logging_mixin.py:188} INFO - [2024-02-07T16:12:26.322+0000] {dag.py:3823} INFO - Setting next_dagrun for djinni_etl to 2024-02-07 16:00:00+00:00, run_after=2024-02-07 17:00:00+00:00
[2024-02-07T16:12:26.338+0000] {processor.py:183} INFO - Processing /opt/airflow/dags/djinni_etl_dag.py took 0.669 seconds
[2024-02-07T16:12:57.170+0000] {processor.py:161} INFO - Started process (PID=292) to work on /opt/airflow/dags/djinni_etl_dag.py
[2024-02-07T16:12:57.172+0000] {processor.py:830} INFO - Processing file /opt/airflow/dags/djinni_etl_dag.py for tasks to queue
[2024-02-07T16:12:57.175+0000] {logging_mixin.py:188} INFO - [2024-02-07T16:12:57.175+0000] {dagbag.py:538} INFO - Filling up the DagBag from /opt/airflow/dags/djinni_etl_dag.py
[2024-02-07T16:12:57.777+0000] {processor.py:840} INFO - DAG(s) 'djinni_etl' retrieved from /opt/airflow/dags/djinni_etl_dag.py
[2024-02-07T16:12:57.791+0000] {logging_mixin.py:188} INFO - [2024-02-07T16:12:57.791+0000] {dag.py:3036} INFO - Sync 1 DAGs
[2024-02-07T16:12:57.813+0000] {logging_mixin.py:188} INFO - [2024-02-07T16:12:57.813+0000] {dag.py:3823} INFO - Setting next_dagrun for djinni_etl to 2024-02-07 16:00:00+00:00, run_after=2024-02-07 17:00:00+00:00
[2024-02-07T16:12:57.829+0000] {processor.py:183} INFO - Processing /opt/airflow/dags/djinni_etl_dag.py took 0.665 seconds
[2024-02-07T16:13:28.294+0000] {processor.py:161} INFO - Started process (PID=349) to work on /opt/airflow/dags/djinni_etl_dag.py
[2024-02-07T16:13:28.296+0000] {processor.py:830} INFO - Processing file /opt/airflow/dags/djinni_etl_dag.py for tasks to queue
[2024-02-07T16:13:28.299+0000] {logging_mixin.py:188} INFO - [2024-02-07T16:13:28.299+0000] {dagbag.py:538} INFO - Filling up the DagBag from /opt/airflow/dags/djinni_etl_dag.py
[2024-02-07T16:13:28.909+0000] {processor.py:840} INFO - DAG(s) 'djinni_etl' retrieved from /opt/airflow/dags/djinni_etl_dag.py
[2024-02-07T16:13:28.925+0000] {logging_mixin.py:188} INFO - [2024-02-07T16:13:28.924+0000] {dag.py:3036} INFO - Sync 1 DAGs
[2024-02-07T16:13:28.946+0000] {logging_mixin.py:188} INFO - [2024-02-07T16:13:28.946+0000] {dag.py:3823} INFO - Setting next_dagrun for djinni_etl to 2024-02-07 16:00:00+00:00, run_after=2024-02-07 17:00:00+00:00
[2024-02-07T16:13:28.964+0000] {processor.py:183} INFO - Processing /opt/airflow/dags/djinni_etl_dag.py took 0.679 seconds
[2024-02-07T16:13:59.013+0000] {processor.py:161} INFO - Started process (PID=410) to work on /opt/airflow/dags/djinni_etl_dag.py
[2024-02-07T16:13:59.014+0000] {processor.py:830} INFO - Processing file /opt/airflow/dags/djinni_etl_dag.py for tasks to queue
[2024-02-07T16:13:59.016+0000] {logging_mixin.py:188} INFO - [2024-02-07T16:13:59.016+0000] {dagbag.py:538} INFO - Filling up the DagBag from /opt/airflow/dags/djinni_etl_dag.py
[2024-02-07T16:13:59.773+0000] {processor.py:840} INFO - DAG(s) 'djinni_etl' retrieved from /opt/airflow/dags/djinni_etl_dag.py
[2024-02-07T16:13:59.788+0000] {logging_mixin.py:188} INFO - [2024-02-07T16:13:59.788+0000] {dag.py:3036} INFO - Sync 1 DAGs
[2024-02-07T16:13:59.810+0000] {logging_mixin.py:188} INFO - [2024-02-07T16:13:59.809+0000] {dag.py:3823} INFO - Setting next_dagrun for djinni_etl to 2024-02-07 16:00:00+00:00, run_after=2024-02-07 17:00:00+00:00
[2024-02-07T16:13:59.827+0000] {processor.py:183} INFO - Processing /opt/airflow/dags/djinni_etl_dag.py took 0.817 seconds
[2024-02-07T16:14:29.897+0000] {processor.py:161} INFO - Started process (PID=475) to work on /opt/airflow/dags/djinni_etl_dag.py
[2024-02-07T16:14:29.898+0000] {processor.py:830} INFO - Processing file /opt/airflow/dags/djinni_etl_dag.py for tasks to queue
[2024-02-07T16:14:29.899+0000] {logging_mixin.py:188} INFO - [2024-02-07T16:14:29.899+0000] {dagbag.py:538} INFO - Filling up the DagBag from /opt/airflow/dags/djinni_etl_dag.py
[2024-02-07T16:14:30.473+0000] {processor.py:840} INFO - DAG(s) 'djinni_etl' retrieved from /opt/airflow/dags/djinni_etl_dag.py
[2024-02-07T16:14:30.488+0000] {logging_mixin.py:188} INFO - [2024-02-07T16:14:30.487+0000] {dag.py:3036} INFO - Sync 1 DAGs
[2024-02-07T16:14:30.508+0000] {logging_mixin.py:188} INFO - [2024-02-07T16:14:30.507+0000] {dag.py:3823} INFO - Setting next_dagrun for djinni_etl to 2024-02-07 16:00:00+00:00, run_after=2024-02-07 17:00:00+00:00
[2024-02-07T16:14:30.524+0000] {processor.py:183} INFO - Processing /opt/airflow/dags/djinni_etl_dag.py took 0.630 seconds
[2024-02-07T16:15:01.135+0000] {processor.py:161} INFO - Started process (PID=532) to work on /opt/airflow/dags/djinni_etl_dag.py
[2024-02-07T16:15:01.136+0000] {processor.py:830} INFO - Processing file /opt/airflow/dags/djinni_etl_dag.py for tasks to queue
[2024-02-07T16:15:01.139+0000] {logging_mixin.py:188} INFO - [2024-02-07T16:15:01.139+0000] {dagbag.py:538} INFO - Filling up the DagBag from /opt/airflow/dags/djinni_etl_dag.py
[2024-02-07T16:15:01.823+0000] {processor.py:840} INFO - DAG(s) 'djinni_etl' retrieved from /opt/airflow/dags/djinni_etl_dag.py
[2024-02-07T16:15:01.842+0000] {logging_mixin.py:188} INFO - [2024-02-07T16:15:01.842+0000] {dag.py:3036} INFO - Sync 1 DAGs
[2024-02-07T16:15:01.871+0000] {logging_mixin.py:188} INFO - [2024-02-07T16:15:01.871+0000] {dag.py:3823} INFO - Setting next_dagrun for djinni_etl to 2024-02-07 16:00:00+00:00, run_after=2024-02-07 17:00:00+00:00
[2024-02-07T16:15:01.891+0000] {processor.py:183} INFO - Processing /opt/airflow/dags/djinni_etl_dag.py took 0.763 seconds
[2024-02-07T16:23:23.172+0000] {processor.py:161} INFO - Started process (PID=35) to work on /opt/airflow/dags/djinni_etl_dag.py
[2024-02-07T16:23:23.173+0000] {processor.py:830} INFO - Processing file /opt/airflow/dags/djinni_etl_dag.py for tasks to queue
[2024-02-07T16:23:23.174+0000] {logging_mixin.py:188} INFO - [2024-02-07T16:23:23.174+0000] {dagbag.py:538} INFO - Filling up the DagBag from /opt/airflow/dags/djinni_etl_dag.py
[2024-02-07T16:23:25.391+0000] {processor.py:840} INFO - DAG(s) 'djinni_etl' retrieved from /opt/airflow/dags/djinni_etl_dag.py
[2024-02-07T16:23:25.626+0000] {logging_mixin.py:188} INFO - [2024-02-07T16:23:25.625+0000] {dag.py:3036} INFO - Sync 1 DAGs
[2024-02-07T16:23:25.641+0000] {logging_mixin.py:188} INFO - [2024-02-07T16:23:25.640+0000] {dag.py:3058} INFO - Creating ORM DAG for djinni_etl
[2024-02-07T16:23:25.657+0000] {logging_mixin.py:188} INFO - [2024-02-07T16:23:25.657+0000] {dag.py:3823} INFO - Setting next_dagrun for djinni_etl to 2024-02-07 15:00:00+00:00, run_after=2024-02-07 16:00:00+00:00
[2024-02-07T16:23:25.681+0000] {processor.py:183} INFO - Processing /opt/airflow/dags/djinni_etl_dag.py took 2.512 seconds
[2024-02-07T16:23:55.864+0000] {processor.py:161} INFO - Started process (PID=111) to work on /opt/airflow/dags/djinni_etl_dag.py
[2024-02-07T16:23:55.865+0000] {processor.py:830} INFO - Processing file /opt/airflow/dags/djinni_etl_dag.py for tasks to queue
[2024-02-07T16:23:55.866+0000] {logging_mixin.py:188} INFO - [2024-02-07T16:23:55.866+0000] {dagbag.py:538} INFO - Filling up the DagBag from /opt/airflow/dags/djinni_etl_dag.py
[2024-02-07T16:23:56.446+0000] {processor.py:840} INFO - DAG(s) 'djinni_etl' retrieved from /opt/airflow/dags/djinni_etl_dag.py
[2024-02-07T16:23:56.463+0000] {logging_mixin.py:188} INFO - [2024-02-07T16:23:56.463+0000] {dag.py:3036} INFO - Sync 1 DAGs
[2024-02-07T16:23:56.484+0000] {logging_mixin.py:188} INFO - [2024-02-07T16:23:56.483+0000] {dag.py:3823} INFO - Setting next_dagrun for djinni_etl to 2024-02-07 15:00:00+00:00, run_after=2024-02-07 16:00:00+00:00
[2024-02-07T16:23:56.500+0000] {processor.py:183} INFO - Processing /opt/airflow/dags/djinni_etl_dag.py took 0.640 seconds
[2024-02-07T16:24:27.174+0000] {processor.py:161} INFO - Started process (PID=169) to work on /opt/airflow/dags/djinni_etl_dag.py
[2024-02-07T16:24:27.176+0000] {processor.py:830} INFO - Processing file /opt/airflow/dags/djinni_etl_dag.py for tasks to queue
[2024-02-07T16:24:27.177+0000] {logging_mixin.py:188} INFO - [2024-02-07T16:24:27.177+0000] {dagbag.py:538} INFO - Filling up the DagBag from /opt/airflow/dags/djinni_etl_dag.py
[2024-02-07T16:24:27.863+0000] {processor.py:840} INFO - DAG(s) 'djinni_etl' retrieved from /opt/airflow/dags/djinni_etl_dag.py
[2024-02-07T16:24:27.879+0000] {logging_mixin.py:188} INFO - [2024-02-07T16:24:27.879+0000] {dag.py:3036} INFO - Sync 1 DAGs
[2024-02-07T16:24:27.909+0000] {logging_mixin.py:188} INFO - [2024-02-07T16:24:27.908+0000] {dag.py:3823} INFO - Setting next_dagrun for djinni_etl to 2024-02-07 16:00:00+00:00, run_after=2024-02-07 17:00:00+00:00
[2024-02-07T16:24:27.926+0000] {processor.py:183} INFO - Processing /opt/airflow/dags/djinni_etl_dag.py took 0.756 seconds
[2024-02-07T16:24:58.721+0000] {processor.py:161} INFO - Started process (PID=231) to work on /opt/airflow/dags/djinni_etl_dag.py
[2024-02-07T16:24:58.722+0000] {processor.py:830} INFO - Processing file /opt/airflow/dags/djinni_etl_dag.py for tasks to queue
[2024-02-07T16:24:58.723+0000] {logging_mixin.py:188} INFO - [2024-02-07T16:24:58.723+0000] {dagbag.py:538} INFO - Filling up the DagBag from /opt/airflow/dags/djinni_etl_dag.py
[2024-02-07T16:24:59.327+0000] {processor.py:840} INFO - DAG(s) 'djinni_etl' retrieved from /opt/airflow/dags/djinni_etl_dag.py
[2024-02-07T16:24:59.342+0000] {logging_mixin.py:188} INFO - [2024-02-07T16:24:59.342+0000] {dag.py:3036} INFO - Sync 1 DAGs
[2024-02-07T16:24:59.366+0000] {logging_mixin.py:188} INFO - [2024-02-07T16:24:59.365+0000] {dag.py:3823} INFO - Setting next_dagrun for djinni_etl to 2024-02-07 16:00:00+00:00, run_after=2024-02-07 17:00:00+00:00
[2024-02-07T16:24:59.383+0000] {processor.py:183} INFO - Processing /opt/airflow/dags/djinni_etl_dag.py took 0.665 seconds
[2024-02-07T16:25:30.091+0000] {processor.py:161} INFO - Started process (PID=291) to work on /opt/airflow/dags/djinni_etl_dag.py
[2024-02-07T16:25:30.093+0000] {processor.py:830} INFO - Processing file /opt/airflow/dags/djinni_etl_dag.py for tasks to queue
[2024-02-07T16:25:30.096+0000] {logging_mixin.py:188} INFO - [2024-02-07T16:25:30.095+0000] {dagbag.py:538} INFO - Filling up the DagBag from /opt/airflow/dags/djinni_etl_dag.py
[2024-02-07T16:25:30.723+0000] {processor.py:840} INFO - DAG(s) 'djinni_etl' retrieved from /opt/airflow/dags/djinni_etl_dag.py
[2024-02-07T16:25:30.742+0000] {logging_mixin.py:188} INFO - [2024-02-07T16:25:30.741+0000] {dag.py:3036} INFO - Sync 1 DAGs
[2024-02-07T16:25:30.765+0000] {logging_mixin.py:188} INFO - [2024-02-07T16:25:30.765+0000] {dag.py:3823} INFO - Setting next_dagrun for djinni_etl to 2024-02-07 16:00:00+00:00, run_after=2024-02-07 17:00:00+00:00
[2024-02-07T16:25:30.783+0000] {processor.py:183} INFO - Processing /opt/airflow/dags/djinni_etl_dag.py took 0.700 seconds
[2024-02-07T16:26:00.884+0000] {processor.py:161} INFO - Started process (PID=353) to work on /opt/airflow/dags/djinni_etl_dag.py
[2024-02-07T16:26:00.884+0000] {processor.py:830} INFO - Processing file /opt/airflow/dags/djinni_etl_dag.py for tasks to queue
[2024-02-07T16:26:00.886+0000] {logging_mixin.py:188} INFO - [2024-02-07T16:26:00.886+0000] {dagbag.py:538} INFO - Filling up the DagBag from /opt/airflow/dags/djinni_etl_dag.py
[2024-02-07T16:26:01.518+0000] {processor.py:840} INFO - DAG(s) 'djinni_etl' retrieved from /opt/airflow/dags/djinni_etl_dag.py
[2024-02-07T16:26:01.537+0000] {logging_mixin.py:188} INFO - [2024-02-07T16:26:01.536+0000] {dag.py:3036} INFO - Sync 1 DAGs
[2024-02-07T16:26:01.567+0000] {logging_mixin.py:188} INFO - [2024-02-07T16:26:01.566+0000] {dag.py:3823} INFO - Setting next_dagrun for djinni_etl to 2024-02-07 16:00:00+00:00, run_after=2024-02-07 17:00:00+00:00
[2024-02-07T16:26:01.583+0000] {processor.py:183} INFO - Processing /opt/airflow/dags/djinni_etl_dag.py took 0.703 seconds
[2024-02-07T16:48:19.463+0000] {processor.py:161} INFO - Started process (PID=34) to work on /opt/airflow/dags/djinni_etl_dag.py
[2024-02-07T16:48:19.464+0000] {processor.py:830} INFO - Processing file /opt/airflow/dags/djinni_etl_dag.py for tasks to queue
[2024-02-07T16:48:19.466+0000] {logging_mixin.py:188} INFO - [2024-02-07T16:48:19.466+0000] {dagbag.py:538} INFO - Filling up the DagBag from /opt/airflow/dags/djinni_etl_dag.py
[2024-02-07T16:48:22.404+0000] {processor.py:840} INFO - DAG(s) 'djinni_etl' retrieved from /opt/airflow/dags/djinni_etl_dag.py
[2024-02-07T16:48:22.569+0000] {logging_mixin.py:188} INFO - [2024-02-07T16:48:22.568+0000] {dag.py:3036} INFO - Sync 1 DAGs
[2024-02-07T16:48:22.590+0000] {logging_mixin.py:188} INFO - [2024-02-07T16:48:22.589+0000] {dag.py:3058} INFO - Creating ORM DAG for djinni_etl
[2024-02-07T16:48:22.613+0000] {logging_mixin.py:188} INFO - [2024-02-07T16:48:22.613+0000] {dag.py:3823} INFO - Setting next_dagrun for djinni_etl to 2024-02-07 15:00:00+00:00, run_after=2024-02-07 16:00:00+00:00
[2024-02-07T16:48:22.638+0000] {processor.py:183} INFO - Processing /opt/airflow/dags/djinni_etl_dag.py took 3.179 seconds
[2024-02-07T16:48:52.963+0000] {processor.py:161} INFO - Started process (PID=106) to work on /opt/airflow/dags/djinni_etl_dag.py
[2024-02-07T16:48:52.965+0000] {processor.py:830} INFO - Processing file /opt/airflow/dags/djinni_etl_dag.py for tasks to queue
[2024-02-07T16:48:52.967+0000] {logging_mixin.py:188} INFO - [2024-02-07T16:48:52.967+0000] {dagbag.py:538} INFO - Filling up the DagBag from /opt/airflow/dags/djinni_etl_dag.py
[2024-02-07T16:48:53.565+0000] {processor.py:840} INFO - DAG(s) 'djinni_etl' retrieved from /opt/airflow/dags/djinni_etl_dag.py
[2024-02-07T16:48:53.581+0000] {logging_mixin.py:188} INFO - [2024-02-07T16:48:53.581+0000] {dag.py:3036} INFO - Sync 1 DAGs
[2024-02-07T16:48:53.605+0000] {logging_mixin.py:188} INFO - [2024-02-07T16:48:53.605+0000] {dag.py:3823} INFO - Setting next_dagrun for djinni_etl to 2024-02-07 15:00:00+00:00, run_after=2024-02-07 16:00:00+00:00
[2024-02-07T16:48:53.622+0000] {processor.py:183} INFO - Processing /opt/airflow/dags/djinni_etl_dag.py took 0.666 seconds
[2024-02-07T16:49:23.926+0000] {processor.py:161} INFO - Started process (PID=169) to work on /opt/airflow/dags/djinni_etl_dag.py
[2024-02-07T16:49:23.927+0000] {processor.py:830} INFO - Processing file /opt/airflow/dags/djinni_etl_dag.py for tasks to queue
[2024-02-07T16:49:23.929+0000] {logging_mixin.py:188} INFO - [2024-02-07T16:49:23.928+0000] {dagbag.py:538} INFO - Filling up the DagBag from /opt/airflow/dags/djinni_etl_dag.py
[2024-02-07T16:49:24.625+0000] {processor.py:840} INFO - DAG(s) 'djinni_etl' retrieved from /opt/airflow/dags/djinni_etl_dag.py
[2024-02-07T16:49:24.646+0000] {logging_mixin.py:188} INFO - [2024-02-07T16:49:24.645+0000] {dag.py:3036} INFO - Sync 1 DAGs
[2024-02-07T16:49:24.678+0000] {logging_mixin.py:188} INFO - [2024-02-07T16:49:24.678+0000] {dag.py:3823} INFO - Setting next_dagrun for djinni_etl to 2024-02-07 16:00:00+00:00, run_after=2024-02-07 17:00:00+00:00
[2024-02-07T16:49:24.696+0000] {processor.py:183} INFO - Processing /opt/airflow/dags/djinni_etl_dag.py took 0.773 seconds
[2024-02-07T16:49:54.825+0000] {processor.py:161} INFO - Started process (PID=234) to work on /opt/airflow/dags/djinni_etl_dag.py
[2024-02-07T16:49:54.826+0000] {processor.py:830} INFO - Processing file /opt/airflow/dags/djinni_etl_dag.py for tasks to queue
[2024-02-07T16:49:54.828+0000] {logging_mixin.py:188} INFO - [2024-02-07T16:49:54.828+0000] {dagbag.py:538} INFO - Filling up the DagBag from /opt/airflow/dags/djinni_etl_dag.py
[2024-02-07T16:49:55.405+0000] {processor.py:840} INFO - DAG(s) 'djinni_etl' retrieved from /opt/airflow/dags/djinni_etl_dag.py
[2024-02-07T16:49:55.422+0000] {logging_mixin.py:188} INFO - [2024-02-07T16:49:55.421+0000] {dag.py:3036} INFO - Sync 1 DAGs
[2024-02-07T16:49:55.454+0000] {logging_mixin.py:188} INFO - [2024-02-07T16:49:55.454+0000] {dag.py:3823} INFO - Setting next_dagrun for djinni_etl to 2024-02-07 16:00:00+00:00, run_after=2024-02-07 17:00:00+00:00
[2024-02-07T16:49:55.476+0000] {processor.py:183} INFO - Processing /opt/airflow/dags/djinni_etl_dag.py took 0.654 seconds
[2024-02-07T16:50:25.930+0000] {processor.py:161} INFO - Started process (PID=291) to work on /opt/airflow/dags/djinni_etl_dag.py
[2024-02-07T16:50:25.933+0000] {processor.py:830} INFO - Processing file /opt/airflow/dags/djinni_etl_dag.py for tasks to queue
[2024-02-07T16:50:25.938+0000] {logging_mixin.py:188} INFO - [2024-02-07T16:50:25.937+0000] {dagbag.py:538} INFO - Filling up the DagBag from /opt/airflow/dags/djinni_etl_dag.py
[2024-02-07T16:50:26.527+0000] {processor.py:840} INFO - DAG(s) 'djinni_etl' retrieved from /opt/airflow/dags/djinni_etl_dag.py
[2024-02-07T16:50:26.542+0000] {logging_mixin.py:188} INFO - [2024-02-07T16:50:26.542+0000] {dag.py:3036} INFO - Sync 1 DAGs
[2024-02-07T16:50:26.564+0000] {logging_mixin.py:188} INFO - [2024-02-07T16:50:26.564+0000] {dag.py:3823} INFO - Setting next_dagrun for djinni_etl to 2024-02-07 16:00:00+00:00, run_after=2024-02-07 17:00:00+00:00
[2024-02-07T16:50:26.582+0000] {processor.py:183} INFO - Processing /opt/airflow/dags/djinni_etl_dag.py took 0.663 seconds
[2024-02-07T16:50:57.167+0000] {processor.py:161} INFO - Started process (PID=349) to work on /opt/airflow/dags/djinni_etl_dag.py
[2024-02-07T16:50:57.171+0000] {processor.py:830} INFO - Processing file /opt/airflow/dags/djinni_etl_dag.py for tasks to queue
[2024-02-07T16:50:57.177+0000] {logging_mixin.py:188} INFO - [2024-02-07T16:50:57.176+0000] {dagbag.py:538} INFO - Filling up the DagBag from /opt/airflow/dags/djinni_etl_dag.py
[2024-02-07T16:50:58.060+0000] {processor.py:840} INFO - DAG(s) 'djinni_etl' retrieved from /opt/airflow/dags/djinni_etl_dag.py
[2024-02-07T16:50:58.083+0000] {logging_mixin.py:188} INFO - [2024-02-07T16:50:58.082+0000] {dag.py:3036} INFO - Sync 1 DAGs
[2024-02-07T16:50:58.126+0000] {logging_mixin.py:188} INFO - [2024-02-07T16:50:58.125+0000] {dag.py:3823} INFO - Setting next_dagrun for djinni_etl to 2024-02-07 16:00:00+00:00, run_after=2024-02-07 17:00:00+00:00
[2024-02-07T16:50:58.160+0000] {processor.py:183} INFO - Processing /opt/airflow/dags/djinni_etl_dag.py took 1.008 seconds
