[2024-02-07T14:34:03.368+0000] {processor.py:161} INFO - Started process (PID=60) to work on /home/airflow/.local/lib/python3.8/site-packages/airflow/example_dags/example_task_group_decorator.py
[2024-02-07T14:34:03.369+0000] {processor.py:830} INFO - Processing file /home/airflow/.local/lib/python3.8/site-packages/airflow/example_dags/example_task_group_decorator.py for tasks to queue
[2024-02-07T14:34:03.371+0000] {logging_mixin.py:188} INFO - [2024-02-07T14:34:03.371+0000] {dagbag.py:538} INFO - Filling up the DagBag from /home/airflow/.local/lib/python3.8/site-packages/airflow/example_dags/example_task_group_decorator.py
[2024-02-07T14:34:03.394+0000] {processor.py:840} INFO - DAG(s) 'example_task_group_decorator' retrieved from /home/airflow/.local/lib/python3.8/site-packages/airflow/example_dags/example_task_group_decorator.py
[2024-02-07T14:34:03.409+0000] {logging_mixin.py:188} INFO - [2024-02-07T14:34:03.409+0000] {dag.py:3036} INFO - Sync 1 DAGs
[2024-02-07T14:34:03.456+0000] {logging_mixin.py:188} INFO - [2024-02-07T14:34:03.455+0000] {dag.py:3823} INFO - Setting next_dagrun for example_task_group_decorator to 2024-02-06 00:00:00+00:00, run_after=2024-02-07 00:00:00+00:00
[2024-02-07T14:34:03.484+0000] {processor.py:183} INFO - Processing /home/airflow/.local/lib/python3.8/site-packages/airflow/example_dags/example_task_group_decorator.py took 0.120 seconds
[2024-02-07T14:34:34.848+0000] {processor.py:161} INFO - Started process (PID=117) to work on /home/airflow/.local/lib/python3.8/site-packages/airflow/example_dags/example_task_group_decorator.py
[2024-02-07T14:34:34.850+0000] {processor.py:830} INFO - Processing file /home/airflow/.local/lib/python3.8/site-packages/airflow/example_dags/example_task_group_decorator.py for tasks to queue
[2024-02-07T14:34:34.853+0000] {logging_mixin.py:188} INFO - [2024-02-07T14:34:34.852+0000] {dagbag.py:538} INFO - Filling up the DagBag from /home/airflow/.local/lib/python3.8/site-packages/airflow/example_dags/example_task_group_decorator.py
[2024-02-07T14:34:34.881+0000] {processor.py:840} INFO - DAG(s) 'example_task_group_decorator' retrieved from /home/airflow/.local/lib/python3.8/site-packages/airflow/example_dags/example_task_group_decorator.py
[2024-02-07T14:34:35.054+0000] {logging_mixin.py:188} INFO - [2024-02-07T14:34:35.054+0000] {dag.py:3036} INFO - Sync 1 DAGs
[2024-02-07T14:34:35.083+0000] {logging_mixin.py:188} INFO - [2024-02-07T14:34:35.083+0000] {dag.py:3823} INFO - Setting next_dagrun for example_task_group_decorator to 2024-02-06 00:00:00+00:00, run_after=2024-02-07 00:00:00+00:00
[2024-02-07T14:34:35.114+0000] {processor.py:183} INFO - Processing /home/airflow/.local/lib/python3.8/site-packages/airflow/example_dags/example_task_group_decorator.py took 0.271 seconds
[2024-02-07T14:35:06.036+0000] {processor.py:161} INFO - Started process (PID=174) to work on /home/airflow/.local/lib/python3.8/site-packages/airflow/example_dags/example_task_group_decorator.py
[2024-02-07T14:35:06.038+0000] {processor.py:830} INFO - Processing file /home/airflow/.local/lib/python3.8/site-packages/airflow/example_dags/example_task_group_decorator.py for tasks to queue
[2024-02-07T14:35:06.040+0000] {logging_mixin.py:188} INFO - [2024-02-07T14:35:06.040+0000] {dagbag.py:538} INFO - Filling up the DagBag from /home/airflow/.local/lib/python3.8/site-packages/airflow/example_dags/example_task_group_decorator.py
[2024-02-07T14:35:06.057+0000] {processor.py:840} INFO - DAG(s) 'example_task_group_decorator' retrieved from /home/airflow/.local/lib/python3.8/site-packages/airflow/example_dags/example_task_group_decorator.py
[2024-02-07T14:35:06.091+0000] {logging_mixin.py:188} INFO - [2024-02-07T14:35:06.091+0000] {dag.py:3036} INFO - Sync 1 DAGs
[2024-02-07T14:35:06.118+0000] {logging_mixin.py:188} INFO - [2024-02-07T14:35:06.118+0000] {dag.py:3823} INFO - Setting next_dagrun for example_task_group_decorator to 2024-02-06 00:00:00+00:00, run_after=2024-02-07 00:00:00+00:00
[2024-02-07T14:35:06.135+0000] {processor.py:183} INFO - Processing /home/airflow/.local/lib/python3.8/site-packages/airflow/example_dags/example_task_group_decorator.py took 0.106 seconds
[2024-02-07T14:35:36.673+0000] {processor.py:161} INFO - Started process (PID=231) to work on /home/airflow/.local/lib/python3.8/site-packages/airflow/example_dags/example_task_group_decorator.py
[2024-02-07T14:35:36.674+0000] {processor.py:830} INFO - Processing file /home/airflow/.local/lib/python3.8/site-packages/airflow/example_dags/example_task_group_decorator.py for tasks to queue
[2024-02-07T14:35:36.677+0000] {logging_mixin.py:188} INFO - [2024-02-07T14:35:36.676+0000] {dagbag.py:538} INFO - Filling up the DagBag from /home/airflow/.local/lib/python3.8/site-packages/airflow/example_dags/example_task_group_decorator.py
[2024-02-07T14:35:36.703+0000] {processor.py:840} INFO - DAG(s) 'example_task_group_decorator' retrieved from /home/airflow/.local/lib/python3.8/site-packages/airflow/example_dags/example_task_group_decorator.py
[2024-02-07T14:35:36.729+0000] {logging_mixin.py:188} INFO - [2024-02-07T14:35:36.729+0000] {dag.py:3036} INFO - Sync 1 DAGs
[2024-02-07T14:35:36.762+0000] {logging_mixin.py:188} INFO - [2024-02-07T14:35:36.762+0000] {dag.py:3823} INFO - Setting next_dagrun for example_task_group_decorator to 2024-02-06 00:00:00+00:00, run_after=2024-02-07 00:00:00+00:00
[2024-02-07T14:35:36.789+0000] {processor.py:183} INFO - Processing /home/airflow/.local/lib/python3.8/site-packages/airflow/example_dags/example_task_group_decorator.py took 0.122 seconds
[2024-02-07T14:43:07.883+0000] {processor.py:161} INFO - Started process (PID=60) to work on /home/airflow/.local/lib/python3.8/site-packages/airflow/example_dags/example_task_group_decorator.py
[2024-02-07T14:43:07.884+0000] {processor.py:830} INFO - Processing file /home/airflow/.local/lib/python3.8/site-packages/airflow/example_dags/example_task_group_decorator.py for tasks to queue
[2024-02-07T14:43:07.886+0000] {logging_mixin.py:188} INFO - [2024-02-07T14:43:07.885+0000] {dagbag.py:538} INFO - Filling up the DagBag from /home/airflow/.local/lib/python3.8/site-packages/airflow/example_dags/example_task_group_decorator.py
[2024-02-07T14:43:07.905+0000] {processor.py:840} INFO - DAG(s) 'example_task_group_decorator' retrieved from /home/airflow/.local/lib/python3.8/site-packages/airflow/example_dags/example_task_group_decorator.py
[2024-02-07T14:43:07.919+0000] {logging_mixin.py:188} INFO - [2024-02-07T14:43:07.919+0000] {dag.py:3036} INFO - Sync 1 DAGs
[2024-02-07T14:43:07.960+0000] {logging_mixin.py:188} INFO - [2024-02-07T14:43:07.959+0000] {dag.py:3823} INFO - Setting next_dagrun for example_task_group_decorator to 2024-02-06 00:00:00+00:00, run_after=2024-02-07 00:00:00+00:00
[2024-02-07T14:43:07.992+0000] {processor.py:183} INFO - Processing /home/airflow/.local/lib/python3.8/site-packages/airflow/example_dags/example_task_group_decorator.py took 0.114 seconds
[2024-02-07T14:43:38.974+0000] {processor.py:161} INFO - Started process (PID=117) to work on /home/airflow/.local/lib/python3.8/site-packages/airflow/example_dags/example_task_group_decorator.py
[2024-02-07T14:43:38.975+0000] {processor.py:830} INFO - Processing file /home/airflow/.local/lib/python3.8/site-packages/airflow/example_dags/example_task_group_decorator.py for tasks to queue
[2024-02-07T14:43:38.977+0000] {logging_mixin.py:188} INFO - [2024-02-07T14:43:38.976+0000] {dagbag.py:538} INFO - Filling up the DagBag from /home/airflow/.local/lib/python3.8/site-packages/airflow/example_dags/example_task_group_decorator.py
[2024-02-07T14:43:38.991+0000] {processor.py:840} INFO - DAG(s) 'example_task_group_decorator' retrieved from /home/airflow/.local/lib/python3.8/site-packages/airflow/example_dags/example_task_group_decorator.py
[2024-02-07T14:43:39.110+0000] {logging_mixin.py:188} INFO - [2024-02-07T14:43:39.110+0000] {dag.py:3036} INFO - Sync 1 DAGs
[2024-02-07T14:43:39.134+0000] {logging_mixin.py:188} INFO - [2024-02-07T14:43:39.134+0000] {dag.py:3823} INFO - Setting next_dagrun for example_task_group_decorator to 2024-02-06 00:00:00+00:00, run_after=2024-02-07 00:00:00+00:00
[2024-02-07T14:43:39.159+0000] {processor.py:183} INFO - Processing /home/airflow/.local/lib/python3.8/site-packages/airflow/example_dags/example_task_group_decorator.py took 0.188 seconds
[2024-02-07T14:44:09.284+0000] {processor.py:161} INFO - Started process (PID=174) to work on /home/airflow/.local/lib/python3.8/site-packages/airflow/example_dags/example_task_group_decorator.py
[2024-02-07T14:44:09.285+0000] {processor.py:830} INFO - Processing file /home/airflow/.local/lib/python3.8/site-packages/airflow/example_dags/example_task_group_decorator.py for tasks to queue
[2024-02-07T14:44:09.286+0000] {logging_mixin.py:188} INFO - [2024-02-07T14:44:09.286+0000] {dagbag.py:538} INFO - Filling up the DagBag from /home/airflow/.local/lib/python3.8/site-packages/airflow/example_dags/example_task_group_decorator.py
[2024-02-07T14:44:09.301+0000] {processor.py:840} INFO - DAG(s) 'example_task_group_decorator' retrieved from /home/airflow/.local/lib/python3.8/site-packages/airflow/example_dags/example_task_group_decorator.py
[2024-02-07T14:44:09.326+0000] {logging_mixin.py:188} INFO - [2024-02-07T14:44:09.326+0000] {dag.py:3036} INFO - Sync 1 DAGs
[2024-02-07T14:44:09.349+0000] {logging_mixin.py:188} INFO - [2024-02-07T14:44:09.349+0000] {dag.py:3823} INFO - Setting next_dagrun for example_task_group_decorator to 2024-02-06 00:00:00+00:00, run_after=2024-02-07 00:00:00+00:00
[2024-02-07T14:44:09.367+0000] {processor.py:183} INFO - Processing /home/airflow/.local/lib/python3.8/site-packages/airflow/example_dags/example_task_group_decorator.py took 0.086 seconds
[2024-02-07T14:44:39.876+0000] {processor.py:161} INFO - Started process (PID=231) to work on /home/airflow/.local/lib/python3.8/site-packages/airflow/example_dags/example_task_group_decorator.py
[2024-02-07T14:44:39.877+0000] {processor.py:830} INFO - Processing file /home/airflow/.local/lib/python3.8/site-packages/airflow/example_dags/example_task_group_decorator.py for tasks to queue
[2024-02-07T14:44:39.879+0000] {logging_mixin.py:188} INFO - [2024-02-07T14:44:39.878+0000] {dagbag.py:538} INFO - Filling up the DagBag from /home/airflow/.local/lib/python3.8/site-packages/airflow/example_dags/example_task_group_decorator.py
[2024-02-07T14:44:39.899+0000] {processor.py:840} INFO - DAG(s) 'example_task_group_decorator' retrieved from /home/airflow/.local/lib/python3.8/site-packages/airflow/example_dags/example_task_group_decorator.py
[2024-02-07T14:44:39.933+0000] {logging_mixin.py:188} INFO - [2024-02-07T14:44:39.933+0000] {dag.py:3036} INFO - Sync 1 DAGs
[2024-02-07T14:44:39.963+0000] {logging_mixin.py:188} INFO - [2024-02-07T14:44:39.963+0000] {dag.py:3823} INFO - Setting next_dagrun for example_task_group_decorator to 2024-02-06 00:00:00+00:00, run_after=2024-02-07 00:00:00+00:00
[2024-02-07T14:44:39.983+0000] {processor.py:183} INFO - Processing /home/airflow/.local/lib/python3.8/site-packages/airflow/example_dags/example_task_group_decorator.py took 0.110 seconds
[2024-02-07T14:45:10.747+0000] {processor.py:161} INFO - Started process (PID=288) to work on /home/airflow/.local/lib/python3.8/site-packages/airflow/example_dags/example_task_group_decorator.py
[2024-02-07T14:45:10.748+0000] {processor.py:830} INFO - Processing file /home/airflow/.local/lib/python3.8/site-packages/airflow/example_dags/example_task_group_decorator.py for tasks to queue
[2024-02-07T14:45:10.749+0000] {logging_mixin.py:188} INFO - [2024-02-07T14:45:10.749+0000] {dagbag.py:538} INFO - Filling up the DagBag from /home/airflow/.local/lib/python3.8/site-packages/airflow/example_dags/example_task_group_decorator.py
[2024-02-07T14:45:10.766+0000] {processor.py:840} INFO - DAG(s) 'example_task_group_decorator' retrieved from /home/airflow/.local/lib/python3.8/site-packages/airflow/example_dags/example_task_group_decorator.py
[2024-02-07T14:45:10.797+0000] {logging_mixin.py:188} INFO - [2024-02-07T14:45:10.797+0000] {dag.py:3036} INFO - Sync 1 DAGs
[2024-02-07T14:45:10.825+0000] {logging_mixin.py:188} INFO - [2024-02-07T14:45:10.824+0000] {dag.py:3823} INFO - Setting next_dagrun for example_task_group_decorator to 2024-02-06 00:00:00+00:00, run_after=2024-02-07 00:00:00+00:00
[2024-02-07T14:45:10.847+0000] {processor.py:183} INFO - Processing /home/airflow/.local/lib/python3.8/site-packages/airflow/example_dags/example_task_group_decorator.py took 0.104 seconds
[2024-02-07T14:45:41.055+0000] {processor.py:161} INFO - Started process (PID=343) to work on /home/airflow/.local/lib/python3.8/site-packages/airflow/example_dags/example_task_group_decorator.py
[2024-02-07T14:45:41.056+0000] {processor.py:830} INFO - Processing file /home/airflow/.local/lib/python3.8/site-packages/airflow/example_dags/example_task_group_decorator.py for tasks to queue
[2024-02-07T14:45:41.058+0000] {logging_mixin.py:188} INFO - [2024-02-07T14:45:41.058+0000] {dagbag.py:538} INFO - Filling up the DagBag from /home/airflow/.local/lib/python3.8/site-packages/airflow/example_dags/example_task_group_decorator.py
[2024-02-07T14:45:41.085+0000] {processor.py:840} INFO - DAG(s) 'example_task_group_decorator' retrieved from /home/airflow/.local/lib/python3.8/site-packages/airflow/example_dags/example_task_group_decorator.py
[2024-02-07T14:45:41.127+0000] {logging_mixin.py:188} INFO - [2024-02-07T14:45:41.127+0000] {dag.py:3036} INFO - Sync 1 DAGs
[2024-02-07T14:45:41.166+0000] {logging_mixin.py:188} INFO - [2024-02-07T14:45:41.166+0000] {dag.py:3823} INFO - Setting next_dagrun for example_task_group_decorator to 2024-02-06 00:00:00+00:00, run_after=2024-02-07 00:00:00+00:00
[2024-02-07T14:45:41.192+0000] {processor.py:183} INFO - Processing /home/airflow/.local/lib/python3.8/site-packages/airflow/example_dags/example_task_group_decorator.py took 0.143 seconds
[2024-02-07T14:46:11.449+0000] {processor.py:161} INFO - Started process (PID=400) to work on /home/airflow/.local/lib/python3.8/site-packages/airflow/example_dags/example_task_group_decorator.py
[2024-02-07T14:46:11.450+0000] {processor.py:830} INFO - Processing file /home/airflow/.local/lib/python3.8/site-packages/airflow/example_dags/example_task_group_decorator.py for tasks to queue
[2024-02-07T14:46:11.451+0000] {logging_mixin.py:188} INFO - [2024-02-07T14:46:11.451+0000] {dagbag.py:538} INFO - Filling up the DagBag from /home/airflow/.local/lib/python3.8/site-packages/airflow/example_dags/example_task_group_decorator.py
[2024-02-07T14:46:11.465+0000] {processor.py:840} INFO - DAG(s) 'example_task_group_decorator' retrieved from /home/airflow/.local/lib/python3.8/site-packages/airflow/example_dags/example_task_group_decorator.py
[2024-02-07T14:46:11.489+0000] {logging_mixin.py:188} INFO - [2024-02-07T14:46:11.489+0000] {dag.py:3036} INFO - Sync 1 DAGs
[2024-02-07T14:46:11.512+0000] {logging_mixin.py:188} INFO - [2024-02-07T14:46:11.511+0000] {dag.py:3823} INFO - Setting next_dagrun for example_task_group_decorator to 2024-02-06 00:00:00+00:00, run_after=2024-02-07 00:00:00+00:00
[2024-02-07T14:46:11.530+0000] {processor.py:183} INFO - Processing /home/airflow/.local/lib/python3.8/site-packages/airflow/example_dags/example_task_group_decorator.py took 0.085 seconds
[2024-02-07T14:46:42.411+0000] {processor.py:161} INFO - Started process (PID=457) to work on /home/airflow/.local/lib/python3.8/site-packages/airflow/example_dags/example_task_group_decorator.py
[2024-02-07T14:46:42.412+0000] {processor.py:830} INFO - Processing file /home/airflow/.local/lib/python3.8/site-packages/airflow/example_dags/example_task_group_decorator.py for tasks to queue
[2024-02-07T14:46:42.413+0000] {logging_mixin.py:188} INFO - [2024-02-07T14:46:42.413+0000] {dagbag.py:538} INFO - Filling up the DagBag from /home/airflow/.local/lib/python3.8/site-packages/airflow/example_dags/example_task_group_decorator.py
[2024-02-07T14:46:42.427+0000] {processor.py:840} INFO - DAG(s) 'example_task_group_decorator' retrieved from /home/airflow/.local/lib/python3.8/site-packages/airflow/example_dags/example_task_group_decorator.py
[2024-02-07T14:46:42.451+0000] {logging_mixin.py:188} INFO - [2024-02-07T14:46:42.451+0000] {dag.py:3036} INFO - Sync 1 DAGs
[2024-02-07T14:46:42.473+0000] {logging_mixin.py:188} INFO - [2024-02-07T14:46:42.473+0000] {dag.py:3823} INFO - Setting next_dagrun for example_task_group_decorator to 2024-02-06 00:00:00+00:00, run_after=2024-02-07 00:00:00+00:00
[2024-02-07T14:46:42.491+0000] {processor.py:183} INFO - Processing /home/airflow/.local/lib/python3.8/site-packages/airflow/example_dags/example_task_group_decorator.py took 0.083 seconds
[2024-02-07T14:47:12.755+0000] {processor.py:161} INFO - Started process (PID=514) to work on /home/airflow/.local/lib/python3.8/site-packages/airflow/example_dags/example_task_group_decorator.py
[2024-02-07T14:47:12.756+0000] {processor.py:830} INFO - Processing file /home/airflow/.local/lib/python3.8/site-packages/airflow/example_dags/example_task_group_decorator.py for tasks to queue
[2024-02-07T14:47:12.760+0000] {logging_mixin.py:188} INFO - [2024-02-07T14:47:12.759+0000] {dagbag.py:538} INFO - Filling up the DagBag from /home/airflow/.local/lib/python3.8/site-packages/airflow/example_dags/example_task_group_decorator.py
[2024-02-07T14:47:12.786+0000] {processor.py:840} INFO - DAG(s) 'example_task_group_decorator' retrieved from /home/airflow/.local/lib/python3.8/site-packages/airflow/example_dags/example_task_group_decorator.py
[2024-02-07T14:47:12.827+0000] {logging_mixin.py:188} INFO - [2024-02-07T14:47:12.826+0000] {dag.py:3036} INFO - Sync 1 DAGs
[2024-02-07T14:47:12.862+0000] {logging_mixin.py:188} INFO - [2024-02-07T14:47:12.861+0000] {dag.py:3823} INFO - Setting next_dagrun for example_task_group_decorator to 2024-02-06 00:00:00+00:00, run_after=2024-02-07 00:00:00+00:00
[2024-02-07T14:47:12.893+0000] {processor.py:183} INFO - Processing /home/airflow/.local/lib/python3.8/site-packages/airflow/example_dags/example_task_group_decorator.py took 0.144 seconds
[2024-02-07T14:47:43.025+0000] {processor.py:161} INFO - Started process (PID=571) to work on /home/airflow/.local/lib/python3.8/site-packages/airflow/example_dags/example_task_group_decorator.py
[2024-02-07T14:47:43.026+0000] {processor.py:830} INFO - Processing file /home/airflow/.local/lib/python3.8/site-packages/airflow/example_dags/example_task_group_decorator.py for tasks to queue
[2024-02-07T14:47:43.028+0000] {logging_mixin.py:188} INFO - [2024-02-07T14:47:43.028+0000] {dagbag.py:538} INFO - Filling up the DagBag from /home/airflow/.local/lib/python3.8/site-packages/airflow/example_dags/example_task_group_decorator.py
[2024-02-07T14:47:43.042+0000] {processor.py:840} INFO - DAG(s) 'example_task_group_decorator' retrieved from /home/airflow/.local/lib/python3.8/site-packages/airflow/example_dags/example_task_group_decorator.py
[2024-02-07T14:47:43.068+0000] {logging_mixin.py:188} INFO - [2024-02-07T14:47:43.068+0000] {dag.py:3036} INFO - Sync 1 DAGs
[2024-02-07T14:47:43.090+0000] {logging_mixin.py:188} INFO - [2024-02-07T14:47:43.090+0000] {dag.py:3823} INFO - Setting next_dagrun for example_task_group_decorator to 2024-02-06 00:00:00+00:00, run_after=2024-02-07 00:00:00+00:00
[2024-02-07T14:47:43.108+0000] {processor.py:183} INFO - Processing /home/airflow/.local/lib/python3.8/site-packages/airflow/example_dags/example_task_group_decorator.py took 0.086 seconds
[2024-02-07T14:48:13.574+0000] {processor.py:161} INFO - Started process (PID=628) to work on /home/airflow/.local/lib/python3.8/site-packages/airflow/example_dags/example_task_group_decorator.py
[2024-02-07T14:48:13.575+0000] {processor.py:830} INFO - Processing file /home/airflow/.local/lib/python3.8/site-packages/airflow/example_dags/example_task_group_decorator.py for tasks to queue
[2024-02-07T14:48:13.577+0000] {logging_mixin.py:188} INFO - [2024-02-07T14:48:13.576+0000] {dagbag.py:538} INFO - Filling up the DagBag from /home/airflow/.local/lib/python3.8/site-packages/airflow/example_dags/example_task_group_decorator.py
[2024-02-07T14:48:13.591+0000] {processor.py:840} INFO - DAG(s) 'example_task_group_decorator' retrieved from /home/airflow/.local/lib/python3.8/site-packages/airflow/example_dags/example_task_group_decorator.py
[2024-02-07T14:48:13.616+0000] {logging_mixin.py:188} INFO - [2024-02-07T14:48:13.616+0000] {dag.py:3036} INFO - Sync 1 DAGs
[2024-02-07T14:48:13.639+0000] {logging_mixin.py:188} INFO - [2024-02-07T14:48:13.638+0000] {dag.py:3823} INFO - Setting next_dagrun for example_task_group_decorator to 2024-02-06 00:00:00+00:00, run_after=2024-02-07 00:00:00+00:00
[2024-02-07T14:48:13.656+0000] {processor.py:183} INFO - Processing /home/airflow/.local/lib/python3.8/site-packages/airflow/example_dags/example_task_group_decorator.py took 0.085 seconds
[2024-02-07T14:48:43.965+0000] {processor.py:161} INFO - Started process (PID=685) to work on /home/airflow/.local/lib/python3.8/site-packages/airflow/example_dags/example_task_group_decorator.py
[2024-02-07T14:48:43.966+0000] {processor.py:830} INFO - Processing file /home/airflow/.local/lib/python3.8/site-packages/airflow/example_dags/example_task_group_decorator.py for tasks to queue
[2024-02-07T14:48:43.968+0000] {logging_mixin.py:188} INFO - [2024-02-07T14:48:43.967+0000] {dagbag.py:538} INFO - Filling up the DagBag from /home/airflow/.local/lib/python3.8/site-packages/airflow/example_dags/example_task_group_decorator.py
[2024-02-07T14:48:43.982+0000] {processor.py:840} INFO - DAG(s) 'example_task_group_decorator' retrieved from /home/airflow/.local/lib/python3.8/site-packages/airflow/example_dags/example_task_group_decorator.py
[2024-02-07T14:48:44.014+0000] {logging_mixin.py:188} INFO - [2024-02-07T14:48:44.014+0000] {dag.py:3036} INFO - Sync 1 DAGs
[2024-02-07T14:48:44.042+0000] {logging_mixin.py:188} INFO - [2024-02-07T14:48:44.042+0000] {dag.py:3823} INFO - Setting next_dagrun for example_task_group_decorator to 2024-02-06 00:00:00+00:00, run_after=2024-02-07 00:00:00+00:00
[2024-02-07T14:48:44.060+0000] {processor.py:183} INFO - Processing /home/airflow/.local/lib/python3.8/site-packages/airflow/example_dags/example_task_group_decorator.py took 0.098 seconds
[2024-02-07T14:49:14.141+0000] {processor.py:161} INFO - Started process (PID=742) to work on /home/airflow/.local/lib/python3.8/site-packages/airflow/example_dags/example_task_group_decorator.py
[2024-02-07T14:49:14.142+0000] {processor.py:830} INFO - Processing file /home/airflow/.local/lib/python3.8/site-packages/airflow/example_dags/example_task_group_decorator.py for tasks to queue
[2024-02-07T14:49:14.144+0000] {logging_mixin.py:188} INFO - [2024-02-07T14:49:14.144+0000] {dagbag.py:538} INFO - Filling up the DagBag from /home/airflow/.local/lib/python3.8/site-packages/airflow/example_dags/example_task_group_decorator.py
[2024-02-07T14:49:14.158+0000] {processor.py:840} INFO - DAG(s) 'example_task_group_decorator' retrieved from /home/airflow/.local/lib/python3.8/site-packages/airflow/example_dags/example_task_group_decorator.py
[2024-02-07T14:49:14.182+0000] {logging_mixin.py:188} INFO - [2024-02-07T14:49:14.182+0000] {dag.py:3036} INFO - Sync 1 DAGs
[2024-02-07T14:49:14.204+0000] {logging_mixin.py:188} INFO - [2024-02-07T14:49:14.204+0000] {dag.py:3823} INFO - Setting next_dagrun for example_task_group_decorator to 2024-02-06 00:00:00+00:00, run_after=2024-02-07 00:00:00+00:00
[2024-02-07T14:49:14.222+0000] {processor.py:183} INFO - Processing /home/airflow/.local/lib/python3.8/site-packages/airflow/example_dags/example_task_group_decorator.py took 0.084 seconds
[2024-02-07T14:49:44.784+0000] {processor.py:161} INFO - Started process (PID=799) to work on /home/airflow/.local/lib/python3.8/site-packages/airflow/example_dags/example_task_group_decorator.py
[2024-02-07T14:49:44.785+0000] {processor.py:830} INFO - Processing file /home/airflow/.local/lib/python3.8/site-packages/airflow/example_dags/example_task_group_decorator.py for tasks to queue
[2024-02-07T14:49:44.787+0000] {logging_mixin.py:188} INFO - [2024-02-07T14:49:44.786+0000] {dagbag.py:538} INFO - Filling up the DagBag from /home/airflow/.local/lib/python3.8/site-packages/airflow/example_dags/example_task_group_decorator.py
[2024-02-07T14:49:44.801+0000] {processor.py:840} INFO - DAG(s) 'example_task_group_decorator' retrieved from /home/airflow/.local/lib/python3.8/site-packages/airflow/example_dags/example_task_group_decorator.py
[2024-02-07T14:49:44.826+0000] {logging_mixin.py:188} INFO - [2024-02-07T14:49:44.826+0000] {dag.py:3036} INFO - Sync 1 DAGs
[2024-02-07T14:49:44.853+0000] {logging_mixin.py:188} INFO - [2024-02-07T14:49:44.853+0000] {dag.py:3823} INFO - Setting next_dagrun for example_task_group_decorator to 2024-02-06 00:00:00+00:00, run_after=2024-02-07 00:00:00+00:00
[2024-02-07T14:49:44.877+0000] {processor.py:183} INFO - Processing /home/airflow/.local/lib/python3.8/site-packages/airflow/example_dags/example_task_group_decorator.py took 0.096 seconds
[2024-02-07T14:50:15.542+0000] {processor.py:161} INFO - Started process (PID=856) to work on /home/airflow/.local/lib/python3.8/site-packages/airflow/example_dags/example_task_group_decorator.py
[2024-02-07T14:50:15.543+0000] {processor.py:830} INFO - Processing file /home/airflow/.local/lib/python3.8/site-packages/airflow/example_dags/example_task_group_decorator.py for tasks to queue
[2024-02-07T14:50:15.544+0000] {logging_mixin.py:188} INFO - [2024-02-07T14:50:15.544+0000] {dagbag.py:538} INFO - Filling up the DagBag from /home/airflow/.local/lib/python3.8/site-packages/airflow/example_dags/example_task_group_decorator.py
[2024-02-07T14:50:15.559+0000] {processor.py:840} INFO - DAG(s) 'example_task_group_decorator' retrieved from /home/airflow/.local/lib/python3.8/site-packages/airflow/example_dags/example_task_group_decorator.py
[2024-02-07T14:50:15.584+0000] {logging_mixin.py:188} INFO - [2024-02-07T14:50:15.583+0000] {dag.py:3036} INFO - Sync 1 DAGs
[2024-02-07T14:50:15.606+0000] {logging_mixin.py:188} INFO - [2024-02-07T14:50:15.606+0000] {dag.py:3823} INFO - Setting next_dagrun for example_task_group_decorator to 2024-02-06 00:00:00+00:00, run_after=2024-02-07 00:00:00+00:00
[2024-02-07T14:50:15.624+0000] {processor.py:183} INFO - Processing /home/airflow/.local/lib/python3.8/site-packages/airflow/example_dags/example_task_group_decorator.py took 0.085 seconds
[2024-02-07T14:50:46.193+0000] {processor.py:161} INFO - Started process (PID=913) to work on /home/airflow/.local/lib/python3.8/site-packages/airflow/example_dags/example_task_group_decorator.py
[2024-02-07T14:50:46.194+0000] {processor.py:830} INFO - Processing file /home/airflow/.local/lib/python3.8/site-packages/airflow/example_dags/example_task_group_decorator.py for tasks to queue
[2024-02-07T14:50:46.195+0000] {logging_mixin.py:188} INFO - [2024-02-07T14:50:46.195+0000] {dagbag.py:538} INFO - Filling up the DagBag from /home/airflow/.local/lib/python3.8/site-packages/airflow/example_dags/example_task_group_decorator.py
[2024-02-07T14:50:46.210+0000] {processor.py:840} INFO - DAG(s) 'example_task_group_decorator' retrieved from /home/airflow/.local/lib/python3.8/site-packages/airflow/example_dags/example_task_group_decorator.py
[2024-02-07T14:50:46.234+0000] {logging_mixin.py:188} INFO - [2024-02-07T14:50:46.233+0000] {dag.py:3036} INFO - Sync 1 DAGs
[2024-02-07T14:50:46.255+0000] {logging_mixin.py:188} INFO - [2024-02-07T14:50:46.255+0000] {dag.py:3823} INFO - Setting next_dagrun for example_task_group_decorator to 2024-02-06 00:00:00+00:00, run_after=2024-02-07 00:00:00+00:00
[2024-02-07T14:50:46.274+0000] {processor.py:183} INFO - Processing /home/airflow/.local/lib/python3.8/site-packages/airflow/example_dags/example_task_group_decorator.py took 0.084 seconds
[2024-02-07T14:51:16.996+0000] {processor.py:161} INFO - Started process (PID=971) to work on /home/airflow/.local/lib/python3.8/site-packages/airflow/example_dags/example_task_group_decorator.py
[2024-02-07T14:51:16.997+0000] {processor.py:830} INFO - Processing file /home/airflow/.local/lib/python3.8/site-packages/airflow/example_dags/example_task_group_decorator.py for tasks to queue
[2024-02-07T14:51:16.999+0000] {logging_mixin.py:188} INFO - [2024-02-07T14:51:16.998+0000] {dagbag.py:538} INFO - Filling up the DagBag from /home/airflow/.local/lib/python3.8/site-packages/airflow/example_dags/example_task_group_decorator.py
[2024-02-07T14:51:17.013+0000] {processor.py:840} INFO - DAG(s) 'example_task_group_decorator' retrieved from /home/airflow/.local/lib/python3.8/site-packages/airflow/example_dags/example_task_group_decorator.py
[2024-02-07T14:51:17.036+0000] {logging_mixin.py:188} INFO - [2024-02-07T14:51:17.036+0000] {dag.py:3036} INFO - Sync 1 DAGs
[2024-02-07T14:51:17.057+0000] {logging_mixin.py:188} INFO - [2024-02-07T14:51:17.056+0000] {dag.py:3823} INFO - Setting next_dagrun for example_task_group_decorator to 2024-02-06 00:00:00+00:00, run_after=2024-02-07 00:00:00+00:00
[2024-02-07T14:51:17.073+0000] {processor.py:183} INFO - Processing /home/airflow/.local/lib/python3.8/site-packages/airflow/example_dags/example_task_group_decorator.py took 0.080 seconds
[2024-02-07T14:51:47.427+0000] {processor.py:161} INFO - Started process (PID=1028) to work on /home/airflow/.local/lib/python3.8/site-packages/airflow/example_dags/example_task_group_decorator.py
[2024-02-07T14:51:47.428+0000] {processor.py:830} INFO - Processing file /home/airflow/.local/lib/python3.8/site-packages/airflow/example_dags/example_task_group_decorator.py for tasks to queue
[2024-02-07T14:51:47.430+0000] {logging_mixin.py:188} INFO - [2024-02-07T14:51:47.429+0000] {dagbag.py:538} INFO - Filling up the DagBag from /home/airflow/.local/lib/python3.8/site-packages/airflow/example_dags/example_task_group_decorator.py
[2024-02-07T14:51:47.444+0000] {processor.py:840} INFO - DAG(s) 'example_task_group_decorator' retrieved from /home/airflow/.local/lib/python3.8/site-packages/airflow/example_dags/example_task_group_decorator.py
[2024-02-07T14:51:47.468+0000] {logging_mixin.py:188} INFO - [2024-02-07T14:51:47.468+0000] {dag.py:3036} INFO - Sync 1 DAGs
[2024-02-07T14:51:47.490+0000] {logging_mixin.py:188} INFO - [2024-02-07T14:51:47.490+0000] {dag.py:3823} INFO - Setting next_dagrun for example_task_group_decorator to 2024-02-06 00:00:00+00:00, run_after=2024-02-07 00:00:00+00:00
[2024-02-07T14:51:47.508+0000] {processor.py:183} INFO - Processing /home/airflow/.local/lib/python3.8/site-packages/airflow/example_dags/example_task_group_decorator.py took 0.084 seconds
[2024-02-07T14:52:17.606+0000] {processor.py:161} INFO - Started process (PID=1086) to work on /home/airflow/.local/lib/python3.8/site-packages/airflow/example_dags/example_task_group_decorator.py
[2024-02-07T14:52:17.607+0000] {processor.py:830} INFO - Processing file /home/airflow/.local/lib/python3.8/site-packages/airflow/example_dags/example_task_group_decorator.py for tasks to queue
[2024-02-07T14:52:17.609+0000] {logging_mixin.py:188} INFO - [2024-02-07T14:52:17.608+0000] {dagbag.py:538} INFO - Filling up the DagBag from /home/airflow/.local/lib/python3.8/site-packages/airflow/example_dags/example_task_group_decorator.py
[2024-02-07T14:52:17.623+0000] {processor.py:840} INFO - DAG(s) 'example_task_group_decorator' retrieved from /home/airflow/.local/lib/python3.8/site-packages/airflow/example_dags/example_task_group_decorator.py
[2024-02-07T14:52:17.646+0000] {logging_mixin.py:188} INFO - [2024-02-07T14:52:17.646+0000] {dag.py:3036} INFO - Sync 1 DAGs
[2024-02-07T14:52:17.667+0000] {logging_mixin.py:188} INFO - [2024-02-07T14:52:17.667+0000] {dag.py:3823} INFO - Setting next_dagrun for example_task_group_decorator to 2024-02-06 00:00:00+00:00, run_after=2024-02-07 00:00:00+00:00
[2024-02-07T14:52:17.685+0000] {processor.py:183} INFO - Processing /home/airflow/.local/lib/python3.8/site-packages/airflow/example_dags/example_task_group_decorator.py took 0.082 seconds
[2024-02-07T14:53:49.064+0000] {processor.py:161} INFO - Started process (PID=59) to work on /home/airflow/.local/lib/python3.8/site-packages/airflow/example_dags/example_task_group_decorator.py
[2024-02-07T14:53:49.065+0000] {processor.py:830} INFO - Processing file /home/airflow/.local/lib/python3.8/site-packages/airflow/example_dags/example_task_group_decorator.py for tasks to queue
[2024-02-07T14:53:49.067+0000] {logging_mixin.py:188} INFO - [2024-02-07T14:53:49.067+0000] {dagbag.py:538} INFO - Filling up the DagBag from /home/airflow/.local/lib/python3.8/site-packages/airflow/example_dags/example_task_group_decorator.py
[2024-02-07T14:53:49.092+0000] {processor.py:840} INFO - DAG(s) 'example_task_group_decorator' retrieved from /home/airflow/.local/lib/python3.8/site-packages/airflow/example_dags/example_task_group_decorator.py
[2024-02-07T14:53:49.107+0000] {logging_mixin.py:188} INFO - [2024-02-07T14:53:49.107+0000] {dag.py:3036} INFO - Sync 1 DAGs
[2024-02-07T14:53:49.138+0000] {logging_mixin.py:188} INFO - [2024-02-07T14:53:49.138+0000] {dag.py:3823} INFO - Setting next_dagrun for example_task_group_decorator to 2024-02-06 00:00:00+00:00, run_after=2024-02-07 00:00:00+00:00
[2024-02-07T14:53:49.162+0000] {processor.py:183} INFO - Processing /home/airflow/.local/lib/python3.8/site-packages/airflow/example_dags/example_task_group_decorator.py took 0.102 seconds
[2024-02-07T14:54:19.865+0000] {processor.py:161} INFO - Started process (PID=115) to work on /home/airflow/.local/lib/python3.8/site-packages/airflow/example_dags/example_task_group_decorator.py
[2024-02-07T14:54:19.866+0000] {processor.py:830} INFO - Processing file /home/airflow/.local/lib/python3.8/site-packages/airflow/example_dags/example_task_group_decorator.py for tasks to queue
[2024-02-07T14:54:19.868+0000] {logging_mixin.py:188} INFO - [2024-02-07T14:54:19.867+0000] {dagbag.py:538} INFO - Filling up the DagBag from /home/airflow/.local/lib/python3.8/site-packages/airflow/example_dags/example_task_group_decorator.py
[2024-02-07T14:54:19.882+0000] {processor.py:840} INFO - DAG(s) 'example_task_group_decorator' retrieved from /home/airflow/.local/lib/python3.8/site-packages/airflow/example_dags/example_task_group_decorator.py
[2024-02-07T14:54:19.984+0000] {logging_mixin.py:188} INFO - [2024-02-07T14:54:19.984+0000] {dag.py:3036} INFO - Sync 1 DAGs
[2024-02-07T14:54:20.003+0000] {logging_mixin.py:188} INFO - [2024-02-07T14:54:20.003+0000] {dag.py:3823} INFO - Setting next_dagrun for example_task_group_decorator to 2024-02-06 00:00:00+00:00, run_after=2024-02-07 00:00:00+00:00
[2024-02-07T14:54:20.023+0000] {processor.py:183} INFO - Processing /home/airflow/.local/lib/python3.8/site-packages/airflow/example_dags/example_task_group_decorator.py took 0.161 seconds
[2024-02-07T14:54:50.456+0000] {processor.py:161} INFO - Started process (PID=172) to work on /home/airflow/.local/lib/python3.8/site-packages/airflow/example_dags/example_task_group_decorator.py
[2024-02-07T14:54:50.457+0000] {processor.py:830} INFO - Processing file /home/airflow/.local/lib/python3.8/site-packages/airflow/example_dags/example_task_group_decorator.py for tasks to queue
[2024-02-07T14:54:50.458+0000] {logging_mixin.py:188} INFO - [2024-02-07T14:54:50.458+0000] {dagbag.py:538} INFO - Filling up the DagBag from /home/airflow/.local/lib/python3.8/site-packages/airflow/example_dags/example_task_group_decorator.py
[2024-02-07T14:54:50.472+0000] {processor.py:840} INFO - DAG(s) 'example_task_group_decorator' retrieved from /home/airflow/.local/lib/python3.8/site-packages/airflow/example_dags/example_task_group_decorator.py
[2024-02-07T14:54:50.499+0000] {logging_mixin.py:188} INFO - [2024-02-07T14:54:50.499+0000] {dag.py:3036} INFO - Sync 1 DAGs
[2024-02-07T14:54:50.521+0000] {logging_mixin.py:188} INFO - [2024-02-07T14:54:50.520+0000] {dag.py:3823} INFO - Setting next_dagrun for example_task_group_decorator to 2024-02-06 00:00:00+00:00, run_after=2024-02-07 00:00:00+00:00
[2024-02-07T14:54:50.539+0000] {processor.py:183} INFO - Processing /home/airflow/.local/lib/python3.8/site-packages/airflow/example_dags/example_task_group_decorator.py took 0.086 seconds
[2024-02-07T15:05:10.752+0000] {processor.py:161} INFO - Started process (PID=60) to work on /home/airflow/.local/lib/python3.8/site-packages/airflow/example_dags/example_task_group_decorator.py
[2024-02-07T15:05:10.754+0000] {processor.py:830} INFO - Processing file /home/airflow/.local/lib/python3.8/site-packages/airflow/example_dags/example_task_group_decorator.py for tasks to queue
[2024-02-07T15:05:10.757+0000] {logging_mixin.py:188} INFO - [2024-02-07T15:05:10.756+0000] {dagbag.py:538} INFO - Filling up the DagBag from /home/airflow/.local/lib/python3.8/site-packages/airflow/example_dags/example_task_group_decorator.py
[2024-02-07T15:05:10.783+0000] {processor.py:840} INFO - DAG(s) 'example_task_group_decorator' retrieved from /home/airflow/.local/lib/python3.8/site-packages/airflow/example_dags/example_task_group_decorator.py
[2024-02-07T15:05:10.801+0000] {logging_mixin.py:188} INFO - [2024-02-07T15:05:10.801+0000] {dag.py:3036} INFO - Sync 1 DAGs
[2024-02-07T15:05:10.847+0000] {logging_mixin.py:188} INFO - [2024-02-07T15:05:10.846+0000] {dag.py:3823} INFO - Setting next_dagrun for example_task_group_decorator to 2024-02-06 00:00:00+00:00, run_after=2024-02-07 00:00:00+00:00
[2024-02-07T15:05:10.876+0000] {processor.py:183} INFO - Processing /home/airflow/.local/lib/python3.8/site-packages/airflow/example_dags/example_task_group_decorator.py took 0.129 seconds
[2024-02-07T15:05:42.632+0000] {processor.py:161} INFO - Started process (PID=117) to work on /home/airflow/.local/lib/python3.8/site-packages/airflow/example_dags/example_task_group_decorator.py
[2024-02-07T15:05:42.634+0000] {processor.py:830} INFO - Processing file /home/airflow/.local/lib/python3.8/site-packages/airflow/example_dags/example_task_group_decorator.py for tasks to queue
[2024-02-07T15:05:42.636+0000] {logging_mixin.py:188} INFO - [2024-02-07T15:05:42.635+0000] {dagbag.py:538} INFO - Filling up the DagBag from /home/airflow/.local/lib/python3.8/site-packages/airflow/example_dags/example_task_group_decorator.py
[2024-02-07T15:05:42.664+0000] {processor.py:840} INFO - DAG(s) 'example_task_group_decorator' retrieved from /home/airflow/.local/lib/python3.8/site-packages/airflow/example_dags/example_task_group_decorator.py
[2024-02-07T15:05:42.807+0000] {logging_mixin.py:188} INFO - [2024-02-07T15:05:42.807+0000] {dag.py:3036} INFO - Sync 1 DAGs
[2024-02-07T15:05:42.830+0000] {logging_mixin.py:188} INFO - [2024-02-07T15:05:42.830+0000] {dag.py:3823} INFO - Setting next_dagrun for example_task_group_decorator to 2024-02-06 00:00:00+00:00, run_after=2024-02-07 00:00:00+00:00
[2024-02-07T15:05:42.850+0000] {processor.py:183} INFO - Processing /home/airflow/.local/lib/python3.8/site-packages/airflow/example_dags/example_task_group_decorator.py took 0.221 seconds
[2024-02-07T15:07:17.537+0000] {processor.py:161} INFO - Started process (PID=60) to work on /home/airflow/.local/lib/python3.8/site-packages/airflow/example_dags/example_task_group_decorator.py
[2024-02-07T15:07:17.538+0000] {processor.py:830} INFO - Processing file /home/airflow/.local/lib/python3.8/site-packages/airflow/example_dags/example_task_group_decorator.py for tasks to queue
[2024-02-07T15:07:17.540+0000] {logging_mixin.py:188} INFO - [2024-02-07T15:07:17.539+0000] {dagbag.py:538} INFO - Filling up the DagBag from /home/airflow/.local/lib/python3.8/site-packages/airflow/example_dags/example_task_group_decorator.py
[2024-02-07T15:07:17.555+0000] {processor.py:840} INFO - DAG(s) 'example_task_group_decorator' retrieved from /home/airflow/.local/lib/python3.8/site-packages/airflow/example_dags/example_task_group_decorator.py
[2024-02-07T15:07:17.566+0000] {logging_mixin.py:188} INFO - [2024-02-07T15:07:17.566+0000] {dag.py:3036} INFO - Sync 1 DAGs
[2024-02-07T15:07:17.588+0000] {logging_mixin.py:188} INFO - [2024-02-07T15:07:17.588+0000] {dag.py:3823} INFO - Setting next_dagrun for example_task_group_decorator to 2024-02-06 00:00:00+00:00, run_after=2024-02-07 00:00:00+00:00
[2024-02-07T15:07:17.606+0000] {processor.py:183} INFO - Processing /home/airflow/.local/lib/python3.8/site-packages/airflow/example_dags/example_task_group_decorator.py took 0.072 seconds
[2024-02-07T15:07:48.912+0000] {processor.py:161} INFO - Started process (PID=117) to work on /home/airflow/.local/lib/python3.8/site-packages/airflow/example_dags/example_task_group_decorator.py
[2024-02-07T15:07:48.913+0000] {processor.py:830} INFO - Processing file /home/airflow/.local/lib/python3.8/site-packages/airflow/example_dags/example_task_group_decorator.py for tasks to queue
[2024-02-07T15:07:48.915+0000] {logging_mixin.py:188} INFO - [2024-02-07T15:07:48.914+0000] {dagbag.py:538} INFO - Filling up the DagBag from /home/airflow/.local/lib/python3.8/site-packages/airflow/example_dags/example_task_group_decorator.py
[2024-02-07T15:07:48.932+0000] {processor.py:840} INFO - DAG(s) 'example_task_group_decorator' retrieved from /home/airflow/.local/lib/python3.8/site-packages/airflow/example_dags/example_task_group_decorator.py
[2024-02-07T15:07:49.073+0000] {logging_mixin.py:188} INFO - [2024-02-07T15:07:49.073+0000] {dag.py:3036} INFO - Sync 1 DAGs
[2024-02-07T15:07:49.098+0000] {logging_mixin.py:188} INFO - [2024-02-07T15:07:49.098+0000] {dag.py:3823} INFO - Setting next_dagrun for example_task_group_decorator to 2024-02-06 00:00:00+00:00, run_after=2024-02-07 00:00:00+00:00
[2024-02-07T15:07:49.124+0000] {processor.py:183} INFO - Processing /home/airflow/.local/lib/python3.8/site-packages/airflow/example_dags/example_task_group_decorator.py took 0.216 seconds
[2024-02-07T15:08:19.237+0000] {processor.py:161} INFO - Started process (PID=174) to work on /home/airflow/.local/lib/python3.8/site-packages/airflow/example_dags/example_task_group_decorator.py
[2024-02-07T15:08:19.238+0000] {processor.py:830} INFO - Processing file /home/airflow/.local/lib/python3.8/site-packages/airflow/example_dags/example_task_group_decorator.py for tasks to queue
[2024-02-07T15:08:19.240+0000] {logging_mixin.py:188} INFO - [2024-02-07T15:08:19.240+0000] {dagbag.py:538} INFO - Filling up the DagBag from /home/airflow/.local/lib/python3.8/site-packages/airflow/example_dags/example_task_group_decorator.py
[2024-02-07T15:08:19.254+0000] {processor.py:840} INFO - DAG(s) 'example_task_group_decorator' retrieved from /home/airflow/.local/lib/python3.8/site-packages/airflow/example_dags/example_task_group_decorator.py
[2024-02-07T15:08:19.278+0000] {logging_mixin.py:188} INFO - [2024-02-07T15:08:19.277+0000] {dag.py:3036} INFO - Sync 1 DAGs
[2024-02-07T15:08:19.298+0000] {logging_mixin.py:188} INFO - [2024-02-07T15:08:19.298+0000] {dag.py:3823} INFO - Setting next_dagrun for example_task_group_decorator to 2024-02-06 00:00:00+00:00, run_after=2024-02-07 00:00:00+00:00
[2024-02-07T15:08:19.315+0000] {processor.py:183} INFO - Processing /home/airflow/.local/lib/python3.8/site-packages/airflow/example_dags/example_task_group_decorator.py took 0.081 seconds
[2024-02-07T15:08:49.764+0000] {processor.py:161} INFO - Started process (PID=231) to work on /home/airflow/.local/lib/python3.8/site-packages/airflow/example_dags/example_task_group_decorator.py
[2024-02-07T15:08:49.765+0000] {processor.py:830} INFO - Processing file /home/airflow/.local/lib/python3.8/site-packages/airflow/example_dags/example_task_group_decorator.py for tasks to queue
[2024-02-07T15:08:49.767+0000] {logging_mixin.py:188} INFO - [2024-02-07T15:08:49.767+0000] {dagbag.py:538} INFO - Filling up the DagBag from /home/airflow/.local/lib/python3.8/site-packages/airflow/example_dags/example_task_group_decorator.py
[2024-02-07T15:08:49.783+0000] {processor.py:840} INFO - DAG(s) 'example_task_group_decorator' retrieved from /home/airflow/.local/lib/python3.8/site-packages/airflow/example_dags/example_task_group_decorator.py
[2024-02-07T15:08:49.808+0000] {logging_mixin.py:188} INFO - [2024-02-07T15:08:49.808+0000] {dag.py:3036} INFO - Sync 1 DAGs
[2024-02-07T15:08:49.831+0000] {logging_mixin.py:188} INFO - [2024-02-07T15:08:49.831+0000] {dag.py:3823} INFO - Setting next_dagrun for example_task_group_decorator to 2024-02-06 00:00:00+00:00, run_after=2024-02-07 00:00:00+00:00
[2024-02-07T15:08:49.852+0000] {processor.py:183} INFO - Processing /home/airflow/.local/lib/python3.8/site-packages/airflow/example_dags/example_task_group_decorator.py took 0.091 seconds
[2024-02-07T15:09:20.506+0000] {processor.py:161} INFO - Started process (PID=288) to work on /home/airflow/.local/lib/python3.8/site-packages/airflow/example_dags/example_task_group_decorator.py
[2024-02-07T15:09:20.507+0000] {processor.py:830} INFO - Processing file /home/airflow/.local/lib/python3.8/site-packages/airflow/example_dags/example_task_group_decorator.py for tasks to queue
[2024-02-07T15:09:20.509+0000] {logging_mixin.py:188} INFO - [2024-02-07T15:09:20.509+0000] {dagbag.py:538} INFO - Filling up the DagBag from /home/airflow/.local/lib/python3.8/site-packages/airflow/example_dags/example_task_group_decorator.py
[2024-02-07T15:09:20.529+0000] {processor.py:840} INFO - DAG(s) 'example_task_group_decorator' retrieved from /home/airflow/.local/lib/python3.8/site-packages/airflow/example_dags/example_task_group_decorator.py
[2024-02-07T15:09:20.558+0000] {logging_mixin.py:188} INFO - [2024-02-07T15:09:20.558+0000] {dag.py:3036} INFO - Sync 1 DAGs
[2024-02-07T15:09:20.583+0000] {logging_mixin.py:188} INFO - [2024-02-07T15:09:20.582+0000] {dag.py:3823} INFO - Setting next_dagrun for example_task_group_decorator to 2024-02-06 00:00:00+00:00, run_after=2024-02-07 00:00:00+00:00
[2024-02-07T15:09:20.601+0000] {processor.py:183} INFO - Processing /home/airflow/.local/lib/python3.8/site-packages/airflow/example_dags/example_task_group_decorator.py took 0.100 seconds
[2024-02-07T15:57:16.726+0000] {processor.py:161} INFO - Started process (PID=60) to work on /home/airflow/.local/lib/python3.8/site-packages/airflow/example_dags/example_task_group_decorator.py
[2024-02-07T15:57:16.727+0000] {processor.py:830} INFO - Processing file /home/airflow/.local/lib/python3.8/site-packages/airflow/example_dags/example_task_group_decorator.py for tasks to queue
[2024-02-07T15:57:16.729+0000] {logging_mixin.py:188} INFO - [2024-02-07T15:57:16.729+0000] {dagbag.py:538} INFO - Filling up the DagBag from /home/airflow/.local/lib/python3.8/site-packages/airflow/example_dags/example_task_group_decorator.py
[2024-02-07T15:57:16.749+0000] {processor.py:840} INFO - DAG(s) 'example_task_group_decorator' retrieved from /home/airflow/.local/lib/python3.8/site-packages/airflow/example_dags/example_task_group_decorator.py
[2024-02-07T15:57:16.765+0000] {logging_mixin.py:188} INFO - [2024-02-07T15:57:16.764+0000] {dag.py:3036} INFO - Sync 1 DAGs
[2024-02-07T15:57:16.805+0000] {logging_mixin.py:188} INFO - [2024-02-07T15:57:16.804+0000] {dag.py:3823} INFO - Setting next_dagrun for example_task_group_decorator to 2024-02-06 00:00:00+00:00, run_after=2024-02-07 00:00:00+00:00
[2024-02-07T15:57:16.832+0000] {processor.py:183} INFO - Processing /home/airflow/.local/lib/python3.8/site-packages/airflow/example_dags/example_task_group_decorator.py took 0.110 seconds
[2024-02-07T15:57:48.014+0000] {processor.py:161} INFO - Started process (PID=117) to work on /home/airflow/.local/lib/python3.8/site-packages/airflow/example_dags/example_task_group_decorator.py
[2024-02-07T15:57:48.015+0000] {processor.py:830} INFO - Processing file /home/airflow/.local/lib/python3.8/site-packages/airflow/example_dags/example_task_group_decorator.py for tasks to queue
[2024-02-07T15:57:48.017+0000] {logging_mixin.py:188} INFO - [2024-02-07T15:57:48.017+0000] {dagbag.py:538} INFO - Filling up the DagBag from /home/airflow/.local/lib/python3.8/site-packages/airflow/example_dags/example_task_group_decorator.py
[2024-02-07T15:57:48.038+0000] {processor.py:840} INFO - DAG(s) 'example_task_group_decorator' retrieved from /home/airflow/.local/lib/python3.8/site-packages/airflow/example_dags/example_task_group_decorator.py
[2024-02-07T15:57:48.208+0000] {logging_mixin.py:188} INFO - [2024-02-07T15:57:48.208+0000] {dag.py:3036} INFO - Sync 1 DAGs
[2024-02-07T15:57:48.235+0000] {logging_mixin.py:188} INFO - [2024-02-07T15:57:48.235+0000] {dag.py:3823} INFO - Setting next_dagrun for example_task_group_decorator to 2024-02-06 00:00:00+00:00, run_after=2024-02-07 00:00:00+00:00
[2024-02-07T15:57:48.265+0000] {processor.py:183} INFO - Processing /home/airflow/.local/lib/python3.8/site-packages/airflow/example_dags/example_task_group_decorator.py took 0.254 seconds
[2024-02-07T15:58:18.741+0000] {processor.py:161} INFO - Started process (PID=174) to work on /home/airflow/.local/lib/python3.8/site-packages/airflow/example_dags/example_task_group_decorator.py
[2024-02-07T15:58:18.742+0000] {processor.py:830} INFO - Processing file /home/airflow/.local/lib/python3.8/site-packages/airflow/example_dags/example_task_group_decorator.py for tasks to queue
[2024-02-07T15:58:18.743+0000] {logging_mixin.py:188} INFO - [2024-02-07T15:58:18.743+0000] {dagbag.py:538} INFO - Filling up the DagBag from /home/airflow/.local/lib/python3.8/site-packages/airflow/example_dags/example_task_group_decorator.py
[2024-02-07T15:58:18.757+0000] {processor.py:840} INFO - DAG(s) 'example_task_group_decorator' retrieved from /home/airflow/.local/lib/python3.8/site-packages/airflow/example_dags/example_task_group_decorator.py
[2024-02-07T15:58:18.780+0000] {logging_mixin.py:188} INFO - [2024-02-07T15:58:18.780+0000] {dag.py:3036} INFO - Sync 1 DAGs
[2024-02-07T15:58:18.802+0000] {logging_mixin.py:188} INFO - [2024-02-07T15:58:18.801+0000] {dag.py:3823} INFO - Setting next_dagrun for example_task_group_decorator to 2024-02-06 00:00:00+00:00, run_after=2024-02-07 00:00:00+00:00
[2024-02-07T15:58:18.823+0000] {processor.py:183} INFO - Processing /home/airflow/.local/lib/python3.8/site-packages/airflow/example_dags/example_task_group_decorator.py took 0.085 seconds
[2024-02-07T16:10:53.066+0000] {processor.py:161} INFO - Started process (PID=60) to work on /home/airflow/.local/lib/python3.8/site-packages/airflow/example_dags/example_task_group_decorator.py
[2024-02-07T16:10:53.067+0000] {processor.py:830} INFO - Processing file /home/airflow/.local/lib/python3.8/site-packages/airflow/example_dags/example_task_group_decorator.py for tasks to queue
[2024-02-07T16:10:53.069+0000] {logging_mixin.py:188} INFO - [2024-02-07T16:10:53.069+0000] {dagbag.py:538} INFO - Filling up the DagBag from /home/airflow/.local/lib/python3.8/site-packages/airflow/example_dags/example_task_group_decorator.py
[2024-02-07T16:10:53.087+0000] {processor.py:840} INFO - DAG(s) 'example_task_group_decorator' retrieved from /home/airflow/.local/lib/python3.8/site-packages/airflow/example_dags/example_task_group_decorator.py
[2024-02-07T16:10:53.100+0000] {logging_mixin.py:188} INFO - [2024-02-07T16:10:53.100+0000] {dag.py:3036} INFO - Sync 1 DAGs
[2024-02-07T16:10:53.127+0000] {logging_mixin.py:188} INFO - [2024-02-07T16:10:53.127+0000] {dag.py:3823} INFO - Setting next_dagrun for example_task_group_decorator to 2024-02-06 00:00:00+00:00, run_after=2024-02-07 00:00:00+00:00
[2024-02-07T16:10:53.151+0000] {processor.py:183} INFO - Processing /home/airflow/.local/lib/python3.8/site-packages/airflow/example_dags/example_task_group_decorator.py took 0.089 seconds
[2024-02-07T16:11:24.303+0000] {processor.py:161} INFO - Started process (PID=117) to work on /home/airflow/.local/lib/python3.8/site-packages/airflow/example_dags/example_task_group_decorator.py
[2024-02-07T16:11:24.304+0000] {processor.py:830} INFO - Processing file /home/airflow/.local/lib/python3.8/site-packages/airflow/example_dags/example_task_group_decorator.py for tasks to queue
[2024-02-07T16:11:24.306+0000] {logging_mixin.py:188} INFO - [2024-02-07T16:11:24.305+0000] {dagbag.py:538} INFO - Filling up the DagBag from /home/airflow/.local/lib/python3.8/site-packages/airflow/example_dags/example_task_group_decorator.py
[2024-02-07T16:11:24.321+0000] {processor.py:840} INFO - DAG(s) 'example_task_group_decorator' retrieved from /home/airflow/.local/lib/python3.8/site-packages/airflow/example_dags/example_task_group_decorator.py
[2024-02-07T16:11:24.442+0000] {logging_mixin.py:188} INFO - [2024-02-07T16:11:24.442+0000] {dag.py:3036} INFO - Sync 1 DAGs
[2024-02-07T16:11:24.461+0000] {logging_mixin.py:188} INFO - [2024-02-07T16:11:24.461+0000] {dag.py:3823} INFO - Setting next_dagrun for example_task_group_decorator to 2024-02-06 00:00:00+00:00, run_after=2024-02-07 00:00:00+00:00
[2024-02-07T16:11:24.484+0000] {processor.py:183} INFO - Processing /home/airflow/.local/lib/python3.8/site-packages/airflow/example_dags/example_task_group_decorator.py took 0.184 seconds
[2024-02-07T16:11:55.134+0000] {processor.py:161} INFO - Started process (PID=174) to work on /home/airflow/.local/lib/python3.8/site-packages/airflow/example_dags/example_task_group_decorator.py
[2024-02-07T16:11:55.135+0000] {processor.py:830} INFO - Processing file /home/airflow/.local/lib/python3.8/site-packages/airflow/example_dags/example_task_group_decorator.py for tasks to queue
[2024-02-07T16:11:55.137+0000] {logging_mixin.py:188} INFO - [2024-02-07T16:11:55.137+0000] {dagbag.py:538} INFO - Filling up the DagBag from /home/airflow/.local/lib/python3.8/site-packages/airflow/example_dags/example_task_group_decorator.py
[2024-02-07T16:11:55.151+0000] {processor.py:840} INFO - DAG(s) 'example_task_group_decorator' retrieved from /home/airflow/.local/lib/python3.8/site-packages/airflow/example_dags/example_task_group_decorator.py
[2024-02-07T16:11:55.174+0000] {logging_mixin.py:188} INFO - [2024-02-07T16:11:55.174+0000] {dag.py:3036} INFO - Sync 1 DAGs
[2024-02-07T16:11:55.195+0000] {logging_mixin.py:188} INFO - [2024-02-07T16:11:55.195+0000] {dag.py:3823} INFO - Setting next_dagrun for example_task_group_decorator to 2024-02-06 00:00:00+00:00, run_after=2024-02-07 00:00:00+00:00
[2024-02-07T16:11:55.213+0000] {processor.py:183} INFO - Processing /home/airflow/.local/lib/python3.8/site-packages/airflow/example_dags/example_task_group_decorator.py took 0.081 seconds
[2024-02-07T16:12:25.570+0000] {processor.py:161} INFO - Started process (PID=229) to work on /home/airflow/.local/lib/python3.8/site-packages/airflow/example_dags/example_task_group_decorator.py
[2024-02-07T16:12:25.571+0000] {processor.py:830} INFO - Processing file /home/airflow/.local/lib/python3.8/site-packages/airflow/example_dags/example_task_group_decorator.py for tasks to queue
[2024-02-07T16:12:25.572+0000] {logging_mixin.py:188} INFO - [2024-02-07T16:12:25.572+0000] {dagbag.py:538} INFO - Filling up the DagBag from /home/airflow/.local/lib/python3.8/site-packages/airflow/example_dags/example_task_group_decorator.py
[2024-02-07T16:12:25.587+0000] {processor.py:840} INFO - DAG(s) 'example_task_group_decorator' retrieved from /home/airflow/.local/lib/python3.8/site-packages/airflow/example_dags/example_task_group_decorator.py
[2024-02-07T16:12:25.610+0000] {logging_mixin.py:188} INFO - [2024-02-07T16:12:25.610+0000] {dag.py:3036} INFO - Sync 1 DAGs
[2024-02-07T16:12:25.632+0000] {logging_mixin.py:188} INFO - [2024-02-07T16:12:25.632+0000] {dag.py:3823} INFO - Setting next_dagrun for example_task_group_decorator to 2024-02-06 00:00:00+00:00, run_after=2024-02-07 00:00:00+00:00
[2024-02-07T16:12:25.650+0000] {processor.py:183} INFO - Processing /home/airflow/.local/lib/python3.8/site-packages/airflow/example_dags/example_task_group_decorator.py took 0.084 seconds
[2024-02-07T16:12:55.763+0000] {processor.py:161} INFO - Started process (PID=286) to work on /home/airflow/.local/lib/python3.8/site-packages/airflow/example_dags/example_task_group_decorator.py
[2024-02-07T16:12:55.764+0000] {processor.py:830} INFO - Processing file /home/airflow/.local/lib/python3.8/site-packages/airflow/example_dags/example_task_group_decorator.py for tasks to queue
[2024-02-07T16:12:55.766+0000] {logging_mixin.py:188} INFO - [2024-02-07T16:12:55.766+0000] {dagbag.py:538} INFO - Filling up the DagBag from /home/airflow/.local/lib/python3.8/site-packages/airflow/example_dags/example_task_group_decorator.py
[2024-02-07T16:12:55.789+0000] {processor.py:840} INFO - DAG(s) 'example_task_group_decorator' retrieved from /home/airflow/.local/lib/python3.8/site-packages/airflow/example_dags/example_task_group_decorator.py
[2024-02-07T16:12:55.814+0000] {logging_mixin.py:188} INFO - [2024-02-07T16:12:55.814+0000] {dag.py:3036} INFO - Sync 1 DAGs
[2024-02-07T16:12:55.837+0000] {logging_mixin.py:188} INFO - [2024-02-07T16:12:55.836+0000] {dag.py:3823} INFO - Setting next_dagrun for example_task_group_decorator to 2024-02-06 00:00:00+00:00, run_after=2024-02-07 00:00:00+00:00
[2024-02-07T16:12:55.858+0000] {processor.py:183} INFO - Processing /home/airflow/.local/lib/python3.8/site-packages/airflow/example_dags/example_task_group_decorator.py took 0.100 seconds
[2024-02-07T16:13:25.914+0000] {processor.py:161} INFO - Started process (PID=343) to work on /home/airflow/.local/lib/python3.8/site-packages/airflow/example_dags/example_task_group_decorator.py
[2024-02-07T16:13:25.914+0000] {processor.py:830} INFO - Processing file /home/airflow/.local/lib/python3.8/site-packages/airflow/example_dags/example_task_group_decorator.py for tasks to queue
[2024-02-07T16:13:25.916+0000] {logging_mixin.py:188} INFO - [2024-02-07T16:13:25.916+0000] {dagbag.py:538} INFO - Filling up the DagBag from /home/airflow/.local/lib/python3.8/site-packages/airflow/example_dags/example_task_group_decorator.py
[2024-02-07T16:13:25.930+0000] {processor.py:840} INFO - DAG(s) 'example_task_group_decorator' retrieved from /home/airflow/.local/lib/python3.8/site-packages/airflow/example_dags/example_task_group_decorator.py
[2024-02-07T16:13:25.954+0000] {logging_mixin.py:188} INFO - [2024-02-07T16:13:25.954+0000] {dag.py:3036} INFO - Sync 1 DAGs
[2024-02-07T16:13:25.976+0000] {logging_mixin.py:188} INFO - [2024-02-07T16:13:25.976+0000] {dag.py:3823} INFO - Setting next_dagrun for example_task_group_decorator to 2024-02-06 00:00:00+00:00, run_after=2024-02-07 00:00:00+00:00
[2024-02-07T16:13:25.994+0000] {processor.py:183} INFO - Processing /home/airflow/.local/lib/python3.8/site-packages/airflow/example_dags/example_task_group_decorator.py took 0.083 seconds
[2024-02-07T16:13:56.433+0000] {processor.py:161} INFO - Started process (PID=400) to work on /home/airflow/.local/lib/python3.8/site-packages/airflow/example_dags/example_task_group_decorator.py
[2024-02-07T16:13:56.434+0000] {processor.py:830} INFO - Processing file /home/airflow/.local/lib/python3.8/site-packages/airflow/example_dags/example_task_group_decorator.py for tasks to queue
[2024-02-07T16:13:56.436+0000] {logging_mixin.py:188} INFO - [2024-02-07T16:13:56.435+0000] {dagbag.py:538} INFO - Filling up the DagBag from /home/airflow/.local/lib/python3.8/site-packages/airflow/example_dags/example_task_group_decorator.py
[2024-02-07T16:13:56.450+0000] {processor.py:840} INFO - DAG(s) 'example_task_group_decorator' retrieved from /home/airflow/.local/lib/python3.8/site-packages/airflow/example_dags/example_task_group_decorator.py
[2024-02-07T16:13:56.474+0000] {logging_mixin.py:188} INFO - [2024-02-07T16:13:56.473+0000] {dag.py:3036} INFO - Sync 1 DAGs
[2024-02-07T16:13:56.495+0000] {logging_mixin.py:188} INFO - [2024-02-07T16:13:56.495+0000] {dag.py:3823} INFO - Setting next_dagrun for example_task_group_decorator to 2024-02-06 00:00:00+00:00, run_after=2024-02-07 00:00:00+00:00
[2024-02-07T16:13:56.513+0000] {processor.py:183} INFO - Processing /home/airflow/.local/lib/python3.8/site-packages/airflow/example_dags/example_task_group_decorator.py took 0.083 seconds
[2024-02-07T16:14:26.608+0000] {processor.py:161} INFO - Started process (PID=457) to work on /home/airflow/.local/lib/python3.8/site-packages/airflow/example_dags/example_task_group_decorator.py
[2024-02-07T16:14:26.609+0000] {processor.py:830} INFO - Processing file /home/airflow/.local/lib/python3.8/site-packages/airflow/example_dags/example_task_group_decorator.py for tasks to queue
[2024-02-07T16:14:26.611+0000] {logging_mixin.py:188} INFO - [2024-02-07T16:14:26.611+0000] {dagbag.py:538} INFO - Filling up the DagBag from /home/airflow/.local/lib/python3.8/site-packages/airflow/example_dags/example_task_group_decorator.py
[2024-02-07T16:14:26.626+0000] {processor.py:840} INFO - DAG(s) 'example_task_group_decorator' retrieved from /home/airflow/.local/lib/python3.8/site-packages/airflow/example_dags/example_task_group_decorator.py
[2024-02-07T16:14:26.651+0000] {logging_mixin.py:188} INFO - [2024-02-07T16:14:26.651+0000] {dag.py:3036} INFO - Sync 1 DAGs
[2024-02-07T16:14:26.674+0000] {logging_mixin.py:188} INFO - [2024-02-07T16:14:26.674+0000] {dag.py:3823} INFO - Setting next_dagrun for example_task_group_decorator to 2024-02-06 00:00:00+00:00, run_after=2024-02-07 00:00:00+00:00
[2024-02-07T16:14:26.693+0000] {processor.py:183} INFO - Processing /home/airflow/.local/lib/python3.8/site-packages/airflow/example_dags/example_task_group_decorator.py took 0.088 seconds
[2024-02-07T16:14:57.085+0000] {processor.py:161} INFO - Started process (PID=514) to work on /home/airflow/.local/lib/python3.8/site-packages/airflow/example_dags/example_task_group_decorator.py
[2024-02-07T16:14:57.086+0000] {processor.py:830} INFO - Processing file /home/airflow/.local/lib/python3.8/site-packages/airflow/example_dags/example_task_group_decorator.py for tasks to queue
[2024-02-07T16:14:57.088+0000] {logging_mixin.py:188} INFO - [2024-02-07T16:14:57.088+0000] {dagbag.py:538} INFO - Filling up the DagBag from /home/airflow/.local/lib/python3.8/site-packages/airflow/example_dags/example_task_group_decorator.py
[2024-02-07T16:14:57.108+0000] {processor.py:840} INFO - DAG(s) 'example_task_group_decorator' retrieved from /home/airflow/.local/lib/python3.8/site-packages/airflow/example_dags/example_task_group_decorator.py
[2024-02-07T16:14:57.147+0000] {logging_mixin.py:188} INFO - [2024-02-07T16:14:57.147+0000] {dag.py:3036} INFO - Sync 1 DAGs
[2024-02-07T16:14:57.172+0000] {logging_mixin.py:188} INFO - [2024-02-07T16:14:57.172+0000] {dag.py:3823} INFO - Setting next_dagrun for example_task_group_decorator to 2024-02-06 00:00:00+00:00, run_after=2024-02-07 00:00:00+00:00
[2024-02-07T16:14:57.190+0000] {processor.py:183} INFO - Processing /home/airflow/.local/lib/python3.8/site-packages/airflow/example_dags/example_task_group_decorator.py took 0.110 seconds
[2024-02-07T16:23:25.886+0000] {processor.py:161} INFO - Started process (PID=60) to work on /home/airflow/.local/lib/python3.8/site-packages/airflow/example_dags/example_task_group_decorator.py
[2024-02-07T16:23:25.887+0000] {processor.py:830} INFO - Processing file /home/airflow/.local/lib/python3.8/site-packages/airflow/example_dags/example_task_group_decorator.py for tasks to queue
[2024-02-07T16:23:25.889+0000] {logging_mixin.py:188} INFO - [2024-02-07T16:23:25.888+0000] {dagbag.py:538} INFO - Filling up the DagBag from /home/airflow/.local/lib/python3.8/site-packages/airflow/example_dags/example_task_group_decorator.py
[2024-02-07T16:23:25.907+0000] {processor.py:840} INFO - DAG(s) 'example_task_group_decorator' retrieved from /home/airflow/.local/lib/python3.8/site-packages/airflow/example_dags/example_task_group_decorator.py
[2024-02-07T16:23:25.922+0000] {logging_mixin.py:188} INFO - [2024-02-07T16:23:25.922+0000] {dag.py:3036} INFO - Sync 1 DAGs
[2024-02-07T16:23:25.961+0000] {logging_mixin.py:188} INFO - [2024-02-07T16:23:25.961+0000] {dag.py:3823} INFO - Setting next_dagrun for example_task_group_decorator to 2024-02-06 00:00:00+00:00, run_after=2024-02-07 00:00:00+00:00
[2024-02-07T16:23:25.993+0000] {processor.py:183} INFO - Processing /home/airflow/.local/lib/python3.8/site-packages/airflow/example_dags/example_task_group_decorator.py took 0.111 seconds
[2024-02-07T16:23:56.530+0000] {processor.py:161} INFO - Started process (PID=117) to work on /home/airflow/.local/lib/python3.8/site-packages/airflow/example_dags/example_task_group_decorator.py
[2024-02-07T16:23:56.530+0000] {processor.py:830} INFO - Processing file /home/airflow/.local/lib/python3.8/site-packages/airflow/example_dags/example_task_group_decorator.py for tasks to queue
[2024-02-07T16:23:56.532+0000] {logging_mixin.py:188} INFO - [2024-02-07T16:23:56.532+0000] {dagbag.py:538} INFO - Filling up the DagBag from /home/airflow/.local/lib/python3.8/site-packages/airflow/example_dags/example_task_group_decorator.py
[2024-02-07T16:23:56.546+0000] {processor.py:840} INFO - DAG(s) 'example_task_group_decorator' retrieved from /home/airflow/.local/lib/python3.8/site-packages/airflow/example_dags/example_task_group_decorator.py
[2024-02-07T16:23:56.651+0000] {logging_mixin.py:188} INFO - [2024-02-07T16:23:56.650+0000] {dag.py:3036} INFO - Sync 1 DAGs
[2024-02-07T16:23:56.670+0000] {logging_mixin.py:188} INFO - [2024-02-07T16:23:56.670+0000] {dag.py:3823} INFO - Setting next_dagrun for example_task_group_decorator to 2024-02-06 00:00:00+00:00, run_after=2024-02-07 00:00:00+00:00
[2024-02-07T16:23:56.691+0000] {processor.py:183} INFO - Processing /home/airflow/.local/lib/python3.8/site-packages/airflow/example_dags/example_task_group_decorator.py took 0.164 seconds
[2024-02-07T16:24:27.488+0000] {processor.py:161} INFO - Started process (PID=174) to work on /home/airflow/.local/lib/python3.8/site-packages/airflow/example_dags/example_task_group_decorator.py
[2024-02-07T16:24:27.489+0000] {processor.py:830} INFO - Processing file /home/airflow/.local/lib/python3.8/site-packages/airflow/example_dags/example_task_group_decorator.py for tasks to queue
[2024-02-07T16:24:27.491+0000] {logging_mixin.py:188} INFO - [2024-02-07T16:24:27.490+0000] {dagbag.py:538} INFO - Filling up the DagBag from /home/airflow/.local/lib/python3.8/site-packages/airflow/example_dags/example_task_group_decorator.py
[2024-02-07T16:24:27.507+0000] {processor.py:840} INFO - DAG(s) 'example_task_group_decorator' retrieved from /home/airflow/.local/lib/python3.8/site-packages/airflow/example_dags/example_task_group_decorator.py
[2024-02-07T16:24:27.538+0000] {logging_mixin.py:188} INFO - [2024-02-07T16:24:27.538+0000] {dag.py:3036} INFO - Sync 1 DAGs
[2024-02-07T16:24:27.565+0000] {logging_mixin.py:188} INFO - [2024-02-07T16:24:27.564+0000] {dag.py:3823} INFO - Setting next_dagrun for example_task_group_decorator to 2024-02-06 00:00:00+00:00, run_after=2024-02-07 00:00:00+00:00
[2024-02-07T16:24:27.588+0000] {processor.py:183} INFO - Processing /home/airflow/.local/lib/python3.8/site-packages/airflow/example_dags/example_task_group_decorator.py took 0.103 seconds
[2024-02-07T16:24:57.612+0000] {processor.py:161} INFO - Started process (PID=229) to work on /home/airflow/.local/lib/python3.8/site-packages/airflow/example_dags/example_task_group_decorator.py
[2024-02-07T16:24:57.613+0000] {processor.py:830} INFO - Processing file /home/airflow/.local/lib/python3.8/site-packages/airflow/example_dags/example_task_group_decorator.py for tasks to queue
[2024-02-07T16:24:57.614+0000] {logging_mixin.py:188} INFO - [2024-02-07T16:24:57.614+0000] {dagbag.py:538} INFO - Filling up the DagBag from /home/airflow/.local/lib/python3.8/site-packages/airflow/example_dags/example_task_group_decorator.py
[2024-02-07T16:24:57.629+0000] {processor.py:840} INFO - DAG(s) 'example_task_group_decorator' retrieved from /home/airflow/.local/lib/python3.8/site-packages/airflow/example_dags/example_task_group_decorator.py
[2024-02-07T16:24:57.652+0000] {logging_mixin.py:188} INFO - [2024-02-07T16:24:57.652+0000] {dag.py:3036} INFO - Sync 1 DAGs
[2024-02-07T16:24:57.672+0000] {logging_mixin.py:188} INFO - [2024-02-07T16:24:57.672+0000] {dag.py:3823} INFO - Setting next_dagrun for example_task_group_decorator to 2024-02-06 00:00:00+00:00, run_after=2024-02-07 00:00:00+00:00
[2024-02-07T16:24:57.689+0000] {processor.py:183} INFO - Processing /home/airflow/.local/lib/python3.8/site-packages/airflow/example_dags/example_task_group_decorator.py took 0.081 seconds
[2024-02-07T16:25:27.754+0000] {processor.py:161} INFO - Started process (PID=286) to work on /home/airflow/.local/lib/python3.8/site-packages/airflow/example_dags/example_task_group_decorator.py
[2024-02-07T16:25:27.754+0000] {processor.py:830} INFO - Processing file /home/airflow/.local/lib/python3.8/site-packages/airflow/example_dags/example_task_group_decorator.py for tasks to queue
[2024-02-07T16:25:27.756+0000] {logging_mixin.py:188} INFO - [2024-02-07T16:25:27.756+0000] {dagbag.py:538} INFO - Filling up the DagBag from /home/airflow/.local/lib/python3.8/site-packages/airflow/example_dags/example_task_group_decorator.py
[2024-02-07T16:25:27.770+0000] {processor.py:840} INFO - DAG(s) 'example_task_group_decorator' retrieved from /home/airflow/.local/lib/python3.8/site-packages/airflow/example_dags/example_task_group_decorator.py
[2024-02-07T16:25:27.794+0000] {logging_mixin.py:188} INFO - [2024-02-07T16:25:27.794+0000] {dag.py:3036} INFO - Sync 1 DAGs
[2024-02-07T16:25:27.815+0000] {logging_mixin.py:188} INFO - [2024-02-07T16:25:27.814+0000] {dag.py:3823} INFO - Setting next_dagrun for example_task_group_decorator to 2024-02-06 00:00:00+00:00, run_after=2024-02-07 00:00:00+00:00
[2024-02-07T16:25:27.832+0000] {processor.py:183} INFO - Processing /home/airflow/.local/lib/python3.8/site-packages/airflow/example_dags/example_task_group_decorator.py took 0.081 seconds
[2024-02-07T16:25:57.982+0000] {processor.py:161} INFO - Started process (PID=343) to work on /home/airflow/.local/lib/python3.8/site-packages/airflow/example_dags/example_task_group_decorator.py
[2024-02-07T16:25:57.983+0000] {processor.py:830} INFO - Processing file /home/airflow/.local/lib/python3.8/site-packages/airflow/example_dags/example_task_group_decorator.py for tasks to queue
[2024-02-07T16:25:57.986+0000] {logging_mixin.py:188} INFO - [2024-02-07T16:25:57.985+0000] {dagbag.py:538} INFO - Filling up the DagBag from /home/airflow/.local/lib/python3.8/site-packages/airflow/example_dags/example_task_group_decorator.py
[2024-02-07T16:25:58.004+0000] {processor.py:840} INFO - DAG(s) 'example_task_group_decorator' retrieved from /home/airflow/.local/lib/python3.8/site-packages/airflow/example_dags/example_task_group_decorator.py
[2024-02-07T16:25:58.037+0000] {logging_mixin.py:188} INFO - [2024-02-07T16:25:58.037+0000] {dag.py:3036} INFO - Sync 1 DAGs
[2024-02-07T16:25:58.059+0000] {logging_mixin.py:188} INFO - [2024-02-07T16:25:58.059+0000] {dag.py:3823} INFO - Setting next_dagrun for example_task_group_decorator to 2024-02-06 00:00:00+00:00, run_after=2024-02-07 00:00:00+00:00
[2024-02-07T16:25:58.076+0000] {processor.py:183} INFO - Processing /home/airflow/.local/lib/python3.8/site-packages/airflow/example_dags/example_task_group_decorator.py took 0.098 seconds
[2024-02-07T16:48:23.197+0000] {processor.py:161} INFO - Started process (PID=59) to work on /home/airflow/.local/lib/python3.8/site-packages/airflow/example_dags/example_task_group_decorator.py
[2024-02-07T16:48:23.198+0000] {processor.py:830} INFO - Processing file /home/airflow/.local/lib/python3.8/site-packages/airflow/example_dags/example_task_group_decorator.py for tasks to queue
[2024-02-07T16:48:23.200+0000] {logging_mixin.py:188} INFO - [2024-02-07T16:48:23.200+0000] {dagbag.py:538} INFO - Filling up the DagBag from /home/airflow/.local/lib/python3.8/site-packages/airflow/example_dags/example_task_group_decorator.py
[2024-02-07T16:48:23.217+0000] {processor.py:840} INFO - DAG(s) 'example_task_group_decorator' retrieved from /home/airflow/.local/lib/python3.8/site-packages/airflow/example_dags/example_task_group_decorator.py
[2024-02-07T16:48:23.342+0000] {logging_mixin.py:188} INFO - [2024-02-07T16:48:23.342+0000] {dag.py:3036} INFO - Sync 1 DAGs
[2024-02-07T16:48:23.368+0000] {logging_mixin.py:188} INFO - [2024-02-07T16:48:23.367+0000] {dag.py:3823} INFO - Setting next_dagrun for example_task_group_decorator to 2024-02-06 00:00:00+00:00, run_after=2024-02-07 00:00:00+00:00
[2024-02-07T16:48:23.390+0000] {processor.py:183} INFO - Processing /home/airflow/.local/lib/python3.8/site-packages/airflow/example_dags/example_task_group_decorator.py took 0.196 seconds
[2024-02-07T16:48:53.675+0000] {processor.py:161} INFO - Started process (PID=116) to work on /home/airflow/.local/lib/python3.8/site-packages/airflow/example_dags/example_task_group_decorator.py
[2024-02-07T16:48:53.676+0000] {processor.py:830} INFO - Processing file /home/airflow/.local/lib/python3.8/site-packages/airflow/example_dags/example_task_group_decorator.py for tasks to queue
[2024-02-07T16:48:53.678+0000] {logging_mixin.py:188} INFO - [2024-02-07T16:48:53.677+0000] {dagbag.py:538} INFO - Filling up the DagBag from /home/airflow/.local/lib/python3.8/site-packages/airflow/example_dags/example_task_group_decorator.py
[2024-02-07T16:48:53.691+0000] {processor.py:840} INFO - DAG(s) 'example_task_group_decorator' retrieved from /home/airflow/.local/lib/python3.8/site-packages/airflow/example_dags/example_task_group_decorator.py
[2024-02-07T16:48:53.715+0000] {logging_mixin.py:188} INFO - [2024-02-07T16:48:53.715+0000] {dag.py:3036} INFO - Sync 1 DAGs
[2024-02-07T16:48:53.736+0000] {logging_mixin.py:188} INFO - [2024-02-07T16:48:53.736+0000] {dag.py:3823} INFO - Setting next_dagrun for example_task_group_decorator to 2024-02-06 00:00:00+00:00, run_after=2024-02-07 00:00:00+00:00
[2024-02-07T16:48:53.754+0000] {processor.py:183} INFO - Processing /home/airflow/.local/lib/python3.8/site-packages/airflow/example_dags/example_task_group_decorator.py took 0.082 seconds
[2024-02-07T16:49:24.161+0000] {processor.py:161} INFO - Started process (PID=173) to work on /home/airflow/.local/lib/python3.8/site-packages/airflow/example_dags/example_task_group_decorator.py
[2024-02-07T16:49:24.162+0000] {processor.py:830} INFO - Processing file /home/airflow/.local/lib/python3.8/site-packages/airflow/example_dags/example_task_group_decorator.py for tasks to queue
[2024-02-07T16:49:24.163+0000] {logging_mixin.py:188} INFO - [2024-02-07T16:49:24.163+0000] {dagbag.py:538} INFO - Filling up the DagBag from /home/airflow/.local/lib/python3.8/site-packages/airflow/example_dags/example_task_group_decorator.py
[2024-02-07T16:49:24.177+0000] {processor.py:840} INFO - DAG(s) 'example_task_group_decorator' retrieved from /home/airflow/.local/lib/python3.8/site-packages/airflow/example_dags/example_task_group_decorator.py
[2024-02-07T16:49:24.201+0000] {logging_mixin.py:188} INFO - [2024-02-07T16:49:24.200+0000] {dag.py:3036} INFO - Sync 1 DAGs
[2024-02-07T16:49:24.226+0000] {logging_mixin.py:188} INFO - [2024-02-07T16:49:24.225+0000] {dag.py:3823} INFO - Setting next_dagrun for example_task_group_decorator to 2024-02-06 00:00:00+00:00, run_after=2024-02-07 00:00:00+00:00
[2024-02-07T16:49:24.248+0000] {processor.py:183} INFO - Processing /home/airflow/.local/lib/python3.8/site-packages/airflow/example_dags/example_task_group_decorator.py took 0.091 seconds
[2024-02-07T16:49:54.329+0000] {processor.py:161} INFO - Started process (PID=229) to work on /home/airflow/.local/lib/python3.8/site-packages/airflow/example_dags/example_task_group_decorator.py
[2024-02-07T16:49:54.330+0000] {processor.py:830} INFO - Processing file /home/airflow/.local/lib/python3.8/site-packages/airflow/example_dags/example_task_group_decorator.py for tasks to queue
[2024-02-07T16:49:54.332+0000] {logging_mixin.py:188} INFO - [2024-02-07T16:49:54.331+0000] {dagbag.py:538} INFO - Filling up the DagBag from /home/airflow/.local/lib/python3.8/site-packages/airflow/example_dags/example_task_group_decorator.py
[2024-02-07T16:49:54.348+0000] {processor.py:840} INFO - DAG(s) 'example_task_group_decorator' retrieved from /home/airflow/.local/lib/python3.8/site-packages/airflow/example_dags/example_task_group_decorator.py
[2024-02-07T16:49:54.371+0000] {logging_mixin.py:188} INFO - [2024-02-07T16:49:54.371+0000] {dag.py:3036} INFO - Sync 1 DAGs
[2024-02-07T16:49:54.392+0000] {logging_mixin.py:188} INFO - [2024-02-07T16:49:54.392+0000] {dag.py:3823} INFO - Setting next_dagrun for example_task_group_decorator to 2024-02-06 00:00:00+00:00, run_after=2024-02-07 00:00:00+00:00
[2024-02-07T16:49:54.410+0000] {processor.py:183} INFO - Processing /home/airflow/.local/lib/python3.8/site-packages/airflow/example_dags/example_task_group_decorator.py took 0.084 seconds
[2024-02-07T16:50:24.626+0000] {processor.py:161} INFO - Started process (PID=286) to work on /home/airflow/.local/lib/python3.8/site-packages/airflow/example_dags/example_task_group_decorator.py
[2024-02-07T16:50:24.627+0000] {processor.py:830} INFO - Processing file /home/airflow/.local/lib/python3.8/site-packages/airflow/example_dags/example_task_group_decorator.py for tasks to queue
[2024-02-07T16:50:24.629+0000] {logging_mixin.py:188} INFO - [2024-02-07T16:50:24.628+0000] {dagbag.py:538} INFO - Filling up the DagBag from /home/airflow/.local/lib/python3.8/site-packages/airflow/example_dags/example_task_group_decorator.py
[2024-02-07T16:50:24.643+0000] {processor.py:840} INFO - DAG(s) 'example_task_group_decorator' retrieved from /home/airflow/.local/lib/python3.8/site-packages/airflow/example_dags/example_task_group_decorator.py
[2024-02-07T16:50:24.668+0000] {logging_mixin.py:188} INFO - [2024-02-07T16:50:24.668+0000] {dag.py:3036} INFO - Sync 1 DAGs
[2024-02-07T16:50:24.690+0000] {logging_mixin.py:188} INFO - [2024-02-07T16:50:24.689+0000] {dag.py:3823} INFO - Setting next_dagrun for example_task_group_decorator to 2024-02-06 00:00:00+00:00, run_after=2024-02-07 00:00:00+00:00
[2024-02-07T16:50:24.711+0000] {processor.py:183} INFO - Processing /home/airflow/.local/lib/python3.8/site-packages/airflow/example_dags/example_task_group_decorator.py took 0.088 seconds
[2024-02-07T16:50:54.803+0000] {processor.py:161} INFO - Started process (PID=343) to work on /home/airflow/.local/lib/python3.8/site-packages/airflow/example_dags/example_task_group_decorator.py
[2024-02-07T16:50:54.804+0000] {processor.py:830} INFO - Processing file /home/airflow/.local/lib/python3.8/site-packages/airflow/example_dags/example_task_group_decorator.py for tasks to queue
[2024-02-07T16:50:54.806+0000] {logging_mixin.py:188} INFO - [2024-02-07T16:50:54.806+0000] {dagbag.py:538} INFO - Filling up the DagBag from /home/airflow/.local/lib/python3.8/site-packages/airflow/example_dags/example_task_group_decorator.py
[2024-02-07T16:50:54.821+0000] {processor.py:840} INFO - DAG(s) 'example_task_group_decorator' retrieved from /home/airflow/.local/lib/python3.8/site-packages/airflow/example_dags/example_task_group_decorator.py
[2024-02-07T16:50:54.853+0000] {logging_mixin.py:188} INFO - [2024-02-07T16:50:54.852+0000] {dag.py:3036} INFO - Sync 1 DAGs
[2024-02-07T16:50:54.876+0000] {logging_mixin.py:188} INFO - [2024-02-07T16:50:54.875+0000] {dag.py:3823} INFO - Setting next_dagrun for example_task_group_decorator to 2024-02-06 00:00:00+00:00, run_after=2024-02-07 00:00:00+00:00
[2024-02-07T16:50:54.893+0000] {processor.py:183} INFO - Processing /home/airflow/.local/lib/python3.8/site-packages/airflow/example_dags/example_task_group_decorator.py took 0.093 seconds
