[2024-02-07T14:34:03.992+0000] {processor.py:161} INFO - Started process (PID=70) to work on /home/airflow/.local/lib/python3.8/site-packages/airflow/example_dags/example_python_operator.py
[2024-02-07T14:34:03.992+0000] {processor.py:830} INFO - Processing file /home/airflow/.local/lib/python3.8/site-packages/airflow/example_dags/example_python_operator.py for tasks to queue
[2024-02-07T14:34:03.994+0000] {logging_mixin.py:188} INFO - [2024-02-07T14:34:03.994+0000] {dagbag.py:538} INFO - Filling up the DagBag from /home/airflow/.local/lib/python3.8/site-packages/airflow/example_dags/example_python_operator.py
[2024-02-07T14:34:04.005+0000] {processor.py:840} INFO - DAG(s) 'example_python_operator' retrieved from /home/airflow/.local/lib/python3.8/site-packages/airflow/example_dags/example_python_operator.py
[2024-02-07T14:34:04.016+0000] {logging_mixin.py:188} INFO - [2024-02-07T14:34:04.016+0000] {dag.py:3036} INFO - Sync 1 DAGs
[2024-02-07T14:34:04.029+0000] {logging_mixin.py:188} INFO - [2024-02-07T14:34:04.028+0000] {dag.py:3823} INFO - Setting next_dagrun for example_python_operator to None, run_after=None
[2024-02-07T14:34:04.047+0000] {processor.py:183} INFO - Processing /home/airflow/.local/lib/python3.8/site-packages/airflow/example_dags/example_python_operator.py took 0.059 seconds
[2024-02-07T14:34:36.526+0000] {processor.py:161} INFO - Started process (PID=127) to work on /home/airflow/.local/lib/python3.8/site-packages/airflow/example_dags/example_python_operator.py
[2024-02-07T14:34:36.527+0000] {processor.py:830} INFO - Processing file /home/airflow/.local/lib/python3.8/site-packages/airflow/example_dags/example_python_operator.py for tasks to queue
[2024-02-07T14:34:36.528+0000] {logging_mixin.py:188} INFO - [2024-02-07T14:34:36.528+0000] {dagbag.py:538} INFO - Filling up the DagBag from /home/airflow/.local/lib/python3.8/site-packages/airflow/example_dags/example_python_operator.py
[2024-02-07T14:34:36.538+0000] {processor.py:840} INFO - DAG(s) 'example_python_operator' retrieved from /home/airflow/.local/lib/python3.8/site-packages/airflow/example_dags/example_python_operator.py
[2024-02-07T14:34:36.682+0000] {logging_mixin.py:188} INFO - [2024-02-07T14:34:36.682+0000] {dag.py:3036} INFO - Sync 1 DAGs
[2024-02-07T14:34:36.693+0000] {logging_mixin.py:188} INFO - [2024-02-07T14:34:36.692+0000] {dag.py:3823} INFO - Setting next_dagrun for example_python_operator to None, run_after=None
[2024-02-07T14:34:36.718+0000] {processor.py:183} INFO - Processing /home/airflow/.local/lib/python3.8/site-packages/airflow/example_dags/example_python_operator.py took 0.195 seconds
[2024-02-07T14:35:06.789+0000] {processor.py:161} INFO - Started process (PID=184) to work on /home/airflow/.local/lib/python3.8/site-packages/airflow/example_dags/example_python_operator.py
[2024-02-07T14:35:06.790+0000] {processor.py:830} INFO - Processing file /home/airflow/.local/lib/python3.8/site-packages/airflow/example_dags/example_python_operator.py for tasks to queue
[2024-02-07T14:35:06.791+0000] {logging_mixin.py:188} INFO - [2024-02-07T14:35:06.791+0000] {dagbag.py:538} INFO - Filling up the DagBag from /home/airflow/.local/lib/python3.8/site-packages/airflow/example_dags/example_python_operator.py
[2024-02-07T14:35:06.801+0000] {processor.py:840} INFO - DAG(s) 'example_python_operator' retrieved from /home/airflow/.local/lib/python3.8/site-packages/airflow/example_dags/example_python_operator.py
[2024-02-07T14:35:06.823+0000] {logging_mixin.py:188} INFO - [2024-02-07T14:35:06.822+0000] {dag.py:3036} INFO - Sync 1 DAGs
[2024-02-07T14:35:06.834+0000] {logging_mixin.py:188} INFO - [2024-02-07T14:35:06.834+0000] {dag.py:3823} INFO - Setting next_dagrun for example_python_operator to None, run_after=None
[2024-02-07T14:35:06.852+0000] {processor.py:183} INFO - Processing /home/airflow/.local/lib/python3.8/site-packages/airflow/example_dags/example_python_operator.py took 0.066 seconds
[2024-02-07T14:35:37.365+0000] {processor.py:161} INFO - Started process (PID=241) to work on /home/airflow/.local/lib/python3.8/site-packages/airflow/example_dags/example_python_operator.py
[2024-02-07T14:35:37.366+0000] {processor.py:830} INFO - Processing file /home/airflow/.local/lib/python3.8/site-packages/airflow/example_dags/example_python_operator.py for tasks to queue
[2024-02-07T14:35:37.368+0000] {logging_mixin.py:188} INFO - [2024-02-07T14:35:37.367+0000] {dagbag.py:538} INFO - Filling up the DagBag from /home/airflow/.local/lib/python3.8/site-packages/airflow/example_dags/example_python_operator.py
[2024-02-07T14:35:37.381+0000] {processor.py:840} INFO - DAG(s) 'example_python_operator' retrieved from /home/airflow/.local/lib/python3.8/site-packages/airflow/example_dags/example_python_operator.py
[2024-02-07T14:35:37.403+0000] {logging_mixin.py:188} INFO - [2024-02-07T14:35:37.403+0000] {dag.py:3036} INFO - Sync 1 DAGs
[2024-02-07T14:35:37.416+0000] {logging_mixin.py:188} INFO - [2024-02-07T14:35:37.416+0000] {dag.py:3823} INFO - Setting next_dagrun for example_python_operator to None, run_after=None
[2024-02-07T14:35:37.437+0000] {processor.py:183} INFO - Processing /home/airflow/.local/lib/python3.8/site-packages/airflow/example_dags/example_python_operator.py took 0.077 seconds
[2024-02-07T14:43:08.712+0000] {processor.py:161} INFO - Started process (PID=70) to work on /home/airflow/.local/lib/python3.8/site-packages/airflow/example_dags/example_python_operator.py
[2024-02-07T14:43:08.713+0000] {processor.py:830} INFO - Processing file /home/airflow/.local/lib/python3.8/site-packages/airflow/example_dags/example_python_operator.py for tasks to queue
[2024-02-07T14:43:08.715+0000] {logging_mixin.py:188} INFO - [2024-02-07T14:43:08.715+0000] {dagbag.py:538} INFO - Filling up the DagBag from /home/airflow/.local/lib/python3.8/site-packages/airflow/example_dags/example_python_operator.py
[2024-02-07T14:43:08.726+0000] {processor.py:840} INFO - DAG(s) 'example_python_operator' retrieved from /home/airflow/.local/lib/python3.8/site-packages/airflow/example_dags/example_python_operator.py
[2024-02-07T14:43:08.738+0000] {logging_mixin.py:188} INFO - [2024-02-07T14:43:08.738+0000] {dag.py:3036} INFO - Sync 1 DAGs
[2024-02-07T14:43:08.750+0000] {logging_mixin.py:188} INFO - [2024-02-07T14:43:08.750+0000] {dag.py:3823} INFO - Setting next_dagrun for example_python_operator to None, run_after=None
[2024-02-07T14:43:08.773+0000] {processor.py:183} INFO - Processing /home/airflow/.local/lib/python3.8/site-packages/airflow/example_dags/example_python_operator.py took 0.063 seconds
[2024-02-07T14:43:40.116+0000] {processor.py:161} INFO - Started process (PID=127) to work on /home/airflow/.local/lib/python3.8/site-packages/airflow/example_dags/example_python_operator.py
[2024-02-07T14:43:40.117+0000] {processor.py:830} INFO - Processing file /home/airflow/.local/lib/python3.8/site-packages/airflow/example_dags/example_python_operator.py for tasks to queue
[2024-02-07T14:43:40.119+0000] {logging_mixin.py:188} INFO - [2024-02-07T14:43:40.118+0000] {dagbag.py:538} INFO - Filling up the DagBag from /home/airflow/.local/lib/python3.8/site-packages/airflow/example_dags/example_python_operator.py
[2024-02-07T14:43:40.129+0000] {processor.py:840} INFO - DAG(s) 'example_python_operator' retrieved from /home/airflow/.local/lib/python3.8/site-packages/airflow/example_dags/example_python_operator.py
[2024-02-07T14:43:40.229+0000] {logging_mixin.py:188} INFO - [2024-02-07T14:43:40.229+0000] {dag.py:3036} INFO - Sync 1 DAGs
[2024-02-07T14:43:40.239+0000] {logging_mixin.py:188} INFO - [2024-02-07T14:43:40.239+0000] {dag.py:3823} INFO - Setting next_dagrun for example_python_operator to None, run_after=None
[2024-02-07T14:43:40.260+0000] {processor.py:183} INFO - Processing /home/airflow/.local/lib/python3.8/site-packages/airflow/example_dags/example_python_operator.py took 0.147 seconds
[2024-02-07T14:44:11.048+0000] {processor.py:161} INFO - Started process (PID=184) to work on /home/airflow/.local/lib/python3.8/site-packages/airflow/example_dags/example_python_operator.py
[2024-02-07T14:44:11.049+0000] {processor.py:830} INFO - Processing file /home/airflow/.local/lib/python3.8/site-packages/airflow/example_dags/example_python_operator.py for tasks to queue
[2024-02-07T14:44:11.050+0000] {logging_mixin.py:188} INFO - [2024-02-07T14:44:11.050+0000] {dagbag.py:538} INFO - Filling up the DagBag from /home/airflow/.local/lib/python3.8/site-packages/airflow/example_dags/example_python_operator.py
[2024-02-07T14:44:11.060+0000] {processor.py:840} INFO - DAG(s) 'example_python_operator' retrieved from /home/airflow/.local/lib/python3.8/site-packages/airflow/example_dags/example_python_operator.py
[2024-02-07T14:44:11.084+0000] {logging_mixin.py:188} INFO - [2024-02-07T14:44:11.083+0000] {dag.py:3036} INFO - Sync 1 DAGs
[2024-02-07T14:44:11.097+0000] {logging_mixin.py:188} INFO - [2024-02-07T14:44:11.097+0000] {dag.py:3823} INFO - Setting next_dagrun for example_python_operator to None, run_after=None
[2024-02-07T14:44:11.115+0000] {processor.py:183} INFO - Processing /home/airflow/.local/lib/python3.8/site-packages/airflow/example_dags/example_python_operator.py took 0.071 seconds
[2024-02-07T14:44:41.690+0000] {processor.py:161} INFO - Started process (PID=241) to work on /home/airflow/.local/lib/python3.8/site-packages/airflow/example_dags/example_python_operator.py
[2024-02-07T14:44:41.691+0000] {processor.py:830} INFO - Processing file /home/airflow/.local/lib/python3.8/site-packages/airflow/example_dags/example_python_operator.py for tasks to queue
[2024-02-07T14:44:41.693+0000] {logging_mixin.py:188} INFO - [2024-02-07T14:44:41.693+0000] {dagbag.py:538} INFO - Filling up the DagBag from /home/airflow/.local/lib/python3.8/site-packages/airflow/example_dags/example_python_operator.py
[2024-02-07T14:44:41.711+0000] {processor.py:840} INFO - DAG(s) 'example_python_operator' retrieved from /home/airflow/.local/lib/python3.8/site-packages/airflow/example_dags/example_python_operator.py
[2024-02-07T14:44:41.746+0000] {logging_mixin.py:188} INFO - [2024-02-07T14:44:41.746+0000] {dag.py:3036} INFO - Sync 1 DAGs
[2024-02-07T14:44:41.766+0000] {logging_mixin.py:188} INFO - [2024-02-07T14:44:41.766+0000] {dag.py:3823} INFO - Setting next_dagrun for example_python_operator to None, run_after=None
[2024-02-07T14:44:41.794+0000] {processor.py:183} INFO - Processing /home/airflow/.local/lib/python3.8/site-packages/airflow/example_dags/example_python_operator.py took 0.110 seconds
[2024-02-07T14:45:12.467+0000] {processor.py:161} INFO - Started process (PID=298) to work on /home/airflow/.local/lib/python3.8/site-packages/airflow/example_dags/example_python_operator.py
[2024-02-07T14:45:12.467+0000] {processor.py:830} INFO - Processing file /home/airflow/.local/lib/python3.8/site-packages/airflow/example_dags/example_python_operator.py for tasks to queue
[2024-02-07T14:45:12.469+0000] {logging_mixin.py:188} INFO - [2024-02-07T14:45:12.469+0000] {dagbag.py:538} INFO - Filling up the DagBag from /home/airflow/.local/lib/python3.8/site-packages/airflow/example_dags/example_python_operator.py
[2024-02-07T14:45:12.479+0000] {processor.py:840} INFO - DAG(s) 'example_python_operator' retrieved from /home/airflow/.local/lib/python3.8/site-packages/airflow/example_dags/example_python_operator.py
[2024-02-07T14:45:12.500+0000] {logging_mixin.py:188} INFO - [2024-02-07T14:45:12.500+0000] {dag.py:3036} INFO - Sync 1 DAGs
[2024-02-07T14:45:12.512+0000] {logging_mixin.py:188} INFO - [2024-02-07T14:45:12.511+0000] {dag.py:3823} INFO - Setting next_dagrun for example_python_operator to None, run_after=None
[2024-02-07T14:45:12.529+0000] {processor.py:183} INFO - Processing /home/airflow/.local/lib/python3.8/site-packages/airflow/example_dags/example_python_operator.py took 0.066 seconds
[2024-02-07T14:45:43.075+0000] {processor.py:161} INFO - Started process (PID=355) to work on /home/airflow/.local/lib/python3.8/site-packages/airflow/example_dags/example_python_operator.py
[2024-02-07T14:45:43.077+0000] {processor.py:830} INFO - Processing file /home/airflow/.local/lib/python3.8/site-packages/airflow/example_dags/example_python_operator.py for tasks to queue
[2024-02-07T14:45:43.080+0000] {logging_mixin.py:188} INFO - [2024-02-07T14:45:43.079+0000] {dagbag.py:538} INFO - Filling up the DagBag from /home/airflow/.local/lib/python3.8/site-packages/airflow/example_dags/example_python_operator.py
[2024-02-07T14:45:43.096+0000] {processor.py:840} INFO - DAG(s) 'example_python_operator' retrieved from /home/airflow/.local/lib/python3.8/site-packages/airflow/example_dags/example_python_operator.py
[2024-02-07T14:45:43.131+0000] {logging_mixin.py:188} INFO - [2024-02-07T14:45:43.130+0000] {dag.py:3036} INFO - Sync 1 DAGs
[2024-02-07T14:45:43.151+0000] {logging_mixin.py:188} INFO - [2024-02-07T14:45:43.151+0000] {dag.py:3823} INFO - Setting next_dagrun for example_python_operator to None, run_after=None
[2024-02-07T14:45:43.183+0000] {processor.py:183} INFO - Processing /home/airflow/.local/lib/python3.8/site-packages/airflow/example_dags/example_python_operator.py took 0.113 seconds
[2024-02-07T14:46:13.573+0000] {processor.py:161} INFO - Started process (PID=412) to work on /home/airflow/.local/lib/python3.8/site-packages/airflow/example_dags/example_python_operator.py
[2024-02-07T14:46:13.573+0000] {processor.py:830} INFO - Processing file /home/airflow/.local/lib/python3.8/site-packages/airflow/example_dags/example_python_operator.py for tasks to queue
[2024-02-07T14:46:13.575+0000] {logging_mixin.py:188} INFO - [2024-02-07T14:46:13.575+0000] {dagbag.py:538} INFO - Filling up the DagBag from /home/airflow/.local/lib/python3.8/site-packages/airflow/example_dags/example_python_operator.py
[2024-02-07T14:46:13.585+0000] {processor.py:840} INFO - DAG(s) 'example_python_operator' retrieved from /home/airflow/.local/lib/python3.8/site-packages/airflow/example_dags/example_python_operator.py
[2024-02-07T14:46:13.606+0000] {logging_mixin.py:188} INFO - [2024-02-07T14:46:13.606+0000] {dag.py:3036} INFO - Sync 1 DAGs
[2024-02-07T14:46:13.620+0000] {logging_mixin.py:188} INFO - [2024-02-07T14:46:13.619+0000] {dag.py:3823} INFO - Setting next_dagrun for example_python_operator to None, run_after=None
[2024-02-07T14:46:13.639+0000] {processor.py:183} INFO - Processing /home/airflow/.local/lib/python3.8/site-packages/airflow/example_dags/example_python_operator.py took 0.070 seconds
[2024-02-07T14:46:44.313+0000] {processor.py:161} INFO - Started process (PID=469) to work on /home/airflow/.local/lib/python3.8/site-packages/airflow/example_dags/example_python_operator.py
[2024-02-07T14:46:44.315+0000] {processor.py:830} INFO - Processing file /home/airflow/.local/lib/python3.8/site-packages/airflow/example_dags/example_python_operator.py for tasks to queue
[2024-02-07T14:46:44.318+0000] {logging_mixin.py:188} INFO - [2024-02-07T14:46:44.317+0000] {dagbag.py:538} INFO - Filling up the DagBag from /home/airflow/.local/lib/python3.8/site-packages/airflow/example_dags/example_python_operator.py
[2024-02-07T14:46:44.330+0000] {processor.py:840} INFO - DAG(s) 'example_python_operator' retrieved from /home/airflow/.local/lib/python3.8/site-packages/airflow/example_dags/example_python_operator.py
[2024-02-07T14:46:44.359+0000] {logging_mixin.py:188} INFO - [2024-02-07T14:46:44.359+0000] {dag.py:3036} INFO - Sync 1 DAGs
[2024-02-07T14:46:44.377+0000] {logging_mixin.py:188} INFO - [2024-02-07T14:46:44.376+0000] {dag.py:3823} INFO - Setting next_dagrun for example_python_operator to None, run_after=None
[2024-02-07T14:46:44.403+0000] {processor.py:183} INFO - Processing /home/airflow/.local/lib/python3.8/site-packages/airflow/example_dags/example_python_operator.py took 0.093 seconds
[2024-02-07T14:47:14.672+0000] {processor.py:161} INFO - Started process (PID=526) to work on /home/airflow/.local/lib/python3.8/site-packages/airflow/example_dags/example_python_operator.py
[2024-02-07T14:47:14.673+0000] {processor.py:830} INFO - Processing file /home/airflow/.local/lib/python3.8/site-packages/airflow/example_dags/example_python_operator.py for tasks to queue
[2024-02-07T14:47:14.675+0000] {logging_mixin.py:188} INFO - [2024-02-07T14:47:14.675+0000] {dagbag.py:538} INFO - Filling up the DagBag from /home/airflow/.local/lib/python3.8/site-packages/airflow/example_dags/example_python_operator.py
[2024-02-07T14:47:14.685+0000] {processor.py:840} INFO - DAG(s) 'example_python_operator' retrieved from /home/airflow/.local/lib/python3.8/site-packages/airflow/example_dags/example_python_operator.py
[2024-02-07T14:47:14.708+0000] {logging_mixin.py:188} INFO - [2024-02-07T14:47:14.708+0000] {dag.py:3036} INFO - Sync 1 DAGs
[2024-02-07T14:47:14.721+0000] {logging_mixin.py:188} INFO - [2024-02-07T14:47:14.721+0000] {dag.py:3823} INFO - Setting next_dagrun for example_python_operator to None, run_after=None
[2024-02-07T14:47:14.746+0000] {processor.py:183} INFO - Processing /home/airflow/.local/lib/python3.8/site-packages/airflow/example_dags/example_python_operator.py took 0.077 seconds
[2024-02-07T14:47:44.794+0000] {processor.py:161} INFO - Started process (PID=581) to work on /home/airflow/.local/lib/python3.8/site-packages/airflow/example_dags/example_python_operator.py
[2024-02-07T14:47:44.795+0000] {processor.py:830} INFO - Processing file /home/airflow/.local/lib/python3.8/site-packages/airflow/example_dags/example_python_operator.py for tasks to queue
[2024-02-07T14:47:44.797+0000] {logging_mixin.py:188} INFO - [2024-02-07T14:47:44.797+0000] {dagbag.py:538} INFO - Filling up the DagBag from /home/airflow/.local/lib/python3.8/site-packages/airflow/example_dags/example_python_operator.py
[2024-02-07T14:47:44.813+0000] {processor.py:840} INFO - DAG(s) 'example_python_operator' retrieved from /home/airflow/.local/lib/python3.8/site-packages/airflow/example_dags/example_python_operator.py
[2024-02-07T14:47:44.834+0000] {logging_mixin.py:188} INFO - [2024-02-07T14:47:44.834+0000] {dag.py:3036} INFO - Sync 1 DAGs
[2024-02-07T14:47:44.845+0000] {logging_mixin.py:188} INFO - [2024-02-07T14:47:44.845+0000] {dag.py:3823} INFO - Setting next_dagrun for example_python_operator to None, run_after=None
[2024-02-07T14:47:44.863+0000] {processor.py:183} INFO - Processing /home/airflow/.local/lib/python3.8/site-packages/airflow/example_dags/example_python_operator.py took 0.073 seconds
[2024-02-07T14:48:15.131+0000] {processor.py:161} INFO - Started process (PID=638) to work on /home/airflow/.local/lib/python3.8/site-packages/airflow/example_dags/example_python_operator.py
[2024-02-07T14:48:15.132+0000] {processor.py:830} INFO - Processing file /home/airflow/.local/lib/python3.8/site-packages/airflow/example_dags/example_python_operator.py for tasks to queue
[2024-02-07T14:48:15.133+0000] {logging_mixin.py:188} INFO - [2024-02-07T14:48:15.133+0000] {dagbag.py:538} INFO - Filling up the DagBag from /home/airflow/.local/lib/python3.8/site-packages/airflow/example_dags/example_python_operator.py
[2024-02-07T14:48:15.143+0000] {processor.py:840} INFO - DAG(s) 'example_python_operator' retrieved from /home/airflow/.local/lib/python3.8/site-packages/airflow/example_dags/example_python_operator.py
[2024-02-07T14:48:15.165+0000] {logging_mixin.py:188} INFO - [2024-02-07T14:48:15.165+0000] {dag.py:3036} INFO - Sync 1 DAGs
[2024-02-07T14:48:15.176+0000] {logging_mixin.py:188} INFO - [2024-02-07T14:48:15.176+0000] {dag.py:3823} INFO - Setting next_dagrun for example_python_operator to None, run_after=None
[2024-02-07T14:48:15.194+0000] {processor.py:183} INFO - Processing /home/airflow/.local/lib/python3.8/site-packages/airflow/example_dags/example_python_operator.py took 0.066 seconds
[2024-02-07T14:48:45.540+0000] {processor.py:161} INFO - Started process (PID=695) to work on /home/airflow/.local/lib/python3.8/site-packages/airflow/example_dags/example_python_operator.py
[2024-02-07T14:48:45.541+0000] {processor.py:830} INFO - Processing file /home/airflow/.local/lib/python3.8/site-packages/airflow/example_dags/example_python_operator.py for tasks to queue
[2024-02-07T14:48:45.542+0000] {logging_mixin.py:188} INFO - [2024-02-07T14:48:45.542+0000] {dagbag.py:538} INFO - Filling up the DagBag from /home/airflow/.local/lib/python3.8/site-packages/airflow/example_dags/example_python_operator.py
[2024-02-07T14:48:45.552+0000] {processor.py:840} INFO - DAG(s) 'example_python_operator' retrieved from /home/airflow/.local/lib/python3.8/site-packages/airflow/example_dags/example_python_operator.py
[2024-02-07T14:48:45.574+0000] {logging_mixin.py:188} INFO - [2024-02-07T14:48:45.573+0000] {dag.py:3036} INFO - Sync 1 DAGs
[2024-02-07T14:48:45.585+0000] {logging_mixin.py:188} INFO - [2024-02-07T14:48:45.585+0000] {dag.py:3823} INFO - Setting next_dagrun for example_python_operator to None, run_after=None
[2024-02-07T14:48:45.602+0000] {processor.py:183} INFO - Processing /home/airflow/.local/lib/python3.8/site-packages/airflow/example_dags/example_python_operator.py took 0.066 seconds
[2024-02-07T14:49:15.789+0000] {processor.py:161} INFO - Started process (PID=752) to work on /home/airflow/.local/lib/python3.8/site-packages/airflow/example_dags/example_python_operator.py
[2024-02-07T14:49:15.790+0000] {processor.py:830} INFO - Processing file /home/airflow/.local/lib/python3.8/site-packages/airflow/example_dags/example_python_operator.py for tasks to queue
[2024-02-07T14:49:15.792+0000] {logging_mixin.py:188} INFO - [2024-02-07T14:49:15.792+0000] {dagbag.py:538} INFO - Filling up the DagBag from /home/airflow/.local/lib/python3.8/site-packages/airflow/example_dags/example_python_operator.py
[2024-02-07T14:49:15.803+0000] {processor.py:840} INFO - DAG(s) 'example_python_operator' retrieved from /home/airflow/.local/lib/python3.8/site-packages/airflow/example_dags/example_python_operator.py
[2024-02-07T14:49:15.825+0000] {logging_mixin.py:188} INFO - [2024-02-07T14:49:15.825+0000] {dag.py:3036} INFO - Sync 1 DAGs
[2024-02-07T14:49:15.836+0000] {logging_mixin.py:188} INFO - [2024-02-07T14:49:15.836+0000] {dag.py:3823} INFO - Setting next_dagrun for example_python_operator to None, run_after=None
[2024-02-07T14:49:15.854+0000] {processor.py:183} INFO - Processing /home/airflow/.local/lib/python3.8/site-packages/airflow/example_dags/example_python_operator.py took 0.068 seconds
[2024-02-07T14:49:46.355+0000] {processor.py:161} INFO - Started process (PID=809) to work on /home/airflow/.local/lib/python3.8/site-packages/airflow/example_dags/example_python_operator.py
[2024-02-07T14:49:46.356+0000] {processor.py:830} INFO - Processing file /home/airflow/.local/lib/python3.8/site-packages/airflow/example_dags/example_python_operator.py for tasks to queue
[2024-02-07T14:49:46.358+0000] {logging_mixin.py:188} INFO - [2024-02-07T14:49:46.357+0000] {dagbag.py:538} INFO - Filling up the DagBag from /home/airflow/.local/lib/python3.8/site-packages/airflow/example_dags/example_python_operator.py
[2024-02-07T14:49:46.367+0000] {processor.py:840} INFO - DAG(s) 'example_python_operator' retrieved from /home/airflow/.local/lib/python3.8/site-packages/airflow/example_dags/example_python_operator.py
[2024-02-07T14:49:46.389+0000] {logging_mixin.py:188} INFO - [2024-02-07T14:49:46.388+0000] {dag.py:3036} INFO - Sync 1 DAGs
[2024-02-07T14:49:46.400+0000] {logging_mixin.py:188} INFO - [2024-02-07T14:49:46.400+0000] {dag.py:3823} INFO - Setting next_dagrun for example_python_operator to None, run_after=None
[2024-02-07T14:49:46.417+0000] {processor.py:183} INFO - Processing /home/airflow/.local/lib/python3.8/site-packages/airflow/example_dags/example_python_operator.py took 0.065 seconds
[2024-02-07T14:50:17.139+0000] {processor.py:161} INFO - Started process (PID=866) to work on /home/airflow/.local/lib/python3.8/site-packages/airflow/example_dags/example_python_operator.py
[2024-02-07T14:50:17.140+0000] {processor.py:830} INFO - Processing file /home/airflow/.local/lib/python3.8/site-packages/airflow/example_dags/example_python_operator.py for tasks to queue
[2024-02-07T14:50:17.142+0000] {logging_mixin.py:188} INFO - [2024-02-07T14:50:17.141+0000] {dagbag.py:538} INFO - Filling up the DagBag from /home/airflow/.local/lib/python3.8/site-packages/airflow/example_dags/example_python_operator.py
[2024-02-07T14:50:17.152+0000] {processor.py:840} INFO - DAG(s) 'example_python_operator' retrieved from /home/airflow/.local/lib/python3.8/site-packages/airflow/example_dags/example_python_operator.py
[2024-02-07T14:50:17.174+0000] {logging_mixin.py:188} INFO - [2024-02-07T14:50:17.174+0000] {dag.py:3036} INFO - Sync 1 DAGs
[2024-02-07T14:50:17.187+0000] {logging_mixin.py:188} INFO - [2024-02-07T14:50:17.187+0000] {dag.py:3823} INFO - Setting next_dagrun for example_python_operator to None, run_after=None
[2024-02-07T14:50:17.205+0000] {processor.py:183} INFO - Processing /home/airflow/.local/lib/python3.8/site-packages/airflow/example_dags/example_python_operator.py took 0.069 seconds
[2024-02-07T14:50:47.803+0000] {processor.py:161} INFO - Started process (PID=923) to work on /home/airflow/.local/lib/python3.8/site-packages/airflow/example_dags/example_python_operator.py
[2024-02-07T14:50:47.804+0000] {processor.py:830} INFO - Processing file /home/airflow/.local/lib/python3.8/site-packages/airflow/example_dags/example_python_operator.py for tasks to queue
[2024-02-07T14:50:47.806+0000] {logging_mixin.py:188} INFO - [2024-02-07T14:50:47.806+0000] {dagbag.py:538} INFO - Filling up the DagBag from /home/airflow/.local/lib/python3.8/site-packages/airflow/example_dags/example_python_operator.py
[2024-02-07T14:50:47.817+0000] {processor.py:840} INFO - DAG(s) 'example_python_operator' retrieved from /home/airflow/.local/lib/python3.8/site-packages/airflow/example_dags/example_python_operator.py
[2024-02-07T14:50:47.842+0000] {logging_mixin.py:188} INFO - [2024-02-07T14:50:47.842+0000] {dag.py:3036} INFO - Sync 1 DAGs
[2024-02-07T14:50:47.857+0000] {logging_mixin.py:188} INFO - [2024-02-07T14:50:47.856+0000] {dag.py:3823} INFO - Setting next_dagrun for example_python_operator to None, run_after=None
[2024-02-07T14:50:47.883+0000] {processor.py:183} INFO - Processing /home/airflow/.local/lib/python3.8/site-packages/airflow/example_dags/example_python_operator.py took 0.083 seconds
[2024-02-07T14:51:18.722+0000] {processor.py:161} INFO - Started process (PID=981) to work on /home/airflow/.local/lib/python3.8/site-packages/airflow/example_dags/example_python_operator.py
[2024-02-07T14:51:18.723+0000] {processor.py:830} INFO - Processing file /home/airflow/.local/lib/python3.8/site-packages/airflow/example_dags/example_python_operator.py for tasks to queue
[2024-02-07T14:51:18.725+0000] {logging_mixin.py:188} INFO - [2024-02-07T14:51:18.724+0000] {dagbag.py:538} INFO - Filling up the DagBag from /home/airflow/.local/lib/python3.8/site-packages/airflow/example_dags/example_python_operator.py
[2024-02-07T14:51:18.734+0000] {processor.py:840} INFO - DAG(s) 'example_python_operator' retrieved from /home/airflow/.local/lib/python3.8/site-packages/airflow/example_dags/example_python_operator.py
[2024-02-07T14:51:18.758+0000] {logging_mixin.py:188} INFO - [2024-02-07T14:51:18.757+0000] {dag.py:3036} INFO - Sync 1 DAGs
[2024-02-07T14:51:18.770+0000] {logging_mixin.py:188} INFO - [2024-02-07T14:51:18.770+0000] {dag.py:3823} INFO - Setting next_dagrun for example_python_operator to None, run_after=None
[2024-02-07T14:51:18.790+0000] {processor.py:183} INFO - Processing /home/airflow/.local/lib/python3.8/site-packages/airflow/example_dags/example_python_operator.py took 0.072 seconds
[2024-02-07T14:51:48.978+0000] {processor.py:161} INFO - Started process (PID=1038) to work on /home/airflow/.local/lib/python3.8/site-packages/airflow/example_dags/example_python_operator.py
[2024-02-07T14:51:48.979+0000] {processor.py:830} INFO - Processing file /home/airflow/.local/lib/python3.8/site-packages/airflow/example_dags/example_python_operator.py for tasks to queue
[2024-02-07T14:51:48.981+0000] {logging_mixin.py:188} INFO - [2024-02-07T14:51:48.980+0000] {dagbag.py:538} INFO - Filling up the DagBag from /home/airflow/.local/lib/python3.8/site-packages/airflow/example_dags/example_python_operator.py
[2024-02-07T14:51:48.991+0000] {processor.py:840} INFO - DAG(s) 'example_python_operator' retrieved from /home/airflow/.local/lib/python3.8/site-packages/airflow/example_dags/example_python_operator.py
[2024-02-07T14:51:49.014+0000] {logging_mixin.py:188} INFO - [2024-02-07T14:51:49.014+0000] {dag.py:3036} INFO - Sync 1 DAGs
[2024-02-07T14:51:49.026+0000] {logging_mixin.py:188} INFO - [2024-02-07T14:51:49.026+0000] {dag.py:3823} INFO - Setting next_dagrun for example_python_operator to None, run_after=None
[2024-02-07T14:51:49.044+0000] {processor.py:183} INFO - Processing /home/airflow/.local/lib/python3.8/site-packages/airflow/example_dags/example_python_operator.py took 0.069 seconds
[2024-02-07T14:52:19.213+0000] {processor.py:161} INFO - Started process (PID=1096) to work on /home/airflow/.local/lib/python3.8/site-packages/airflow/example_dags/example_python_operator.py
[2024-02-07T14:52:19.214+0000] {processor.py:830} INFO - Processing file /home/airflow/.local/lib/python3.8/site-packages/airflow/example_dags/example_python_operator.py for tasks to queue
[2024-02-07T14:52:19.215+0000] {logging_mixin.py:188} INFO - [2024-02-07T14:52:19.215+0000] {dagbag.py:538} INFO - Filling up the DagBag from /home/airflow/.local/lib/python3.8/site-packages/airflow/example_dags/example_python_operator.py
[2024-02-07T14:52:19.225+0000] {processor.py:840} INFO - DAG(s) 'example_python_operator' retrieved from /home/airflow/.local/lib/python3.8/site-packages/airflow/example_dags/example_python_operator.py
[2024-02-07T14:52:19.247+0000] {logging_mixin.py:188} INFO - [2024-02-07T14:52:19.247+0000] {dag.py:3036} INFO - Sync 1 DAGs
[2024-02-07T14:52:19.259+0000] {logging_mixin.py:188} INFO - [2024-02-07T14:52:19.259+0000] {dag.py:3823} INFO - Setting next_dagrun for example_python_operator to None, run_after=None
[2024-02-07T14:52:19.276+0000] {processor.py:183} INFO - Processing /home/airflow/.local/lib/python3.8/site-packages/airflow/example_dags/example_python_operator.py took 0.067 seconds
[2024-02-07T14:53:49.816+0000] {processor.py:161} INFO - Started process (PID=69) to work on /home/airflow/.local/lib/python3.8/site-packages/airflow/example_dags/example_python_operator.py
[2024-02-07T14:53:49.817+0000] {processor.py:830} INFO - Processing file /home/airflow/.local/lib/python3.8/site-packages/airflow/example_dags/example_python_operator.py for tasks to queue
[2024-02-07T14:53:49.820+0000] {logging_mixin.py:188} INFO - [2024-02-07T14:53:49.820+0000] {dagbag.py:538} INFO - Filling up the DagBag from /home/airflow/.local/lib/python3.8/site-packages/airflow/example_dags/example_python_operator.py
[2024-02-07T14:53:49.835+0000] {processor.py:840} INFO - DAG(s) 'example_python_operator' retrieved from /home/airflow/.local/lib/python3.8/site-packages/airflow/example_dags/example_python_operator.py
[2024-02-07T14:53:49.850+0000] {logging_mixin.py:188} INFO - [2024-02-07T14:53:49.849+0000] {dag.py:3036} INFO - Sync 1 DAGs
[2024-02-07T14:53:49.866+0000] {logging_mixin.py:188} INFO - [2024-02-07T14:53:49.866+0000] {dag.py:3823} INFO - Setting next_dagrun for example_python_operator to None, run_after=None
[2024-02-07T14:53:49.891+0000] {processor.py:183} INFO - Processing /home/airflow/.local/lib/python3.8/site-packages/airflow/example_dags/example_python_operator.py took 0.079 seconds
[2024-02-07T14:54:20.881+0000] {processor.py:161} INFO - Started process (PID=125) to work on /home/airflow/.local/lib/python3.8/site-packages/airflow/example_dags/example_python_operator.py
[2024-02-07T14:54:20.882+0000] {processor.py:830} INFO - Processing file /home/airflow/.local/lib/python3.8/site-packages/airflow/example_dags/example_python_operator.py for tasks to queue
[2024-02-07T14:54:20.884+0000] {logging_mixin.py:188} INFO - [2024-02-07T14:54:20.884+0000] {dagbag.py:538} INFO - Filling up the DagBag from /home/airflow/.local/lib/python3.8/site-packages/airflow/example_dags/example_python_operator.py
[2024-02-07T14:54:20.893+0000] {processor.py:840} INFO - DAG(s) 'example_python_operator' retrieved from /home/airflow/.local/lib/python3.8/site-packages/airflow/example_dags/example_python_operator.py
[2024-02-07T14:54:20.996+0000] {logging_mixin.py:188} INFO - [2024-02-07T14:54:20.996+0000] {dag.py:3036} INFO - Sync 1 DAGs
[2024-02-07T14:54:21.007+0000] {logging_mixin.py:188} INFO - [2024-02-07T14:54:21.006+0000] {dag.py:3823} INFO - Setting next_dagrun for example_python_operator to None, run_after=None
[2024-02-07T14:54:21.026+0000] {processor.py:183} INFO - Processing /home/airflow/.local/lib/python3.8/site-packages/airflow/example_dags/example_python_operator.py took 0.148 seconds
[2024-02-07T14:54:51.226+0000] {processor.py:161} INFO - Started process (PID=182) to work on /home/airflow/.local/lib/python3.8/site-packages/airflow/example_dags/example_python_operator.py
[2024-02-07T14:54:51.227+0000] {processor.py:830} INFO - Processing file /home/airflow/.local/lib/python3.8/site-packages/airflow/example_dags/example_python_operator.py for tasks to queue
[2024-02-07T14:54:51.228+0000] {logging_mixin.py:188} INFO - [2024-02-07T14:54:51.228+0000] {dagbag.py:538} INFO - Filling up the DagBag from /home/airflow/.local/lib/python3.8/site-packages/airflow/example_dags/example_python_operator.py
[2024-02-07T14:54:51.237+0000] {processor.py:840} INFO - DAG(s) 'example_python_operator' retrieved from /home/airflow/.local/lib/python3.8/site-packages/airflow/example_dags/example_python_operator.py
[2024-02-07T14:54:51.258+0000] {logging_mixin.py:188} INFO - [2024-02-07T14:54:51.258+0000] {dag.py:3036} INFO - Sync 1 DAGs
[2024-02-07T14:54:51.269+0000] {logging_mixin.py:188} INFO - [2024-02-07T14:54:51.269+0000] {dag.py:3823} INFO - Setting next_dagrun for example_python_operator to None, run_after=None
[2024-02-07T14:54:51.289+0000] {processor.py:183} INFO - Processing /home/airflow/.local/lib/python3.8/site-packages/airflow/example_dags/example_python_operator.py took 0.067 seconds
[2024-02-07T15:05:11.455+0000] {processor.py:161} INFO - Started process (PID=70) to work on /home/airflow/.local/lib/python3.8/site-packages/airflow/example_dags/example_python_operator.py
[2024-02-07T15:05:11.455+0000] {processor.py:830} INFO - Processing file /home/airflow/.local/lib/python3.8/site-packages/airflow/example_dags/example_python_operator.py for tasks to queue
[2024-02-07T15:05:11.457+0000] {logging_mixin.py:188} INFO - [2024-02-07T15:05:11.457+0000] {dagbag.py:538} INFO - Filling up the DagBag from /home/airflow/.local/lib/python3.8/site-packages/airflow/example_dags/example_python_operator.py
[2024-02-07T15:05:11.468+0000] {processor.py:840} INFO - DAG(s) 'example_python_operator' retrieved from /home/airflow/.local/lib/python3.8/site-packages/airflow/example_dags/example_python_operator.py
[2024-02-07T15:05:11.480+0000] {logging_mixin.py:188} INFO - [2024-02-07T15:05:11.480+0000] {dag.py:3036} INFO - Sync 1 DAGs
[2024-02-07T15:05:11.499+0000] {logging_mixin.py:188} INFO - [2024-02-07T15:05:11.498+0000] {dag.py:3823} INFO - Setting next_dagrun for example_python_operator to None, run_after=None
[2024-02-07T15:05:11.523+0000] {processor.py:183} INFO - Processing /home/airflow/.local/lib/python3.8/site-packages/airflow/example_dags/example_python_operator.py took 0.071 seconds
[2024-02-07T15:05:43.932+0000] {processor.py:161} INFO - Started process (PID=127) to work on /home/airflow/.local/lib/python3.8/site-packages/airflow/example_dags/example_python_operator.py
[2024-02-07T15:05:43.933+0000] {processor.py:830} INFO - Processing file /home/airflow/.local/lib/python3.8/site-packages/airflow/example_dags/example_python_operator.py for tasks to queue
[2024-02-07T15:05:43.935+0000] {logging_mixin.py:188} INFO - [2024-02-07T15:05:43.934+0000] {dagbag.py:538} INFO - Filling up the DagBag from /home/airflow/.local/lib/python3.8/site-packages/airflow/example_dags/example_python_operator.py
[2024-02-07T15:05:43.947+0000] {processor.py:840} INFO - DAG(s) 'example_python_operator' retrieved from /home/airflow/.local/lib/python3.8/site-packages/airflow/example_dags/example_python_operator.py
[2024-02-07T15:05:44.058+0000] {logging_mixin.py:188} INFO - [2024-02-07T15:05:44.058+0000] {dag.py:3036} INFO - Sync 1 DAGs
[2024-02-07T15:05:44.069+0000] {logging_mixin.py:188} INFO - [2024-02-07T15:05:44.069+0000] {dag.py:3823} INFO - Setting next_dagrun for example_python_operator to None, run_after=None
[2024-02-07T15:05:44.086+0000] {processor.py:183} INFO - Processing /home/airflow/.local/lib/python3.8/site-packages/airflow/example_dags/example_python_operator.py took 0.157 seconds
[2024-02-07T15:07:18.253+0000] {processor.py:161} INFO - Started process (PID=70) to work on /home/airflow/.local/lib/python3.8/site-packages/airflow/example_dags/example_python_operator.py
[2024-02-07T15:07:18.254+0000] {processor.py:830} INFO - Processing file /home/airflow/.local/lib/python3.8/site-packages/airflow/example_dags/example_python_operator.py for tasks to queue
[2024-02-07T15:07:18.255+0000] {logging_mixin.py:188} INFO - [2024-02-07T15:07:18.255+0000] {dagbag.py:538} INFO - Filling up the DagBag from /home/airflow/.local/lib/python3.8/site-packages/airflow/example_dags/example_python_operator.py
[2024-02-07T15:07:18.267+0000] {processor.py:840} INFO - DAG(s) 'example_python_operator' retrieved from /home/airflow/.local/lib/python3.8/site-packages/airflow/example_dags/example_python_operator.py
[2024-02-07T15:07:18.279+0000] {logging_mixin.py:188} INFO - [2024-02-07T15:07:18.279+0000] {dag.py:3036} INFO - Sync 1 DAGs
[2024-02-07T15:07:18.293+0000] {logging_mixin.py:188} INFO - [2024-02-07T15:07:18.292+0000] {dag.py:3823} INFO - Setting next_dagrun for example_python_operator to None, run_after=None
[2024-02-07T15:07:18.313+0000] {processor.py:183} INFO - Processing /home/airflow/.local/lib/python3.8/site-packages/airflow/example_dags/example_python_operator.py took 0.063 seconds
[2024-02-07T15:07:50.128+0000] {processor.py:161} INFO - Started process (PID=127) to work on /home/airflow/.local/lib/python3.8/site-packages/airflow/example_dags/example_python_operator.py
[2024-02-07T15:07:50.129+0000] {processor.py:830} INFO - Processing file /home/airflow/.local/lib/python3.8/site-packages/airflow/example_dags/example_python_operator.py for tasks to queue
[2024-02-07T15:07:50.131+0000] {logging_mixin.py:188} INFO - [2024-02-07T15:07:50.130+0000] {dagbag.py:538} INFO - Filling up the DagBag from /home/airflow/.local/lib/python3.8/site-packages/airflow/example_dags/example_python_operator.py
[2024-02-07T15:07:50.142+0000] {processor.py:840} INFO - DAG(s) 'example_python_operator' retrieved from /home/airflow/.local/lib/python3.8/site-packages/airflow/example_dags/example_python_operator.py
[2024-02-07T15:07:50.283+0000] {logging_mixin.py:188} INFO - [2024-02-07T15:07:50.283+0000] {dag.py:3036} INFO - Sync 1 DAGs
[2024-02-07T15:07:50.296+0000] {logging_mixin.py:188} INFO - [2024-02-07T15:07:50.296+0000] {dag.py:3823} INFO - Setting next_dagrun for example_python_operator to None, run_after=None
[2024-02-07T15:07:50.316+0000] {processor.py:183} INFO - Processing /home/airflow/.local/lib/python3.8/site-packages/airflow/example_dags/example_python_operator.py took 0.191 seconds
[2024-02-07T15:08:20.967+0000] {processor.py:161} INFO - Started process (PID=184) to work on /home/airflow/.local/lib/python3.8/site-packages/airflow/example_dags/example_python_operator.py
[2024-02-07T15:08:20.968+0000] {processor.py:830} INFO - Processing file /home/airflow/.local/lib/python3.8/site-packages/airflow/example_dags/example_python_operator.py for tasks to queue
[2024-02-07T15:08:20.970+0000] {logging_mixin.py:188} INFO - [2024-02-07T15:08:20.970+0000] {dagbag.py:538} INFO - Filling up the DagBag from /home/airflow/.local/lib/python3.8/site-packages/airflow/example_dags/example_python_operator.py
[2024-02-07T15:08:20.980+0000] {processor.py:840} INFO - DAG(s) 'example_python_operator' retrieved from /home/airflow/.local/lib/python3.8/site-packages/airflow/example_dags/example_python_operator.py
[2024-02-07T15:08:21.001+0000] {logging_mixin.py:188} INFO - [2024-02-07T15:08:21.001+0000] {dag.py:3036} INFO - Sync 1 DAGs
[2024-02-07T15:08:21.013+0000] {logging_mixin.py:188} INFO - [2024-02-07T15:08:21.012+0000] {dag.py:3823} INFO - Setting next_dagrun for example_python_operator to None, run_after=None
[2024-02-07T15:08:21.030+0000] {processor.py:183} INFO - Processing /home/airflow/.local/lib/python3.8/site-packages/airflow/example_dags/example_python_operator.py took 0.066 seconds
[2024-02-07T15:08:51.676+0000] {processor.py:161} INFO - Started process (PID=241) to work on /home/airflow/.local/lib/python3.8/site-packages/airflow/example_dags/example_python_operator.py
[2024-02-07T15:08:51.676+0000] {processor.py:830} INFO - Processing file /home/airflow/.local/lib/python3.8/site-packages/airflow/example_dags/example_python_operator.py for tasks to queue
[2024-02-07T15:08:51.678+0000] {logging_mixin.py:188} INFO - [2024-02-07T15:08:51.678+0000] {dagbag.py:538} INFO - Filling up the DagBag from /home/airflow/.local/lib/python3.8/site-packages/airflow/example_dags/example_python_operator.py
[2024-02-07T15:08:51.688+0000] {processor.py:840} INFO - DAG(s) 'example_python_operator' retrieved from /home/airflow/.local/lib/python3.8/site-packages/airflow/example_dags/example_python_operator.py
[2024-02-07T15:08:51.710+0000] {logging_mixin.py:188} INFO - [2024-02-07T15:08:51.710+0000] {dag.py:3036} INFO - Sync 1 DAGs
[2024-02-07T15:08:51.722+0000] {logging_mixin.py:188} INFO - [2024-02-07T15:08:51.722+0000] {dag.py:3823} INFO - Setting next_dagrun for example_python_operator to None, run_after=None
[2024-02-07T15:08:51.740+0000] {processor.py:183} INFO - Processing /home/airflow/.local/lib/python3.8/site-packages/airflow/example_dags/example_python_operator.py took 0.068 seconds
[2024-02-07T15:09:22.349+0000] {processor.py:161} INFO - Started process (PID=298) to work on /home/airflow/.local/lib/python3.8/site-packages/airflow/example_dags/example_python_operator.py
[2024-02-07T15:09:22.350+0000] {processor.py:830} INFO - Processing file /home/airflow/.local/lib/python3.8/site-packages/airflow/example_dags/example_python_operator.py for tasks to queue
[2024-02-07T15:09:22.352+0000] {logging_mixin.py:188} INFO - [2024-02-07T15:09:22.351+0000] {dagbag.py:538} INFO - Filling up the DagBag from /home/airflow/.local/lib/python3.8/site-packages/airflow/example_dags/example_python_operator.py
[2024-02-07T15:09:22.363+0000] {processor.py:840} INFO - DAG(s) 'example_python_operator' retrieved from /home/airflow/.local/lib/python3.8/site-packages/airflow/example_dags/example_python_operator.py
[2024-02-07T15:09:22.386+0000] {logging_mixin.py:188} INFO - [2024-02-07T15:09:22.386+0000] {dag.py:3036} INFO - Sync 1 DAGs
[2024-02-07T15:09:22.399+0000] {logging_mixin.py:188} INFO - [2024-02-07T15:09:22.399+0000] {dag.py:3823} INFO - Setting next_dagrun for example_python_operator to None, run_after=None
[2024-02-07T15:09:22.417+0000] {processor.py:183} INFO - Processing /home/airflow/.local/lib/python3.8/site-packages/airflow/example_dags/example_python_operator.py took 0.072 seconds
[2024-02-07T15:57:17.555+0000] {processor.py:161} INFO - Started process (PID=70) to work on /home/airflow/.local/lib/python3.8/site-packages/airflow/example_dags/example_python_operator.py
[2024-02-07T15:57:17.556+0000] {processor.py:830} INFO - Processing file /home/airflow/.local/lib/python3.8/site-packages/airflow/example_dags/example_python_operator.py for tasks to queue
[2024-02-07T15:57:17.558+0000] {logging_mixin.py:188} INFO - [2024-02-07T15:57:17.558+0000] {dagbag.py:538} INFO - Filling up the DagBag from /home/airflow/.local/lib/python3.8/site-packages/airflow/example_dags/example_python_operator.py
[2024-02-07T15:57:17.569+0000] {processor.py:840} INFO - DAG(s) 'example_python_operator' retrieved from /home/airflow/.local/lib/python3.8/site-packages/airflow/example_dags/example_python_operator.py
[2024-02-07T15:57:17.580+0000] {logging_mixin.py:188} INFO - [2024-02-07T15:57:17.580+0000] {dag.py:3036} INFO - Sync 1 DAGs
[2024-02-07T15:57:17.594+0000] {logging_mixin.py:188} INFO - [2024-02-07T15:57:17.593+0000] {dag.py:3823} INFO - Setting next_dagrun for example_python_operator to None, run_after=None
[2024-02-07T15:57:17.611+0000] {processor.py:183} INFO - Processing /home/airflow/.local/lib/python3.8/site-packages/airflow/example_dags/example_python_operator.py took 0.059 seconds
[2024-02-07T15:57:49.204+0000] {processor.py:161} INFO - Started process (PID=127) to work on /home/airflow/.local/lib/python3.8/site-packages/airflow/example_dags/example_python_operator.py
[2024-02-07T15:57:49.206+0000] {processor.py:830} INFO - Processing file /home/airflow/.local/lib/python3.8/site-packages/airflow/example_dags/example_python_operator.py for tasks to queue
[2024-02-07T15:57:49.209+0000] {logging_mixin.py:188} INFO - [2024-02-07T15:57:49.208+0000] {dagbag.py:538} INFO - Filling up the DagBag from /home/airflow/.local/lib/python3.8/site-packages/airflow/example_dags/example_python_operator.py
[2024-02-07T15:57:49.227+0000] {processor.py:840} INFO - DAG(s) 'example_python_operator' retrieved from /home/airflow/.local/lib/python3.8/site-packages/airflow/example_dags/example_python_operator.py
[2024-02-07T15:57:49.340+0000] {logging_mixin.py:188} INFO - [2024-02-07T15:57:49.340+0000] {dag.py:3036} INFO - Sync 1 DAGs
[2024-02-07T15:57:49.351+0000] {logging_mixin.py:188} INFO - [2024-02-07T15:57:49.350+0000] {dag.py:3823} INFO - Setting next_dagrun for example_python_operator to None, run_after=None
[2024-02-07T15:57:49.376+0000] {processor.py:183} INFO - Processing /home/airflow/.local/lib/python3.8/site-packages/airflow/example_dags/example_python_operator.py took 0.177 seconds
[2024-02-07T15:58:19.681+0000] {processor.py:161} INFO - Started process (PID=184) to work on /home/airflow/.local/lib/python3.8/site-packages/airflow/example_dags/example_python_operator.py
[2024-02-07T15:58:19.682+0000] {processor.py:830} INFO - Processing file /home/airflow/.local/lib/python3.8/site-packages/airflow/example_dags/example_python_operator.py for tasks to queue
[2024-02-07T15:58:19.684+0000] {logging_mixin.py:188} INFO - [2024-02-07T15:58:19.683+0000] {dagbag.py:538} INFO - Filling up the DagBag from /home/airflow/.local/lib/python3.8/site-packages/airflow/example_dags/example_python_operator.py
[2024-02-07T15:58:19.695+0000] {processor.py:840} INFO - DAG(s) 'example_python_operator' retrieved from /home/airflow/.local/lib/python3.8/site-packages/airflow/example_dags/example_python_operator.py
[2024-02-07T15:58:19.717+0000] {logging_mixin.py:188} INFO - [2024-02-07T15:58:19.717+0000] {dag.py:3036} INFO - Sync 1 DAGs
[2024-02-07T15:58:19.730+0000] {logging_mixin.py:188} INFO - [2024-02-07T15:58:19.730+0000] {dag.py:3823} INFO - Setting next_dagrun for example_python_operator to None, run_after=None
[2024-02-07T15:58:19.751+0000] {processor.py:183} INFO - Processing /home/airflow/.local/lib/python3.8/site-packages/airflow/example_dags/example_python_operator.py took 0.073 seconds
[2024-02-07T16:10:53.812+0000] {processor.py:161} INFO - Started process (PID=70) to work on /home/airflow/.local/lib/python3.8/site-packages/airflow/example_dags/example_python_operator.py
[2024-02-07T16:10:53.813+0000] {processor.py:830} INFO - Processing file /home/airflow/.local/lib/python3.8/site-packages/airflow/example_dags/example_python_operator.py for tasks to queue
[2024-02-07T16:10:53.815+0000] {logging_mixin.py:188} INFO - [2024-02-07T16:10:53.814+0000] {dagbag.py:538} INFO - Filling up the DagBag from /home/airflow/.local/lib/python3.8/site-packages/airflow/example_dags/example_python_operator.py
[2024-02-07T16:10:53.829+0000] {processor.py:840} INFO - DAG(s) 'example_python_operator' retrieved from /home/airflow/.local/lib/python3.8/site-packages/airflow/example_dags/example_python_operator.py
[2024-02-07T16:10:53.844+0000] {logging_mixin.py:188} INFO - [2024-02-07T16:10:53.843+0000] {dag.py:3036} INFO - Sync 1 DAGs
[2024-02-07T16:10:53.858+0000] {logging_mixin.py:188} INFO - [2024-02-07T16:10:53.858+0000] {dag.py:3823} INFO - Setting next_dagrun for example_python_operator to None, run_after=None
[2024-02-07T16:10:53.882+0000] {processor.py:183} INFO - Processing /home/airflow/.local/lib/python3.8/site-packages/airflow/example_dags/example_python_operator.py took 0.075 seconds
[2024-02-07T16:11:25.546+0000] {processor.py:161} INFO - Started process (PID=127) to work on /home/airflow/.local/lib/python3.8/site-packages/airflow/example_dags/example_python_operator.py
[2024-02-07T16:11:25.546+0000] {processor.py:830} INFO - Processing file /home/airflow/.local/lib/python3.8/site-packages/airflow/example_dags/example_python_operator.py for tasks to queue
[2024-02-07T16:11:25.548+0000] {logging_mixin.py:188} INFO - [2024-02-07T16:11:25.548+0000] {dagbag.py:538} INFO - Filling up the DagBag from /home/airflow/.local/lib/python3.8/site-packages/airflow/example_dags/example_python_operator.py
[2024-02-07T16:11:25.558+0000] {processor.py:840} INFO - DAG(s) 'example_python_operator' retrieved from /home/airflow/.local/lib/python3.8/site-packages/airflow/example_dags/example_python_operator.py
[2024-02-07T16:11:25.694+0000] {logging_mixin.py:188} INFO - [2024-02-07T16:11:25.694+0000] {dag.py:3036} INFO - Sync 1 DAGs
[2024-02-07T16:11:25.712+0000] {logging_mixin.py:188} INFO - [2024-02-07T16:11:25.712+0000] {dag.py:3823} INFO - Setting next_dagrun for example_python_operator to None, run_after=None
[2024-02-07T16:11:25.741+0000] {processor.py:183} INFO - Processing /home/airflow/.local/lib/python3.8/site-packages/airflow/example_dags/example_python_operator.py took 0.199 seconds
[2024-02-07T16:11:55.800+0000] {processor.py:161} INFO - Started process (PID=184) to work on /home/airflow/.local/lib/python3.8/site-packages/airflow/example_dags/example_python_operator.py
[2024-02-07T16:11:55.801+0000] {processor.py:830} INFO - Processing file /home/airflow/.local/lib/python3.8/site-packages/airflow/example_dags/example_python_operator.py for tasks to queue
[2024-02-07T16:11:55.803+0000] {logging_mixin.py:188} INFO - [2024-02-07T16:11:55.802+0000] {dagbag.py:538} INFO - Filling up the DagBag from /home/airflow/.local/lib/python3.8/site-packages/airflow/example_dags/example_python_operator.py
[2024-02-07T16:11:55.813+0000] {processor.py:840} INFO - DAG(s) 'example_python_operator' retrieved from /home/airflow/.local/lib/python3.8/site-packages/airflow/example_dags/example_python_operator.py
[2024-02-07T16:11:55.835+0000] {logging_mixin.py:188} INFO - [2024-02-07T16:11:55.834+0000] {dag.py:3036} INFO - Sync 1 DAGs
[2024-02-07T16:11:55.847+0000] {logging_mixin.py:188} INFO - [2024-02-07T16:11:55.846+0000] {dag.py:3823} INFO - Setting next_dagrun for example_python_operator to None, run_after=None
[2024-02-07T16:11:55.864+0000] {processor.py:183} INFO - Processing /home/airflow/.local/lib/python3.8/site-packages/airflow/example_dags/example_python_operator.py took 0.067 seconds
[2024-02-07T16:12:26.478+0000] {processor.py:161} INFO - Started process (PID=241) to work on /home/airflow/.local/lib/python3.8/site-packages/airflow/example_dags/example_python_operator.py
[2024-02-07T16:12:26.479+0000] {processor.py:830} INFO - Processing file /home/airflow/.local/lib/python3.8/site-packages/airflow/example_dags/example_python_operator.py for tasks to queue
[2024-02-07T16:12:26.480+0000] {logging_mixin.py:188} INFO - [2024-02-07T16:12:26.480+0000] {dagbag.py:538} INFO - Filling up the DagBag from /home/airflow/.local/lib/python3.8/site-packages/airflow/example_dags/example_python_operator.py
[2024-02-07T16:12:26.490+0000] {processor.py:840} INFO - DAG(s) 'example_python_operator' retrieved from /home/airflow/.local/lib/python3.8/site-packages/airflow/example_dags/example_python_operator.py
[2024-02-07T16:12:26.511+0000] {logging_mixin.py:188} INFO - [2024-02-07T16:12:26.511+0000] {dag.py:3036} INFO - Sync 1 DAGs
[2024-02-07T16:12:26.522+0000] {logging_mixin.py:188} INFO - [2024-02-07T16:12:26.522+0000] {dag.py:3823} INFO - Setting next_dagrun for example_python_operator to None, run_after=None
[2024-02-07T16:12:26.540+0000] {processor.py:183} INFO - Processing /home/airflow/.local/lib/python3.8/site-packages/airflow/example_dags/example_python_operator.py took 0.065 seconds
[2024-02-07T16:12:57.755+0000] {processor.py:161} INFO - Started process (PID=298) to work on /home/airflow/.local/lib/python3.8/site-packages/airflow/example_dags/example_python_operator.py
[2024-02-07T16:12:57.756+0000] {processor.py:830} INFO - Processing file /home/airflow/.local/lib/python3.8/site-packages/airflow/example_dags/example_python_operator.py for tasks to queue
[2024-02-07T16:12:57.758+0000] {logging_mixin.py:188} INFO - [2024-02-07T16:12:57.757+0000] {dagbag.py:538} INFO - Filling up the DagBag from /home/airflow/.local/lib/python3.8/site-packages/airflow/example_dags/example_python_operator.py
[2024-02-07T16:12:57.769+0000] {processor.py:840} INFO - DAG(s) 'example_python_operator' retrieved from /home/airflow/.local/lib/python3.8/site-packages/airflow/example_dags/example_python_operator.py
[2024-02-07T16:12:57.790+0000] {logging_mixin.py:188} INFO - [2024-02-07T16:12:57.790+0000] {dag.py:3036} INFO - Sync 1 DAGs
[2024-02-07T16:12:57.802+0000] {logging_mixin.py:188} INFO - [2024-02-07T16:12:57.801+0000] {dag.py:3823} INFO - Setting next_dagrun for example_python_operator to None, run_after=None
[2024-02-07T16:12:57.819+0000] {processor.py:183} INFO - Processing /home/airflow/.local/lib/python3.8/site-packages/airflow/example_dags/example_python_operator.py took 0.068 seconds
[2024-02-07T16:13:28.874+0000] {processor.py:161} INFO - Started process (PID=355) to work on /home/airflow/.local/lib/python3.8/site-packages/airflow/example_dags/example_python_operator.py
[2024-02-07T16:13:28.875+0000] {processor.py:830} INFO - Processing file /home/airflow/.local/lib/python3.8/site-packages/airflow/example_dags/example_python_operator.py for tasks to queue
[2024-02-07T16:13:28.876+0000] {logging_mixin.py:188} INFO - [2024-02-07T16:13:28.876+0000] {dagbag.py:538} INFO - Filling up the DagBag from /home/airflow/.local/lib/python3.8/site-packages/airflow/example_dags/example_python_operator.py
[2024-02-07T16:13:28.886+0000] {processor.py:840} INFO - DAG(s) 'example_python_operator' retrieved from /home/airflow/.local/lib/python3.8/site-packages/airflow/example_dags/example_python_operator.py
[2024-02-07T16:13:28.907+0000] {logging_mixin.py:188} INFO - [2024-02-07T16:13:28.907+0000] {dag.py:3036} INFO - Sync 1 DAGs
[2024-02-07T16:13:28.919+0000] {logging_mixin.py:188} INFO - [2024-02-07T16:13:28.918+0000] {dag.py:3823} INFO - Setting next_dagrun for example_python_operator to None, run_after=None
[2024-02-07T16:13:28.937+0000] {processor.py:183} INFO - Processing /home/airflow/.local/lib/python3.8/site-packages/airflow/example_dags/example_python_operator.py took 0.066 seconds
[2024-02-07T16:13:59.060+0000] {processor.py:161} INFO - Started process (PID=411) to work on /home/airflow/.local/lib/python3.8/site-packages/airflow/example_dags/example_python_operator.py
[2024-02-07T16:13:59.061+0000] {processor.py:830} INFO - Processing file /home/airflow/.local/lib/python3.8/site-packages/airflow/example_dags/example_python_operator.py for tasks to queue
[2024-02-07T16:13:59.062+0000] {logging_mixin.py:188} INFO - [2024-02-07T16:13:59.062+0000] {dagbag.py:538} INFO - Filling up the DagBag from /home/airflow/.local/lib/python3.8/site-packages/airflow/example_dags/example_python_operator.py
[2024-02-07T16:13:59.072+0000] {processor.py:840} INFO - DAG(s) 'example_python_operator' retrieved from /home/airflow/.local/lib/python3.8/site-packages/airflow/example_dags/example_python_operator.py
[2024-02-07T16:13:59.093+0000] {logging_mixin.py:188} INFO - [2024-02-07T16:13:59.093+0000] {dag.py:3036} INFO - Sync 1 DAGs
[2024-02-07T16:13:59.105+0000] {logging_mixin.py:188} INFO - [2024-02-07T16:13:59.104+0000] {dag.py:3823} INFO - Setting next_dagrun for example_python_operator to None, run_after=None
[2024-02-07T16:13:59.122+0000] {processor.py:183} INFO - Processing /home/airflow/.local/lib/python3.8/site-packages/airflow/example_dags/example_python_operator.py took 0.065 seconds
[2024-02-07T16:14:29.451+0000] {processor.py:161} INFO - Started process (PID=467) to work on /home/airflow/.local/lib/python3.8/site-packages/airflow/example_dags/example_python_operator.py
[2024-02-07T16:14:29.452+0000] {processor.py:830} INFO - Processing file /home/airflow/.local/lib/python3.8/site-packages/airflow/example_dags/example_python_operator.py for tasks to queue
[2024-02-07T16:14:29.453+0000] {logging_mixin.py:188} INFO - [2024-02-07T16:14:29.453+0000] {dagbag.py:538} INFO - Filling up the DagBag from /home/airflow/.local/lib/python3.8/site-packages/airflow/example_dags/example_python_operator.py
[2024-02-07T16:14:29.464+0000] {processor.py:840} INFO - DAG(s) 'example_python_operator' retrieved from /home/airflow/.local/lib/python3.8/site-packages/airflow/example_dags/example_python_operator.py
[2024-02-07T16:14:29.485+0000] {logging_mixin.py:188} INFO - [2024-02-07T16:14:29.485+0000] {dag.py:3036} INFO - Sync 1 DAGs
[2024-02-07T16:14:29.498+0000] {logging_mixin.py:188} INFO - [2024-02-07T16:14:29.497+0000] {dag.py:3823} INFO - Setting next_dagrun for example_python_operator to None, run_after=None
[2024-02-07T16:14:29.515+0000] {processor.py:183} INFO - Processing /home/airflow/.local/lib/python3.8/site-packages/airflow/example_dags/example_python_operator.py took 0.067 seconds
[2024-02-07T16:14:59.630+0000] {processor.py:161} INFO - Started process (PID=524) to work on /home/airflow/.local/lib/python3.8/site-packages/airflow/example_dags/example_python_operator.py
[2024-02-07T16:14:59.631+0000] {processor.py:830} INFO - Processing file /home/airflow/.local/lib/python3.8/site-packages/airflow/example_dags/example_python_operator.py for tasks to queue
[2024-02-07T16:14:59.633+0000] {logging_mixin.py:188} INFO - [2024-02-07T16:14:59.633+0000] {dagbag.py:538} INFO - Filling up the DagBag from /home/airflow/.local/lib/python3.8/site-packages/airflow/example_dags/example_python_operator.py
[2024-02-07T16:14:59.645+0000] {processor.py:840} INFO - DAG(s) 'example_python_operator' retrieved from /home/airflow/.local/lib/python3.8/site-packages/airflow/example_dags/example_python_operator.py
[2024-02-07T16:14:59.670+0000] {logging_mixin.py:188} INFO - [2024-02-07T16:14:59.669+0000] {dag.py:3036} INFO - Sync 1 DAGs
[2024-02-07T16:14:59.681+0000] {logging_mixin.py:188} INFO - [2024-02-07T16:14:59.681+0000] {dag.py:3823} INFO - Setting next_dagrun for example_python_operator to None, run_after=None
[2024-02-07T16:14:59.704+0000] {processor.py:183} INFO - Processing /home/airflow/.local/lib/python3.8/site-packages/airflow/example_dags/example_python_operator.py took 0.079 seconds
[2024-02-07T16:23:26.533+0000] {processor.py:161} INFO - Started process (PID=70) to work on /home/airflow/.local/lib/python3.8/site-packages/airflow/example_dags/example_python_operator.py
[2024-02-07T16:23:26.534+0000] {processor.py:830} INFO - Processing file /home/airflow/.local/lib/python3.8/site-packages/airflow/example_dags/example_python_operator.py for tasks to queue
[2024-02-07T16:23:26.536+0000] {logging_mixin.py:188} INFO - [2024-02-07T16:23:26.536+0000] {dagbag.py:538} INFO - Filling up the DagBag from /home/airflow/.local/lib/python3.8/site-packages/airflow/example_dags/example_python_operator.py
[2024-02-07T16:23:26.547+0000] {processor.py:840} INFO - DAG(s) 'example_python_operator' retrieved from /home/airflow/.local/lib/python3.8/site-packages/airflow/example_dags/example_python_operator.py
[2024-02-07T16:23:26.560+0000] {logging_mixin.py:188} INFO - [2024-02-07T16:23:26.559+0000] {dag.py:3036} INFO - Sync 1 DAGs
[2024-02-07T16:23:26.572+0000] {logging_mixin.py:188} INFO - [2024-02-07T16:23:26.572+0000] {dag.py:3823} INFO - Setting next_dagrun for example_python_operator to None, run_after=None
[2024-02-07T16:23:26.592+0000] {processor.py:183} INFO - Processing /home/airflow/.local/lib/python3.8/site-packages/airflow/example_dags/example_python_operator.py took 0.062 seconds
[2024-02-07T16:23:57.667+0000] {processor.py:161} INFO - Started process (PID=127) to work on /home/airflow/.local/lib/python3.8/site-packages/airflow/example_dags/example_python_operator.py
[2024-02-07T16:23:57.668+0000] {processor.py:830} INFO - Processing file /home/airflow/.local/lib/python3.8/site-packages/airflow/example_dags/example_python_operator.py for tasks to queue
[2024-02-07T16:23:57.670+0000] {logging_mixin.py:188} INFO - [2024-02-07T16:23:57.670+0000] {dagbag.py:538} INFO - Filling up the DagBag from /home/airflow/.local/lib/python3.8/site-packages/airflow/example_dags/example_python_operator.py
[2024-02-07T16:23:57.680+0000] {processor.py:840} INFO - DAG(s) 'example_python_operator' retrieved from /home/airflow/.local/lib/python3.8/site-packages/airflow/example_dags/example_python_operator.py
[2024-02-07T16:23:57.783+0000] {logging_mixin.py:188} INFO - [2024-02-07T16:23:57.783+0000] {dag.py:3036} INFO - Sync 1 DAGs
[2024-02-07T16:23:57.793+0000] {logging_mixin.py:188} INFO - [2024-02-07T16:23:57.793+0000] {dag.py:3823} INFO - Setting next_dagrun for example_python_operator to None, run_after=None
[2024-02-07T16:23:57.814+0000] {processor.py:183} INFO - Processing /home/airflow/.local/lib/python3.8/site-packages/airflow/example_dags/example_python_operator.py took 0.149 seconds
[2024-02-07T16:24:28.302+0000] {processor.py:161} INFO - Started process (PID=184) to work on /home/airflow/.local/lib/python3.8/site-packages/airflow/example_dags/example_python_operator.py
[2024-02-07T16:24:28.303+0000] {processor.py:830} INFO - Processing file /home/airflow/.local/lib/python3.8/site-packages/airflow/example_dags/example_python_operator.py for tasks to queue
[2024-02-07T16:24:28.305+0000] {logging_mixin.py:188} INFO - [2024-02-07T16:24:28.304+0000] {dagbag.py:538} INFO - Filling up the DagBag from /home/airflow/.local/lib/python3.8/site-packages/airflow/example_dags/example_python_operator.py
[2024-02-07T16:24:28.317+0000] {processor.py:840} INFO - DAG(s) 'example_python_operator' retrieved from /home/airflow/.local/lib/python3.8/site-packages/airflow/example_dags/example_python_operator.py
[2024-02-07T16:24:28.344+0000] {logging_mixin.py:188} INFO - [2024-02-07T16:24:28.343+0000] {dag.py:3036} INFO - Sync 1 DAGs
[2024-02-07T16:24:28.359+0000] {logging_mixin.py:188} INFO - [2024-02-07T16:24:28.359+0000] {dag.py:3823} INFO - Setting next_dagrun for example_python_operator to None, run_after=None
[2024-02-07T16:24:28.380+0000] {processor.py:183} INFO - Processing /home/airflow/.local/lib/python3.8/site-packages/airflow/example_dags/example_python_operator.py took 0.083 seconds
[2024-02-07T16:24:59.526+0000] {processor.py:161} INFO - Started process (PID=241) to work on /home/airflow/.local/lib/python3.8/site-packages/airflow/example_dags/example_python_operator.py
[2024-02-07T16:24:59.527+0000] {processor.py:830} INFO - Processing file /home/airflow/.local/lib/python3.8/site-packages/airflow/example_dags/example_python_operator.py for tasks to queue
[2024-02-07T16:24:59.529+0000] {logging_mixin.py:188} INFO - [2024-02-07T16:24:59.528+0000] {dagbag.py:538} INFO - Filling up the DagBag from /home/airflow/.local/lib/python3.8/site-packages/airflow/example_dags/example_python_operator.py
[2024-02-07T16:24:59.539+0000] {processor.py:840} INFO - DAG(s) 'example_python_operator' retrieved from /home/airflow/.local/lib/python3.8/site-packages/airflow/example_dags/example_python_operator.py
[2024-02-07T16:24:59.560+0000] {logging_mixin.py:188} INFO - [2024-02-07T16:24:59.560+0000] {dag.py:3036} INFO - Sync 1 DAGs
[2024-02-07T16:24:59.572+0000] {logging_mixin.py:188} INFO - [2024-02-07T16:24:59.572+0000] {dag.py:3823} INFO - Setting next_dagrun for example_python_operator to None, run_after=None
[2024-02-07T16:24:59.589+0000] {processor.py:183} INFO - Processing /home/airflow/.local/lib/python3.8/site-packages/airflow/example_dags/example_python_operator.py took 0.066 seconds
[2024-02-07T16:25:30.785+0000] {processor.py:161} INFO - Started process (PID=298) to work on /home/airflow/.local/lib/python3.8/site-packages/airflow/example_dags/example_python_operator.py
[2024-02-07T16:25:30.786+0000] {processor.py:830} INFO - Processing file /home/airflow/.local/lib/python3.8/site-packages/airflow/example_dags/example_python_operator.py for tasks to queue
[2024-02-07T16:25:30.788+0000] {logging_mixin.py:188} INFO - [2024-02-07T16:25:30.787+0000] {dagbag.py:538} INFO - Filling up the DagBag from /home/airflow/.local/lib/python3.8/site-packages/airflow/example_dags/example_python_operator.py
[2024-02-07T16:25:30.798+0000] {processor.py:840} INFO - DAG(s) 'example_python_operator' retrieved from /home/airflow/.local/lib/python3.8/site-packages/airflow/example_dags/example_python_operator.py
[2024-02-07T16:25:30.819+0000] {logging_mixin.py:188} INFO - [2024-02-07T16:25:30.819+0000] {dag.py:3036} INFO - Sync 1 DAGs
[2024-02-07T16:25:30.832+0000] {logging_mixin.py:188} INFO - [2024-02-07T16:25:30.832+0000] {dag.py:3823} INFO - Setting next_dagrun for example_python_operator to None, run_after=None
[2024-02-07T16:25:30.850+0000] {processor.py:183} INFO - Processing /home/airflow/.local/lib/python3.8/site-packages/airflow/example_dags/example_python_operator.py took 0.068 seconds
[2024-02-07T16:26:00.933+0000] {processor.py:161} INFO - Started process (PID=354) to work on /home/airflow/.local/lib/python3.8/site-packages/airflow/example_dags/example_python_operator.py
[2024-02-07T16:26:00.934+0000] {processor.py:830} INFO - Processing file /home/airflow/.local/lib/python3.8/site-packages/airflow/example_dags/example_python_operator.py for tasks to queue
[2024-02-07T16:26:00.936+0000] {logging_mixin.py:188} INFO - [2024-02-07T16:26:00.936+0000] {dagbag.py:538} INFO - Filling up the DagBag from /home/airflow/.local/lib/python3.8/site-packages/airflow/example_dags/example_python_operator.py
[2024-02-07T16:26:00.945+0000] {processor.py:840} INFO - DAG(s) 'example_python_operator' retrieved from /home/airflow/.local/lib/python3.8/site-packages/airflow/example_dags/example_python_operator.py
[2024-02-07T16:26:00.968+0000] {logging_mixin.py:188} INFO - [2024-02-07T16:26:00.968+0000] {dag.py:3036} INFO - Sync 1 DAGs
[2024-02-07T16:26:00.981+0000] {logging_mixin.py:188} INFO - [2024-02-07T16:26:00.981+0000] {dag.py:3823} INFO - Setting next_dagrun for example_python_operator to None, run_after=None
[2024-02-07T16:26:00.999+0000] {processor.py:183} INFO - Processing /home/airflow/.local/lib/python3.8/site-packages/airflow/example_dags/example_python_operator.py took 0.068 seconds
[2024-02-07T16:48:24.443+0000] {processor.py:161} INFO - Started process (PID=69) to work on /home/airflow/.local/lib/python3.8/site-packages/airflow/example_dags/example_python_operator.py
[2024-02-07T16:48:24.444+0000] {processor.py:830} INFO - Processing file /home/airflow/.local/lib/python3.8/site-packages/airflow/example_dags/example_python_operator.py for tasks to queue
[2024-02-07T16:48:24.446+0000] {logging_mixin.py:188} INFO - [2024-02-07T16:48:24.445+0000] {dagbag.py:538} INFO - Filling up the DagBag from /home/airflow/.local/lib/python3.8/site-packages/airflow/example_dags/example_python_operator.py
[2024-02-07T16:48:24.458+0000] {processor.py:840} INFO - DAG(s) 'example_python_operator' retrieved from /home/airflow/.local/lib/python3.8/site-packages/airflow/example_dags/example_python_operator.py
[2024-02-07T16:48:24.580+0000] {logging_mixin.py:188} INFO - [2024-02-07T16:48:24.580+0000] {dag.py:3036} INFO - Sync 1 DAGs
[2024-02-07T16:48:24.596+0000] {logging_mixin.py:188} INFO - [2024-02-07T16:48:24.596+0000] {dag.py:3823} INFO - Setting next_dagrun for example_python_operator to None, run_after=None
[2024-02-07T16:48:24.620+0000] {processor.py:183} INFO - Processing /home/airflow/.local/lib/python3.8/site-packages/airflow/example_dags/example_python_operator.py took 0.181 seconds
[2024-02-07T16:48:55.238+0000] {processor.py:161} INFO - Started process (PID=126) to work on /home/airflow/.local/lib/python3.8/site-packages/airflow/example_dags/example_python_operator.py
[2024-02-07T16:48:55.239+0000] {processor.py:830} INFO - Processing file /home/airflow/.local/lib/python3.8/site-packages/airflow/example_dags/example_python_operator.py for tasks to queue
[2024-02-07T16:48:55.240+0000] {logging_mixin.py:188} INFO - [2024-02-07T16:48:55.240+0000] {dagbag.py:538} INFO - Filling up the DagBag from /home/airflow/.local/lib/python3.8/site-packages/airflow/example_dags/example_python_operator.py
[2024-02-07T16:48:55.250+0000] {processor.py:840} INFO - DAG(s) 'example_python_operator' retrieved from /home/airflow/.local/lib/python3.8/site-packages/airflow/example_dags/example_python_operator.py
[2024-02-07T16:48:55.272+0000] {logging_mixin.py:188} INFO - [2024-02-07T16:48:55.271+0000] {dag.py:3036} INFO - Sync 1 DAGs
[2024-02-07T16:48:55.284+0000] {logging_mixin.py:188} INFO - [2024-02-07T16:48:55.283+0000] {dag.py:3823} INFO - Setting next_dagrun for example_python_operator to None, run_after=None
[2024-02-07T16:48:55.304+0000] {processor.py:183} INFO - Processing /home/airflow/.local/lib/python3.8/site-packages/airflow/example_dags/example_python_operator.py took 0.069 seconds
[2024-02-07T16:49:26.118+0000] {processor.py:161} INFO - Started process (PID=183) to work on /home/airflow/.local/lib/python3.8/site-packages/airflow/example_dags/example_python_operator.py
[2024-02-07T16:49:26.119+0000] {processor.py:830} INFO - Processing file /home/airflow/.local/lib/python3.8/site-packages/airflow/example_dags/example_python_operator.py for tasks to queue
[2024-02-07T16:49:26.121+0000] {logging_mixin.py:188} INFO - [2024-02-07T16:49:26.121+0000] {dagbag.py:538} INFO - Filling up the DagBag from /home/airflow/.local/lib/python3.8/site-packages/airflow/example_dags/example_python_operator.py
[2024-02-07T16:49:26.131+0000] {processor.py:840} INFO - DAG(s) 'example_python_operator' retrieved from /home/airflow/.local/lib/python3.8/site-packages/airflow/example_dags/example_python_operator.py
[2024-02-07T16:49:26.156+0000] {logging_mixin.py:188} INFO - [2024-02-07T16:49:26.155+0000] {dag.py:3036} INFO - Sync 1 DAGs
[2024-02-07T16:49:26.169+0000] {logging_mixin.py:188} INFO - [2024-02-07T16:49:26.169+0000] {dag.py:3823} INFO - Setting next_dagrun for example_python_operator to None, run_after=None
[2024-02-07T16:49:26.188+0000] {processor.py:183} INFO - Processing /home/airflow/.local/lib/python3.8/site-packages/airflow/example_dags/example_python_operator.py took 0.073 seconds
[2024-02-07T16:49:57.156+0000] {processor.py:161} INFO - Started process (PID=241) to work on /home/airflow/.local/lib/python3.8/site-packages/airflow/example_dags/example_python_operator.py
[2024-02-07T16:49:57.157+0000] {processor.py:830} INFO - Processing file /home/airflow/.local/lib/python3.8/site-packages/airflow/example_dags/example_python_operator.py for tasks to queue
[2024-02-07T16:49:57.158+0000] {logging_mixin.py:188} INFO - [2024-02-07T16:49:57.158+0000] {dagbag.py:538} INFO - Filling up the DagBag from /home/airflow/.local/lib/python3.8/site-packages/airflow/example_dags/example_python_operator.py
[2024-02-07T16:49:57.168+0000] {processor.py:840} INFO - DAG(s) 'example_python_operator' retrieved from /home/airflow/.local/lib/python3.8/site-packages/airflow/example_dags/example_python_operator.py
[2024-02-07T16:49:57.189+0000] {logging_mixin.py:188} INFO - [2024-02-07T16:49:57.189+0000] {dag.py:3036} INFO - Sync 1 DAGs
[2024-02-07T16:49:57.201+0000] {logging_mixin.py:188} INFO - [2024-02-07T16:49:57.201+0000] {dag.py:3823} INFO - Setting next_dagrun for example_python_operator to None, run_after=None
[2024-02-07T16:49:57.220+0000] {processor.py:183} INFO - Processing /home/airflow/.local/lib/python3.8/site-packages/airflow/example_dags/example_python_operator.py took 0.067 seconds
[2024-02-07T16:50:27.564+0000] {processor.py:161} INFO - Started process (PID=298) to work on /home/airflow/.local/lib/python3.8/site-packages/airflow/example_dags/example_python_operator.py
[2024-02-07T16:50:27.565+0000] {processor.py:830} INFO - Processing file /home/airflow/.local/lib/python3.8/site-packages/airflow/example_dags/example_python_operator.py for tasks to queue
[2024-02-07T16:50:27.567+0000] {logging_mixin.py:188} INFO - [2024-02-07T16:50:27.567+0000] {dagbag.py:538} INFO - Filling up the DagBag from /home/airflow/.local/lib/python3.8/site-packages/airflow/example_dags/example_python_operator.py
[2024-02-07T16:50:27.578+0000] {processor.py:840} INFO - DAG(s) 'example_python_operator' retrieved from /home/airflow/.local/lib/python3.8/site-packages/airflow/example_dags/example_python_operator.py
[2024-02-07T16:50:27.602+0000] {logging_mixin.py:188} INFO - [2024-02-07T16:50:27.602+0000] {dag.py:3036} INFO - Sync 1 DAGs
[2024-02-07T16:50:27.615+0000] {logging_mixin.py:188} INFO - [2024-02-07T16:50:27.615+0000] {dag.py:3823} INFO - Setting next_dagrun for example_python_operator to None, run_after=None
[2024-02-07T16:50:27.635+0000] {processor.py:183} INFO - Processing /home/airflow/.local/lib/python3.8/site-packages/airflow/example_dags/example_python_operator.py took 0.074 seconds
[2024-02-07T16:50:58.389+0000] {processor.py:161} INFO - Started process (PID=355) to work on /home/airflow/.local/lib/python3.8/site-packages/airflow/example_dags/example_python_operator.py
[2024-02-07T16:50:58.395+0000] {processor.py:830} INFO - Processing file /home/airflow/.local/lib/python3.8/site-packages/airflow/example_dags/example_python_operator.py for tasks to queue
[2024-02-07T16:50:58.399+0000] {logging_mixin.py:188} INFO - [2024-02-07T16:50:58.398+0000] {dagbag.py:538} INFO - Filling up the DagBag from /home/airflow/.local/lib/python3.8/site-packages/airflow/example_dags/example_python_operator.py
[2024-02-07T16:50:58.419+0000] {processor.py:840} INFO - DAG(s) 'example_python_operator' retrieved from /home/airflow/.local/lib/python3.8/site-packages/airflow/example_dags/example_python_operator.py
[2024-02-07T16:50:58.444+0000] {logging_mixin.py:188} INFO - [2024-02-07T16:50:58.443+0000] {dag.py:3036} INFO - Sync 1 DAGs
[2024-02-07T16:50:58.455+0000] {logging_mixin.py:188} INFO - [2024-02-07T16:50:58.455+0000] {dag.py:3823} INFO - Setting next_dagrun for example_python_operator to None, run_after=None
[2024-02-07T16:50:58.472+0000] {processor.py:183} INFO - Processing /home/airflow/.local/lib/python3.8/site-packages/airflow/example_dags/example_python_operator.py took 0.088 seconds
