[2024-02-07T14:34:03.681+0000] {processor.py:161} INFO - Started process (PID=66) to work on /home/airflow/.local/lib/python3.8/site-packages/airflow/example_dags/example_setup_teardown.py
[2024-02-07T14:34:03.682+0000] {processor.py:830} INFO - Processing file /home/airflow/.local/lib/python3.8/site-packages/airflow/example_dags/example_setup_teardown.py for tasks to queue
[2024-02-07T14:34:03.684+0000] {logging_mixin.py:188} INFO - [2024-02-07T14:34:03.684+0000] {dagbag.py:538} INFO - Filling up the DagBag from /home/airflow/.local/lib/python3.8/site-packages/airflow/example_dags/example_setup_teardown.py
[2024-02-07T14:34:03.692+0000] {processor.py:840} INFO - DAG(s) 'example_setup_teardown' retrieved from /home/airflow/.local/lib/python3.8/site-packages/airflow/example_dags/example_setup_teardown.py
[2024-02-07T14:34:03.706+0000] {logging_mixin.py:188} INFO - [2024-02-07T14:34:03.706+0000] {dag.py:3036} INFO - Sync 1 DAGs
[2024-02-07T14:34:03.734+0000] {logging_mixin.py:188} INFO - [2024-02-07T14:34:03.734+0000] {dag.py:3823} INFO - Setting next_dagrun for example_setup_teardown to 2024-02-06 00:00:00+00:00, run_after=2024-02-07 00:00:00+00:00
[2024-02-07T14:34:03.758+0000] {processor.py:183} INFO - Processing /home/airflow/.local/lib/python3.8/site-packages/airflow/example_dags/example_setup_teardown.py took 0.080 seconds
[2024-02-07T14:34:35.532+0000] {processor.py:161} INFO - Started process (PID=122) to work on /home/airflow/.local/lib/python3.8/site-packages/airflow/example_dags/example_setup_teardown.py
[2024-02-07T14:34:35.534+0000] {processor.py:830} INFO - Processing file /home/airflow/.local/lib/python3.8/site-packages/airflow/example_dags/example_setup_teardown.py for tasks to queue
[2024-02-07T14:34:35.537+0000] {logging_mixin.py:188} INFO - [2024-02-07T14:34:35.536+0000] {dagbag.py:538} INFO - Filling up the DagBag from /home/airflow/.local/lib/python3.8/site-packages/airflow/example_dags/example_setup_teardown.py
[2024-02-07T14:34:35.546+0000] {processor.py:840} INFO - DAG(s) 'example_setup_teardown' retrieved from /home/airflow/.local/lib/python3.8/site-packages/airflow/example_dags/example_setup_teardown.py
[2024-02-07T14:34:35.758+0000] {logging_mixin.py:188} INFO - [2024-02-07T14:34:35.758+0000] {dag.py:3036} INFO - Sync 1 DAGs
[2024-02-07T14:34:35.789+0000] {logging_mixin.py:188} INFO - [2024-02-07T14:34:35.789+0000] {dag.py:3823} INFO - Setting next_dagrun for example_setup_teardown to 2024-02-06 00:00:00+00:00, run_after=2024-02-07 00:00:00+00:00
[2024-02-07T14:34:35.820+0000] {processor.py:183} INFO - Processing /home/airflow/.local/lib/python3.8/site-packages/airflow/example_dags/example_setup_teardown.py took 0.294 seconds
[2024-02-07T14:35:06.343+0000] {processor.py:161} INFO - Started process (PID=179) to work on /home/airflow/.local/lib/python3.8/site-packages/airflow/example_dags/example_setup_teardown.py
[2024-02-07T14:35:06.344+0000] {processor.py:830} INFO - Processing file /home/airflow/.local/lib/python3.8/site-packages/airflow/example_dags/example_setup_teardown.py for tasks to queue
[2024-02-07T14:35:06.345+0000] {logging_mixin.py:188} INFO - [2024-02-07T14:35:06.345+0000] {dagbag.py:538} INFO - Filling up the DagBag from /home/airflow/.local/lib/python3.8/site-packages/airflow/example_dags/example_setup_teardown.py
[2024-02-07T14:35:06.352+0000] {processor.py:840} INFO - DAG(s) 'example_setup_teardown' retrieved from /home/airflow/.local/lib/python3.8/site-packages/airflow/example_dags/example_setup_teardown.py
[2024-02-07T14:35:06.372+0000] {logging_mixin.py:188} INFO - [2024-02-07T14:35:06.372+0000] {dag.py:3036} INFO - Sync 1 DAGs
[2024-02-07T14:35:06.393+0000] {logging_mixin.py:188} INFO - [2024-02-07T14:35:06.393+0000] {dag.py:3823} INFO - Setting next_dagrun for example_setup_teardown to 2024-02-06 00:00:00+00:00, run_after=2024-02-07 00:00:00+00:00
[2024-02-07T14:35:06.410+0000] {processor.py:183} INFO - Processing /home/airflow/.local/lib/python3.8/site-packages/airflow/example_dags/example_setup_teardown.py took 0.070 seconds
[2024-02-07T14:35:36.934+0000] {processor.py:161} INFO - Started process (PID=236) to work on /home/airflow/.local/lib/python3.8/site-packages/airflow/example_dags/example_setup_teardown.py
[2024-02-07T14:35:36.935+0000] {processor.py:830} INFO - Processing file /home/airflow/.local/lib/python3.8/site-packages/airflow/example_dags/example_setup_teardown.py for tasks to queue
[2024-02-07T14:35:36.937+0000] {logging_mixin.py:188} INFO - [2024-02-07T14:35:36.936+0000] {dagbag.py:538} INFO - Filling up the DagBag from /home/airflow/.local/lib/python3.8/site-packages/airflow/example_dags/example_setup_teardown.py
[2024-02-07T14:35:36.943+0000] {processor.py:840} INFO - DAG(s) 'example_setup_teardown' retrieved from /home/airflow/.local/lib/python3.8/site-packages/airflow/example_dags/example_setup_teardown.py
[2024-02-07T14:35:36.963+0000] {logging_mixin.py:188} INFO - [2024-02-07T14:35:36.962+0000] {dag.py:3036} INFO - Sync 1 DAGs
[2024-02-07T14:35:36.984+0000] {logging_mixin.py:188} INFO - [2024-02-07T14:35:36.983+0000] {dag.py:3823} INFO - Setting next_dagrun for example_setup_teardown to 2024-02-06 00:00:00+00:00, run_after=2024-02-07 00:00:00+00:00
[2024-02-07T14:35:37.003+0000] {processor.py:183} INFO - Processing /home/airflow/.local/lib/python3.8/site-packages/airflow/example_dags/example_setup_teardown.py took 0.072 seconds
[2024-02-07T14:43:08.525+0000] {processor.py:161} INFO - Started process (PID=66) to work on /home/airflow/.local/lib/python3.8/site-packages/airflow/example_dags/example_setup_teardown.py
[2024-02-07T14:43:08.526+0000] {processor.py:830} INFO - Processing file /home/airflow/.local/lib/python3.8/site-packages/airflow/example_dags/example_setup_teardown.py for tasks to queue
[2024-02-07T14:43:08.528+0000] {logging_mixin.py:188} INFO - [2024-02-07T14:43:08.528+0000] {dagbag.py:538} INFO - Filling up the DagBag from /home/airflow/.local/lib/python3.8/site-packages/airflow/example_dags/example_setup_teardown.py
[2024-02-07T14:43:08.535+0000] {processor.py:840} INFO - DAG(s) 'example_setup_teardown' retrieved from /home/airflow/.local/lib/python3.8/site-packages/airflow/example_dags/example_setup_teardown.py
[2024-02-07T14:43:08.546+0000] {logging_mixin.py:188} INFO - [2024-02-07T14:43:08.546+0000] {dag.py:3036} INFO - Sync 1 DAGs
[2024-02-07T14:43:08.570+0000] {logging_mixin.py:188} INFO - [2024-02-07T14:43:08.569+0000] {dag.py:3823} INFO - Setting next_dagrun for example_setup_teardown to 2024-02-06 00:00:00+00:00, run_after=2024-02-07 00:00:00+00:00
[2024-02-07T14:43:08.588+0000] {processor.py:183} INFO - Processing /home/airflow/.local/lib/python3.8/site-packages/airflow/example_dags/example_setup_teardown.py took 0.066 seconds
[2024-02-07T14:43:39.605+0000] {processor.py:161} INFO - Started process (PID=123) to work on /home/airflow/.local/lib/python3.8/site-packages/airflow/example_dags/example_setup_teardown.py
[2024-02-07T14:43:39.606+0000] {processor.py:830} INFO - Processing file /home/airflow/.local/lib/python3.8/site-packages/airflow/example_dags/example_setup_teardown.py for tasks to queue
[2024-02-07T14:43:39.608+0000] {logging_mixin.py:188} INFO - [2024-02-07T14:43:39.608+0000] {dagbag.py:538} INFO - Filling up the DagBag from /home/airflow/.local/lib/python3.8/site-packages/airflow/example_dags/example_setup_teardown.py
[2024-02-07T14:43:39.616+0000] {processor.py:840} INFO - DAG(s) 'example_setup_teardown' retrieved from /home/airflow/.local/lib/python3.8/site-packages/airflow/example_dags/example_setup_teardown.py
[2024-02-07T14:43:39.725+0000] {logging_mixin.py:188} INFO - [2024-02-07T14:43:39.725+0000] {dag.py:3036} INFO - Sync 1 DAGs
[2024-02-07T14:43:39.744+0000] {logging_mixin.py:188} INFO - [2024-02-07T14:43:39.744+0000] {dag.py:3823} INFO - Setting next_dagrun for example_setup_teardown to 2024-02-06 00:00:00+00:00, run_after=2024-02-07 00:00:00+00:00
[2024-02-07T14:43:39.764+0000] {processor.py:183} INFO - Processing /home/airflow/.local/lib/python3.8/site-packages/airflow/example_dags/example_setup_teardown.py took 0.162 seconds
[2024-02-07T14:44:10.671+0000] {processor.py:161} INFO - Started process (PID=180) to work on /home/airflow/.local/lib/python3.8/site-packages/airflow/example_dags/example_setup_teardown.py
[2024-02-07T14:44:10.673+0000] {processor.py:830} INFO - Processing file /home/airflow/.local/lib/python3.8/site-packages/airflow/example_dags/example_setup_teardown.py for tasks to queue
[2024-02-07T14:44:10.674+0000] {logging_mixin.py:188} INFO - [2024-02-07T14:44:10.674+0000] {dagbag.py:538} INFO - Filling up the DagBag from /home/airflow/.local/lib/python3.8/site-packages/airflow/example_dags/example_setup_teardown.py
[2024-02-07T14:44:10.682+0000] {processor.py:840} INFO - DAG(s) 'example_setup_teardown' retrieved from /home/airflow/.local/lib/python3.8/site-packages/airflow/example_dags/example_setup_teardown.py
[2024-02-07T14:44:10.704+0000] {logging_mixin.py:188} INFO - [2024-02-07T14:44:10.704+0000] {dag.py:3036} INFO - Sync 1 DAGs
[2024-02-07T14:44:10.725+0000] {logging_mixin.py:188} INFO - [2024-02-07T14:44:10.725+0000] {dag.py:3823} INFO - Setting next_dagrun for example_setup_teardown to 2024-02-06 00:00:00+00:00, run_after=2024-02-07 00:00:00+00:00
[2024-02-07T14:44:10.743+0000] {processor.py:183} INFO - Processing /home/airflow/.local/lib/python3.8/site-packages/airflow/example_dags/example_setup_teardown.py took 0.076 seconds
[2024-02-07T14:44:41.329+0000] {processor.py:161} INFO - Started process (PID=237) to work on /home/airflow/.local/lib/python3.8/site-packages/airflow/example_dags/example_setup_teardown.py
[2024-02-07T14:44:41.331+0000] {processor.py:830} INFO - Processing file /home/airflow/.local/lib/python3.8/site-packages/airflow/example_dags/example_setup_teardown.py for tasks to queue
[2024-02-07T14:44:41.332+0000] {logging_mixin.py:188} INFO - [2024-02-07T14:44:41.332+0000] {dagbag.py:538} INFO - Filling up the DagBag from /home/airflow/.local/lib/python3.8/site-packages/airflow/example_dags/example_setup_teardown.py
[2024-02-07T14:44:41.341+0000] {processor.py:840} INFO - DAG(s) 'example_setup_teardown' retrieved from /home/airflow/.local/lib/python3.8/site-packages/airflow/example_dags/example_setup_teardown.py
[2024-02-07T14:44:41.365+0000] {logging_mixin.py:188} INFO - [2024-02-07T14:44:41.365+0000] {dag.py:3036} INFO - Sync 1 DAGs
[2024-02-07T14:44:41.391+0000] {logging_mixin.py:188} INFO - [2024-02-07T14:44:41.391+0000] {dag.py:3823} INFO - Setting next_dagrun for example_setup_teardown to 2024-02-06 00:00:00+00:00, run_after=2024-02-07 00:00:00+00:00
[2024-02-07T14:44:41.411+0000] {processor.py:183} INFO - Processing /home/airflow/.local/lib/python3.8/site-packages/airflow/example_dags/example_setup_teardown.py took 0.086 seconds
[2024-02-07T14:45:12.190+0000] {processor.py:161} INFO - Started process (PID=294) to work on /home/airflow/.local/lib/python3.8/site-packages/airflow/example_dags/example_setup_teardown.py
[2024-02-07T14:45:12.191+0000] {processor.py:830} INFO - Processing file /home/airflow/.local/lib/python3.8/site-packages/airflow/example_dags/example_setup_teardown.py for tasks to queue
[2024-02-07T14:45:12.193+0000] {logging_mixin.py:188} INFO - [2024-02-07T14:45:12.192+0000] {dagbag.py:538} INFO - Filling up the DagBag from /home/airflow/.local/lib/python3.8/site-packages/airflow/example_dags/example_setup_teardown.py
[2024-02-07T14:45:12.200+0000] {processor.py:840} INFO - DAG(s) 'example_setup_teardown' retrieved from /home/airflow/.local/lib/python3.8/site-packages/airflow/example_dags/example_setup_teardown.py
[2024-02-07T14:45:12.221+0000] {logging_mixin.py:188} INFO - [2024-02-07T14:45:12.220+0000] {dag.py:3036} INFO - Sync 1 DAGs
[2024-02-07T14:45:12.242+0000] {logging_mixin.py:188} INFO - [2024-02-07T14:45:12.242+0000] {dag.py:3823} INFO - Setting next_dagrun for example_setup_teardown to 2024-02-06 00:00:00+00:00, run_after=2024-02-07 00:00:00+00:00
[2024-02-07T14:45:12.260+0000] {processor.py:183} INFO - Processing /home/airflow/.local/lib/python3.8/site-packages/airflow/example_dags/example_setup_teardown.py took 0.073 seconds
[2024-02-07T14:45:42.628+0000] {processor.py:161} INFO - Started process (PID=351) to work on /home/airflow/.local/lib/python3.8/site-packages/airflow/example_dags/example_setup_teardown.py
[2024-02-07T14:45:42.630+0000] {processor.py:830} INFO - Processing file /home/airflow/.local/lib/python3.8/site-packages/airflow/example_dags/example_setup_teardown.py for tasks to queue
[2024-02-07T14:45:42.632+0000] {logging_mixin.py:188} INFO - [2024-02-07T14:45:42.632+0000] {dagbag.py:538} INFO - Filling up the DagBag from /home/airflow/.local/lib/python3.8/site-packages/airflow/example_dags/example_setup_teardown.py
[2024-02-07T14:45:42.641+0000] {processor.py:840} INFO - DAG(s) 'example_setup_teardown' retrieved from /home/airflow/.local/lib/python3.8/site-packages/airflow/example_dags/example_setup_teardown.py
[2024-02-07T14:45:42.688+0000] {logging_mixin.py:188} INFO - [2024-02-07T14:45:42.687+0000] {dag.py:3036} INFO - Sync 1 DAGs
[2024-02-07T14:45:42.729+0000] {logging_mixin.py:188} INFO - [2024-02-07T14:45:42.728+0000] {dag.py:3823} INFO - Setting next_dagrun for example_setup_teardown to 2024-02-06 00:00:00+00:00, run_after=2024-02-07 00:00:00+00:00
[2024-02-07T14:45:42.758+0000] {processor.py:183} INFO - Processing /home/airflow/.local/lib/python3.8/site-packages/airflow/example_dags/example_setup_teardown.py took 0.136 seconds
[2024-02-07T14:46:13.300+0000] {processor.py:161} INFO - Started process (PID=408) to work on /home/airflow/.local/lib/python3.8/site-packages/airflow/example_dags/example_setup_teardown.py
[2024-02-07T14:46:13.301+0000] {processor.py:830} INFO - Processing file /home/airflow/.local/lib/python3.8/site-packages/airflow/example_dags/example_setup_teardown.py for tasks to queue
[2024-02-07T14:46:13.303+0000] {logging_mixin.py:188} INFO - [2024-02-07T14:46:13.303+0000] {dagbag.py:538} INFO - Filling up the DagBag from /home/airflow/.local/lib/python3.8/site-packages/airflow/example_dags/example_setup_teardown.py
[2024-02-07T14:46:13.309+0000] {processor.py:840} INFO - DAG(s) 'example_setup_teardown' retrieved from /home/airflow/.local/lib/python3.8/site-packages/airflow/example_dags/example_setup_teardown.py
[2024-02-07T14:46:13.329+0000] {logging_mixin.py:188} INFO - [2024-02-07T14:46:13.329+0000] {dag.py:3036} INFO - Sync 1 DAGs
[2024-02-07T14:46:13.350+0000] {logging_mixin.py:188} INFO - [2024-02-07T14:46:13.349+0000] {dag.py:3823} INFO - Setting next_dagrun for example_setup_teardown to 2024-02-06 00:00:00+00:00, run_after=2024-02-07 00:00:00+00:00
[2024-02-07T14:46:13.368+0000] {processor.py:183} INFO - Processing /home/airflow/.local/lib/python3.8/site-packages/airflow/example_dags/example_setup_teardown.py took 0.071 seconds
[2024-02-07T14:46:43.954+0000] {processor.py:161} INFO - Started process (PID=465) to work on /home/airflow/.local/lib/python3.8/site-packages/airflow/example_dags/example_setup_teardown.py
[2024-02-07T14:46:43.955+0000] {processor.py:830} INFO - Processing file /home/airflow/.local/lib/python3.8/site-packages/airflow/example_dags/example_setup_teardown.py for tasks to queue
[2024-02-07T14:46:43.957+0000] {logging_mixin.py:188} INFO - [2024-02-07T14:46:43.956+0000] {dagbag.py:538} INFO - Filling up the DagBag from /home/airflow/.local/lib/python3.8/site-packages/airflow/example_dags/example_setup_teardown.py
[2024-02-07T14:46:43.963+0000] {processor.py:840} INFO - DAG(s) 'example_setup_teardown' retrieved from /home/airflow/.local/lib/python3.8/site-packages/airflow/example_dags/example_setup_teardown.py
[2024-02-07T14:46:43.983+0000] {logging_mixin.py:188} INFO - [2024-02-07T14:46:43.983+0000] {dag.py:3036} INFO - Sync 1 DAGs
[2024-02-07T14:46:44.006+0000] {logging_mixin.py:188} INFO - [2024-02-07T14:46:44.006+0000] {dag.py:3823} INFO - Setting next_dagrun for example_setup_teardown to 2024-02-06 00:00:00+00:00, run_after=2024-02-07 00:00:00+00:00
[2024-02-07T14:46:44.030+0000] {processor.py:183} INFO - Processing /home/airflow/.local/lib/python3.8/site-packages/airflow/example_dags/example_setup_teardown.py took 0.079 seconds
[2024-02-07T14:47:14.178+0000] {processor.py:161} INFO - Started process (PID=520) to work on /home/airflow/.local/lib/python3.8/site-packages/airflow/example_dags/example_setup_teardown.py
[2024-02-07T14:47:14.179+0000] {processor.py:830} INFO - Processing file /home/airflow/.local/lib/python3.8/site-packages/airflow/example_dags/example_setup_teardown.py for tasks to queue
[2024-02-07T14:47:14.181+0000] {logging_mixin.py:188} INFO - [2024-02-07T14:47:14.180+0000] {dagbag.py:538} INFO - Filling up the DagBag from /home/airflow/.local/lib/python3.8/site-packages/airflow/example_dags/example_setup_teardown.py
[2024-02-07T14:47:14.187+0000] {processor.py:840} INFO - DAG(s) 'example_setup_teardown' retrieved from /home/airflow/.local/lib/python3.8/site-packages/airflow/example_dags/example_setup_teardown.py
[2024-02-07T14:47:14.206+0000] {logging_mixin.py:188} INFO - [2024-02-07T14:47:14.205+0000] {dag.py:3036} INFO - Sync 1 DAGs
[2024-02-07T14:47:14.225+0000] {logging_mixin.py:188} INFO - [2024-02-07T14:47:14.225+0000] {dag.py:3823} INFO - Setting next_dagrun for example_setup_teardown to 2024-02-06 00:00:00+00:00, run_after=2024-02-07 00:00:00+00:00
[2024-02-07T14:47:14.242+0000] {processor.py:183} INFO - Processing /home/airflow/.local/lib/python3.8/site-packages/airflow/example_dags/example_setup_teardown.py took 0.068 seconds
[2024-02-07T14:47:44.277+0000] {processor.py:161} INFO - Started process (PID=576) to work on /home/airflow/.local/lib/python3.8/site-packages/airflow/example_dags/example_setup_teardown.py
[2024-02-07T14:47:44.278+0000] {processor.py:830} INFO - Processing file /home/airflow/.local/lib/python3.8/site-packages/airflow/example_dags/example_setup_teardown.py for tasks to queue
[2024-02-07T14:47:44.280+0000] {logging_mixin.py:188} INFO - [2024-02-07T14:47:44.279+0000] {dagbag.py:538} INFO - Filling up the DagBag from /home/airflow/.local/lib/python3.8/site-packages/airflow/example_dags/example_setup_teardown.py
[2024-02-07T14:47:44.286+0000] {processor.py:840} INFO - DAG(s) 'example_setup_teardown' retrieved from /home/airflow/.local/lib/python3.8/site-packages/airflow/example_dags/example_setup_teardown.py
[2024-02-07T14:47:44.305+0000] {logging_mixin.py:188} INFO - [2024-02-07T14:47:44.304+0000] {dag.py:3036} INFO - Sync 1 DAGs
[2024-02-07T14:47:44.324+0000] {logging_mixin.py:188} INFO - [2024-02-07T14:47:44.324+0000] {dag.py:3823} INFO - Setting next_dagrun for example_setup_teardown to 2024-02-06 00:00:00+00:00, run_after=2024-02-07 00:00:00+00:00
[2024-02-07T14:47:44.343+0000] {processor.py:183} INFO - Processing /home/airflow/.local/lib/python3.8/site-packages/airflow/example_dags/example_setup_teardown.py took 0.069 seconds
[2024-02-07T14:48:14.857+0000] {processor.py:161} INFO - Started process (PID=634) to work on /home/airflow/.local/lib/python3.8/site-packages/airflow/example_dags/example_setup_teardown.py
[2024-02-07T14:48:14.858+0000] {processor.py:830} INFO - Processing file /home/airflow/.local/lib/python3.8/site-packages/airflow/example_dags/example_setup_teardown.py for tasks to queue
[2024-02-07T14:48:14.860+0000] {logging_mixin.py:188} INFO - [2024-02-07T14:48:14.860+0000] {dagbag.py:538} INFO - Filling up the DagBag from /home/airflow/.local/lib/python3.8/site-packages/airflow/example_dags/example_setup_teardown.py
[2024-02-07T14:48:14.868+0000] {processor.py:840} INFO - DAG(s) 'example_setup_teardown' retrieved from /home/airflow/.local/lib/python3.8/site-packages/airflow/example_dags/example_setup_teardown.py
[2024-02-07T14:48:14.890+0000] {logging_mixin.py:188} INFO - [2024-02-07T14:48:14.889+0000] {dag.py:3036} INFO - Sync 1 DAGs
[2024-02-07T14:48:14.910+0000] {logging_mixin.py:188} INFO - [2024-02-07T14:48:14.910+0000] {dag.py:3823} INFO - Setting next_dagrun for example_setup_teardown to 2024-02-06 00:00:00+00:00, run_after=2024-02-07 00:00:00+00:00
[2024-02-07T14:48:14.929+0000] {processor.py:183} INFO - Processing /home/airflow/.local/lib/python3.8/site-packages/airflow/example_dags/example_setup_teardown.py took 0.075 seconds
[2024-02-07T14:48:45.255+0000] {processor.py:161} INFO - Started process (PID=691) to work on /home/airflow/.local/lib/python3.8/site-packages/airflow/example_dags/example_setup_teardown.py
[2024-02-07T14:48:45.256+0000] {processor.py:830} INFO - Processing file /home/airflow/.local/lib/python3.8/site-packages/airflow/example_dags/example_setup_teardown.py for tasks to queue
[2024-02-07T14:48:45.258+0000] {logging_mixin.py:188} INFO - [2024-02-07T14:48:45.257+0000] {dagbag.py:538} INFO - Filling up the DagBag from /home/airflow/.local/lib/python3.8/site-packages/airflow/example_dags/example_setup_teardown.py
[2024-02-07T14:48:45.265+0000] {processor.py:840} INFO - DAG(s) 'example_setup_teardown' retrieved from /home/airflow/.local/lib/python3.8/site-packages/airflow/example_dags/example_setup_teardown.py
[2024-02-07T14:48:45.286+0000] {logging_mixin.py:188} INFO - [2024-02-07T14:48:45.286+0000] {dag.py:3036} INFO - Sync 1 DAGs
[2024-02-07T14:48:45.306+0000] {logging_mixin.py:188} INFO - [2024-02-07T14:48:45.306+0000] {dag.py:3823} INFO - Setting next_dagrun for example_setup_teardown to 2024-02-06 00:00:00+00:00, run_after=2024-02-07 00:00:00+00:00
[2024-02-07T14:48:45.324+0000] {processor.py:183} INFO - Processing /home/airflow/.local/lib/python3.8/site-packages/airflow/example_dags/example_setup_teardown.py took 0.073 seconds
[2024-02-07T14:49:15.422+0000] {processor.py:161} INFO - Started process (PID=747) to work on /home/airflow/.local/lib/python3.8/site-packages/airflow/example_dags/example_setup_teardown.py
[2024-02-07T14:49:15.424+0000] {processor.py:830} INFO - Processing file /home/airflow/.local/lib/python3.8/site-packages/airflow/example_dags/example_setup_teardown.py for tasks to queue
[2024-02-07T14:49:15.426+0000] {logging_mixin.py:188} INFO - [2024-02-07T14:49:15.425+0000] {dagbag.py:538} INFO - Filling up the DagBag from /home/airflow/.local/lib/python3.8/site-packages/airflow/example_dags/example_setup_teardown.py
[2024-02-07T14:49:15.433+0000] {processor.py:840} INFO - DAG(s) 'example_setup_teardown' retrieved from /home/airflow/.local/lib/python3.8/site-packages/airflow/example_dags/example_setup_teardown.py
[2024-02-07T14:49:15.456+0000] {logging_mixin.py:188} INFO - [2024-02-07T14:49:15.455+0000] {dag.py:3036} INFO - Sync 1 DAGs
[2024-02-07T14:49:15.477+0000] {logging_mixin.py:188} INFO - [2024-02-07T14:49:15.477+0000] {dag.py:3823} INFO - Setting next_dagrun for example_setup_teardown to 2024-02-06 00:00:00+00:00, run_after=2024-02-07 00:00:00+00:00
[2024-02-07T14:49:15.504+0000] {processor.py:183} INFO - Processing /home/airflow/.local/lib/python3.8/site-packages/airflow/example_dags/example_setup_teardown.py took 0.085 seconds
[2024-02-07T14:49:46.077+0000] {processor.py:161} INFO - Started process (PID=805) to work on /home/airflow/.local/lib/python3.8/site-packages/airflow/example_dags/example_setup_teardown.py
[2024-02-07T14:49:46.077+0000] {processor.py:830} INFO - Processing file /home/airflow/.local/lib/python3.8/site-packages/airflow/example_dags/example_setup_teardown.py for tasks to queue
[2024-02-07T14:49:46.079+0000] {logging_mixin.py:188} INFO - [2024-02-07T14:49:46.079+0000] {dagbag.py:538} INFO - Filling up the DagBag from /home/airflow/.local/lib/python3.8/site-packages/airflow/example_dags/example_setup_teardown.py
[2024-02-07T14:49:46.086+0000] {processor.py:840} INFO - DAG(s) 'example_setup_teardown' retrieved from /home/airflow/.local/lib/python3.8/site-packages/airflow/example_dags/example_setup_teardown.py
[2024-02-07T14:49:46.109+0000] {logging_mixin.py:188} INFO - [2024-02-07T14:49:46.109+0000] {dag.py:3036} INFO - Sync 1 DAGs
[2024-02-07T14:49:46.133+0000] {logging_mixin.py:188} INFO - [2024-02-07T14:49:46.133+0000] {dag.py:3823} INFO - Setting next_dagrun for example_setup_teardown to 2024-02-06 00:00:00+00:00, run_after=2024-02-07 00:00:00+00:00
[2024-02-07T14:49:46.151+0000] {processor.py:183} INFO - Processing /home/airflow/.local/lib/python3.8/site-packages/airflow/example_dags/example_setup_teardown.py took 0.077 seconds
[2024-02-07T14:50:16.837+0000] {processor.py:161} INFO - Started process (PID=862) to work on /home/airflow/.local/lib/python3.8/site-packages/airflow/example_dags/example_setup_teardown.py
[2024-02-07T14:50:16.838+0000] {processor.py:830} INFO - Processing file /home/airflow/.local/lib/python3.8/site-packages/airflow/example_dags/example_setup_teardown.py for tasks to queue
[2024-02-07T14:50:16.841+0000] {logging_mixin.py:188} INFO - [2024-02-07T14:50:16.841+0000] {dagbag.py:538} INFO - Filling up the DagBag from /home/airflow/.local/lib/python3.8/site-packages/airflow/example_dags/example_setup_teardown.py
[2024-02-07T14:50:16.849+0000] {processor.py:840} INFO - DAG(s) 'example_setup_teardown' retrieved from /home/airflow/.local/lib/python3.8/site-packages/airflow/example_dags/example_setup_teardown.py
[2024-02-07T14:50:16.871+0000] {logging_mixin.py:188} INFO - [2024-02-07T14:50:16.870+0000] {dag.py:3036} INFO - Sync 1 DAGs
[2024-02-07T14:50:16.898+0000] {logging_mixin.py:188} INFO - [2024-02-07T14:50:16.897+0000] {dag.py:3823} INFO - Setting next_dagrun for example_setup_teardown to 2024-02-06 00:00:00+00:00, run_after=2024-02-07 00:00:00+00:00
[2024-02-07T14:50:16.923+0000] {processor.py:183} INFO - Processing /home/airflow/.local/lib/python3.8/site-packages/airflow/example_dags/example_setup_teardown.py took 0.090 seconds
[2024-02-07T14:50:47.458+0000] {processor.py:161} INFO - Started process (PID=919) to work on /home/airflow/.local/lib/python3.8/site-packages/airflow/example_dags/example_setup_teardown.py
[2024-02-07T14:50:47.459+0000] {processor.py:830} INFO - Processing file /home/airflow/.local/lib/python3.8/site-packages/airflow/example_dags/example_setup_teardown.py for tasks to queue
[2024-02-07T14:50:47.461+0000] {logging_mixin.py:188} INFO - [2024-02-07T14:50:47.460+0000] {dagbag.py:538} INFO - Filling up the DagBag from /home/airflow/.local/lib/python3.8/site-packages/airflow/example_dags/example_setup_teardown.py
[2024-02-07T14:50:47.467+0000] {processor.py:840} INFO - DAG(s) 'example_setup_teardown' retrieved from /home/airflow/.local/lib/python3.8/site-packages/airflow/example_dags/example_setup_teardown.py
[2024-02-07T14:50:47.493+0000] {logging_mixin.py:188} INFO - [2024-02-07T14:50:47.492+0000] {dag.py:3036} INFO - Sync 1 DAGs
[2024-02-07T14:50:47.523+0000] {logging_mixin.py:188} INFO - [2024-02-07T14:50:47.522+0000] {dag.py:3823} INFO - Setting next_dagrun for example_setup_teardown to 2024-02-06 00:00:00+00:00, run_after=2024-02-07 00:00:00+00:00
[2024-02-07T14:50:47.547+0000] {processor.py:183} INFO - Processing /home/airflow/.local/lib/python3.8/site-packages/airflow/example_dags/example_setup_teardown.py took 0.093 seconds
[2024-02-07T14:51:18.291+0000] {processor.py:161} INFO - Started process (PID=977) to work on /home/airflow/.local/lib/python3.8/site-packages/airflow/example_dags/example_setup_teardown.py
[2024-02-07T14:51:18.292+0000] {processor.py:830} INFO - Processing file /home/airflow/.local/lib/python3.8/site-packages/airflow/example_dags/example_setup_teardown.py for tasks to queue
[2024-02-07T14:51:18.294+0000] {logging_mixin.py:188} INFO - [2024-02-07T14:51:18.294+0000] {dagbag.py:538} INFO - Filling up the DagBag from /home/airflow/.local/lib/python3.8/site-packages/airflow/example_dags/example_setup_teardown.py
[2024-02-07T14:51:18.301+0000] {processor.py:840} INFO - DAG(s) 'example_setup_teardown' retrieved from /home/airflow/.local/lib/python3.8/site-packages/airflow/example_dags/example_setup_teardown.py
[2024-02-07T14:51:18.324+0000] {logging_mixin.py:188} INFO - [2024-02-07T14:51:18.324+0000] {dag.py:3036} INFO - Sync 1 DAGs
[2024-02-07T14:51:18.350+0000] {logging_mixin.py:188} INFO - [2024-02-07T14:51:18.350+0000] {dag.py:3823} INFO - Setting next_dagrun for example_setup_teardown to 2024-02-06 00:00:00+00:00, run_after=2024-02-07 00:00:00+00:00
[2024-02-07T14:51:18.371+0000] {processor.py:183} INFO - Processing /home/airflow/.local/lib/python3.8/site-packages/airflow/example_dags/example_setup_teardown.py took 0.084 seconds
[2024-02-07T14:51:48.710+0000] {processor.py:161} INFO - Started process (PID=1034) to work on /home/airflow/.local/lib/python3.8/site-packages/airflow/example_dags/example_setup_teardown.py
[2024-02-07T14:51:48.711+0000] {processor.py:830} INFO - Processing file /home/airflow/.local/lib/python3.8/site-packages/airflow/example_dags/example_setup_teardown.py for tasks to queue
[2024-02-07T14:51:48.713+0000] {logging_mixin.py:188} INFO - [2024-02-07T14:51:48.713+0000] {dagbag.py:538} INFO - Filling up the DagBag from /home/airflow/.local/lib/python3.8/site-packages/airflow/example_dags/example_setup_teardown.py
[2024-02-07T14:51:48.721+0000] {processor.py:840} INFO - DAG(s) 'example_setup_teardown' retrieved from /home/airflow/.local/lib/python3.8/site-packages/airflow/example_dags/example_setup_teardown.py
[2024-02-07T14:51:48.743+0000] {logging_mixin.py:188} INFO - [2024-02-07T14:51:48.743+0000] {dag.py:3036} INFO - Sync 1 DAGs
[2024-02-07T14:51:48.764+0000] {logging_mixin.py:188} INFO - [2024-02-07T14:51:48.764+0000] {dag.py:3823} INFO - Setting next_dagrun for example_setup_teardown to 2024-02-06 00:00:00+00:00, run_after=2024-02-07 00:00:00+00:00
[2024-02-07T14:51:48.783+0000] {processor.py:183} INFO - Processing /home/airflow/.local/lib/python3.8/site-packages/airflow/example_dags/example_setup_teardown.py took 0.076 seconds
[2024-02-07T14:52:18.889+0000] {processor.py:161} INFO - Started process (PID=1091) to work on /home/airflow/.local/lib/python3.8/site-packages/airflow/example_dags/example_setup_teardown.py
[2024-02-07T14:52:18.892+0000] {processor.py:830} INFO - Processing file /home/airflow/.local/lib/python3.8/site-packages/airflow/example_dags/example_setup_teardown.py for tasks to queue
[2024-02-07T14:52:18.899+0000] {logging_mixin.py:188} INFO - [2024-02-07T14:52:18.897+0000] {dagbag.py:538} INFO - Filling up the DagBag from /home/airflow/.local/lib/python3.8/site-packages/airflow/example_dags/example_setup_teardown.py
[2024-02-07T14:52:18.913+0000] {processor.py:840} INFO - DAG(s) 'example_setup_teardown' retrieved from /home/airflow/.local/lib/python3.8/site-packages/airflow/example_dags/example_setup_teardown.py
[2024-02-07T14:52:18.936+0000] {logging_mixin.py:188} INFO - [2024-02-07T14:52:18.935+0000] {dag.py:3036} INFO - Sync 1 DAGs
[2024-02-07T14:52:18.959+0000] {logging_mixin.py:188} INFO - [2024-02-07T14:52:18.959+0000] {dag.py:3823} INFO - Setting next_dagrun for example_setup_teardown to 2024-02-06 00:00:00+00:00, run_after=2024-02-07 00:00:00+00:00
[2024-02-07T14:52:18.978+0000] {processor.py:183} INFO - Processing /home/airflow/.local/lib/python3.8/site-packages/airflow/example_dags/example_setup_teardown.py took 0.101 seconds
[2024-02-07T14:53:49.412+0000] {processor.py:161} INFO - Started process (PID=65) to work on /home/airflow/.local/lib/python3.8/site-packages/airflow/example_dags/example_setup_teardown.py
[2024-02-07T14:53:49.413+0000] {processor.py:830} INFO - Processing file /home/airflow/.local/lib/python3.8/site-packages/airflow/example_dags/example_setup_teardown.py for tasks to queue
[2024-02-07T14:53:49.415+0000] {logging_mixin.py:188} INFO - [2024-02-07T14:53:49.414+0000] {dagbag.py:538} INFO - Filling up the DagBag from /home/airflow/.local/lib/python3.8/site-packages/airflow/example_dags/example_setup_teardown.py
[2024-02-07T14:53:49.423+0000] {processor.py:840} INFO - DAG(s) 'example_setup_teardown' retrieved from /home/airflow/.local/lib/python3.8/site-packages/airflow/example_dags/example_setup_teardown.py
[2024-02-07T14:53:49.440+0000] {logging_mixin.py:188} INFO - [2024-02-07T14:53:49.439+0000] {dag.py:3036} INFO - Sync 1 DAGs
[2024-02-07T14:53:49.479+0000] {logging_mixin.py:188} INFO - [2024-02-07T14:53:49.479+0000] {dag.py:3823} INFO - Setting next_dagrun for example_setup_teardown to 2024-02-06 00:00:00+00:00, run_after=2024-02-07 00:00:00+00:00
[2024-02-07T14:53:49.507+0000] {processor.py:183} INFO - Processing /home/airflow/.local/lib/python3.8/site-packages/airflow/example_dags/example_setup_teardown.py took 0.099 seconds
[2024-02-07T14:54:20.448+0000] {processor.py:161} INFO - Started process (PID=121) to work on /home/airflow/.local/lib/python3.8/site-packages/airflow/example_dags/example_setup_teardown.py
[2024-02-07T14:54:20.448+0000] {processor.py:830} INFO - Processing file /home/airflow/.local/lib/python3.8/site-packages/airflow/example_dags/example_setup_teardown.py for tasks to queue
[2024-02-07T14:54:20.450+0000] {logging_mixin.py:188} INFO - [2024-02-07T14:54:20.450+0000] {dagbag.py:538} INFO - Filling up the DagBag from /home/airflow/.local/lib/python3.8/site-packages/airflow/example_dags/example_setup_teardown.py
[2024-02-07T14:54:20.457+0000] {processor.py:840} INFO - DAG(s) 'example_setup_teardown' retrieved from /home/airflow/.local/lib/python3.8/site-packages/airflow/example_dags/example_setup_teardown.py
[2024-02-07T14:54:20.562+0000] {logging_mixin.py:188} INFO - [2024-02-07T14:54:20.562+0000] {dag.py:3036} INFO - Sync 1 DAGs
[2024-02-07T14:54:20.581+0000] {logging_mixin.py:188} INFO - [2024-02-07T14:54:20.581+0000] {dag.py:3823} INFO - Setting next_dagrun for example_setup_teardown to 2024-02-06 00:00:00+00:00, run_after=2024-02-07 00:00:00+00:00
[2024-02-07T14:54:20.606+0000] {processor.py:183} INFO - Processing /home/airflow/.local/lib/python3.8/site-packages/airflow/example_dags/example_setup_teardown.py took 0.162 seconds
[2024-02-07T14:54:50.697+0000] {processor.py:161} INFO - Started process (PID=177) to work on /home/airflow/.local/lib/python3.8/site-packages/airflow/example_dags/example_setup_teardown.py
[2024-02-07T14:54:50.698+0000] {processor.py:830} INFO - Processing file /home/airflow/.local/lib/python3.8/site-packages/airflow/example_dags/example_setup_teardown.py for tasks to queue
[2024-02-07T14:54:50.699+0000] {logging_mixin.py:188} INFO - [2024-02-07T14:54:50.699+0000] {dagbag.py:538} INFO - Filling up the DagBag from /home/airflow/.local/lib/python3.8/site-packages/airflow/example_dags/example_setup_teardown.py
[2024-02-07T14:54:50.706+0000] {processor.py:840} INFO - DAG(s) 'example_setup_teardown' retrieved from /home/airflow/.local/lib/python3.8/site-packages/airflow/example_dags/example_setup_teardown.py
[2024-02-07T14:54:50.726+0000] {logging_mixin.py:188} INFO - [2024-02-07T14:54:50.726+0000] {dag.py:3036} INFO - Sync 1 DAGs
[2024-02-07T14:54:50.748+0000] {logging_mixin.py:188} INFO - [2024-02-07T14:54:50.748+0000] {dag.py:3823} INFO - Setting next_dagrun for example_setup_teardown to 2024-02-06 00:00:00+00:00, run_after=2024-02-07 00:00:00+00:00
[2024-02-07T14:54:50.767+0000] {processor.py:183} INFO - Processing /home/airflow/.local/lib/python3.8/site-packages/airflow/example_dags/example_setup_teardown.py took 0.073 seconds
[2024-02-07T15:05:11.085+0000] {processor.py:161} INFO - Started process (PID=66) to work on /home/airflow/.local/lib/python3.8/site-packages/airflow/example_dags/example_setup_teardown.py
[2024-02-07T15:05:11.086+0000] {processor.py:830} INFO - Processing file /home/airflow/.local/lib/python3.8/site-packages/airflow/example_dags/example_setup_teardown.py for tasks to queue
[2024-02-07T15:05:11.087+0000] {logging_mixin.py:188} INFO - [2024-02-07T15:05:11.087+0000] {dagbag.py:538} INFO - Filling up the DagBag from /home/airflow/.local/lib/python3.8/site-packages/airflow/example_dags/example_setup_teardown.py
[2024-02-07T15:05:11.095+0000] {processor.py:840} INFO - DAG(s) 'example_setup_teardown' retrieved from /home/airflow/.local/lib/python3.8/site-packages/airflow/example_dags/example_setup_teardown.py
[2024-02-07T15:05:11.106+0000] {logging_mixin.py:188} INFO - [2024-02-07T15:05:11.106+0000] {dag.py:3036} INFO - Sync 1 DAGs
[2024-02-07T15:05:11.130+0000] {logging_mixin.py:188} INFO - [2024-02-07T15:05:11.129+0000] {dag.py:3823} INFO - Setting next_dagrun for example_setup_teardown to 2024-02-06 00:00:00+00:00, run_after=2024-02-07 00:00:00+00:00
[2024-02-07T15:05:11.147+0000] {processor.py:183} INFO - Processing /home/airflow/.local/lib/python3.8/site-packages/airflow/example_dags/example_setup_teardown.py took 0.066 seconds
[2024-02-07T15:05:43.330+0000] {processor.py:161} INFO - Started process (PID=123) to work on /home/airflow/.local/lib/python3.8/site-packages/airflow/example_dags/example_setup_teardown.py
[2024-02-07T15:05:43.331+0000] {processor.py:830} INFO - Processing file /home/airflow/.local/lib/python3.8/site-packages/airflow/example_dags/example_setup_teardown.py for tasks to queue
[2024-02-07T15:05:43.333+0000] {logging_mixin.py:188} INFO - [2024-02-07T15:05:43.332+0000] {dagbag.py:538} INFO - Filling up the DagBag from /home/airflow/.local/lib/python3.8/site-packages/airflow/example_dags/example_setup_teardown.py
[2024-02-07T15:05:43.339+0000] {processor.py:840} INFO - DAG(s) 'example_setup_teardown' retrieved from /home/airflow/.local/lib/python3.8/site-packages/airflow/example_dags/example_setup_teardown.py
[2024-02-07T15:05:43.446+0000] {logging_mixin.py:188} INFO - [2024-02-07T15:05:43.446+0000] {dag.py:3036} INFO - Sync 1 DAGs
[2024-02-07T15:05:43.470+0000] {logging_mixin.py:188} INFO - [2024-02-07T15:05:43.470+0000] {dag.py:3823} INFO - Setting next_dagrun for example_setup_teardown to 2024-02-06 00:00:00+00:00, run_after=2024-02-07 00:00:00+00:00
[2024-02-07T15:05:43.493+0000] {processor.py:183} INFO - Processing /home/airflow/.local/lib/python3.8/site-packages/airflow/example_dags/example_setup_teardown.py took 0.166 seconds
[2024-02-07T15:07:18.071+0000] {processor.py:161} INFO - Started process (PID=66) to work on /home/airflow/.local/lib/python3.8/site-packages/airflow/example_dags/example_setup_teardown.py
[2024-02-07T15:07:18.072+0000] {processor.py:830} INFO - Processing file /home/airflow/.local/lib/python3.8/site-packages/airflow/example_dags/example_setup_teardown.py for tasks to queue
[2024-02-07T15:07:18.073+0000] {logging_mixin.py:188} INFO - [2024-02-07T15:07:18.073+0000] {dagbag.py:538} INFO - Filling up the DagBag from /home/airflow/.local/lib/python3.8/site-packages/airflow/example_dags/example_setup_teardown.py
[2024-02-07T15:07:18.081+0000] {processor.py:840} INFO - DAG(s) 'example_setup_teardown' retrieved from /home/airflow/.local/lib/python3.8/site-packages/airflow/example_dags/example_setup_teardown.py
[2024-02-07T15:07:18.093+0000] {logging_mixin.py:188} INFO - [2024-02-07T15:07:18.092+0000] {dag.py:3036} INFO - Sync 1 DAGs
[2024-02-07T15:07:18.116+0000] {logging_mixin.py:188} INFO - [2024-02-07T15:07:18.116+0000] {dag.py:3823} INFO - Setting next_dagrun for example_setup_teardown to 2024-02-06 00:00:00+00:00, run_after=2024-02-07 00:00:00+00:00
[2024-02-07T15:07:18.135+0000] {processor.py:183} INFO - Processing /home/airflow/.local/lib/python3.8/site-packages/airflow/example_dags/example_setup_teardown.py took 0.068 seconds
[2024-02-07T15:07:49.579+0000] {processor.py:161} INFO - Started process (PID=123) to work on /home/airflow/.local/lib/python3.8/site-packages/airflow/example_dags/example_setup_teardown.py
[2024-02-07T15:07:49.579+0000] {processor.py:830} INFO - Processing file /home/airflow/.local/lib/python3.8/site-packages/airflow/example_dags/example_setup_teardown.py for tasks to queue
[2024-02-07T15:07:49.581+0000] {logging_mixin.py:188} INFO - [2024-02-07T15:07:49.581+0000] {dagbag.py:538} INFO - Filling up the DagBag from /home/airflow/.local/lib/python3.8/site-packages/airflow/example_dags/example_setup_teardown.py
[2024-02-07T15:07:49.589+0000] {processor.py:840} INFO - DAG(s) 'example_setup_teardown' retrieved from /home/airflow/.local/lib/python3.8/site-packages/airflow/example_dags/example_setup_teardown.py
[2024-02-07T15:07:49.688+0000] {logging_mixin.py:188} INFO - [2024-02-07T15:07:49.687+0000] {dag.py:3036} INFO - Sync 1 DAGs
[2024-02-07T15:07:49.707+0000] {logging_mixin.py:188} INFO - [2024-02-07T15:07:49.706+0000] {dag.py:3823} INFO - Setting next_dagrun for example_setup_teardown to 2024-02-06 00:00:00+00:00, run_after=2024-02-07 00:00:00+00:00
[2024-02-07T15:07:49.726+0000] {processor.py:183} INFO - Processing /home/airflow/.local/lib/python3.8/site-packages/airflow/example_dags/example_setup_teardown.py took 0.150 seconds
[2024-02-07T15:08:20.575+0000] {processor.py:161} INFO - Started process (PID=180) to work on /home/airflow/.local/lib/python3.8/site-packages/airflow/example_dags/example_setup_teardown.py
[2024-02-07T15:08:20.576+0000] {processor.py:830} INFO - Processing file /home/airflow/.local/lib/python3.8/site-packages/airflow/example_dags/example_setup_teardown.py for tasks to queue
[2024-02-07T15:08:20.577+0000] {logging_mixin.py:188} INFO - [2024-02-07T15:08:20.577+0000] {dagbag.py:538} INFO - Filling up the DagBag from /home/airflow/.local/lib/python3.8/site-packages/airflow/example_dags/example_setup_teardown.py
[2024-02-07T15:08:20.584+0000] {processor.py:840} INFO - DAG(s) 'example_setup_teardown' retrieved from /home/airflow/.local/lib/python3.8/site-packages/airflow/example_dags/example_setup_teardown.py
[2024-02-07T15:08:20.608+0000] {logging_mixin.py:188} INFO - [2024-02-07T15:08:20.608+0000] {dag.py:3036} INFO - Sync 1 DAGs
[2024-02-07T15:08:20.631+0000] {logging_mixin.py:188} INFO - [2024-02-07T15:08:20.630+0000] {dag.py:3823} INFO - Setting next_dagrun for example_setup_teardown to 2024-02-06 00:00:00+00:00, run_after=2024-02-07 00:00:00+00:00
[2024-02-07T15:08:20.649+0000] {processor.py:183} INFO - Processing /home/airflow/.local/lib/python3.8/site-packages/airflow/example_dags/example_setup_teardown.py took 0.077 seconds
[2024-02-07T15:08:51.470+0000] {processor.py:161} INFO - Started process (PID=237) to work on /home/airflow/.local/lib/python3.8/site-packages/airflow/example_dags/example_setup_teardown.py
[2024-02-07T15:08:51.471+0000] {processor.py:830} INFO - Processing file /home/airflow/.local/lib/python3.8/site-packages/airflow/example_dags/example_setup_teardown.py for tasks to queue
[2024-02-07T15:08:51.473+0000] {logging_mixin.py:188} INFO - [2024-02-07T15:08:51.472+0000] {dagbag.py:538} INFO - Filling up the DagBag from /home/airflow/.local/lib/python3.8/site-packages/airflow/example_dags/example_setup_teardown.py
[2024-02-07T15:08:51.479+0000] {processor.py:840} INFO - DAG(s) 'example_setup_teardown' retrieved from /home/airflow/.local/lib/python3.8/site-packages/airflow/example_dags/example_setup_teardown.py
[2024-02-07T15:08:51.503+0000] {logging_mixin.py:188} INFO - [2024-02-07T15:08:51.502+0000] {dag.py:3036} INFO - Sync 1 DAGs
[2024-02-07T15:08:51.532+0000] {logging_mixin.py:188} INFO - [2024-02-07T15:08:51.532+0000] {dag.py:3823} INFO - Setting next_dagrun for example_setup_teardown to 2024-02-06 00:00:00+00:00, run_after=2024-02-07 00:00:00+00:00
[2024-02-07T15:08:51.554+0000] {processor.py:183} INFO - Processing /home/airflow/.local/lib/python3.8/site-packages/airflow/example_dags/example_setup_teardown.py took 0.088 seconds
[2024-02-07T15:09:21.883+0000] {processor.py:161} INFO - Started process (PID=294) to work on /home/airflow/.local/lib/python3.8/site-packages/airflow/example_dags/example_setup_teardown.py
[2024-02-07T15:09:21.884+0000] {processor.py:830} INFO - Processing file /home/airflow/.local/lib/python3.8/site-packages/airflow/example_dags/example_setup_teardown.py for tasks to queue
[2024-02-07T15:09:21.886+0000] {logging_mixin.py:188} INFO - [2024-02-07T15:09:21.886+0000] {dagbag.py:538} INFO - Filling up the DagBag from /home/airflow/.local/lib/python3.8/site-packages/airflow/example_dags/example_setup_teardown.py
[2024-02-07T15:09:21.893+0000] {processor.py:840} INFO - DAG(s) 'example_setup_teardown' retrieved from /home/airflow/.local/lib/python3.8/site-packages/airflow/example_dags/example_setup_teardown.py
[2024-02-07T15:09:21.918+0000] {logging_mixin.py:188} INFO - [2024-02-07T15:09:21.918+0000] {dag.py:3036} INFO - Sync 1 DAGs
[2024-02-07T15:09:21.942+0000] {logging_mixin.py:188} INFO - [2024-02-07T15:09:21.942+0000] {dag.py:3823} INFO - Setting next_dagrun for example_setup_teardown to 2024-02-06 00:00:00+00:00, run_after=2024-02-07 00:00:00+00:00
[2024-02-07T15:09:21.964+0000] {processor.py:183} INFO - Processing /home/airflow/.local/lib/python3.8/site-packages/airflow/example_dags/example_setup_teardown.py took 0.085 seconds
[2024-02-07T15:57:17.384+0000] {processor.py:161} INFO - Started process (PID=66) to work on /home/airflow/.local/lib/python3.8/site-packages/airflow/example_dags/example_setup_teardown.py
[2024-02-07T15:57:17.385+0000] {processor.py:830} INFO - Processing file /home/airflow/.local/lib/python3.8/site-packages/airflow/example_dags/example_setup_teardown.py for tasks to queue
[2024-02-07T15:57:17.387+0000] {logging_mixin.py:188} INFO - [2024-02-07T15:57:17.387+0000] {dagbag.py:538} INFO - Filling up the DagBag from /home/airflow/.local/lib/python3.8/site-packages/airflow/example_dags/example_setup_teardown.py
[2024-02-07T15:57:17.394+0000] {processor.py:840} INFO - DAG(s) 'example_setup_teardown' retrieved from /home/airflow/.local/lib/python3.8/site-packages/airflow/example_dags/example_setup_teardown.py
[2024-02-07T15:57:17.406+0000] {logging_mixin.py:188} INFO - [2024-02-07T15:57:17.406+0000] {dag.py:3036} INFO - Sync 1 DAGs
[2024-02-07T15:57:17.439+0000] {logging_mixin.py:188} INFO - [2024-02-07T15:57:17.438+0000] {dag.py:3823} INFO - Setting next_dagrun for example_setup_teardown to 2024-02-06 00:00:00+00:00, run_after=2024-02-07 00:00:00+00:00
[2024-02-07T15:57:17.462+0000] {processor.py:183} INFO - Processing /home/airflow/.local/lib/python3.8/site-packages/airflow/example_dags/example_setup_teardown.py took 0.081 seconds
[2024-02-07T15:57:48.807+0000] {processor.py:161} INFO - Started process (PID=123) to work on /home/airflow/.local/lib/python3.8/site-packages/airflow/example_dags/example_setup_teardown.py
[2024-02-07T15:57:48.808+0000] {processor.py:830} INFO - Processing file /home/airflow/.local/lib/python3.8/site-packages/airflow/example_dags/example_setup_teardown.py for tasks to queue
[2024-02-07T15:57:48.809+0000] {logging_mixin.py:188} INFO - [2024-02-07T15:57:48.809+0000] {dagbag.py:538} INFO - Filling up the DagBag from /home/airflow/.local/lib/python3.8/site-packages/airflow/example_dags/example_setup_teardown.py
[2024-02-07T15:57:48.816+0000] {processor.py:840} INFO - DAG(s) 'example_setup_teardown' retrieved from /home/airflow/.local/lib/python3.8/site-packages/airflow/example_dags/example_setup_teardown.py
[2024-02-07T15:57:48.921+0000] {logging_mixin.py:188} INFO - [2024-02-07T15:57:48.921+0000] {dag.py:3036} INFO - Sync 1 DAGs
[2024-02-07T15:57:48.943+0000] {logging_mixin.py:188} INFO - [2024-02-07T15:57:48.943+0000] {dag.py:3823} INFO - Setting next_dagrun for example_setup_teardown to 2024-02-06 00:00:00+00:00, run_after=2024-02-07 00:00:00+00:00
[2024-02-07T15:57:48.965+0000] {processor.py:183} INFO - Processing /home/airflow/.local/lib/python3.8/site-packages/airflow/example_dags/example_setup_teardown.py took 0.162 seconds
[2024-02-07T15:58:19.375+0000] {processor.py:161} INFO - Started process (PID=180) to work on /home/airflow/.local/lib/python3.8/site-packages/airflow/example_dags/example_setup_teardown.py
[2024-02-07T15:58:19.376+0000] {processor.py:830} INFO - Processing file /home/airflow/.local/lib/python3.8/site-packages/airflow/example_dags/example_setup_teardown.py for tasks to queue
[2024-02-07T15:58:19.378+0000] {logging_mixin.py:188} INFO - [2024-02-07T15:58:19.378+0000] {dagbag.py:538} INFO - Filling up the DagBag from /home/airflow/.local/lib/python3.8/site-packages/airflow/example_dags/example_setup_teardown.py
[2024-02-07T15:58:19.386+0000] {processor.py:840} INFO - DAG(s) 'example_setup_teardown' retrieved from /home/airflow/.local/lib/python3.8/site-packages/airflow/example_dags/example_setup_teardown.py
[2024-02-07T15:58:19.407+0000] {logging_mixin.py:188} INFO - [2024-02-07T15:58:19.406+0000] {dag.py:3036} INFO - Sync 1 DAGs
[2024-02-07T15:58:19.429+0000] {logging_mixin.py:188} INFO - [2024-02-07T15:58:19.429+0000] {dag.py:3823} INFO - Setting next_dagrun for example_setup_teardown to 2024-02-06 00:00:00+00:00, run_after=2024-02-07 00:00:00+00:00
[2024-02-07T15:58:19.447+0000] {processor.py:183} INFO - Processing /home/airflow/.local/lib/python3.8/site-packages/airflow/example_dags/example_setup_teardown.py took 0.077 seconds
[2024-02-07T16:10:53.382+0000] {processor.py:161} INFO - Started process (PID=66) to work on /home/airflow/.local/lib/python3.8/site-packages/airflow/example_dags/example_setup_teardown.py
[2024-02-07T16:10:53.383+0000] {processor.py:830} INFO - Processing file /home/airflow/.local/lib/python3.8/site-packages/airflow/example_dags/example_setup_teardown.py for tasks to queue
[2024-02-07T16:10:53.385+0000] {logging_mixin.py:188} INFO - [2024-02-07T16:10:53.385+0000] {dagbag.py:538} INFO - Filling up the DagBag from /home/airflow/.local/lib/python3.8/site-packages/airflow/example_dags/example_setup_teardown.py
[2024-02-07T16:10:53.393+0000] {processor.py:840} INFO - DAG(s) 'example_setup_teardown' retrieved from /home/airflow/.local/lib/python3.8/site-packages/airflow/example_dags/example_setup_teardown.py
[2024-02-07T16:10:53.408+0000] {logging_mixin.py:188} INFO - [2024-02-07T16:10:53.408+0000] {dag.py:3036} INFO - Sync 1 DAGs
[2024-02-07T16:10:53.452+0000] {logging_mixin.py:188} INFO - [2024-02-07T16:10:53.451+0000] {dag.py:3823} INFO - Setting next_dagrun for example_setup_teardown to 2024-02-06 00:00:00+00:00, run_after=2024-02-07 00:00:00+00:00
[2024-02-07T16:10:53.485+0000] {processor.py:183} INFO - Processing /home/airflow/.local/lib/python3.8/site-packages/airflow/example_dags/example_setup_teardown.py took 0.106 seconds
[2024-02-07T16:11:25.095+0000] {processor.py:161} INFO - Started process (PID=123) to work on /home/airflow/.local/lib/python3.8/site-packages/airflow/example_dags/example_setup_teardown.py
[2024-02-07T16:11:25.096+0000] {processor.py:830} INFO - Processing file /home/airflow/.local/lib/python3.8/site-packages/airflow/example_dags/example_setup_teardown.py for tasks to queue
[2024-02-07T16:11:25.097+0000] {logging_mixin.py:188} INFO - [2024-02-07T16:11:25.097+0000] {dagbag.py:538} INFO - Filling up the DagBag from /home/airflow/.local/lib/python3.8/site-packages/airflow/example_dags/example_setup_teardown.py
[2024-02-07T16:11:25.104+0000] {processor.py:840} INFO - DAG(s) 'example_setup_teardown' retrieved from /home/airflow/.local/lib/python3.8/site-packages/airflow/example_dags/example_setup_teardown.py
[2024-02-07T16:11:25.218+0000] {logging_mixin.py:188} INFO - [2024-02-07T16:11:25.217+0000] {dag.py:3036} INFO - Sync 1 DAGs
[2024-02-07T16:11:25.237+0000] {logging_mixin.py:188} INFO - [2024-02-07T16:11:25.237+0000] {dag.py:3823} INFO - Setting next_dagrun for example_setup_teardown to 2024-02-06 00:00:00+00:00, run_after=2024-02-07 00:00:00+00:00
[2024-02-07T16:11:25.256+0000] {processor.py:183} INFO - Processing /home/airflow/.local/lib/python3.8/site-packages/airflow/example_dags/example_setup_teardown.py took 0.164 seconds
[2024-02-07T16:11:55.531+0000] {processor.py:161} INFO - Started process (PID=180) to work on /home/airflow/.local/lib/python3.8/site-packages/airflow/example_dags/example_setup_teardown.py
[2024-02-07T16:11:55.532+0000] {processor.py:830} INFO - Processing file /home/airflow/.local/lib/python3.8/site-packages/airflow/example_dags/example_setup_teardown.py for tasks to queue
[2024-02-07T16:11:55.534+0000] {logging_mixin.py:188} INFO - [2024-02-07T16:11:55.534+0000] {dagbag.py:538} INFO - Filling up the DagBag from /home/airflow/.local/lib/python3.8/site-packages/airflow/example_dags/example_setup_teardown.py
[2024-02-07T16:11:55.540+0000] {processor.py:840} INFO - DAG(s) 'example_setup_teardown' retrieved from /home/airflow/.local/lib/python3.8/site-packages/airflow/example_dags/example_setup_teardown.py
[2024-02-07T16:11:55.560+0000] {logging_mixin.py:188} INFO - [2024-02-07T16:11:55.560+0000] {dag.py:3036} INFO - Sync 1 DAGs
[2024-02-07T16:11:55.581+0000] {logging_mixin.py:188} INFO - [2024-02-07T16:11:55.581+0000] {dag.py:3823} INFO - Setting next_dagrun for example_setup_teardown to 2024-02-06 00:00:00+00:00, run_after=2024-02-07 00:00:00+00:00
[2024-02-07T16:11:55.599+0000] {processor.py:183} INFO - Processing /home/airflow/.local/lib/python3.8/site-packages/airflow/example_dags/example_setup_teardown.py took 0.070 seconds
[2024-02-07T16:12:26.040+0000] {processor.py:161} INFO - Started process (PID=236) to work on /home/airflow/.local/lib/python3.8/site-packages/airflow/example_dags/example_setup_teardown.py
[2024-02-07T16:12:26.042+0000] {processor.py:830} INFO - Processing file /home/airflow/.local/lib/python3.8/site-packages/airflow/example_dags/example_setup_teardown.py for tasks to queue
[2024-02-07T16:12:26.044+0000] {logging_mixin.py:188} INFO - [2024-02-07T16:12:26.043+0000] {dagbag.py:538} INFO - Filling up the DagBag from /home/airflow/.local/lib/python3.8/site-packages/airflow/example_dags/example_setup_teardown.py
[2024-02-07T16:12:26.052+0000] {processor.py:840} INFO - DAG(s) 'example_setup_teardown' retrieved from /home/airflow/.local/lib/python3.8/site-packages/airflow/example_dags/example_setup_teardown.py
[2024-02-07T16:12:26.076+0000] {logging_mixin.py:188} INFO - [2024-02-07T16:12:26.076+0000] {dag.py:3036} INFO - Sync 1 DAGs
[2024-02-07T16:12:26.098+0000] {logging_mixin.py:188} INFO - [2024-02-07T16:12:26.098+0000] {dag.py:3823} INFO - Setting next_dagrun for example_setup_teardown to 2024-02-06 00:00:00+00:00, run_after=2024-02-07 00:00:00+00:00
[2024-02-07T16:12:26.118+0000] {processor.py:183} INFO - Processing /home/airflow/.local/lib/python3.8/site-packages/airflow/example_dags/example_setup_teardown.py took 0.081 seconds
[2024-02-07T16:12:56.136+0000] {processor.py:161} INFO - Started process (PID=291) to work on /home/airflow/.local/lib/python3.8/site-packages/airflow/example_dags/example_setup_teardown.py
[2024-02-07T16:12:56.137+0000] {processor.py:830} INFO - Processing file /home/airflow/.local/lib/python3.8/site-packages/airflow/example_dags/example_setup_teardown.py for tasks to queue
[2024-02-07T16:12:56.138+0000] {logging_mixin.py:188} INFO - [2024-02-07T16:12:56.138+0000] {dagbag.py:538} INFO - Filling up the DagBag from /home/airflow/.local/lib/python3.8/site-packages/airflow/example_dags/example_setup_teardown.py
[2024-02-07T16:12:56.144+0000] {processor.py:840} INFO - DAG(s) 'example_setup_teardown' retrieved from /home/airflow/.local/lib/python3.8/site-packages/airflow/example_dags/example_setup_teardown.py
[2024-02-07T16:12:56.165+0000] {logging_mixin.py:188} INFO - [2024-02-07T16:12:56.164+0000] {dag.py:3036} INFO - Sync 1 DAGs
[2024-02-07T16:12:56.185+0000] {logging_mixin.py:188} INFO - [2024-02-07T16:12:56.185+0000] {dag.py:3823} INFO - Setting next_dagrun for example_setup_teardown to 2024-02-06 00:00:00+00:00, run_after=2024-02-07 00:00:00+00:00
[2024-02-07T16:12:56.202+0000] {processor.py:183} INFO - Processing /home/airflow/.local/lib/python3.8/site-packages/airflow/example_dags/example_setup_teardown.py took 0.070 seconds
[2024-02-07T16:13:26.251+0000] {processor.py:161} INFO - Started process (PID=348) to work on /home/airflow/.local/lib/python3.8/site-packages/airflow/example_dags/example_setup_teardown.py
[2024-02-07T16:13:26.251+0000] {processor.py:830} INFO - Processing file /home/airflow/.local/lib/python3.8/site-packages/airflow/example_dags/example_setup_teardown.py for tasks to queue
[2024-02-07T16:13:26.253+0000] {logging_mixin.py:188} INFO - [2024-02-07T16:13:26.253+0000] {dagbag.py:538} INFO - Filling up the DagBag from /home/airflow/.local/lib/python3.8/site-packages/airflow/example_dags/example_setup_teardown.py
[2024-02-07T16:13:26.259+0000] {processor.py:840} INFO - DAG(s) 'example_setup_teardown' retrieved from /home/airflow/.local/lib/python3.8/site-packages/airflow/example_dags/example_setup_teardown.py
[2024-02-07T16:13:26.280+0000] {logging_mixin.py:188} INFO - [2024-02-07T16:13:26.280+0000] {dag.py:3036} INFO - Sync 1 DAGs
[2024-02-07T16:13:26.301+0000] {logging_mixin.py:188} INFO - [2024-02-07T16:13:26.300+0000] {dag.py:3823} INFO - Setting next_dagrun for example_setup_teardown to 2024-02-06 00:00:00+00:00, run_after=2024-02-07 00:00:00+00:00
[2024-02-07T16:13:26.318+0000] {processor.py:183} INFO - Processing /home/airflow/.local/lib/python3.8/site-packages/airflow/example_dags/example_setup_teardown.py took 0.070 seconds
[2024-02-07T16:13:56.692+0000] {processor.py:161} INFO - Started process (PID=405) to work on /home/airflow/.local/lib/python3.8/site-packages/airflow/example_dags/example_setup_teardown.py
[2024-02-07T16:13:56.693+0000] {processor.py:830} INFO - Processing file /home/airflow/.local/lib/python3.8/site-packages/airflow/example_dags/example_setup_teardown.py for tasks to queue
[2024-02-07T16:13:56.695+0000] {logging_mixin.py:188} INFO - [2024-02-07T16:13:56.694+0000] {dagbag.py:538} INFO - Filling up the DagBag from /home/airflow/.local/lib/python3.8/site-packages/airflow/example_dags/example_setup_teardown.py
[2024-02-07T16:13:56.701+0000] {processor.py:840} INFO - DAG(s) 'example_setup_teardown' retrieved from /home/airflow/.local/lib/python3.8/site-packages/airflow/example_dags/example_setup_teardown.py
[2024-02-07T16:13:56.721+0000] {logging_mixin.py:188} INFO - [2024-02-07T16:13:56.721+0000] {dag.py:3036} INFO - Sync 1 DAGs
[2024-02-07T16:13:56.742+0000] {logging_mixin.py:188} INFO - [2024-02-07T16:13:56.742+0000] {dag.py:3823} INFO - Setting next_dagrun for example_setup_teardown to 2024-02-06 00:00:00+00:00, run_after=2024-02-07 00:00:00+00:00
[2024-02-07T16:13:56.759+0000] {processor.py:183} INFO - Processing /home/airflow/.local/lib/python3.8/site-packages/airflow/example_dags/example_setup_teardown.py took 0.070 seconds
[2024-02-07T16:14:26.863+0000] {processor.py:161} INFO - Started process (PID=462) to work on /home/airflow/.local/lib/python3.8/site-packages/airflow/example_dags/example_setup_teardown.py
[2024-02-07T16:14:26.864+0000] {processor.py:830} INFO - Processing file /home/airflow/.local/lib/python3.8/site-packages/airflow/example_dags/example_setup_teardown.py for tasks to queue
[2024-02-07T16:14:26.866+0000] {logging_mixin.py:188} INFO - [2024-02-07T16:14:26.866+0000] {dagbag.py:538} INFO - Filling up the DagBag from /home/airflow/.local/lib/python3.8/site-packages/airflow/example_dags/example_setup_teardown.py
[2024-02-07T16:14:26.872+0000] {processor.py:840} INFO - DAG(s) 'example_setup_teardown' retrieved from /home/airflow/.local/lib/python3.8/site-packages/airflow/example_dags/example_setup_teardown.py
[2024-02-07T16:14:26.893+0000] {logging_mixin.py:188} INFO - [2024-02-07T16:14:26.892+0000] {dag.py:3036} INFO - Sync 1 DAGs
[2024-02-07T16:14:26.915+0000] {logging_mixin.py:188} INFO - [2024-02-07T16:14:26.915+0000] {dag.py:3823} INFO - Setting next_dagrun for example_setup_teardown to 2024-02-06 00:00:00+00:00, run_after=2024-02-07 00:00:00+00:00
[2024-02-07T16:14:26.932+0000] {processor.py:183} INFO - Processing /home/airflow/.local/lib/python3.8/site-packages/airflow/example_dags/example_setup_teardown.py took 0.072 seconds
[2024-02-07T16:14:57.313+0000] {processor.py:161} INFO - Started process (PID=519) to work on /home/airflow/.local/lib/python3.8/site-packages/airflow/example_dags/example_setup_teardown.py
[2024-02-07T16:14:57.314+0000] {processor.py:830} INFO - Processing file /home/airflow/.local/lib/python3.8/site-packages/airflow/example_dags/example_setup_teardown.py for tasks to queue
[2024-02-07T16:14:57.315+0000] {logging_mixin.py:188} INFO - [2024-02-07T16:14:57.315+0000] {dagbag.py:538} INFO - Filling up the DagBag from /home/airflow/.local/lib/python3.8/site-packages/airflow/example_dags/example_setup_teardown.py
[2024-02-07T16:14:57.322+0000] {processor.py:840} INFO - DAG(s) 'example_setup_teardown' retrieved from /home/airflow/.local/lib/python3.8/site-packages/airflow/example_dags/example_setup_teardown.py
[2024-02-07T16:14:57.343+0000] {logging_mixin.py:188} INFO - [2024-02-07T16:14:57.342+0000] {dag.py:3036} INFO - Sync 1 DAGs
[2024-02-07T16:14:57.368+0000] {logging_mixin.py:188} INFO - [2024-02-07T16:14:57.368+0000] {dag.py:3823} INFO - Setting next_dagrun for example_setup_teardown to 2024-02-06 00:00:00+00:00, run_after=2024-02-07 00:00:00+00:00
[2024-02-07T16:14:57.391+0000] {processor.py:183} INFO - Processing /home/airflow/.local/lib/python3.8/site-packages/airflow/example_dags/example_setup_teardown.py took 0.081 seconds
[2024-02-07T16:23:26.243+0000] {processor.py:161} INFO - Started process (PID=66) to work on /home/airflow/.local/lib/python3.8/site-packages/airflow/example_dags/example_setup_teardown.py
[2024-02-07T16:23:26.244+0000] {processor.py:830} INFO - Processing file /home/airflow/.local/lib/python3.8/site-packages/airflow/example_dags/example_setup_teardown.py for tasks to queue
[2024-02-07T16:23:26.246+0000] {logging_mixin.py:188} INFO - [2024-02-07T16:23:26.246+0000] {dagbag.py:538} INFO - Filling up the DagBag from /home/airflow/.local/lib/python3.8/site-packages/airflow/example_dags/example_setup_teardown.py
[2024-02-07T16:23:26.253+0000] {processor.py:840} INFO - DAG(s) 'example_setup_teardown' retrieved from /home/airflow/.local/lib/python3.8/site-packages/airflow/example_dags/example_setup_teardown.py
[2024-02-07T16:23:26.264+0000] {logging_mixin.py:188} INFO - [2024-02-07T16:23:26.264+0000] {dag.py:3036} INFO - Sync 1 DAGs
[2024-02-07T16:23:26.287+0000] {logging_mixin.py:188} INFO - [2024-02-07T16:23:26.287+0000] {dag.py:3823} INFO - Setting next_dagrun for example_setup_teardown to 2024-02-06 00:00:00+00:00, run_after=2024-02-07 00:00:00+00:00
[2024-02-07T16:23:26.305+0000] {processor.py:183} INFO - Processing /home/airflow/.local/lib/python3.8/site-packages/airflow/example_dags/example_setup_teardown.py took 0.065 seconds
[2024-02-07T16:23:57.080+0000] {processor.py:161} INFO - Started process (PID=123) to work on /home/airflow/.local/lib/python3.8/site-packages/airflow/example_dags/example_setup_teardown.py
[2024-02-07T16:23:57.081+0000] {processor.py:830} INFO - Processing file /home/airflow/.local/lib/python3.8/site-packages/airflow/example_dags/example_setup_teardown.py for tasks to queue
[2024-02-07T16:23:57.082+0000] {logging_mixin.py:188} INFO - [2024-02-07T16:23:57.082+0000] {dagbag.py:538} INFO - Filling up the DagBag from /home/airflow/.local/lib/python3.8/site-packages/airflow/example_dags/example_setup_teardown.py
[2024-02-07T16:23:57.088+0000] {processor.py:840} INFO - DAG(s) 'example_setup_teardown' retrieved from /home/airflow/.local/lib/python3.8/site-packages/airflow/example_dags/example_setup_teardown.py
[2024-02-07T16:23:57.195+0000] {logging_mixin.py:188} INFO - [2024-02-07T16:23:57.195+0000] {dag.py:3036} INFO - Sync 1 DAGs
[2024-02-07T16:23:57.216+0000] {logging_mixin.py:188} INFO - [2024-02-07T16:23:57.216+0000] {dag.py:3823} INFO - Setting next_dagrun for example_setup_teardown to 2024-02-06 00:00:00+00:00, run_after=2024-02-07 00:00:00+00:00
[2024-02-07T16:23:57.239+0000] {processor.py:183} INFO - Processing /home/airflow/.local/lib/python3.8/site-packages/airflow/example_dags/example_setup_teardown.py took 0.162 seconds
[2024-02-07T16:24:28.007+0000] {processor.py:161} INFO - Started process (PID=180) to work on /home/airflow/.local/lib/python3.8/site-packages/airflow/example_dags/example_setup_teardown.py
[2024-02-07T16:24:28.008+0000] {processor.py:830} INFO - Processing file /home/airflow/.local/lib/python3.8/site-packages/airflow/example_dags/example_setup_teardown.py for tasks to queue
[2024-02-07T16:24:28.010+0000] {logging_mixin.py:188} INFO - [2024-02-07T16:24:28.009+0000] {dagbag.py:538} INFO - Filling up the DagBag from /home/airflow/.local/lib/python3.8/site-packages/airflow/example_dags/example_setup_teardown.py
[2024-02-07T16:24:28.016+0000] {processor.py:840} INFO - DAG(s) 'example_setup_teardown' retrieved from /home/airflow/.local/lib/python3.8/site-packages/airflow/example_dags/example_setup_teardown.py
[2024-02-07T16:24:28.036+0000] {logging_mixin.py:188} INFO - [2024-02-07T16:24:28.036+0000] {dag.py:3036} INFO - Sync 1 DAGs
[2024-02-07T16:24:28.057+0000] {logging_mixin.py:188} INFO - [2024-02-07T16:24:28.057+0000] {dag.py:3823} INFO - Setting next_dagrun for example_setup_teardown to 2024-02-06 00:00:00+00:00, run_after=2024-02-07 00:00:00+00:00
[2024-02-07T16:24:28.076+0000] {processor.py:183} INFO - Processing /home/airflow/.local/lib/python3.8/site-packages/airflow/example_dags/example_setup_teardown.py took 0.073 seconds
[2024-02-07T16:24:59.305+0000] {processor.py:161} INFO - Started process (PID=237) to work on /home/airflow/.local/lib/python3.8/site-packages/airflow/example_dags/example_setup_teardown.py
[2024-02-07T16:24:59.305+0000] {processor.py:830} INFO - Processing file /home/airflow/.local/lib/python3.8/site-packages/airflow/example_dags/example_setup_teardown.py for tasks to queue
[2024-02-07T16:24:59.307+0000] {logging_mixin.py:188} INFO - [2024-02-07T16:24:59.307+0000] {dagbag.py:538} INFO - Filling up the DagBag from /home/airflow/.local/lib/python3.8/site-packages/airflow/example_dags/example_setup_teardown.py
[2024-02-07T16:24:59.313+0000] {processor.py:840} INFO - DAG(s) 'example_setup_teardown' retrieved from /home/airflow/.local/lib/python3.8/site-packages/airflow/example_dags/example_setup_teardown.py
[2024-02-07T16:24:59.333+0000] {logging_mixin.py:188} INFO - [2024-02-07T16:24:59.333+0000] {dag.py:3036} INFO - Sync 1 DAGs
[2024-02-07T16:24:59.354+0000] {logging_mixin.py:188} INFO - [2024-02-07T16:24:59.353+0000] {dag.py:3823} INFO - Setting next_dagrun for example_setup_teardown to 2024-02-06 00:00:00+00:00, run_after=2024-02-07 00:00:00+00:00
[2024-02-07T16:24:59.372+0000] {processor.py:183} INFO - Processing /home/airflow/.local/lib/python3.8/site-packages/airflow/example_dags/example_setup_teardown.py took 0.070 seconds
[2024-02-07T16:25:30.382+0000] {processor.py:161} INFO - Started process (PID=294) to work on /home/airflow/.local/lib/python3.8/site-packages/airflow/example_dags/example_setup_teardown.py
[2024-02-07T16:25:30.383+0000] {processor.py:830} INFO - Processing file /home/airflow/.local/lib/python3.8/site-packages/airflow/example_dags/example_setup_teardown.py for tasks to queue
[2024-02-07T16:25:30.385+0000] {logging_mixin.py:188} INFO - [2024-02-07T16:25:30.385+0000] {dagbag.py:538} INFO - Filling up the DagBag from /home/airflow/.local/lib/python3.8/site-packages/airflow/example_dags/example_setup_teardown.py
[2024-02-07T16:25:30.391+0000] {processor.py:840} INFO - DAG(s) 'example_setup_teardown' retrieved from /home/airflow/.local/lib/python3.8/site-packages/airflow/example_dags/example_setup_teardown.py
[2024-02-07T16:25:30.420+0000] {logging_mixin.py:188} INFO - [2024-02-07T16:25:30.420+0000] {dag.py:3036} INFO - Sync 1 DAGs
[2024-02-07T16:25:30.450+0000] {logging_mixin.py:188} INFO - [2024-02-07T16:25:30.449+0000] {dag.py:3823} INFO - Setting next_dagrun for example_setup_teardown to 2024-02-06 00:00:00+00:00, run_after=2024-02-07 00:00:00+00:00
[2024-02-07T16:25:30.472+0000] {processor.py:183} INFO - Processing /home/airflow/.local/lib/python3.8/site-packages/airflow/example_dags/example_setup_teardown.py took 0.093 seconds
[2024-02-07T16:26:00.687+0000] {processor.py:161} INFO - Started process (PID=349) to work on /home/airflow/.local/lib/python3.8/site-packages/airflow/example_dags/example_setup_teardown.py
[2024-02-07T16:26:00.688+0000] {processor.py:830} INFO - Processing file /home/airflow/.local/lib/python3.8/site-packages/airflow/example_dags/example_setup_teardown.py for tasks to queue
[2024-02-07T16:26:00.689+0000] {logging_mixin.py:188} INFO - [2024-02-07T16:26:00.689+0000] {dagbag.py:538} INFO - Filling up the DagBag from /home/airflow/.local/lib/python3.8/site-packages/airflow/example_dags/example_setup_teardown.py
[2024-02-07T16:26:00.696+0000] {processor.py:840} INFO - DAG(s) 'example_setup_teardown' retrieved from /home/airflow/.local/lib/python3.8/site-packages/airflow/example_dags/example_setup_teardown.py
[2024-02-07T16:26:00.716+0000] {logging_mixin.py:188} INFO - [2024-02-07T16:26:00.716+0000] {dag.py:3036} INFO - Sync 1 DAGs
[2024-02-07T16:26:00.738+0000] {logging_mixin.py:188} INFO - [2024-02-07T16:26:00.737+0000] {dag.py:3823} INFO - Setting next_dagrun for example_setup_teardown to 2024-02-06 00:00:00+00:00, run_after=2024-02-07 00:00:00+00:00
[2024-02-07T16:26:00.755+0000] {processor.py:183} INFO - Processing /home/airflow/.local/lib/python3.8/site-packages/airflow/example_dags/example_setup_teardown.py took 0.071 seconds
[2024-02-07T16:48:23.875+0000] {processor.py:161} INFO - Started process (PID=65) to work on /home/airflow/.local/lib/python3.8/site-packages/airflow/example_dags/example_setup_teardown.py
[2024-02-07T16:48:23.876+0000] {processor.py:830} INFO - Processing file /home/airflow/.local/lib/python3.8/site-packages/airflow/example_dags/example_setup_teardown.py for tasks to queue
[2024-02-07T16:48:23.877+0000] {logging_mixin.py:188} INFO - [2024-02-07T16:48:23.877+0000] {dagbag.py:538} INFO - Filling up the DagBag from /home/airflow/.local/lib/python3.8/site-packages/airflow/example_dags/example_setup_teardown.py
[2024-02-07T16:48:23.885+0000] {processor.py:840} INFO - DAG(s) 'example_setup_teardown' retrieved from /home/airflow/.local/lib/python3.8/site-packages/airflow/example_dags/example_setup_teardown.py
[2024-02-07T16:48:24.000+0000] {logging_mixin.py:188} INFO - [2024-02-07T16:48:24.000+0000] {dag.py:3036} INFO - Sync 1 DAGs
[2024-02-07T16:48:24.024+0000] {logging_mixin.py:188} INFO - [2024-02-07T16:48:24.024+0000] {dag.py:3823} INFO - Setting next_dagrun for example_setup_teardown to 2024-02-06 00:00:00+00:00, run_after=2024-02-07 00:00:00+00:00
[2024-02-07T16:48:24.051+0000] {processor.py:183} INFO - Processing /home/airflow/.local/lib/python3.8/site-packages/airflow/example_dags/example_setup_teardown.py took 0.180 seconds
[2024-02-07T16:48:54.976+0000] {processor.py:161} INFO - Started process (PID=122) to work on /home/airflow/.local/lib/python3.8/site-packages/airflow/example_dags/example_setup_teardown.py
[2024-02-07T16:48:54.977+0000] {processor.py:830} INFO - Processing file /home/airflow/.local/lib/python3.8/site-packages/airflow/example_dags/example_setup_teardown.py for tasks to queue
[2024-02-07T16:48:54.979+0000] {logging_mixin.py:188} INFO - [2024-02-07T16:48:54.979+0000] {dagbag.py:538} INFO - Filling up the DagBag from /home/airflow/.local/lib/python3.8/site-packages/airflow/example_dags/example_setup_teardown.py
[2024-02-07T16:48:54.986+0000] {processor.py:840} INFO - DAG(s) 'example_setup_teardown' retrieved from /home/airflow/.local/lib/python3.8/site-packages/airflow/example_dags/example_setup_teardown.py
[2024-02-07T16:48:55.007+0000] {logging_mixin.py:188} INFO - [2024-02-07T16:48:55.006+0000] {dag.py:3036} INFO - Sync 1 DAGs
[2024-02-07T16:48:55.028+0000] {logging_mixin.py:188} INFO - [2024-02-07T16:48:55.028+0000] {dag.py:3823} INFO - Setting next_dagrun for example_setup_teardown to 2024-02-06 00:00:00+00:00, run_after=2024-02-07 00:00:00+00:00
[2024-02-07T16:48:55.045+0000] {processor.py:183} INFO - Processing /home/airflow/.local/lib/python3.8/site-packages/airflow/example_dags/example_setup_teardown.py took 0.074 seconds
[2024-02-07T16:49:25.738+0000] {processor.py:161} INFO - Started process (PID=179) to work on /home/airflow/.local/lib/python3.8/site-packages/airflow/example_dags/example_setup_teardown.py
[2024-02-07T16:49:25.739+0000] {processor.py:830} INFO - Processing file /home/airflow/.local/lib/python3.8/site-packages/airflow/example_dags/example_setup_teardown.py for tasks to queue
[2024-02-07T16:49:25.741+0000] {logging_mixin.py:188} INFO - [2024-02-07T16:49:25.741+0000] {dagbag.py:538} INFO - Filling up the DagBag from /home/airflow/.local/lib/python3.8/site-packages/airflow/example_dags/example_setup_teardown.py
[2024-02-07T16:49:25.748+0000] {processor.py:840} INFO - DAG(s) 'example_setup_teardown' retrieved from /home/airflow/.local/lib/python3.8/site-packages/airflow/example_dags/example_setup_teardown.py
[2024-02-07T16:49:25.771+0000] {logging_mixin.py:188} INFO - [2024-02-07T16:49:25.771+0000] {dag.py:3036} INFO - Sync 1 DAGs
[2024-02-07T16:49:25.796+0000] {logging_mixin.py:188} INFO - [2024-02-07T16:49:25.795+0000] {dag.py:3823} INFO - Setting next_dagrun for example_setup_teardown to 2024-02-06 00:00:00+00:00, run_after=2024-02-07 00:00:00+00:00
[2024-02-07T16:49:25.814+0000] {processor.py:183} INFO - Processing /home/airflow/.local/lib/python3.8/site-packages/airflow/example_dags/example_setup_teardown.py took 0.079 seconds
[2024-02-07T16:49:55.834+0000] {processor.py:161} INFO - Started process (PID=236) to work on /home/airflow/.local/lib/python3.8/site-packages/airflow/example_dags/example_setup_teardown.py
[2024-02-07T16:49:55.834+0000] {processor.py:830} INFO - Processing file /home/airflow/.local/lib/python3.8/site-packages/airflow/example_dags/example_setup_teardown.py for tasks to queue
[2024-02-07T16:49:55.836+0000] {logging_mixin.py:188} INFO - [2024-02-07T16:49:55.836+0000] {dagbag.py:538} INFO - Filling up the DagBag from /home/airflow/.local/lib/python3.8/site-packages/airflow/example_dags/example_setup_teardown.py
[2024-02-07T16:49:55.842+0000] {processor.py:840} INFO - DAG(s) 'example_setup_teardown' retrieved from /home/airflow/.local/lib/python3.8/site-packages/airflow/example_dags/example_setup_teardown.py
[2024-02-07T16:49:55.861+0000] {logging_mixin.py:188} INFO - [2024-02-07T16:49:55.861+0000] {dag.py:3036} INFO - Sync 1 DAGs
[2024-02-07T16:49:55.882+0000] {logging_mixin.py:188} INFO - [2024-02-07T16:49:55.881+0000] {dag.py:3823} INFO - Setting next_dagrun for example_setup_teardown to 2024-02-06 00:00:00+00:00, run_after=2024-02-07 00:00:00+00:00
[2024-02-07T16:49:55.899+0000] {processor.py:183} INFO - Processing /home/airflow/.local/lib/python3.8/site-packages/airflow/example_dags/example_setup_teardown.py took 0.069 seconds
[2024-02-07T16:50:25.960+0000] {processor.py:161} INFO - Started process (PID=292) to work on /home/airflow/.local/lib/python3.8/site-packages/airflow/example_dags/example_setup_teardown.py
[2024-02-07T16:50:25.961+0000] {processor.py:830} INFO - Processing file /home/airflow/.local/lib/python3.8/site-packages/airflow/example_dags/example_setup_teardown.py for tasks to queue
[2024-02-07T16:50:25.963+0000] {logging_mixin.py:188} INFO - [2024-02-07T16:50:25.962+0000] {dagbag.py:538} INFO - Filling up the DagBag from /home/airflow/.local/lib/python3.8/site-packages/airflow/example_dags/example_setup_teardown.py
[2024-02-07T16:50:25.969+0000] {processor.py:840} INFO - DAG(s) 'example_setup_teardown' retrieved from /home/airflow/.local/lib/python3.8/site-packages/airflow/example_dags/example_setup_teardown.py
[2024-02-07T16:50:25.990+0000] {logging_mixin.py:188} INFO - [2024-02-07T16:50:25.989+0000] {dag.py:3036} INFO - Sync 1 DAGs
[2024-02-07T16:50:26.011+0000] {logging_mixin.py:188} INFO - [2024-02-07T16:50:26.010+0000] {dag.py:3823} INFO - Setting next_dagrun for example_setup_teardown to 2024-02-06 00:00:00+00:00, run_after=2024-02-07 00:00:00+00:00
[2024-02-07T16:50:26.028+0000] {processor.py:183} INFO - Processing /home/airflow/.local/lib/python3.8/site-packages/airflow/example_dags/example_setup_teardown.py took 0.072 seconds
[2024-02-07T16:50:56.065+0000] {processor.py:161} INFO - Started process (PID=348) to work on /home/airflow/.local/lib/python3.8/site-packages/airflow/example_dags/example_setup_teardown.py
[2024-02-07T16:50:56.067+0000] {processor.py:830} INFO - Processing file /home/airflow/.local/lib/python3.8/site-packages/airflow/example_dags/example_setup_teardown.py for tasks to queue
[2024-02-07T16:50:56.069+0000] {logging_mixin.py:188} INFO - [2024-02-07T16:50:56.068+0000] {dagbag.py:538} INFO - Filling up the DagBag from /home/airflow/.local/lib/python3.8/site-packages/airflow/example_dags/example_setup_teardown.py
[2024-02-07T16:50:56.078+0000] {processor.py:840} INFO - DAG(s) 'example_setup_teardown' retrieved from /home/airflow/.local/lib/python3.8/site-packages/airflow/example_dags/example_setup_teardown.py
[2024-02-07T16:50:56.106+0000] {logging_mixin.py:188} INFO - [2024-02-07T16:50:56.105+0000] {dag.py:3036} INFO - Sync 1 DAGs
[2024-02-07T16:50:56.132+0000] {logging_mixin.py:188} INFO - [2024-02-07T16:50:56.132+0000] {dag.py:3823} INFO - Setting next_dagrun for example_setup_teardown to 2024-02-06 00:00:00+00:00, run_after=2024-02-07 00:00:00+00:00
[2024-02-07T16:50:56.149+0000] {processor.py:183} INFO - Processing /home/airflow/.local/lib/python3.8/site-packages/airflow/example_dags/example_setup_teardown.py took 0.088 seconds
