[2024-02-07T14:34:00.954+0000] {processor.py:161} INFO - Started process (PID=40) to work on /home/airflow/.local/lib/python3.8/site-packages/airflow/example_dags/example_branch_labels.py
[2024-02-07T14:34:00.955+0000] {processor.py:830} INFO - Processing file /home/airflow/.local/lib/python3.8/site-packages/airflow/example_dags/example_branch_labels.py for tasks to queue
[2024-02-07T14:34:00.957+0000] {logging_mixin.py:188} INFO - [2024-02-07T14:34:00.957+0000] {dagbag.py:538} INFO - Filling up the DagBag from /home/airflow/.local/lib/python3.8/site-packages/airflow/example_dags/example_branch_labels.py
[2024-02-07T14:34:00.971+0000] {processor.py:840} INFO - DAG(s) 'example_branch_labels' retrieved from /home/airflow/.local/lib/python3.8/site-packages/airflow/example_dags/example_branch_labels.py
[2024-02-07T14:34:00.986+0000] {logging_mixin.py:188} INFO - [2024-02-07T14:34:00.985+0000] {dag.py:3036} INFO - Sync 1 DAGs
[2024-02-07T14:34:01.027+0000] {logging_mixin.py:188} INFO - [2024-02-07T14:34:01.026+0000] {dag.py:3823} INFO - Setting next_dagrun for example_branch_labels to 2024-02-06 00:00:00+00:00, run_after=2024-02-07 00:00:00+00:00
[2024-02-07T14:34:01.057+0000] {processor.py:183} INFO - Processing /home/airflow/.local/lib/python3.8/site-packages/airflow/example_dags/example_branch_labels.py took 0.107 seconds
[2024-02-07T14:34:31.272+0000] {processor.py:161} INFO - Started process (PID=95) to work on /home/airflow/.local/lib/python3.8/site-packages/airflow/example_dags/example_branch_labels.py
[2024-02-07T14:34:31.273+0000] {processor.py:830} INFO - Processing file /home/airflow/.local/lib/python3.8/site-packages/airflow/example_dags/example_branch_labels.py for tasks to queue
[2024-02-07T14:34:31.274+0000] {logging_mixin.py:188} INFO - [2024-02-07T14:34:31.274+0000] {dagbag.py:538} INFO - Filling up the DagBag from /home/airflow/.local/lib/python3.8/site-packages/airflow/example_dags/example_branch_labels.py
[2024-02-07T14:34:31.282+0000] {processor.py:840} INFO - DAG(s) 'example_branch_labels' retrieved from /home/airflow/.local/lib/python3.8/site-packages/airflow/example_dags/example_branch_labels.py
[2024-02-07T14:34:31.393+0000] {logging_mixin.py:188} INFO - [2024-02-07T14:34:31.392+0000] {dag.py:3036} INFO - Sync 1 DAGs
[2024-02-07T14:34:31.413+0000] {logging_mixin.py:188} INFO - [2024-02-07T14:34:31.412+0000] {dag.py:3823} INFO - Setting next_dagrun for example_branch_labels to 2024-02-06 00:00:00+00:00, run_after=2024-02-07 00:00:00+00:00
[2024-02-07T14:34:31.431+0000] {processor.py:183} INFO - Processing /home/airflow/.local/lib/python3.8/site-packages/airflow/example_dags/example_branch_labels.py took 0.162 seconds
[2024-02-07T14:35:02.361+0000] {processor.py:161} INFO - Started process (PID=152) to work on /home/airflow/.local/lib/python3.8/site-packages/airflow/example_dags/example_branch_labels.py
[2024-02-07T14:35:02.363+0000] {processor.py:830} INFO - Processing file /home/airflow/.local/lib/python3.8/site-packages/airflow/example_dags/example_branch_labels.py for tasks to queue
[2024-02-07T14:35:02.366+0000] {logging_mixin.py:188} INFO - [2024-02-07T14:35:02.366+0000] {dagbag.py:538} INFO - Filling up the DagBag from /home/airflow/.local/lib/python3.8/site-packages/airflow/example_dags/example_branch_labels.py
[2024-02-07T14:35:02.376+0000] {processor.py:840} INFO - DAG(s) 'example_branch_labels' retrieved from /home/airflow/.local/lib/python3.8/site-packages/airflow/example_dags/example_branch_labels.py
[2024-02-07T14:35:02.399+0000] {logging_mixin.py:188} INFO - [2024-02-07T14:35:02.399+0000] {dag.py:3036} INFO - Sync 1 DAGs
[2024-02-07T14:35:02.422+0000] {logging_mixin.py:188} INFO - [2024-02-07T14:35:02.422+0000] {dag.py:3823} INFO - Setting next_dagrun for example_branch_labels to 2024-02-06 00:00:00+00:00, run_after=2024-02-07 00:00:00+00:00
[2024-02-07T14:35:02.438+0000] {processor.py:183} INFO - Processing /home/airflow/.local/lib/python3.8/site-packages/airflow/example_dags/example_branch_labels.py took 0.084 seconds
[2024-02-07T14:35:32.958+0000] {processor.py:161} INFO - Started process (PID=209) to work on /home/airflow/.local/lib/python3.8/site-packages/airflow/example_dags/example_branch_labels.py
[2024-02-07T14:35:32.960+0000] {processor.py:830} INFO - Processing file /home/airflow/.local/lib/python3.8/site-packages/airflow/example_dags/example_branch_labels.py for tasks to queue
[2024-02-07T14:35:32.962+0000] {logging_mixin.py:188} INFO - [2024-02-07T14:35:32.961+0000] {dagbag.py:538} INFO - Filling up the DagBag from /home/airflow/.local/lib/python3.8/site-packages/airflow/example_dags/example_branch_labels.py
[2024-02-07T14:35:32.971+0000] {processor.py:840} INFO - DAG(s) 'example_branch_labels' retrieved from /home/airflow/.local/lib/python3.8/site-packages/airflow/example_dags/example_branch_labels.py
[2024-02-07T14:35:32.996+0000] {logging_mixin.py:188} INFO - [2024-02-07T14:35:32.996+0000] {dag.py:3036} INFO - Sync 1 DAGs
[2024-02-07T14:35:33.022+0000] {logging_mixin.py:188} INFO - [2024-02-07T14:35:33.021+0000] {dag.py:3823} INFO - Setting next_dagrun for example_branch_labels to 2024-02-06 00:00:00+00:00, run_after=2024-02-07 00:00:00+00:00
[2024-02-07T14:35:33.038+0000] {processor.py:183} INFO - Processing /home/airflow/.local/lib/python3.8/site-packages/airflow/example_dags/example_branch_labels.py took 0.084 seconds
[2024-02-07T14:43:05.688+0000] {processor.py:161} INFO - Started process (PID=40) to work on /home/airflow/.local/lib/python3.8/site-packages/airflow/example_dags/example_branch_labels.py
[2024-02-07T14:43:05.688+0000] {processor.py:830} INFO - Processing file /home/airflow/.local/lib/python3.8/site-packages/airflow/example_dags/example_branch_labels.py for tasks to queue
[2024-02-07T14:43:05.690+0000] {logging_mixin.py:188} INFO - [2024-02-07T14:43:05.690+0000] {dagbag.py:538} INFO - Filling up the DagBag from /home/airflow/.local/lib/python3.8/site-packages/airflow/example_dags/example_branch_labels.py
[2024-02-07T14:43:05.702+0000] {processor.py:840} INFO - DAG(s) 'example_branch_labels' retrieved from /home/airflow/.local/lib/python3.8/site-packages/airflow/example_dags/example_branch_labels.py
[2024-02-07T14:43:05.715+0000] {logging_mixin.py:188} INFO - [2024-02-07T14:43:05.715+0000] {dag.py:3036} INFO - Sync 1 DAGs
[2024-02-07T14:43:05.750+0000] {logging_mixin.py:188} INFO - [2024-02-07T14:43:05.750+0000] {dag.py:3823} INFO - Setting next_dagrun for example_branch_labels to 2024-02-06 00:00:00+00:00, run_after=2024-02-07 00:00:00+00:00
[2024-02-07T14:43:05.772+0000] {processor.py:183} INFO - Processing /home/airflow/.local/lib/python3.8/site-packages/airflow/example_dags/example_branch_labels.py took 0.088 seconds
[2024-02-07T14:43:36.011+0000] {processor.py:161} INFO - Started process (PID=95) to work on /home/airflow/.local/lib/python3.8/site-packages/airflow/example_dags/example_branch_labels.py
[2024-02-07T14:43:36.013+0000] {processor.py:830} INFO - Processing file /home/airflow/.local/lib/python3.8/site-packages/airflow/example_dags/example_branch_labels.py for tasks to queue
[2024-02-07T14:43:36.016+0000] {logging_mixin.py:188} INFO - [2024-02-07T14:43:36.016+0000] {dagbag.py:538} INFO - Filling up the DagBag from /home/airflow/.local/lib/python3.8/site-packages/airflow/example_dags/example_branch_labels.py
[2024-02-07T14:43:36.036+0000] {processor.py:840} INFO - DAG(s) 'example_branch_labels' retrieved from /home/airflow/.local/lib/python3.8/site-packages/airflow/example_dags/example_branch_labels.py
[2024-02-07T14:43:36.244+0000] {logging_mixin.py:188} INFO - [2024-02-07T14:43:36.243+0000] {dag.py:3036} INFO - Sync 1 DAGs
[2024-02-07T14:43:36.287+0000] {logging_mixin.py:188} INFO - [2024-02-07T14:43:36.286+0000] {dag.py:3823} INFO - Setting next_dagrun for example_branch_labels to 2024-02-06 00:00:00+00:00, run_after=2024-02-07 00:00:00+00:00
[2024-02-07T14:43:36.315+0000] {processor.py:183} INFO - Processing /home/airflow/.local/lib/python3.8/site-packages/airflow/example_dags/example_branch_labels.py took 0.310 seconds
[2024-02-07T14:44:06.685+0000] {processor.py:161} INFO - Started process (PID=152) to work on /home/airflow/.local/lib/python3.8/site-packages/airflow/example_dags/example_branch_labels.py
[2024-02-07T14:44:06.686+0000] {processor.py:830} INFO - Processing file /home/airflow/.local/lib/python3.8/site-packages/airflow/example_dags/example_branch_labels.py for tasks to queue
[2024-02-07T14:44:06.688+0000] {logging_mixin.py:188} INFO - [2024-02-07T14:44:06.687+0000] {dagbag.py:538} INFO - Filling up the DagBag from /home/airflow/.local/lib/python3.8/site-packages/airflow/example_dags/example_branch_labels.py
[2024-02-07T14:44:06.695+0000] {processor.py:840} INFO - DAG(s) 'example_branch_labels' retrieved from /home/airflow/.local/lib/python3.8/site-packages/airflow/example_dags/example_branch_labels.py
[2024-02-07T14:44:06.716+0000] {logging_mixin.py:188} INFO - [2024-02-07T14:44:06.716+0000] {dag.py:3036} INFO - Sync 1 DAGs
[2024-02-07T14:44:06.745+0000] {logging_mixin.py:188} INFO - [2024-02-07T14:44:06.744+0000] {dag.py:3823} INFO - Setting next_dagrun for example_branch_labels to 2024-02-06 00:00:00+00:00, run_after=2024-02-07 00:00:00+00:00
[2024-02-07T14:44:06.763+0000] {processor.py:183} INFO - Processing /home/airflow/.local/lib/python3.8/site-packages/airflow/example_dags/example_branch_labels.py took 0.081 seconds
[2024-02-07T14:44:37.113+0000] {processor.py:161} INFO - Started process (PID=209) to work on /home/airflow/.local/lib/python3.8/site-packages/airflow/example_dags/example_branch_labels.py
[2024-02-07T14:44:37.114+0000] {processor.py:830} INFO - Processing file /home/airflow/.local/lib/python3.8/site-packages/airflow/example_dags/example_branch_labels.py for tasks to queue
[2024-02-07T14:44:37.116+0000] {logging_mixin.py:188} INFO - [2024-02-07T14:44:37.116+0000] {dagbag.py:538} INFO - Filling up the DagBag from /home/airflow/.local/lib/python3.8/site-packages/airflow/example_dags/example_branch_labels.py
[2024-02-07T14:44:37.128+0000] {processor.py:840} INFO - DAG(s) 'example_branch_labels' retrieved from /home/airflow/.local/lib/python3.8/site-packages/airflow/example_dags/example_branch_labels.py
[2024-02-07T14:44:37.157+0000] {logging_mixin.py:188} INFO - [2024-02-07T14:44:37.157+0000] {dag.py:3036} INFO - Sync 1 DAGs
[2024-02-07T14:44:37.191+0000] {logging_mixin.py:188} INFO - [2024-02-07T14:44:37.191+0000] {dag.py:3823} INFO - Setting next_dagrun for example_branch_labels to 2024-02-06 00:00:00+00:00, run_after=2024-02-07 00:00:00+00:00
[2024-02-07T14:44:37.212+0000] {processor.py:183} INFO - Processing /home/airflow/.local/lib/python3.8/site-packages/airflow/example_dags/example_branch_labels.py took 0.102 seconds
[2024-02-07T14:45:07.468+0000] {processor.py:161} INFO - Started process (PID=266) to work on /home/airflow/.local/lib/python3.8/site-packages/airflow/example_dags/example_branch_labels.py
[2024-02-07T14:45:07.469+0000] {processor.py:830} INFO - Processing file /home/airflow/.local/lib/python3.8/site-packages/airflow/example_dags/example_branch_labels.py for tasks to queue
[2024-02-07T14:45:07.471+0000] {logging_mixin.py:188} INFO - [2024-02-07T14:45:07.471+0000] {dagbag.py:538} INFO - Filling up the DagBag from /home/airflow/.local/lib/python3.8/site-packages/airflow/example_dags/example_branch_labels.py
[2024-02-07T14:45:07.482+0000] {processor.py:840} INFO - DAG(s) 'example_branch_labels' retrieved from /home/airflow/.local/lib/python3.8/site-packages/airflow/example_dags/example_branch_labels.py
[2024-02-07T14:45:07.507+0000] {logging_mixin.py:188} INFO - [2024-02-07T14:45:07.507+0000] {dag.py:3036} INFO - Sync 1 DAGs
[2024-02-07T14:45:07.538+0000] {logging_mixin.py:188} INFO - [2024-02-07T14:45:07.538+0000] {dag.py:3823} INFO - Setting next_dagrun for example_branch_labels to 2024-02-06 00:00:00+00:00, run_after=2024-02-07 00:00:00+00:00
[2024-02-07T14:45:07.570+0000] {processor.py:183} INFO - Processing /home/airflow/.local/lib/python3.8/site-packages/airflow/example_dags/example_branch_labels.py took 0.105 seconds
[2024-02-07T14:45:37.612+0000] {processor.py:161} INFO - Started process (PID=323) to work on /home/airflow/.local/lib/python3.8/site-packages/airflow/example_dags/example_branch_labels.py
[2024-02-07T14:45:37.612+0000] {processor.py:830} INFO - Processing file /home/airflow/.local/lib/python3.8/site-packages/airflow/example_dags/example_branch_labels.py for tasks to queue
[2024-02-07T14:45:37.614+0000] {logging_mixin.py:188} INFO - [2024-02-07T14:45:37.614+0000] {dagbag.py:538} INFO - Filling up the DagBag from /home/airflow/.local/lib/python3.8/site-packages/airflow/example_dags/example_branch_labels.py
[2024-02-07T14:45:37.622+0000] {processor.py:840} INFO - DAG(s) 'example_branch_labels' retrieved from /home/airflow/.local/lib/python3.8/site-packages/airflow/example_dags/example_branch_labels.py
[2024-02-07T14:45:37.647+0000] {logging_mixin.py:188} INFO - [2024-02-07T14:45:37.647+0000] {dag.py:3036} INFO - Sync 1 DAGs
[2024-02-07T14:45:37.689+0000] {logging_mixin.py:188} INFO - [2024-02-07T14:45:37.688+0000] {dag.py:3823} INFO - Setting next_dagrun for example_branch_labels to 2024-02-06 00:00:00+00:00, run_after=2024-02-07 00:00:00+00:00
[2024-02-07T14:45:37.714+0000] {processor.py:183} INFO - Processing /home/airflow/.local/lib/python3.8/site-packages/airflow/example_dags/example_branch_labels.py took 0.106 seconds
[2024-02-07T14:46:07.948+0000] {processor.py:161} INFO - Started process (PID=380) to work on /home/airflow/.local/lib/python3.8/site-packages/airflow/example_dags/example_branch_labels.py
[2024-02-07T14:46:07.950+0000] {processor.py:830} INFO - Processing file /home/airflow/.local/lib/python3.8/site-packages/airflow/example_dags/example_branch_labels.py for tasks to queue
[2024-02-07T14:46:07.952+0000] {logging_mixin.py:188} INFO - [2024-02-07T14:46:07.952+0000] {dagbag.py:538} INFO - Filling up the DagBag from /home/airflow/.local/lib/python3.8/site-packages/airflow/example_dags/example_branch_labels.py
[2024-02-07T14:46:07.962+0000] {processor.py:840} INFO - DAG(s) 'example_branch_labels' retrieved from /home/airflow/.local/lib/python3.8/site-packages/airflow/example_dags/example_branch_labels.py
[2024-02-07T14:46:07.986+0000] {logging_mixin.py:188} INFO - [2024-02-07T14:46:07.986+0000] {dag.py:3036} INFO - Sync 1 DAGs
[2024-02-07T14:46:08.018+0000] {logging_mixin.py:188} INFO - [2024-02-07T14:46:08.018+0000] {dag.py:3823} INFO - Setting next_dagrun for example_branch_labels to 2024-02-06 00:00:00+00:00, run_after=2024-02-07 00:00:00+00:00
[2024-02-07T14:46:08.043+0000] {processor.py:183} INFO - Processing /home/airflow/.local/lib/python3.8/site-packages/airflow/example_dags/example_branch_labels.py took 0.100 seconds
[2024-02-07T14:46:38.145+0000] {processor.py:161} INFO - Started process (PID=437) to work on /home/airflow/.local/lib/python3.8/site-packages/airflow/example_dags/example_branch_labels.py
[2024-02-07T14:46:38.146+0000] {processor.py:830} INFO - Processing file /home/airflow/.local/lib/python3.8/site-packages/airflow/example_dags/example_branch_labels.py for tasks to queue
[2024-02-07T14:46:38.148+0000] {logging_mixin.py:188} INFO - [2024-02-07T14:46:38.148+0000] {dagbag.py:538} INFO - Filling up the DagBag from /home/airflow/.local/lib/python3.8/site-packages/airflow/example_dags/example_branch_labels.py
[2024-02-07T14:46:38.159+0000] {processor.py:840} INFO - DAG(s) 'example_branch_labels' retrieved from /home/airflow/.local/lib/python3.8/site-packages/airflow/example_dags/example_branch_labels.py
[2024-02-07T14:46:38.185+0000] {logging_mixin.py:188} INFO - [2024-02-07T14:46:38.184+0000] {dag.py:3036} INFO - Sync 1 DAGs
[2024-02-07T14:46:38.210+0000] {logging_mixin.py:188} INFO - [2024-02-07T14:46:38.210+0000] {dag.py:3823} INFO - Setting next_dagrun for example_branch_labels to 2024-02-06 00:00:00+00:00, run_after=2024-02-07 00:00:00+00:00
[2024-02-07T14:46:38.232+0000] {processor.py:183} INFO - Processing /home/airflow/.local/lib/python3.8/site-packages/airflow/example_dags/example_branch_labels.py took 0.091 seconds
[2024-02-07T14:47:08.401+0000] {processor.py:161} INFO - Started process (PID=494) to work on /home/airflow/.local/lib/python3.8/site-packages/airflow/example_dags/example_branch_labels.py
[2024-02-07T14:47:08.402+0000] {processor.py:830} INFO - Processing file /home/airflow/.local/lib/python3.8/site-packages/airflow/example_dags/example_branch_labels.py for tasks to queue
[2024-02-07T14:47:08.404+0000] {logging_mixin.py:188} INFO - [2024-02-07T14:47:08.404+0000] {dagbag.py:538} INFO - Filling up the DagBag from /home/airflow/.local/lib/python3.8/site-packages/airflow/example_dags/example_branch_labels.py
[2024-02-07T14:47:08.412+0000] {processor.py:840} INFO - DAG(s) 'example_branch_labels' retrieved from /home/airflow/.local/lib/python3.8/site-packages/airflow/example_dags/example_branch_labels.py
[2024-02-07T14:47:08.433+0000] {logging_mixin.py:188} INFO - [2024-02-07T14:47:08.433+0000] {dag.py:3036} INFO - Sync 1 DAGs
[2024-02-07T14:47:08.460+0000] {logging_mixin.py:188} INFO - [2024-02-07T14:47:08.459+0000] {dag.py:3823} INFO - Setting next_dagrun for example_branch_labels to 2024-02-06 00:00:00+00:00, run_after=2024-02-07 00:00:00+00:00
[2024-02-07T14:47:08.488+0000] {processor.py:183} INFO - Processing /home/airflow/.local/lib/python3.8/site-packages/airflow/example_dags/example_branch_labels.py took 0.090 seconds
[2024-02-07T14:47:39.049+0000] {processor.py:161} INFO - Started process (PID=551) to work on /home/airflow/.local/lib/python3.8/site-packages/airflow/example_dags/example_branch_labels.py
[2024-02-07T14:47:39.050+0000] {processor.py:830} INFO - Processing file /home/airflow/.local/lib/python3.8/site-packages/airflow/example_dags/example_branch_labels.py for tasks to queue
[2024-02-07T14:47:39.052+0000] {logging_mixin.py:188} INFO - [2024-02-07T14:47:39.051+0000] {dagbag.py:538} INFO - Filling up the DagBag from /home/airflow/.local/lib/python3.8/site-packages/airflow/example_dags/example_branch_labels.py
[2024-02-07T14:47:39.059+0000] {processor.py:840} INFO - DAG(s) 'example_branch_labels' retrieved from /home/airflow/.local/lib/python3.8/site-packages/airflow/example_dags/example_branch_labels.py
[2024-02-07T14:47:39.080+0000] {logging_mixin.py:188} INFO - [2024-02-07T14:47:39.080+0000] {dag.py:3036} INFO - Sync 1 DAGs
[2024-02-07T14:47:39.103+0000] {logging_mixin.py:188} INFO - [2024-02-07T14:47:39.102+0000] {dag.py:3823} INFO - Setting next_dagrun for example_branch_labels to 2024-02-06 00:00:00+00:00, run_after=2024-02-07 00:00:00+00:00
[2024-02-07T14:47:39.121+0000] {processor.py:183} INFO - Processing /home/airflow/.local/lib/python3.8/site-packages/airflow/example_dags/example_branch_labels.py took 0.074 seconds
[2024-02-07T14:48:09.537+0000] {processor.py:161} INFO - Started process (PID=608) to work on /home/airflow/.local/lib/python3.8/site-packages/airflow/example_dags/example_branch_labels.py
[2024-02-07T14:48:09.537+0000] {processor.py:830} INFO - Processing file /home/airflow/.local/lib/python3.8/site-packages/airflow/example_dags/example_branch_labels.py for tasks to queue
[2024-02-07T14:48:09.539+0000] {logging_mixin.py:188} INFO - [2024-02-07T14:48:09.539+0000] {dagbag.py:538} INFO - Filling up the DagBag from /home/airflow/.local/lib/python3.8/site-packages/airflow/example_dags/example_branch_labels.py
[2024-02-07T14:48:09.547+0000] {processor.py:840} INFO - DAG(s) 'example_branch_labels' retrieved from /home/airflow/.local/lib/python3.8/site-packages/airflow/example_dags/example_branch_labels.py
[2024-02-07T14:48:09.572+0000] {logging_mixin.py:188} INFO - [2024-02-07T14:48:09.572+0000] {dag.py:3036} INFO - Sync 1 DAGs
[2024-02-07T14:48:09.596+0000] {logging_mixin.py:188} INFO - [2024-02-07T14:48:09.596+0000] {dag.py:3823} INFO - Setting next_dagrun for example_branch_labels to 2024-02-06 00:00:00+00:00, run_after=2024-02-07 00:00:00+00:00
[2024-02-07T14:48:09.615+0000] {processor.py:183} INFO - Processing /home/airflow/.local/lib/python3.8/site-packages/airflow/example_dags/example_branch_labels.py took 0.081 seconds
[2024-02-07T14:48:39.849+0000] {processor.py:161} INFO - Started process (PID=665) to work on /home/airflow/.local/lib/python3.8/site-packages/airflow/example_dags/example_branch_labels.py
[2024-02-07T14:48:39.850+0000] {processor.py:830} INFO - Processing file /home/airflow/.local/lib/python3.8/site-packages/airflow/example_dags/example_branch_labels.py for tasks to queue
[2024-02-07T14:48:39.851+0000] {logging_mixin.py:188} INFO - [2024-02-07T14:48:39.851+0000] {dagbag.py:538} INFO - Filling up the DagBag from /home/airflow/.local/lib/python3.8/site-packages/airflow/example_dags/example_branch_labels.py
[2024-02-07T14:48:39.859+0000] {processor.py:840} INFO - DAG(s) 'example_branch_labels' retrieved from /home/airflow/.local/lib/python3.8/site-packages/airflow/example_dags/example_branch_labels.py
[2024-02-07T14:48:39.879+0000] {logging_mixin.py:188} INFO - [2024-02-07T14:48:39.879+0000] {dag.py:3036} INFO - Sync 1 DAGs
[2024-02-07T14:48:39.909+0000] {logging_mixin.py:188} INFO - [2024-02-07T14:48:39.909+0000] {dag.py:3823} INFO - Setting next_dagrun for example_branch_labels to 2024-02-06 00:00:00+00:00, run_after=2024-02-07 00:00:00+00:00
[2024-02-07T14:48:39.929+0000] {processor.py:183} INFO - Processing /home/airflow/.local/lib/python3.8/site-packages/airflow/example_dags/example_branch_labels.py took 0.083 seconds
[2024-02-07T14:49:10.071+0000] {processor.py:161} INFO - Started process (PID=722) to work on /home/airflow/.local/lib/python3.8/site-packages/airflow/example_dags/example_branch_labels.py
[2024-02-07T14:49:10.072+0000] {processor.py:830} INFO - Processing file /home/airflow/.local/lib/python3.8/site-packages/airflow/example_dags/example_branch_labels.py for tasks to queue
[2024-02-07T14:49:10.074+0000] {logging_mixin.py:188} INFO - [2024-02-07T14:49:10.074+0000] {dagbag.py:538} INFO - Filling up the DagBag from /home/airflow/.local/lib/python3.8/site-packages/airflow/example_dags/example_branch_labels.py
[2024-02-07T14:49:10.085+0000] {processor.py:840} INFO - DAG(s) 'example_branch_labels' retrieved from /home/airflow/.local/lib/python3.8/site-packages/airflow/example_dags/example_branch_labels.py
[2024-02-07T14:49:10.110+0000] {logging_mixin.py:188} INFO - [2024-02-07T14:49:10.110+0000] {dag.py:3036} INFO - Sync 1 DAGs
[2024-02-07T14:49:10.143+0000] {logging_mixin.py:188} INFO - [2024-02-07T14:49:10.143+0000] {dag.py:3823} INFO - Setting next_dagrun for example_branch_labels to 2024-02-06 00:00:00+00:00, run_after=2024-02-07 00:00:00+00:00
[2024-02-07T14:49:10.164+0000] {processor.py:183} INFO - Processing /home/airflow/.local/lib/python3.8/site-packages/airflow/example_dags/example_branch_labels.py took 0.096 seconds
[2024-02-07T14:49:40.816+0000] {processor.py:161} INFO - Started process (PID=779) to work on /home/airflow/.local/lib/python3.8/site-packages/airflow/example_dags/example_branch_labels.py
[2024-02-07T14:49:40.817+0000] {processor.py:830} INFO - Processing file /home/airflow/.local/lib/python3.8/site-packages/airflow/example_dags/example_branch_labels.py for tasks to queue
[2024-02-07T14:49:40.819+0000] {logging_mixin.py:188} INFO - [2024-02-07T14:49:40.819+0000] {dagbag.py:538} INFO - Filling up the DagBag from /home/airflow/.local/lib/python3.8/site-packages/airflow/example_dags/example_branch_labels.py
[2024-02-07T14:49:40.828+0000] {processor.py:840} INFO - DAG(s) 'example_branch_labels' retrieved from /home/airflow/.local/lib/python3.8/site-packages/airflow/example_dags/example_branch_labels.py
[2024-02-07T14:49:40.848+0000] {logging_mixin.py:188} INFO - [2024-02-07T14:49:40.848+0000] {dag.py:3036} INFO - Sync 1 DAGs
[2024-02-07T14:49:40.871+0000] {logging_mixin.py:188} INFO - [2024-02-07T14:49:40.870+0000] {dag.py:3823} INFO - Setting next_dagrun for example_branch_labels to 2024-02-06 00:00:00+00:00, run_after=2024-02-07 00:00:00+00:00
[2024-02-07T14:49:40.889+0000] {processor.py:183} INFO - Processing /home/airflow/.local/lib/python3.8/site-packages/airflow/example_dags/example_branch_labels.py took 0.076 seconds
[2024-02-07T14:50:11.560+0000] {processor.py:161} INFO - Started process (PID=836) to work on /home/airflow/.local/lib/python3.8/site-packages/airflow/example_dags/example_branch_labels.py
[2024-02-07T14:50:11.561+0000] {processor.py:830} INFO - Processing file /home/airflow/.local/lib/python3.8/site-packages/airflow/example_dags/example_branch_labels.py for tasks to queue
[2024-02-07T14:50:11.563+0000] {logging_mixin.py:188} INFO - [2024-02-07T14:50:11.562+0000] {dagbag.py:538} INFO - Filling up the DagBag from /home/airflow/.local/lib/python3.8/site-packages/airflow/example_dags/example_branch_labels.py
[2024-02-07T14:50:11.570+0000] {processor.py:840} INFO - DAG(s) 'example_branch_labels' retrieved from /home/airflow/.local/lib/python3.8/site-packages/airflow/example_dags/example_branch_labels.py
[2024-02-07T14:50:11.592+0000] {logging_mixin.py:188} INFO - [2024-02-07T14:50:11.592+0000] {dag.py:3036} INFO - Sync 1 DAGs
[2024-02-07T14:50:11.615+0000] {logging_mixin.py:188} INFO - [2024-02-07T14:50:11.615+0000] {dag.py:3823} INFO - Setting next_dagrun for example_branch_labels to 2024-02-06 00:00:00+00:00, run_after=2024-02-07 00:00:00+00:00
[2024-02-07T14:50:11.631+0000] {processor.py:183} INFO - Processing /home/airflow/.local/lib/python3.8/site-packages/airflow/example_dags/example_branch_labels.py took 0.075 seconds
[2024-02-07T14:50:42.206+0000] {processor.py:161} INFO - Started process (PID=893) to work on /home/airflow/.local/lib/python3.8/site-packages/airflow/example_dags/example_branch_labels.py
[2024-02-07T14:50:42.207+0000] {processor.py:830} INFO - Processing file /home/airflow/.local/lib/python3.8/site-packages/airflow/example_dags/example_branch_labels.py for tasks to queue
[2024-02-07T14:50:42.209+0000] {logging_mixin.py:188} INFO - [2024-02-07T14:50:42.208+0000] {dagbag.py:538} INFO - Filling up the DagBag from /home/airflow/.local/lib/python3.8/site-packages/airflow/example_dags/example_branch_labels.py
[2024-02-07T14:50:42.217+0000] {processor.py:840} INFO - DAG(s) 'example_branch_labels' retrieved from /home/airflow/.local/lib/python3.8/site-packages/airflow/example_dags/example_branch_labels.py
[2024-02-07T14:50:42.237+0000] {logging_mixin.py:188} INFO - [2024-02-07T14:50:42.237+0000] {dag.py:3036} INFO - Sync 1 DAGs
[2024-02-07T14:50:42.263+0000] {logging_mixin.py:188} INFO - [2024-02-07T14:50:42.263+0000] {dag.py:3823} INFO - Setting next_dagrun for example_branch_labels to 2024-02-06 00:00:00+00:00, run_after=2024-02-07 00:00:00+00:00
[2024-02-07T14:50:42.283+0000] {processor.py:183} INFO - Processing /home/airflow/.local/lib/python3.8/site-packages/airflow/example_dags/example_branch_labels.py took 0.080 seconds
[2024-02-07T14:51:12.906+0000] {processor.py:161} INFO - Started process (PID=951) to work on /home/airflow/.local/lib/python3.8/site-packages/airflow/example_dags/example_branch_labels.py
[2024-02-07T14:51:12.907+0000] {processor.py:830} INFO - Processing file /home/airflow/.local/lib/python3.8/site-packages/airflow/example_dags/example_branch_labels.py for tasks to queue
[2024-02-07T14:51:12.909+0000] {logging_mixin.py:188} INFO - [2024-02-07T14:51:12.909+0000] {dagbag.py:538} INFO - Filling up the DagBag from /home/airflow/.local/lib/python3.8/site-packages/airflow/example_dags/example_branch_labels.py
[2024-02-07T14:51:12.916+0000] {processor.py:840} INFO - DAG(s) 'example_branch_labels' retrieved from /home/airflow/.local/lib/python3.8/site-packages/airflow/example_dags/example_branch_labels.py
[2024-02-07T14:51:12.936+0000] {logging_mixin.py:188} INFO - [2024-02-07T14:51:12.936+0000] {dag.py:3036} INFO - Sync 1 DAGs
[2024-02-07T14:51:12.959+0000] {logging_mixin.py:188} INFO - [2024-02-07T14:51:12.958+0000] {dag.py:3823} INFO - Setting next_dagrun for example_branch_labels to 2024-02-06 00:00:00+00:00, run_after=2024-02-07 00:00:00+00:00
[2024-02-07T14:51:12.975+0000] {processor.py:183} INFO - Processing /home/airflow/.local/lib/python3.8/site-packages/airflow/example_dags/example_branch_labels.py took 0.072 seconds
[2024-02-07T14:51:43.304+0000] {processor.py:161} INFO - Started process (PID=1008) to work on /home/airflow/.local/lib/python3.8/site-packages/airflow/example_dags/example_branch_labels.py
[2024-02-07T14:51:43.305+0000] {processor.py:830} INFO - Processing file /home/airflow/.local/lib/python3.8/site-packages/airflow/example_dags/example_branch_labels.py for tasks to queue
[2024-02-07T14:51:43.307+0000] {logging_mixin.py:188} INFO - [2024-02-07T14:51:43.306+0000] {dagbag.py:538} INFO - Filling up the DagBag from /home/airflow/.local/lib/python3.8/site-packages/airflow/example_dags/example_branch_labels.py
[2024-02-07T14:51:43.315+0000] {processor.py:840} INFO - DAG(s) 'example_branch_labels' retrieved from /home/airflow/.local/lib/python3.8/site-packages/airflow/example_dags/example_branch_labels.py
[2024-02-07T14:51:43.336+0000] {logging_mixin.py:188} INFO - [2024-02-07T14:51:43.336+0000] {dag.py:3036} INFO - Sync 1 DAGs
[2024-02-07T14:51:43.361+0000] {logging_mixin.py:188} INFO - [2024-02-07T14:51:43.361+0000] {dag.py:3823} INFO - Setting next_dagrun for example_branch_labels to 2024-02-06 00:00:00+00:00, run_after=2024-02-07 00:00:00+00:00
[2024-02-07T14:51:43.381+0000] {processor.py:183} INFO - Processing /home/airflow/.local/lib/python3.8/site-packages/airflow/example_dags/example_branch_labels.py took 0.081 seconds
[2024-02-07T14:52:13.492+0000] {processor.py:161} INFO - Started process (PID=1066) to work on /home/airflow/.local/lib/python3.8/site-packages/airflow/example_dags/example_branch_labels.py
[2024-02-07T14:52:13.493+0000] {processor.py:830} INFO - Processing file /home/airflow/.local/lib/python3.8/site-packages/airflow/example_dags/example_branch_labels.py for tasks to queue
[2024-02-07T14:52:13.494+0000] {logging_mixin.py:188} INFO - [2024-02-07T14:52:13.494+0000] {dagbag.py:538} INFO - Filling up the DagBag from /home/airflow/.local/lib/python3.8/site-packages/airflow/example_dags/example_branch_labels.py
[2024-02-07T14:52:13.503+0000] {processor.py:840} INFO - DAG(s) 'example_branch_labels' retrieved from /home/airflow/.local/lib/python3.8/site-packages/airflow/example_dags/example_branch_labels.py
[2024-02-07T14:52:13.525+0000] {logging_mixin.py:188} INFO - [2024-02-07T14:52:13.525+0000] {dag.py:3036} INFO - Sync 1 DAGs
[2024-02-07T14:52:13.550+0000] {logging_mixin.py:188} INFO - [2024-02-07T14:52:13.550+0000] {dag.py:3823} INFO - Setting next_dagrun for example_branch_labels to 2024-02-06 00:00:00+00:00, run_after=2024-02-07 00:00:00+00:00
[2024-02-07T14:52:13.568+0000] {processor.py:183} INFO - Processing /home/airflow/.local/lib/python3.8/site-packages/airflow/example_dags/example_branch_labels.py took 0.080 seconds
[2024-02-07T14:53:46.974+0000] {processor.py:161} INFO - Started process (PID=39) to work on /home/airflow/.local/lib/python3.8/site-packages/airflow/example_dags/example_branch_labels.py
[2024-02-07T14:53:46.975+0000] {processor.py:830} INFO - Processing file /home/airflow/.local/lib/python3.8/site-packages/airflow/example_dags/example_branch_labels.py for tasks to queue
[2024-02-07T14:53:46.976+0000] {logging_mixin.py:188} INFO - [2024-02-07T14:53:46.976+0000] {dagbag.py:538} INFO - Filling up the DagBag from /home/airflow/.local/lib/python3.8/site-packages/airflow/example_dags/example_branch_labels.py
[2024-02-07T14:53:46.987+0000] {processor.py:840} INFO - DAG(s) 'example_branch_labels' retrieved from /home/airflow/.local/lib/python3.8/site-packages/airflow/example_dags/example_branch_labels.py
[2024-02-07T14:53:47.000+0000] {logging_mixin.py:188} INFO - [2024-02-07T14:53:47.000+0000] {dag.py:3036} INFO - Sync 1 DAGs
[2024-02-07T14:53:47.025+0000] {logging_mixin.py:188} INFO - [2024-02-07T14:53:47.024+0000] {dag.py:3823} INFO - Setting next_dagrun for example_branch_labels to 2024-02-06 00:00:00+00:00, run_after=2024-02-07 00:00:00+00:00
[2024-02-07T14:53:47.043+0000] {processor.py:183} INFO - Processing /home/airflow/.local/lib/python3.8/site-packages/airflow/example_dags/example_branch_labels.py took 0.072 seconds
[2024-02-07T14:54:17.415+0000] {processor.py:161} INFO - Started process (PID=93) to work on /home/airflow/.local/lib/python3.8/site-packages/airflow/example_dags/example_branch_labels.py
[2024-02-07T14:54:17.417+0000] {processor.py:830} INFO - Processing file /home/airflow/.local/lib/python3.8/site-packages/airflow/example_dags/example_branch_labels.py for tasks to queue
[2024-02-07T14:54:17.421+0000] {logging_mixin.py:188} INFO - [2024-02-07T14:54:17.420+0000] {dagbag.py:538} INFO - Filling up the DagBag from /home/airflow/.local/lib/python3.8/site-packages/airflow/example_dags/example_branch_labels.py
[2024-02-07T14:54:17.433+0000] {processor.py:840} INFO - DAG(s) 'example_branch_labels' retrieved from /home/airflow/.local/lib/python3.8/site-packages/airflow/example_dags/example_branch_labels.py
[2024-02-07T14:54:17.589+0000] {logging_mixin.py:188} INFO - [2024-02-07T14:54:17.589+0000] {dag.py:3036} INFO - Sync 1 DAGs
[2024-02-07T14:54:17.614+0000] {logging_mixin.py:188} INFO - [2024-02-07T14:54:17.614+0000] {dag.py:3823} INFO - Setting next_dagrun for example_branch_labels to 2024-02-06 00:00:00+00:00, run_after=2024-02-07 00:00:00+00:00
[2024-02-07T14:54:17.637+0000] {processor.py:183} INFO - Processing /home/airflow/.local/lib/python3.8/site-packages/airflow/example_dags/example_branch_labels.py took 0.227 seconds
[2024-02-07T14:54:47.818+0000] {processor.py:161} INFO - Started process (PID=150) to work on /home/airflow/.local/lib/python3.8/site-packages/airflow/example_dags/example_branch_labels.py
[2024-02-07T14:54:47.819+0000] {processor.py:830} INFO - Processing file /home/airflow/.local/lib/python3.8/site-packages/airflow/example_dags/example_branch_labels.py for tasks to queue
[2024-02-07T14:54:47.820+0000] {logging_mixin.py:188} INFO - [2024-02-07T14:54:47.820+0000] {dagbag.py:538} INFO - Filling up the DagBag from /home/airflow/.local/lib/python3.8/site-packages/airflow/example_dags/example_branch_labels.py
[2024-02-07T14:54:47.828+0000] {processor.py:840} INFO - DAG(s) 'example_branch_labels' retrieved from /home/airflow/.local/lib/python3.8/site-packages/airflow/example_dags/example_branch_labels.py
[2024-02-07T14:54:47.849+0000] {logging_mixin.py:188} INFO - [2024-02-07T14:54:47.849+0000] {dag.py:3036} INFO - Sync 1 DAGs
[2024-02-07T14:54:47.872+0000] {logging_mixin.py:188} INFO - [2024-02-07T14:54:47.872+0000] {dag.py:3823} INFO - Setting next_dagrun for example_branch_labels to 2024-02-06 00:00:00+00:00, run_after=2024-02-07 00:00:00+00:00
[2024-02-07T14:54:47.890+0000] {processor.py:183} INFO - Processing /home/airflow/.local/lib/python3.8/site-packages/airflow/example_dags/example_branch_labels.py took 0.075 seconds
[2024-02-07T15:05:08.734+0000] {processor.py:161} INFO - Started process (PID=40) to work on /home/airflow/.local/lib/python3.8/site-packages/airflow/example_dags/example_branch_labels.py
[2024-02-07T15:05:08.736+0000] {processor.py:830} INFO - Processing file /home/airflow/.local/lib/python3.8/site-packages/airflow/example_dags/example_branch_labels.py for tasks to queue
[2024-02-07T15:05:08.738+0000] {logging_mixin.py:188} INFO - [2024-02-07T15:05:08.737+0000] {dagbag.py:538} INFO - Filling up the DagBag from /home/airflow/.local/lib/python3.8/site-packages/airflow/example_dags/example_branch_labels.py
[2024-02-07T15:05:08.751+0000] {processor.py:840} INFO - DAG(s) 'example_branch_labels' retrieved from /home/airflow/.local/lib/python3.8/site-packages/airflow/example_dags/example_branch_labels.py
[2024-02-07T15:05:08.765+0000] {logging_mixin.py:188} INFO - [2024-02-07T15:05:08.765+0000] {dag.py:3036} INFO - Sync 1 DAGs
[2024-02-07T15:05:08.803+0000] {logging_mixin.py:188} INFO - [2024-02-07T15:05:08.803+0000] {dag.py:3823} INFO - Setting next_dagrun for example_branch_labels to 2024-02-06 00:00:00+00:00, run_after=2024-02-07 00:00:00+00:00
[2024-02-07T15:05:08.833+0000] {processor.py:183} INFO - Processing /home/airflow/.local/lib/python3.8/site-packages/airflow/example_dags/example_branch_labels.py took 0.102 seconds
[2024-02-07T15:05:38.902+0000] {processor.py:161} INFO - Started process (PID=95) to work on /home/airflow/.local/lib/python3.8/site-packages/airflow/example_dags/example_branch_labels.py
[2024-02-07T15:05:38.902+0000] {processor.py:830} INFO - Processing file /home/airflow/.local/lib/python3.8/site-packages/airflow/example_dags/example_branch_labels.py for tasks to queue
[2024-02-07T15:05:38.904+0000] {logging_mixin.py:188} INFO - [2024-02-07T15:05:38.904+0000] {dagbag.py:538} INFO - Filling up the DagBag from /home/airflow/.local/lib/python3.8/site-packages/airflow/example_dags/example_branch_labels.py
[2024-02-07T15:05:38.915+0000] {processor.py:840} INFO - DAG(s) 'example_branch_labels' retrieved from /home/airflow/.local/lib/python3.8/site-packages/airflow/example_dags/example_branch_labels.py
[2024-02-07T15:05:39.053+0000] {logging_mixin.py:188} INFO - [2024-02-07T15:05:39.053+0000] {dag.py:3036} INFO - Sync 1 DAGs
[2024-02-07T15:05:39.083+0000] {logging_mixin.py:188} INFO - [2024-02-07T15:05:39.083+0000] {dag.py:3823} INFO - Setting next_dagrun for example_branch_labels to 2024-02-06 00:00:00+00:00, run_after=2024-02-07 00:00:00+00:00
[2024-02-07T15:05:39.105+0000] {processor.py:183} INFO - Processing /home/airflow/.local/lib/python3.8/site-packages/airflow/example_dags/example_branch_labels.py took 0.207 seconds
[2024-02-07T15:07:15.336+0000] {processor.py:161} INFO - Started process (PID=40) to work on /home/airflow/.local/lib/python3.8/site-packages/airflow/example_dags/example_branch_labels.py
[2024-02-07T15:07:15.337+0000] {processor.py:830} INFO - Processing file /home/airflow/.local/lib/python3.8/site-packages/airflow/example_dags/example_branch_labels.py for tasks to queue
[2024-02-07T15:07:15.339+0000] {logging_mixin.py:188} INFO - [2024-02-07T15:07:15.338+0000] {dagbag.py:538} INFO - Filling up the DagBag from /home/airflow/.local/lib/python3.8/site-packages/airflow/example_dags/example_branch_labels.py
[2024-02-07T15:07:15.353+0000] {processor.py:840} INFO - DAG(s) 'example_branch_labels' retrieved from /home/airflow/.local/lib/python3.8/site-packages/airflow/example_dags/example_branch_labels.py
[2024-02-07T15:07:15.370+0000] {logging_mixin.py:188} INFO - [2024-02-07T15:07:15.369+0000] {dag.py:3036} INFO - Sync 1 DAGs
[2024-02-07T15:07:15.415+0000] {logging_mixin.py:188} INFO - [2024-02-07T15:07:15.415+0000] {dag.py:3823} INFO - Setting next_dagrun for example_branch_labels to 2024-02-06 00:00:00+00:00, run_after=2024-02-07 00:00:00+00:00
[2024-02-07T15:07:15.449+0000] {processor.py:183} INFO - Processing /home/airflow/.local/lib/python3.8/site-packages/airflow/example_dags/example_branch_labels.py took 0.117 seconds
[2024-02-07T15:07:45.544+0000] {processor.py:161} INFO - Started process (PID=95) to work on /home/airflow/.local/lib/python3.8/site-packages/airflow/example_dags/example_branch_labels.py
[2024-02-07T15:07:45.545+0000] {processor.py:830} INFO - Processing file /home/airflow/.local/lib/python3.8/site-packages/airflow/example_dags/example_branch_labels.py for tasks to queue
[2024-02-07T15:07:45.547+0000] {logging_mixin.py:188} INFO - [2024-02-07T15:07:45.547+0000] {dagbag.py:538} INFO - Filling up the DagBag from /home/airflow/.local/lib/python3.8/site-packages/airflow/example_dags/example_branch_labels.py
[2024-02-07T15:07:45.558+0000] {processor.py:840} INFO - DAG(s) 'example_branch_labels' retrieved from /home/airflow/.local/lib/python3.8/site-packages/airflow/example_dags/example_branch_labels.py
[2024-02-07T15:07:45.686+0000] {logging_mixin.py:188} INFO - [2024-02-07T15:07:45.686+0000] {dag.py:3036} INFO - Sync 1 DAGs
[2024-02-07T15:07:45.723+0000] {logging_mixin.py:188} INFO - [2024-02-07T15:07:45.722+0000] {dag.py:3823} INFO - Setting next_dagrun for example_branch_labels to 2024-02-06 00:00:00+00:00, run_after=2024-02-07 00:00:00+00:00
[2024-02-07T15:07:45.756+0000] {processor.py:183} INFO - Processing /home/airflow/.local/lib/python3.8/site-packages/airflow/example_dags/example_branch_labels.py took 0.217 seconds
[2024-02-07T15:08:16.673+0000] {processor.py:161} INFO - Started process (PID=152) to work on /home/airflow/.local/lib/python3.8/site-packages/airflow/example_dags/example_branch_labels.py
[2024-02-07T15:08:16.674+0000] {processor.py:830} INFO - Processing file /home/airflow/.local/lib/python3.8/site-packages/airflow/example_dags/example_branch_labels.py for tasks to queue
[2024-02-07T15:08:16.676+0000] {logging_mixin.py:188} INFO - [2024-02-07T15:08:16.676+0000] {dagbag.py:538} INFO - Filling up the DagBag from /home/airflow/.local/lib/python3.8/site-packages/airflow/example_dags/example_branch_labels.py
[2024-02-07T15:08:16.686+0000] {processor.py:840} INFO - DAG(s) 'example_branch_labels' retrieved from /home/airflow/.local/lib/python3.8/site-packages/airflow/example_dags/example_branch_labels.py
[2024-02-07T15:08:16.709+0000] {logging_mixin.py:188} INFO - [2024-02-07T15:08:16.709+0000] {dag.py:3036} INFO - Sync 1 DAGs
[2024-02-07T15:08:16.733+0000] {logging_mixin.py:188} INFO - [2024-02-07T15:08:16.732+0000] {dag.py:3823} INFO - Setting next_dagrun for example_branch_labels to 2024-02-06 00:00:00+00:00, run_after=2024-02-07 00:00:00+00:00
[2024-02-07T15:08:16.750+0000] {processor.py:183} INFO - Processing /home/airflow/.local/lib/python3.8/site-packages/airflow/example_dags/example_branch_labels.py took 0.081 seconds
[2024-02-07T15:08:46.950+0000] {processor.py:161} INFO - Started process (PID=209) to work on /home/airflow/.local/lib/python3.8/site-packages/airflow/example_dags/example_branch_labels.py
[2024-02-07T15:08:46.951+0000] {processor.py:830} INFO - Processing file /home/airflow/.local/lib/python3.8/site-packages/airflow/example_dags/example_branch_labels.py for tasks to queue
[2024-02-07T15:08:46.952+0000] {logging_mixin.py:188} INFO - [2024-02-07T15:08:46.952+0000] {dagbag.py:538} INFO - Filling up the DagBag from /home/airflow/.local/lib/python3.8/site-packages/airflow/example_dags/example_branch_labels.py
[2024-02-07T15:08:46.962+0000] {processor.py:840} INFO - DAG(s) 'example_branch_labels' retrieved from /home/airflow/.local/lib/python3.8/site-packages/airflow/example_dags/example_branch_labels.py
[2024-02-07T15:08:46.984+0000] {logging_mixin.py:188} INFO - [2024-02-07T15:08:46.984+0000] {dag.py:3036} INFO - Sync 1 DAGs
[2024-02-07T15:08:47.006+0000] {logging_mixin.py:188} INFO - [2024-02-07T15:08:47.006+0000] {dag.py:3823} INFO - Setting next_dagrun for example_branch_labels to 2024-02-06 00:00:00+00:00, run_after=2024-02-07 00:00:00+00:00
[2024-02-07T15:08:47.025+0000] {processor.py:183} INFO - Processing /home/airflow/.local/lib/python3.8/site-packages/airflow/example_dags/example_branch_labels.py took 0.080 seconds
[2024-02-07T15:09:17.166+0000] {processor.py:161} INFO - Started process (PID=266) to work on /home/airflow/.local/lib/python3.8/site-packages/airflow/example_dags/example_branch_labels.py
[2024-02-07T15:09:17.167+0000] {processor.py:830} INFO - Processing file /home/airflow/.local/lib/python3.8/site-packages/airflow/example_dags/example_branch_labels.py for tasks to queue
[2024-02-07T15:09:17.169+0000] {logging_mixin.py:188} INFO - [2024-02-07T15:09:17.169+0000] {dagbag.py:538} INFO - Filling up the DagBag from /home/airflow/.local/lib/python3.8/site-packages/airflow/example_dags/example_branch_labels.py
[2024-02-07T15:09:17.177+0000] {processor.py:840} INFO - DAG(s) 'example_branch_labels' retrieved from /home/airflow/.local/lib/python3.8/site-packages/airflow/example_dags/example_branch_labels.py
[2024-02-07T15:09:17.204+0000] {logging_mixin.py:188} INFO - [2024-02-07T15:09:17.204+0000] {dag.py:3036} INFO - Sync 1 DAGs
[2024-02-07T15:09:17.227+0000] {logging_mixin.py:188} INFO - [2024-02-07T15:09:17.226+0000] {dag.py:3823} INFO - Setting next_dagrun for example_branch_labels to 2024-02-06 00:00:00+00:00, run_after=2024-02-07 00:00:00+00:00
[2024-02-07T15:09:17.245+0000] {processor.py:183} INFO - Processing /home/airflow/.local/lib/python3.8/site-packages/airflow/example_dags/example_branch_labels.py took 0.082 seconds
[2024-02-07T15:57:14.394+0000] {processor.py:161} INFO - Started process (PID=40) to work on /home/airflow/.local/lib/python3.8/site-packages/airflow/example_dags/example_branch_labels.py
[2024-02-07T15:57:14.394+0000] {processor.py:830} INFO - Processing file /home/airflow/.local/lib/python3.8/site-packages/airflow/example_dags/example_branch_labels.py for tasks to queue
[2024-02-07T15:57:14.396+0000] {logging_mixin.py:188} INFO - [2024-02-07T15:57:14.396+0000] {dagbag.py:538} INFO - Filling up the DagBag from /home/airflow/.local/lib/python3.8/site-packages/airflow/example_dags/example_branch_labels.py
[2024-02-07T15:57:14.407+0000] {processor.py:840} INFO - DAG(s) 'example_branch_labels' retrieved from /home/airflow/.local/lib/python3.8/site-packages/airflow/example_dags/example_branch_labels.py
[2024-02-07T15:57:14.420+0000] {logging_mixin.py:188} INFO - [2024-02-07T15:57:14.420+0000] {dag.py:3036} INFO - Sync 1 DAGs
[2024-02-07T15:57:14.454+0000] {logging_mixin.py:188} INFO - [2024-02-07T15:57:14.454+0000] {dag.py:3823} INFO - Setting next_dagrun for example_branch_labels to 2024-02-06 00:00:00+00:00, run_after=2024-02-07 00:00:00+00:00
[2024-02-07T15:57:14.479+0000] {processor.py:183} INFO - Processing /home/airflow/.local/lib/python3.8/site-packages/airflow/example_dags/example_branch_labels.py took 0.089 seconds
[2024-02-07T15:57:44.684+0000] {processor.py:161} INFO - Started process (PID=95) to work on /home/airflow/.local/lib/python3.8/site-packages/airflow/example_dags/example_branch_labels.py
[2024-02-07T15:57:44.685+0000] {processor.py:830} INFO - Processing file /home/airflow/.local/lib/python3.8/site-packages/airflow/example_dags/example_branch_labels.py for tasks to queue
[2024-02-07T15:57:44.688+0000] {logging_mixin.py:188} INFO - [2024-02-07T15:57:44.687+0000] {dagbag.py:538} INFO - Filling up the DagBag from /home/airflow/.local/lib/python3.8/site-packages/airflow/example_dags/example_branch_labels.py
[2024-02-07T15:57:44.701+0000] {processor.py:840} INFO - DAG(s) 'example_branch_labels' retrieved from /home/airflow/.local/lib/python3.8/site-packages/airflow/example_dags/example_branch_labels.py
[2024-02-07T15:57:44.822+0000] {logging_mixin.py:188} INFO - [2024-02-07T15:57:44.821+0000] {dag.py:3036} INFO - Sync 1 DAGs
[2024-02-07T15:57:44.842+0000] {logging_mixin.py:188} INFO - [2024-02-07T15:57:44.841+0000] {dag.py:3823} INFO - Setting next_dagrun for example_branch_labels to 2024-02-06 00:00:00+00:00, run_after=2024-02-07 00:00:00+00:00
[2024-02-07T15:57:44.861+0000] {processor.py:183} INFO - Processing /home/airflow/.local/lib/python3.8/site-packages/airflow/example_dags/example_branch_labels.py took 0.180 seconds
[2024-02-07T15:58:15.384+0000] {processor.py:161} INFO - Started process (PID=152) to work on /home/airflow/.local/lib/python3.8/site-packages/airflow/example_dags/example_branch_labels.py
[2024-02-07T15:58:15.385+0000] {processor.py:830} INFO - Processing file /home/airflow/.local/lib/python3.8/site-packages/airflow/example_dags/example_branch_labels.py for tasks to queue
[2024-02-07T15:58:15.387+0000] {logging_mixin.py:188} INFO - [2024-02-07T15:58:15.387+0000] {dagbag.py:538} INFO - Filling up the DagBag from /home/airflow/.local/lib/python3.8/site-packages/airflow/example_dags/example_branch_labels.py
[2024-02-07T15:58:15.395+0000] {processor.py:840} INFO - DAG(s) 'example_branch_labels' retrieved from /home/airflow/.local/lib/python3.8/site-packages/airflow/example_dags/example_branch_labels.py
[2024-02-07T15:58:15.420+0000] {logging_mixin.py:188} INFO - [2024-02-07T15:58:15.419+0000] {dag.py:3036} INFO - Sync 1 DAGs
[2024-02-07T15:58:15.446+0000] {logging_mixin.py:188} INFO - [2024-02-07T15:58:15.445+0000] {dag.py:3823} INFO - Setting next_dagrun for example_branch_labels to 2024-02-06 00:00:00+00:00, run_after=2024-02-07 00:00:00+00:00
[2024-02-07T15:58:15.463+0000] {processor.py:183} INFO - Processing /home/airflow/.local/lib/python3.8/site-packages/airflow/example_dags/example_branch_labels.py took 0.082 seconds
[2024-02-07T16:10:50.839+0000] {processor.py:161} INFO - Started process (PID=40) to work on /home/airflow/.local/lib/python3.8/site-packages/airflow/example_dags/example_branch_labels.py
[2024-02-07T16:10:50.840+0000] {processor.py:830} INFO - Processing file /home/airflow/.local/lib/python3.8/site-packages/airflow/example_dags/example_branch_labels.py for tasks to queue
[2024-02-07T16:10:50.842+0000] {logging_mixin.py:188} INFO - [2024-02-07T16:10:50.841+0000] {dagbag.py:538} INFO - Filling up the DagBag from /home/airflow/.local/lib/python3.8/site-packages/airflow/example_dags/example_branch_labels.py
[2024-02-07T16:10:50.853+0000] {processor.py:840} INFO - DAG(s) 'example_branch_labels' retrieved from /home/airflow/.local/lib/python3.8/site-packages/airflow/example_dags/example_branch_labels.py
[2024-02-07T16:10:50.867+0000] {logging_mixin.py:188} INFO - [2024-02-07T16:10:50.866+0000] {dag.py:3036} INFO - Sync 1 DAGs
[2024-02-07T16:10:50.903+0000] {logging_mixin.py:188} INFO - [2024-02-07T16:10:50.903+0000] {dag.py:3823} INFO - Setting next_dagrun for example_branch_labels to 2024-02-06 00:00:00+00:00, run_after=2024-02-07 00:00:00+00:00
[2024-02-07T16:10:50.927+0000] {processor.py:183} INFO - Processing /home/airflow/.local/lib/python3.8/site-packages/airflow/example_dags/example_branch_labels.py took 0.091 seconds
[2024-02-07T16:11:21.026+0000] {processor.py:161} INFO - Started process (PID=95) to work on /home/airflow/.local/lib/python3.8/site-packages/airflow/example_dags/example_branch_labels.py
[2024-02-07T16:11:21.028+0000] {processor.py:830} INFO - Processing file /home/airflow/.local/lib/python3.8/site-packages/airflow/example_dags/example_branch_labels.py for tasks to queue
[2024-02-07T16:11:21.031+0000] {logging_mixin.py:188} INFO - [2024-02-07T16:11:21.031+0000] {dagbag.py:538} INFO - Filling up the DagBag from /home/airflow/.local/lib/python3.8/site-packages/airflow/example_dags/example_branch_labels.py
[2024-02-07T16:11:21.046+0000] {processor.py:840} INFO - DAG(s) 'example_branch_labels' retrieved from /home/airflow/.local/lib/python3.8/site-packages/airflow/example_dags/example_branch_labels.py
[2024-02-07T16:11:21.206+0000] {logging_mixin.py:188} INFO - [2024-02-07T16:11:21.206+0000] {dag.py:3036} INFO - Sync 1 DAGs
[2024-02-07T16:11:21.241+0000] {logging_mixin.py:188} INFO - [2024-02-07T16:11:21.241+0000] {dag.py:3823} INFO - Setting next_dagrun for example_branch_labels to 2024-02-06 00:00:00+00:00, run_after=2024-02-07 00:00:00+00:00
[2024-02-07T16:11:21.271+0000] {processor.py:183} INFO - Processing /home/airflow/.local/lib/python3.8/site-packages/airflow/example_dags/example_branch_labels.py took 0.251 seconds
[2024-02-07T16:11:51.785+0000] {processor.py:161} INFO - Started process (PID=152) to work on /home/airflow/.local/lib/python3.8/site-packages/airflow/example_dags/example_branch_labels.py
[2024-02-07T16:11:51.786+0000] {processor.py:830} INFO - Processing file /home/airflow/.local/lib/python3.8/site-packages/airflow/example_dags/example_branch_labels.py for tasks to queue
[2024-02-07T16:11:51.787+0000] {logging_mixin.py:188} INFO - [2024-02-07T16:11:51.787+0000] {dagbag.py:538} INFO - Filling up the DagBag from /home/airflow/.local/lib/python3.8/site-packages/airflow/example_dags/example_branch_labels.py
[2024-02-07T16:11:51.795+0000] {processor.py:840} INFO - DAG(s) 'example_branch_labels' retrieved from /home/airflow/.local/lib/python3.8/site-packages/airflow/example_dags/example_branch_labels.py
[2024-02-07T16:11:51.815+0000] {logging_mixin.py:188} INFO - [2024-02-07T16:11:51.815+0000] {dag.py:3036} INFO - Sync 1 DAGs
[2024-02-07T16:11:51.838+0000] {logging_mixin.py:188} INFO - [2024-02-07T16:11:51.838+0000] {dag.py:3823} INFO - Setting next_dagrun for example_branch_labels to 2024-02-06 00:00:00+00:00, run_after=2024-02-07 00:00:00+00:00
[2024-02-07T16:11:51.856+0000] {processor.py:183} INFO - Processing /home/airflow/.local/lib/python3.8/site-packages/airflow/example_dags/example_branch_labels.py took 0.074 seconds
[2024-02-07T16:12:22.341+0000] {processor.py:161} INFO - Started process (PID=209) to work on /home/airflow/.local/lib/python3.8/site-packages/airflow/example_dags/example_branch_labels.py
[2024-02-07T16:12:22.342+0000] {processor.py:830} INFO - Processing file /home/airflow/.local/lib/python3.8/site-packages/airflow/example_dags/example_branch_labels.py for tasks to queue
[2024-02-07T16:12:22.343+0000] {logging_mixin.py:188} INFO - [2024-02-07T16:12:22.343+0000] {dagbag.py:538} INFO - Filling up the DagBag from /home/airflow/.local/lib/python3.8/site-packages/airflow/example_dags/example_branch_labels.py
[2024-02-07T16:12:22.351+0000] {processor.py:840} INFO - DAG(s) 'example_branch_labels' retrieved from /home/airflow/.local/lib/python3.8/site-packages/airflow/example_dags/example_branch_labels.py
[2024-02-07T16:12:22.376+0000] {logging_mixin.py:188} INFO - [2024-02-07T16:12:22.376+0000] {dag.py:3036} INFO - Sync 1 DAGs
[2024-02-07T16:12:22.411+0000] {logging_mixin.py:188} INFO - [2024-02-07T16:12:22.410+0000] {dag.py:3823} INFO - Setting next_dagrun for example_branch_labels to 2024-02-06 00:00:00+00:00, run_after=2024-02-07 00:00:00+00:00
[2024-02-07T16:12:22.428+0000] {processor.py:183} INFO - Processing /home/airflow/.local/lib/python3.8/site-packages/airflow/example_dags/example_branch_labels.py took 0.090 seconds
[2024-02-07T16:12:52.568+0000] {processor.py:161} INFO - Started process (PID=266) to work on /home/airflow/.local/lib/python3.8/site-packages/airflow/example_dags/example_branch_labels.py
[2024-02-07T16:12:52.569+0000] {processor.py:830} INFO - Processing file /home/airflow/.local/lib/python3.8/site-packages/airflow/example_dags/example_branch_labels.py for tasks to queue
[2024-02-07T16:12:52.570+0000] {logging_mixin.py:188} INFO - [2024-02-07T16:12:52.570+0000] {dagbag.py:538} INFO - Filling up the DagBag from /home/airflow/.local/lib/python3.8/site-packages/airflow/example_dags/example_branch_labels.py
[2024-02-07T16:12:52.578+0000] {processor.py:840} INFO - DAG(s) 'example_branch_labels' retrieved from /home/airflow/.local/lib/python3.8/site-packages/airflow/example_dags/example_branch_labels.py
[2024-02-07T16:12:52.598+0000] {logging_mixin.py:188} INFO - [2024-02-07T16:12:52.598+0000] {dag.py:3036} INFO - Sync 1 DAGs
[2024-02-07T16:12:52.621+0000] {logging_mixin.py:188} INFO - [2024-02-07T16:12:52.621+0000] {dag.py:3823} INFO - Setting next_dagrun for example_branch_labels to 2024-02-06 00:00:00+00:00, run_after=2024-02-07 00:00:00+00:00
[2024-02-07T16:12:52.639+0000] {processor.py:183} INFO - Processing /home/airflow/.local/lib/python3.8/site-packages/airflow/example_dags/example_branch_labels.py took 0.074 seconds
[2024-02-07T16:13:22.774+0000] {processor.py:161} INFO - Started process (PID=323) to work on /home/airflow/.local/lib/python3.8/site-packages/airflow/example_dags/example_branch_labels.py
[2024-02-07T16:13:22.775+0000] {processor.py:830} INFO - Processing file /home/airflow/.local/lib/python3.8/site-packages/airflow/example_dags/example_branch_labels.py for tasks to queue
[2024-02-07T16:13:22.776+0000] {logging_mixin.py:188} INFO - [2024-02-07T16:13:22.776+0000] {dagbag.py:538} INFO - Filling up the DagBag from /home/airflow/.local/lib/python3.8/site-packages/airflow/example_dags/example_branch_labels.py
[2024-02-07T16:13:22.784+0000] {processor.py:840} INFO - DAG(s) 'example_branch_labels' retrieved from /home/airflow/.local/lib/python3.8/site-packages/airflow/example_dags/example_branch_labels.py
[2024-02-07T16:13:22.804+0000] {logging_mixin.py:188} INFO - [2024-02-07T16:13:22.804+0000] {dag.py:3036} INFO - Sync 1 DAGs
[2024-02-07T16:13:22.827+0000] {logging_mixin.py:188} INFO - [2024-02-07T16:13:22.827+0000] {dag.py:3823} INFO - Setting next_dagrun for example_branch_labels to 2024-02-06 00:00:00+00:00, run_after=2024-02-07 00:00:00+00:00
[2024-02-07T16:13:22.845+0000] {processor.py:183} INFO - Processing /home/airflow/.local/lib/python3.8/site-packages/airflow/example_dags/example_branch_labels.py took 0.075 seconds
[2024-02-07T16:13:53.259+0000] {processor.py:161} INFO - Started process (PID=380) to work on /home/airflow/.local/lib/python3.8/site-packages/airflow/example_dags/example_branch_labels.py
[2024-02-07T16:13:53.260+0000] {processor.py:830} INFO - Processing file /home/airflow/.local/lib/python3.8/site-packages/airflow/example_dags/example_branch_labels.py for tasks to queue
[2024-02-07T16:13:53.262+0000] {logging_mixin.py:188} INFO - [2024-02-07T16:13:53.262+0000] {dagbag.py:538} INFO - Filling up the DagBag from /home/airflow/.local/lib/python3.8/site-packages/airflow/example_dags/example_branch_labels.py
[2024-02-07T16:13:53.269+0000] {processor.py:840} INFO - DAG(s) 'example_branch_labels' retrieved from /home/airflow/.local/lib/python3.8/site-packages/airflow/example_dags/example_branch_labels.py
[2024-02-07T16:13:53.289+0000] {logging_mixin.py:188} INFO - [2024-02-07T16:13:53.289+0000] {dag.py:3036} INFO - Sync 1 DAGs
[2024-02-07T16:13:53.311+0000] {logging_mixin.py:188} INFO - [2024-02-07T16:13:53.311+0000] {dag.py:3823} INFO - Setting next_dagrun for example_branch_labels to 2024-02-06 00:00:00+00:00, run_after=2024-02-07 00:00:00+00:00
[2024-02-07T16:13:53.328+0000] {processor.py:183} INFO - Processing /home/airflow/.local/lib/python3.8/site-packages/airflow/example_dags/example_branch_labels.py took 0.072 seconds
[2024-02-07T16:14:23.416+0000] {processor.py:161} INFO - Started process (PID=437) to work on /home/airflow/.local/lib/python3.8/site-packages/airflow/example_dags/example_branch_labels.py
[2024-02-07T16:14:23.417+0000] {processor.py:830} INFO - Processing file /home/airflow/.local/lib/python3.8/site-packages/airflow/example_dags/example_branch_labels.py for tasks to queue
[2024-02-07T16:14:23.419+0000] {logging_mixin.py:188} INFO - [2024-02-07T16:14:23.419+0000] {dagbag.py:538} INFO - Filling up the DagBag from /home/airflow/.local/lib/python3.8/site-packages/airflow/example_dags/example_branch_labels.py
[2024-02-07T16:14:23.429+0000] {processor.py:840} INFO - DAG(s) 'example_branch_labels' retrieved from /home/airflow/.local/lib/python3.8/site-packages/airflow/example_dags/example_branch_labels.py
[2024-02-07T16:14:23.454+0000] {logging_mixin.py:188} INFO - [2024-02-07T16:14:23.454+0000] {dag.py:3036} INFO - Sync 1 DAGs
[2024-02-07T16:14:23.478+0000] {logging_mixin.py:188} INFO - [2024-02-07T16:14:23.478+0000] {dag.py:3823} INFO - Setting next_dagrun for example_branch_labels to 2024-02-06 00:00:00+00:00, run_after=2024-02-07 00:00:00+00:00
[2024-02-07T16:14:23.495+0000] {processor.py:183} INFO - Processing /home/airflow/.local/lib/python3.8/site-packages/airflow/example_dags/example_branch_labels.py took 0.083 seconds
[2024-02-07T16:14:53.575+0000] {processor.py:161} INFO - Started process (PID=494) to work on /home/airflow/.local/lib/python3.8/site-packages/airflow/example_dags/example_branch_labels.py
[2024-02-07T16:14:53.576+0000] {processor.py:830} INFO - Processing file /home/airflow/.local/lib/python3.8/site-packages/airflow/example_dags/example_branch_labels.py for tasks to queue
[2024-02-07T16:14:53.578+0000] {logging_mixin.py:188} INFO - [2024-02-07T16:14:53.577+0000] {dagbag.py:538} INFO - Filling up the DagBag from /home/airflow/.local/lib/python3.8/site-packages/airflow/example_dags/example_branch_labels.py
[2024-02-07T16:14:53.585+0000] {processor.py:840} INFO - DAG(s) 'example_branch_labels' retrieved from /home/airflow/.local/lib/python3.8/site-packages/airflow/example_dags/example_branch_labels.py
[2024-02-07T16:14:53.612+0000] {logging_mixin.py:188} INFO - [2024-02-07T16:14:53.612+0000] {dag.py:3036} INFO - Sync 1 DAGs
[2024-02-07T16:14:53.646+0000] {logging_mixin.py:188} INFO - [2024-02-07T16:14:53.646+0000] {dag.py:3823} INFO - Setting next_dagrun for example_branch_labels to 2024-02-06 00:00:00+00:00, run_after=2024-02-07 00:00:00+00:00
[2024-02-07T16:14:53.667+0000] {processor.py:183} INFO - Processing /home/airflow/.local/lib/python3.8/site-packages/airflow/example_dags/example_branch_labels.py took 0.095 seconds
[2024-02-07T16:23:23.640+0000] {processor.py:161} INFO - Started process (PID=40) to work on /home/airflow/.local/lib/python3.8/site-packages/airflow/example_dags/example_branch_labels.py
[2024-02-07T16:23:23.641+0000] {processor.py:830} INFO - Processing file /home/airflow/.local/lib/python3.8/site-packages/airflow/example_dags/example_branch_labels.py for tasks to queue
[2024-02-07T16:23:23.643+0000] {logging_mixin.py:188} INFO - [2024-02-07T16:23:23.642+0000] {dagbag.py:538} INFO - Filling up the DagBag from /home/airflow/.local/lib/python3.8/site-packages/airflow/example_dags/example_branch_labels.py
[2024-02-07T16:23:23.654+0000] {processor.py:840} INFO - DAG(s) 'example_branch_labels' retrieved from /home/airflow/.local/lib/python3.8/site-packages/airflow/example_dags/example_branch_labels.py
[2024-02-07T16:23:23.665+0000] {logging_mixin.py:188} INFO - [2024-02-07T16:23:23.665+0000] {dag.py:3036} INFO - Sync 1 DAGs
[2024-02-07T16:23:23.694+0000] {logging_mixin.py:188} INFO - [2024-02-07T16:23:23.693+0000] {dag.py:3823} INFO - Setting next_dagrun for example_branch_labels to 2024-02-06 00:00:00+00:00, run_after=2024-02-07 00:00:00+00:00
[2024-02-07T16:23:23.712+0000] {processor.py:183} INFO - Processing /home/airflow/.local/lib/python3.8/site-packages/airflow/example_dags/example_branch_labels.py took 0.075 seconds
[2024-02-07T16:23:53.777+0000] {processor.py:161} INFO - Started process (PID=95) to work on /home/airflow/.local/lib/python3.8/site-packages/airflow/example_dags/example_branch_labels.py
[2024-02-07T16:23:53.778+0000] {processor.py:830} INFO - Processing file /home/airflow/.local/lib/python3.8/site-packages/airflow/example_dags/example_branch_labels.py for tasks to queue
[2024-02-07T16:23:53.780+0000] {logging_mixin.py:188} INFO - [2024-02-07T16:23:53.780+0000] {dagbag.py:538} INFO - Filling up the DagBag from /home/airflow/.local/lib/python3.8/site-packages/airflow/example_dags/example_branch_labels.py
[2024-02-07T16:23:53.787+0000] {processor.py:840} INFO - DAG(s) 'example_branch_labels' retrieved from /home/airflow/.local/lib/python3.8/site-packages/airflow/example_dags/example_branch_labels.py
[2024-02-07T16:23:53.885+0000] {logging_mixin.py:188} INFO - [2024-02-07T16:23:53.885+0000] {dag.py:3036} INFO - Sync 1 DAGs
[2024-02-07T16:23:53.906+0000] {logging_mixin.py:188} INFO - [2024-02-07T16:23:53.906+0000] {dag.py:3823} INFO - Setting next_dagrun for example_branch_labels to 2024-02-06 00:00:00+00:00, run_after=2024-02-07 00:00:00+00:00
[2024-02-07T16:23:53.924+0000] {processor.py:183} INFO - Processing /home/airflow/.local/lib/python3.8/site-packages/airflow/example_dags/example_branch_labels.py took 0.150 seconds
[2024-02-07T16:24:24.191+0000] {processor.py:161} INFO - Started process (PID=152) to work on /home/airflow/.local/lib/python3.8/site-packages/airflow/example_dags/example_branch_labels.py
[2024-02-07T16:24:24.192+0000] {processor.py:830} INFO - Processing file /home/airflow/.local/lib/python3.8/site-packages/airflow/example_dags/example_branch_labels.py for tasks to queue
[2024-02-07T16:24:24.194+0000] {logging_mixin.py:188} INFO - [2024-02-07T16:24:24.194+0000] {dagbag.py:538} INFO - Filling up the DagBag from /home/airflow/.local/lib/python3.8/site-packages/airflow/example_dags/example_branch_labels.py
[2024-02-07T16:24:24.202+0000] {processor.py:840} INFO - DAG(s) 'example_branch_labels' retrieved from /home/airflow/.local/lib/python3.8/site-packages/airflow/example_dags/example_branch_labels.py
[2024-02-07T16:24:24.222+0000] {logging_mixin.py:188} INFO - [2024-02-07T16:24:24.222+0000] {dag.py:3036} INFO - Sync 1 DAGs
[2024-02-07T16:24:24.246+0000] {logging_mixin.py:188} INFO - [2024-02-07T16:24:24.246+0000] {dag.py:3823} INFO - Setting next_dagrun for example_branch_labels to 2024-02-06 00:00:00+00:00, run_after=2024-02-07 00:00:00+00:00
[2024-02-07T16:24:24.264+0000] {processor.py:183} INFO - Processing /home/airflow/.local/lib/python3.8/site-packages/airflow/example_dags/example_branch_labels.py took 0.076 seconds
[2024-02-07T16:24:54.351+0000] {processor.py:161} INFO - Started process (PID=209) to work on /home/airflow/.local/lib/python3.8/site-packages/airflow/example_dags/example_branch_labels.py
[2024-02-07T16:24:54.352+0000] {processor.py:830} INFO - Processing file /home/airflow/.local/lib/python3.8/site-packages/airflow/example_dags/example_branch_labels.py for tasks to queue
[2024-02-07T16:24:54.354+0000] {logging_mixin.py:188} INFO - [2024-02-07T16:24:54.353+0000] {dagbag.py:538} INFO - Filling up the DagBag from /home/airflow/.local/lib/python3.8/site-packages/airflow/example_dags/example_branch_labels.py
[2024-02-07T16:24:54.361+0000] {processor.py:840} INFO - DAG(s) 'example_branch_labels' retrieved from /home/airflow/.local/lib/python3.8/site-packages/airflow/example_dags/example_branch_labels.py
[2024-02-07T16:24:54.382+0000] {logging_mixin.py:188} INFO - [2024-02-07T16:24:54.382+0000] {dag.py:3036} INFO - Sync 1 DAGs
[2024-02-07T16:24:54.407+0000] {logging_mixin.py:188} INFO - [2024-02-07T16:24:54.406+0000] {dag.py:3823} INFO - Setting next_dagrun for example_branch_labels to 2024-02-06 00:00:00+00:00, run_after=2024-02-07 00:00:00+00:00
[2024-02-07T16:24:54.424+0000] {processor.py:183} INFO - Processing /home/airflow/.local/lib/python3.8/site-packages/airflow/example_dags/example_branch_labels.py took 0.076 seconds
[2024-02-07T16:25:24.646+0000] {processor.py:161} INFO - Started process (PID=266) to work on /home/airflow/.local/lib/python3.8/site-packages/airflow/example_dags/example_branch_labels.py
[2024-02-07T16:25:24.647+0000] {processor.py:830} INFO - Processing file /home/airflow/.local/lib/python3.8/site-packages/airflow/example_dags/example_branch_labels.py for tasks to queue
[2024-02-07T16:25:24.648+0000] {logging_mixin.py:188} INFO - [2024-02-07T16:25:24.648+0000] {dagbag.py:538} INFO - Filling up the DagBag from /home/airflow/.local/lib/python3.8/site-packages/airflow/example_dags/example_branch_labels.py
[2024-02-07T16:25:24.656+0000] {processor.py:840} INFO - DAG(s) 'example_branch_labels' retrieved from /home/airflow/.local/lib/python3.8/site-packages/airflow/example_dags/example_branch_labels.py
[2024-02-07T16:25:24.677+0000] {logging_mixin.py:188} INFO - [2024-02-07T16:25:24.677+0000] {dag.py:3036} INFO - Sync 1 DAGs
[2024-02-07T16:25:24.700+0000] {logging_mixin.py:188} INFO - [2024-02-07T16:25:24.699+0000] {dag.py:3823} INFO - Setting next_dagrun for example_branch_labels to 2024-02-06 00:00:00+00:00, run_after=2024-02-07 00:00:00+00:00
[2024-02-07T16:25:24.717+0000] {processor.py:183} INFO - Processing /home/airflow/.local/lib/python3.8/site-packages/airflow/example_dags/example_branch_labels.py took 0.075 seconds
[2024-02-07T16:25:54.834+0000] {processor.py:161} INFO - Started process (PID=323) to work on /home/airflow/.local/lib/python3.8/site-packages/airflow/example_dags/example_branch_labels.py
[2024-02-07T16:25:54.835+0000] {processor.py:830} INFO - Processing file /home/airflow/.local/lib/python3.8/site-packages/airflow/example_dags/example_branch_labels.py for tasks to queue
[2024-02-07T16:25:54.836+0000] {logging_mixin.py:188} INFO - [2024-02-07T16:25:54.836+0000] {dagbag.py:538} INFO - Filling up the DagBag from /home/airflow/.local/lib/python3.8/site-packages/airflow/example_dags/example_branch_labels.py
[2024-02-07T16:25:54.844+0000] {processor.py:840} INFO - DAG(s) 'example_branch_labels' retrieved from /home/airflow/.local/lib/python3.8/site-packages/airflow/example_dags/example_branch_labels.py
[2024-02-07T16:25:54.864+0000] {logging_mixin.py:188} INFO - [2024-02-07T16:25:54.864+0000] {dag.py:3036} INFO - Sync 1 DAGs
[2024-02-07T16:25:54.886+0000] {logging_mixin.py:188} INFO - [2024-02-07T16:25:54.885+0000] {dag.py:3823} INFO - Setting next_dagrun for example_branch_labels to 2024-02-06 00:00:00+00:00, run_after=2024-02-07 00:00:00+00:00
[2024-02-07T16:25:54.902+0000] {processor.py:183} INFO - Processing /home/airflow/.local/lib/python3.8/site-packages/airflow/example_dags/example_branch_labels.py took 0.072 seconds
[2024-02-07T16:48:19.995+0000] {processor.py:161} INFO - Started process (PID=39) to work on /home/airflow/.local/lib/python3.8/site-packages/airflow/example_dags/example_branch_labels.py
[2024-02-07T16:48:19.996+0000] {processor.py:830} INFO - Processing file /home/airflow/.local/lib/python3.8/site-packages/airflow/example_dags/example_branch_labels.py for tasks to queue
[2024-02-07T16:48:19.998+0000] {logging_mixin.py:188} INFO - [2024-02-07T16:48:19.998+0000] {dagbag.py:538} INFO - Filling up the DagBag from /home/airflow/.local/lib/python3.8/site-packages/airflow/example_dags/example_branch_labels.py
[2024-02-07T16:48:20.022+0000] {processor.py:840} INFO - DAG(s) 'example_branch_labels' retrieved from /home/airflow/.local/lib/python3.8/site-packages/airflow/example_dags/example_branch_labels.py
[2024-02-07T16:48:20.046+0000] {logging_mixin.py:188} INFO - [2024-02-07T16:48:20.046+0000] {dag.py:3036} INFO - Sync 1 DAGs
[2024-02-07T16:48:20.092+0000] {logging_mixin.py:188} INFO - [2024-02-07T16:48:20.091+0000] {dag.py:3823} INFO - Setting next_dagrun for example_branch_labels to 2024-02-06 00:00:00+00:00, run_after=2024-02-07 00:00:00+00:00
[2024-02-07T16:48:20.156+0000] {processor.py:183} INFO - Processing /home/airflow/.local/lib/python3.8/site-packages/airflow/example_dags/example_branch_labels.py took 0.165 seconds
[2024-02-07T16:48:50.333+0000] {processor.py:161} INFO - Started process (PID=94) to work on /home/airflow/.local/lib/python3.8/site-packages/airflow/example_dags/example_branch_labels.py
[2024-02-07T16:48:50.334+0000] {processor.py:830} INFO - Processing file /home/airflow/.local/lib/python3.8/site-packages/airflow/example_dags/example_branch_labels.py for tasks to queue
[2024-02-07T16:48:50.335+0000] {logging_mixin.py:188} INFO - [2024-02-07T16:48:50.335+0000] {dagbag.py:538} INFO - Filling up the DagBag from /home/airflow/.local/lib/python3.8/site-packages/airflow/example_dags/example_branch_labels.py
[2024-02-07T16:48:50.345+0000] {processor.py:840} INFO - DAG(s) 'example_branch_labels' retrieved from /home/airflow/.local/lib/python3.8/site-packages/airflow/example_dags/example_branch_labels.py
[2024-02-07T16:48:50.461+0000] {logging_mixin.py:188} INFO - [2024-02-07T16:48:50.460+0000] {dag.py:3036} INFO - Sync 1 DAGs
[2024-02-07T16:48:50.483+0000] {logging_mixin.py:188} INFO - [2024-02-07T16:48:50.483+0000] {dag.py:3823} INFO - Setting next_dagrun for example_branch_labels to 2024-02-06 00:00:00+00:00, run_after=2024-02-07 00:00:00+00:00
[2024-02-07T16:48:50.504+0000] {processor.py:183} INFO - Processing /home/airflow/.local/lib/python3.8/site-packages/airflow/example_dags/example_branch_labels.py took 0.174 seconds
[2024-02-07T16:49:20.896+0000] {processor.py:161} INFO - Started process (PID=151) to work on /home/airflow/.local/lib/python3.8/site-packages/airflow/example_dags/example_branch_labels.py
[2024-02-07T16:49:20.896+0000] {processor.py:830} INFO - Processing file /home/airflow/.local/lib/python3.8/site-packages/airflow/example_dags/example_branch_labels.py for tasks to queue
[2024-02-07T16:49:20.898+0000] {logging_mixin.py:188} INFO - [2024-02-07T16:49:20.898+0000] {dagbag.py:538} INFO - Filling up the DagBag from /home/airflow/.local/lib/python3.8/site-packages/airflow/example_dags/example_branch_labels.py
[2024-02-07T16:49:20.909+0000] {processor.py:840} INFO - DAG(s) 'example_branch_labels' retrieved from /home/airflow/.local/lib/python3.8/site-packages/airflow/example_dags/example_branch_labels.py
[2024-02-07T16:49:20.929+0000] {logging_mixin.py:188} INFO - [2024-02-07T16:49:20.929+0000] {dag.py:3036} INFO - Sync 1 DAGs
[2024-02-07T16:49:20.952+0000] {logging_mixin.py:188} INFO - [2024-02-07T16:49:20.952+0000] {dag.py:3823} INFO - Setting next_dagrun for example_branch_labels to 2024-02-06 00:00:00+00:00, run_after=2024-02-07 00:00:00+00:00
[2024-02-07T16:49:20.969+0000] {processor.py:183} INFO - Processing /home/airflow/.local/lib/python3.8/site-packages/airflow/example_dags/example_branch_labels.py took 0.076 seconds
[2024-02-07T16:49:51.047+0000] {processor.py:161} INFO - Started process (PID=209) to work on /home/airflow/.local/lib/python3.8/site-packages/airflow/example_dags/example_branch_labels.py
[2024-02-07T16:49:51.048+0000] {processor.py:830} INFO - Processing file /home/airflow/.local/lib/python3.8/site-packages/airflow/example_dags/example_branch_labels.py for tasks to queue
[2024-02-07T16:49:51.050+0000] {logging_mixin.py:188} INFO - [2024-02-07T16:49:51.049+0000] {dagbag.py:538} INFO - Filling up the DagBag from /home/airflow/.local/lib/python3.8/site-packages/airflow/example_dags/example_branch_labels.py
[2024-02-07T16:49:51.057+0000] {processor.py:840} INFO - DAG(s) 'example_branch_labels' retrieved from /home/airflow/.local/lib/python3.8/site-packages/airflow/example_dags/example_branch_labels.py
[2024-02-07T16:49:51.078+0000] {logging_mixin.py:188} INFO - [2024-02-07T16:49:51.077+0000] {dag.py:3036} INFO - Sync 1 DAGs
[2024-02-07T16:49:51.101+0000] {logging_mixin.py:188} INFO - [2024-02-07T16:49:51.101+0000] {dag.py:3823} INFO - Setting next_dagrun for example_branch_labels to 2024-02-06 00:00:00+00:00, run_after=2024-02-07 00:00:00+00:00
[2024-02-07T16:49:51.119+0000] {processor.py:183} INFO - Processing /home/airflow/.local/lib/python3.8/site-packages/airflow/example_dags/example_branch_labels.py took 0.075 seconds
[2024-02-07T16:50:21.594+0000] {processor.py:161} INFO - Started process (PID=266) to work on /home/airflow/.local/lib/python3.8/site-packages/airflow/example_dags/example_branch_labels.py
[2024-02-07T16:50:21.595+0000] {processor.py:830} INFO - Processing file /home/airflow/.local/lib/python3.8/site-packages/airflow/example_dags/example_branch_labels.py for tasks to queue
[2024-02-07T16:50:21.597+0000] {logging_mixin.py:188} INFO - [2024-02-07T16:50:21.597+0000] {dagbag.py:538} INFO - Filling up the DagBag from /home/airflow/.local/lib/python3.8/site-packages/airflow/example_dags/example_branch_labels.py
[2024-02-07T16:50:21.605+0000] {processor.py:840} INFO - DAG(s) 'example_branch_labels' retrieved from /home/airflow/.local/lib/python3.8/site-packages/airflow/example_dags/example_branch_labels.py
[2024-02-07T16:50:21.626+0000] {logging_mixin.py:188} INFO - [2024-02-07T16:50:21.626+0000] {dag.py:3036} INFO - Sync 1 DAGs
[2024-02-07T16:50:21.648+0000] {logging_mixin.py:188} INFO - [2024-02-07T16:50:21.648+0000] {dag.py:3823} INFO - Setting next_dagrun for example_branch_labels to 2024-02-06 00:00:00+00:00, run_after=2024-02-07 00:00:00+00:00
[2024-02-07T16:50:21.666+0000] {processor.py:183} INFO - Processing /home/airflow/.local/lib/python3.8/site-packages/airflow/example_dags/example_branch_labels.py took 0.074 seconds
[2024-02-07T16:50:52.546+0000] {processor.py:161} INFO - Started process (PID=323) to work on /home/airflow/.local/lib/python3.8/site-packages/airflow/example_dags/example_branch_labels.py
[2024-02-07T16:50:52.548+0000] {processor.py:830} INFO - Processing file /home/airflow/.local/lib/python3.8/site-packages/airflow/example_dags/example_branch_labels.py for tasks to queue
[2024-02-07T16:50:52.550+0000] {logging_mixin.py:188} INFO - [2024-02-07T16:50:52.550+0000] {dagbag.py:538} INFO - Filling up the DagBag from /home/airflow/.local/lib/python3.8/site-packages/airflow/example_dags/example_branch_labels.py
[2024-02-07T16:50:52.561+0000] {processor.py:840} INFO - DAG(s) 'example_branch_labels' retrieved from /home/airflow/.local/lib/python3.8/site-packages/airflow/example_dags/example_branch_labels.py
[2024-02-07T16:50:52.594+0000] {logging_mixin.py:188} INFO - [2024-02-07T16:50:52.594+0000] {dag.py:3036} INFO - Sync 1 DAGs
[2024-02-07T16:50:52.637+0000] {logging_mixin.py:188} INFO - [2024-02-07T16:50:52.637+0000] {dag.py:3823} INFO - Setting next_dagrun for example_branch_labels to 2024-02-06 00:00:00+00:00, run_after=2024-02-07 00:00:00+00:00
[2024-02-07T16:50:52.671+0000] {processor.py:183} INFO - Processing /home/airflow/.local/lib/python3.8/site-packages/airflow/example_dags/example_branch_labels.py took 0.129 seconds
