[2024-02-07T14:34:00.693+0000] {processor.py:161} INFO - Started process (PID=37) to work on /home/airflow/.local/lib/python3.8/site-packages/airflow/example_dags/example_branch_operator.py
[2024-02-07T14:34:00.694+0000] {processor.py:830} INFO - Processing file /home/airflow/.local/lib/python3.8/site-packages/airflow/example_dags/example_branch_operator.py for tasks to queue
[2024-02-07T14:34:00.695+0000] {logging_mixin.py:188} INFO - [2024-02-07T14:34:00.695+0000] {dagbag.py:538} INFO - Filling up the DagBag from /home/airflow/.local/lib/python3.8/site-packages/airflow/example_dags/example_branch_operator.py
[2024-02-07T14:34:00.724+0000] {processor.py:840} INFO - DAG(s) 'example_branch_operator' retrieved from /home/airflow/.local/lib/python3.8/site-packages/airflow/example_dags/example_branch_operator.py
[2024-02-07T14:34:00.737+0000] {logging_mixin.py:188} INFO - [2024-02-07T14:34:00.737+0000] {dag.py:3036} INFO - Sync 1 DAGs
[2024-02-07T14:34:00.766+0000] {logging_mixin.py:188} INFO - [2024-02-07T14:34:00.766+0000] {dag.py:3823} INFO - Setting next_dagrun for example_branch_operator to 2024-02-06 00:00:00+00:00, run_after=2024-02-07 00:00:00+00:00
[2024-02-07T14:34:00.793+0000] {processor.py:183} INFO - Processing /home/airflow/.local/lib/python3.8/site-packages/airflow/example_dags/example_branch_operator.py took 0.103 seconds
[2024-02-07T14:34:30.912+0000] {processor.py:161} INFO - Started process (PID=93) to work on /home/airflow/.local/lib/python3.8/site-packages/airflow/example_dags/example_branch_operator.py
[2024-02-07T14:34:30.913+0000] {processor.py:830} INFO - Processing file /home/airflow/.local/lib/python3.8/site-packages/airflow/example_dags/example_branch_operator.py for tasks to queue
[2024-02-07T14:34:30.915+0000] {logging_mixin.py:188} INFO - [2024-02-07T14:34:30.915+0000] {dagbag.py:538} INFO - Filling up the DagBag from /home/airflow/.local/lib/python3.8/site-packages/airflow/example_dags/example_branch_operator.py
[2024-02-07T14:34:30.937+0000] {processor.py:840} INFO - DAG(s) 'example_branch_operator' retrieved from /home/airflow/.local/lib/python3.8/site-packages/airflow/example_dags/example_branch_operator.py
[2024-02-07T14:34:31.044+0000] {logging_mixin.py:188} INFO - [2024-02-07T14:34:31.043+0000] {dag.py:3036} INFO - Sync 1 DAGs
[2024-02-07T14:34:31.066+0000] {logging_mixin.py:188} INFO - [2024-02-07T14:34:31.066+0000] {dag.py:3823} INFO - Setting next_dagrun for example_branch_operator to 2024-02-06 00:00:00+00:00, run_after=2024-02-07 00:00:00+00:00
[2024-02-07T14:34:31.088+0000] {processor.py:183} INFO - Processing /home/airflow/.local/lib/python3.8/site-packages/airflow/example_dags/example_branch_operator.py took 0.180 seconds
[2024-02-07T14:35:01.193+0000] {processor.py:161} INFO - Started process (PID=150) to work on /home/airflow/.local/lib/python3.8/site-packages/airflow/example_dags/example_branch_operator.py
[2024-02-07T14:35:01.194+0000] {processor.py:830} INFO - Processing file /home/airflow/.local/lib/python3.8/site-packages/airflow/example_dags/example_branch_operator.py for tasks to queue
[2024-02-07T14:35:01.195+0000] {logging_mixin.py:188} INFO - [2024-02-07T14:35:01.195+0000] {dagbag.py:538} INFO - Filling up the DagBag from /home/airflow/.local/lib/python3.8/site-packages/airflow/example_dags/example_branch_operator.py
[2024-02-07T14:35:01.216+0000] {processor.py:840} INFO - DAG(s) 'example_branch_operator' retrieved from /home/airflow/.local/lib/python3.8/site-packages/airflow/example_dags/example_branch_operator.py
[2024-02-07T14:35:01.250+0000] {logging_mixin.py:188} INFO - [2024-02-07T14:35:01.250+0000] {dag.py:3036} INFO - Sync 1 DAGs
[2024-02-07T14:35:01.282+0000] {logging_mixin.py:188} INFO - [2024-02-07T14:35:01.282+0000] {dag.py:3823} INFO - Setting next_dagrun for example_branch_operator to 2024-02-06 00:00:00+00:00, run_after=2024-02-07 00:00:00+00:00
[2024-02-07T14:35:01.306+0000] {processor.py:183} INFO - Processing /home/airflow/.local/lib/python3.8/site-packages/airflow/example_dags/example_branch_operator.py took 0.119 seconds
[2024-02-07T14:35:31.834+0000] {processor.py:161} INFO - Started process (PID=207) to work on /home/airflow/.local/lib/python3.8/site-packages/airflow/example_dags/example_branch_operator.py
[2024-02-07T14:35:31.835+0000] {processor.py:830} INFO - Processing file /home/airflow/.local/lib/python3.8/site-packages/airflow/example_dags/example_branch_operator.py for tasks to queue
[2024-02-07T14:35:31.837+0000] {logging_mixin.py:188} INFO - [2024-02-07T14:35:31.836+0000] {dagbag.py:538} INFO - Filling up the DagBag from /home/airflow/.local/lib/python3.8/site-packages/airflow/example_dags/example_branch_operator.py
[2024-02-07T14:35:31.855+0000] {processor.py:840} INFO - DAG(s) 'example_branch_operator' retrieved from /home/airflow/.local/lib/python3.8/site-packages/airflow/example_dags/example_branch_operator.py
[2024-02-07T14:35:31.883+0000] {logging_mixin.py:188} INFO - [2024-02-07T14:35:31.882+0000] {dag.py:3036} INFO - Sync 1 DAGs
[2024-02-07T14:35:31.905+0000] {logging_mixin.py:188} INFO - [2024-02-07T14:35:31.905+0000] {dag.py:3823} INFO - Setting next_dagrun for example_branch_operator to 2024-02-06 00:00:00+00:00, run_after=2024-02-07 00:00:00+00:00
[2024-02-07T14:35:31.923+0000] {processor.py:183} INFO - Processing /home/airflow/.local/lib/python3.8/site-packages/airflow/example_dags/example_branch_operator.py took 0.093 seconds
[2024-02-07T14:43:05.437+0000] {processor.py:161} INFO - Started process (PID=37) to work on /home/airflow/.local/lib/python3.8/site-packages/airflow/example_dags/example_branch_operator.py
[2024-02-07T14:43:05.438+0000] {processor.py:830} INFO - Processing file /home/airflow/.local/lib/python3.8/site-packages/airflow/example_dags/example_branch_operator.py for tasks to queue
[2024-02-07T14:43:05.440+0000] {logging_mixin.py:188} INFO - [2024-02-07T14:43:05.440+0000] {dagbag.py:538} INFO - Filling up the DagBag from /home/airflow/.local/lib/python3.8/site-packages/airflow/example_dags/example_branch_operator.py
[2024-02-07T14:43:05.481+0000] {processor.py:840} INFO - DAG(s) 'example_branch_operator' retrieved from /home/airflow/.local/lib/python3.8/site-packages/airflow/example_dags/example_branch_operator.py
[2024-02-07T14:43:05.495+0000] {logging_mixin.py:188} INFO - [2024-02-07T14:43:05.494+0000] {dag.py:3036} INFO - Sync 1 DAGs
[2024-02-07T14:43:05.528+0000] {logging_mixin.py:188} INFO - [2024-02-07T14:43:05.528+0000] {dag.py:3823} INFO - Setting next_dagrun for example_branch_operator to 2024-02-06 00:00:00+00:00, run_after=2024-02-07 00:00:00+00:00
[2024-02-07T14:43:05.549+0000] {processor.py:183} INFO - Processing /home/airflow/.local/lib/python3.8/site-packages/airflow/example_dags/example_branch_operator.py took 0.116 seconds
[2024-02-07T14:43:35.691+0000] {processor.py:161} INFO - Started process (PID=93) to work on /home/airflow/.local/lib/python3.8/site-packages/airflow/example_dags/example_branch_operator.py
[2024-02-07T14:43:35.692+0000] {processor.py:830} INFO - Processing file /home/airflow/.local/lib/python3.8/site-packages/airflow/example_dags/example_branch_operator.py for tasks to queue
[2024-02-07T14:43:35.694+0000] {logging_mixin.py:188} INFO - [2024-02-07T14:43:35.693+0000] {dagbag.py:538} INFO - Filling up the DagBag from /home/airflow/.local/lib/python3.8/site-packages/airflow/example_dags/example_branch_operator.py
[2024-02-07T14:43:35.717+0000] {processor.py:840} INFO - DAG(s) 'example_branch_operator' retrieved from /home/airflow/.local/lib/python3.8/site-packages/airflow/example_dags/example_branch_operator.py
[2024-02-07T14:43:35.876+0000] {logging_mixin.py:188} INFO - [2024-02-07T14:43:35.875+0000] {dag.py:3036} INFO - Sync 1 DAGs
[2024-02-07T14:43:35.919+0000] {logging_mixin.py:188} INFO - [2024-02-07T14:43:35.919+0000] {dag.py:3823} INFO - Setting next_dagrun for example_branch_operator to 2024-02-06 00:00:00+00:00, run_after=2024-02-07 00:00:00+00:00
[2024-02-07T14:43:35.962+0000] {processor.py:183} INFO - Processing /home/airflow/.local/lib/python3.8/site-packages/airflow/example_dags/example_branch_operator.py took 0.275 seconds
[2024-02-07T14:44:06.567+0000] {processor.py:161} INFO - Started process (PID=150) to work on /home/airflow/.local/lib/python3.8/site-packages/airflow/example_dags/example_branch_operator.py
[2024-02-07T14:44:06.569+0000] {processor.py:830} INFO - Processing file /home/airflow/.local/lib/python3.8/site-packages/airflow/example_dags/example_branch_operator.py for tasks to queue
[2024-02-07T14:44:06.571+0000] {logging_mixin.py:188} INFO - [2024-02-07T14:44:06.570+0000] {dagbag.py:538} INFO - Filling up the DagBag from /home/airflow/.local/lib/python3.8/site-packages/airflow/example_dags/example_branch_operator.py
[2024-02-07T14:44:06.590+0000] {processor.py:840} INFO - DAG(s) 'example_branch_operator' retrieved from /home/airflow/.local/lib/python3.8/site-packages/airflow/example_dags/example_branch_operator.py
[2024-02-07T14:44:06.619+0000] {logging_mixin.py:188} INFO - [2024-02-07T14:44:06.619+0000] {dag.py:3036} INFO - Sync 1 DAGs
[2024-02-07T14:44:06.644+0000] {logging_mixin.py:188} INFO - [2024-02-07T14:44:06.644+0000] {dag.py:3823} INFO - Setting next_dagrun for example_branch_operator to 2024-02-06 00:00:00+00:00, run_after=2024-02-07 00:00:00+00:00
[2024-02-07T14:44:06.664+0000] {processor.py:183} INFO - Processing /home/airflow/.local/lib/python3.8/site-packages/airflow/example_dags/example_branch_operator.py took 0.101 seconds
[2024-02-07T14:44:36.984+0000] {processor.py:161} INFO - Started process (PID=207) to work on /home/airflow/.local/lib/python3.8/site-packages/airflow/example_dags/example_branch_operator.py
[2024-02-07T14:44:36.985+0000] {processor.py:830} INFO - Processing file /home/airflow/.local/lib/python3.8/site-packages/airflow/example_dags/example_branch_operator.py for tasks to queue
[2024-02-07T14:44:36.987+0000] {logging_mixin.py:188} INFO - [2024-02-07T14:44:36.987+0000] {dagbag.py:538} INFO - Filling up the DagBag from /home/airflow/.local/lib/python3.8/site-packages/airflow/example_dags/example_branch_operator.py
[2024-02-07T14:44:37.009+0000] {processor.py:840} INFO - DAG(s) 'example_branch_operator' retrieved from /home/airflow/.local/lib/python3.8/site-packages/airflow/example_dags/example_branch_operator.py
[2024-02-07T14:44:37.040+0000] {logging_mixin.py:188} INFO - [2024-02-07T14:44:37.039+0000] {dag.py:3036} INFO - Sync 1 DAGs
[2024-02-07T14:44:37.065+0000] {logging_mixin.py:188} INFO - [2024-02-07T14:44:37.065+0000] {dag.py:3823} INFO - Setting next_dagrun for example_branch_operator to 2024-02-06 00:00:00+00:00, run_after=2024-02-07 00:00:00+00:00
[2024-02-07T14:44:37.087+0000] {processor.py:183} INFO - Processing /home/airflow/.local/lib/python3.8/site-packages/airflow/example_dags/example_branch_operator.py took 0.107 seconds
[2024-02-07T14:45:07.316+0000] {processor.py:161} INFO - Started process (PID=264) to work on /home/airflow/.local/lib/python3.8/site-packages/airflow/example_dags/example_branch_operator.py
[2024-02-07T14:45:07.317+0000] {processor.py:830} INFO - Processing file /home/airflow/.local/lib/python3.8/site-packages/airflow/example_dags/example_branch_operator.py for tasks to queue
[2024-02-07T14:45:07.319+0000] {logging_mixin.py:188} INFO - [2024-02-07T14:45:07.319+0000] {dagbag.py:538} INFO - Filling up the DagBag from /home/airflow/.local/lib/python3.8/site-packages/airflow/example_dags/example_branch_operator.py
[2024-02-07T14:45:07.343+0000] {processor.py:840} INFO - DAG(s) 'example_branch_operator' retrieved from /home/airflow/.local/lib/python3.8/site-packages/airflow/example_dags/example_branch_operator.py
[2024-02-07T14:45:07.377+0000] {logging_mixin.py:188} INFO - [2024-02-07T14:45:07.376+0000] {dag.py:3036} INFO - Sync 1 DAGs
[2024-02-07T14:45:07.411+0000] {logging_mixin.py:188} INFO - [2024-02-07T14:45:07.411+0000] {dag.py:3823} INFO - Setting next_dagrun for example_branch_operator to 2024-02-06 00:00:00+00:00, run_after=2024-02-07 00:00:00+00:00
[2024-02-07T14:45:07.437+0000] {processor.py:183} INFO - Processing /home/airflow/.local/lib/python3.8/site-packages/airflow/example_dags/example_branch_operator.py took 0.125 seconds
[2024-02-07T14:45:37.487+0000] {processor.py:161} INFO - Started process (PID=321) to work on /home/airflow/.local/lib/python3.8/site-packages/airflow/example_dags/example_branch_operator.py
[2024-02-07T14:45:37.488+0000] {processor.py:830} INFO - Processing file /home/airflow/.local/lib/python3.8/site-packages/airflow/example_dags/example_branch_operator.py for tasks to queue
[2024-02-07T14:45:37.490+0000] {logging_mixin.py:188} INFO - [2024-02-07T14:45:37.489+0000] {dagbag.py:538} INFO - Filling up the DagBag from /home/airflow/.local/lib/python3.8/site-packages/airflow/example_dags/example_branch_operator.py
[2024-02-07T14:45:37.515+0000] {processor.py:840} INFO - DAG(s) 'example_branch_operator' retrieved from /home/airflow/.local/lib/python3.8/site-packages/airflow/example_dags/example_branch_operator.py
[2024-02-07T14:45:37.546+0000] {logging_mixin.py:188} INFO - [2024-02-07T14:45:37.546+0000] {dag.py:3036} INFO - Sync 1 DAGs
[2024-02-07T14:45:37.570+0000] {logging_mixin.py:188} INFO - [2024-02-07T14:45:37.570+0000] {dag.py:3823} INFO - Setting next_dagrun for example_branch_operator to 2024-02-06 00:00:00+00:00, run_after=2024-02-07 00:00:00+00:00
[2024-02-07T14:45:37.588+0000] {processor.py:183} INFO - Processing /home/airflow/.local/lib/python3.8/site-packages/airflow/example_dags/example_branch_operator.py took 0.105 seconds
[2024-02-07T14:46:07.776+0000] {processor.py:161} INFO - Started process (PID=378) to work on /home/airflow/.local/lib/python3.8/site-packages/airflow/example_dags/example_branch_operator.py
[2024-02-07T14:46:07.777+0000] {processor.py:830} INFO - Processing file /home/airflow/.local/lib/python3.8/site-packages/airflow/example_dags/example_branch_operator.py for tasks to queue
[2024-02-07T14:46:07.779+0000] {logging_mixin.py:188} INFO - [2024-02-07T14:46:07.779+0000] {dagbag.py:538} INFO - Filling up the DagBag from /home/airflow/.local/lib/python3.8/site-packages/airflow/example_dags/example_branch_operator.py
[2024-02-07T14:46:07.810+0000] {processor.py:840} INFO - DAG(s) 'example_branch_operator' retrieved from /home/airflow/.local/lib/python3.8/site-packages/airflow/example_dags/example_branch_operator.py
[2024-02-07T14:46:07.856+0000] {logging_mixin.py:188} INFO - [2024-02-07T14:46:07.855+0000] {dag.py:3036} INFO - Sync 1 DAGs
[2024-02-07T14:46:07.896+0000] {logging_mixin.py:188} INFO - [2024-02-07T14:46:07.895+0000] {dag.py:3823} INFO - Setting next_dagrun for example_branch_operator to 2024-02-06 00:00:00+00:00, run_after=2024-02-07 00:00:00+00:00
[2024-02-07T14:46:07.920+0000] {processor.py:183} INFO - Processing /home/airflow/.local/lib/python3.8/site-packages/airflow/example_dags/example_branch_operator.py took 0.148 seconds
[2024-02-07T14:46:38.016+0000] {processor.py:161} INFO - Started process (PID=435) to work on /home/airflow/.local/lib/python3.8/site-packages/airflow/example_dags/example_branch_operator.py
[2024-02-07T14:46:38.017+0000] {processor.py:830} INFO - Processing file /home/airflow/.local/lib/python3.8/site-packages/airflow/example_dags/example_branch_operator.py for tasks to queue
[2024-02-07T14:46:38.019+0000] {logging_mixin.py:188} INFO - [2024-02-07T14:46:38.019+0000] {dagbag.py:538} INFO - Filling up the DagBag from /home/airflow/.local/lib/python3.8/site-packages/airflow/example_dags/example_branch_operator.py
[2024-02-07T14:46:38.038+0000] {processor.py:840} INFO - DAG(s) 'example_branch_operator' retrieved from /home/airflow/.local/lib/python3.8/site-packages/airflow/example_dags/example_branch_operator.py
[2024-02-07T14:46:38.068+0000] {logging_mixin.py:188} INFO - [2024-02-07T14:46:38.068+0000] {dag.py:3036} INFO - Sync 1 DAGs
[2024-02-07T14:46:38.093+0000] {logging_mixin.py:188} INFO - [2024-02-07T14:46:38.093+0000] {dag.py:3823} INFO - Setting next_dagrun for example_branch_operator to 2024-02-06 00:00:00+00:00, run_after=2024-02-07 00:00:00+00:00
[2024-02-07T14:46:38.114+0000] {processor.py:183} INFO - Processing /home/airflow/.local/lib/python3.8/site-packages/airflow/example_dags/example_branch_operator.py took 0.101 seconds
[2024-02-07T14:47:08.265+0000] {processor.py:161} INFO - Started process (PID=492) to work on /home/airflow/.local/lib/python3.8/site-packages/airflow/example_dags/example_branch_operator.py
[2024-02-07T14:47:08.266+0000] {processor.py:830} INFO - Processing file /home/airflow/.local/lib/python3.8/site-packages/airflow/example_dags/example_branch_operator.py for tasks to queue
[2024-02-07T14:47:08.267+0000] {logging_mixin.py:188} INFO - [2024-02-07T14:47:08.267+0000] {dagbag.py:538} INFO - Filling up the DagBag from /home/airflow/.local/lib/python3.8/site-packages/airflow/example_dags/example_branch_operator.py
[2024-02-07T14:47:08.290+0000] {processor.py:840} INFO - DAG(s) 'example_branch_operator' retrieved from /home/airflow/.local/lib/python3.8/site-packages/airflow/example_dags/example_branch_operator.py
[2024-02-07T14:47:08.327+0000] {logging_mixin.py:188} INFO - [2024-02-07T14:47:08.327+0000] {dag.py:3036} INFO - Sync 1 DAGs
[2024-02-07T14:47:08.358+0000] {logging_mixin.py:188} INFO - [2024-02-07T14:47:08.358+0000] {dag.py:3823} INFO - Setting next_dagrun for example_branch_operator to 2024-02-06 00:00:00+00:00, run_after=2024-02-07 00:00:00+00:00
[2024-02-07T14:47:08.378+0000] {processor.py:183} INFO - Processing /home/airflow/.local/lib/python3.8/site-packages/airflow/example_dags/example_branch_operator.py took 0.117 seconds
[2024-02-07T14:47:38.933+0000] {processor.py:161} INFO - Started process (PID=549) to work on /home/airflow/.local/lib/python3.8/site-packages/airflow/example_dags/example_branch_operator.py
[2024-02-07T14:47:38.934+0000] {processor.py:830} INFO - Processing file /home/airflow/.local/lib/python3.8/site-packages/airflow/example_dags/example_branch_operator.py for tasks to queue
[2024-02-07T14:47:38.936+0000] {logging_mixin.py:188} INFO - [2024-02-07T14:47:38.936+0000] {dagbag.py:538} INFO - Filling up the DagBag from /home/airflow/.local/lib/python3.8/site-packages/airflow/example_dags/example_branch_operator.py
[2024-02-07T14:47:38.958+0000] {processor.py:840} INFO - DAG(s) 'example_branch_operator' retrieved from /home/airflow/.local/lib/python3.8/site-packages/airflow/example_dags/example_branch_operator.py
[2024-02-07T14:47:38.986+0000] {logging_mixin.py:188} INFO - [2024-02-07T14:47:38.985+0000] {dag.py:3036} INFO - Sync 1 DAGs
[2024-02-07T14:47:39.009+0000] {logging_mixin.py:188} INFO - [2024-02-07T14:47:39.009+0000] {dag.py:3823} INFO - Setting next_dagrun for example_branch_operator to 2024-02-06 00:00:00+00:00, run_after=2024-02-07 00:00:00+00:00
[2024-02-07T14:47:39.027+0000] {processor.py:183} INFO - Processing /home/airflow/.local/lib/python3.8/site-packages/airflow/example_dags/example_branch_operator.py took 0.098 seconds
[2024-02-07T14:48:09.422+0000] {processor.py:161} INFO - Started process (PID=606) to work on /home/airflow/.local/lib/python3.8/site-packages/airflow/example_dags/example_branch_operator.py
[2024-02-07T14:48:09.423+0000] {processor.py:830} INFO - Processing file /home/airflow/.local/lib/python3.8/site-packages/airflow/example_dags/example_branch_operator.py for tasks to queue
[2024-02-07T14:48:09.425+0000] {logging_mixin.py:188} INFO - [2024-02-07T14:48:09.424+0000] {dagbag.py:538} INFO - Filling up the DagBag from /home/airflow/.local/lib/python3.8/site-packages/airflow/example_dags/example_branch_operator.py
[2024-02-07T14:48:09.444+0000] {processor.py:840} INFO - DAG(s) 'example_branch_operator' retrieved from /home/airflow/.local/lib/python3.8/site-packages/airflow/example_dags/example_branch_operator.py
[2024-02-07T14:48:09.472+0000] {logging_mixin.py:188} INFO - [2024-02-07T14:48:09.472+0000] {dag.py:3036} INFO - Sync 1 DAGs
[2024-02-07T14:48:09.496+0000] {logging_mixin.py:188} INFO - [2024-02-07T14:48:09.496+0000] {dag.py:3823} INFO - Setting next_dagrun for example_branch_operator to 2024-02-06 00:00:00+00:00, run_after=2024-02-07 00:00:00+00:00
[2024-02-07T14:48:09.515+0000] {processor.py:183} INFO - Processing /home/airflow/.local/lib/python3.8/site-packages/airflow/example_dags/example_branch_operator.py took 0.097 seconds
[2024-02-07T14:48:39.735+0000] {processor.py:161} INFO - Started process (PID=663) to work on /home/airflow/.local/lib/python3.8/site-packages/airflow/example_dags/example_branch_operator.py
[2024-02-07T14:48:39.736+0000] {processor.py:830} INFO - Processing file /home/airflow/.local/lib/python3.8/site-packages/airflow/example_dags/example_branch_operator.py for tasks to queue
[2024-02-07T14:48:39.738+0000] {logging_mixin.py:188} INFO - [2024-02-07T14:48:39.737+0000] {dagbag.py:538} INFO - Filling up the DagBag from /home/airflow/.local/lib/python3.8/site-packages/airflow/example_dags/example_branch_operator.py
[2024-02-07T14:48:39.757+0000] {processor.py:840} INFO - DAG(s) 'example_branch_operator' retrieved from /home/airflow/.local/lib/python3.8/site-packages/airflow/example_dags/example_branch_operator.py
[2024-02-07T14:48:39.785+0000] {logging_mixin.py:188} INFO - [2024-02-07T14:48:39.785+0000] {dag.py:3036} INFO - Sync 1 DAGs
[2024-02-07T14:48:39.809+0000] {logging_mixin.py:188} INFO - [2024-02-07T14:48:39.809+0000] {dag.py:3823} INFO - Setting next_dagrun for example_branch_operator to 2024-02-06 00:00:00+00:00, run_after=2024-02-07 00:00:00+00:00
[2024-02-07T14:48:39.827+0000] {processor.py:183} INFO - Processing /home/airflow/.local/lib/python3.8/site-packages/airflow/example_dags/example_branch_operator.py took 0.097 seconds
[2024-02-07T14:49:09.959+0000] {processor.py:161} INFO - Started process (PID=720) to work on /home/airflow/.local/lib/python3.8/site-packages/airflow/example_dags/example_branch_operator.py
[2024-02-07T14:49:09.961+0000] {processor.py:830} INFO - Processing file /home/airflow/.local/lib/python3.8/site-packages/airflow/example_dags/example_branch_operator.py for tasks to queue
[2024-02-07T14:49:09.962+0000] {logging_mixin.py:188} INFO - [2024-02-07T14:49:09.962+0000] {dagbag.py:538} INFO - Filling up the DagBag from /home/airflow/.local/lib/python3.8/site-packages/airflow/example_dags/example_branch_operator.py
[2024-02-07T14:49:09.979+0000] {processor.py:840} INFO - DAG(s) 'example_branch_operator' retrieved from /home/airflow/.local/lib/python3.8/site-packages/airflow/example_dags/example_branch_operator.py
[2024-02-07T14:49:10.017+0000] {logging_mixin.py:188} INFO - [2024-02-07T14:49:10.017+0000] {dag.py:3036} INFO - Sync 1 DAGs
[2024-02-07T14:49:10.040+0000] {logging_mixin.py:188} INFO - [2024-02-07T14:49:10.040+0000] {dag.py:3823} INFO - Setting next_dagrun for example_branch_operator to 2024-02-06 00:00:00+00:00, run_after=2024-02-07 00:00:00+00:00
[2024-02-07T14:49:10.060+0000] {processor.py:183} INFO - Processing /home/airflow/.local/lib/python3.8/site-packages/airflow/example_dags/example_branch_operator.py took 0.104 seconds
[2024-02-07T14:49:40.707+0000] {processor.py:161} INFO - Started process (PID=777) to work on /home/airflow/.local/lib/python3.8/site-packages/airflow/example_dags/example_branch_operator.py
[2024-02-07T14:49:40.709+0000] {processor.py:830} INFO - Processing file /home/airflow/.local/lib/python3.8/site-packages/airflow/example_dags/example_branch_operator.py for tasks to queue
[2024-02-07T14:49:40.710+0000] {logging_mixin.py:188} INFO - [2024-02-07T14:49:40.710+0000] {dagbag.py:538} INFO - Filling up the DagBag from /home/airflow/.local/lib/python3.8/site-packages/airflow/example_dags/example_branch_operator.py
[2024-02-07T14:49:40.728+0000] {processor.py:840} INFO - DAG(s) 'example_branch_operator' retrieved from /home/airflow/.local/lib/python3.8/site-packages/airflow/example_dags/example_branch_operator.py
[2024-02-07T14:49:40.754+0000] {logging_mixin.py:188} INFO - [2024-02-07T14:49:40.754+0000] {dag.py:3036} INFO - Sync 1 DAGs
[2024-02-07T14:49:40.777+0000] {logging_mixin.py:188} INFO - [2024-02-07T14:49:40.777+0000] {dag.py:3823} INFO - Setting next_dagrun for example_branch_operator to 2024-02-06 00:00:00+00:00, run_after=2024-02-07 00:00:00+00:00
[2024-02-07T14:49:40.795+0000] {processor.py:183} INFO - Processing /home/airflow/.local/lib/python3.8/site-packages/airflow/example_dags/example_branch_operator.py took 0.092 seconds
[2024-02-07T14:50:11.419+0000] {processor.py:161} INFO - Started process (PID=834) to work on /home/airflow/.local/lib/python3.8/site-packages/airflow/example_dags/example_branch_operator.py
[2024-02-07T14:50:11.420+0000] {processor.py:830} INFO - Processing file /home/airflow/.local/lib/python3.8/site-packages/airflow/example_dags/example_branch_operator.py for tasks to queue
[2024-02-07T14:50:11.422+0000] {logging_mixin.py:188} INFO - [2024-02-07T14:50:11.421+0000] {dagbag.py:538} INFO - Filling up the DagBag from /home/airflow/.local/lib/python3.8/site-packages/airflow/example_dags/example_branch_operator.py
[2024-02-07T14:50:11.450+0000] {processor.py:840} INFO - DAG(s) 'example_branch_operator' retrieved from /home/airflow/.local/lib/python3.8/site-packages/airflow/example_dags/example_branch_operator.py
[2024-02-07T14:50:11.489+0000] {logging_mixin.py:188} INFO - [2024-02-07T14:50:11.489+0000] {dag.py:3036} INFO - Sync 1 DAGs
[2024-02-07T14:50:11.518+0000] {logging_mixin.py:188} INFO - [2024-02-07T14:50:11.518+0000] {dag.py:3823} INFO - Setting next_dagrun for example_branch_operator to 2024-02-06 00:00:00+00:00, run_after=2024-02-07 00:00:00+00:00
[2024-02-07T14:50:11.538+0000] {processor.py:183} INFO - Processing /home/airflow/.local/lib/python3.8/site-packages/airflow/example_dags/example_branch_operator.py took 0.123 seconds
[2024-02-07T14:50:42.088+0000] {processor.py:161} INFO - Started process (PID=891) to work on /home/airflow/.local/lib/python3.8/site-packages/airflow/example_dags/example_branch_operator.py
[2024-02-07T14:50:42.089+0000] {processor.py:830} INFO - Processing file /home/airflow/.local/lib/python3.8/site-packages/airflow/example_dags/example_branch_operator.py for tasks to queue
[2024-02-07T14:50:42.091+0000] {logging_mixin.py:188} INFO - [2024-02-07T14:50:42.090+0000] {dagbag.py:538} INFO - Filling up the DagBag from /home/airflow/.local/lib/python3.8/site-packages/airflow/example_dags/example_branch_operator.py
[2024-02-07T14:50:42.111+0000] {processor.py:840} INFO - DAG(s) 'example_branch_operator' retrieved from /home/airflow/.local/lib/python3.8/site-packages/airflow/example_dags/example_branch_operator.py
[2024-02-07T14:50:42.139+0000] {logging_mixin.py:188} INFO - [2024-02-07T14:50:42.139+0000] {dag.py:3036} INFO - Sync 1 DAGs
[2024-02-07T14:50:42.163+0000] {logging_mixin.py:188} INFO - [2024-02-07T14:50:42.162+0000] {dag.py:3823} INFO - Setting next_dagrun for example_branch_operator to 2024-02-06 00:00:00+00:00, run_after=2024-02-07 00:00:00+00:00
[2024-02-07T14:50:42.182+0000] {processor.py:183} INFO - Processing /home/airflow/.local/lib/python3.8/site-packages/airflow/example_dags/example_branch_operator.py took 0.098 seconds
[2024-02-07T14:51:12.795+0000] {processor.py:161} INFO - Started process (PID=949) to work on /home/airflow/.local/lib/python3.8/site-packages/airflow/example_dags/example_branch_operator.py
[2024-02-07T14:51:12.796+0000] {processor.py:830} INFO - Processing file /home/airflow/.local/lib/python3.8/site-packages/airflow/example_dags/example_branch_operator.py for tasks to queue
[2024-02-07T14:51:12.797+0000] {logging_mixin.py:188} INFO - [2024-02-07T14:51:12.797+0000] {dagbag.py:538} INFO - Filling up the DagBag from /home/airflow/.local/lib/python3.8/site-packages/airflow/example_dags/example_branch_operator.py
[2024-02-07T14:51:12.817+0000] {processor.py:840} INFO - DAG(s) 'example_branch_operator' retrieved from /home/airflow/.local/lib/python3.8/site-packages/airflow/example_dags/example_branch_operator.py
[2024-02-07T14:51:12.844+0000] {logging_mixin.py:188} INFO - [2024-02-07T14:51:12.844+0000] {dag.py:3036} INFO - Sync 1 DAGs
[2024-02-07T14:51:12.867+0000] {logging_mixin.py:188} INFO - [2024-02-07T14:51:12.867+0000] {dag.py:3823} INFO - Setting next_dagrun for example_branch_operator to 2024-02-06 00:00:00+00:00, run_after=2024-02-07 00:00:00+00:00
[2024-02-07T14:51:12.885+0000] {processor.py:183} INFO - Processing /home/airflow/.local/lib/python3.8/site-packages/airflow/example_dags/example_branch_operator.py took 0.093 seconds
[2024-02-07T14:51:43.192+0000] {processor.py:161} INFO - Started process (PID=1006) to work on /home/airflow/.local/lib/python3.8/site-packages/airflow/example_dags/example_branch_operator.py
[2024-02-07T14:51:43.194+0000] {processor.py:830} INFO - Processing file /home/airflow/.local/lib/python3.8/site-packages/airflow/example_dags/example_branch_operator.py for tasks to queue
[2024-02-07T14:51:43.196+0000] {logging_mixin.py:188} INFO - [2024-02-07T14:51:43.195+0000] {dagbag.py:538} INFO - Filling up the DagBag from /home/airflow/.local/lib/python3.8/site-packages/airflow/example_dags/example_branch_operator.py
[2024-02-07T14:51:43.215+0000] {processor.py:840} INFO - DAG(s) 'example_branch_operator' retrieved from /home/airflow/.local/lib/python3.8/site-packages/airflow/example_dags/example_branch_operator.py
[2024-02-07T14:51:43.242+0000] {logging_mixin.py:188} INFO - [2024-02-07T14:51:43.242+0000] {dag.py:3036} INFO - Sync 1 DAGs
[2024-02-07T14:51:43.264+0000] {logging_mixin.py:188} INFO - [2024-02-07T14:51:43.264+0000] {dag.py:3823} INFO - Setting next_dagrun for example_branch_operator to 2024-02-06 00:00:00+00:00, run_after=2024-02-07 00:00:00+00:00
[2024-02-07T14:51:43.282+0000] {processor.py:183} INFO - Processing /home/airflow/.local/lib/python3.8/site-packages/airflow/example_dags/example_branch_operator.py took 0.094 seconds
[2024-02-07T14:52:13.372+0000] {processor.py:161} INFO - Started process (PID=1064) to work on /home/airflow/.local/lib/python3.8/site-packages/airflow/example_dags/example_branch_operator.py
[2024-02-07T14:52:13.373+0000] {processor.py:830} INFO - Processing file /home/airflow/.local/lib/python3.8/site-packages/airflow/example_dags/example_branch_operator.py for tasks to queue
[2024-02-07T14:52:13.375+0000] {logging_mixin.py:188} INFO - [2024-02-07T14:52:13.374+0000] {dagbag.py:538} INFO - Filling up the DagBag from /home/airflow/.local/lib/python3.8/site-packages/airflow/example_dags/example_branch_operator.py
[2024-02-07T14:52:13.395+0000] {processor.py:840} INFO - DAG(s) 'example_branch_operator' retrieved from /home/airflow/.local/lib/python3.8/site-packages/airflow/example_dags/example_branch_operator.py
[2024-02-07T14:52:13.423+0000] {logging_mixin.py:188} INFO - [2024-02-07T14:52:13.423+0000] {dag.py:3036} INFO - Sync 1 DAGs
[2024-02-07T14:52:13.449+0000] {logging_mixin.py:188} INFO - [2024-02-07T14:52:13.449+0000] {dag.py:3823} INFO - Setting next_dagrun for example_branch_operator to 2024-02-06 00:00:00+00:00, run_after=2024-02-07 00:00:00+00:00
[2024-02-07T14:52:13.468+0000] {processor.py:183} INFO - Processing /home/airflow/.local/lib/python3.8/site-packages/airflow/example_dags/example_branch_operator.py took 0.100 seconds
[2024-02-07T14:53:46.679+0000] {processor.py:161} INFO - Started process (PID=36) to work on /home/airflow/.local/lib/python3.8/site-packages/airflow/example_dags/example_branch_operator.py
[2024-02-07T14:53:46.679+0000] {processor.py:830} INFO - Processing file /home/airflow/.local/lib/python3.8/site-packages/airflow/example_dags/example_branch_operator.py for tasks to queue
[2024-02-07T14:53:46.681+0000] {logging_mixin.py:188} INFO - [2024-02-07T14:53:46.681+0000] {dagbag.py:538} INFO - Filling up the DagBag from /home/airflow/.local/lib/python3.8/site-packages/airflow/example_dags/example_branch_operator.py
[2024-02-07T14:53:46.706+0000] {processor.py:840} INFO - DAG(s) 'example_branch_operator' retrieved from /home/airflow/.local/lib/python3.8/site-packages/airflow/example_dags/example_branch_operator.py
[2024-02-07T14:53:46.718+0000] {logging_mixin.py:188} INFO - [2024-02-07T14:53:46.717+0000] {dag.py:3036} INFO - Sync 1 DAGs
[2024-02-07T14:53:46.741+0000] {logging_mixin.py:188} INFO - [2024-02-07T14:53:46.741+0000] {dag.py:3823} INFO - Setting next_dagrun for example_branch_operator to 2024-02-06 00:00:00+00:00, run_after=2024-02-07 00:00:00+00:00
[2024-02-07T14:53:46.760+0000] {processor.py:183} INFO - Processing /home/airflow/.local/lib/python3.8/site-packages/airflow/example_dags/example_branch_operator.py took 0.085 seconds
[2024-02-07T14:54:17.061+0000] {processor.py:161} INFO - Started process (PID=91) to work on /home/airflow/.local/lib/python3.8/site-packages/airflow/example_dags/example_branch_operator.py
[2024-02-07T14:54:17.062+0000] {processor.py:830} INFO - Processing file /home/airflow/.local/lib/python3.8/site-packages/airflow/example_dags/example_branch_operator.py for tasks to queue
[2024-02-07T14:54:17.064+0000] {logging_mixin.py:188} INFO - [2024-02-07T14:54:17.064+0000] {dagbag.py:538} INFO - Filling up the DagBag from /home/airflow/.local/lib/python3.8/site-packages/airflow/example_dags/example_branch_operator.py
[2024-02-07T14:54:17.084+0000] {processor.py:840} INFO - DAG(s) 'example_branch_operator' retrieved from /home/airflow/.local/lib/python3.8/site-packages/airflow/example_dags/example_branch_operator.py
[2024-02-07T14:54:17.312+0000] {logging_mixin.py:188} INFO - [2024-02-07T14:54:17.311+0000] {dag.py:3036} INFO - Sync 1 DAGs
[2024-02-07T14:54:17.370+0000] {logging_mixin.py:188} INFO - [2024-02-07T14:54:17.369+0000] {dag.py:3823} INFO - Setting next_dagrun for example_branch_operator to 2024-02-06 00:00:00+00:00, run_after=2024-02-07 00:00:00+00:00
[2024-02-07T14:54:17.414+0000] {processor.py:183} INFO - Processing /home/airflow/.local/lib/python3.8/site-packages/airflow/example_dags/example_branch_operator.py took 0.357 seconds
[2024-02-07T14:54:47.702+0000] {processor.py:161} INFO - Started process (PID=148) to work on /home/airflow/.local/lib/python3.8/site-packages/airflow/example_dags/example_branch_operator.py
[2024-02-07T14:54:47.704+0000] {processor.py:830} INFO - Processing file /home/airflow/.local/lib/python3.8/site-packages/airflow/example_dags/example_branch_operator.py for tasks to queue
[2024-02-07T14:54:47.706+0000] {logging_mixin.py:188} INFO - [2024-02-07T14:54:47.705+0000] {dagbag.py:538} INFO - Filling up the DagBag from /home/airflow/.local/lib/python3.8/site-packages/airflow/example_dags/example_branch_operator.py
[2024-02-07T14:54:47.725+0000] {processor.py:840} INFO - DAG(s) 'example_branch_operator' retrieved from /home/airflow/.local/lib/python3.8/site-packages/airflow/example_dags/example_branch_operator.py
[2024-02-07T14:54:47.754+0000] {logging_mixin.py:188} INFO - [2024-02-07T14:54:47.754+0000] {dag.py:3036} INFO - Sync 1 DAGs
[2024-02-07T14:54:47.777+0000] {logging_mixin.py:188} INFO - [2024-02-07T14:54:47.777+0000] {dag.py:3823} INFO - Setting next_dagrun for example_branch_operator to 2024-02-06 00:00:00+00:00, run_after=2024-02-07 00:00:00+00:00
[2024-02-07T14:54:47.796+0000] {processor.py:183} INFO - Processing /home/airflow/.local/lib/python3.8/site-packages/airflow/example_dags/example_branch_operator.py took 0.098 seconds
[2024-02-07T15:05:08.420+0000] {processor.py:161} INFO - Started process (PID=37) to work on /home/airflow/.local/lib/python3.8/site-packages/airflow/example_dags/example_branch_operator.py
[2024-02-07T15:05:08.421+0000] {processor.py:830} INFO - Processing file /home/airflow/.local/lib/python3.8/site-packages/airflow/example_dags/example_branch_operator.py for tasks to queue
[2024-02-07T15:05:08.423+0000] {logging_mixin.py:188} INFO - [2024-02-07T15:05:08.423+0000] {dagbag.py:538} INFO - Filling up the DagBag from /home/airflow/.local/lib/python3.8/site-packages/airflow/example_dags/example_branch_operator.py
[2024-02-07T15:05:08.451+0000] {processor.py:840} INFO - DAG(s) 'example_branch_operator' retrieved from /home/airflow/.local/lib/python3.8/site-packages/airflow/example_dags/example_branch_operator.py
[2024-02-07T15:05:08.464+0000] {logging_mixin.py:188} INFO - [2024-02-07T15:05:08.464+0000] {dag.py:3036} INFO - Sync 1 DAGs
[2024-02-07T15:05:08.501+0000] {logging_mixin.py:188} INFO - [2024-02-07T15:05:08.500+0000] {dag.py:3823} INFO - Setting next_dagrun for example_branch_operator to 2024-02-06 00:00:00+00:00, run_after=2024-02-07 00:00:00+00:00
[2024-02-07T15:05:08.529+0000] {processor.py:183} INFO - Processing /home/airflow/.local/lib/python3.8/site-packages/airflow/example_dags/example_branch_operator.py took 0.112 seconds
[2024-02-07T15:05:38.605+0000] {processor.py:161} INFO - Started process (PID=93) to work on /home/airflow/.local/lib/python3.8/site-packages/airflow/example_dags/example_branch_operator.py
[2024-02-07T15:05:38.606+0000] {processor.py:830} INFO - Processing file /home/airflow/.local/lib/python3.8/site-packages/airflow/example_dags/example_branch_operator.py for tasks to queue
[2024-02-07T15:05:38.610+0000] {logging_mixin.py:188} INFO - [2024-02-07T15:05:38.609+0000] {dagbag.py:538} INFO - Filling up the DagBag from /home/airflow/.local/lib/python3.8/site-packages/airflow/example_dags/example_branch_operator.py
[2024-02-07T15:05:38.647+0000] {processor.py:840} INFO - DAG(s) 'example_branch_operator' retrieved from /home/airflow/.local/lib/python3.8/site-packages/airflow/example_dags/example_branch_operator.py
[2024-02-07T15:05:38.816+0000] {logging_mixin.py:188} INFO - [2024-02-07T15:05:38.816+0000] {dag.py:3036} INFO - Sync 1 DAGs
[2024-02-07T15:05:38.849+0000] {logging_mixin.py:188} INFO - [2024-02-07T15:05:38.849+0000] {dag.py:3823} INFO - Setting next_dagrun for example_branch_operator to 2024-02-06 00:00:00+00:00, run_after=2024-02-07 00:00:00+00:00
[2024-02-07T15:05:38.872+0000] {processor.py:183} INFO - Processing /home/airflow/.local/lib/python3.8/site-packages/airflow/example_dags/example_branch_operator.py took 0.272 seconds
[2024-02-07T15:07:15.030+0000] {processor.py:161} INFO - Started process (PID=37) to work on /home/airflow/.local/lib/python3.8/site-packages/airflow/example_dags/example_branch_operator.py
[2024-02-07T15:07:15.032+0000] {processor.py:830} INFO - Processing file /home/airflow/.local/lib/python3.8/site-packages/airflow/example_dags/example_branch_operator.py for tasks to queue
[2024-02-07T15:07:15.035+0000] {logging_mixin.py:188} INFO - [2024-02-07T15:07:15.034+0000] {dagbag.py:538} INFO - Filling up the DagBag from /home/airflow/.local/lib/python3.8/site-packages/airflow/example_dags/example_branch_operator.py
[2024-02-07T15:07:15.084+0000] {processor.py:840} INFO - DAG(s) 'example_branch_operator' retrieved from /home/airflow/.local/lib/python3.8/site-packages/airflow/example_dags/example_branch_operator.py
[2024-02-07T15:07:15.101+0000] {logging_mixin.py:188} INFO - [2024-02-07T15:07:15.101+0000] {dag.py:3036} INFO - Sync 1 DAGs
[2024-02-07T15:07:15.131+0000] {logging_mixin.py:188} INFO - [2024-02-07T15:07:15.130+0000] {dag.py:3823} INFO - Setting next_dagrun for example_branch_operator to 2024-02-06 00:00:00+00:00, run_after=2024-02-07 00:00:00+00:00
[2024-02-07T15:07:15.156+0000] {processor.py:183} INFO - Processing /home/airflow/.local/lib/python3.8/site-packages/airflow/example_dags/example_branch_operator.py took 0.131 seconds
[2024-02-07T15:07:45.244+0000] {processor.py:161} INFO - Started process (PID=93) to work on /home/airflow/.local/lib/python3.8/site-packages/airflow/example_dags/example_branch_operator.py
[2024-02-07T15:07:45.245+0000] {processor.py:830} INFO - Processing file /home/airflow/.local/lib/python3.8/site-packages/airflow/example_dags/example_branch_operator.py for tasks to queue
[2024-02-07T15:07:45.248+0000] {logging_mixin.py:188} INFO - [2024-02-07T15:07:45.247+0000] {dagbag.py:538} INFO - Filling up the DagBag from /home/airflow/.local/lib/python3.8/site-packages/airflow/example_dags/example_branch_operator.py
[2024-02-07T15:07:45.291+0000] {processor.py:840} INFO - DAG(s) 'example_branch_operator' retrieved from /home/airflow/.local/lib/python3.8/site-packages/airflow/example_dags/example_branch_operator.py
[2024-02-07T15:07:45.456+0000] {logging_mixin.py:188} INFO - [2024-02-07T15:07:45.456+0000] {dag.py:3036} INFO - Sync 1 DAGs
[2024-02-07T15:07:45.490+0000] {logging_mixin.py:188} INFO - [2024-02-07T15:07:45.490+0000] {dag.py:3823} INFO - Setting next_dagrun for example_branch_operator to 2024-02-06 00:00:00+00:00, run_after=2024-02-07 00:00:00+00:00
[2024-02-07T15:07:45.516+0000] {processor.py:183} INFO - Processing /home/airflow/.local/lib/python3.8/site-packages/airflow/example_dags/example_branch_operator.py took 0.279 seconds
[2024-02-07T15:08:15.624+0000] {processor.py:161} INFO - Started process (PID=150) to work on /home/airflow/.local/lib/python3.8/site-packages/airflow/example_dags/example_branch_operator.py
[2024-02-07T15:08:15.625+0000] {processor.py:830} INFO - Processing file /home/airflow/.local/lib/python3.8/site-packages/airflow/example_dags/example_branch_operator.py for tasks to queue
[2024-02-07T15:08:15.627+0000] {logging_mixin.py:188} INFO - [2024-02-07T15:08:15.627+0000] {dagbag.py:538} INFO - Filling up the DagBag from /home/airflow/.local/lib/python3.8/site-packages/airflow/example_dags/example_branch_operator.py
[2024-02-07T15:08:15.645+0000] {processor.py:840} INFO - DAG(s) 'example_branch_operator' retrieved from /home/airflow/.local/lib/python3.8/site-packages/airflow/example_dags/example_branch_operator.py
[2024-02-07T15:08:15.673+0000] {logging_mixin.py:188} INFO - [2024-02-07T15:08:15.672+0000] {dag.py:3036} INFO - Sync 1 DAGs
[2024-02-07T15:08:15.695+0000] {logging_mixin.py:188} INFO - [2024-02-07T15:08:15.695+0000] {dag.py:3823} INFO - Setting next_dagrun for example_branch_operator to 2024-02-06 00:00:00+00:00, run_after=2024-02-07 00:00:00+00:00
[2024-02-07T15:08:15.712+0000] {processor.py:183} INFO - Processing /home/airflow/.local/lib/python3.8/site-packages/airflow/example_dags/example_branch_operator.py took 0.091 seconds
[2024-02-07T15:08:45.826+0000] {processor.py:161} INFO - Started process (PID=207) to work on /home/airflow/.local/lib/python3.8/site-packages/airflow/example_dags/example_branch_operator.py
[2024-02-07T15:08:45.827+0000] {processor.py:830} INFO - Processing file /home/airflow/.local/lib/python3.8/site-packages/airflow/example_dags/example_branch_operator.py for tasks to queue
[2024-02-07T15:08:45.829+0000] {logging_mixin.py:188} INFO - [2024-02-07T15:08:45.829+0000] {dagbag.py:538} INFO - Filling up the DagBag from /home/airflow/.local/lib/python3.8/site-packages/airflow/example_dags/example_branch_operator.py
[2024-02-07T15:08:45.849+0000] {processor.py:840} INFO - DAG(s) 'example_branch_operator' retrieved from /home/airflow/.local/lib/python3.8/site-packages/airflow/example_dags/example_branch_operator.py
[2024-02-07T15:08:45.876+0000] {logging_mixin.py:188} INFO - [2024-02-07T15:08:45.876+0000] {dag.py:3036} INFO - Sync 1 DAGs
[2024-02-07T15:08:45.900+0000] {logging_mixin.py:188} INFO - [2024-02-07T15:08:45.899+0000] {dag.py:3823} INFO - Setting next_dagrun for example_branch_operator to 2024-02-06 00:00:00+00:00, run_after=2024-02-07 00:00:00+00:00
[2024-02-07T15:08:45.917+0000] {processor.py:183} INFO - Processing /home/airflow/.local/lib/python3.8/site-packages/airflow/example_dags/example_branch_operator.py took 0.095 seconds
[2024-02-07T15:09:16.054+0000] {processor.py:161} INFO - Started process (PID=264) to work on /home/airflow/.local/lib/python3.8/site-packages/airflow/example_dags/example_branch_operator.py
[2024-02-07T15:09:16.055+0000] {processor.py:830} INFO - Processing file /home/airflow/.local/lib/python3.8/site-packages/airflow/example_dags/example_branch_operator.py for tasks to queue
[2024-02-07T15:09:16.057+0000] {logging_mixin.py:188} INFO - [2024-02-07T15:09:16.057+0000] {dagbag.py:538} INFO - Filling up the DagBag from /home/airflow/.local/lib/python3.8/site-packages/airflow/example_dags/example_branch_operator.py
[2024-02-07T15:09:16.086+0000] {processor.py:840} INFO - DAG(s) 'example_branch_operator' retrieved from /home/airflow/.local/lib/python3.8/site-packages/airflow/example_dags/example_branch_operator.py
[2024-02-07T15:09:16.124+0000] {logging_mixin.py:188} INFO - [2024-02-07T15:09:16.123+0000] {dag.py:3036} INFO - Sync 1 DAGs
[2024-02-07T15:09:16.148+0000] {logging_mixin.py:188} INFO - [2024-02-07T15:09:16.148+0000] {dag.py:3823} INFO - Setting next_dagrun for example_branch_operator to 2024-02-06 00:00:00+00:00, run_after=2024-02-07 00:00:00+00:00
[2024-02-07T15:09:16.166+0000] {processor.py:183} INFO - Processing /home/airflow/.local/lib/python3.8/site-packages/airflow/example_dags/example_branch_operator.py took 0.115 seconds
[2024-02-07T15:57:14.094+0000] {processor.py:161} INFO - Started process (PID=37) to work on /home/airflow/.local/lib/python3.8/site-packages/airflow/example_dags/example_branch_operator.py
[2024-02-07T15:57:14.094+0000] {processor.py:830} INFO - Processing file /home/airflow/.local/lib/python3.8/site-packages/airflow/example_dags/example_branch_operator.py for tasks to queue
[2024-02-07T15:57:14.096+0000] {logging_mixin.py:188} INFO - [2024-02-07T15:57:14.096+0000] {dagbag.py:538} INFO - Filling up the DagBag from /home/airflow/.local/lib/python3.8/site-packages/airflow/example_dags/example_branch_operator.py
[2024-02-07T15:57:14.127+0000] {processor.py:840} INFO - DAG(s) 'example_branch_operator' retrieved from /home/airflow/.local/lib/python3.8/site-packages/airflow/example_dags/example_branch_operator.py
[2024-02-07T15:57:14.140+0000] {logging_mixin.py:188} INFO - [2024-02-07T15:57:14.139+0000] {dag.py:3036} INFO - Sync 1 DAGs
[2024-02-07T15:57:14.177+0000] {logging_mixin.py:188} INFO - [2024-02-07T15:57:14.176+0000] {dag.py:3823} INFO - Setting next_dagrun for example_branch_operator to 2024-02-06 00:00:00+00:00, run_after=2024-02-07 00:00:00+00:00
[2024-02-07T15:57:14.203+0000] {processor.py:183} INFO - Processing /home/airflow/.local/lib/python3.8/site-packages/airflow/example_dags/example_branch_operator.py took 0.112 seconds
[2024-02-07T15:57:44.435+0000] {processor.py:161} INFO - Started process (PID=93) to work on /home/airflow/.local/lib/python3.8/site-packages/airflow/example_dags/example_branch_operator.py
[2024-02-07T15:57:44.436+0000] {processor.py:830} INFO - Processing file /home/airflow/.local/lib/python3.8/site-packages/airflow/example_dags/example_branch_operator.py for tasks to queue
[2024-02-07T15:57:44.438+0000] {logging_mixin.py:188} INFO - [2024-02-07T15:57:44.437+0000] {dagbag.py:538} INFO - Filling up the DagBag from /home/airflow/.local/lib/python3.8/site-packages/airflow/example_dags/example_branch_operator.py
[2024-02-07T15:57:44.456+0000] {processor.py:840} INFO - DAG(s) 'example_branch_operator' retrieved from /home/airflow/.local/lib/python3.8/site-packages/airflow/example_dags/example_branch_operator.py
[2024-02-07T15:57:44.595+0000] {logging_mixin.py:188} INFO - [2024-02-07T15:57:44.595+0000] {dag.py:3036} INFO - Sync 1 DAGs
[2024-02-07T15:57:44.625+0000] {logging_mixin.py:188} INFO - [2024-02-07T15:57:44.625+0000] {dag.py:3823} INFO - Setting next_dagrun for example_branch_operator to 2024-02-06 00:00:00+00:00, run_after=2024-02-07 00:00:00+00:00
[2024-02-07T15:57:44.651+0000] {processor.py:183} INFO - Processing /home/airflow/.local/lib/python3.8/site-packages/airflow/example_dags/example_branch_operator.py took 0.220 seconds
[2024-02-07T15:58:15.255+0000] {processor.py:161} INFO - Started process (PID=150) to work on /home/airflow/.local/lib/python3.8/site-packages/airflow/example_dags/example_branch_operator.py
[2024-02-07T15:58:15.256+0000] {processor.py:830} INFO - Processing file /home/airflow/.local/lib/python3.8/site-packages/airflow/example_dags/example_branch_operator.py for tasks to queue
[2024-02-07T15:58:15.259+0000] {logging_mixin.py:188} INFO - [2024-02-07T15:58:15.258+0000] {dagbag.py:538} INFO - Filling up the DagBag from /home/airflow/.local/lib/python3.8/site-packages/airflow/example_dags/example_branch_operator.py
[2024-02-07T15:58:15.281+0000] {processor.py:840} INFO - DAG(s) 'example_branch_operator' retrieved from /home/airflow/.local/lib/python3.8/site-packages/airflow/example_dags/example_branch_operator.py
[2024-02-07T15:58:15.313+0000] {logging_mixin.py:188} INFO - [2024-02-07T15:58:15.313+0000] {dag.py:3036} INFO - Sync 1 DAGs
[2024-02-07T15:58:15.341+0000] {logging_mixin.py:188} INFO - [2024-02-07T15:58:15.341+0000] {dag.py:3823} INFO - Setting next_dagrun for example_branch_operator to 2024-02-06 00:00:00+00:00, run_after=2024-02-07 00:00:00+00:00
[2024-02-07T15:58:15.362+0000] {processor.py:183} INFO - Processing /home/airflow/.local/lib/python3.8/site-packages/airflow/example_dags/example_branch_operator.py took 0.110 seconds
[2024-02-07T16:10:50.563+0000] {processor.py:161} INFO - Started process (PID=37) to work on /home/airflow/.local/lib/python3.8/site-packages/airflow/example_dags/example_branch_operator.py
[2024-02-07T16:10:50.564+0000] {processor.py:830} INFO - Processing file /home/airflow/.local/lib/python3.8/site-packages/airflow/example_dags/example_branch_operator.py for tasks to queue
[2024-02-07T16:10:50.566+0000] {logging_mixin.py:188} INFO - [2024-02-07T16:10:50.565+0000] {dagbag.py:538} INFO - Filling up the DagBag from /home/airflow/.local/lib/python3.8/site-packages/airflow/example_dags/example_branch_operator.py
[2024-02-07T16:10:50.594+0000] {processor.py:840} INFO - DAG(s) 'example_branch_operator' retrieved from /home/airflow/.local/lib/python3.8/site-packages/airflow/example_dags/example_branch_operator.py
[2024-02-07T16:10:50.607+0000] {logging_mixin.py:188} INFO - [2024-02-07T16:10:50.607+0000] {dag.py:3036} INFO - Sync 1 DAGs
[2024-02-07T16:10:50.643+0000] {logging_mixin.py:188} INFO - [2024-02-07T16:10:50.642+0000] {dag.py:3823} INFO - Setting next_dagrun for example_branch_operator to 2024-02-06 00:00:00+00:00, run_after=2024-02-07 00:00:00+00:00
[2024-02-07T16:10:50.668+0000] {processor.py:183} INFO - Processing /home/airflow/.local/lib/python3.8/site-packages/airflow/example_dags/example_branch_operator.py took 0.108 seconds
[2024-02-07T16:11:20.795+0000] {processor.py:161} INFO - Started process (PID=93) to work on /home/airflow/.local/lib/python3.8/site-packages/airflow/example_dags/example_branch_operator.py
[2024-02-07T16:11:20.797+0000] {processor.py:830} INFO - Processing file /home/airflow/.local/lib/python3.8/site-packages/airflow/example_dags/example_branch_operator.py for tasks to queue
[2024-02-07T16:11:20.799+0000] {logging_mixin.py:188} INFO - [2024-02-07T16:11:20.799+0000] {dagbag.py:538} INFO - Filling up the DagBag from /home/airflow/.local/lib/python3.8/site-packages/airflow/example_dags/example_branch_operator.py
[2024-02-07T16:11:20.823+0000] {processor.py:840} INFO - DAG(s) 'example_branch_operator' retrieved from /home/airflow/.local/lib/python3.8/site-packages/airflow/example_dags/example_branch_operator.py
[2024-02-07T16:11:20.953+0000] {logging_mixin.py:188} INFO - [2024-02-07T16:11:20.953+0000] {dag.py:3036} INFO - Sync 1 DAGs
[2024-02-07T16:11:20.977+0000] {logging_mixin.py:188} INFO - [2024-02-07T16:11:20.977+0000] {dag.py:3823} INFO - Setting next_dagrun for example_branch_operator to 2024-02-06 00:00:00+00:00, run_after=2024-02-07 00:00:00+00:00
[2024-02-07T16:11:20.997+0000] {processor.py:183} INFO - Processing /home/airflow/.local/lib/python3.8/site-packages/airflow/example_dags/example_branch_operator.py took 0.206 seconds
[2024-02-07T16:11:51.665+0000] {processor.py:161} INFO - Started process (PID=150) to work on /home/airflow/.local/lib/python3.8/site-packages/airflow/example_dags/example_branch_operator.py
[2024-02-07T16:11:51.666+0000] {processor.py:830} INFO - Processing file /home/airflow/.local/lib/python3.8/site-packages/airflow/example_dags/example_branch_operator.py for tasks to queue
[2024-02-07T16:11:51.668+0000] {logging_mixin.py:188} INFO - [2024-02-07T16:11:51.668+0000] {dagbag.py:538} INFO - Filling up the DagBag from /home/airflow/.local/lib/python3.8/site-packages/airflow/example_dags/example_branch_operator.py
[2024-02-07T16:11:51.693+0000] {processor.py:840} INFO - DAG(s) 'example_branch_operator' retrieved from /home/airflow/.local/lib/python3.8/site-packages/airflow/example_dags/example_branch_operator.py
[2024-02-07T16:11:51.723+0000] {logging_mixin.py:188} INFO - [2024-02-07T16:11:51.722+0000] {dag.py:3036} INFO - Sync 1 DAGs
[2024-02-07T16:11:51.746+0000] {logging_mixin.py:188} INFO - [2024-02-07T16:11:51.745+0000] {dag.py:3823} INFO - Setting next_dagrun for example_branch_operator to 2024-02-06 00:00:00+00:00, run_after=2024-02-07 00:00:00+00:00
[2024-02-07T16:11:51.764+0000] {processor.py:183} INFO - Processing /home/airflow/.local/lib/python3.8/site-packages/airflow/example_dags/example_branch_operator.py took 0.102 seconds
[2024-02-07T16:12:22.225+0000] {processor.py:161} INFO - Started process (PID=207) to work on /home/airflow/.local/lib/python3.8/site-packages/airflow/example_dags/example_branch_operator.py
[2024-02-07T16:12:22.226+0000] {processor.py:830} INFO - Processing file /home/airflow/.local/lib/python3.8/site-packages/airflow/example_dags/example_branch_operator.py for tasks to queue
[2024-02-07T16:12:22.228+0000] {logging_mixin.py:188} INFO - [2024-02-07T16:12:22.228+0000] {dagbag.py:538} INFO - Filling up the DagBag from /home/airflow/.local/lib/python3.8/site-packages/airflow/example_dags/example_branch_operator.py
[2024-02-07T16:12:22.248+0000] {processor.py:840} INFO - DAG(s) 'example_branch_operator' retrieved from /home/airflow/.local/lib/python3.8/site-packages/airflow/example_dags/example_branch_operator.py
[2024-02-07T16:12:22.275+0000] {logging_mixin.py:188} INFO - [2024-02-07T16:12:22.275+0000] {dag.py:3036} INFO - Sync 1 DAGs
[2024-02-07T16:12:22.300+0000] {logging_mixin.py:188} INFO - [2024-02-07T16:12:22.300+0000] {dag.py:3823} INFO - Setting next_dagrun for example_branch_operator to 2024-02-06 00:00:00+00:00, run_after=2024-02-07 00:00:00+00:00
[2024-02-07T16:12:22.319+0000] {processor.py:183} INFO - Processing /home/airflow/.local/lib/python3.8/site-packages/airflow/example_dags/example_branch_operator.py took 0.097 seconds
[2024-02-07T16:12:52.451+0000] {processor.py:161} INFO - Started process (PID=264) to work on /home/airflow/.local/lib/python3.8/site-packages/airflow/example_dags/example_branch_operator.py
[2024-02-07T16:12:52.452+0000] {processor.py:830} INFO - Processing file /home/airflow/.local/lib/python3.8/site-packages/airflow/example_dags/example_branch_operator.py for tasks to queue
[2024-02-07T16:12:52.454+0000] {logging_mixin.py:188} INFO - [2024-02-07T16:12:52.454+0000] {dagbag.py:538} INFO - Filling up the DagBag from /home/airflow/.local/lib/python3.8/site-packages/airflow/example_dags/example_branch_operator.py
[2024-02-07T16:12:52.474+0000] {processor.py:840} INFO - DAG(s) 'example_branch_operator' retrieved from /home/airflow/.local/lib/python3.8/site-packages/airflow/example_dags/example_branch_operator.py
[2024-02-07T16:12:52.502+0000] {logging_mixin.py:188} INFO - [2024-02-07T16:12:52.502+0000] {dag.py:3036} INFO - Sync 1 DAGs
[2024-02-07T16:12:52.526+0000] {logging_mixin.py:188} INFO - [2024-02-07T16:12:52.526+0000] {dag.py:3823} INFO - Setting next_dagrun for example_branch_operator to 2024-02-06 00:00:00+00:00, run_after=2024-02-07 00:00:00+00:00
[2024-02-07T16:12:52.544+0000] {processor.py:183} INFO - Processing /home/airflow/.local/lib/python3.8/site-packages/airflow/example_dags/example_branch_operator.py took 0.097 seconds
[2024-02-07T16:13:22.660+0000] {processor.py:161} INFO - Started process (PID=321) to work on /home/airflow/.local/lib/python3.8/site-packages/airflow/example_dags/example_branch_operator.py
[2024-02-07T16:13:22.661+0000] {processor.py:830} INFO - Processing file /home/airflow/.local/lib/python3.8/site-packages/airflow/example_dags/example_branch_operator.py for tasks to queue
[2024-02-07T16:13:22.663+0000] {logging_mixin.py:188} INFO - [2024-02-07T16:13:22.663+0000] {dagbag.py:538} INFO - Filling up the DagBag from /home/airflow/.local/lib/python3.8/site-packages/airflow/example_dags/example_branch_operator.py
[2024-02-07T16:13:22.682+0000] {processor.py:840} INFO - DAG(s) 'example_branch_operator' retrieved from /home/airflow/.local/lib/python3.8/site-packages/airflow/example_dags/example_branch_operator.py
[2024-02-07T16:13:22.709+0000] {logging_mixin.py:188} INFO - [2024-02-07T16:13:22.709+0000] {dag.py:3036} INFO - Sync 1 DAGs
[2024-02-07T16:13:22.732+0000] {logging_mixin.py:188} INFO - [2024-02-07T16:13:22.732+0000] {dag.py:3823} INFO - Setting next_dagrun for example_branch_operator to 2024-02-06 00:00:00+00:00, run_after=2024-02-07 00:00:00+00:00
[2024-02-07T16:13:22.752+0000] {processor.py:183} INFO - Processing /home/airflow/.local/lib/python3.8/site-packages/airflow/example_dags/example_branch_operator.py took 0.095 seconds
[2024-02-07T16:13:53.149+0000] {processor.py:161} INFO - Started process (PID=378) to work on /home/airflow/.local/lib/python3.8/site-packages/airflow/example_dags/example_branch_operator.py
[2024-02-07T16:13:53.151+0000] {processor.py:830} INFO - Processing file /home/airflow/.local/lib/python3.8/site-packages/airflow/example_dags/example_branch_operator.py for tasks to queue
[2024-02-07T16:13:53.152+0000] {logging_mixin.py:188} INFO - [2024-02-07T16:13:53.152+0000] {dagbag.py:538} INFO - Filling up the DagBag from /home/airflow/.local/lib/python3.8/site-packages/airflow/example_dags/example_branch_operator.py
[2024-02-07T16:13:53.171+0000] {processor.py:840} INFO - DAG(s) 'example_branch_operator' retrieved from /home/airflow/.local/lib/python3.8/site-packages/airflow/example_dags/example_branch_operator.py
[2024-02-07T16:13:53.197+0000] {logging_mixin.py:188} INFO - [2024-02-07T16:13:53.197+0000] {dag.py:3036} INFO - Sync 1 DAGs
[2024-02-07T16:13:53.219+0000] {logging_mixin.py:188} INFO - [2024-02-07T16:13:53.219+0000] {dag.py:3823} INFO - Setting next_dagrun for example_branch_operator to 2024-02-06 00:00:00+00:00, run_after=2024-02-07 00:00:00+00:00
[2024-02-07T16:13:53.238+0000] {processor.py:183} INFO - Processing /home/airflow/.local/lib/python3.8/site-packages/airflow/example_dags/example_branch_operator.py took 0.093 seconds
[2024-02-07T16:14:23.288+0000] {processor.py:161} INFO - Started process (PID=435) to work on /home/airflow/.local/lib/python3.8/site-packages/airflow/example_dags/example_branch_operator.py
[2024-02-07T16:14:23.289+0000] {processor.py:830} INFO - Processing file /home/airflow/.local/lib/python3.8/site-packages/airflow/example_dags/example_branch_operator.py for tasks to queue
[2024-02-07T16:14:23.291+0000] {logging_mixin.py:188} INFO - [2024-02-07T16:14:23.291+0000] {dagbag.py:538} INFO - Filling up the DagBag from /home/airflow/.local/lib/python3.8/site-packages/airflow/example_dags/example_branch_operator.py
[2024-02-07T16:14:23.307+0000] {processor.py:840} INFO - DAG(s) 'example_branch_operator' retrieved from /home/airflow/.local/lib/python3.8/site-packages/airflow/example_dags/example_branch_operator.py
[2024-02-07T16:14:23.335+0000] {logging_mixin.py:188} INFO - [2024-02-07T16:14:23.335+0000] {dag.py:3036} INFO - Sync 1 DAGs
[2024-02-07T16:14:23.362+0000] {logging_mixin.py:188} INFO - [2024-02-07T16:14:23.362+0000] {dag.py:3823} INFO - Setting next_dagrun for example_branch_operator to 2024-02-06 00:00:00+00:00, run_after=2024-02-07 00:00:00+00:00
[2024-02-07T16:14:23.385+0000] {processor.py:183} INFO - Processing /home/airflow/.local/lib/python3.8/site-packages/airflow/example_dags/example_branch_operator.py took 0.100 seconds
[2024-02-07T16:14:53.456+0000] {processor.py:161} INFO - Started process (PID=492) to work on /home/airflow/.local/lib/python3.8/site-packages/airflow/example_dags/example_branch_operator.py
[2024-02-07T16:14:53.457+0000] {processor.py:830} INFO - Processing file /home/airflow/.local/lib/python3.8/site-packages/airflow/example_dags/example_branch_operator.py for tasks to queue
[2024-02-07T16:14:53.459+0000] {logging_mixin.py:188} INFO - [2024-02-07T16:14:53.459+0000] {dagbag.py:538} INFO - Filling up the DagBag from /home/airflow/.local/lib/python3.8/site-packages/airflow/example_dags/example_branch_operator.py
[2024-02-07T16:14:53.484+0000] {processor.py:840} INFO - DAG(s) 'example_branch_operator' retrieved from /home/airflow/.local/lib/python3.8/site-packages/airflow/example_dags/example_branch_operator.py
[2024-02-07T16:14:53.511+0000] {logging_mixin.py:188} INFO - [2024-02-07T16:14:53.511+0000] {dag.py:3036} INFO - Sync 1 DAGs
[2024-02-07T16:14:53.533+0000] {logging_mixin.py:188} INFO - [2024-02-07T16:14:53.533+0000] {dag.py:3823} INFO - Setting next_dagrun for example_branch_operator to 2024-02-06 00:00:00+00:00, run_after=2024-02-07 00:00:00+00:00
[2024-02-07T16:14:53.551+0000] {processor.py:183} INFO - Processing /home/airflow/.local/lib/python3.8/site-packages/airflow/example_dags/example_branch_operator.py took 0.097 seconds
[2024-02-07T16:23:23.390+0000] {processor.py:161} INFO - Started process (PID=37) to work on /home/airflow/.local/lib/python3.8/site-packages/airflow/example_dags/example_branch_operator.py
[2024-02-07T16:23:23.391+0000] {processor.py:830} INFO - Processing file /home/airflow/.local/lib/python3.8/site-packages/airflow/example_dags/example_branch_operator.py for tasks to queue
[2024-02-07T16:23:23.392+0000] {logging_mixin.py:188} INFO - [2024-02-07T16:23:23.392+0000] {dagbag.py:538} INFO - Filling up the DagBag from /home/airflow/.local/lib/python3.8/site-packages/airflow/example_dags/example_branch_operator.py
[2024-02-07T16:23:23.417+0000] {processor.py:840} INFO - DAG(s) 'example_branch_operator' retrieved from /home/airflow/.local/lib/python3.8/site-packages/airflow/example_dags/example_branch_operator.py
[2024-02-07T16:23:23.429+0000] {logging_mixin.py:188} INFO - [2024-02-07T16:23:23.429+0000] {dag.py:3036} INFO - Sync 1 DAGs
[2024-02-07T16:23:23.457+0000] {logging_mixin.py:188} INFO - [2024-02-07T16:23:23.457+0000] {dag.py:3823} INFO - Setting next_dagrun for example_branch_operator to 2024-02-06 00:00:00+00:00, run_after=2024-02-07 00:00:00+00:00
[2024-02-07T16:23:23.477+0000] {processor.py:183} INFO - Processing /home/airflow/.local/lib/python3.8/site-packages/airflow/example_dags/example_branch_operator.py took 0.090 seconds
[2024-02-07T16:23:53.595+0000] {processor.py:161} INFO - Started process (PID=93) to work on /home/airflow/.local/lib/python3.8/site-packages/airflow/example_dags/example_branch_operator.py
[2024-02-07T16:23:53.595+0000] {processor.py:830} INFO - Processing file /home/airflow/.local/lib/python3.8/site-packages/airflow/example_dags/example_branch_operator.py for tasks to queue
[2024-02-07T16:23:53.597+0000] {logging_mixin.py:188} INFO - [2024-02-07T16:23:53.597+0000] {dagbag.py:538} INFO - Filling up the DagBag from /home/airflow/.local/lib/python3.8/site-packages/airflow/example_dags/example_branch_operator.py
[2024-02-07T16:23:53.614+0000] {processor.py:840} INFO - DAG(s) 'example_branch_operator' retrieved from /home/airflow/.local/lib/python3.8/site-packages/airflow/example_dags/example_branch_operator.py
[2024-02-07T16:23:53.714+0000] {logging_mixin.py:188} INFO - [2024-02-07T16:23:53.714+0000] {dag.py:3036} INFO - Sync 1 DAGs
[2024-02-07T16:23:53.734+0000] {logging_mixin.py:188} INFO - [2024-02-07T16:23:53.733+0000] {dag.py:3823} INFO - Setting next_dagrun for example_branch_operator to 2024-02-06 00:00:00+00:00, run_after=2024-02-07 00:00:00+00:00
[2024-02-07T16:23:53.751+0000] {processor.py:183} INFO - Processing /home/airflow/.local/lib/python3.8/site-packages/airflow/example_dags/example_branch_operator.py took 0.159 seconds
[2024-02-07T16:24:24.075+0000] {processor.py:161} INFO - Started process (PID=150) to work on /home/airflow/.local/lib/python3.8/site-packages/airflow/example_dags/example_branch_operator.py
[2024-02-07T16:24:24.076+0000] {processor.py:830} INFO - Processing file /home/airflow/.local/lib/python3.8/site-packages/airflow/example_dags/example_branch_operator.py for tasks to queue
[2024-02-07T16:24:24.077+0000] {logging_mixin.py:188} INFO - [2024-02-07T16:24:24.077+0000] {dagbag.py:538} INFO - Filling up the DagBag from /home/airflow/.local/lib/python3.8/site-packages/airflow/example_dags/example_branch_operator.py
[2024-02-07T16:24:24.096+0000] {processor.py:840} INFO - DAG(s) 'example_branch_operator' retrieved from /home/airflow/.local/lib/python3.8/site-packages/airflow/example_dags/example_branch_operator.py
[2024-02-07T16:24:24.124+0000] {logging_mixin.py:188} INFO - [2024-02-07T16:24:24.124+0000] {dag.py:3036} INFO - Sync 1 DAGs
[2024-02-07T16:24:24.150+0000] {logging_mixin.py:188} INFO - [2024-02-07T16:24:24.150+0000] {dag.py:3823} INFO - Setting next_dagrun for example_branch_operator to 2024-02-06 00:00:00+00:00, run_after=2024-02-07 00:00:00+00:00
[2024-02-07T16:24:24.169+0000] {processor.py:183} INFO - Processing /home/airflow/.local/lib/python3.8/site-packages/airflow/example_dags/example_branch_operator.py took 0.098 seconds
[2024-02-07T16:24:54.233+0000] {processor.py:161} INFO - Started process (PID=207) to work on /home/airflow/.local/lib/python3.8/site-packages/airflow/example_dags/example_branch_operator.py
[2024-02-07T16:24:54.234+0000] {processor.py:830} INFO - Processing file /home/airflow/.local/lib/python3.8/site-packages/airflow/example_dags/example_branch_operator.py for tasks to queue
[2024-02-07T16:24:54.236+0000] {logging_mixin.py:188} INFO - [2024-02-07T16:24:54.236+0000] {dagbag.py:538} INFO - Filling up the DagBag from /home/airflow/.local/lib/python3.8/site-packages/airflow/example_dags/example_branch_operator.py
[2024-02-07T16:24:54.254+0000] {processor.py:840} INFO - DAG(s) 'example_branch_operator' retrieved from /home/airflow/.local/lib/python3.8/site-packages/airflow/example_dags/example_branch_operator.py
[2024-02-07T16:24:54.282+0000] {logging_mixin.py:188} INFO - [2024-02-07T16:24:54.282+0000] {dag.py:3036} INFO - Sync 1 DAGs
[2024-02-07T16:24:54.312+0000] {logging_mixin.py:188} INFO - [2024-02-07T16:24:54.311+0000] {dag.py:3823} INFO - Setting next_dagrun for example_branch_operator to 2024-02-06 00:00:00+00:00, run_after=2024-02-07 00:00:00+00:00
[2024-02-07T16:24:54.329+0000] {processor.py:183} INFO - Processing /home/airflow/.local/lib/python3.8/site-packages/airflow/example_dags/example_branch_operator.py took 0.100 seconds
[2024-02-07T16:25:24.527+0000] {processor.py:161} INFO - Started process (PID=264) to work on /home/airflow/.local/lib/python3.8/site-packages/airflow/example_dags/example_branch_operator.py
[2024-02-07T16:25:24.528+0000] {processor.py:830} INFO - Processing file /home/airflow/.local/lib/python3.8/site-packages/airflow/example_dags/example_branch_operator.py for tasks to queue
[2024-02-07T16:25:24.530+0000] {logging_mixin.py:188} INFO - [2024-02-07T16:25:24.529+0000] {dagbag.py:538} INFO - Filling up the DagBag from /home/airflow/.local/lib/python3.8/site-packages/airflow/example_dags/example_branch_operator.py
[2024-02-07T16:25:24.549+0000] {processor.py:840} INFO - DAG(s) 'example_branch_operator' retrieved from /home/airflow/.local/lib/python3.8/site-packages/airflow/example_dags/example_branch_operator.py
[2024-02-07T16:25:24.576+0000] {logging_mixin.py:188} INFO - [2024-02-07T16:25:24.576+0000] {dag.py:3036} INFO - Sync 1 DAGs
[2024-02-07T16:25:24.601+0000] {logging_mixin.py:188} INFO - [2024-02-07T16:25:24.601+0000] {dag.py:3823} INFO - Setting next_dagrun for example_branch_operator to 2024-02-06 00:00:00+00:00, run_after=2024-02-07 00:00:00+00:00
[2024-02-07T16:25:24.624+0000] {processor.py:183} INFO - Processing /home/airflow/.local/lib/python3.8/site-packages/airflow/example_dags/example_branch_operator.py took 0.101 seconds
[2024-02-07T16:25:54.737+0000] {processor.py:161} INFO - Started process (PID=321) to work on /home/airflow/.local/lib/python3.8/site-packages/airflow/example_dags/example_branch_operator.py
[2024-02-07T16:25:54.738+0000] {processor.py:830} INFO - Processing file /home/airflow/.local/lib/python3.8/site-packages/airflow/example_dags/example_branch_operator.py for tasks to queue
[2024-02-07T16:25:54.740+0000] {logging_mixin.py:188} INFO - [2024-02-07T16:25:54.740+0000] {dagbag.py:538} INFO - Filling up the DagBag from /home/airflow/.local/lib/python3.8/site-packages/airflow/example_dags/example_branch_operator.py
[2024-02-07T16:25:54.757+0000] {processor.py:840} INFO - DAG(s) 'example_branch_operator' retrieved from /home/airflow/.local/lib/python3.8/site-packages/airflow/example_dags/example_branch_operator.py
[2024-02-07T16:25:54.783+0000] {logging_mixin.py:188} INFO - [2024-02-07T16:25:54.782+0000] {dag.py:3036} INFO - Sync 1 DAGs
[2024-02-07T16:25:54.804+0000] {logging_mixin.py:188} INFO - [2024-02-07T16:25:54.804+0000] {dag.py:3823} INFO - Setting next_dagrun for example_branch_operator to 2024-02-06 00:00:00+00:00, run_after=2024-02-07 00:00:00+00:00
[2024-02-07T16:25:54.822+0000] {processor.py:183} INFO - Processing /home/airflow/.local/lib/python3.8/site-packages/airflow/example_dags/example_branch_operator.py took 0.088 seconds
[2024-02-07T16:48:19.636+0000] {processor.py:161} INFO - Started process (PID=36) to work on /home/airflow/.local/lib/python3.8/site-packages/airflow/example_dags/example_branch_operator.py
[2024-02-07T16:48:19.637+0000] {processor.py:830} INFO - Processing file /home/airflow/.local/lib/python3.8/site-packages/airflow/example_dags/example_branch_operator.py for tasks to queue
[2024-02-07T16:48:19.640+0000] {logging_mixin.py:188} INFO - [2024-02-07T16:48:19.640+0000] {dagbag.py:538} INFO - Filling up the DagBag from /home/airflow/.local/lib/python3.8/site-packages/airflow/example_dags/example_branch_operator.py
[2024-02-07T16:48:19.675+0000] {processor.py:840} INFO - DAG(s) 'example_branch_operator' retrieved from /home/airflow/.local/lib/python3.8/site-packages/airflow/example_dags/example_branch_operator.py
[2024-02-07T16:48:19.691+0000] {logging_mixin.py:188} INFO - [2024-02-07T16:48:19.691+0000] {dag.py:3036} INFO - Sync 1 DAGs
[2024-02-07T16:48:19.726+0000] {logging_mixin.py:188} INFO - [2024-02-07T16:48:19.726+0000] {dag.py:3823} INFO - Setting next_dagrun for example_branch_operator to 2024-02-06 00:00:00+00:00, run_after=2024-02-07 00:00:00+00:00
[2024-02-07T16:48:19.756+0000] {processor.py:183} INFO - Processing /home/airflow/.local/lib/python3.8/site-packages/airflow/example_dags/example_branch_operator.py took 0.124 seconds
[2024-02-07T16:48:50.075+0000] {processor.py:161} INFO - Started process (PID=92) to work on /home/airflow/.local/lib/python3.8/site-packages/airflow/example_dags/example_branch_operator.py
[2024-02-07T16:48:50.076+0000] {processor.py:830} INFO - Processing file /home/airflow/.local/lib/python3.8/site-packages/airflow/example_dags/example_branch_operator.py for tasks to queue
[2024-02-07T16:48:50.078+0000] {logging_mixin.py:188} INFO - [2024-02-07T16:48:50.078+0000] {dagbag.py:538} INFO - Filling up the DagBag from /home/airflow/.local/lib/python3.8/site-packages/airflow/example_dags/example_branch_operator.py
[2024-02-07T16:48:50.099+0000] {processor.py:840} INFO - DAG(s) 'example_branch_operator' retrieved from /home/airflow/.local/lib/python3.8/site-packages/airflow/example_dags/example_branch_operator.py
[2024-02-07T16:48:50.252+0000] {logging_mixin.py:188} INFO - [2024-02-07T16:48:50.252+0000] {dag.py:3036} INFO - Sync 1 DAGs
[2024-02-07T16:48:50.281+0000] {logging_mixin.py:188} INFO - [2024-02-07T16:48:50.281+0000] {dag.py:3823} INFO - Setting next_dagrun for example_branch_operator to 2024-02-06 00:00:00+00:00, run_after=2024-02-07 00:00:00+00:00
[2024-02-07T16:48:50.304+0000] {processor.py:183} INFO - Processing /home/airflow/.local/lib/python3.8/site-packages/airflow/example_dags/example_branch_operator.py took 0.234 seconds
[2024-02-07T16:49:20.781+0000] {processor.py:161} INFO - Started process (PID=149) to work on /home/airflow/.local/lib/python3.8/site-packages/airflow/example_dags/example_branch_operator.py
[2024-02-07T16:49:20.782+0000] {processor.py:830} INFO - Processing file /home/airflow/.local/lib/python3.8/site-packages/airflow/example_dags/example_branch_operator.py for tasks to queue
[2024-02-07T16:49:20.784+0000] {logging_mixin.py:188} INFO - [2024-02-07T16:49:20.784+0000] {dagbag.py:538} INFO - Filling up the DagBag from /home/airflow/.local/lib/python3.8/site-packages/airflow/example_dags/example_branch_operator.py
[2024-02-07T16:49:20.804+0000] {processor.py:840} INFO - DAG(s) 'example_branch_operator' retrieved from /home/airflow/.local/lib/python3.8/site-packages/airflow/example_dags/example_branch_operator.py
[2024-02-07T16:49:20.832+0000] {logging_mixin.py:188} INFO - [2024-02-07T16:49:20.832+0000] {dag.py:3036} INFO - Sync 1 DAGs
[2024-02-07T16:49:20.855+0000] {logging_mixin.py:188} INFO - [2024-02-07T16:49:20.855+0000] {dag.py:3823} INFO - Setting next_dagrun for example_branch_operator to 2024-02-06 00:00:00+00:00, run_after=2024-02-07 00:00:00+00:00
[2024-02-07T16:49:20.874+0000] {processor.py:183} INFO - Processing /home/airflow/.local/lib/python3.8/site-packages/airflow/example_dags/example_branch_operator.py took 0.097 seconds
[2024-02-07T16:49:50.932+0000] {processor.py:161} INFO - Started process (PID=207) to work on /home/airflow/.local/lib/python3.8/site-packages/airflow/example_dags/example_branch_operator.py
[2024-02-07T16:49:50.933+0000] {processor.py:830} INFO - Processing file /home/airflow/.local/lib/python3.8/site-packages/airflow/example_dags/example_branch_operator.py for tasks to queue
[2024-02-07T16:49:50.934+0000] {logging_mixin.py:188} INFO - [2024-02-07T16:49:50.934+0000] {dagbag.py:538} INFO - Filling up the DagBag from /home/airflow/.local/lib/python3.8/site-packages/airflow/example_dags/example_branch_operator.py
[2024-02-07T16:49:50.953+0000] {processor.py:840} INFO - DAG(s) 'example_branch_operator' retrieved from /home/airflow/.local/lib/python3.8/site-packages/airflow/example_dags/example_branch_operator.py
[2024-02-07T16:49:50.981+0000] {logging_mixin.py:188} INFO - [2024-02-07T16:49:50.980+0000] {dag.py:3036} INFO - Sync 1 DAGs
[2024-02-07T16:49:51.006+0000] {logging_mixin.py:188} INFO - [2024-02-07T16:49:51.006+0000] {dag.py:3823} INFO - Setting next_dagrun for example_branch_operator to 2024-02-06 00:00:00+00:00, run_after=2024-02-07 00:00:00+00:00
[2024-02-07T16:49:51.025+0000] {processor.py:183} INFO - Processing /home/airflow/.local/lib/python3.8/site-packages/airflow/example_dags/example_branch_operator.py took 0.096 seconds
[2024-02-07T16:50:21.477+0000] {processor.py:161} INFO - Started process (PID=264) to work on /home/airflow/.local/lib/python3.8/site-packages/airflow/example_dags/example_branch_operator.py
[2024-02-07T16:50:21.478+0000] {processor.py:830} INFO - Processing file /home/airflow/.local/lib/python3.8/site-packages/airflow/example_dags/example_branch_operator.py for tasks to queue
[2024-02-07T16:50:21.481+0000] {logging_mixin.py:188} INFO - [2024-02-07T16:50:21.480+0000] {dagbag.py:538} INFO - Filling up the DagBag from /home/airflow/.local/lib/python3.8/site-packages/airflow/example_dags/example_branch_operator.py
[2024-02-07T16:50:21.498+0000] {processor.py:840} INFO - DAG(s) 'example_branch_operator' retrieved from /home/airflow/.local/lib/python3.8/site-packages/airflow/example_dags/example_branch_operator.py
[2024-02-07T16:50:21.531+0000] {logging_mixin.py:188} INFO - [2024-02-07T16:50:21.531+0000] {dag.py:3036} INFO - Sync 1 DAGs
[2024-02-07T16:50:21.555+0000] {logging_mixin.py:188} INFO - [2024-02-07T16:50:21.554+0000] {dag.py:3823} INFO - Setting next_dagrun for example_branch_operator to 2024-02-06 00:00:00+00:00, run_after=2024-02-07 00:00:00+00:00
[2024-02-07T16:50:21.573+0000] {processor.py:183} INFO - Processing /home/airflow/.local/lib/python3.8/site-packages/airflow/example_dags/example_branch_operator.py took 0.101 seconds
[2024-02-07T16:50:52.270+0000] {processor.py:161} INFO - Started process (PID=321) to work on /home/airflow/.local/lib/python3.8/site-packages/airflow/example_dags/example_branch_operator.py
[2024-02-07T16:50:52.273+0000] {processor.py:830} INFO - Processing file /home/airflow/.local/lib/python3.8/site-packages/airflow/example_dags/example_branch_operator.py for tasks to queue
[2024-02-07T16:50:52.277+0000] {logging_mixin.py:188} INFO - [2024-02-07T16:50:52.276+0000] {dagbag.py:538} INFO - Filling up the DagBag from /home/airflow/.local/lib/python3.8/site-packages/airflow/example_dags/example_branch_operator.py
[2024-02-07T16:50:52.325+0000] {processor.py:840} INFO - DAG(s) 'example_branch_operator' retrieved from /home/airflow/.local/lib/python3.8/site-packages/airflow/example_dags/example_branch_operator.py
[2024-02-07T16:50:52.401+0000] {logging_mixin.py:188} INFO - [2024-02-07T16:50:52.400+0000] {dag.py:3036} INFO - Sync 1 DAGs
[2024-02-07T16:50:52.463+0000] {logging_mixin.py:188} INFO - [2024-02-07T16:50:52.462+0000] {dag.py:3823} INFO - Setting next_dagrun for example_branch_operator to 2024-02-06 00:00:00+00:00, run_after=2024-02-07 00:00:00+00:00
[2024-02-07T16:50:52.510+0000] {processor.py:183} INFO - Processing /home/airflow/.local/lib/python3.8/site-packages/airflow/example_dags/example_branch_operator.py took 0.247 seconds
