[2024-02-07T14:34:02.861+0000] {processor.py:161} INFO - Started process (PID=54) to work on /home/airflow/.local/lib/python3.8/site-packages/airflow/example_dags/example_bash_operator.py
[2024-02-07T14:34:02.863+0000] {processor.py:830} INFO - Processing file /home/airflow/.local/lib/python3.8/site-packages/airflow/example_dags/example_bash_operator.py for tasks to queue
[2024-02-07T14:34:02.866+0000] {logging_mixin.py:188} INFO - [2024-02-07T14:34:02.865+0000] {dagbag.py:538} INFO - Filling up the DagBag from /home/airflow/.local/lib/python3.8/site-packages/airflow/example_dags/example_bash_operator.py
[2024-02-07T14:34:02.890+0000] {processor.py:840} INFO - DAG(s) 'example_bash_operator' retrieved from /home/airflow/.local/lib/python3.8/site-packages/airflow/example_dags/example_bash_operator.py
[2024-02-07T14:34:02.904+0000] {logging_mixin.py:188} INFO - [2024-02-07T14:34:02.904+0000] {dag.py:3036} INFO - Sync 1 DAGs
[2024-02-07T14:34:02.938+0000] {logging_mixin.py:188} INFO - [2024-02-07T14:34:02.938+0000] {dag.py:3823} INFO - Setting next_dagrun for example_bash_operator to 2024-02-06 00:00:00+00:00, run_after=2024-02-07 00:00:00+00:00
[2024-02-07T14:34:02.964+0000] {processor.py:183} INFO - Processing /home/airflow/.local/lib/python3.8/site-packages/airflow/example_dags/example_bash_operator.py took 0.109 seconds
[2024-02-07T14:34:33.656+0000] {processor.py:161} INFO - Started process (PID=111) to work on /home/airflow/.local/lib/python3.8/site-packages/airflow/example_dags/example_bash_operator.py
[2024-02-07T14:34:33.658+0000] {processor.py:830} INFO - Processing file /home/airflow/.local/lib/python3.8/site-packages/airflow/example_dags/example_bash_operator.py for tasks to queue
[2024-02-07T14:34:33.660+0000] {logging_mixin.py:188} INFO - [2024-02-07T14:34:33.659+0000] {dagbag.py:538} INFO - Filling up the DagBag from /home/airflow/.local/lib/python3.8/site-packages/airflow/example_dags/example_bash_operator.py
[2024-02-07T14:34:33.682+0000] {processor.py:840} INFO - DAG(s) 'example_bash_operator' retrieved from /home/airflow/.local/lib/python3.8/site-packages/airflow/example_dags/example_bash_operator.py
[2024-02-07T14:34:33.879+0000] {logging_mixin.py:188} INFO - [2024-02-07T14:34:33.879+0000] {dag.py:3036} INFO - Sync 1 DAGs
[2024-02-07T14:34:33.925+0000] {logging_mixin.py:188} INFO - [2024-02-07T14:34:33.924+0000] {dag.py:3823} INFO - Setting next_dagrun for example_bash_operator to 2024-02-06 00:00:00+00:00, run_after=2024-02-07 00:00:00+00:00
[2024-02-07T14:34:33.964+0000] {processor.py:183} INFO - Processing /home/airflow/.local/lib/python3.8/site-packages/airflow/example_dags/example_bash_operator.py took 0.312 seconds
[2024-02-07T14:35:04.125+0000] {processor.py:161} INFO - Started process (PID=167) to work on /home/airflow/.local/lib/python3.8/site-packages/airflow/example_dags/example_bash_operator.py
[2024-02-07T14:35:04.125+0000] {processor.py:830} INFO - Processing file /home/airflow/.local/lib/python3.8/site-packages/airflow/example_dags/example_bash_operator.py for tasks to queue
[2024-02-07T14:35:04.127+0000] {logging_mixin.py:188} INFO - [2024-02-07T14:35:04.127+0000] {dagbag.py:538} INFO - Filling up the DagBag from /home/airflow/.local/lib/python3.8/site-packages/airflow/example_dags/example_bash_operator.py
[2024-02-07T14:35:04.138+0000] {processor.py:840} INFO - DAG(s) 'example_bash_operator' retrieved from /home/airflow/.local/lib/python3.8/site-packages/airflow/example_dags/example_bash_operator.py
[2024-02-07T14:35:04.167+0000] {logging_mixin.py:188} INFO - [2024-02-07T14:35:04.166+0000] {dag.py:3036} INFO - Sync 1 DAGs
[2024-02-07T14:35:04.189+0000] {logging_mixin.py:188} INFO - [2024-02-07T14:35:04.189+0000] {dag.py:3823} INFO - Setting next_dagrun for example_bash_operator to 2024-02-06 00:00:00+00:00, run_after=2024-02-07 00:00:00+00:00
[2024-02-07T14:35:04.206+0000] {processor.py:183} INFO - Processing /home/airflow/.local/lib/python3.8/site-packages/airflow/example_dags/example_bash_operator.py took 0.085 seconds
[2024-02-07T14:35:34.655+0000] {processor.py:161} INFO - Started process (PID=223) to work on /home/airflow/.local/lib/python3.8/site-packages/airflow/example_dags/example_bash_operator.py
[2024-02-07T14:35:34.656+0000] {processor.py:830} INFO - Processing file /home/airflow/.local/lib/python3.8/site-packages/airflow/example_dags/example_bash_operator.py for tasks to queue
[2024-02-07T14:35:34.658+0000] {logging_mixin.py:188} INFO - [2024-02-07T14:35:34.657+0000] {dagbag.py:538} INFO - Filling up the DagBag from /home/airflow/.local/lib/python3.8/site-packages/airflow/example_dags/example_bash_operator.py
[2024-02-07T14:35:34.669+0000] {processor.py:840} INFO - DAG(s) 'example_bash_operator' retrieved from /home/airflow/.local/lib/python3.8/site-packages/airflow/example_dags/example_bash_operator.py
[2024-02-07T14:35:34.701+0000] {logging_mixin.py:188} INFO - [2024-02-07T14:35:34.701+0000] {dag.py:3036} INFO - Sync 1 DAGs
[2024-02-07T14:35:34.727+0000] {logging_mixin.py:188} INFO - [2024-02-07T14:35:34.727+0000] {dag.py:3823} INFO - Setting next_dagrun for example_bash_operator to 2024-02-06 00:00:00+00:00, run_after=2024-02-07 00:00:00+00:00
[2024-02-07T14:35:34.745+0000] {processor.py:183} INFO - Processing /home/airflow/.local/lib/python3.8/site-packages/airflow/example_dags/example_bash_operator.py took 0.093 seconds
[2024-02-07T14:43:07.483+0000] {processor.py:161} INFO - Started process (PID=54) to work on /home/airflow/.local/lib/python3.8/site-packages/airflow/example_dags/example_bash_operator.py
[2024-02-07T14:43:07.484+0000] {processor.py:830} INFO - Processing file /home/airflow/.local/lib/python3.8/site-packages/airflow/example_dags/example_bash_operator.py for tasks to queue
[2024-02-07T14:43:07.486+0000] {logging_mixin.py:188} INFO - [2024-02-07T14:43:07.486+0000] {dagbag.py:538} INFO - Filling up the DagBag from /home/airflow/.local/lib/python3.8/site-packages/airflow/example_dags/example_bash_operator.py
[2024-02-07T14:43:07.504+0000] {processor.py:840} INFO - DAG(s) 'example_bash_operator' retrieved from /home/airflow/.local/lib/python3.8/site-packages/airflow/example_dags/example_bash_operator.py
[2024-02-07T14:43:07.517+0000] {logging_mixin.py:188} INFO - [2024-02-07T14:43:07.517+0000] {dag.py:3036} INFO - Sync 1 DAGs
[2024-02-07T14:43:07.559+0000] {logging_mixin.py:188} INFO - [2024-02-07T14:43:07.559+0000] {dag.py:3823} INFO - Setting next_dagrun for example_bash_operator to 2024-02-06 00:00:00+00:00, run_after=2024-02-07 00:00:00+00:00
[2024-02-07T14:43:07.597+0000] {processor.py:183} INFO - Processing /home/airflow/.local/lib/python3.8/site-packages/airflow/example_dags/example_bash_operator.py took 0.117 seconds
[2024-02-07T14:43:38.309+0000] {processor.py:161} INFO - Started process (PID=111) to work on /home/airflow/.local/lib/python3.8/site-packages/airflow/example_dags/example_bash_operator.py
[2024-02-07T14:43:38.310+0000] {processor.py:830} INFO - Processing file /home/airflow/.local/lib/python3.8/site-packages/airflow/example_dags/example_bash_operator.py for tasks to queue
[2024-02-07T14:43:38.313+0000] {logging_mixin.py:188} INFO - [2024-02-07T14:43:38.312+0000] {dagbag.py:538} INFO - Filling up the DagBag from /home/airflow/.local/lib/python3.8/site-packages/airflow/example_dags/example_bash_operator.py
[2024-02-07T14:43:38.330+0000] {processor.py:840} INFO - DAG(s) 'example_bash_operator' retrieved from /home/airflow/.local/lib/python3.8/site-packages/airflow/example_dags/example_bash_operator.py
[2024-02-07T14:43:38.486+0000] {logging_mixin.py:188} INFO - [2024-02-07T14:43:38.486+0000] {dag.py:3036} INFO - Sync 1 DAGs
[2024-02-07T14:43:38.510+0000] {logging_mixin.py:188} INFO - [2024-02-07T14:43:38.510+0000] {dag.py:3823} INFO - Setting next_dagrun for example_bash_operator to 2024-02-06 00:00:00+00:00, run_after=2024-02-07 00:00:00+00:00
[2024-02-07T14:43:38.529+0000] {processor.py:183} INFO - Processing /home/airflow/.local/lib/python3.8/site-packages/airflow/example_dags/example_bash_operator.py took 0.224 seconds
[2024-02-07T14:44:08.810+0000] {processor.py:161} INFO - Started process (PID=168) to work on /home/airflow/.local/lib/python3.8/site-packages/airflow/example_dags/example_bash_operator.py
[2024-02-07T14:44:08.811+0000] {processor.py:830} INFO - Processing file /home/airflow/.local/lib/python3.8/site-packages/airflow/example_dags/example_bash_operator.py for tasks to queue
[2024-02-07T14:44:08.812+0000] {logging_mixin.py:188} INFO - [2024-02-07T14:44:08.812+0000] {dagbag.py:538} INFO - Filling up the DagBag from /home/airflow/.local/lib/python3.8/site-packages/airflow/example_dags/example_bash_operator.py
[2024-02-07T14:44:08.830+0000] {processor.py:840} INFO - DAG(s) 'example_bash_operator' retrieved from /home/airflow/.local/lib/python3.8/site-packages/airflow/example_dags/example_bash_operator.py
[2024-02-07T14:44:08.883+0000] {logging_mixin.py:188} INFO - [2024-02-07T14:44:08.883+0000] {dag.py:3036} INFO - Sync 1 DAGs
[2024-02-07T14:44:08.920+0000] {logging_mixin.py:188} INFO - [2024-02-07T14:44:08.919+0000] {dag.py:3823} INFO - Setting next_dagrun for example_bash_operator to 2024-02-06 00:00:00+00:00, run_after=2024-02-07 00:00:00+00:00
[2024-02-07T14:44:08.942+0000] {processor.py:183} INFO - Processing /home/airflow/.local/lib/python3.8/site-packages/airflow/example_dags/example_bash_operator.py took 0.136 seconds
[2024-02-07T14:44:38.966+0000] {processor.py:161} INFO - Started process (PID=223) to work on /home/airflow/.local/lib/python3.8/site-packages/airflow/example_dags/example_bash_operator.py
[2024-02-07T14:44:38.967+0000] {processor.py:830} INFO - Processing file /home/airflow/.local/lib/python3.8/site-packages/airflow/example_dags/example_bash_operator.py for tasks to queue
[2024-02-07T14:44:38.969+0000] {logging_mixin.py:188} INFO - [2024-02-07T14:44:38.968+0000] {dagbag.py:538} INFO - Filling up the DagBag from /home/airflow/.local/lib/python3.8/site-packages/airflow/example_dags/example_bash_operator.py
[2024-02-07T14:44:38.984+0000] {processor.py:840} INFO - DAG(s) 'example_bash_operator' retrieved from /home/airflow/.local/lib/python3.8/site-packages/airflow/example_dags/example_bash_operator.py
[2024-02-07T14:44:39.018+0000] {logging_mixin.py:188} INFO - [2024-02-07T14:44:39.018+0000] {dag.py:3036} INFO - Sync 1 DAGs
[2024-02-07T14:44:39.045+0000] {logging_mixin.py:188} INFO - [2024-02-07T14:44:39.044+0000] {dag.py:3823} INFO - Setting next_dagrun for example_bash_operator to 2024-02-06 00:00:00+00:00, run_after=2024-02-07 00:00:00+00:00
[2024-02-07T14:44:39.064+0000] {processor.py:183} INFO - Processing /home/airflow/.local/lib/python3.8/site-packages/airflow/example_dags/example_bash_operator.py took 0.102 seconds
[2024-02-07T14:45:09.219+0000] {processor.py:161} INFO - Started process (PID=280) to work on /home/airflow/.local/lib/python3.8/site-packages/airflow/example_dags/example_bash_operator.py
[2024-02-07T14:45:09.220+0000] {processor.py:830} INFO - Processing file /home/airflow/.local/lib/python3.8/site-packages/airflow/example_dags/example_bash_operator.py for tasks to queue
[2024-02-07T14:45:09.222+0000] {logging_mixin.py:188} INFO - [2024-02-07T14:45:09.221+0000] {dagbag.py:538} INFO - Filling up the DagBag from /home/airflow/.local/lib/python3.8/site-packages/airflow/example_dags/example_bash_operator.py
[2024-02-07T14:45:09.234+0000] {processor.py:840} INFO - DAG(s) 'example_bash_operator' retrieved from /home/airflow/.local/lib/python3.8/site-packages/airflow/example_dags/example_bash_operator.py
[2024-02-07T14:45:09.267+0000] {logging_mixin.py:188} INFO - [2024-02-07T14:45:09.267+0000] {dag.py:3036} INFO - Sync 1 DAGs
[2024-02-07T14:45:09.299+0000] {logging_mixin.py:188} INFO - [2024-02-07T14:45:09.299+0000] {dag.py:3823} INFO - Setting next_dagrun for example_bash_operator to 2024-02-06 00:00:00+00:00, run_after=2024-02-07 00:00:00+00:00
[2024-02-07T14:45:09.319+0000] {processor.py:183} INFO - Processing /home/airflow/.local/lib/python3.8/site-packages/airflow/example_dags/example_bash_operator.py took 0.103 seconds
[2024-02-07T14:45:39.596+0000] {processor.py:161} INFO - Started process (PID=337) to work on /home/airflow/.local/lib/python3.8/site-packages/airflow/example_dags/example_bash_operator.py
[2024-02-07T14:45:39.597+0000] {processor.py:830} INFO - Processing file /home/airflow/.local/lib/python3.8/site-packages/airflow/example_dags/example_bash_operator.py for tasks to queue
[2024-02-07T14:45:39.599+0000] {logging_mixin.py:188} INFO - [2024-02-07T14:45:39.599+0000] {dagbag.py:538} INFO - Filling up the DagBag from /home/airflow/.local/lib/python3.8/site-packages/airflow/example_dags/example_bash_operator.py
[2024-02-07T14:45:39.613+0000] {processor.py:840} INFO - DAG(s) 'example_bash_operator' retrieved from /home/airflow/.local/lib/python3.8/site-packages/airflow/example_dags/example_bash_operator.py
[2024-02-07T14:45:39.648+0000] {logging_mixin.py:188} INFO - [2024-02-07T14:45:39.648+0000] {dag.py:3036} INFO - Sync 1 DAGs
[2024-02-07T14:45:39.672+0000] {logging_mixin.py:188} INFO - [2024-02-07T14:45:39.672+0000] {dag.py:3823} INFO - Setting next_dagrun for example_bash_operator to 2024-02-06 00:00:00+00:00, run_after=2024-02-07 00:00:00+00:00
[2024-02-07T14:45:39.691+0000] {processor.py:183} INFO - Processing /home/airflow/.local/lib/python3.8/site-packages/airflow/example_dags/example_bash_operator.py took 0.099 seconds
[2024-02-07T14:46:10.046+0000] {processor.py:161} INFO - Started process (PID=394) to work on /home/airflow/.local/lib/python3.8/site-packages/airflow/example_dags/example_bash_operator.py
[2024-02-07T14:46:10.048+0000] {processor.py:830} INFO - Processing file /home/airflow/.local/lib/python3.8/site-packages/airflow/example_dags/example_bash_operator.py for tasks to queue
[2024-02-07T14:46:10.051+0000] {logging_mixin.py:188} INFO - [2024-02-07T14:46:10.050+0000] {dagbag.py:538} INFO - Filling up the DagBag from /home/airflow/.local/lib/python3.8/site-packages/airflow/example_dags/example_bash_operator.py
[2024-02-07T14:46:10.068+0000] {processor.py:840} INFO - DAG(s) 'example_bash_operator' retrieved from /home/airflow/.local/lib/python3.8/site-packages/airflow/example_dags/example_bash_operator.py
[2024-02-07T14:46:10.112+0000] {logging_mixin.py:188} INFO - [2024-02-07T14:46:10.112+0000] {dag.py:3036} INFO - Sync 1 DAGs
[2024-02-07T14:46:10.142+0000] {logging_mixin.py:188} INFO - [2024-02-07T14:46:10.142+0000] {dag.py:3823} INFO - Setting next_dagrun for example_bash_operator to 2024-02-06 00:00:00+00:00, run_after=2024-02-07 00:00:00+00:00
[2024-02-07T14:46:10.170+0000] {processor.py:183} INFO - Processing /home/airflow/.local/lib/python3.8/site-packages/airflow/example_dags/example_bash_operator.py took 0.128 seconds
[2024-02-07T14:46:41.031+0000] {processor.py:161} INFO - Started process (PID=451) to work on /home/airflow/.local/lib/python3.8/site-packages/airflow/example_dags/example_bash_operator.py
[2024-02-07T14:46:41.032+0000] {processor.py:830} INFO - Processing file /home/airflow/.local/lib/python3.8/site-packages/airflow/example_dags/example_bash_operator.py for tasks to queue
[2024-02-07T14:46:41.034+0000] {logging_mixin.py:188} INFO - [2024-02-07T14:46:41.034+0000] {dagbag.py:538} INFO - Filling up the DagBag from /home/airflow/.local/lib/python3.8/site-packages/airflow/example_dags/example_bash_operator.py
[2024-02-07T14:46:41.046+0000] {processor.py:840} INFO - DAG(s) 'example_bash_operator' retrieved from /home/airflow/.local/lib/python3.8/site-packages/airflow/example_dags/example_bash_operator.py
[2024-02-07T14:46:41.090+0000] {logging_mixin.py:188} INFO - [2024-02-07T14:46:41.090+0000] {dag.py:3036} INFO - Sync 1 DAGs
[2024-02-07T14:46:41.117+0000] {logging_mixin.py:188} INFO - [2024-02-07T14:46:41.117+0000] {dag.py:3823} INFO - Setting next_dagrun for example_bash_operator to 2024-02-06 00:00:00+00:00, run_after=2024-02-07 00:00:00+00:00
[2024-02-07T14:46:41.140+0000] {processor.py:183} INFO - Processing /home/airflow/.local/lib/python3.8/site-packages/airflow/example_dags/example_bash_operator.py took 0.112 seconds
[2024-02-07T14:47:11.377+0000] {processor.py:161} INFO - Started process (PID=508) to work on /home/airflow/.local/lib/python3.8/site-packages/airflow/example_dags/example_bash_operator.py
[2024-02-07T14:47:11.378+0000] {processor.py:830} INFO - Processing file /home/airflow/.local/lib/python3.8/site-packages/airflow/example_dags/example_bash_operator.py for tasks to queue
[2024-02-07T14:47:11.379+0000] {logging_mixin.py:188} INFO - [2024-02-07T14:47:11.379+0000] {dagbag.py:538} INFO - Filling up the DagBag from /home/airflow/.local/lib/python3.8/site-packages/airflow/example_dags/example_bash_operator.py
[2024-02-07T14:47:11.393+0000] {processor.py:840} INFO - DAG(s) 'example_bash_operator' retrieved from /home/airflow/.local/lib/python3.8/site-packages/airflow/example_dags/example_bash_operator.py
[2024-02-07T14:47:11.430+0000] {logging_mixin.py:188} INFO - [2024-02-07T14:47:11.429+0000] {dag.py:3036} INFO - Sync 1 DAGs
[2024-02-07T14:47:11.457+0000] {logging_mixin.py:188} INFO - [2024-02-07T14:47:11.456+0000] {dag.py:3823} INFO - Setting next_dagrun for example_bash_operator to 2024-02-06 00:00:00+00:00, run_after=2024-02-07 00:00:00+00:00
[2024-02-07T14:47:11.478+0000] {processor.py:183} INFO - Processing /home/airflow/.local/lib/python3.8/site-packages/airflow/example_dags/example_bash_operator.py took 0.105 seconds
[2024-02-07T14:47:41.689+0000] {processor.py:161} INFO - Started process (PID=565) to work on /home/airflow/.local/lib/python3.8/site-packages/airflow/example_dags/example_bash_operator.py
[2024-02-07T14:47:41.690+0000] {processor.py:830} INFO - Processing file /home/airflow/.local/lib/python3.8/site-packages/airflow/example_dags/example_bash_operator.py for tasks to queue
[2024-02-07T14:47:41.692+0000] {logging_mixin.py:188} INFO - [2024-02-07T14:47:41.692+0000] {dagbag.py:538} INFO - Filling up the DagBag from /home/airflow/.local/lib/python3.8/site-packages/airflow/example_dags/example_bash_operator.py
[2024-02-07T14:47:41.703+0000] {processor.py:840} INFO - DAG(s) 'example_bash_operator' retrieved from /home/airflow/.local/lib/python3.8/site-packages/airflow/example_dags/example_bash_operator.py
[2024-02-07T14:47:41.733+0000] {logging_mixin.py:188} INFO - [2024-02-07T14:47:41.733+0000] {dag.py:3036} INFO - Sync 1 DAGs
[2024-02-07T14:47:41.756+0000] {logging_mixin.py:188} INFO - [2024-02-07T14:47:41.755+0000] {dag.py:3823} INFO - Setting next_dagrun for example_bash_operator to 2024-02-06 00:00:00+00:00, run_after=2024-02-07 00:00:00+00:00
[2024-02-07T14:47:41.774+0000] {processor.py:183} INFO - Processing /home/airflow/.local/lib/python3.8/site-packages/airflow/example_dags/example_bash_operator.py took 0.088 seconds
[2024-02-07T14:48:12.248+0000] {processor.py:161} INFO - Started process (PID=622) to work on /home/airflow/.local/lib/python3.8/site-packages/airflow/example_dags/example_bash_operator.py
[2024-02-07T14:48:12.248+0000] {processor.py:830} INFO - Processing file /home/airflow/.local/lib/python3.8/site-packages/airflow/example_dags/example_bash_operator.py for tasks to queue
[2024-02-07T14:48:12.250+0000] {logging_mixin.py:188} INFO - [2024-02-07T14:48:12.250+0000] {dagbag.py:538} INFO - Filling up the DagBag from /home/airflow/.local/lib/python3.8/site-packages/airflow/example_dags/example_bash_operator.py
[2024-02-07T14:48:12.262+0000] {processor.py:840} INFO - DAG(s) 'example_bash_operator' retrieved from /home/airflow/.local/lib/python3.8/site-packages/airflow/example_dags/example_bash_operator.py
[2024-02-07T14:48:12.291+0000] {logging_mixin.py:188} INFO - [2024-02-07T14:48:12.291+0000] {dag.py:3036} INFO - Sync 1 DAGs
[2024-02-07T14:48:12.314+0000] {logging_mixin.py:188} INFO - [2024-02-07T14:48:12.314+0000] {dag.py:3823} INFO - Setting next_dagrun for example_bash_operator to 2024-02-06 00:00:00+00:00, run_after=2024-02-07 00:00:00+00:00
[2024-02-07T14:48:12.332+0000] {processor.py:183} INFO - Processing /home/airflow/.local/lib/python3.8/site-packages/airflow/example_dags/example_bash_operator.py took 0.088 seconds
[2024-02-07T14:48:42.616+0000] {processor.py:161} INFO - Started process (PID=679) to work on /home/airflow/.local/lib/python3.8/site-packages/airflow/example_dags/example_bash_operator.py
[2024-02-07T14:48:42.617+0000] {processor.py:830} INFO - Processing file /home/airflow/.local/lib/python3.8/site-packages/airflow/example_dags/example_bash_operator.py for tasks to queue
[2024-02-07T14:48:42.619+0000] {logging_mixin.py:188} INFO - [2024-02-07T14:48:42.618+0000] {dagbag.py:538} INFO - Filling up the DagBag from /home/airflow/.local/lib/python3.8/site-packages/airflow/example_dags/example_bash_operator.py
[2024-02-07T14:48:42.630+0000] {processor.py:840} INFO - DAG(s) 'example_bash_operator' retrieved from /home/airflow/.local/lib/python3.8/site-packages/airflow/example_dags/example_bash_operator.py
[2024-02-07T14:48:42.659+0000] {logging_mixin.py:188} INFO - [2024-02-07T14:48:42.658+0000] {dag.py:3036} INFO - Sync 1 DAGs
[2024-02-07T14:48:42.682+0000] {logging_mixin.py:188} INFO - [2024-02-07T14:48:42.681+0000] {dag.py:3823} INFO - Setting next_dagrun for example_bash_operator to 2024-02-06 00:00:00+00:00, run_after=2024-02-07 00:00:00+00:00
[2024-02-07T14:48:42.700+0000] {processor.py:183} INFO - Processing /home/airflow/.local/lib/python3.8/site-packages/airflow/example_dags/example_bash_operator.py took 0.087 seconds
[2024-02-07T14:49:12.798+0000] {processor.py:161} INFO - Started process (PID=736) to work on /home/airflow/.local/lib/python3.8/site-packages/airflow/example_dags/example_bash_operator.py
[2024-02-07T14:49:12.799+0000] {processor.py:830} INFO - Processing file /home/airflow/.local/lib/python3.8/site-packages/airflow/example_dags/example_bash_operator.py for tasks to queue
[2024-02-07T14:49:12.801+0000] {logging_mixin.py:188} INFO - [2024-02-07T14:49:12.801+0000] {dagbag.py:538} INFO - Filling up the DagBag from /home/airflow/.local/lib/python3.8/site-packages/airflow/example_dags/example_bash_operator.py
[2024-02-07T14:49:12.813+0000] {processor.py:840} INFO - DAG(s) 'example_bash_operator' retrieved from /home/airflow/.local/lib/python3.8/site-packages/airflow/example_dags/example_bash_operator.py
[2024-02-07T14:49:12.843+0000] {logging_mixin.py:188} INFO - [2024-02-07T14:49:12.843+0000] {dag.py:3036} INFO - Sync 1 DAGs
[2024-02-07T14:49:12.867+0000] {logging_mixin.py:188} INFO - [2024-02-07T14:49:12.866+0000] {dag.py:3823} INFO - Setting next_dagrun for example_bash_operator to 2024-02-06 00:00:00+00:00, run_after=2024-02-07 00:00:00+00:00
[2024-02-07T14:49:12.885+0000] {processor.py:183} INFO - Processing /home/airflow/.local/lib/python3.8/site-packages/airflow/example_dags/example_bash_operator.py took 0.091 seconds
[2024-02-07T14:49:43.443+0000] {processor.py:161} INFO - Started process (PID=793) to work on /home/airflow/.local/lib/python3.8/site-packages/airflow/example_dags/example_bash_operator.py
[2024-02-07T14:49:43.444+0000] {processor.py:830} INFO - Processing file /home/airflow/.local/lib/python3.8/site-packages/airflow/example_dags/example_bash_operator.py for tasks to queue
[2024-02-07T14:49:43.445+0000] {logging_mixin.py:188} INFO - [2024-02-07T14:49:43.445+0000] {dagbag.py:538} INFO - Filling up the DagBag from /home/airflow/.local/lib/python3.8/site-packages/airflow/example_dags/example_bash_operator.py
[2024-02-07T14:49:43.457+0000] {processor.py:840} INFO - DAG(s) 'example_bash_operator' retrieved from /home/airflow/.local/lib/python3.8/site-packages/airflow/example_dags/example_bash_operator.py
[2024-02-07T14:49:43.486+0000] {logging_mixin.py:188} INFO - [2024-02-07T14:49:43.485+0000] {dag.py:3036} INFO - Sync 1 DAGs
[2024-02-07T14:49:43.510+0000] {logging_mixin.py:188} INFO - [2024-02-07T14:49:43.510+0000] {dag.py:3823} INFO - Setting next_dagrun for example_bash_operator to 2024-02-06 00:00:00+00:00, run_after=2024-02-07 00:00:00+00:00
[2024-02-07T14:49:43.532+0000] {processor.py:183} INFO - Processing /home/airflow/.local/lib/python3.8/site-packages/airflow/example_dags/example_bash_operator.py took 0.092 seconds
[2024-02-07T14:50:14.188+0000] {processor.py:161} INFO - Started process (PID=850) to work on /home/airflow/.local/lib/python3.8/site-packages/airflow/example_dags/example_bash_operator.py
[2024-02-07T14:50:14.189+0000] {processor.py:830} INFO - Processing file /home/airflow/.local/lib/python3.8/site-packages/airflow/example_dags/example_bash_operator.py for tasks to queue
[2024-02-07T14:50:14.191+0000] {logging_mixin.py:188} INFO - [2024-02-07T14:50:14.191+0000] {dagbag.py:538} INFO - Filling up the DagBag from /home/airflow/.local/lib/python3.8/site-packages/airflow/example_dags/example_bash_operator.py
[2024-02-07T14:50:14.203+0000] {processor.py:840} INFO - DAG(s) 'example_bash_operator' retrieved from /home/airflow/.local/lib/python3.8/site-packages/airflow/example_dags/example_bash_operator.py
[2024-02-07T14:50:14.233+0000] {logging_mixin.py:188} INFO - [2024-02-07T14:50:14.233+0000] {dag.py:3036} INFO - Sync 1 DAGs
[2024-02-07T14:50:14.256+0000] {logging_mixin.py:188} INFO - [2024-02-07T14:50:14.256+0000] {dag.py:3823} INFO - Setting next_dagrun for example_bash_operator to 2024-02-06 00:00:00+00:00, run_after=2024-02-07 00:00:00+00:00
[2024-02-07T14:50:14.274+0000] {processor.py:183} INFO - Processing /home/airflow/.local/lib/python3.8/site-packages/airflow/example_dags/example_bash_operator.py took 0.089 seconds
[2024-02-07T14:50:44.848+0000] {processor.py:161} INFO - Started process (PID=907) to work on /home/airflow/.local/lib/python3.8/site-packages/airflow/example_dags/example_bash_operator.py
[2024-02-07T14:50:44.849+0000] {processor.py:830} INFO - Processing file /home/airflow/.local/lib/python3.8/site-packages/airflow/example_dags/example_bash_operator.py for tasks to queue
[2024-02-07T14:50:44.851+0000] {logging_mixin.py:188} INFO - [2024-02-07T14:50:44.850+0000] {dagbag.py:538} INFO - Filling up the DagBag from /home/airflow/.local/lib/python3.8/site-packages/airflow/example_dags/example_bash_operator.py
[2024-02-07T14:50:44.862+0000] {processor.py:840} INFO - DAG(s) 'example_bash_operator' retrieved from /home/airflow/.local/lib/python3.8/site-packages/airflow/example_dags/example_bash_operator.py
[2024-02-07T14:50:44.903+0000] {logging_mixin.py:188} INFO - [2024-02-07T14:50:44.902+0000] {dag.py:3036} INFO - Sync 1 DAGs
[2024-02-07T14:50:44.932+0000] {logging_mixin.py:188} INFO - [2024-02-07T14:50:44.931+0000] {dag.py:3823} INFO - Setting next_dagrun for example_bash_operator to 2024-02-06 00:00:00+00:00, run_after=2024-02-07 00:00:00+00:00
[2024-02-07T14:50:44.949+0000] {processor.py:183} INFO - Processing /home/airflow/.local/lib/python3.8/site-packages/airflow/example_dags/example_bash_operator.py took 0.104 seconds
[2024-02-07T14:51:15.629+0000] {processor.py:161} INFO - Started process (PID=965) to work on /home/airflow/.local/lib/python3.8/site-packages/airflow/example_dags/example_bash_operator.py
[2024-02-07T14:51:15.631+0000] {processor.py:830} INFO - Processing file /home/airflow/.local/lib/python3.8/site-packages/airflow/example_dags/example_bash_operator.py for tasks to queue
[2024-02-07T14:51:15.633+0000] {logging_mixin.py:188} INFO - [2024-02-07T14:51:15.632+0000] {dagbag.py:538} INFO - Filling up the DagBag from /home/airflow/.local/lib/python3.8/site-packages/airflow/example_dags/example_bash_operator.py
[2024-02-07T14:51:15.647+0000] {processor.py:840} INFO - DAG(s) 'example_bash_operator' retrieved from /home/airflow/.local/lib/python3.8/site-packages/airflow/example_dags/example_bash_operator.py
[2024-02-07T14:51:15.679+0000] {logging_mixin.py:188} INFO - [2024-02-07T14:51:15.679+0000] {dag.py:3036} INFO - Sync 1 DAGs
[2024-02-07T14:51:15.705+0000] {logging_mixin.py:188} INFO - [2024-02-07T14:51:15.705+0000] {dag.py:3823} INFO - Setting next_dagrun for example_bash_operator to 2024-02-06 00:00:00+00:00, run_after=2024-02-07 00:00:00+00:00
[2024-02-07T14:51:15.725+0000] {processor.py:183} INFO - Processing /home/airflow/.local/lib/python3.8/site-packages/airflow/example_dags/example_bash_operator.py took 0.100 seconds
[2024-02-07T14:51:46.043+0000] {processor.py:161} INFO - Started process (PID=1022) to work on /home/airflow/.local/lib/python3.8/site-packages/airflow/example_dags/example_bash_operator.py
[2024-02-07T14:51:46.044+0000] {processor.py:830} INFO - Processing file /home/airflow/.local/lib/python3.8/site-packages/airflow/example_dags/example_bash_operator.py for tasks to queue
[2024-02-07T14:51:46.047+0000] {logging_mixin.py:188} INFO - [2024-02-07T14:51:46.046+0000] {dagbag.py:538} INFO - Filling up the DagBag from /home/airflow/.local/lib/python3.8/site-packages/airflow/example_dags/example_bash_operator.py
[2024-02-07T14:51:46.067+0000] {processor.py:840} INFO - DAG(s) 'example_bash_operator' retrieved from /home/airflow/.local/lib/python3.8/site-packages/airflow/example_dags/example_bash_operator.py
[2024-02-07T14:51:46.110+0000] {logging_mixin.py:188} INFO - [2024-02-07T14:51:46.110+0000] {dag.py:3036} INFO - Sync 1 DAGs
[2024-02-07T14:51:46.141+0000] {logging_mixin.py:188} INFO - [2024-02-07T14:51:46.141+0000] {dag.py:3823} INFO - Setting next_dagrun for example_bash_operator to 2024-02-06 00:00:00+00:00, run_after=2024-02-07 00:00:00+00:00
[2024-02-07T14:51:46.160+0000] {processor.py:183} INFO - Processing /home/airflow/.local/lib/python3.8/site-packages/airflow/example_dags/example_bash_operator.py took 0.121 seconds
[2024-02-07T14:52:16.241+0000] {processor.py:161} INFO - Started process (PID=1080) to work on /home/airflow/.local/lib/python3.8/site-packages/airflow/example_dags/example_bash_operator.py
[2024-02-07T14:52:16.242+0000] {processor.py:830} INFO - Processing file /home/airflow/.local/lib/python3.8/site-packages/airflow/example_dags/example_bash_operator.py for tasks to queue
[2024-02-07T14:52:16.244+0000] {logging_mixin.py:188} INFO - [2024-02-07T14:52:16.243+0000] {dagbag.py:538} INFO - Filling up the DagBag from /home/airflow/.local/lib/python3.8/site-packages/airflow/example_dags/example_bash_operator.py
[2024-02-07T14:52:16.255+0000] {processor.py:840} INFO - DAG(s) 'example_bash_operator' retrieved from /home/airflow/.local/lib/python3.8/site-packages/airflow/example_dags/example_bash_operator.py
[2024-02-07T14:52:16.286+0000] {logging_mixin.py:188} INFO - [2024-02-07T14:52:16.286+0000] {dag.py:3036} INFO - Sync 1 DAGs
[2024-02-07T14:52:16.310+0000] {logging_mixin.py:188} INFO - [2024-02-07T14:52:16.310+0000] {dag.py:3823} INFO - Setting next_dagrun for example_bash_operator to 2024-02-06 00:00:00+00:00, run_after=2024-02-07 00:00:00+00:00
[2024-02-07T14:52:16.336+0000] {processor.py:183} INFO - Processing /home/airflow/.local/lib/python3.8/site-packages/airflow/example_dags/example_bash_operator.py took 0.099 seconds
[2024-02-07T14:53:48.686+0000] {processor.py:161} INFO - Started process (PID=53) to work on /home/airflow/.local/lib/python3.8/site-packages/airflow/example_dags/example_bash_operator.py
[2024-02-07T14:53:48.687+0000] {processor.py:830} INFO - Processing file /home/airflow/.local/lib/python3.8/site-packages/airflow/example_dags/example_bash_operator.py for tasks to queue
[2024-02-07T14:53:48.689+0000] {logging_mixin.py:188} INFO - [2024-02-07T14:53:48.688+0000] {dagbag.py:538} INFO - Filling up the DagBag from /home/airflow/.local/lib/python3.8/site-packages/airflow/example_dags/example_bash_operator.py
[2024-02-07T14:53:48.708+0000] {processor.py:840} INFO - DAG(s) 'example_bash_operator' retrieved from /home/airflow/.local/lib/python3.8/site-packages/airflow/example_dags/example_bash_operator.py
[2024-02-07T14:53:48.725+0000] {logging_mixin.py:188} INFO - [2024-02-07T14:53:48.725+0000] {dag.py:3036} INFO - Sync 1 DAGs
[2024-02-07T14:53:48.753+0000] {logging_mixin.py:188} INFO - [2024-02-07T14:53:48.752+0000] {dag.py:3823} INFO - Setting next_dagrun for example_bash_operator to 2024-02-06 00:00:00+00:00, run_after=2024-02-07 00:00:00+00:00
[2024-02-07T14:53:48.775+0000] {processor.py:183} INFO - Processing /home/airflow/.local/lib/python3.8/site-packages/airflow/example_dags/example_bash_operator.py took 0.093 seconds
[2024-02-07T14:54:19.063+0000] {processor.py:161} INFO - Started process (PID=109) to work on /home/airflow/.local/lib/python3.8/site-packages/airflow/example_dags/example_bash_operator.py
[2024-02-07T14:54:19.064+0000] {processor.py:830} INFO - Processing file /home/airflow/.local/lib/python3.8/site-packages/airflow/example_dags/example_bash_operator.py for tasks to queue
[2024-02-07T14:54:19.066+0000] {logging_mixin.py:188} INFO - [2024-02-07T14:54:19.066+0000] {dagbag.py:538} INFO - Filling up the DagBag from /home/airflow/.local/lib/python3.8/site-packages/airflow/example_dags/example_bash_operator.py
[2024-02-07T14:54:19.080+0000] {processor.py:840} INFO - DAG(s) 'example_bash_operator' retrieved from /home/airflow/.local/lib/python3.8/site-packages/airflow/example_dags/example_bash_operator.py
[2024-02-07T14:54:19.195+0000] {logging_mixin.py:188} INFO - [2024-02-07T14:54:19.195+0000] {dag.py:3036} INFO - Sync 1 DAGs
[2024-02-07T14:54:19.219+0000] {logging_mixin.py:188} INFO - [2024-02-07T14:54:19.218+0000] {dag.py:3823} INFO - Setting next_dagrun for example_bash_operator to 2024-02-06 00:00:00+00:00, run_after=2024-02-07 00:00:00+00:00
[2024-02-07T14:54:19.243+0000] {processor.py:183} INFO - Processing /home/airflow/.local/lib/python3.8/site-packages/airflow/example_dags/example_bash_operator.py took 0.184 seconds
[2024-02-07T14:54:49.947+0000] {processor.py:161} INFO - Started process (PID=166) to work on /home/airflow/.local/lib/python3.8/site-packages/airflow/example_dags/example_bash_operator.py
[2024-02-07T14:54:49.947+0000] {processor.py:830} INFO - Processing file /home/airflow/.local/lib/python3.8/site-packages/airflow/example_dags/example_bash_operator.py for tasks to queue
[2024-02-07T14:54:49.949+0000] {logging_mixin.py:188} INFO - [2024-02-07T14:54:49.949+0000] {dagbag.py:538} INFO - Filling up the DagBag from /home/airflow/.local/lib/python3.8/site-packages/airflow/example_dags/example_bash_operator.py
[2024-02-07T14:54:49.960+0000] {processor.py:840} INFO - DAG(s) 'example_bash_operator' retrieved from /home/airflow/.local/lib/python3.8/site-packages/airflow/example_dags/example_bash_operator.py
[2024-02-07T14:54:49.988+0000] {logging_mixin.py:188} INFO - [2024-02-07T14:54:49.988+0000] {dag.py:3036} INFO - Sync 1 DAGs
[2024-02-07T14:54:50.011+0000] {logging_mixin.py:188} INFO - [2024-02-07T14:54:50.010+0000] {dag.py:3823} INFO - Setting next_dagrun for example_bash_operator to 2024-02-06 00:00:00+00:00, run_after=2024-02-07 00:00:00+00:00
[2024-02-07T14:54:50.029+0000] {processor.py:183} INFO - Processing /home/airflow/.local/lib/python3.8/site-packages/airflow/example_dags/example_bash_operator.py took 0.085 seconds
[2024-02-07T15:05:10.384+0000] {processor.py:161} INFO - Started process (PID=54) to work on /home/airflow/.local/lib/python3.8/site-packages/airflow/example_dags/example_bash_operator.py
[2024-02-07T15:05:10.385+0000] {processor.py:830} INFO - Processing file /home/airflow/.local/lib/python3.8/site-packages/airflow/example_dags/example_bash_operator.py for tasks to queue
[2024-02-07T15:05:10.388+0000] {logging_mixin.py:188} INFO - [2024-02-07T15:05:10.387+0000] {dagbag.py:538} INFO - Filling up the DagBag from /home/airflow/.local/lib/python3.8/site-packages/airflow/example_dags/example_bash_operator.py
[2024-02-07T15:05:10.406+0000] {processor.py:840} INFO - DAG(s) 'example_bash_operator' retrieved from /home/airflow/.local/lib/python3.8/site-packages/airflow/example_dags/example_bash_operator.py
[2024-02-07T15:05:10.421+0000] {logging_mixin.py:188} INFO - [2024-02-07T15:05:10.420+0000] {dag.py:3036} INFO - Sync 1 DAGs
[2024-02-07T15:05:10.457+0000] {logging_mixin.py:188} INFO - [2024-02-07T15:05:10.457+0000] {dag.py:3823} INFO - Setting next_dagrun for example_bash_operator to 2024-02-06 00:00:00+00:00, run_after=2024-02-07 00:00:00+00:00
[2024-02-07T15:05:10.488+0000] {processor.py:183} INFO - Processing /home/airflow/.local/lib/python3.8/site-packages/airflow/example_dags/example_bash_operator.py took 0.108 seconds
[2024-02-07T15:05:41.673+0000] {processor.py:161} INFO - Started process (PID=111) to work on /home/airflow/.local/lib/python3.8/site-packages/airflow/example_dags/example_bash_operator.py
[2024-02-07T15:05:41.675+0000] {processor.py:830} INFO - Processing file /home/airflow/.local/lib/python3.8/site-packages/airflow/example_dags/example_bash_operator.py for tasks to queue
[2024-02-07T15:05:41.678+0000] {logging_mixin.py:188} INFO - [2024-02-07T15:05:41.677+0000] {dagbag.py:538} INFO - Filling up the DagBag from /home/airflow/.local/lib/python3.8/site-packages/airflow/example_dags/example_bash_operator.py
[2024-02-07T15:05:41.706+0000] {processor.py:840} INFO - DAG(s) 'example_bash_operator' retrieved from /home/airflow/.local/lib/python3.8/site-packages/airflow/example_dags/example_bash_operator.py
[2024-02-07T15:05:41.962+0000] {logging_mixin.py:188} INFO - [2024-02-07T15:05:41.962+0000] {dag.py:3036} INFO - Sync 1 DAGs
[2024-02-07T15:05:42.000+0000] {logging_mixin.py:188} INFO - [2024-02-07T15:05:41.999+0000] {dag.py:3823} INFO - Setting next_dagrun for example_bash_operator to 2024-02-06 00:00:00+00:00, run_after=2024-02-07 00:00:00+00:00
[2024-02-07T15:05:42.029+0000] {processor.py:183} INFO - Processing /home/airflow/.local/lib/python3.8/site-packages/airflow/example_dags/example_bash_operator.py took 0.363 seconds
[2024-02-07T15:07:17.100+0000] {processor.py:161} INFO - Started process (PID=54) to work on /home/airflow/.local/lib/python3.8/site-packages/airflow/example_dags/example_bash_operator.py
[2024-02-07T15:07:17.101+0000] {processor.py:830} INFO - Processing file /home/airflow/.local/lib/python3.8/site-packages/airflow/example_dags/example_bash_operator.py for tasks to queue
[2024-02-07T15:07:17.103+0000] {logging_mixin.py:188} INFO - [2024-02-07T15:07:17.103+0000] {dagbag.py:538} INFO - Filling up the DagBag from /home/airflow/.local/lib/python3.8/site-packages/airflow/example_dags/example_bash_operator.py
[2024-02-07T15:07:17.123+0000] {processor.py:840} INFO - DAG(s) 'example_bash_operator' retrieved from /home/airflow/.local/lib/python3.8/site-packages/airflow/example_dags/example_bash_operator.py
[2024-02-07T15:07:17.138+0000] {logging_mixin.py:188} INFO - [2024-02-07T15:07:17.138+0000] {dag.py:3036} INFO - Sync 1 DAGs
[2024-02-07T15:07:17.168+0000] {logging_mixin.py:188} INFO - [2024-02-07T15:07:17.168+0000] {dag.py:3823} INFO - Setting next_dagrun for example_bash_operator to 2024-02-06 00:00:00+00:00, run_after=2024-02-07 00:00:00+00:00
[2024-02-07T15:07:17.198+0000] {processor.py:183} INFO - Processing /home/airflow/.local/lib/python3.8/site-packages/airflow/example_dags/example_bash_operator.py took 0.102 seconds
[2024-02-07T15:07:47.845+0000] {processor.py:161} INFO - Started process (PID=111) to work on /home/airflow/.local/lib/python3.8/site-packages/airflow/example_dags/example_bash_operator.py
[2024-02-07T15:07:47.847+0000] {processor.py:830} INFO - Processing file /home/airflow/.local/lib/python3.8/site-packages/airflow/example_dags/example_bash_operator.py for tasks to queue
[2024-02-07T15:07:47.850+0000] {logging_mixin.py:188} INFO - [2024-02-07T15:07:47.849+0000] {dagbag.py:538} INFO - Filling up the DagBag from /home/airflow/.local/lib/python3.8/site-packages/airflow/example_dags/example_bash_operator.py
[2024-02-07T15:07:47.877+0000] {processor.py:840} INFO - DAG(s) 'example_bash_operator' retrieved from /home/airflow/.local/lib/python3.8/site-packages/airflow/example_dags/example_bash_operator.py
[2024-02-07T15:07:48.139+0000] {logging_mixin.py:188} INFO - [2024-02-07T15:07:48.138+0000] {dag.py:3036} INFO - Sync 1 DAGs
[2024-02-07T15:07:48.175+0000] {logging_mixin.py:188} INFO - [2024-02-07T15:07:48.175+0000] {dag.py:3823} INFO - Setting next_dagrun for example_bash_operator to 2024-02-06 00:00:00+00:00, run_after=2024-02-07 00:00:00+00:00
[2024-02-07T15:07:48.210+0000] {processor.py:183} INFO - Processing /home/airflow/.local/lib/python3.8/site-packages/airflow/example_dags/example_bash_operator.py took 0.375 seconds
[2024-02-07T15:08:18.598+0000] {processor.py:161} INFO - Started process (PID=167) to work on /home/airflow/.local/lib/python3.8/site-packages/airflow/example_dags/example_bash_operator.py
[2024-02-07T15:08:18.599+0000] {processor.py:830} INFO - Processing file /home/airflow/.local/lib/python3.8/site-packages/airflow/example_dags/example_bash_operator.py for tasks to queue
[2024-02-07T15:08:18.602+0000] {logging_mixin.py:188} INFO - [2024-02-07T15:08:18.601+0000] {dagbag.py:538} INFO - Filling up the DagBag from /home/airflow/.local/lib/python3.8/site-packages/airflow/example_dags/example_bash_operator.py
[2024-02-07T15:08:18.622+0000] {processor.py:840} INFO - DAG(s) 'example_bash_operator' retrieved from /home/airflow/.local/lib/python3.8/site-packages/airflow/example_dags/example_bash_operator.py
[2024-02-07T15:08:18.661+0000] {logging_mixin.py:188} INFO - [2024-02-07T15:08:18.661+0000] {dag.py:3036} INFO - Sync 1 DAGs
[2024-02-07T15:08:18.692+0000] {logging_mixin.py:188} INFO - [2024-02-07T15:08:18.691+0000] {dag.py:3823} INFO - Setting next_dagrun for example_bash_operator to 2024-02-06 00:00:00+00:00, run_after=2024-02-07 00:00:00+00:00
[2024-02-07T15:08:18.715+0000] {processor.py:183} INFO - Processing /home/airflow/.local/lib/python3.8/site-packages/airflow/example_dags/example_bash_operator.py took 0.120 seconds
[2024-02-07T15:08:48.754+0000] {processor.py:161} INFO - Started process (PID=223) to work on /home/airflow/.local/lib/python3.8/site-packages/airflow/example_dags/example_bash_operator.py
[2024-02-07T15:08:48.755+0000] {processor.py:830} INFO - Processing file /home/airflow/.local/lib/python3.8/site-packages/airflow/example_dags/example_bash_operator.py for tasks to queue
[2024-02-07T15:08:48.757+0000] {logging_mixin.py:188} INFO - [2024-02-07T15:08:48.757+0000] {dagbag.py:538} INFO - Filling up the DagBag from /home/airflow/.local/lib/python3.8/site-packages/airflow/example_dags/example_bash_operator.py
[2024-02-07T15:08:48.769+0000] {processor.py:840} INFO - DAG(s) 'example_bash_operator' retrieved from /home/airflow/.local/lib/python3.8/site-packages/airflow/example_dags/example_bash_operator.py
[2024-02-07T15:08:48.799+0000] {logging_mixin.py:188} INFO - [2024-02-07T15:08:48.799+0000] {dag.py:3036} INFO - Sync 1 DAGs
[2024-02-07T15:08:48.820+0000] {logging_mixin.py:188} INFO - [2024-02-07T15:08:48.820+0000] {dag.py:3823} INFO - Setting next_dagrun for example_bash_operator to 2024-02-06 00:00:00+00:00, run_after=2024-02-07 00:00:00+00:00
[2024-02-07T15:08:48.837+0000] {processor.py:183} INFO - Processing /home/airflow/.local/lib/python3.8/site-packages/airflow/example_dags/example_bash_operator.py took 0.086 seconds
[2024-02-07T15:09:18.967+0000] {processor.py:161} INFO - Started process (PID=280) to work on /home/airflow/.local/lib/python3.8/site-packages/airflow/example_dags/example_bash_operator.py
[2024-02-07T15:09:18.968+0000] {processor.py:830} INFO - Processing file /home/airflow/.local/lib/python3.8/site-packages/airflow/example_dags/example_bash_operator.py for tasks to queue
[2024-02-07T15:09:18.970+0000] {logging_mixin.py:188} INFO - [2024-02-07T15:09:18.969+0000] {dagbag.py:538} INFO - Filling up the DagBag from /home/airflow/.local/lib/python3.8/site-packages/airflow/example_dags/example_bash_operator.py
[2024-02-07T15:09:18.982+0000] {processor.py:840} INFO - DAG(s) 'example_bash_operator' retrieved from /home/airflow/.local/lib/python3.8/site-packages/airflow/example_dags/example_bash_operator.py
[2024-02-07T15:09:19.017+0000] {logging_mixin.py:188} INFO - [2024-02-07T15:09:19.017+0000] {dag.py:3036} INFO - Sync 1 DAGs
[2024-02-07T15:09:19.049+0000] {logging_mixin.py:188} INFO - [2024-02-07T15:09:19.049+0000] {dag.py:3823} INFO - Setting next_dagrun for example_bash_operator to 2024-02-06 00:00:00+00:00, run_after=2024-02-07 00:00:00+00:00
[2024-02-07T15:09:19.066+0000] {processor.py:183} INFO - Processing /home/airflow/.local/lib/python3.8/site-packages/airflow/example_dags/example_bash_operator.py took 0.103 seconds
[2024-02-07T15:57:16.141+0000] {processor.py:161} INFO - Started process (PID=54) to work on /home/airflow/.local/lib/python3.8/site-packages/airflow/example_dags/example_bash_operator.py
[2024-02-07T15:57:16.142+0000] {processor.py:830} INFO - Processing file /home/airflow/.local/lib/python3.8/site-packages/airflow/example_dags/example_bash_operator.py for tasks to queue
[2024-02-07T15:57:16.144+0000] {logging_mixin.py:188} INFO - [2024-02-07T15:57:16.144+0000] {dagbag.py:538} INFO - Filling up the DagBag from /home/airflow/.local/lib/python3.8/site-packages/airflow/example_dags/example_bash_operator.py
[2024-02-07T15:57:16.165+0000] {processor.py:840} INFO - DAG(s) 'example_bash_operator' retrieved from /home/airflow/.local/lib/python3.8/site-packages/airflow/example_dags/example_bash_operator.py
[2024-02-07T15:57:16.182+0000] {logging_mixin.py:188} INFO - [2024-02-07T15:57:16.182+0000] {dag.py:3036} INFO - Sync 1 DAGs
[2024-02-07T15:57:16.211+0000] {logging_mixin.py:188} INFO - [2024-02-07T15:57:16.211+0000] {dag.py:3823} INFO - Setting next_dagrun for example_bash_operator to 2024-02-06 00:00:00+00:00, run_after=2024-02-07 00:00:00+00:00
[2024-02-07T15:57:16.232+0000] {processor.py:183} INFO - Processing /home/airflow/.local/lib/python3.8/site-packages/airflow/example_dags/example_bash_operator.py took 0.095 seconds
[2024-02-07T15:57:46.428+0000] {processor.py:161} INFO - Started process (PID=109) to work on /home/airflow/.local/lib/python3.8/site-packages/airflow/example_dags/example_bash_operator.py
[2024-02-07T15:57:46.429+0000] {processor.py:830} INFO - Processing file /home/airflow/.local/lib/python3.8/site-packages/airflow/example_dags/example_bash_operator.py for tasks to queue
[2024-02-07T15:57:46.430+0000] {logging_mixin.py:188} INFO - [2024-02-07T15:57:46.430+0000] {dagbag.py:538} INFO - Filling up the DagBag from /home/airflow/.local/lib/python3.8/site-packages/airflow/example_dags/example_bash_operator.py
[2024-02-07T15:57:46.443+0000] {processor.py:840} INFO - DAG(s) 'example_bash_operator' retrieved from /home/airflow/.local/lib/python3.8/site-packages/airflow/example_dags/example_bash_operator.py
[2024-02-07T15:57:46.601+0000] {logging_mixin.py:188} INFO - [2024-02-07T15:57:46.600+0000] {dag.py:3036} INFO - Sync 1 DAGs
[2024-02-07T15:57:46.638+0000] {logging_mixin.py:188} INFO - [2024-02-07T15:57:46.638+0000] {dag.py:3823} INFO - Setting next_dagrun for example_bash_operator to 2024-02-06 00:00:00+00:00, run_after=2024-02-07 00:00:00+00:00
[2024-02-07T15:57:46.674+0000] {processor.py:183} INFO - Processing /home/airflow/.local/lib/python3.8/site-packages/airflow/example_dags/example_bash_operator.py took 0.250 seconds
[2024-02-07T15:58:17.194+0000] {processor.py:161} INFO - Started process (PID=166) to work on /home/airflow/.local/lib/python3.8/site-packages/airflow/example_dags/example_bash_operator.py
[2024-02-07T15:58:17.195+0000] {processor.py:830} INFO - Processing file /home/airflow/.local/lib/python3.8/site-packages/airflow/example_dags/example_bash_operator.py for tasks to queue
[2024-02-07T15:58:17.197+0000] {logging_mixin.py:188} INFO - [2024-02-07T15:58:17.197+0000] {dagbag.py:538} INFO - Filling up the DagBag from /home/airflow/.local/lib/python3.8/site-packages/airflow/example_dags/example_bash_operator.py
[2024-02-07T15:58:17.215+0000] {processor.py:840} INFO - DAG(s) 'example_bash_operator' retrieved from /home/airflow/.local/lib/python3.8/site-packages/airflow/example_dags/example_bash_operator.py
[2024-02-07T15:58:17.261+0000] {logging_mixin.py:188} INFO - [2024-02-07T15:58:17.260+0000] {dag.py:3036} INFO - Sync 1 DAGs
[2024-02-07T15:58:17.302+0000] {logging_mixin.py:188} INFO - [2024-02-07T15:58:17.302+0000] {dag.py:3823} INFO - Setting next_dagrun for example_bash_operator to 2024-02-06 00:00:00+00:00, run_after=2024-02-07 00:00:00+00:00
[2024-02-07T15:58:17.330+0000] {processor.py:183} INFO - Processing /home/airflow/.local/lib/python3.8/site-packages/airflow/example_dags/example_bash_operator.py took 0.141 seconds
[2024-02-07T16:10:52.566+0000] {processor.py:161} INFO - Started process (PID=54) to work on /home/airflow/.local/lib/python3.8/site-packages/airflow/example_dags/example_bash_operator.py
[2024-02-07T16:10:52.567+0000] {processor.py:830} INFO - Processing file /home/airflow/.local/lib/python3.8/site-packages/airflow/example_dags/example_bash_operator.py for tasks to queue
[2024-02-07T16:10:52.569+0000] {logging_mixin.py:188} INFO - [2024-02-07T16:10:52.569+0000] {dagbag.py:538} INFO - Filling up the DagBag from /home/airflow/.local/lib/python3.8/site-packages/airflow/example_dags/example_bash_operator.py
[2024-02-07T16:10:52.592+0000] {processor.py:840} INFO - DAG(s) 'example_bash_operator' retrieved from /home/airflow/.local/lib/python3.8/site-packages/airflow/example_dags/example_bash_operator.py
[2024-02-07T16:10:52.608+0000] {logging_mixin.py:188} INFO - [2024-02-07T16:10:52.607+0000] {dag.py:3036} INFO - Sync 1 DAGs
[2024-02-07T16:10:52.646+0000] {logging_mixin.py:188} INFO - [2024-02-07T16:10:52.645+0000] {dag.py:3823} INFO - Setting next_dagrun for example_bash_operator to 2024-02-06 00:00:00+00:00, run_after=2024-02-07 00:00:00+00:00
[2024-02-07T16:10:52.676+0000] {processor.py:183} INFO - Processing /home/airflow/.local/lib/python3.8/site-packages/airflow/example_dags/example_bash_operator.py took 0.114 seconds
[2024-02-07T16:11:23.322+0000] {processor.py:161} INFO - Started process (PID=110) to work on /home/airflow/.local/lib/python3.8/site-packages/airflow/example_dags/example_bash_operator.py
[2024-02-07T16:11:23.323+0000] {processor.py:830} INFO - Processing file /home/airflow/.local/lib/python3.8/site-packages/airflow/example_dags/example_bash_operator.py for tasks to queue
[2024-02-07T16:11:23.325+0000] {logging_mixin.py:188} INFO - [2024-02-07T16:11:23.325+0000] {dagbag.py:538} INFO - Filling up the DagBag from /home/airflow/.local/lib/python3.8/site-packages/airflow/example_dags/example_bash_operator.py
[2024-02-07T16:11:23.336+0000] {processor.py:840} INFO - DAG(s) 'example_bash_operator' retrieved from /home/airflow/.local/lib/python3.8/site-packages/airflow/example_dags/example_bash_operator.py
[2024-02-07T16:11:23.446+0000] {logging_mixin.py:188} INFO - [2024-02-07T16:11:23.445+0000] {dag.py:3036} INFO - Sync 1 DAGs
[2024-02-07T16:11:23.471+0000] {logging_mixin.py:188} INFO - [2024-02-07T16:11:23.471+0000] {dag.py:3823} INFO - Setting next_dagrun for example_bash_operator to 2024-02-06 00:00:00+00:00, run_after=2024-02-07 00:00:00+00:00
[2024-02-07T16:11:23.501+0000] {processor.py:183} INFO - Processing /home/airflow/.local/lib/python3.8/site-packages/airflow/example_dags/example_bash_operator.py took 0.181 seconds
[2024-02-07T16:11:53.560+0000] {processor.py:161} INFO - Started process (PID=166) to work on /home/airflow/.local/lib/python3.8/site-packages/airflow/example_dags/example_bash_operator.py
[2024-02-07T16:11:53.561+0000] {processor.py:830} INFO - Processing file /home/airflow/.local/lib/python3.8/site-packages/airflow/example_dags/example_bash_operator.py for tasks to queue
[2024-02-07T16:11:53.563+0000] {logging_mixin.py:188} INFO - [2024-02-07T16:11:53.563+0000] {dagbag.py:538} INFO - Filling up the DagBag from /home/airflow/.local/lib/python3.8/site-packages/airflow/example_dags/example_bash_operator.py
[2024-02-07T16:11:53.574+0000] {processor.py:840} INFO - DAG(s) 'example_bash_operator' retrieved from /home/airflow/.local/lib/python3.8/site-packages/airflow/example_dags/example_bash_operator.py
[2024-02-07T16:11:53.604+0000] {logging_mixin.py:188} INFO - [2024-02-07T16:11:53.604+0000] {dag.py:3036} INFO - Sync 1 DAGs
[2024-02-07T16:11:53.625+0000] {logging_mixin.py:188} INFO - [2024-02-07T16:11:53.625+0000] {dag.py:3823} INFO - Setting next_dagrun for example_bash_operator to 2024-02-06 00:00:00+00:00, run_after=2024-02-07 00:00:00+00:00
[2024-02-07T16:11:53.642+0000] {processor.py:183} INFO - Processing /home/airflow/.local/lib/python3.8/site-packages/airflow/example_dags/example_bash_operator.py took 0.085 seconds
[2024-02-07T16:12:24.223+0000] {processor.py:161} INFO - Started process (PID=223) to work on /home/airflow/.local/lib/python3.8/site-packages/airflow/example_dags/example_bash_operator.py
[2024-02-07T16:12:24.224+0000] {processor.py:830} INFO - Processing file /home/airflow/.local/lib/python3.8/site-packages/airflow/example_dags/example_bash_operator.py for tasks to queue
[2024-02-07T16:12:24.225+0000] {logging_mixin.py:188} INFO - [2024-02-07T16:12:24.225+0000] {dagbag.py:538} INFO - Filling up the DagBag from /home/airflow/.local/lib/python3.8/site-packages/airflow/example_dags/example_bash_operator.py
[2024-02-07T16:12:24.237+0000] {processor.py:840} INFO - DAG(s) 'example_bash_operator' retrieved from /home/airflow/.local/lib/python3.8/site-packages/airflow/example_dags/example_bash_operator.py
[2024-02-07T16:12:24.279+0000] {logging_mixin.py:188} INFO - [2024-02-07T16:12:24.278+0000] {dag.py:3036} INFO - Sync 1 DAGs
[2024-02-07T16:12:24.301+0000] {logging_mixin.py:188} INFO - [2024-02-07T16:12:24.301+0000] {dag.py:3823} INFO - Setting next_dagrun for example_bash_operator to 2024-02-06 00:00:00+00:00, run_after=2024-02-07 00:00:00+00:00
[2024-02-07T16:12:24.318+0000] {processor.py:183} INFO - Processing /home/airflow/.local/lib/python3.8/site-packages/airflow/example_dags/example_bash_operator.py took 0.098 seconds
[2024-02-07T16:12:54.397+0000] {processor.py:161} INFO - Started process (PID=280) to work on /home/airflow/.local/lib/python3.8/site-packages/airflow/example_dags/example_bash_operator.py
[2024-02-07T16:12:54.398+0000] {processor.py:830} INFO - Processing file /home/airflow/.local/lib/python3.8/site-packages/airflow/example_dags/example_bash_operator.py for tasks to queue
[2024-02-07T16:12:54.399+0000] {logging_mixin.py:188} INFO - [2024-02-07T16:12:54.399+0000] {dagbag.py:538} INFO - Filling up the DagBag from /home/airflow/.local/lib/python3.8/site-packages/airflow/example_dags/example_bash_operator.py
[2024-02-07T16:12:54.411+0000] {processor.py:840} INFO - DAG(s) 'example_bash_operator' retrieved from /home/airflow/.local/lib/python3.8/site-packages/airflow/example_dags/example_bash_operator.py
[2024-02-07T16:12:54.440+0000] {logging_mixin.py:188} INFO - [2024-02-07T16:12:54.440+0000] {dag.py:3036} INFO - Sync 1 DAGs
[2024-02-07T16:12:54.463+0000] {logging_mixin.py:188} INFO - [2024-02-07T16:12:54.463+0000] {dag.py:3823} INFO - Setting next_dagrun for example_bash_operator to 2024-02-06 00:00:00+00:00, run_after=2024-02-07 00:00:00+00:00
[2024-02-07T16:12:54.481+0000] {processor.py:183} INFO - Processing /home/airflow/.local/lib/python3.8/site-packages/airflow/example_dags/example_bash_operator.py took 0.087 seconds
[2024-02-07T16:13:24.634+0000] {processor.py:161} INFO - Started process (PID=337) to work on /home/airflow/.local/lib/python3.8/site-packages/airflow/example_dags/example_bash_operator.py
[2024-02-07T16:13:24.635+0000] {processor.py:830} INFO - Processing file /home/airflow/.local/lib/python3.8/site-packages/airflow/example_dags/example_bash_operator.py for tasks to queue
[2024-02-07T16:13:24.636+0000] {logging_mixin.py:188} INFO - [2024-02-07T16:13:24.636+0000] {dagbag.py:538} INFO - Filling up the DagBag from /home/airflow/.local/lib/python3.8/site-packages/airflow/example_dags/example_bash_operator.py
[2024-02-07T16:13:24.649+0000] {processor.py:840} INFO - DAG(s) 'example_bash_operator' retrieved from /home/airflow/.local/lib/python3.8/site-packages/airflow/example_dags/example_bash_operator.py
[2024-02-07T16:13:24.677+0000] {logging_mixin.py:188} INFO - [2024-02-07T16:13:24.677+0000] {dag.py:3036} INFO - Sync 1 DAGs
[2024-02-07T16:13:24.699+0000] {logging_mixin.py:188} INFO - [2024-02-07T16:13:24.699+0000] {dag.py:3823} INFO - Setting next_dagrun for example_bash_operator to 2024-02-06 00:00:00+00:00, run_after=2024-02-07 00:00:00+00:00
[2024-02-07T16:13:24.718+0000] {processor.py:183} INFO - Processing /home/airflow/.local/lib/python3.8/site-packages/airflow/example_dags/example_bash_operator.py took 0.087 seconds
[2024-02-07T16:13:55.094+0000] {processor.py:161} INFO - Started process (PID=394) to work on /home/airflow/.local/lib/python3.8/site-packages/airflow/example_dags/example_bash_operator.py
[2024-02-07T16:13:55.095+0000] {processor.py:830} INFO - Processing file /home/airflow/.local/lib/python3.8/site-packages/airflow/example_dags/example_bash_operator.py for tasks to queue
[2024-02-07T16:13:55.097+0000] {logging_mixin.py:188} INFO - [2024-02-07T16:13:55.097+0000] {dagbag.py:538} INFO - Filling up the DagBag from /home/airflow/.local/lib/python3.8/site-packages/airflow/example_dags/example_bash_operator.py
[2024-02-07T16:13:55.109+0000] {processor.py:840} INFO - DAG(s) 'example_bash_operator' retrieved from /home/airflow/.local/lib/python3.8/site-packages/airflow/example_dags/example_bash_operator.py
[2024-02-07T16:13:55.139+0000] {logging_mixin.py:188} INFO - [2024-02-07T16:13:55.139+0000] {dag.py:3036} INFO - Sync 1 DAGs
[2024-02-07T16:13:55.161+0000] {logging_mixin.py:188} INFO - [2024-02-07T16:13:55.160+0000] {dag.py:3823} INFO - Setting next_dagrun for example_bash_operator to 2024-02-06 00:00:00+00:00, run_after=2024-02-07 00:00:00+00:00
[2024-02-07T16:13:55.178+0000] {processor.py:183} INFO - Processing /home/airflow/.local/lib/python3.8/site-packages/airflow/example_dags/example_bash_operator.py took 0.086 seconds
[2024-02-07T16:14:25.293+0000] {processor.py:161} INFO - Started process (PID=451) to work on /home/airflow/.local/lib/python3.8/site-packages/airflow/example_dags/example_bash_operator.py
[2024-02-07T16:14:25.294+0000] {processor.py:830} INFO - Processing file /home/airflow/.local/lib/python3.8/site-packages/airflow/example_dags/example_bash_operator.py for tasks to queue
[2024-02-07T16:14:25.295+0000] {logging_mixin.py:188} INFO - [2024-02-07T16:14:25.295+0000] {dagbag.py:538} INFO - Filling up the DagBag from /home/airflow/.local/lib/python3.8/site-packages/airflow/example_dags/example_bash_operator.py
[2024-02-07T16:14:25.306+0000] {processor.py:840} INFO - DAG(s) 'example_bash_operator' retrieved from /home/airflow/.local/lib/python3.8/site-packages/airflow/example_dags/example_bash_operator.py
[2024-02-07T16:14:25.334+0000] {logging_mixin.py:188} INFO - [2024-02-07T16:14:25.333+0000] {dag.py:3036} INFO - Sync 1 DAGs
[2024-02-07T16:14:25.354+0000] {logging_mixin.py:188} INFO - [2024-02-07T16:14:25.354+0000] {dag.py:3823} INFO - Setting next_dagrun for example_bash_operator to 2024-02-06 00:00:00+00:00, run_after=2024-02-07 00:00:00+00:00
[2024-02-07T16:14:25.372+0000] {processor.py:183} INFO - Processing /home/airflow/.local/lib/python3.8/site-packages/airflow/example_dags/example_bash_operator.py took 0.082 seconds
[2024-02-07T16:14:55.572+0000] {processor.py:161} INFO - Started process (PID=508) to work on /home/airflow/.local/lib/python3.8/site-packages/airflow/example_dags/example_bash_operator.py
[2024-02-07T16:14:55.573+0000] {processor.py:830} INFO - Processing file /home/airflow/.local/lib/python3.8/site-packages/airflow/example_dags/example_bash_operator.py for tasks to queue
[2024-02-07T16:14:55.575+0000] {logging_mixin.py:188} INFO - [2024-02-07T16:14:55.574+0000] {dagbag.py:538} INFO - Filling up the DagBag from /home/airflow/.local/lib/python3.8/site-packages/airflow/example_dags/example_bash_operator.py
[2024-02-07T16:14:55.588+0000] {processor.py:840} INFO - DAG(s) 'example_bash_operator' retrieved from /home/airflow/.local/lib/python3.8/site-packages/airflow/example_dags/example_bash_operator.py
[2024-02-07T16:14:55.622+0000] {logging_mixin.py:188} INFO - [2024-02-07T16:14:55.621+0000] {dag.py:3036} INFO - Sync 1 DAGs
[2024-02-07T16:14:55.647+0000] {logging_mixin.py:188} INFO - [2024-02-07T16:14:55.647+0000] {dag.py:3823} INFO - Setting next_dagrun for example_bash_operator to 2024-02-06 00:00:00+00:00, run_after=2024-02-07 00:00:00+00:00
[2024-02-07T16:14:55.669+0000] {processor.py:183} INFO - Processing /home/airflow/.local/lib/python3.8/site-packages/airflow/example_dags/example_bash_operator.py took 0.101 seconds
[2024-02-07T16:23:25.358+0000] {processor.py:161} INFO - Started process (PID=54) to work on /home/airflow/.local/lib/python3.8/site-packages/airflow/example_dags/example_bash_operator.py
[2024-02-07T16:23:25.359+0000] {processor.py:830} INFO - Processing file /home/airflow/.local/lib/python3.8/site-packages/airflow/example_dags/example_bash_operator.py for tasks to queue
[2024-02-07T16:23:25.361+0000] {logging_mixin.py:188} INFO - [2024-02-07T16:23:25.361+0000] {dagbag.py:538} INFO - Filling up the DagBag from /home/airflow/.local/lib/python3.8/site-packages/airflow/example_dags/example_bash_operator.py
[2024-02-07T16:23:25.382+0000] {processor.py:840} INFO - DAG(s) 'example_bash_operator' retrieved from /home/airflow/.local/lib/python3.8/site-packages/airflow/example_dags/example_bash_operator.py
[2024-02-07T16:23:25.397+0000] {logging_mixin.py:188} INFO - [2024-02-07T16:23:25.396+0000] {dag.py:3036} INFO - Sync 1 DAGs
[2024-02-07T16:23:25.436+0000] {logging_mixin.py:188} INFO - [2024-02-07T16:23:25.436+0000] {dag.py:3823} INFO - Setting next_dagrun for example_bash_operator to 2024-02-06 00:00:00+00:00, run_after=2024-02-07 00:00:00+00:00
[2024-02-07T16:23:25.465+0000] {processor.py:183} INFO - Processing /home/airflow/.local/lib/python3.8/site-packages/airflow/example_dags/example_bash_operator.py took 0.111 seconds
[2024-02-07T16:23:55.509+0000] {processor.py:161} INFO - Started process (PID=109) to work on /home/airflow/.local/lib/python3.8/site-packages/airflow/example_dags/example_bash_operator.py
[2024-02-07T16:23:55.510+0000] {processor.py:830} INFO - Processing file /home/airflow/.local/lib/python3.8/site-packages/airflow/example_dags/example_bash_operator.py for tasks to queue
[2024-02-07T16:23:55.512+0000] {logging_mixin.py:188} INFO - [2024-02-07T16:23:55.511+0000] {dagbag.py:538} INFO - Filling up the DagBag from /home/airflow/.local/lib/python3.8/site-packages/airflow/example_dags/example_bash_operator.py
[2024-02-07T16:23:55.523+0000] {processor.py:840} INFO - DAG(s) 'example_bash_operator' retrieved from /home/airflow/.local/lib/python3.8/site-packages/airflow/example_dags/example_bash_operator.py
[2024-02-07T16:23:55.632+0000] {logging_mixin.py:188} INFO - [2024-02-07T16:23:55.631+0000] {dag.py:3036} INFO - Sync 1 DAGs
[2024-02-07T16:23:55.654+0000] {logging_mixin.py:188} INFO - [2024-02-07T16:23:55.653+0000] {dag.py:3823} INFO - Setting next_dagrun for example_bash_operator to 2024-02-06 00:00:00+00:00, run_after=2024-02-07 00:00:00+00:00
[2024-02-07T16:23:55.675+0000] {processor.py:183} INFO - Processing /home/airflow/.local/lib/python3.8/site-packages/airflow/example_dags/example_bash_operator.py took 0.169 seconds
[2024-02-07T16:24:26.024+0000] {processor.py:161} INFO - Started process (PID=166) to work on /home/airflow/.local/lib/python3.8/site-packages/airflow/example_dags/example_bash_operator.py
[2024-02-07T16:24:26.025+0000] {processor.py:830} INFO - Processing file /home/airflow/.local/lib/python3.8/site-packages/airflow/example_dags/example_bash_operator.py for tasks to queue
[2024-02-07T16:24:26.027+0000] {logging_mixin.py:188} INFO - [2024-02-07T16:24:26.027+0000] {dagbag.py:538} INFO - Filling up the DagBag from /home/airflow/.local/lib/python3.8/site-packages/airflow/example_dags/example_bash_operator.py
[2024-02-07T16:24:26.038+0000] {processor.py:840} INFO - DAG(s) 'example_bash_operator' retrieved from /home/airflow/.local/lib/python3.8/site-packages/airflow/example_dags/example_bash_operator.py
[2024-02-07T16:24:26.068+0000] {logging_mixin.py:188} INFO - [2024-02-07T16:24:26.067+0000] {dag.py:3036} INFO - Sync 1 DAGs
[2024-02-07T16:24:26.090+0000] {logging_mixin.py:188} INFO - [2024-02-07T16:24:26.090+0000] {dag.py:3823} INFO - Setting next_dagrun for example_bash_operator to 2024-02-06 00:00:00+00:00, run_after=2024-02-07 00:00:00+00:00
[2024-02-07T16:24:26.108+0000] {processor.py:183} INFO - Processing /home/airflow/.local/lib/python3.8/site-packages/airflow/example_dags/example_bash_operator.py took 0.087 seconds
[2024-02-07T16:24:56.174+0000] {processor.py:161} INFO - Started process (PID=223) to work on /home/airflow/.local/lib/python3.8/site-packages/airflow/example_dags/example_bash_operator.py
[2024-02-07T16:24:56.175+0000] {processor.py:830} INFO - Processing file /home/airflow/.local/lib/python3.8/site-packages/airflow/example_dags/example_bash_operator.py for tasks to queue
[2024-02-07T16:24:56.177+0000] {logging_mixin.py:188} INFO - [2024-02-07T16:24:56.177+0000] {dagbag.py:538} INFO - Filling up the DagBag from /home/airflow/.local/lib/python3.8/site-packages/airflow/example_dags/example_bash_operator.py
[2024-02-07T16:24:56.190+0000] {processor.py:840} INFO - DAG(s) 'example_bash_operator' retrieved from /home/airflow/.local/lib/python3.8/site-packages/airflow/example_dags/example_bash_operator.py
[2024-02-07T16:24:56.232+0000] {logging_mixin.py:188} INFO - [2024-02-07T16:24:56.231+0000] {dag.py:3036} INFO - Sync 1 DAGs
[2024-02-07T16:24:56.265+0000] {logging_mixin.py:188} INFO - [2024-02-07T16:24:56.265+0000] {dag.py:3823} INFO - Setting next_dagrun for example_bash_operator to 2024-02-06 00:00:00+00:00, run_after=2024-02-07 00:00:00+00:00
[2024-02-07T16:24:56.291+0000] {processor.py:183} INFO - Processing /home/airflow/.local/lib/python3.8/site-packages/airflow/example_dags/example_bash_operator.py took 0.120 seconds
[2024-02-07T16:25:26.420+0000] {processor.py:161} INFO - Started process (PID=280) to work on /home/airflow/.local/lib/python3.8/site-packages/airflow/example_dags/example_bash_operator.py
[2024-02-07T16:25:26.421+0000] {processor.py:830} INFO - Processing file /home/airflow/.local/lib/python3.8/site-packages/airflow/example_dags/example_bash_operator.py for tasks to queue
[2024-02-07T16:25:26.422+0000] {logging_mixin.py:188} INFO - [2024-02-07T16:25:26.422+0000] {dagbag.py:538} INFO - Filling up the DagBag from /home/airflow/.local/lib/python3.8/site-packages/airflow/example_dags/example_bash_operator.py
[2024-02-07T16:25:26.434+0000] {processor.py:840} INFO - DAG(s) 'example_bash_operator' retrieved from /home/airflow/.local/lib/python3.8/site-packages/airflow/example_dags/example_bash_operator.py
[2024-02-07T16:25:26.463+0000] {logging_mixin.py:188} INFO - [2024-02-07T16:25:26.463+0000] {dag.py:3036} INFO - Sync 1 DAGs
[2024-02-07T16:25:26.485+0000] {logging_mixin.py:188} INFO - [2024-02-07T16:25:26.485+0000] {dag.py:3823} INFO - Setting next_dagrun for example_bash_operator to 2024-02-06 00:00:00+00:00, run_after=2024-02-07 00:00:00+00:00
[2024-02-07T16:25:26.502+0000] {processor.py:183} INFO - Processing /home/airflow/.local/lib/python3.8/site-packages/airflow/example_dags/example_bash_operator.py took 0.085 seconds
[2024-02-07T16:25:56.637+0000] {processor.py:161} INFO - Started process (PID=337) to work on /home/airflow/.local/lib/python3.8/site-packages/airflow/example_dags/example_bash_operator.py
[2024-02-07T16:25:56.638+0000] {processor.py:830} INFO - Processing file /home/airflow/.local/lib/python3.8/site-packages/airflow/example_dags/example_bash_operator.py for tasks to queue
[2024-02-07T16:25:56.640+0000] {logging_mixin.py:188} INFO - [2024-02-07T16:25:56.640+0000] {dagbag.py:538} INFO - Filling up the DagBag from /home/airflow/.local/lib/python3.8/site-packages/airflow/example_dags/example_bash_operator.py
[2024-02-07T16:25:56.651+0000] {processor.py:840} INFO - DAG(s) 'example_bash_operator' retrieved from /home/airflow/.local/lib/python3.8/site-packages/airflow/example_dags/example_bash_operator.py
[2024-02-07T16:25:56.680+0000] {logging_mixin.py:188} INFO - [2024-02-07T16:25:56.680+0000] {dag.py:3036} INFO - Sync 1 DAGs
[2024-02-07T16:25:56.713+0000] {logging_mixin.py:188} INFO - [2024-02-07T16:25:56.712+0000] {dag.py:3823} INFO - Setting next_dagrun for example_bash_operator to 2024-02-06 00:00:00+00:00, run_after=2024-02-07 00:00:00+00:00
[2024-02-07T16:25:56.736+0000] {processor.py:183} INFO - Processing /home/airflow/.local/lib/python3.8/site-packages/airflow/example_dags/example_bash_operator.py took 0.102 seconds
[2024-02-07T16:48:22.524+0000] {processor.py:161} INFO - Started process (PID=53) to work on /home/airflow/.local/lib/python3.8/site-packages/airflow/example_dags/example_bash_operator.py
[2024-02-07T16:48:22.525+0000] {processor.py:830} INFO - Processing file /home/airflow/.local/lib/python3.8/site-packages/airflow/example_dags/example_bash_operator.py for tasks to queue
[2024-02-07T16:48:22.527+0000] {logging_mixin.py:188} INFO - [2024-02-07T16:48:22.527+0000] {dagbag.py:538} INFO - Filling up the DagBag from /home/airflow/.local/lib/python3.8/site-packages/airflow/example_dags/example_bash_operator.py
[2024-02-07T16:48:22.558+0000] {processor.py:840} INFO - DAG(s) 'example_bash_operator' retrieved from /home/airflow/.local/lib/python3.8/site-packages/airflow/example_dags/example_bash_operator.py
[2024-02-07T16:48:22.727+0000] {logging_mixin.py:188} INFO - [2024-02-07T16:48:22.727+0000] {dag.py:3036} INFO - Sync 1 DAGs
[2024-02-07T16:48:22.751+0000] {logging_mixin.py:188} INFO - [2024-02-07T16:48:22.751+0000] {dag.py:3823} INFO - Setting next_dagrun for example_bash_operator to 2024-02-06 00:00:00+00:00, run_after=2024-02-07 00:00:00+00:00
[2024-02-07T16:48:22.771+0000] {processor.py:183} INFO - Processing /home/airflow/.local/lib/python3.8/site-packages/airflow/example_dags/example_bash_operator.py took 0.252 seconds
[2024-02-07T16:48:53.137+0000] {processor.py:161} INFO - Started process (PID=110) to work on /home/airflow/.local/lib/python3.8/site-packages/airflow/example_dags/example_bash_operator.py
[2024-02-07T16:48:53.137+0000] {processor.py:830} INFO - Processing file /home/airflow/.local/lib/python3.8/site-packages/airflow/example_dags/example_bash_operator.py for tasks to queue
[2024-02-07T16:48:53.139+0000] {logging_mixin.py:188} INFO - [2024-02-07T16:48:53.139+0000] {dagbag.py:538} INFO - Filling up the DagBag from /home/airflow/.local/lib/python3.8/site-packages/airflow/example_dags/example_bash_operator.py
[2024-02-07T16:48:53.152+0000] {processor.py:840} INFO - DAG(s) 'example_bash_operator' retrieved from /home/airflow/.local/lib/python3.8/site-packages/airflow/example_dags/example_bash_operator.py
[2024-02-07T16:48:53.180+0000] {logging_mixin.py:188} INFO - [2024-02-07T16:48:53.180+0000] {dag.py:3036} INFO - Sync 1 DAGs
[2024-02-07T16:48:53.202+0000] {logging_mixin.py:188} INFO - [2024-02-07T16:48:53.202+0000] {dag.py:3823} INFO - Setting next_dagrun for example_bash_operator to 2024-02-06 00:00:00+00:00, run_after=2024-02-07 00:00:00+00:00
[2024-02-07T16:48:53.221+0000] {processor.py:183} INFO - Processing /home/airflow/.local/lib/python3.8/site-packages/airflow/example_dags/example_bash_operator.py took 0.087 seconds
[2024-02-07T16:49:23.721+0000] {processor.py:161} INFO - Started process (PID=165) to work on /home/airflow/.local/lib/python3.8/site-packages/airflow/example_dags/example_bash_operator.py
[2024-02-07T16:49:23.722+0000] {processor.py:830} INFO - Processing file /home/airflow/.local/lib/python3.8/site-packages/airflow/example_dags/example_bash_operator.py for tasks to queue
[2024-02-07T16:49:23.723+0000] {logging_mixin.py:188} INFO - [2024-02-07T16:49:23.723+0000] {dagbag.py:538} INFO - Filling up the DagBag from /home/airflow/.local/lib/python3.8/site-packages/airflow/example_dags/example_bash_operator.py
[2024-02-07T16:49:23.736+0000] {processor.py:840} INFO - DAG(s) 'example_bash_operator' retrieved from /home/airflow/.local/lib/python3.8/site-packages/airflow/example_dags/example_bash_operator.py
[2024-02-07T16:49:23.768+0000] {logging_mixin.py:188} INFO - [2024-02-07T16:49:23.768+0000] {dag.py:3036} INFO - Sync 1 DAGs
[2024-02-07T16:49:23.791+0000] {logging_mixin.py:188} INFO - [2024-02-07T16:49:23.791+0000] {dag.py:3823} INFO - Setting next_dagrun for example_bash_operator to 2024-02-06 00:00:00+00:00, run_after=2024-02-07 00:00:00+00:00
[2024-02-07T16:49:23.809+0000] {processor.py:183} INFO - Processing /home/airflow/.local/lib/python3.8/site-packages/airflow/example_dags/example_bash_operator.py took 0.091 seconds
[2024-02-07T16:49:53.835+0000] {processor.py:161} INFO - Started process (PID=223) to work on /home/airflow/.local/lib/python3.8/site-packages/airflow/example_dags/example_bash_operator.py
[2024-02-07T16:49:53.836+0000] {processor.py:830} INFO - Processing file /home/airflow/.local/lib/python3.8/site-packages/airflow/example_dags/example_bash_operator.py for tasks to queue
[2024-02-07T16:49:53.838+0000] {logging_mixin.py:188} INFO - [2024-02-07T16:49:53.837+0000] {dagbag.py:538} INFO - Filling up the DagBag from /home/airflow/.local/lib/python3.8/site-packages/airflow/example_dags/example_bash_operator.py
[2024-02-07T16:49:53.849+0000] {processor.py:840} INFO - DAG(s) 'example_bash_operator' retrieved from /home/airflow/.local/lib/python3.8/site-packages/airflow/example_dags/example_bash_operator.py
[2024-02-07T16:49:53.878+0000] {logging_mixin.py:188} INFO - [2024-02-07T16:49:53.877+0000] {dag.py:3036} INFO - Sync 1 DAGs
[2024-02-07T16:49:53.899+0000] {logging_mixin.py:188} INFO - [2024-02-07T16:49:53.899+0000] {dag.py:3823} INFO - Setting next_dagrun for example_bash_operator to 2024-02-06 00:00:00+00:00, run_after=2024-02-07 00:00:00+00:00
[2024-02-07T16:49:53.916+0000] {processor.py:183} INFO - Processing /home/airflow/.local/lib/python3.8/site-packages/airflow/example_dags/example_bash_operator.py took 0.084 seconds
[2024-02-07T16:50:24.316+0000] {processor.py:161} INFO - Started process (PID=280) to work on /home/airflow/.local/lib/python3.8/site-packages/airflow/example_dags/example_bash_operator.py
[2024-02-07T16:50:24.317+0000] {processor.py:830} INFO - Processing file /home/airflow/.local/lib/python3.8/site-packages/airflow/example_dags/example_bash_operator.py for tasks to queue
[2024-02-07T16:50:24.320+0000] {logging_mixin.py:188} INFO - [2024-02-07T16:50:24.319+0000] {dagbag.py:538} INFO - Filling up the DagBag from /home/airflow/.local/lib/python3.8/site-packages/airflow/example_dags/example_bash_operator.py
[2024-02-07T16:50:24.331+0000] {processor.py:840} INFO - DAG(s) 'example_bash_operator' retrieved from /home/airflow/.local/lib/python3.8/site-packages/airflow/example_dags/example_bash_operator.py
[2024-02-07T16:50:24.365+0000] {logging_mixin.py:188} INFO - [2024-02-07T16:50:24.365+0000] {dag.py:3036} INFO - Sync 1 DAGs
[2024-02-07T16:50:24.397+0000] {logging_mixin.py:188} INFO - [2024-02-07T16:50:24.396+0000] {dag.py:3823} INFO - Setting next_dagrun for example_bash_operator to 2024-02-06 00:00:00+00:00, run_after=2024-02-07 00:00:00+00:00
[2024-02-07T16:50:24.415+0000] {processor.py:183} INFO - Processing /home/airflow/.local/lib/python3.8/site-packages/airflow/example_dags/example_bash_operator.py took 0.102 seconds
[2024-02-07T16:50:54.497+0000] {processor.py:161} INFO - Started process (PID=337) to work on /home/airflow/.local/lib/python3.8/site-packages/airflow/example_dags/example_bash_operator.py
[2024-02-07T16:50:54.498+0000] {processor.py:830} INFO - Processing file /home/airflow/.local/lib/python3.8/site-packages/airflow/example_dags/example_bash_operator.py for tasks to queue
[2024-02-07T16:50:54.499+0000] {logging_mixin.py:188} INFO - [2024-02-07T16:50:54.499+0000] {dagbag.py:538} INFO - Filling up the DagBag from /home/airflow/.local/lib/python3.8/site-packages/airflow/example_dags/example_bash_operator.py
[2024-02-07T16:50:54.511+0000] {processor.py:840} INFO - DAG(s) 'example_bash_operator' retrieved from /home/airflow/.local/lib/python3.8/site-packages/airflow/example_dags/example_bash_operator.py
[2024-02-07T16:50:54.543+0000] {logging_mixin.py:188} INFO - [2024-02-07T16:50:54.543+0000] {dag.py:3036} INFO - Sync 1 DAGs
[2024-02-07T16:50:54.566+0000] {logging_mixin.py:188} INFO - [2024-02-07T16:50:54.566+0000] {dag.py:3823} INFO - Setting next_dagrun for example_bash_operator to 2024-02-06 00:00:00+00:00, run_after=2024-02-07 00:00:00+00:00
[2024-02-07T16:50:54.584+0000] {processor.py:183} INFO - Processing /home/airflow/.local/lib/python3.8/site-packages/airflow/example_dags/example_bash_operator.py took 0.091 seconds
