[2024-02-07T14:34:03.012+0000] {processor.py:161} INFO - Started process (PID=56) to work on /home/airflow/.local/lib/python3.8/site-packages/airflow/example_dags/example_complex.py
[2024-02-07T14:34:03.013+0000] {processor.py:830} INFO - Processing file /home/airflow/.local/lib/python3.8/site-packages/airflow/example_dags/example_complex.py for tasks to queue
[2024-02-07T14:34:03.015+0000] {logging_mixin.py:188} INFO - [2024-02-07T14:34:03.015+0000] {dagbag.py:538} INFO - Filling up the DagBag from /home/airflow/.local/lib/python3.8/site-packages/airflow/example_dags/example_complex.py
[2024-02-07T14:34:03.028+0000] {processor.py:840} INFO - DAG(s) 'example_complex' retrieved from /home/airflow/.local/lib/python3.8/site-packages/airflow/example_dags/example_complex.py
[2024-02-07T14:34:03.042+0000] {logging_mixin.py:188} INFO - [2024-02-07T14:34:03.042+0000] {dag.py:3036} INFO - Sync 1 DAGs
[2024-02-07T14:34:03.057+0000] {logging_mixin.py:188} INFO - [2024-02-07T14:34:03.057+0000] {dag.py:3823} INFO - Setting next_dagrun for example_complex to None, run_after=None
[2024-02-07T14:34:03.082+0000] {processor.py:183} INFO - Processing /home/airflow/.local/lib/python3.8/site-packages/airflow/example_dags/example_complex.py took 0.073 seconds
[2024-02-07T14:34:34.005+0000] {processor.py:161} INFO - Started process (PID=113) to work on /home/airflow/.local/lib/python3.8/site-packages/airflow/example_dags/example_complex.py
[2024-02-07T14:34:34.006+0000] {processor.py:830} INFO - Processing file /home/airflow/.local/lib/python3.8/site-packages/airflow/example_dags/example_complex.py for tasks to queue
[2024-02-07T14:34:34.009+0000] {logging_mixin.py:188} INFO - [2024-02-07T14:34:34.008+0000] {dagbag.py:538} INFO - Filling up the DagBag from /home/airflow/.local/lib/python3.8/site-packages/airflow/example_dags/example_complex.py
[2024-02-07T14:34:34.027+0000] {processor.py:840} INFO - DAG(s) 'example_complex' retrieved from /home/airflow/.local/lib/python3.8/site-packages/airflow/example_dags/example_complex.py
[2024-02-07T14:34:34.216+0000] {logging_mixin.py:188} INFO - [2024-02-07T14:34:34.216+0000] {dag.py:3036} INFO - Sync 1 DAGs
[2024-02-07T14:34:34.235+0000] {logging_mixin.py:188} INFO - [2024-02-07T14:34:34.235+0000] {dag.py:3823} INFO - Setting next_dagrun for example_complex to None, run_after=None
[2024-02-07T14:34:34.271+0000] {processor.py:183} INFO - Processing /home/airflow/.local/lib/python3.8/site-packages/airflow/example_dags/example_complex.py took 0.272 seconds
[2024-02-07T14:35:04.701+0000] {processor.py:161} INFO - Started process (PID=170) to work on /home/airflow/.local/lib/python3.8/site-packages/airflow/example_dags/example_complex.py
[2024-02-07T14:35:04.702+0000] {processor.py:830} INFO - Processing file /home/airflow/.local/lib/python3.8/site-packages/airflow/example_dags/example_complex.py for tasks to queue
[2024-02-07T14:35:04.704+0000] {logging_mixin.py:188} INFO - [2024-02-07T14:35:04.704+0000] {dagbag.py:538} INFO - Filling up the DagBag from /home/airflow/.local/lib/python3.8/site-packages/airflow/example_dags/example_complex.py
[2024-02-07T14:35:04.717+0000] {processor.py:840} INFO - DAG(s) 'example_complex' retrieved from /home/airflow/.local/lib/python3.8/site-packages/airflow/example_dags/example_complex.py
[2024-02-07T14:35:04.748+0000] {logging_mixin.py:188} INFO - [2024-02-07T14:35:04.747+0000] {dag.py:3036} INFO - Sync 1 DAGs
[2024-02-07T14:35:04.759+0000] {logging_mixin.py:188} INFO - [2024-02-07T14:35:04.758+0000] {dag.py:3823} INFO - Setting next_dagrun for example_complex to None, run_after=None
[2024-02-07T14:35:04.777+0000] {processor.py:183} INFO - Processing /home/airflow/.local/lib/python3.8/site-packages/airflow/example_dags/example_complex.py took 0.081 seconds
[2024-02-07T14:35:35.285+0000] {processor.py:161} INFO - Started process (PID=227) to work on /home/airflow/.local/lib/python3.8/site-packages/airflow/example_dags/example_complex.py
[2024-02-07T14:35:35.286+0000] {processor.py:830} INFO - Processing file /home/airflow/.local/lib/python3.8/site-packages/airflow/example_dags/example_complex.py for tasks to queue
[2024-02-07T14:35:35.288+0000] {logging_mixin.py:188} INFO - [2024-02-07T14:35:35.288+0000] {dagbag.py:538} INFO - Filling up the DagBag from /home/airflow/.local/lib/python3.8/site-packages/airflow/example_dags/example_complex.py
[2024-02-07T14:35:35.299+0000] {processor.py:840} INFO - DAG(s) 'example_complex' retrieved from /home/airflow/.local/lib/python3.8/site-packages/airflow/example_dags/example_complex.py
[2024-02-07T14:35:35.341+0000] {logging_mixin.py:188} INFO - [2024-02-07T14:35:35.340+0000] {dag.py:3036} INFO - Sync 1 DAGs
[2024-02-07T14:35:35.357+0000] {logging_mixin.py:188} INFO - [2024-02-07T14:35:35.357+0000] {dag.py:3823} INFO - Setting next_dagrun for example_complex to None, run_after=None
[2024-02-07T14:35:35.381+0000] {processor.py:183} INFO - Processing /home/airflow/.local/lib/python3.8/site-packages/airflow/example_dags/example_complex.py took 0.099 seconds
[2024-02-07T14:43:07.627+0000] {processor.py:161} INFO - Started process (PID=56) to work on /home/airflow/.local/lib/python3.8/site-packages/airflow/example_dags/example_complex.py
[2024-02-07T14:43:07.628+0000] {processor.py:830} INFO - Processing file /home/airflow/.local/lib/python3.8/site-packages/airflow/example_dags/example_complex.py for tasks to queue
[2024-02-07T14:43:07.630+0000] {logging_mixin.py:188} INFO - [2024-02-07T14:43:07.629+0000] {dagbag.py:538} INFO - Filling up the DagBag from /home/airflow/.local/lib/python3.8/site-packages/airflow/example_dags/example_complex.py
[2024-02-07T14:43:07.643+0000] {processor.py:840} INFO - DAG(s) 'example_complex' retrieved from /home/airflow/.local/lib/python3.8/site-packages/airflow/example_dags/example_complex.py
[2024-02-07T14:43:07.658+0000] {logging_mixin.py:188} INFO - [2024-02-07T14:43:07.658+0000] {dag.py:3036} INFO - Sync 1 DAGs
[2024-02-07T14:43:07.678+0000] {logging_mixin.py:188} INFO - [2024-02-07T14:43:07.678+0000] {dag.py:3823} INFO - Setting next_dagrun for example_complex to None, run_after=None
[2024-02-07T14:43:07.708+0000] {processor.py:183} INFO - Processing /home/airflow/.local/lib/python3.8/site-packages/airflow/example_dags/example_complex.py took 0.084 seconds
[2024-02-07T14:43:38.551+0000] {processor.py:161} INFO - Started process (PID=113) to work on /home/airflow/.local/lib/python3.8/site-packages/airflow/example_dags/example_complex.py
[2024-02-07T14:43:38.552+0000] {processor.py:830} INFO - Processing file /home/airflow/.local/lib/python3.8/site-packages/airflow/example_dags/example_complex.py for tasks to queue
[2024-02-07T14:43:38.554+0000] {logging_mixin.py:188} INFO - [2024-02-07T14:43:38.554+0000] {dagbag.py:538} INFO - Filling up the DagBag from /home/airflow/.local/lib/python3.8/site-packages/airflow/example_dags/example_complex.py
[2024-02-07T14:43:38.565+0000] {processor.py:840} INFO - DAG(s) 'example_complex' retrieved from /home/airflow/.local/lib/python3.8/site-packages/airflow/example_dags/example_complex.py
[2024-02-07T14:43:38.677+0000] {logging_mixin.py:188} INFO - [2024-02-07T14:43:38.677+0000] {dag.py:3036} INFO - Sync 1 DAGs
[2024-02-07T14:43:38.688+0000] {logging_mixin.py:188} INFO - [2024-02-07T14:43:38.687+0000] {dag.py:3823} INFO - Setting next_dagrun for example_complex to None, run_after=None
[2024-02-07T14:43:38.717+0000] {processor.py:183} INFO - Processing /home/airflow/.local/lib/python3.8/site-packages/airflow/example_dags/example_complex.py took 0.169 seconds
[2024-02-07T14:44:09.078+0000] {processor.py:161} INFO - Started process (PID=170) to work on /home/airflow/.local/lib/python3.8/site-packages/airflow/example_dags/example_complex.py
[2024-02-07T14:44:09.079+0000] {processor.py:830} INFO - Processing file /home/airflow/.local/lib/python3.8/site-packages/airflow/example_dags/example_complex.py for tasks to queue
[2024-02-07T14:44:09.081+0000] {logging_mixin.py:188} INFO - [2024-02-07T14:44:09.081+0000] {dagbag.py:538} INFO - Filling up the DagBag from /home/airflow/.local/lib/python3.8/site-packages/airflow/example_dags/example_complex.py
[2024-02-07T14:44:09.094+0000] {processor.py:840} INFO - DAG(s) 'example_complex' retrieved from /home/airflow/.local/lib/python3.8/site-packages/airflow/example_dags/example_complex.py
[2024-02-07T14:44:09.124+0000] {logging_mixin.py:188} INFO - [2024-02-07T14:44:09.124+0000] {dag.py:3036} INFO - Sync 1 DAGs
[2024-02-07T14:44:09.139+0000] {logging_mixin.py:188} INFO - [2024-02-07T14:44:09.139+0000] {dag.py:3823} INFO - Setting next_dagrun for example_complex to None, run_after=None
[2024-02-07T14:44:09.161+0000] {processor.py:183} INFO - Processing /home/airflow/.local/lib/python3.8/site-packages/airflow/example_dags/example_complex.py took 0.086 seconds
[2024-02-07T14:44:39.218+0000] {processor.py:161} INFO - Started process (PID=226) to work on /home/airflow/.local/lib/python3.8/site-packages/airflow/example_dags/example_complex.py
[2024-02-07T14:44:39.219+0000] {processor.py:830} INFO - Processing file /home/airflow/.local/lib/python3.8/site-packages/airflow/example_dags/example_complex.py for tasks to queue
[2024-02-07T14:44:39.221+0000] {logging_mixin.py:188} INFO - [2024-02-07T14:44:39.221+0000] {dagbag.py:538} INFO - Filling up the DagBag from /home/airflow/.local/lib/python3.8/site-packages/airflow/example_dags/example_complex.py
[2024-02-07T14:44:39.247+0000] {processor.py:840} INFO - DAG(s) 'example_complex' retrieved from /home/airflow/.local/lib/python3.8/site-packages/airflow/example_dags/example_complex.py
[2024-02-07T14:44:39.296+0000] {logging_mixin.py:188} INFO - [2024-02-07T14:44:39.296+0000] {dag.py:3036} INFO - Sync 1 DAGs
[2024-02-07T14:44:39.314+0000] {logging_mixin.py:188} INFO - [2024-02-07T14:44:39.314+0000] {dag.py:3823} INFO - Setting next_dagrun for example_complex to None, run_after=None
[2024-02-07T14:44:39.343+0000] {processor.py:183} INFO - Processing /home/airflow/.local/lib/python3.8/site-packages/airflow/example_dags/example_complex.py took 0.129 seconds
[2024-02-07T14:45:09.421+0000] {processor.py:161} INFO - Started process (PID=282) to work on /home/airflow/.local/lib/python3.8/site-packages/airflow/example_dags/example_complex.py
[2024-02-07T14:45:09.422+0000] {processor.py:830} INFO - Processing file /home/airflow/.local/lib/python3.8/site-packages/airflow/example_dags/example_complex.py for tasks to queue
[2024-02-07T14:45:09.423+0000] {logging_mixin.py:188} INFO - [2024-02-07T14:45:09.423+0000] {dagbag.py:538} INFO - Filling up the DagBag from /home/airflow/.local/lib/python3.8/site-packages/airflow/example_dags/example_complex.py
[2024-02-07T14:45:09.434+0000] {processor.py:840} INFO - DAG(s) 'example_complex' retrieved from /home/airflow/.local/lib/python3.8/site-packages/airflow/example_dags/example_complex.py
[2024-02-07T14:45:09.465+0000] {logging_mixin.py:188} INFO - [2024-02-07T14:45:09.464+0000] {dag.py:3036} INFO - Sync 1 DAGs
[2024-02-07T14:45:09.477+0000] {logging_mixin.py:188} INFO - [2024-02-07T14:45:09.477+0000] {dag.py:3823} INFO - Setting next_dagrun for example_complex to None, run_after=None
[2024-02-07T14:45:09.494+0000] {processor.py:183} INFO - Processing /home/airflow/.local/lib/python3.8/site-packages/airflow/example_dags/example_complex.py took 0.076 seconds
[2024-02-07T14:45:39.717+0000] {processor.py:161} INFO - Started process (PID=339) to work on /home/airflow/.local/lib/python3.8/site-packages/airflow/example_dags/example_complex.py
[2024-02-07T14:45:39.718+0000] {processor.py:830} INFO - Processing file /home/airflow/.local/lib/python3.8/site-packages/airflow/example_dags/example_complex.py for tasks to queue
[2024-02-07T14:45:39.720+0000] {logging_mixin.py:188} INFO - [2024-02-07T14:45:39.720+0000] {dagbag.py:538} INFO - Filling up the DagBag from /home/airflow/.local/lib/python3.8/site-packages/airflow/example_dags/example_complex.py
[2024-02-07T14:45:39.731+0000] {processor.py:840} INFO - DAG(s) 'example_complex' retrieved from /home/airflow/.local/lib/python3.8/site-packages/airflow/example_dags/example_complex.py
[2024-02-07T14:45:39.761+0000] {logging_mixin.py:188} INFO - [2024-02-07T14:45:39.760+0000] {dag.py:3036} INFO - Sync 1 DAGs
[2024-02-07T14:45:39.772+0000] {logging_mixin.py:188} INFO - [2024-02-07T14:45:39.772+0000] {dag.py:3823} INFO - Setting next_dagrun for example_complex to None, run_after=None
[2024-02-07T14:45:39.791+0000] {processor.py:183} INFO - Processing /home/airflow/.local/lib/python3.8/site-packages/airflow/example_dags/example_complex.py took 0.077 seconds
[2024-02-07T14:46:10.197+0000] {processor.py:161} INFO - Started process (PID=396) to work on /home/airflow/.local/lib/python3.8/site-packages/airflow/example_dags/example_complex.py
[2024-02-07T14:46:10.198+0000] {processor.py:830} INFO - Processing file /home/airflow/.local/lib/python3.8/site-packages/airflow/example_dags/example_complex.py for tasks to queue
[2024-02-07T14:46:10.200+0000] {logging_mixin.py:188} INFO - [2024-02-07T14:46:10.199+0000] {dagbag.py:538} INFO - Filling up the DagBag from /home/airflow/.local/lib/python3.8/site-packages/airflow/example_dags/example_complex.py
[2024-02-07T14:46:10.212+0000] {processor.py:840} INFO - DAG(s) 'example_complex' retrieved from /home/airflow/.local/lib/python3.8/site-packages/airflow/example_dags/example_complex.py
[2024-02-07T14:46:10.243+0000] {logging_mixin.py:188} INFO - [2024-02-07T14:46:10.243+0000] {dag.py:3036} INFO - Sync 1 DAGs
[2024-02-07T14:46:10.255+0000] {logging_mixin.py:188} INFO - [2024-02-07T14:46:10.255+0000] {dag.py:3823} INFO - Setting next_dagrun for example_complex to None, run_after=None
[2024-02-07T14:46:10.272+0000] {processor.py:183} INFO - Processing /home/airflow/.local/lib/python3.8/site-packages/airflow/example_dags/example_complex.py took 0.079 seconds
[2024-02-07T14:46:41.172+0000] {processor.py:161} INFO - Started process (PID=453) to work on /home/airflow/.local/lib/python3.8/site-packages/airflow/example_dags/example_complex.py
[2024-02-07T14:46:41.173+0000] {processor.py:830} INFO - Processing file /home/airflow/.local/lib/python3.8/site-packages/airflow/example_dags/example_complex.py for tasks to queue
[2024-02-07T14:46:41.176+0000] {logging_mixin.py:188} INFO - [2024-02-07T14:46:41.175+0000] {dagbag.py:538} INFO - Filling up the DagBag from /home/airflow/.local/lib/python3.8/site-packages/airflow/example_dags/example_complex.py
[2024-02-07T14:46:41.196+0000] {processor.py:840} INFO - DAG(s) 'example_complex' retrieved from /home/airflow/.local/lib/python3.8/site-packages/airflow/example_dags/example_complex.py
[2024-02-07T14:46:41.242+0000] {logging_mixin.py:188} INFO - [2024-02-07T14:46:41.241+0000] {dag.py:3036} INFO - Sync 1 DAGs
[2024-02-07T14:46:41.258+0000] {logging_mixin.py:188} INFO - [2024-02-07T14:46:41.258+0000] {dag.py:3823} INFO - Setting next_dagrun for example_complex to None, run_after=None
[2024-02-07T14:46:41.280+0000] {processor.py:183} INFO - Processing /home/airflow/.local/lib/python3.8/site-packages/airflow/example_dags/example_complex.py took 0.113 seconds
[2024-02-07T14:47:11.507+0000] {processor.py:161} INFO - Started process (PID=510) to work on /home/airflow/.local/lib/python3.8/site-packages/airflow/example_dags/example_complex.py
[2024-02-07T14:47:11.509+0000] {processor.py:830} INFO - Processing file /home/airflow/.local/lib/python3.8/site-packages/airflow/example_dags/example_complex.py for tasks to queue
[2024-02-07T14:47:11.511+0000] {logging_mixin.py:188} INFO - [2024-02-07T14:47:11.511+0000] {dagbag.py:538} INFO - Filling up the DagBag from /home/airflow/.local/lib/python3.8/site-packages/airflow/example_dags/example_complex.py
[2024-02-07T14:47:11.530+0000] {processor.py:840} INFO - DAG(s) 'example_complex' retrieved from /home/airflow/.local/lib/python3.8/site-packages/airflow/example_dags/example_complex.py
[2024-02-07T14:47:11.564+0000] {logging_mixin.py:188} INFO - [2024-02-07T14:47:11.564+0000] {dag.py:3036} INFO - Sync 1 DAGs
[2024-02-07T14:47:11.577+0000] {logging_mixin.py:188} INFO - [2024-02-07T14:47:11.577+0000] {dag.py:3823} INFO - Setting next_dagrun for example_complex to None, run_after=None
[2024-02-07T14:47:11.597+0000] {processor.py:183} INFO - Processing /home/airflow/.local/lib/python3.8/site-packages/airflow/example_dags/example_complex.py took 0.095 seconds
[2024-02-07T14:47:41.797+0000] {processor.py:161} INFO - Started process (PID=567) to work on /home/airflow/.local/lib/python3.8/site-packages/airflow/example_dags/example_complex.py
[2024-02-07T14:47:41.798+0000] {processor.py:830} INFO - Processing file /home/airflow/.local/lib/python3.8/site-packages/airflow/example_dags/example_complex.py for tasks to queue
[2024-02-07T14:47:41.799+0000] {logging_mixin.py:188} INFO - [2024-02-07T14:47:41.799+0000] {dagbag.py:538} INFO - Filling up the DagBag from /home/airflow/.local/lib/python3.8/site-packages/airflow/example_dags/example_complex.py
[2024-02-07T14:47:41.810+0000] {processor.py:840} INFO - DAG(s) 'example_complex' retrieved from /home/airflow/.local/lib/python3.8/site-packages/airflow/example_dags/example_complex.py
[2024-02-07T14:47:41.840+0000] {logging_mixin.py:188} INFO - [2024-02-07T14:47:41.840+0000] {dag.py:3036} INFO - Sync 1 DAGs
[2024-02-07T14:47:41.852+0000] {logging_mixin.py:188} INFO - [2024-02-07T14:47:41.852+0000] {dag.py:3823} INFO - Setting next_dagrun for example_complex to None, run_after=None
[2024-02-07T14:47:41.869+0000] {processor.py:183} INFO - Processing /home/airflow/.local/lib/python3.8/site-packages/airflow/example_dags/example_complex.py took 0.075 seconds
[2024-02-07T14:48:12.355+0000] {processor.py:161} INFO - Started process (PID=624) to work on /home/airflow/.local/lib/python3.8/site-packages/airflow/example_dags/example_complex.py
[2024-02-07T14:48:12.355+0000] {processor.py:830} INFO - Processing file /home/airflow/.local/lib/python3.8/site-packages/airflow/example_dags/example_complex.py for tasks to queue
[2024-02-07T14:48:12.357+0000] {logging_mixin.py:188} INFO - [2024-02-07T14:48:12.357+0000] {dagbag.py:538} INFO - Filling up the DagBag from /home/airflow/.local/lib/python3.8/site-packages/airflow/example_dags/example_complex.py
[2024-02-07T14:48:12.368+0000] {processor.py:840} INFO - DAG(s) 'example_complex' retrieved from /home/airflow/.local/lib/python3.8/site-packages/airflow/example_dags/example_complex.py
[2024-02-07T14:48:12.397+0000] {logging_mixin.py:188} INFO - [2024-02-07T14:48:12.397+0000] {dag.py:3036} INFO - Sync 1 DAGs
[2024-02-07T14:48:12.410+0000] {logging_mixin.py:188} INFO - [2024-02-07T14:48:12.409+0000] {dag.py:3823} INFO - Setting next_dagrun for example_complex to None, run_after=None
[2024-02-07T14:48:12.430+0000] {processor.py:183} INFO - Processing /home/airflow/.local/lib/python3.8/site-packages/airflow/example_dags/example_complex.py took 0.079 seconds
[2024-02-07T14:48:42.722+0000] {processor.py:161} INFO - Started process (PID=681) to work on /home/airflow/.local/lib/python3.8/site-packages/airflow/example_dags/example_complex.py
[2024-02-07T14:48:42.723+0000] {processor.py:830} INFO - Processing file /home/airflow/.local/lib/python3.8/site-packages/airflow/example_dags/example_complex.py for tasks to queue
[2024-02-07T14:48:42.724+0000] {logging_mixin.py:188} INFO - [2024-02-07T14:48:42.724+0000] {dagbag.py:538} INFO - Filling up the DagBag from /home/airflow/.local/lib/python3.8/site-packages/airflow/example_dags/example_complex.py
[2024-02-07T14:48:42.735+0000] {processor.py:840} INFO - DAG(s) 'example_complex' retrieved from /home/airflow/.local/lib/python3.8/site-packages/airflow/example_dags/example_complex.py
[2024-02-07T14:48:42.765+0000] {logging_mixin.py:188} INFO - [2024-02-07T14:48:42.764+0000] {dag.py:3036} INFO - Sync 1 DAGs
[2024-02-07T14:48:42.777+0000] {logging_mixin.py:188} INFO - [2024-02-07T14:48:42.777+0000] {dag.py:3823} INFO - Setting next_dagrun for example_complex to None, run_after=None
[2024-02-07T14:48:42.798+0000] {processor.py:183} INFO - Processing /home/airflow/.local/lib/python3.8/site-packages/airflow/example_dags/example_complex.py took 0.079 seconds
[2024-02-07T14:49:12.907+0000] {processor.py:161} INFO - Started process (PID=738) to work on /home/airflow/.local/lib/python3.8/site-packages/airflow/example_dags/example_complex.py
[2024-02-07T14:49:12.908+0000] {processor.py:830} INFO - Processing file /home/airflow/.local/lib/python3.8/site-packages/airflow/example_dags/example_complex.py for tasks to queue
[2024-02-07T14:49:12.910+0000] {logging_mixin.py:188} INFO - [2024-02-07T14:49:12.910+0000] {dagbag.py:538} INFO - Filling up the DagBag from /home/airflow/.local/lib/python3.8/site-packages/airflow/example_dags/example_complex.py
[2024-02-07T14:49:12.928+0000] {processor.py:840} INFO - DAG(s) 'example_complex' retrieved from /home/airflow/.local/lib/python3.8/site-packages/airflow/example_dags/example_complex.py
[2024-02-07T14:49:12.960+0000] {logging_mixin.py:188} INFO - [2024-02-07T14:49:12.960+0000] {dag.py:3036} INFO - Sync 1 DAGs
[2024-02-07T14:49:12.977+0000] {logging_mixin.py:188} INFO - [2024-02-07T14:49:12.976+0000] {dag.py:3823} INFO - Setting next_dagrun for example_complex to None, run_after=None
[2024-02-07T14:49:12.996+0000] {processor.py:183} INFO - Processing /home/airflow/.local/lib/python3.8/site-packages/airflow/example_dags/example_complex.py took 0.092 seconds
[2024-02-07T14:49:43.555+0000] {processor.py:161} INFO - Started process (PID=795) to work on /home/airflow/.local/lib/python3.8/site-packages/airflow/example_dags/example_complex.py
[2024-02-07T14:49:43.556+0000] {processor.py:830} INFO - Processing file /home/airflow/.local/lib/python3.8/site-packages/airflow/example_dags/example_complex.py for tasks to queue
[2024-02-07T14:49:43.558+0000] {logging_mixin.py:188} INFO - [2024-02-07T14:49:43.557+0000] {dagbag.py:538} INFO - Filling up the DagBag from /home/airflow/.local/lib/python3.8/site-packages/airflow/example_dags/example_complex.py
[2024-02-07T14:49:43.569+0000] {processor.py:840} INFO - DAG(s) 'example_complex' retrieved from /home/airflow/.local/lib/python3.8/site-packages/airflow/example_dags/example_complex.py
[2024-02-07T14:49:43.598+0000] {logging_mixin.py:188} INFO - [2024-02-07T14:49:43.598+0000] {dag.py:3036} INFO - Sync 1 DAGs
[2024-02-07T14:49:43.610+0000] {logging_mixin.py:188} INFO - [2024-02-07T14:49:43.609+0000] {dag.py:3823} INFO - Setting next_dagrun for example_complex to None, run_after=None
[2024-02-07T14:49:43.628+0000] {processor.py:183} INFO - Processing /home/airflow/.local/lib/python3.8/site-packages/airflow/example_dags/example_complex.py took 0.076 seconds
[2024-02-07T14:50:14.298+0000] {processor.py:161} INFO - Started process (PID=852) to work on /home/airflow/.local/lib/python3.8/site-packages/airflow/example_dags/example_complex.py
[2024-02-07T14:50:14.299+0000] {processor.py:830} INFO - Processing file /home/airflow/.local/lib/python3.8/site-packages/airflow/example_dags/example_complex.py for tasks to queue
[2024-02-07T14:50:14.301+0000] {logging_mixin.py:188} INFO - [2024-02-07T14:50:14.300+0000] {dagbag.py:538} INFO - Filling up the DagBag from /home/airflow/.local/lib/python3.8/site-packages/airflow/example_dags/example_complex.py
[2024-02-07T14:50:14.313+0000] {processor.py:840} INFO - DAG(s) 'example_complex' retrieved from /home/airflow/.local/lib/python3.8/site-packages/airflow/example_dags/example_complex.py
[2024-02-07T14:50:14.342+0000] {logging_mixin.py:188} INFO - [2024-02-07T14:50:14.342+0000] {dag.py:3036} INFO - Sync 1 DAGs
[2024-02-07T14:50:14.353+0000] {logging_mixin.py:188} INFO - [2024-02-07T14:50:14.353+0000] {dag.py:3823} INFO - Setting next_dagrun for example_complex to None, run_after=None
[2024-02-07T14:50:14.371+0000] {processor.py:183} INFO - Processing /home/airflow/.local/lib/python3.8/site-packages/airflow/example_dags/example_complex.py took 0.076 seconds
[2024-02-07T14:50:44.971+0000] {processor.py:161} INFO - Started process (PID=909) to work on /home/airflow/.local/lib/python3.8/site-packages/airflow/example_dags/example_complex.py
[2024-02-07T14:50:44.972+0000] {processor.py:830} INFO - Processing file /home/airflow/.local/lib/python3.8/site-packages/airflow/example_dags/example_complex.py for tasks to queue
[2024-02-07T14:50:44.974+0000] {logging_mixin.py:188} INFO - [2024-02-07T14:50:44.973+0000] {dagbag.py:538} INFO - Filling up the DagBag from /home/airflow/.local/lib/python3.8/site-packages/airflow/example_dags/example_complex.py
[2024-02-07T14:50:44.985+0000] {processor.py:840} INFO - DAG(s) 'example_complex' retrieved from /home/airflow/.local/lib/python3.8/site-packages/airflow/example_dags/example_complex.py
[2024-02-07T14:50:45.016+0000] {logging_mixin.py:188} INFO - [2024-02-07T14:50:45.015+0000] {dag.py:3036} INFO - Sync 1 DAGs
[2024-02-07T14:50:45.029+0000] {logging_mixin.py:188} INFO - [2024-02-07T14:50:45.029+0000] {dag.py:3823} INFO - Setting next_dagrun for example_complex to None, run_after=None
[2024-02-07T14:50:45.048+0000] {processor.py:183} INFO - Processing /home/airflow/.local/lib/python3.8/site-packages/airflow/example_dags/example_complex.py took 0.079 seconds
[2024-02-07T14:51:15.749+0000] {processor.py:161} INFO - Started process (PID=967) to work on /home/airflow/.local/lib/python3.8/site-packages/airflow/example_dags/example_complex.py
[2024-02-07T14:51:15.750+0000] {processor.py:830} INFO - Processing file /home/airflow/.local/lib/python3.8/site-packages/airflow/example_dags/example_complex.py for tasks to queue
[2024-02-07T14:51:15.752+0000] {logging_mixin.py:188} INFO - [2024-02-07T14:51:15.751+0000] {dagbag.py:538} INFO - Filling up the DagBag from /home/airflow/.local/lib/python3.8/site-packages/airflow/example_dags/example_complex.py
[2024-02-07T14:51:15.763+0000] {processor.py:840} INFO - DAG(s) 'example_complex' retrieved from /home/airflow/.local/lib/python3.8/site-packages/airflow/example_dags/example_complex.py
[2024-02-07T14:51:15.811+0000] {logging_mixin.py:188} INFO - [2024-02-07T14:51:15.811+0000] {dag.py:3036} INFO - Sync 1 DAGs
[2024-02-07T14:51:15.828+0000] {logging_mixin.py:188} INFO - [2024-02-07T14:51:15.828+0000] {dag.py:3823} INFO - Setting next_dagrun for example_complex to None, run_after=None
[2024-02-07T14:51:15.848+0000] {processor.py:183} INFO - Processing /home/airflow/.local/lib/python3.8/site-packages/airflow/example_dags/example_complex.py took 0.102 seconds
[2024-02-07T14:51:46.182+0000] {processor.py:161} INFO - Started process (PID=1024) to work on /home/airflow/.local/lib/python3.8/site-packages/airflow/example_dags/example_complex.py
[2024-02-07T14:51:46.183+0000] {processor.py:830} INFO - Processing file /home/airflow/.local/lib/python3.8/site-packages/airflow/example_dags/example_complex.py for tasks to queue
[2024-02-07T14:51:46.185+0000] {logging_mixin.py:188} INFO - [2024-02-07T14:51:46.184+0000] {dagbag.py:538} INFO - Filling up the DagBag from /home/airflow/.local/lib/python3.8/site-packages/airflow/example_dags/example_complex.py
[2024-02-07T14:51:46.197+0000] {processor.py:840} INFO - DAG(s) 'example_complex' retrieved from /home/airflow/.local/lib/python3.8/site-packages/airflow/example_dags/example_complex.py
[2024-02-07T14:51:46.241+0000] {logging_mixin.py:188} INFO - [2024-02-07T14:51:46.240+0000] {dag.py:3036} INFO - Sync 1 DAGs
[2024-02-07T14:51:46.257+0000] {logging_mixin.py:188} INFO - [2024-02-07T14:51:46.257+0000] {dag.py:3823} INFO - Setting next_dagrun for example_complex to None, run_after=None
[2024-02-07T14:51:46.276+0000] {processor.py:183} INFO - Processing /home/airflow/.local/lib/python3.8/site-packages/airflow/example_dags/example_complex.py took 0.098 seconds
[2024-02-07T14:52:16.367+0000] {processor.py:161} INFO - Started process (PID=1082) to work on /home/airflow/.local/lib/python3.8/site-packages/airflow/example_dags/example_complex.py
[2024-02-07T14:52:16.368+0000] {processor.py:830} INFO - Processing file /home/airflow/.local/lib/python3.8/site-packages/airflow/example_dags/example_complex.py for tasks to queue
[2024-02-07T14:52:16.370+0000] {logging_mixin.py:188} INFO - [2024-02-07T14:52:16.369+0000] {dagbag.py:538} INFO - Filling up the DagBag from /home/airflow/.local/lib/python3.8/site-packages/airflow/example_dags/example_complex.py
[2024-02-07T14:52:16.381+0000] {processor.py:840} INFO - DAG(s) 'example_complex' retrieved from /home/airflow/.local/lib/python3.8/site-packages/airflow/example_dags/example_complex.py
[2024-02-07T14:52:16.423+0000] {logging_mixin.py:188} INFO - [2024-02-07T14:52:16.422+0000] {dag.py:3036} INFO - Sync 1 DAGs
[2024-02-07T14:52:16.441+0000] {logging_mixin.py:188} INFO - [2024-02-07T14:52:16.440+0000] {dag.py:3823} INFO - Setting next_dagrun for example_complex to None, run_after=None
[2024-02-07T14:52:16.459+0000] {processor.py:183} INFO - Processing /home/airflow/.local/lib/python3.8/site-packages/airflow/example_dags/example_complex.py took 0.095 seconds
[2024-02-07T14:53:48.805+0000] {processor.py:161} INFO - Started process (PID=55) to work on /home/airflow/.local/lib/python3.8/site-packages/airflow/example_dags/example_complex.py
[2024-02-07T14:53:48.806+0000] {processor.py:830} INFO - Processing file /home/airflow/.local/lib/python3.8/site-packages/airflow/example_dags/example_complex.py for tasks to queue
[2024-02-07T14:53:48.808+0000] {logging_mixin.py:188} INFO - [2024-02-07T14:53:48.807+0000] {dagbag.py:538} INFO - Filling up the DagBag from /home/airflow/.local/lib/python3.8/site-packages/airflow/example_dags/example_complex.py
[2024-02-07T14:53:48.835+0000] {processor.py:840} INFO - DAG(s) 'example_complex' retrieved from /home/airflow/.local/lib/python3.8/site-packages/airflow/example_dags/example_complex.py
[2024-02-07T14:53:48.852+0000] {logging_mixin.py:188} INFO - [2024-02-07T14:53:48.851+0000] {dag.py:3036} INFO - Sync 1 DAGs
[2024-02-07T14:53:48.876+0000] {logging_mixin.py:188} INFO - [2024-02-07T14:53:48.875+0000] {dag.py:3823} INFO - Setting next_dagrun for example_complex to None, run_after=None
[2024-02-07T14:53:48.903+0000] {processor.py:183} INFO - Processing /home/airflow/.local/lib/python3.8/site-packages/airflow/example_dags/example_complex.py took 0.103 seconds
[2024-02-07T14:54:19.267+0000] {processor.py:161} INFO - Started process (PID=111) to work on /home/airflow/.local/lib/python3.8/site-packages/airflow/example_dags/example_complex.py
[2024-02-07T14:54:19.268+0000] {processor.py:830} INFO - Processing file /home/airflow/.local/lib/python3.8/site-packages/airflow/example_dags/example_complex.py for tasks to queue
[2024-02-07T14:54:19.270+0000] {logging_mixin.py:188} INFO - [2024-02-07T14:54:19.269+0000] {dagbag.py:538} INFO - Filling up the DagBag from /home/airflow/.local/lib/python3.8/site-packages/airflow/example_dags/example_complex.py
[2024-02-07T14:54:19.281+0000] {processor.py:840} INFO - DAG(s) 'example_complex' retrieved from /home/airflow/.local/lib/python3.8/site-packages/airflow/example_dags/example_complex.py
[2024-02-07T14:54:19.396+0000] {logging_mixin.py:188} INFO - [2024-02-07T14:54:19.396+0000] {dag.py:3036} INFO - Sync 1 DAGs
[2024-02-07T14:54:19.406+0000] {logging_mixin.py:188} INFO - [2024-02-07T14:54:19.406+0000] {dag.py:3823} INFO - Setting next_dagrun for example_complex to None, run_after=None
[2024-02-07T14:54:19.429+0000] {processor.py:183} INFO - Processing /home/airflow/.local/lib/python3.8/site-packages/airflow/example_dags/example_complex.py took 0.165 seconds
[2024-02-07T14:54:50.188+0000] {processor.py:161} INFO - Started process (PID=168) to work on /home/airflow/.local/lib/python3.8/site-packages/airflow/example_dags/example_complex.py
[2024-02-07T14:54:50.189+0000] {processor.py:830} INFO - Processing file /home/airflow/.local/lib/python3.8/site-packages/airflow/example_dags/example_complex.py for tasks to queue
[2024-02-07T14:54:50.191+0000] {logging_mixin.py:188} INFO - [2024-02-07T14:54:50.191+0000] {dagbag.py:538} INFO - Filling up the DagBag from /home/airflow/.local/lib/python3.8/site-packages/airflow/example_dags/example_complex.py
[2024-02-07T14:54:50.202+0000] {processor.py:840} INFO - DAG(s) 'example_complex' retrieved from /home/airflow/.local/lib/python3.8/site-packages/airflow/example_dags/example_complex.py
[2024-02-07T14:54:50.234+0000] {logging_mixin.py:188} INFO - [2024-02-07T14:54:50.233+0000] {dag.py:3036} INFO - Sync 1 DAGs
[2024-02-07T14:54:50.245+0000] {logging_mixin.py:188} INFO - [2024-02-07T14:54:50.245+0000] {dag.py:3823} INFO - Setting next_dagrun for example_complex to None, run_after=None
[2024-02-07T14:54:50.263+0000] {processor.py:183} INFO - Processing /home/airflow/.local/lib/python3.8/site-packages/airflow/example_dags/example_complex.py took 0.078 seconds
[2024-02-07T15:05:10.517+0000] {processor.py:161} INFO - Started process (PID=56) to work on /home/airflow/.local/lib/python3.8/site-packages/airflow/example_dags/example_complex.py
[2024-02-07T15:05:10.518+0000] {processor.py:830} INFO - Processing file /home/airflow/.local/lib/python3.8/site-packages/airflow/example_dags/example_complex.py for tasks to queue
[2024-02-07T15:05:10.520+0000] {logging_mixin.py:188} INFO - [2024-02-07T15:05:10.520+0000] {dagbag.py:538} INFO - Filling up the DagBag from /home/airflow/.local/lib/python3.8/site-packages/airflow/example_dags/example_complex.py
[2024-02-07T15:05:10.533+0000] {processor.py:840} INFO - DAG(s) 'example_complex' retrieved from /home/airflow/.local/lib/python3.8/site-packages/airflow/example_dags/example_complex.py
[2024-02-07T15:05:10.547+0000] {logging_mixin.py:188} INFO - [2024-02-07T15:05:10.547+0000] {dag.py:3036} INFO - Sync 1 DAGs
[2024-02-07T15:05:10.563+0000] {logging_mixin.py:188} INFO - [2024-02-07T15:05:10.563+0000] {dag.py:3823} INFO - Setting next_dagrun for example_complex to None, run_after=None
[2024-02-07T15:05:10.593+0000] {processor.py:183} INFO - Processing /home/airflow/.local/lib/python3.8/site-packages/airflow/example_dags/example_complex.py took 0.081 seconds
[2024-02-07T15:05:42.064+0000] {processor.py:161} INFO - Started process (PID=113) to work on /home/airflow/.local/lib/python3.8/site-packages/airflow/example_dags/example_complex.py
[2024-02-07T15:05:42.065+0000] {processor.py:830} INFO - Processing file /home/airflow/.local/lib/python3.8/site-packages/airflow/example_dags/example_complex.py for tasks to queue
[2024-02-07T15:05:42.067+0000] {logging_mixin.py:188} INFO - [2024-02-07T15:05:42.067+0000] {dagbag.py:538} INFO - Filling up the DagBag from /home/airflow/.local/lib/python3.8/site-packages/airflow/example_dags/example_complex.py
[2024-02-07T15:05:42.082+0000] {processor.py:840} INFO - DAG(s) 'example_complex' retrieved from /home/airflow/.local/lib/python3.8/site-packages/airflow/example_dags/example_complex.py
[2024-02-07T15:05:42.235+0000] {logging_mixin.py:188} INFO - [2024-02-07T15:05:42.235+0000] {dag.py:3036} INFO - Sync 1 DAGs
[2024-02-07T15:05:42.250+0000] {logging_mixin.py:188} INFO - [2024-02-07T15:05:42.249+0000] {dag.py:3823} INFO - Setting next_dagrun for example_complex to None, run_after=None
[2024-02-07T15:05:42.276+0000] {processor.py:183} INFO - Processing /home/airflow/.local/lib/python3.8/site-packages/airflow/example_dags/example_complex.py took 0.216 seconds
[2024-02-07T15:07:17.355+0000] {processor.py:161} INFO - Started process (PID=56) to work on /home/airflow/.local/lib/python3.8/site-packages/airflow/example_dags/example_complex.py
[2024-02-07T15:07:17.356+0000] {processor.py:830} INFO - Processing file /home/airflow/.local/lib/python3.8/site-packages/airflow/example_dags/example_complex.py for tasks to queue
[2024-02-07T15:07:17.358+0000] {logging_mixin.py:188} INFO - [2024-02-07T15:07:17.357+0000] {dagbag.py:538} INFO - Filling up the DagBag from /home/airflow/.local/lib/python3.8/site-packages/airflow/example_dags/example_complex.py
[2024-02-07T15:07:17.373+0000] {processor.py:840} INFO - DAG(s) 'example_complex' retrieved from /home/airflow/.local/lib/python3.8/site-packages/airflow/example_dags/example_complex.py
[2024-02-07T15:07:17.388+0000] {logging_mixin.py:188} INFO - [2024-02-07T15:07:17.388+0000] {dag.py:3036} INFO - Sync 1 DAGs
[2024-02-07T15:07:17.403+0000] {logging_mixin.py:188} INFO - [2024-02-07T15:07:17.402+0000] {dag.py:3823} INFO - Setting next_dagrun for example_complex to None, run_after=None
[2024-02-07T15:07:17.422+0000] {processor.py:183} INFO - Processing /home/airflow/.local/lib/python3.8/site-packages/airflow/example_dags/example_complex.py took 0.071 seconds
[2024-02-07T15:07:48.256+0000] {processor.py:161} INFO - Started process (PID=113) to work on /home/airflow/.local/lib/python3.8/site-packages/airflow/example_dags/example_complex.py
[2024-02-07T15:07:48.258+0000] {processor.py:830} INFO - Processing file /home/airflow/.local/lib/python3.8/site-packages/airflow/example_dags/example_complex.py for tasks to queue
[2024-02-07T15:07:48.261+0000] {logging_mixin.py:188} INFO - [2024-02-07T15:07:48.260+0000] {dagbag.py:538} INFO - Filling up the DagBag from /home/airflow/.local/lib/python3.8/site-packages/airflow/example_dags/example_complex.py
[2024-02-07T15:07:48.285+0000] {processor.py:840} INFO - DAG(s) 'example_complex' retrieved from /home/airflow/.local/lib/python3.8/site-packages/airflow/example_dags/example_complex.py
[2024-02-07T15:07:48.489+0000] {logging_mixin.py:188} INFO - [2024-02-07T15:07:48.489+0000] {dag.py:3036} INFO - Sync 1 DAGs
[2024-02-07T15:07:48.502+0000] {logging_mixin.py:188} INFO - [2024-02-07T15:07:48.501+0000] {dag.py:3823} INFO - Setting next_dagrun for example_complex to None, run_after=None
[2024-02-07T15:07:48.531+0000] {processor.py:183} INFO - Processing /home/airflow/.local/lib/python3.8/site-packages/airflow/example_dags/example_complex.py took 0.282 seconds
[2024-02-07T15:08:18.864+0000] {processor.py:161} INFO - Started process (PID=170) to work on /home/airflow/.local/lib/python3.8/site-packages/airflow/example_dags/example_complex.py
[2024-02-07T15:08:18.865+0000] {processor.py:830} INFO - Processing file /home/airflow/.local/lib/python3.8/site-packages/airflow/example_dags/example_complex.py for tasks to queue
[2024-02-07T15:08:18.866+0000] {logging_mixin.py:188} INFO - [2024-02-07T15:08:18.866+0000] {dagbag.py:538} INFO - Filling up the DagBag from /home/airflow/.local/lib/python3.8/site-packages/airflow/example_dags/example_complex.py
[2024-02-07T15:08:18.877+0000] {processor.py:840} INFO - DAG(s) 'example_complex' retrieved from /home/airflow/.local/lib/python3.8/site-packages/airflow/example_dags/example_complex.py
[2024-02-07T15:08:18.906+0000] {logging_mixin.py:188} INFO - [2024-02-07T15:08:18.906+0000] {dag.py:3036} INFO - Sync 1 DAGs
[2024-02-07T15:08:18.918+0000] {logging_mixin.py:188} INFO - [2024-02-07T15:08:18.918+0000] {dag.py:3823} INFO - Setting next_dagrun for example_complex to None, run_after=None
[2024-02-07T15:08:18.936+0000] {processor.py:183} INFO - Processing /home/airflow/.local/lib/python3.8/site-packages/airflow/example_dags/example_complex.py took 0.075 seconds
[2024-02-07T15:08:48.969+0000] {processor.py:161} INFO - Started process (PID=225) to work on /home/airflow/.local/lib/python3.8/site-packages/airflow/example_dags/example_complex.py
[2024-02-07T15:08:48.970+0000] {processor.py:830} INFO - Processing file /home/airflow/.local/lib/python3.8/site-packages/airflow/example_dags/example_complex.py for tasks to queue
[2024-02-07T15:08:48.972+0000] {logging_mixin.py:188} INFO - [2024-02-07T15:08:48.971+0000] {dagbag.py:538} INFO - Filling up the DagBag from /home/airflow/.local/lib/python3.8/site-packages/airflow/example_dags/example_complex.py
[2024-02-07T15:08:48.982+0000] {processor.py:840} INFO - DAG(s) 'example_complex' retrieved from /home/airflow/.local/lib/python3.8/site-packages/airflow/example_dags/example_complex.py
[2024-02-07T15:08:49.012+0000] {logging_mixin.py:188} INFO - [2024-02-07T15:08:49.012+0000] {dag.py:3036} INFO - Sync 1 DAGs
[2024-02-07T15:08:49.023+0000] {logging_mixin.py:188} INFO - [2024-02-07T15:08:49.023+0000] {dag.py:3823} INFO - Setting next_dagrun for example_complex to None, run_after=None
[2024-02-07T15:08:49.040+0000] {processor.py:183} INFO - Processing /home/airflow/.local/lib/python3.8/site-packages/airflow/example_dags/example_complex.py took 0.074 seconds
[2024-02-07T15:09:19.090+0000] {processor.py:161} INFO - Started process (PID=282) to work on /home/airflow/.local/lib/python3.8/site-packages/airflow/example_dags/example_complex.py
[2024-02-07T15:09:19.091+0000] {processor.py:830} INFO - Processing file /home/airflow/.local/lib/python3.8/site-packages/airflow/example_dags/example_complex.py for tasks to queue
[2024-02-07T15:09:19.092+0000] {logging_mixin.py:188} INFO - [2024-02-07T15:09:19.092+0000] {dagbag.py:538} INFO - Filling up the DagBag from /home/airflow/.local/lib/python3.8/site-packages/airflow/example_dags/example_complex.py
[2024-02-07T15:09:19.104+0000] {processor.py:840} INFO - DAG(s) 'example_complex' retrieved from /home/airflow/.local/lib/python3.8/site-packages/airflow/example_dags/example_complex.py
[2024-02-07T15:09:19.134+0000] {logging_mixin.py:188} INFO - [2024-02-07T15:09:19.133+0000] {dag.py:3036} INFO - Sync 1 DAGs
[2024-02-07T15:09:19.145+0000] {logging_mixin.py:188} INFO - [2024-02-07T15:09:19.145+0000] {dag.py:3823} INFO - Setting next_dagrun for example_complex to None, run_after=None
[2024-02-07T15:09:19.162+0000] {processor.py:183} INFO - Processing /home/airflow/.local/lib/python3.8/site-packages/airflow/example_dags/example_complex.py took 0.075 seconds
[2024-02-07T15:57:16.425+0000] {processor.py:161} INFO - Started process (PID=56) to work on /home/airflow/.local/lib/python3.8/site-packages/airflow/example_dags/example_complex.py
[2024-02-07T15:57:16.426+0000] {processor.py:830} INFO - Processing file /home/airflow/.local/lib/python3.8/site-packages/airflow/example_dags/example_complex.py for tasks to queue
[2024-02-07T15:57:16.428+0000] {logging_mixin.py:188} INFO - [2024-02-07T15:57:16.428+0000] {dagbag.py:538} INFO - Filling up the DagBag from /home/airflow/.local/lib/python3.8/site-packages/airflow/example_dags/example_complex.py
[2024-02-07T15:57:16.444+0000] {processor.py:840} INFO - DAG(s) 'example_complex' retrieved from /home/airflow/.local/lib/python3.8/site-packages/airflow/example_dags/example_complex.py
[2024-02-07T15:57:16.460+0000] {logging_mixin.py:188} INFO - [2024-02-07T15:57:16.459+0000] {dag.py:3036} INFO - Sync 1 DAGs
[2024-02-07T15:57:16.477+0000] {logging_mixin.py:188} INFO - [2024-02-07T15:57:16.476+0000] {dag.py:3823} INFO - Setting next_dagrun for example_complex to None, run_after=None
[2024-02-07T15:57:16.502+0000] {processor.py:183} INFO - Processing /home/airflow/.local/lib/python3.8/site-packages/airflow/example_dags/example_complex.py took 0.081 seconds
[2024-02-07T15:57:46.805+0000] {processor.py:161} INFO - Started process (PID=112) to work on /home/airflow/.local/lib/python3.8/site-packages/airflow/example_dags/example_complex.py
[2024-02-07T15:57:46.807+0000] {processor.py:830} INFO - Processing file /home/airflow/.local/lib/python3.8/site-packages/airflow/example_dags/example_complex.py for tasks to queue
[2024-02-07T15:57:46.809+0000] {logging_mixin.py:188} INFO - [2024-02-07T15:57:46.808+0000] {dagbag.py:538} INFO - Filling up the DagBag from /home/airflow/.local/lib/python3.8/site-packages/airflow/example_dags/example_complex.py
[2024-02-07T15:57:46.822+0000] {processor.py:840} INFO - DAG(s) 'example_complex' retrieved from /home/airflow/.local/lib/python3.8/site-packages/airflow/example_dags/example_complex.py
[2024-02-07T15:57:47.003+0000] {logging_mixin.py:188} INFO - [2024-02-07T15:57:47.003+0000] {dag.py:3036} INFO - Sync 1 DAGs
[2024-02-07T15:57:47.028+0000] {logging_mixin.py:188} INFO - [2024-02-07T15:57:47.028+0000] {dag.py:3823} INFO - Setting next_dagrun for example_complex to None, run_after=None
[2024-02-07T15:57:47.076+0000] {processor.py:183} INFO - Processing /home/airflow/.local/lib/python3.8/site-packages/airflow/example_dags/example_complex.py took 0.275 seconds
[2024-02-07T15:58:17.358+0000] {processor.py:161} INFO - Started process (PID=168) to work on /home/airflow/.local/lib/python3.8/site-packages/airflow/example_dags/example_complex.py
[2024-02-07T15:58:17.359+0000] {processor.py:830} INFO - Processing file /home/airflow/.local/lib/python3.8/site-packages/airflow/example_dags/example_complex.py for tasks to queue
[2024-02-07T15:58:17.361+0000] {logging_mixin.py:188} INFO - [2024-02-07T15:58:17.361+0000] {dagbag.py:538} INFO - Filling up the DagBag from /home/airflow/.local/lib/python3.8/site-packages/airflow/example_dags/example_complex.py
[2024-02-07T15:58:17.377+0000] {processor.py:840} INFO - DAG(s) 'example_complex' retrieved from /home/airflow/.local/lib/python3.8/site-packages/airflow/example_dags/example_complex.py
[2024-02-07T15:58:17.413+0000] {logging_mixin.py:188} INFO - [2024-02-07T15:58:17.413+0000] {dag.py:3036} INFO - Sync 1 DAGs
[2024-02-07T15:58:17.426+0000] {logging_mixin.py:188} INFO - [2024-02-07T15:58:17.426+0000] {dag.py:3823} INFO - Setting next_dagrun for example_complex to None, run_after=None
[2024-02-07T15:58:17.444+0000] {processor.py:183} INFO - Processing /home/airflow/.local/lib/python3.8/site-packages/airflow/example_dags/example_complex.py took 0.090 seconds
[2024-02-07T16:10:52.848+0000] {processor.py:161} INFO - Started process (PID=56) to work on /home/airflow/.local/lib/python3.8/site-packages/airflow/example_dags/example_complex.py
[2024-02-07T16:10:52.849+0000] {processor.py:830} INFO - Processing file /home/airflow/.local/lib/python3.8/site-packages/airflow/example_dags/example_complex.py for tasks to queue
[2024-02-07T16:10:52.851+0000] {logging_mixin.py:188} INFO - [2024-02-07T16:10:52.851+0000] {dagbag.py:538} INFO - Filling up the DagBag from /home/airflow/.local/lib/python3.8/site-packages/airflow/example_dags/example_complex.py
[2024-02-07T16:10:52.870+0000] {processor.py:840} INFO - DAG(s) 'example_complex' retrieved from /home/airflow/.local/lib/python3.8/site-packages/airflow/example_dags/example_complex.py
[2024-02-07T16:10:52.885+0000] {logging_mixin.py:188} INFO - [2024-02-07T16:10:52.884+0000] {dag.py:3036} INFO - Sync 1 DAGs
[2024-02-07T16:10:52.902+0000] {logging_mixin.py:188} INFO - [2024-02-07T16:10:52.902+0000] {dag.py:3823} INFO - Setting next_dagrun for example_complex to None, run_after=None
[2024-02-07T16:10:52.932+0000] {processor.py:183} INFO - Processing /home/airflow/.local/lib/python3.8/site-packages/airflow/example_dags/example_complex.py took 0.088 seconds
[2024-02-07T16:11:23.849+0000] {processor.py:161} INFO - Started process (PID=113) to work on /home/airflow/.local/lib/python3.8/site-packages/airflow/example_dags/example_complex.py
[2024-02-07T16:11:23.850+0000] {processor.py:830} INFO - Processing file /home/airflow/.local/lib/python3.8/site-packages/airflow/example_dags/example_complex.py for tasks to queue
[2024-02-07T16:11:23.852+0000] {logging_mixin.py:188} INFO - [2024-02-07T16:11:23.852+0000] {dagbag.py:538} INFO - Filling up the DagBag from /home/airflow/.local/lib/python3.8/site-packages/airflow/example_dags/example_complex.py
[2024-02-07T16:11:23.865+0000] {processor.py:840} INFO - DAG(s) 'example_complex' retrieved from /home/airflow/.local/lib/python3.8/site-packages/airflow/example_dags/example_complex.py
[2024-02-07T16:11:24.008+0000] {logging_mixin.py:188} INFO - [2024-02-07T16:11:24.008+0000] {dag.py:3036} INFO - Sync 1 DAGs
[2024-02-07T16:11:24.022+0000] {logging_mixin.py:188} INFO - [2024-02-07T16:11:24.022+0000] {dag.py:3823} INFO - Setting next_dagrun for example_complex to None, run_after=None
[2024-02-07T16:11:24.050+0000] {processor.py:183} INFO - Processing /home/airflow/.local/lib/python3.8/site-packages/airflow/example_dags/example_complex.py took 0.205 seconds
[2024-02-07T16:11:54.721+0000] {processor.py:161} INFO - Started process (PID=169) to work on /home/airflow/.local/lib/python3.8/site-packages/airflow/example_dags/example_complex.py
[2024-02-07T16:11:54.722+0000] {processor.py:830} INFO - Processing file /home/airflow/.local/lib/python3.8/site-packages/airflow/example_dags/example_complex.py for tasks to queue
[2024-02-07T16:11:54.723+0000] {logging_mixin.py:188} INFO - [2024-02-07T16:11:54.723+0000] {dagbag.py:538} INFO - Filling up the DagBag from /home/airflow/.local/lib/python3.8/site-packages/airflow/example_dags/example_complex.py
[2024-02-07T16:11:54.734+0000] {processor.py:840} INFO - DAG(s) 'example_complex' retrieved from /home/airflow/.local/lib/python3.8/site-packages/airflow/example_dags/example_complex.py
[2024-02-07T16:11:54.763+0000] {logging_mixin.py:188} INFO - [2024-02-07T16:11:54.763+0000] {dag.py:3036} INFO - Sync 1 DAGs
[2024-02-07T16:11:54.774+0000] {logging_mixin.py:188} INFO - [2024-02-07T16:11:54.774+0000] {dag.py:3823} INFO - Setting next_dagrun for example_complex to None, run_after=None
[2024-02-07T16:11:54.792+0000] {processor.py:183} INFO - Processing /home/airflow/.local/lib/python3.8/site-packages/airflow/example_dags/example_complex.py took 0.074 seconds
[2024-02-07T16:12:25.354+0000] {processor.py:161} INFO - Started process (PID=225) to work on /home/airflow/.local/lib/python3.8/site-packages/airflow/example_dags/example_complex.py
[2024-02-07T16:12:25.355+0000] {processor.py:830} INFO - Processing file /home/airflow/.local/lib/python3.8/site-packages/airflow/example_dags/example_complex.py for tasks to queue
[2024-02-07T16:12:25.357+0000] {logging_mixin.py:188} INFO - [2024-02-07T16:12:25.356+0000] {dagbag.py:538} INFO - Filling up the DagBag from /home/airflow/.local/lib/python3.8/site-packages/airflow/example_dags/example_complex.py
[2024-02-07T16:12:25.369+0000] {processor.py:840} INFO - DAG(s) 'example_complex' retrieved from /home/airflow/.local/lib/python3.8/site-packages/airflow/example_dags/example_complex.py
[2024-02-07T16:12:25.400+0000] {logging_mixin.py:188} INFO - [2024-02-07T16:12:25.399+0000] {dag.py:3036} INFO - Sync 1 DAGs
[2024-02-07T16:12:25.411+0000] {logging_mixin.py:188} INFO - [2024-02-07T16:12:25.410+0000] {dag.py:3823} INFO - Setting next_dagrun for example_complex to None, run_after=None
[2024-02-07T16:12:25.427+0000] {processor.py:183} INFO - Processing /home/airflow/.local/lib/python3.8/site-packages/airflow/example_dags/example_complex.py took 0.077 seconds
[2024-02-07T16:12:55.515+0000] {processor.py:161} INFO - Started process (PID=282) to work on /home/airflow/.local/lib/python3.8/site-packages/airflow/example_dags/example_complex.py
[2024-02-07T16:12:55.516+0000] {processor.py:830} INFO - Processing file /home/airflow/.local/lib/python3.8/site-packages/airflow/example_dags/example_complex.py for tasks to queue
[2024-02-07T16:12:55.518+0000] {logging_mixin.py:188} INFO - [2024-02-07T16:12:55.517+0000] {dagbag.py:538} INFO - Filling up the DagBag from /home/airflow/.local/lib/python3.8/site-packages/airflow/example_dags/example_complex.py
[2024-02-07T16:12:55.531+0000] {processor.py:840} INFO - DAG(s) 'example_complex' retrieved from /home/airflow/.local/lib/python3.8/site-packages/airflow/example_dags/example_complex.py
[2024-02-07T16:12:55.577+0000] {logging_mixin.py:188} INFO - [2024-02-07T16:12:55.577+0000] {dag.py:3036} INFO - Sync 1 DAGs
[2024-02-07T16:12:55.594+0000] {logging_mixin.py:188} INFO - [2024-02-07T16:12:55.593+0000] {dag.py:3823} INFO - Setting next_dagrun for example_complex to None, run_after=None
[2024-02-07T16:12:55.615+0000] {processor.py:183} INFO - Processing /home/airflow/.local/lib/python3.8/site-packages/airflow/example_dags/example_complex.py took 0.104 seconds
[2024-02-07T16:13:25.680+0000] {processor.py:161} INFO - Started process (PID=339) to work on /home/airflow/.local/lib/python3.8/site-packages/airflow/example_dags/example_complex.py
[2024-02-07T16:13:25.681+0000] {processor.py:830} INFO - Processing file /home/airflow/.local/lib/python3.8/site-packages/airflow/example_dags/example_complex.py for tasks to queue
[2024-02-07T16:13:25.683+0000] {logging_mixin.py:188} INFO - [2024-02-07T16:13:25.682+0000] {dagbag.py:538} INFO - Filling up the DagBag from /home/airflow/.local/lib/python3.8/site-packages/airflow/example_dags/example_complex.py
[2024-02-07T16:13:25.696+0000] {processor.py:840} INFO - DAG(s) 'example_complex' retrieved from /home/airflow/.local/lib/python3.8/site-packages/airflow/example_dags/example_complex.py
[2024-02-07T16:13:25.730+0000] {logging_mixin.py:188} INFO - [2024-02-07T16:13:25.730+0000] {dag.py:3036} INFO - Sync 1 DAGs
[2024-02-07T16:13:25.742+0000] {logging_mixin.py:188} INFO - [2024-02-07T16:13:25.742+0000] {dag.py:3823} INFO - Setting next_dagrun for example_complex to None, run_after=None
[2024-02-07T16:13:25.760+0000] {processor.py:183} INFO - Processing /home/airflow/.local/lib/python3.8/site-packages/airflow/example_dags/example_complex.py took 0.084 seconds
[2024-02-07T16:13:56.203+0000] {processor.py:161} INFO - Started process (PID=396) to work on /home/airflow/.local/lib/python3.8/site-packages/airflow/example_dags/example_complex.py
[2024-02-07T16:13:56.204+0000] {processor.py:830} INFO - Processing file /home/airflow/.local/lib/python3.8/site-packages/airflow/example_dags/example_complex.py for tasks to queue
[2024-02-07T16:13:56.206+0000] {logging_mixin.py:188} INFO - [2024-02-07T16:13:56.206+0000] {dagbag.py:538} INFO - Filling up the DagBag from /home/airflow/.local/lib/python3.8/site-packages/airflow/example_dags/example_complex.py
[2024-02-07T16:13:56.222+0000] {processor.py:840} INFO - DAG(s) 'example_complex' retrieved from /home/airflow/.local/lib/python3.8/site-packages/airflow/example_dags/example_complex.py
[2024-02-07T16:13:56.264+0000] {logging_mixin.py:188} INFO - [2024-02-07T16:13:56.264+0000] {dag.py:3036} INFO - Sync 1 DAGs
[2024-02-07T16:13:56.276+0000] {logging_mixin.py:188} INFO - [2024-02-07T16:13:56.276+0000] {dag.py:3823} INFO - Setting next_dagrun for example_complex to None, run_after=None
[2024-02-07T16:13:56.294+0000] {processor.py:183} INFO - Processing /home/airflow/.local/lib/python3.8/site-packages/airflow/example_dags/example_complex.py took 0.096 seconds
[2024-02-07T16:14:26.344+0000] {processor.py:161} INFO - Started process (PID=452) to work on /home/airflow/.local/lib/python3.8/site-packages/airflow/example_dags/example_complex.py
[2024-02-07T16:14:26.347+0000] {processor.py:830} INFO - Processing file /home/airflow/.local/lib/python3.8/site-packages/airflow/example_dags/example_complex.py for tasks to queue
[2024-02-07T16:14:26.351+0000] {logging_mixin.py:188} INFO - [2024-02-07T16:14:26.350+0000] {dagbag.py:538} INFO - Filling up the DagBag from /home/airflow/.local/lib/python3.8/site-packages/airflow/example_dags/example_complex.py
[2024-02-07T16:14:26.369+0000] {processor.py:840} INFO - DAG(s) 'example_complex' retrieved from /home/airflow/.local/lib/python3.8/site-packages/airflow/example_dags/example_complex.py
[2024-02-07T16:14:26.400+0000] {logging_mixin.py:188} INFO - [2024-02-07T16:14:26.400+0000] {dag.py:3036} INFO - Sync 1 DAGs
[2024-02-07T16:14:26.411+0000] {logging_mixin.py:188} INFO - [2024-02-07T16:14:26.411+0000] {dag.py:3823} INFO - Setting next_dagrun for example_complex to None, run_after=None
[2024-02-07T16:14:26.429+0000] {processor.py:183} INFO - Processing /home/airflow/.local/lib/python3.8/site-packages/airflow/example_dags/example_complex.py took 0.092 seconds
[2024-02-07T16:14:56.694+0000] {processor.py:161} INFO - Started process (PID=510) to work on /home/airflow/.local/lib/python3.8/site-packages/airflow/example_dags/example_complex.py
[2024-02-07T16:14:56.695+0000] {processor.py:830} INFO - Processing file /home/airflow/.local/lib/python3.8/site-packages/airflow/example_dags/example_complex.py for tasks to queue
[2024-02-07T16:14:56.698+0000] {logging_mixin.py:188} INFO - [2024-02-07T16:14:56.697+0000] {dagbag.py:538} INFO - Filling up the DagBag from /home/airflow/.local/lib/python3.8/site-packages/airflow/example_dags/example_complex.py
[2024-02-07T16:14:56.711+0000] {processor.py:840} INFO - DAG(s) 'example_complex' retrieved from /home/airflow/.local/lib/python3.8/site-packages/airflow/example_dags/example_complex.py
[2024-02-07T16:14:56.743+0000] {logging_mixin.py:188} INFO - [2024-02-07T16:14:56.743+0000] {dag.py:3036} INFO - Sync 1 DAGs
[2024-02-07T16:14:56.758+0000] {logging_mixin.py:188} INFO - [2024-02-07T16:14:56.758+0000] {dag.py:3823} INFO - Setting next_dagrun for example_complex to None, run_after=None
[2024-02-07T16:14:56.781+0000] {processor.py:183} INFO - Processing /home/airflow/.local/lib/python3.8/site-packages/airflow/example_dags/example_complex.py took 0.089 seconds
[2024-02-07T16:23:25.660+0000] {processor.py:161} INFO - Started process (PID=56) to work on /home/airflow/.local/lib/python3.8/site-packages/airflow/example_dags/example_complex.py
[2024-02-07T16:23:25.661+0000] {processor.py:830} INFO - Processing file /home/airflow/.local/lib/python3.8/site-packages/airflow/example_dags/example_complex.py for tasks to queue
[2024-02-07T16:23:25.663+0000] {logging_mixin.py:188} INFO - [2024-02-07T16:23:25.663+0000] {dagbag.py:538} INFO - Filling up the DagBag from /home/airflow/.local/lib/python3.8/site-packages/airflow/example_dags/example_complex.py
[2024-02-07T16:23:25.684+0000] {processor.py:840} INFO - DAG(s) 'example_complex' retrieved from /home/airflow/.local/lib/python3.8/site-packages/airflow/example_dags/example_complex.py
[2024-02-07T16:23:25.700+0000] {logging_mixin.py:188} INFO - [2024-02-07T16:23:25.699+0000] {dag.py:3036} INFO - Sync 1 DAGs
[2024-02-07T16:23:25.718+0000] {logging_mixin.py:188} INFO - [2024-02-07T16:23:25.717+0000] {dag.py:3823} INFO - Setting next_dagrun for example_complex to None, run_after=None
[2024-02-07T16:23:25.740+0000] {processor.py:183} INFO - Processing /home/airflow/.local/lib/python3.8/site-packages/airflow/example_dags/example_complex.py took 0.084 seconds
[2024-02-07T16:23:55.871+0000] {processor.py:161} INFO - Started process (PID=112) to work on /home/airflow/.local/lib/python3.8/site-packages/airflow/example_dags/example_complex.py
[2024-02-07T16:23:55.872+0000] {processor.py:830} INFO - Processing file /home/airflow/.local/lib/python3.8/site-packages/airflow/example_dags/example_complex.py for tasks to queue
[2024-02-07T16:23:55.874+0000] {logging_mixin.py:188} INFO - [2024-02-07T16:23:55.874+0000] {dagbag.py:538} INFO - Filling up the DagBag from /home/airflow/.local/lib/python3.8/site-packages/airflow/example_dags/example_complex.py
[2024-02-07T16:23:55.884+0000] {processor.py:840} INFO - DAG(s) 'example_complex' retrieved from /home/airflow/.local/lib/python3.8/site-packages/airflow/example_dags/example_complex.py
[2024-02-07T16:23:55.991+0000] {logging_mixin.py:188} INFO - [2024-02-07T16:23:55.991+0000] {dag.py:3036} INFO - Sync 1 DAGs
[2024-02-07T16:23:56.001+0000] {logging_mixin.py:188} INFO - [2024-02-07T16:23:56.001+0000] {dag.py:3823} INFO - Setting next_dagrun for example_complex to None, run_after=None
[2024-02-07T16:23:56.022+0000] {processor.py:183} INFO - Processing /home/airflow/.local/lib/python3.8/site-packages/airflow/example_dags/example_complex.py took 0.154 seconds
[2024-02-07T16:24:26.131+0000] {processor.py:161} INFO - Started process (PID=168) to work on /home/airflow/.local/lib/python3.8/site-packages/airflow/example_dags/example_complex.py
[2024-02-07T16:24:26.132+0000] {processor.py:830} INFO - Processing file /home/airflow/.local/lib/python3.8/site-packages/airflow/example_dags/example_complex.py for tasks to queue
[2024-02-07T16:24:26.134+0000] {logging_mixin.py:188} INFO - [2024-02-07T16:24:26.133+0000] {dagbag.py:538} INFO - Filling up the DagBag from /home/airflow/.local/lib/python3.8/site-packages/airflow/example_dags/example_complex.py
[2024-02-07T16:24:26.146+0000] {processor.py:840} INFO - DAG(s) 'example_complex' retrieved from /home/airflow/.local/lib/python3.8/site-packages/airflow/example_dags/example_complex.py
[2024-02-07T16:24:26.175+0000] {logging_mixin.py:188} INFO - [2024-02-07T16:24:26.175+0000] {dag.py:3036} INFO - Sync 1 DAGs
[2024-02-07T16:24:26.187+0000] {logging_mixin.py:188} INFO - [2024-02-07T16:24:26.187+0000] {dag.py:3823} INFO - Setting next_dagrun for example_complex to None, run_after=None
[2024-02-07T16:24:26.205+0000] {processor.py:183} INFO - Processing /home/airflow/.local/lib/python3.8/site-packages/airflow/example_dags/example_complex.py took 0.078 seconds
[2024-02-07T16:24:56.318+0000] {processor.py:161} INFO - Started process (PID=225) to work on /home/airflow/.local/lib/python3.8/site-packages/airflow/example_dags/example_complex.py
[2024-02-07T16:24:56.319+0000] {processor.py:830} INFO - Processing file /home/airflow/.local/lib/python3.8/site-packages/airflow/example_dags/example_complex.py for tasks to queue
[2024-02-07T16:24:56.321+0000] {logging_mixin.py:188} INFO - [2024-02-07T16:24:56.321+0000] {dagbag.py:538} INFO - Filling up the DagBag from /home/airflow/.local/lib/python3.8/site-packages/airflow/example_dags/example_complex.py
[2024-02-07T16:24:56.332+0000] {processor.py:840} INFO - DAG(s) 'example_complex' retrieved from /home/airflow/.local/lib/python3.8/site-packages/airflow/example_dags/example_complex.py
[2024-02-07T16:24:56.361+0000] {logging_mixin.py:188} INFO - [2024-02-07T16:24:56.361+0000] {dag.py:3036} INFO - Sync 1 DAGs
[2024-02-07T16:24:56.372+0000] {logging_mixin.py:188} INFO - [2024-02-07T16:24:56.372+0000] {dag.py:3823} INFO - Setting next_dagrun for example_complex to None, run_after=None
[2024-02-07T16:24:56.390+0000] {processor.py:183} INFO - Processing /home/airflow/.local/lib/python3.8/site-packages/airflow/example_dags/example_complex.py took 0.075 seconds
[2024-02-07T16:25:26.525+0000] {processor.py:161} INFO - Started process (PID=282) to work on /home/airflow/.local/lib/python3.8/site-packages/airflow/example_dags/example_complex.py
[2024-02-07T16:25:26.525+0000] {processor.py:830} INFO - Processing file /home/airflow/.local/lib/python3.8/site-packages/airflow/example_dags/example_complex.py for tasks to queue
[2024-02-07T16:25:26.527+0000] {logging_mixin.py:188} INFO - [2024-02-07T16:25:26.527+0000] {dagbag.py:538} INFO - Filling up the DagBag from /home/airflow/.local/lib/python3.8/site-packages/airflow/example_dags/example_complex.py
[2024-02-07T16:25:26.538+0000] {processor.py:840} INFO - DAG(s) 'example_complex' retrieved from /home/airflow/.local/lib/python3.8/site-packages/airflow/example_dags/example_complex.py
[2024-02-07T16:25:26.567+0000] {logging_mixin.py:188} INFO - [2024-02-07T16:25:26.566+0000] {dag.py:3036} INFO - Sync 1 DAGs
[2024-02-07T16:25:26.578+0000] {logging_mixin.py:188} INFO - [2024-02-07T16:25:26.578+0000] {dag.py:3823} INFO - Setting next_dagrun for example_complex to None, run_after=None
[2024-02-07T16:25:26.596+0000] {processor.py:183} INFO - Processing /home/airflow/.local/lib/python3.8/site-packages/airflow/example_dags/example_complex.py took 0.074 seconds
[2024-02-07T16:25:56.760+0000] {processor.py:161} INFO - Started process (PID=339) to work on /home/airflow/.local/lib/python3.8/site-packages/airflow/example_dags/example_complex.py
[2024-02-07T16:25:56.761+0000] {processor.py:830} INFO - Processing file /home/airflow/.local/lib/python3.8/site-packages/airflow/example_dags/example_complex.py for tasks to queue
[2024-02-07T16:25:56.763+0000] {logging_mixin.py:188} INFO - [2024-02-07T16:25:56.763+0000] {dagbag.py:538} INFO - Filling up the DagBag from /home/airflow/.local/lib/python3.8/site-packages/airflow/example_dags/example_complex.py
[2024-02-07T16:25:56.775+0000] {processor.py:840} INFO - DAG(s) 'example_complex' retrieved from /home/airflow/.local/lib/python3.8/site-packages/airflow/example_dags/example_complex.py
[2024-02-07T16:25:56.805+0000] {logging_mixin.py:188} INFO - [2024-02-07T16:25:56.805+0000] {dag.py:3036} INFO - Sync 1 DAGs
[2024-02-07T16:25:56.817+0000] {logging_mixin.py:188} INFO - [2024-02-07T16:25:56.816+0000] {dag.py:3823} INFO - Setting next_dagrun for example_complex to None, run_after=None
[2024-02-07T16:25:56.835+0000] {processor.py:183} INFO - Processing /home/airflow/.local/lib/python3.8/site-packages/airflow/example_dags/example_complex.py took 0.078 seconds
[2024-02-07T16:48:22.799+0000] {processor.py:161} INFO - Started process (PID=55) to work on /home/airflow/.local/lib/python3.8/site-packages/airflow/example_dags/example_complex.py
[2024-02-07T16:48:22.800+0000] {processor.py:830} INFO - Processing file /home/airflow/.local/lib/python3.8/site-packages/airflow/example_dags/example_complex.py for tasks to queue
[2024-02-07T16:48:22.802+0000] {logging_mixin.py:188} INFO - [2024-02-07T16:48:22.802+0000] {dagbag.py:538} INFO - Filling up the DagBag from /home/airflow/.local/lib/python3.8/site-packages/airflow/example_dags/example_complex.py
[2024-02-07T16:48:22.819+0000] {processor.py:840} INFO - DAG(s) 'example_complex' retrieved from /home/airflow/.local/lib/python3.8/site-packages/airflow/example_dags/example_complex.py
[2024-02-07T16:48:22.949+0000] {logging_mixin.py:188} INFO - [2024-02-07T16:48:22.948+0000] {dag.py:3036} INFO - Sync 1 DAGs
[2024-02-07T16:48:22.959+0000] {logging_mixin.py:188} INFO - [2024-02-07T16:48:22.959+0000] {dag.py:3823} INFO - Setting next_dagrun for example_complex to None, run_after=None
[2024-02-07T16:48:22.979+0000] {processor.py:183} INFO - Processing /home/airflow/.local/lib/python3.8/site-packages/airflow/example_dags/example_complex.py took 0.183 seconds
[2024-02-07T16:48:53.377+0000] {processor.py:161} INFO - Started process (PID=112) to work on /home/airflow/.local/lib/python3.8/site-packages/airflow/example_dags/example_complex.py
[2024-02-07T16:48:53.378+0000] {processor.py:830} INFO - Processing file /home/airflow/.local/lib/python3.8/site-packages/airflow/example_dags/example_complex.py for tasks to queue
[2024-02-07T16:48:53.380+0000] {logging_mixin.py:188} INFO - [2024-02-07T16:48:53.380+0000] {dagbag.py:538} INFO - Filling up the DagBag from /home/airflow/.local/lib/python3.8/site-packages/airflow/example_dags/example_complex.py
[2024-02-07T16:48:53.391+0000] {processor.py:840} INFO - DAG(s) 'example_complex' retrieved from /home/airflow/.local/lib/python3.8/site-packages/airflow/example_dags/example_complex.py
[2024-02-07T16:48:53.421+0000] {logging_mixin.py:188} INFO - [2024-02-07T16:48:53.421+0000] {dag.py:3036} INFO - Sync 1 DAGs
[2024-02-07T16:48:53.433+0000] {logging_mixin.py:188} INFO - [2024-02-07T16:48:53.433+0000] {dag.py:3823} INFO - Setting next_dagrun for example_complex to None, run_after=None
[2024-02-07T16:48:53.451+0000] {processor.py:183} INFO - Processing /home/airflow/.local/lib/python3.8/site-packages/airflow/example_dags/example_complex.py took 0.077 seconds
[2024-02-07T16:49:23.831+0000] {processor.py:161} INFO - Started process (PID=167) to work on /home/airflow/.local/lib/python3.8/site-packages/airflow/example_dags/example_complex.py
[2024-02-07T16:49:23.832+0000] {processor.py:830} INFO - Processing file /home/airflow/.local/lib/python3.8/site-packages/airflow/example_dags/example_complex.py for tasks to queue
[2024-02-07T16:49:23.834+0000] {logging_mixin.py:188} INFO - [2024-02-07T16:49:23.833+0000] {dagbag.py:538} INFO - Filling up the DagBag from /home/airflow/.local/lib/python3.8/site-packages/airflow/example_dags/example_complex.py
[2024-02-07T16:49:23.846+0000] {processor.py:840} INFO - DAG(s) 'example_complex' retrieved from /home/airflow/.local/lib/python3.8/site-packages/airflow/example_dags/example_complex.py
[2024-02-07T16:49:23.877+0000] {logging_mixin.py:188} INFO - [2024-02-07T16:49:23.877+0000] {dag.py:3036} INFO - Sync 1 DAGs
[2024-02-07T16:49:23.888+0000] {logging_mixin.py:188} INFO - [2024-02-07T16:49:23.888+0000] {dag.py:3823} INFO - Setting next_dagrun for example_complex to None, run_after=None
[2024-02-07T16:49:23.904+0000] {processor.py:183} INFO - Processing /home/airflow/.local/lib/python3.8/site-packages/airflow/example_dags/example_complex.py took 0.077 seconds
[2024-02-07T16:49:53.942+0000] {processor.py:161} INFO - Started process (PID=225) to work on /home/airflow/.local/lib/python3.8/site-packages/airflow/example_dags/example_complex.py
[2024-02-07T16:49:53.943+0000] {processor.py:830} INFO - Processing file /home/airflow/.local/lib/python3.8/site-packages/airflow/example_dags/example_complex.py for tasks to queue
[2024-02-07T16:49:53.945+0000] {logging_mixin.py:188} INFO - [2024-02-07T16:49:53.945+0000] {dagbag.py:538} INFO - Filling up the DagBag from /home/airflow/.local/lib/python3.8/site-packages/airflow/example_dags/example_complex.py
[2024-02-07T16:49:53.956+0000] {processor.py:840} INFO - DAG(s) 'example_complex' retrieved from /home/airflow/.local/lib/python3.8/site-packages/airflow/example_dags/example_complex.py
[2024-02-07T16:49:53.985+0000] {logging_mixin.py:188} INFO - [2024-02-07T16:49:53.985+0000] {dag.py:3036} INFO - Sync 1 DAGs
[2024-02-07T16:49:53.997+0000] {logging_mixin.py:188} INFO - [2024-02-07T16:49:53.996+0000] {dag.py:3823} INFO - Setting next_dagrun for example_complex to None, run_after=None
[2024-02-07T16:49:54.014+0000] {processor.py:183} INFO - Processing /home/airflow/.local/lib/python3.8/site-packages/airflow/example_dags/example_complex.py took 0.075 seconds
[2024-02-07T16:50:24.437+0000] {processor.py:161} INFO - Started process (PID=282) to work on /home/airflow/.local/lib/python3.8/site-packages/airflow/example_dags/example_complex.py
[2024-02-07T16:50:24.438+0000] {processor.py:830} INFO - Processing file /home/airflow/.local/lib/python3.8/site-packages/airflow/example_dags/example_complex.py for tasks to queue
[2024-02-07T16:50:24.439+0000] {logging_mixin.py:188} INFO - [2024-02-07T16:50:24.439+0000] {dagbag.py:538} INFO - Filling up the DagBag from /home/airflow/.local/lib/python3.8/site-packages/airflow/example_dags/example_complex.py
[2024-02-07T16:50:24.451+0000] {processor.py:840} INFO - DAG(s) 'example_complex' retrieved from /home/airflow/.local/lib/python3.8/site-packages/airflow/example_dags/example_complex.py
[2024-02-07T16:50:24.481+0000] {logging_mixin.py:188} INFO - [2024-02-07T16:50:24.480+0000] {dag.py:3036} INFO - Sync 1 DAGs
[2024-02-07T16:50:24.493+0000] {logging_mixin.py:188} INFO - [2024-02-07T16:50:24.493+0000] {dag.py:3823} INFO - Setting next_dagrun for example_complex to None, run_after=None
[2024-02-07T16:50:24.511+0000] {processor.py:183} INFO - Processing /home/airflow/.local/lib/python3.8/site-packages/airflow/example_dags/example_complex.py took 0.078 seconds
[2024-02-07T16:50:54.608+0000] {processor.py:161} INFO - Started process (PID=339) to work on /home/airflow/.local/lib/python3.8/site-packages/airflow/example_dags/example_complex.py
[2024-02-07T16:50:54.609+0000] {processor.py:830} INFO - Processing file /home/airflow/.local/lib/python3.8/site-packages/airflow/example_dags/example_complex.py for tasks to queue
[2024-02-07T16:50:54.611+0000] {logging_mixin.py:188} INFO - [2024-02-07T16:50:54.610+0000] {dagbag.py:538} INFO - Filling up the DagBag from /home/airflow/.local/lib/python3.8/site-packages/airflow/example_dags/example_complex.py
[2024-02-07T16:50:54.623+0000] {processor.py:840} INFO - DAG(s) 'example_complex' retrieved from /home/airflow/.local/lib/python3.8/site-packages/airflow/example_dags/example_complex.py
[2024-02-07T16:50:54.655+0000] {logging_mixin.py:188} INFO - [2024-02-07T16:50:54.654+0000] {dag.py:3036} INFO - Sync 1 DAGs
[2024-02-07T16:50:54.668+0000] {logging_mixin.py:188} INFO - [2024-02-07T16:50:54.668+0000] {dag.py:3823} INFO - Setting next_dagrun for example_complex to None, run_after=None
[2024-02-07T16:50:54.685+0000] {processor.py:183} INFO - Processing /home/airflow/.local/lib/python3.8/site-packages/airflow/example_dags/example_complex.py took 0.081 seconds
