[2024-02-07T14:34:03.384+0000] {processor.py:161} INFO - Started process (PID=61) to work on /home/airflow/.local/lib/python3.8/site-packages/airflow/example_dags/example_sensors.py
[2024-02-07T14:34:03.385+0000] {processor.py:830} INFO - Processing file /home/airflow/.local/lib/python3.8/site-packages/airflow/example_dags/example_sensors.py for tasks to queue
[2024-02-07T14:34:03.387+0000] {logging_mixin.py:188} INFO - [2024-02-07T14:34:03.386+0000] {dagbag.py:538} INFO - Filling up the DagBag from /home/airflow/.local/lib/python3.8/site-packages/airflow/example_dags/example_sensors.py
[2024-02-07T14:34:03.400+0000] {processor.py:840} INFO - DAG(s) 'example_sensors' retrieved from /home/airflow/.local/lib/python3.8/site-packages/airflow/example_dags/example_sensors.py
[2024-02-07T14:34:03.417+0000] {logging_mixin.py:188} INFO - [2024-02-07T14:34:03.416+0000] {dag.py:3036} INFO - Sync 1 DAGs
[2024-02-07T14:34:03.440+0000] {logging_mixin.py:188} INFO - [2024-02-07T14:34:03.440+0000] {dag.py:3823} INFO - Setting next_dagrun for example_sensors to None, run_after=None
[2024-02-07T14:34:03.469+0000] {processor.py:183} INFO - Processing /home/airflow/.local/lib/python3.8/site-packages/airflow/example_dags/example_sensors.py took 0.089 seconds
[2024-02-07T14:34:34.888+0000] {processor.py:161} INFO - Started process (PID=118) to work on /home/airflow/.local/lib/python3.8/site-packages/airflow/example_dags/example_sensors.py
[2024-02-07T14:34:34.890+0000] {processor.py:830} INFO - Processing file /home/airflow/.local/lib/python3.8/site-packages/airflow/example_dags/example_sensors.py for tasks to queue
[2024-02-07T14:34:34.892+0000] {logging_mixin.py:188} INFO - [2024-02-07T14:34:34.892+0000] {dagbag.py:538} INFO - Filling up the DagBag from /home/airflow/.local/lib/python3.8/site-packages/airflow/example_dags/example_sensors.py
[2024-02-07T14:34:34.908+0000] {processor.py:840} INFO - DAG(s) 'example_sensors' retrieved from /home/airflow/.local/lib/python3.8/site-packages/airflow/example_dags/example_sensors.py
[2024-02-07T14:34:35.086+0000] {logging_mixin.py:188} INFO - [2024-02-07T14:34:35.085+0000] {dag.py:3036} INFO - Sync 1 DAGs
[2024-02-07T14:34:35.109+0000] {logging_mixin.py:188} INFO - [2024-02-07T14:34:35.109+0000] {dag.py:3823} INFO - Setting next_dagrun for example_sensors to None, run_after=None
[2024-02-07T14:34:35.148+0000] {processor.py:183} INFO - Processing /home/airflow/.local/lib/python3.8/site-packages/airflow/example_dags/example_sensors.py took 0.264 seconds
[2024-02-07T14:35:06.045+0000] {processor.py:161} INFO - Started process (PID=175) to work on /home/airflow/.local/lib/python3.8/site-packages/airflow/example_dags/example_sensors.py
[2024-02-07T14:35:06.046+0000] {processor.py:830} INFO - Processing file /home/airflow/.local/lib/python3.8/site-packages/airflow/example_dags/example_sensors.py for tasks to queue
[2024-02-07T14:35:06.048+0000] {logging_mixin.py:188} INFO - [2024-02-07T14:35:06.048+0000] {dagbag.py:538} INFO - Filling up the DagBag from /home/airflow/.local/lib/python3.8/site-packages/airflow/example_dags/example_sensors.py
[2024-02-07T14:35:06.058+0000] {processor.py:840} INFO - DAG(s) 'example_sensors' retrieved from /home/airflow/.local/lib/python3.8/site-packages/airflow/example_dags/example_sensors.py
[2024-02-07T14:35:06.091+0000] {logging_mixin.py:188} INFO - [2024-02-07T14:35:06.091+0000] {dag.py:3036} INFO - Sync 1 DAGs
[2024-02-07T14:35:06.108+0000] {logging_mixin.py:188} INFO - [2024-02-07T14:35:06.108+0000] {dag.py:3823} INFO - Setting next_dagrun for example_sensors to None, run_after=None
[2024-02-07T14:35:06.126+0000] {processor.py:183} INFO - Processing /home/airflow/.local/lib/python3.8/site-packages/airflow/example_dags/example_sensors.py took 0.085 seconds
[2024-02-07T14:35:36.681+0000] {processor.py:161} INFO - Started process (PID=232) to work on /home/airflow/.local/lib/python3.8/site-packages/airflow/example_dags/example_sensors.py
[2024-02-07T14:35:36.682+0000] {processor.py:830} INFO - Processing file /home/airflow/.local/lib/python3.8/site-packages/airflow/example_dags/example_sensors.py for tasks to queue
[2024-02-07T14:35:36.684+0000] {logging_mixin.py:188} INFO - [2024-02-07T14:35:36.684+0000] {dagbag.py:538} INFO - Filling up the DagBag from /home/airflow/.local/lib/python3.8/site-packages/airflow/example_dags/example_sensors.py
[2024-02-07T14:35:36.694+0000] {processor.py:840} INFO - DAG(s) 'example_sensors' retrieved from /home/airflow/.local/lib/python3.8/site-packages/airflow/example_dags/example_sensors.py
[2024-02-07T14:35:36.720+0000] {logging_mixin.py:188} INFO - [2024-02-07T14:35:36.720+0000] {dag.py:3036} INFO - Sync 1 DAGs
[2024-02-07T14:35:36.734+0000] {logging_mixin.py:188} INFO - [2024-02-07T14:35:36.734+0000] {dag.py:3823} INFO - Setting next_dagrun for example_sensors to None, run_after=None
[2024-02-07T14:35:36.757+0000] {processor.py:183} INFO - Processing /home/airflow/.local/lib/python3.8/site-packages/airflow/example_dags/example_sensors.py took 0.079 seconds
[2024-02-07T14:43:07.978+0000] {processor.py:161} INFO - Started process (PID=61) to work on /home/airflow/.local/lib/python3.8/site-packages/airflow/example_dags/example_sensors.py
[2024-02-07T14:43:07.979+0000] {processor.py:830} INFO - Processing file /home/airflow/.local/lib/python3.8/site-packages/airflow/example_dags/example_sensors.py for tasks to queue
[2024-02-07T14:43:07.981+0000] {logging_mixin.py:188} INFO - [2024-02-07T14:43:07.981+0000] {dagbag.py:538} INFO - Filling up the DagBag from /home/airflow/.local/lib/python3.8/site-packages/airflow/example_dags/example_sensors.py
[2024-02-07T14:43:07.994+0000] {processor.py:840} INFO - DAG(s) 'example_sensors' retrieved from /home/airflow/.local/lib/python3.8/site-packages/airflow/example_dags/example_sensors.py
[2024-02-07T14:43:08.009+0000] {logging_mixin.py:188} INFO - [2024-02-07T14:43:08.009+0000] {dag.py:3036} INFO - Sync 1 DAGs
[2024-02-07T14:43:08.026+0000] {logging_mixin.py:188} INFO - [2024-02-07T14:43:08.025+0000] {dag.py:3823} INFO - Setting next_dagrun for example_sensors to None, run_after=None
[2024-02-07T14:43:08.060+0000] {processor.py:183} INFO - Processing /home/airflow/.local/lib/python3.8/site-packages/airflow/example_dags/example_sensors.py took 0.086 seconds
[2024-02-07T14:43:39.114+0000] {processor.py:161} INFO - Started process (PID=118) to work on /home/airflow/.local/lib/python3.8/site-packages/airflow/example_dags/example_sensors.py
[2024-02-07T14:43:39.115+0000] {processor.py:830} INFO - Processing file /home/airflow/.local/lib/python3.8/site-packages/airflow/example_dags/example_sensors.py for tasks to queue
[2024-02-07T14:43:39.117+0000] {logging_mixin.py:188} INFO - [2024-02-07T14:43:39.117+0000] {dagbag.py:538} INFO - Filling up the DagBag from /home/airflow/.local/lib/python3.8/site-packages/airflow/example_dags/example_sensors.py
[2024-02-07T14:43:39.128+0000] {processor.py:840} INFO - DAG(s) 'example_sensors' retrieved from /home/airflow/.local/lib/python3.8/site-packages/airflow/example_dags/example_sensors.py
[2024-02-07T14:43:39.248+0000] {logging_mixin.py:188} INFO - [2024-02-07T14:43:39.248+0000] {dag.py:3036} INFO - Sync 1 DAGs
[2024-02-07T14:43:39.259+0000] {logging_mixin.py:188} INFO - [2024-02-07T14:43:39.259+0000] {dag.py:3823} INFO - Setting next_dagrun for example_sensors to None, run_after=None
[2024-02-07T14:43:39.277+0000] {processor.py:183} INFO - Processing /home/airflow/.local/lib/python3.8/site-packages/airflow/example_dags/example_sensors.py took 0.166 seconds
[2024-02-07T14:44:09.367+0000] {processor.py:161} INFO - Started process (PID=175) to work on /home/airflow/.local/lib/python3.8/site-packages/airflow/example_dags/example_sensors.py
[2024-02-07T14:44:09.368+0000] {processor.py:830} INFO - Processing file /home/airflow/.local/lib/python3.8/site-packages/airflow/example_dags/example_sensors.py for tasks to queue
[2024-02-07T14:44:09.370+0000] {logging_mixin.py:188} INFO - [2024-02-07T14:44:09.370+0000] {dagbag.py:538} INFO - Filling up the DagBag from /home/airflow/.local/lib/python3.8/site-packages/airflow/example_dags/example_sensors.py
[2024-02-07T14:44:09.379+0000] {processor.py:840} INFO - DAG(s) 'example_sensors' retrieved from /home/airflow/.local/lib/python3.8/site-packages/airflow/example_dags/example_sensors.py
[2024-02-07T14:44:09.403+0000] {logging_mixin.py:188} INFO - [2024-02-07T14:44:09.402+0000] {dag.py:3036} INFO - Sync 1 DAGs
[2024-02-07T14:44:09.414+0000] {logging_mixin.py:188} INFO - [2024-02-07T14:44:09.413+0000] {dag.py:3823} INFO - Setting next_dagrun for example_sensors to None, run_after=None
[2024-02-07T14:44:09.431+0000] {processor.py:183} INFO - Processing /home/airflow/.local/lib/python3.8/site-packages/airflow/example_dags/example_sensors.py took 0.066 seconds
[2024-02-07T14:44:40.004+0000] {processor.py:161} INFO - Started process (PID=232) to work on /home/airflow/.local/lib/python3.8/site-packages/airflow/example_dags/example_sensors.py
[2024-02-07T14:44:40.005+0000] {processor.py:830} INFO - Processing file /home/airflow/.local/lib/python3.8/site-packages/airflow/example_dags/example_sensors.py for tasks to queue
[2024-02-07T14:44:40.007+0000] {logging_mixin.py:188} INFO - [2024-02-07T14:44:40.006+0000] {dagbag.py:538} INFO - Filling up the DagBag from /home/airflow/.local/lib/python3.8/site-packages/airflow/example_dags/example_sensors.py
[2024-02-07T14:44:40.015+0000] {processor.py:840} INFO - DAG(s) 'example_sensors' retrieved from /home/airflow/.local/lib/python3.8/site-packages/airflow/example_dags/example_sensors.py
[2024-02-07T14:44:40.043+0000] {logging_mixin.py:188} INFO - [2024-02-07T14:44:40.043+0000] {dag.py:3036} INFO - Sync 1 DAGs
[2024-02-07T14:44:40.055+0000] {logging_mixin.py:188} INFO - [2024-02-07T14:44:40.055+0000] {dag.py:3823} INFO - Setting next_dagrun for example_sensors to None, run_after=None
[2024-02-07T14:44:40.074+0000] {processor.py:183} INFO - Processing /home/airflow/.local/lib/python3.8/site-packages/airflow/example_dags/example_sensors.py took 0.074 seconds
[2024-02-07T14:45:10.872+0000] {processor.py:161} INFO - Started process (PID=289) to work on /home/airflow/.local/lib/python3.8/site-packages/airflow/example_dags/example_sensors.py
[2024-02-07T14:45:10.873+0000] {processor.py:830} INFO - Processing file /home/airflow/.local/lib/python3.8/site-packages/airflow/example_dags/example_sensors.py for tasks to queue
[2024-02-07T14:45:10.875+0000] {logging_mixin.py:188} INFO - [2024-02-07T14:45:10.875+0000] {dagbag.py:538} INFO - Filling up the DagBag from /home/airflow/.local/lib/python3.8/site-packages/airflow/example_dags/example_sensors.py
[2024-02-07T14:45:10.885+0000] {processor.py:840} INFO - DAG(s) 'example_sensors' retrieved from /home/airflow/.local/lib/python3.8/site-packages/airflow/example_dags/example_sensors.py
[2024-02-07T14:45:10.916+0000] {logging_mixin.py:188} INFO - [2024-02-07T14:45:10.915+0000] {dag.py:3036} INFO - Sync 1 DAGs
[2024-02-07T14:45:10.927+0000] {logging_mixin.py:188} INFO - [2024-02-07T14:45:10.927+0000] {dag.py:3823} INFO - Setting next_dagrun for example_sensors to None, run_after=None
[2024-02-07T14:45:10.945+0000] {processor.py:183} INFO - Processing /home/airflow/.local/lib/python3.8/site-packages/airflow/example_dags/example_sensors.py took 0.076 seconds
[2024-02-07T14:45:41.152+0000] {processor.py:161} INFO - Started process (PID=344) to work on /home/airflow/.local/lib/python3.8/site-packages/airflow/example_dags/example_sensors.py
[2024-02-07T14:45:41.153+0000] {processor.py:830} INFO - Processing file /home/airflow/.local/lib/python3.8/site-packages/airflow/example_dags/example_sensors.py for tasks to queue
[2024-02-07T14:45:41.156+0000] {logging_mixin.py:188} INFO - [2024-02-07T14:45:41.156+0000] {dagbag.py:538} INFO - Filling up the DagBag from /home/airflow/.local/lib/python3.8/site-packages/airflow/example_dags/example_sensors.py
[2024-02-07T14:45:41.176+0000] {processor.py:840} INFO - DAG(s) 'example_sensors' retrieved from /home/airflow/.local/lib/python3.8/site-packages/airflow/example_dags/example_sensors.py
[2024-02-07T14:45:41.216+0000] {logging_mixin.py:188} INFO - [2024-02-07T14:45:41.216+0000] {dag.py:3036} INFO - Sync 1 DAGs
[2024-02-07T14:45:41.234+0000] {logging_mixin.py:188} INFO - [2024-02-07T14:45:41.233+0000] {dag.py:3823} INFO - Setting next_dagrun for example_sensors to None, run_after=None
[2024-02-07T14:45:41.255+0000] {processor.py:183} INFO - Processing /home/airflow/.local/lib/python3.8/site-packages/airflow/example_dags/example_sensors.py took 0.109 seconds
[2024-02-07T14:46:11.517+0000] {processor.py:161} INFO - Started process (PID=401) to work on /home/airflow/.local/lib/python3.8/site-packages/airflow/example_dags/example_sensors.py
[2024-02-07T14:46:11.518+0000] {processor.py:830} INFO - Processing file /home/airflow/.local/lib/python3.8/site-packages/airflow/example_dags/example_sensors.py for tasks to queue
[2024-02-07T14:46:11.520+0000] {logging_mixin.py:188} INFO - [2024-02-07T14:46:11.520+0000] {dagbag.py:538} INFO - Filling up the DagBag from /home/airflow/.local/lib/python3.8/site-packages/airflow/example_dags/example_sensors.py
[2024-02-07T14:46:11.529+0000] {processor.py:840} INFO - DAG(s) 'example_sensors' retrieved from /home/airflow/.local/lib/python3.8/site-packages/airflow/example_dags/example_sensors.py
[2024-02-07T14:46:11.554+0000] {logging_mixin.py:188} INFO - [2024-02-07T14:46:11.553+0000] {dag.py:3036} INFO - Sync 1 DAGs
[2024-02-07T14:46:11.566+0000] {logging_mixin.py:188} INFO - [2024-02-07T14:46:11.566+0000] {dag.py:3823} INFO - Setting next_dagrun for example_sensors to None, run_after=None
[2024-02-07T14:46:11.584+0000] {processor.py:183} INFO - Processing /home/airflow/.local/lib/python3.8/site-packages/airflow/example_dags/example_sensors.py took 0.070 seconds
[2024-02-07T14:46:42.477+0000] {processor.py:161} INFO - Started process (PID=458) to work on /home/airflow/.local/lib/python3.8/site-packages/airflow/example_dags/example_sensors.py
[2024-02-07T14:46:42.478+0000] {processor.py:830} INFO - Processing file /home/airflow/.local/lib/python3.8/site-packages/airflow/example_dags/example_sensors.py for tasks to queue
[2024-02-07T14:46:42.479+0000] {logging_mixin.py:188} INFO - [2024-02-07T14:46:42.479+0000] {dagbag.py:538} INFO - Filling up the DagBag from /home/airflow/.local/lib/python3.8/site-packages/airflow/example_dags/example_sensors.py
[2024-02-07T14:46:42.488+0000] {processor.py:840} INFO - DAG(s) 'example_sensors' retrieved from /home/airflow/.local/lib/python3.8/site-packages/airflow/example_dags/example_sensors.py
[2024-02-07T14:46:42.512+0000] {logging_mixin.py:188} INFO - [2024-02-07T14:46:42.512+0000] {dag.py:3036} INFO - Sync 1 DAGs
[2024-02-07T14:46:42.524+0000] {logging_mixin.py:188} INFO - [2024-02-07T14:46:42.524+0000] {dag.py:3823} INFO - Setting next_dagrun for example_sensors to None, run_after=None
[2024-02-07T14:46:42.541+0000] {processor.py:183} INFO - Processing /home/airflow/.local/lib/python3.8/site-packages/airflow/example_dags/example_sensors.py took 0.068 seconds
[2024-02-07T14:47:12.855+0000] {processor.py:161} INFO - Started process (PID=515) to work on /home/airflow/.local/lib/python3.8/site-packages/airflow/example_dags/example_sensors.py
[2024-02-07T14:47:12.857+0000] {processor.py:830} INFO - Processing file /home/airflow/.local/lib/python3.8/site-packages/airflow/example_dags/example_sensors.py for tasks to queue
[2024-02-07T14:47:12.859+0000] {logging_mixin.py:188} INFO - [2024-02-07T14:47:12.859+0000] {dagbag.py:538} INFO - Filling up the DagBag from /home/airflow/.local/lib/python3.8/site-packages/airflow/example_dags/example_sensors.py
[2024-02-07T14:47:12.874+0000] {processor.py:840} INFO - DAG(s) 'example_sensors' retrieved from /home/airflow/.local/lib/python3.8/site-packages/airflow/example_dags/example_sensors.py
[2024-02-07T14:47:12.912+0000] {logging_mixin.py:188} INFO - [2024-02-07T14:47:12.911+0000] {dag.py:3036} INFO - Sync 1 DAGs
[2024-02-07T14:47:12.929+0000] {logging_mixin.py:188} INFO - [2024-02-07T14:47:12.928+0000] {dag.py:3823} INFO - Setting next_dagrun for example_sensors to None, run_after=None
[2024-02-07T14:47:12.961+0000] {processor.py:183} INFO - Processing /home/airflow/.local/lib/python3.8/site-packages/airflow/example_dags/example_sensors.py took 0.110 seconds
[2024-02-07T14:47:43.090+0000] {processor.py:161} INFO - Started process (PID=572) to work on /home/airflow/.local/lib/python3.8/site-packages/airflow/example_dags/example_sensors.py
[2024-02-07T14:47:43.090+0000] {processor.py:830} INFO - Processing file /home/airflow/.local/lib/python3.8/site-packages/airflow/example_dags/example_sensors.py for tasks to queue
[2024-02-07T14:47:43.092+0000] {logging_mixin.py:188} INFO - [2024-02-07T14:47:43.092+0000] {dagbag.py:538} INFO - Filling up the DagBag from /home/airflow/.local/lib/python3.8/site-packages/airflow/example_dags/example_sensors.py
[2024-02-07T14:47:43.101+0000] {processor.py:840} INFO - DAG(s) 'example_sensors' retrieved from /home/airflow/.local/lib/python3.8/site-packages/airflow/example_dags/example_sensors.py
[2024-02-07T14:47:43.125+0000] {logging_mixin.py:188} INFO - [2024-02-07T14:47:43.125+0000] {dag.py:3036} INFO - Sync 1 DAGs
[2024-02-07T14:47:43.137+0000] {logging_mixin.py:188} INFO - [2024-02-07T14:47:43.136+0000] {dag.py:3823} INFO - Setting next_dagrun for example_sensors to None, run_after=None
[2024-02-07T14:47:43.154+0000] {processor.py:183} INFO - Processing /home/airflow/.local/lib/python3.8/site-packages/airflow/example_dags/example_sensors.py took 0.068 seconds
[2024-02-07T14:48:13.640+0000] {processor.py:161} INFO - Started process (PID=629) to work on /home/airflow/.local/lib/python3.8/site-packages/airflow/example_dags/example_sensors.py
[2024-02-07T14:48:13.641+0000] {processor.py:830} INFO - Processing file /home/airflow/.local/lib/python3.8/site-packages/airflow/example_dags/example_sensors.py for tasks to queue
[2024-02-07T14:48:13.642+0000] {logging_mixin.py:188} INFO - [2024-02-07T14:48:13.642+0000] {dagbag.py:538} INFO - Filling up the DagBag from /home/airflow/.local/lib/python3.8/site-packages/airflow/example_dags/example_sensors.py
[2024-02-07T14:48:13.651+0000] {processor.py:840} INFO - DAG(s) 'example_sensors' retrieved from /home/airflow/.local/lib/python3.8/site-packages/airflow/example_dags/example_sensors.py
[2024-02-07T14:48:13.676+0000] {logging_mixin.py:188} INFO - [2024-02-07T14:48:13.676+0000] {dag.py:3036} INFO - Sync 1 DAGs
[2024-02-07T14:48:13.687+0000] {logging_mixin.py:188} INFO - [2024-02-07T14:48:13.687+0000] {dag.py:3823} INFO - Setting next_dagrun for example_sensors to None, run_after=None
[2024-02-07T14:48:13.707+0000] {processor.py:183} INFO - Processing /home/airflow/.local/lib/python3.8/site-packages/airflow/example_dags/example_sensors.py took 0.070 seconds
[2024-02-07T14:48:44.043+0000] {processor.py:161} INFO - Started process (PID=686) to work on /home/airflow/.local/lib/python3.8/site-packages/airflow/example_dags/example_sensors.py
[2024-02-07T14:48:44.044+0000] {processor.py:830} INFO - Processing file /home/airflow/.local/lib/python3.8/site-packages/airflow/example_dags/example_sensors.py for tasks to queue
[2024-02-07T14:48:44.045+0000] {logging_mixin.py:188} INFO - [2024-02-07T14:48:44.045+0000] {dagbag.py:538} INFO - Filling up the DagBag from /home/airflow/.local/lib/python3.8/site-packages/airflow/example_dags/example_sensors.py
[2024-02-07T14:48:44.054+0000] {processor.py:840} INFO - DAG(s) 'example_sensors' retrieved from /home/airflow/.local/lib/python3.8/site-packages/airflow/example_dags/example_sensors.py
[2024-02-07T14:48:44.079+0000] {logging_mixin.py:188} INFO - [2024-02-07T14:48:44.079+0000] {dag.py:3036} INFO - Sync 1 DAGs
[2024-02-07T14:48:44.092+0000] {logging_mixin.py:188} INFO - [2024-02-07T14:48:44.091+0000] {dag.py:3823} INFO - Setting next_dagrun for example_sensors to None, run_after=None
[2024-02-07T14:48:44.114+0000] {processor.py:183} INFO - Processing /home/airflow/.local/lib/python3.8/site-packages/airflow/example_dags/example_sensors.py took 0.074 seconds
[2024-02-07T14:49:14.213+0000] {processor.py:161} INFO - Started process (PID=743) to work on /home/airflow/.local/lib/python3.8/site-packages/airflow/example_dags/example_sensors.py
[2024-02-07T14:49:14.214+0000] {processor.py:830} INFO - Processing file /home/airflow/.local/lib/python3.8/site-packages/airflow/example_dags/example_sensors.py for tasks to queue
[2024-02-07T14:49:14.216+0000] {logging_mixin.py:188} INFO - [2024-02-07T14:49:14.216+0000] {dagbag.py:538} INFO - Filling up the DagBag from /home/airflow/.local/lib/python3.8/site-packages/airflow/example_dags/example_sensors.py
[2024-02-07T14:49:14.225+0000] {processor.py:840} INFO - DAG(s) 'example_sensors' retrieved from /home/airflow/.local/lib/python3.8/site-packages/airflow/example_dags/example_sensors.py
[2024-02-07T14:49:14.249+0000] {logging_mixin.py:188} INFO - [2024-02-07T14:49:14.249+0000] {dag.py:3036} INFO - Sync 1 DAGs
[2024-02-07T14:49:14.262+0000] {logging_mixin.py:188} INFO - [2024-02-07T14:49:14.262+0000] {dag.py:3823} INFO - Setting next_dagrun for example_sensors to None, run_after=None
[2024-02-07T14:49:14.280+0000] {processor.py:183} INFO - Processing /home/airflow/.local/lib/python3.8/site-packages/airflow/example_dags/example_sensors.py took 0.070 seconds
[2024-02-07T14:49:44.860+0000] {processor.py:161} INFO - Started process (PID=800) to work on /home/airflow/.local/lib/python3.8/site-packages/airflow/example_dags/example_sensors.py
[2024-02-07T14:49:44.862+0000] {processor.py:830} INFO - Processing file /home/airflow/.local/lib/python3.8/site-packages/airflow/example_dags/example_sensors.py for tasks to queue
[2024-02-07T14:49:44.864+0000] {logging_mixin.py:188} INFO - [2024-02-07T14:49:44.864+0000] {dagbag.py:538} INFO - Filling up the DagBag from /home/airflow/.local/lib/python3.8/site-packages/airflow/example_dags/example_sensors.py
[2024-02-07T14:49:44.877+0000] {processor.py:840} INFO - DAG(s) 'example_sensors' retrieved from /home/airflow/.local/lib/python3.8/site-packages/airflow/example_dags/example_sensors.py
[2024-02-07T14:49:44.910+0000] {logging_mixin.py:188} INFO - [2024-02-07T14:49:44.910+0000] {dag.py:3036} INFO - Sync 1 DAGs
[2024-02-07T14:49:44.927+0000] {logging_mixin.py:188} INFO - [2024-02-07T14:49:44.926+0000] {dag.py:3823} INFO - Setting next_dagrun for example_sensors to None, run_after=None
[2024-02-07T14:49:44.944+0000] {processor.py:183} INFO - Processing /home/airflow/.local/lib/python3.8/site-packages/airflow/example_dags/example_sensors.py took 0.089 seconds
[2024-02-07T14:50:15.612+0000] {processor.py:161} INFO - Started process (PID=857) to work on /home/airflow/.local/lib/python3.8/site-packages/airflow/example_dags/example_sensors.py
[2024-02-07T14:50:15.613+0000] {processor.py:830} INFO - Processing file /home/airflow/.local/lib/python3.8/site-packages/airflow/example_dags/example_sensors.py for tasks to queue
[2024-02-07T14:50:15.615+0000] {logging_mixin.py:188} INFO - [2024-02-07T14:50:15.615+0000] {dagbag.py:538} INFO - Filling up the DagBag from /home/airflow/.local/lib/python3.8/site-packages/airflow/example_dags/example_sensors.py
[2024-02-07T14:50:15.624+0000] {processor.py:840} INFO - DAG(s) 'example_sensors' retrieved from /home/airflow/.local/lib/python3.8/site-packages/airflow/example_dags/example_sensors.py
[2024-02-07T14:50:15.650+0000] {logging_mixin.py:188} INFO - [2024-02-07T14:50:15.649+0000] {dag.py:3036} INFO - Sync 1 DAGs
[2024-02-07T14:50:15.661+0000] {logging_mixin.py:188} INFO - [2024-02-07T14:50:15.661+0000] {dag.py:3823} INFO - Setting next_dagrun for example_sensors to None, run_after=None
[2024-02-07T14:50:15.679+0000] {processor.py:183} INFO - Processing /home/airflow/.local/lib/python3.8/site-packages/airflow/example_dags/example_sensors.py took 0.070 seconds
[2024-02-07T14:50:46.260+0000] {processor.py:161} INFO - Started process (PID=914) to work on /home/airflow/.local/lib/python3.8/site-packages/airflow/example_dags/example_sensors.py
[2024-02-07T14:50:46.260+0000] {processor.py:830} INFO - Processing file /home/airflow/.local/lib/python3.8/site-packages/airflow/example_dags/example_sensors.py for tasks to queue
[2024-02-07T14:50:46.262+0000] {logging_mixin.py:188} INFO - [2024-02-07T14:50:46.262+0000] {dagbag.py:538} INFO - Filling up the DagBag from /home/airflow/.local/lib/python3.8/site-packages/airflow/example_dags/example_sensors.py
[2024-02-07T14:50:46.271+0000] {processor.py:840} INFO - DAG(s) 'example_sensors' retrieved from /home/airflow/.local/lib/python3.8/site-packages/airflow/example_dags/example_sensors.py
[2024-02-07T14:50:46.297+0000] {logging_mixin.py:188} INFO - [2024-02-07T14:50:46.297+0000] {dag.py:3036} INFO - Sync 1 DAGs
[2024-02-07T14:50:46.308+0000] {logging_mixin.py:188} INFO - [2024-02-07T14:50:46.308+0000] {dag.py:3823} INFO - Setting next_dagrun for example_sensors to None, run_after=None
[2024-02-07T14:50:46.327+0000] {processor.py:183} INFO - Processing /home/airflow/.local/lib/python3.8/site-packages/airflow/example_dags/example_sensors.py took 0.071 seconds
[2024-02-07T14:51:17.063+0000] {processor.py:161} INFO - Started process (PID=972) to work on /home/airflow/.local/lib/python3.8/site-packages/airflow/example_dags/example_sensors.py
[2024-02-07T14:51:17.064+0000] {processor.py:830} INFO - Processing file /home/airflow/.local/lib/python3.8/site-packages/airflow/example_dags/example_sensors.py for tasks to queue
[2024-02-07T14:51:17.066+0000] {logging_mixin.py:188} INFO - [2024-02-07T14:51:17.065+0000] {dagbag.py:538} INFO - Filling up the DagBag from /home/airflow/.local/lib/python3.8/site-packages/airflow/example_dags/example_sensors.py
[2024-02-07T14:51:17.074+0000] {processor.py:840} INFO - DAG(s) 'example_sensors' retrieved from /home/airflow/.local/lib/python3.8/site-packages/airflow/example_dags/example_sensors.py
[2024-02-07T14:51:17.105+0000] {logging_mixin.py:188} INFO - [2024-02-07T14:51:17.105+0000] {dag.py:3036} INFO - Sync 1 DAGs
[2024-02-07T14:51:17.117+0000] {logging_mixin.py:188} INFO - [2024-02-07T14:51:17.117+0000] {dag.py:3823} INFO - Setting next_dagrun for example_sensors to None, run_after=None
[2024-02-07T14:51:17.135+0000] {processor.py:183} INFO - Processing /home/airflow/.local/lib/python3.8/site-packages/airflow/example_dags/example_sensors.py took 0.075 seconds
[2024-02-07T14:51:47.496+0000] {processor.py:161} INFO - Started process (PID=1029) to work on /home/airflow/.local/lib/python3.8/site-packages/airflow/example_dags/example_sensors.py
[2024-02-07T14:51:47.497+0000] {processor.py:830} INFO - Processing file /home/airflow/.local/lib/python3.8/site-packages/airflow/example_dags/example_sensors.py for tasks to queue
[2024-02-07T14:51:47.499+0000] {logging_mixin.py:188} INFO - [2024-02-07T14:51:47.499+0000] {dagbag.py:538} INFO - Filling up the DagBag from /home/airflow/.local/lib/python3.8/site-packages/airflow/example_dags/example_sensors.py
[2024-02-07T14:51:47.508+0000] {processor.py:840} INFO - DAG(s) 'example_sensors' retrieved from /home/airflow/.local/lib/python3.8/site-packages/airflow/example_dags/example_sensors.py
[2024-02-07T14:51:47.532+0000] {logging_mixin.py:188} INFO - [2024-02-07T14:51:47.532+0000] {dag.py:3036} INFO - Sync 1 DAGs
[2024-02-07T14:51:47.543+0000] {logging_mixin.py:188} INFO - [2024-02-07T14:51:47.543+0000] {dag.py:3823} INFO - Setting next_dagrun for example_sensors to None, run_after=None
[2024-02-07T14:51:47.561+0000] {processor.py:183} INFO - Processing /home/airflow/.local/lib/python3.8/site-packages/airflow/example_dags/example_sensors.py took 0.068 seconds
[2024-02-07T14:52:17.670+0000] {processor.py:161} INFO - Started process (PID=1087) to work on /home/airflow/.local/lib/python3.8/site-packages/airflow/example_dags/example_sensors.py
[2024-02-07T14:52:17.671+0000] {processor.py:830} INFO - Processing file /home/airflow/.local/lib/python3.8/site-packages/airflow/example_dags/example_sensors.py for tasks to queue
[2024-02-07T14:52:17.673+0000] {logging_mixin.py:188} INFO - [2024-02-07T14:52:17.673+0000] {dagbag.py:538} INFO - Filling up the DagBag from /home/airflow/.local/lib/python3.8/site-packages/airflow/example_dags/example_sensors.py
[2024-02-07T14:52:17.682+0000] {processor.py:840} INFO - DAG(s) 'example_sensors' retrieved from /home/airflow/.local/lib/python3.8/site-packages/airflow/example_dags/example_sensors.py
[2024-02-07T14:52:17.707+0000] {logging_mixin.py:188} INFO - [2024-02-07T14:52:17.707+0000] {dag.py:3036} INFO - Sync 1 DAGs
[2024-02-07T14:52:17.719+0000] {logging_mixin.py:188} INFO - [2024-02-07T14:52:17.718+0000] {dag.py:3823} INFO - Setting next_dagrun for example_sensors to None, run_after=None
[2024-02-07T14:52:17.736+0000] {processor.py:183} INFO - Processing /home/airflow/.local/lib/python3.8/site-packages/airflow/example_dags/example_sensors.py took 0.069 seconds
[2024-02-07T14:53:49.113+0000] {processor.py:161} INFO - Started process (PID=60) to work on /home/airflow/.local/lib/python3.8/site-packages/airflow/example_dags/example_sensors.py
[2024-02-07T14:53:49.115+0000] {processor.py:830} INFO - Processing file /home/airflow/.local/lib/python3.8/site-packages/airflow/example_dags/example_sensors.py for tasks to queue
[2024-02-07T14:53:49.118+0000] {logging_mixin.py:188} INFO - [2024-02-07T14:53:49.117+0000] {dagbag.py:538} INFO - Filling up the DagBag from /home/airflow/.local/lib/python3.8/site-packages/airflow/example_dags/example_sensors.py
[2024-02-07T14:53:49.137+0000] {processor.py:840} INFO - DAG(s) 'example_sensors' retrieved from /home/airflow/.local/lib/python3.8/site-packages/airflow/example_dags/example_sensors.py
[2024-02-07T14:53:49.155+0000] {logging_mixin.py:188} INFO - [2024-02-07T14:53:49.154+0000] {dag.py:3036} INFO - Sync 1 DAGs
[2024-02-07T14:53:49.179+0000] {logging_mixin.py:188} INFO - [2024-02-07T14:53:49.178+0000] {dag.py:3823} INFO - Setting next_dagrun for example_sensors to None, run_after=None
[2024-02-07T14:53:49.210+0000] {processor.py:183} INFO - Processing /home/airflow/.local/lib/python3.8/site-packages/airflow/example_dags/example_sensors.py took 0.102 seconds
[2024-02-07T14:54:19.878+0000] {processor.py:161} INFO - Started process (PID=116) to work on /home/airflow/.local/lib/python3.8/site-packages/airflow/example_dags/example_sensors.py
[2024-02-07T14:54:19.879+0000] {processor.py:830} INFO - Processing file /home/airflow/.local/lib/python3.8/site-packages/airflow/example_dags/example_sensors.py for tasks to queue
[2024-02-07T14:54:19.880+0000] {logging_mixin.py:188} INFO - [2024-02-07T14:54:19.880+0000] {dagbag.py:538} INFO - Filling up the DagBag from /home/airflow/.local/lib/python3.8/site-packages/airflow/example_dags/example_sensors.py
[2024-02-07T14:54:19.889+0000] {processor.py:840} INFO - DAG(s) 'example_sensors' retrieved from /home/airflow/.local/lib/python3.8/site-packages/airflow/example_dags/example_sensors.py
[2024-02-07T14:54:19.992+0000] {logging_mixin.py:188} INFO - [2024-02-07T14:54:19.991+0000] {dag.py:3036} INFO - Sync 1 DAGs
[2024-02-07T14:54:20.001+0000] {logging_mixin.py:188} INFO - [2024-02-07T14:54:20.001+0000] {dag.py:3823} INFO - Setting next_dagrun for example_sensors to None, run_after=None
[2024-02-07T14:54:20.021+0000] {processor.py:183} INFO - Processing /home/airflow/.local/lib/python3.8/site-packages/airflow/example_dags/example_sensors.py took 0.146 seconds
[2024-02-07T14:54:50.510+0000] {processor.py:161} INFO - Started process (PID=173) to work on /home/airflow/.local/lib/python3.8/site-packages/airflow/example_dags/example_sensors.py
[2024-02-07T14:54:50.511+0000] {processor.py:830} INFO - Processing file /home/airflow/.local/lib/python3.8/site-packages/airflow/example_dags/example_sensors.py for tasks to queue
[2024-02-07T14:54:50.513+0000] {logging_mixin.py:188} INFO - [2024-02-07T14:54:50.512+0000] {dagbag.py:538} INFO - Filling up the DagBag from /home/airflow/.local/lib/python3.8/site-packages/airflow/example_dags/example_sensors.py
[2024-02-07T14:54:50.522+0000] {processor.py:840} INFO - DAG(s) 'example_sensors' retrieved from /home/airflow/.local/lib/python3.8/site-packages/airflow/example_dags/example_sensors.py
[2024-02-07T14:54:50.547+0000] {logging_mixin.py:188} INFO - [2024-02-07T14:54:50.547+0000] {dag.py:3036} INFO - Sync 1 DAGs
[2024-02-07T14:54:50.559+0000] {logging_mixin.py:188} INFO - [2024-02-07T14:54:50.559+0000] {dag.py:3823} INFO - Setting next_dagrun for example_sensors to None, run_after=None
[2024-02-07T14:54:50.577+0000] {processor.py:183} INFO - Processing /home/airflow/.local/lib/python3.8/site-packages/airflow/example_dags/example_sensors.py took 0.071 seconds
[2024-02-07T15:05:10.868+0000] {processor.py:161} INFO - Started process (PID=61) to work on /home/airflow/.local/lib/python3.8/site-packages/airflow/example_dags/example_sensors.py
[2024-02-07T15:05:10.869+0000] {processor.py:830} INFO - Processing file /home/airflow/.local/lib/python3.8/site-packages/airflow/example_dags/example_sensors.py for tasks to queue
[2024-02-07T15:05:10.871+0000] {logging_mixin.py:188} INFO - [2024-02-07T15:05:10.871+0000] {dagbag.py:538} INFO - Filling up the DagBag from /home/airflow/.local/lib/python3.8/site-packages/airflow/example_dags/example_sensors.py
[2024-02-07T15:05:10.884+0000] {processor.py:840} INFO - DAG(s) 'example_sensors' retrieved from /home/airflow/.local/lib/python3.8/site-packages/airflow/example_dags/example_sensors.py
[2024-02-07T15:05:10.899+0000] {logging_mixin.py:188} INFO - [2024-02-07T15:05:10.898+0000] {dag.py:3036} INFO - Sync 1 DAGs
[2024-02-07T15:05:10.912+0000] {logging_mixin.py:188} INFO - [2024-02-07T15:05:10.912+0000] {dag.py:3823} INFO - Setting next_dagrun for example_sensors to None, run_after=None
[2024-02-07T15:05:10.933+0000] {processor.py:183} INFO - Processing /home/airflow/.local/lib/python3.8/site-packages/airflow/example_dags/example_sensors.py took 0.070 seconds
[2024-02-07T15:05:42.747+0000] {processor.py:161} INFO - Started process (PID=118) to work on /home/airflow/.local/lib/python3.8/site-packages/airflow/example_dags/example_sensors.py
[2024-02-07T15:05:42.748+0000] {processor.py:830} INFO - Processing file /home/airflow/.local/lib/python3.8/site-packages/airflow/example_dags/example_sensors.py for tasks to queue
[2024-02-07T15:05:42.749+0000] {logging_mixin.py:188} INFO - [2024-02-07T15:05:42.749+0000] {dagbag.py:538} INFO - Filling up the DagBag from /home/airflow/.local/lib/python3.8/site-packages/airflow/example_dags/example_sensors.py
[2024-02-07T15:05:42.761+0000] {processor.py:840} INFO - DAG(s) 'example_sensors' retrieved from /home/airflow/.local/lib/python3.8/site-packages/airflow/example_dags/example_sensors.py
[2024-02-07T15:05:42.922+0000] {logging_mixin.py:188} INFO - [2024-02-07T15:05:42.922+0000] {dag.py:3036} INFO - Sync 1 DAGs
[2024-02-07T15:05:42.939+0000] {logging_mixin.py:188} INFO - [2024-02-07T15:05:42.939+0000] {dag.py:3823} INFO - Setting next_dagrun for example_sensors to None, run_after=None
[2024-02-07T15:05:42.964+0000] {processor.py:183} INFO - Processing /home/airflow/.local/lib/python3.8/site-packages/airflow/example_dags/example_sensors.py took 0.221 seconds
[2024-02-07T15:07:17.559+0000] {processor.py:161} INFO - Started process (PID=61) to work on /home/airflow/.local/lib/python3.8/site-packages/airflow/example_dags/example_sensors.py
[2024-02-07T15:07:17.560+0000] {processor.py:830} INFO - Processing file /home/airflow/.local/lib/python3.8/site-packages/airflow/example_dags/example_sensors.py for tasks to queue
[2024-02-07T15:07:17.562+0000] {logging_mixin.py:188} INFO - [2024-02-07T15:07:17.561+0000] {dagbag.py:538} INFO - Filling up the DagBag from /home/airflow/.local/lib/python3.8/site-packages/airflow/example_dags/example_sensors.py
[2024-02-07T15:07:17.571+0000] {processor.py:840} INFO - DAG(s) 'example_sensors' retrieved from /home/airflow/.local/lib/python3.8/site-packages/airflow/example_dags/example_sensors.py
[2024-02-07T15:07:17.583+0000] {logging_mixin.py:188} INFO - [2024-02-07T15:07:17.583+0000] {dag.py:3036} INFO - Sync 1 DAGs
[2024-02-07T15:07:17.595+0000] {logging_mixin.py:188} INFO - [2024-02-07T15:07:17.595+0000] {dag.py:3823} INFO - Setting next_dagrun for example_sensors to None, run_after=None
[2024-02-07T15:07:17.616+0000] {processor.py:183} INFO - Processing /home/airflow/.local/lib/python3.8/site-packages/airflow/example_dags/example_sensors.py took 0.060 seconds
[2024-02-07T15:07:49.095+0000] {processor.py:161} INFO - Started process (PID=118) to work on /home/airflow/.local/lib/python3.8/site-packages/airflow/example_dags/example_sensors.py
[2024-02-07T15:07:49.096+0000] {processor.py:830} INFO - Processing file /home/airflow/.local/lib/python3.8/site-packages/airflow/example_dags/example_sensors.py for tasks to queue
[2024-02-07T15:07:49.098+0000] {logging_mixin.py:188} INFO - [2024-02-07T15:07:49.098+0000] {dagbag.py:538} INFO - Filling up the DagBag from /home/airflow/.local/lib/python3.8/site-packages/airflow/example_dags/example_sensors.py
[2024-02-07T15:07:49.109+0000] {processor.py:840} INFO - DAG(s) 'example_sensors' retrieved from /home/airflow/.local/lib/python3.8/site-packages/airflow/example_dags/example_sensors.py
[2024-02-07T15:07:49.228+0000] {logging_mixin.py:188} INFO - [2024-02-07T15:07:49.228+0000] {dag.py:3036} INFO - Sync 1 DAGs
[2024-02-07T15:07:49.239+0000] {logging_mixin.py:188} INFO - [2024-02-07T15:07:49.238+0000] {dag.py:3823} INFO - Setting next_dagrun for example_sensors to None, run_after=None
[2024-02-07T15:07:49.257+0000] {processor.py:183} INFO - Processing /home/airflow/.local/lib/python3.8/site-packages/airflow/example_dags/example_sensors.py took 0.166 seconds
[2024-02-07T15:08:19.337+0000] {processor.py:161} INFO - Started process (PID=175) to work on /home/airflow/.local/lib/python3.8/site-packages/airflow/example_dags/example_sensors.py
[2024-02-07T15:08:19.338+0000] {processor.py:830} INFO - Processing file /home/airflow/.local/lib/python3.8/site-packages/airflow/example_dags/example_sensors.py for tasks to queue
[2024-02-07T15:08:19.340+0000] {logging_mixin.py:188} INFO - [2024-02-07T15:08:19.339+0000] {dagbag.py:538} INFO - Filling up the DagBag from /home/airflow/.local/lib/python3.8/site-packages/airflow/example_dags/example_sensors.py
[2024-02-07T15:08:19.348+0000] {processor.py:840} INFO - DAG(s) 'example_sensors' retrieved from /home/airflow/.local/lib/python3.8/site-packages/airflow/example_dags/example_sensors.py
[2024-02-07T15:08:19.373+0000] {logging_mixin.py:188} INFO - [2024-02-07T15:08:19.373+0000] {dag.py:3036} INFO - Sync 1 DAGs
[2024-02-07T15:08:19.385+0000] {logging_mixin.py:188} INFO - [2024-02-07T15:08:19.384+0000] {dag.py:3823} INFO - Setting next_dagrun for example_sensors to None, run_after=None
[2024-02-07T15:08:19.402+0000] {processor.py:183} INFO - Processing /home/airflow/.local/lib/python3.8/site-packages/airflow/example_dags/example_sensors.py took 0.068 seconds
[2024-02-07T15:08:49.840+0000] {processor.py:161} INFO - Started process (PID=232) to work on /home/airflow/.local/lib/python3.8/site-packages/airflow/example_dags/example_sensors.py
[2024-02-07T15:08:49.841+0000] {processor.py:830} INFO - Processing file /home/airflow/.local/lib/python3.8/site-packages/airflow/example_dags/example_sensors.py for tasks to queue
[2024-02-07T15:08:49.843+0000] {logging_mixin.py:188} INFO - [2024-02-07T15:08:49.843+0000] {dagbag.py:538} INFO - Filling up the DagBag from /home/airflow/.local/lib/python3.8/site-packages/airflow/example_dags/example_sensors.py
[2024-02-07T15:08:49.856+0000] {processor.py:840} INFO - DAG(s) 'example_sensors' retrieved from /home/airflow/.local/lib/python3.8/site-packages/airflow/example_dags/example_sensors.py
[2024-02-07T15:08:49.882+0000] {logging_mixin.py:188} INFO - [2024-02-07T15:08:49.882+0000] {dag.py:3036} INFO - Sync 1 DAGs
[2024-02-07T15:08:49.894+0000] {logging_mixin.py:188} INFO - [2024-02-07T15:08:49.894+0000] {dag.py:3823} INFO - Setting next_dagrun for example_sensors to None, run_after=None
[2024-02-07T15:08:49.913+0000] {processor.py:183} INFO - Processing /home/airflow/.local/lib/python3.8/site-packages/airflow/example_dags/example_sensors.py took 0.076 seconds
[2024-02-07T15:09:20.627+0000] {processor.py:161} INFO - Started process (PID=289) to work on /home/airflow/.local/lib/python3.8/site-packages/airflow/example_dags/example_sensors.py
[2024-02-07T15:09:20.628+0000] {processor.py:830} INFO - Processing file /home/airflow/.local/lib/python3.8/site-packages/airflow/example_dags/example_sensors.py for tasks to queue
[2024-02-07T15:09:20.629+0000] {logging_mixin.py:188} INFO - [2024-02-07T15:09:20.629+0000] {dagbag.py:538} INFO - Filling up the DagBag from /home/airflow/.local/lib/python3.8/site-packages/airflow/example_dags/example_sensors.py
[2024-02-07T15:09:20.639+0000] {processor.py:840} INFO - DAG(s) 'example_sensors' retrieved from /home/airflow/.local/lib/python3.8/site-packages/airflow/example_dags/example_sensors.py
[2024-02-07T15:09:20.668+0000] {logging_mixin.py:188} INFO - [2024-02-07T15:09:20.667+0000] {dag.py:3036} INFO - Sync 1 DAGs
[2024-02-07T15:09:20.680+0000] {logging_mixin.py:188} INFO - [2024-02-07T15:09:20.680+0000] {dag.py:3823} INFO - Setting next_dagrun for example_sensors to None, run_after=None
[2024-02-07T15:09:20.700+0000] {processor.py:183} INFO - Processing /home/airflow/.local/lib/python3.8/site-packages/airflow/example_dags/example_sensors.py took 0.077 seconds
[2024-02-07T15:57:16.768+0000] {processor.py:161} INFO - Started process (PID=61) to work on /home/airflow/.local/lib/python3.8/site-packages/airflow/example_dags/example_sensors.py
[2024-02-07T15:57:16.769+0000] {processor.py:830} INFO - Processing file /home/airflow/.local/lib/python3.8/site-packages/airflow/example_dags/example_sensors.py for tasks to queue
[2024-02-07T15:57:16.772+0000] {logging_mixin.py:188} INFO - [2024-02-07T15:57:16.771+0000] {dagbag.py:538} INFO - Filling up the DagBag from /home/airflow/.local/lib/python3.8/site-packages/airflow/example_dags/example_sensors.py
[2024-02-07T15:57:16.785+0000] {processor.py:840} INFO - DAG(s) 'example_sensors' retrieved from /home/airflow/.local/lib/python3.8/site-packages/airflow/example_dags/example_sensors.py
[2024-02-07T15:57:16.800+0000] {logging_mixin.py:188} INFO - [2024-02-07T15:57:16.800+0000] {dag.py:3036} INFO - Sync 1 DAGs
[2024-02-07T15:57:16.815+0000] {logging_mixin.py:188} INFO - [2024-02-07T15:57:16.815+0000] {dag.py:3823} INFO - Setting next_dagrun for example_sensors to None, run_after=None
[2024-02-07T15:57:16.841+0000] {processor.py:183} INFO - Processing /home/airflow/.local/lib/python3.8/site-packages/airflow/example_dags/example_sensors.py took 0.077 seconds
[2024-02-07T15:57:48.168+0000] {processor.py:161} INFO - Started process (PID=118) to work on /home/airflow/.local/lib/python3.8/site-packages/airflow/example_dags/example_sensors.py
[2024-02-07T15:57:48.169+0000] {processor.py:830} INFO - Processing file /home/airflow/.local/lib/python3.8/site-packages/airflow/example_dags/example_sensors.py for tasks to queue
[2024-02-07T15:57:48.172+0000] {logging_mixin.py:188} INFO - [2024-02-07T15:57:48.172+0000] {dagbag.py:538} INFO - Filling up the DagBag from /home/airflow/.local/lib/python3.8/site-packages/airflow/example_dags/example_sensors.py
[2024-02-07T15:57:48.185+0000] {processor.py:840} INFO - DAG(s) 'example_sensors' retrieved from /home/airflow/.local/lib/python3.8/site-packages/airflow/example_dags/example_sensors.py
[2024-02-07T15:57:48.333+0000] {logging_mixin.py:188} INFO - [2024-02-07T15:57:48.332+0000] {dag.py:3036} INFO - Sync 1 DAGs
[2024-02-07T15:57:48.347+0000] {logging_mixin.py:188} INFO - [2024-02-07T15:57:48.347+0000] {dag.py:3823} INFO - Setting next_dagrun for example_sensors to None, run_after=None
[2024-02-07T15:57:48.372+0000] {processor.py:183} INFO - Processing /home/airflow/.local/lib/python3.8/site-packages/airflow/example_dags/example_sensors.py took 0.208 seconds
[2024-02-07T15:58:18.851+0000] {processor.py:161} INFO - Started process (PID=175) to work on /home/airflow/.local/lib/python3.8/site-packages/airflow/example_dags/example_sensors.py
[2024-02-07T15:58:18.853+0000] {processor.py:830} INFO - Processing file /home/airflow/.local/lib/python3.8/site-packages/airflow/example_dags/example_sensors.py for tasks to queue
[2024-02-07T15:58:18.855+0000] {logging_mixin.py:188} INFO - [2024-02-07T15:58:18.854+0000] {dagbag.py:538} INFO - Filling up the DagBag from /home/airflow/.local/lib/python3.8/site-packages/airflow/example_dags/example_sensors.py
[2024-02-07T15:58:18.866+0000] {processor.py:840} INFO - DAG(s) 'example_sensors' retrieved from /home/airflow/.local/lib/python3.8/site-packages/airflow/example_dags/example_sensors.py
[2024-02-07T15:58:18.899+0000] {logging_mixin.py:188} INFO - [2024-02-07T15:58:18.898+0000] {dag.py:3036} INFO - Sync 1 DAGs
[2024-02-07T15:58:18.914+0000] {logging_mixin.py:188} INFO - [2024-02-07T15:58:18.914+0000] {dag.py:3823} INFO - Setting next_dagrun for example_sensors to None, run_after=None
[2024-02-07T15:58:18.936+0000] {processor.py:183} INFO - Processing /home/airflow/.local/lib/python3.8/site-packages/airflow/example_dags/example_sensors.py took 0.089 seconds
[2024-02-07T16:10:53.140+0000] {processor.py:161} INFO - Started process (PID=61) to work on /home/airflow/.local/lib/python3.8/site-packages/airflow/example_dags/example_sensors.py
[2024-02-07T16:10:53.141+0000] {processor.py:830} INFO - Processing file /home/airflow/.local/lib/python3.8/site-packages/airflow/example_dags/example_sensors.py for tasks to queue
[2024-02-07T16:10:53.143+0000] {logging_mixin.py:188} INFO - [2024-02-07T16:10:53.143+0000] {dagbag.py:538} INFO - Filling up the DagBag from /home/airflow/.local/lib/python3.8/site-packages/airflow/example_dags/example_sensors.py
[2024-02-07T16:10:53.156+0000] {processor.py:840} INFO - DAG(s) 'example_sensors' retrieved from /home/airflow/.local/lib/python3.8/site-packages/airflow/example_dags/example_sensors.py
[2024-02-07T16:10:53.172+0000] {logging_mixin.py:188} INFO - [2024-02-07T16:10:53.172+0000] {dag.py:3036} INFO - Sync 1 DAGs
[2024-02-07T16:10:53.189+0000] {logging_mixin.py:188} INFO - [2024-02-07T16:10:53.188+0000] {dag.py:3823} INFO - Setting next_dagrun for example_sensors to None, run_after=None
[2024-02-07T16:10:53.213+0000] {processor.py:183} INFO - Processing /home/airflow/.local/lib/python3.8/site-packages/airflow/example_dags/example_sensors.py took 0.077 seconds
[2024-02-07T16:11:24.505+0000] {processor.py:161} INFO - Started process (PID=118) to work on /home/airflow/.local/lib/python3.8/site-packages/airflow/example_dags/example_sensors.py
[2024-02-07T16:11:24.506+0000] {processor.py:830} INFO - Processing file /home/airflow/.local/lib/python3.8/site-packages/airflow/example_dags/example_sensors.py for tasks to queue
[2024-02-07T16:11:24.508+0000] {logging_mixin.py:188} INFO - [2024-02-07T16:11:24.507+0000] {dagbag.py:538} INFO - Filling up the DagBag from /home/airflow/.local/lib/python3.8/site-packages/airflow/example_dags/example_sensors.py
[2024-02-07T16:11:24.517+0000] {processor.py:840} INFO - DAG(s) 'example_sensors' retrieved from /home/airflow/.local/lib/python3.8/site-packages/airflow/example_dags/example_sensors.py
[2024-02-07T16:11:24.619+0000] {logging_mixin.py:188} INFO - [2024-02-07T16:11:24.619+0000] {dag.py:3036} INFO - Sync 1 DAGs
[2024-02-07T16:11:24.630+0000] {logging_mixin.py:188} INFO - [2024-02-07T16:11:24.630+0000] {dag.py:3823} INFO - Setting next_dagrun for example_sensors to None, run_after=None
[2024-02-07T16:11:24.661+0000] {processor.py:183} INFO - Processing /home/airflow/.local/lib/python3.8/site-packages/airflow/example_dags/example_sensors.py took 0.159 seconds
[2024-02-07T16:11:55.234+0000] {processor.py:161} INFO - Started process (PID=175) to work on /home/airflow/.local/lib/python3.8/site-packages/airflow/example_dags/example_sensors.py
[2024-02-07T16:11:55.235+0000] {processor.py:830} INFO - Processing file /home/airflow/.local/lib/python3.8/site-packages/airflow/example_dags/example_sensors.py for tasks to queue
[2024-02-07T16:11:55.237+0000] {logging_mixin.py:188} INFO - [2024-02-07T16:11:55.236+0000] {dagbag.py:538} INFO - Filling up the DagBag from /home/airflow/.local/lib/python3.8/site-packages/airflow/example_dags/example_sensors.py
[2024-02-07T16:11:55.245+0000] {processor.py:840} INFO - DAG(s) 'example_sensors' retrieved from /home/airflow/.local/lib/python3.8/site-packages/airflow/example_dags/example_sensors.py
[2024-02-07T16:11:55.269+0000] {logging_mixin.py:188} INFO - [2024-02-07T16:11:55.269+0000] {dag.py:3036} INFO - Sync 1 DAGs
[2024-02-07T16:11:55.282+0000] {logging_mixin.py:188} INFO - [2024-02-07T16:11:55.282+0000] {dag.py:3823} INFO - Setting next_dagrun for example_sensors to None, run_after=None
[2024-02-07T16:11:55.299+0000] {processor.py:183} INFO - Processing /home/airflow/.local/lib/python3.8/site-packages/airflow/example_dags/example_sensors.py took 0.068 seconds
[2024-02-07T16:12:25.646+0000] {processor.py:161} INFO - Started process (PID=230) to work on /home/airflow/.local/lib/python3.8/site-packages/airflow/example_dags/example_sensors.py
[2024-02-07T16:12:25.647+0000] {processor.py:830} INFO - Processing file /home/airflow/.local/lib/python3.8/site-packages/airflow/example_dags/example_sensors.py for tasks to queue
[2024-02-07T16:12:25.648+0000] {logging_mixin.py:188} INFO - [2024-02-07T16:12:25.648+0000] {dagbag.py:538} INFO - Filling up the DagBag from /home/airflow/.local/lib/python3.8/site-packages/airflow/example_dags/example_sensors.py
[2024-02-07T16:12:25.657+0000] {processor.py:840} INFO - DAG(s) 'example_sensors' retrieved from /home/airflow/.local/lib/python3.8/site-packages/airflow/example_dags/example_sensors.py
[2024-02-07T16:12:25.682+0000] {logging_mixin.py:188} INFO - [2024-02-07T16:12:25.682+0000] {dag.py:3036} INFO - Sync 1 DAGs
[2024-02-07T16:12:25.693+0000] {logging_mixin.py:188} INFO - [2024-02-07T16:12:25.693+0000] {dag.py:3823} INFO - Setting next_dagrun for example_sensors to None, run_after=None
[2024-02-07T16:12:25.710+0000] {processor.py:183} INFO - Processing /home/airflow/.local/lib/python3.8/site-packages/airflow/example_dags/example_sensors.py took 0.067 seconds
[2024-02-07T16:12:55.850+0000] {processor.py:161} INFO - Started process (PID=287) to work on /home/airflow/.local/lib/python3.8/site-packages/airflow/example_dags/example_sensors.py
[2024-02-07T16:12:55.851+0000] {processor.py:830} INFO - Processing file /home/airflow/.local/lib/python3.8/site-packages/airflow/example_dags/example_sensors.py for tasks to queue
[2024-02-07T16:12:55.852+0000] {logging_mixin.py:188} INFO - [2024-02-07T16:12:55.852+0000] {dagbag.py:538} INFO - Filling up the DagBag from /home/airflow/.local/lib/python3.8/site-packages/airflow/example_dags/example_sensors.py
[2024-02-07T16:12:55.865+0000] {processor.py:840} INFO - DAG(s) 'example_sensors' retrieved from /home/airflow/.local/lib/python3.8/site-packages/airflow/example_dags/example_sensors.py
[2024-02-07T16:12:55.890+0000] {logging_mixin.py:188} INFO - [2024-02-07T16:12:55.890+0000] {dag.py:3036} INFO - Sync 1 DAGs
[2024-02-07T16:12:55.901+0000] {logging_mixin.py:188} INFO - [2024-02-07T16:12:55.901+0000] {dag.py:3823} INFO - Setting next_dagrun for example_sensors to None, run_after=None
[2024-02-07T16:12:55.919+0000] {processor.py:183} INFO - Processing /home/airflow/.local/lib/python3.8/site-packages/airflow/example_dags/example_sensors.py took 0.073 seconds
[2024-02-07T16:13:25.964+0000] {processor.py:161} INFO - Started process (PID=344) to work on /home/airflow/.local/lib/python3.8/site-packages/airflow/example_dags/example_sensors.py
[2024-02-07T16:13:25.965+0000] {processor.py:830} INFO - Processing file /home/airflow/.local/lib/python3.8/site-packages/airflow/example_dags/example_sensors.py for tasks to queue
[2024-02-07T16:13:25.967+0000] {logging_mixin.py:188} INFO - [2024-02-07T16:13:25.967+0000] {dagbag.py:538} INFO - Filling up the DagBag from /home/airflow/.local/lib/python3.8/site-packages/airflow/example_dags/example_sensors.py
[2024-02-07T16:13:25.975+0000] {processor.py:840} INFO - DAG(s) 'example_sensors' retrieved from /home/airflow/.local/lib/python3.8/site-packages/airflow/example_dags/example_sensors.py
[2024-02-07T16:13:26.000+0000] {logging_mixin.py:188} INFO - [2024-02-07T16:13:26.000+0000] {dag.py:3036} INFO - Sync 1 DAGs
[2024-02-07T16:13:26.021+0000] {logging_mixin.py:188} INFO - [2024-02-07T16:13:26.021+0000] {dag.py:3823} INFO - Setting next_dagrun for example_sensors to None, run_after=None
[2024-02-07T16:13:26.041+0000] {processor.py:183} INFO - Processing /home/airflow/.local/lib/python3.8/site-packages/airflow/example_dags/example_sensors.py took 0.080 seconds
[2024-02-07T16:13:56.510+0000] {processor.py:161} INFO - Started process (PID=401) to work on /home/airflow/.local/lib/python3.8/site-packages/airflow/example_dags/example_sensors.py
[2024-02-07T16:13:56.511+0000] {processor.py:830} INFO - Processing file /home/airflow/.local/lib/python3.8/site-packages/airflow/example_dags/example_sensors.py for tasks to queue
[2024-02-07T16:13:56.512+0000] {logging_mixin.py:188} INFO - [2024-02-07T16:13:56.512+0000] {dagbag.py:538} INFO - Filling up the DagBag from /home/airflow/.local/lib/python3.8/site-packages/airflow/example_dags/example_sensors.py
[2024-02-07T16:13:56.521+0000] {processor.py:840} INFO - DAG(s) 'example_sensors' retrieved from /home/airflow/.local/lib/python3.8/site-packages/airflow/example_dags/example_sensors.py
[2024-02-07T16:13:56.545+0000] {logging_mixin.py:188} INFO - [2024-02-07T16:13:56.545+0000] {dag.py:3036} INFO - Sync 1 DAGs
[2024-02-07T16:13:56.557+0000] {logging_mixin.py:188} INFO - [2024-02-07T16:13:56.557+0000] {dag.py:3823} INFO - Setting next_dagrun for example_sensors to None, run_after=None
[2024-02-07T16:13:56.575+0000] {processor.py:183} INFO - Processing /home/airflow/.local/lib/python3.8/site-packages/airflow/example_dags/example_sensors.py took 0.068 seconds
[2024-02-07T16:14:26.677+0000] {processor.py:161} INFO - Started process (PID=458) to work on /home/airflow/.local/lib/python3.8/site-packages/airflow/example_dags/example_sensors.py
[2024-02-07T16:14:26.678+0000] {processor.py:830} INFO - Processing file /home/airflow/.local/lib/python3.8/site-packages/airflow/example_dags/example_sensors.py for tasks to queue
[2024-02-07T16:14:26.680+0000] {logging_mixin.py:188} INFO - [2024-02-07T16:14:26.679+0000] {dagbag.py:538} INFO - Filling up the DagBag from /home/airflow/.local/lib/python3.8/site-packages/airflow/example_dags/example_sensors.py
[2024-02-07T16:14:26.688+0000] {processor.py:840} INFO - DAG(s) 'example_sensors' retrieved from /home/airflow/.local/lib/python3.8/site-packages/airflow/example_dags/example_sensors.py
[2024-02-07T16:14:26.714+0000] {logging_mixin.py:188} INFO - [2024-02-07T16:14:26.714+0000] {dag.py:3036} INFO - Sync 1 DAGs
[2024-02-07T16:14:26.726+0000] {logging_mixin.py:188} INFO - [2024-02-07T16:14:26.726+0000] {dag.py:3823} INFO - Setting next_dagrun for example_sensors to None, run_after=None
[2024-02-07T16:14:26.744+0000] {processor.py:183} INFO - Processing /home/airflow/.local/lib/python3.8/site-packages/airflow/example_dags/example_sensors.py took 0.070 seconds
[2024-02-07T16:14:57.096+0000] {processor.py:161} INFO - Started process (PID=515) to work on /home/airflow/.local/lib/python3.8/site-packages/airflow/example_dags/example_sensors.py
[2024-02-07T16:14:57.097+0000] {processor.py:830} INFO - Processing file /home/airflow/.local/lib/python3.8/site-packages/airflow/example_dags/example_sensors.py for tasks to queue
[2024-02-07T16:14:57.099+0000] {logging_mixin.py:188} INFO - [2024-02-07T16:14:57.099+0000] {dagbag.py:538} INFO - Filling up the DagBag from /home/airflow/.local/lib/python3.8/site-packages/airflow/example_dags/example_sensors.py
[2024-02-07T16:14:57.110+0000] {processor.py:840} INFO - DAG(s) 'example_sensors' retrieved from /home/airflow/.local/lib/python3.8/site-packages/airflow/example_dags/example_sensors.py
[2024-02-07T16:14:57.140+0000] {logging_mixin.py:188} INFO - [2024-02-07T16:14:57.139+0000] {dag.py:3036} INFO - Sync 1 DAGs
[2024-02-07T16:14:57.152+0000] {logging_mixin.py:188} INFO - [2024-02-07T16:14:57.152+0000] {dag.py:3823} INFO - Setting next_dagrun for example_sensors to None, run_after=None
[2024-02-07T16:14:57.171+0000] {processor.py:183} INFO - Processing /home/airflow/.local/lib/python3.8/site-packages/airflow/example_dags/example_sensors.py took 0.079 seconds
[2024-02-07T16:23:25.945+0000] {processor.py:161} INFO - Started process (PID=61) to work on /home/airflow/.local/lib/python3.8/site-packages/airflow/example_dags/example_sensors.py
[2024-02-07T16:23:25.946+0000] {processor.py:830} INFO - Processing file /home/airflow/.local/lib/python3.8/site-packages/airflow/example_dags/example_sensors.py for tasks to queue
[2024-02-07T16:23:25.948+0000] {logging_mixin.py:188} INFO - [2024-02-07T16:23:25.948+0000] {dagbag.py:538} INFO - Filling up the DagBag from /home/airflow/.local/lib/python3.8/site-packages/airflow/example_dags/example_sensors.py
[2024-02-07T16:23:25.960+0000] {processor.py:840} INFO - DAG(s) 'example_sensors' retrieved from /home/airflow/.local/lib/python3.8/site-packages/airflow/example_dags/example_sensors.py
[2024-02-07T16:23:25.975+0000] {logging_mixin.py:188} INFO - [2024-02-07T16:23:25.974+0000] {dag.py:3036} INFO - Sync 1 DAGs
[2024-02-07T16:23:25.992+0000] {logging_mixin.py:188} INFO - [2024-02-07T16:23:25.992+0000] {dag.py:3823} INFO - Setting next_dagrun for example_sensors to None, run_after=None
[2024-02-07T16:23:26.020+0000] {processor.py:183} INFO - Processing /home/airflow/.local/lib/python3.8/site-packages/airflow/example_dags/example_sensors.py took 0.078 seconds
[2024-02-07T16:23:56.602+0000] {processor.py:161} INFO - Started process (PID=118) to work on /home/airflow/.local/lib/python3.8/site-packages/airflow/example_dags/example_sensors.py
[2024-02-07T16:23:56.603+0000] {processor.py:830} INFO - Processing file /home/airflow/.local/lib/python3.8/site-packages/airflow/example_dags/example_sensors.py for tasks to queue
[2024-02-07T16:23:56.605+0000] {logging_mixin.py:188} INFO - [2024-02-07T16:23:56.604+0000] {dagbag.py:538} INFO - Filling up the DagBag from /home/airflow/.local/lib/python3.8/site-packages/airflow/example_dags/example_sensors.py
[2024-02-07T16:23:56.613+0000] {processor.py:840} INFO - DAG(s) 'example_sensors' retrieved from /home/airflow/.local/lib/python3.8/site-packages/airflow/example_dags/example_sensors.py
[2024-02-07T16:23:56.717+0000] {logging_mixin.py:188} INFO - [2024-02-07T16:23:56.717+0000] {dag.py:3036} INFO - Sync 1 DAGs
[2024-02-07T16:23:56.727+0000] {logging_mixin.py:188} INFO - [2024-02-07T16:23:56.726+0000] {dag.py:3823} INFO - Setting next_dagrun for example_sensors to None, run_after=None
[2024-02-07T16:23:56.745+0000] {processor.py:183} INFO - Processing /home/airflow/.local/lib/python3.8/site-packages/airflow/example_dags/example_sensors.py took 0.146 seconds
[2024-02-07T16:24:27.613+0000] {processor.py:161} INFO - Started process (PID=175) to work on /home/airflow/.local/lib/python3.8/site-packages/airflow/example_dags/example_sensors.py
[2024-02-07T16:24:27.614+0000] {processor.py:830} INFO - Processing file /home/airflow/.local/lib/python3.8/site-packages/airflow/example_dags/example_sensors.py for tasks to queue
[2024-02-07T16:24:27.616+0000] {logging_mixin.py:188} INFO - [2024-02-07T16:24:27.616+0000] {dagbag.py:538} INFO - Filling up the DagBag from /home/airflow/.local/lib/python3.8/site-packages/airflow/example_dags/example_sensors.py
[2024-02-07T16:24:27.626+0000] {processor.py:840} INFO - DAG(s) 'example_sensors' retrieved from /home/airflow/.local/lib/python3.8/site-packages/airflow/example_dags/example_sensors.py
[2024-02-07T16:24:27.652+0000] {logging_mixin.py:188} INFO - [2024-02-07T16:24:27.652+0000] {dag.py:3036} INFO - Sync 1 DAGs
[2024-02-07T16:24:27.664+0000] {logging_mixin.py:188} INFO - [2024-02-07T16:24:27.664+0000] {dag.py:3823} INFO - Setting next_dagrun for example_sensors to None, run_after=None
[2024-02-07T16:24:27.683+0000] {processor.py:183} INFO - Processing /home/airflow/.local/lib/python3.8/site-packages/airflow/example_dags/example_sensors.py took 0.073 seconds
[2024-02-07T16:24:57.711+0000] {processor.py:161} INFO - Started process (PID=230) to work on /home/airflow/.local/lib/python3.8/site-packages/airflow/example_dags/example_sensors.py
[2024-02-07T16:24:57.712+0000] {processor.py:830} INFO - Processing file /home/airflow/.local/lib/python3.8/site-packages/airflow/example_dags/example_sensors.py for tasks to queue
[2024-02-07T16:24:57.713+0000] {logging_mixin.py:188} INFO - [2024-02-07T16:24:57.713+0000] {dagbag.py:538} INFO - Filling up the DagBag from /home/airflow/.local/lib/python3.8/site-packages/airflow/example_dags/example_sensors.py
[2024-02-07T16:24:57.723+0000] {processor.py:840} INFO - DAG(s) 'example_sensors' retrieved from /home/airflow/.local/lib/python3.8/site-packages/airflow/example_dags/example_sensors.py
[2024-02-07T16:24:57.747+0000] {logging_mixin.py:188} INFO - [2024-02-07T16:24:57.747+0000] {dag.py:3036} INFO - Sync 1 DAGs
[2024-02-07T16:24:57.758+0000] {logging_mixin.py:188} INFO - [2024-02-07T16:24:57.758+0000] {dag.py:3823} INFO - Setting next_dagrun for example_sensors to None, run_after=None
[2024-02-07T16:24:57.776+0000] {processor.py:183} INFO - Processing /home/airflow/.local/lib/python3.8/site-packages/airflow/example_dags/example_sensors.py took 0.068 seconds
[2024-02-07T16:25:27.853+0000] {processor.py:161} INFO - Started process (PID=287) to work on /home/airflow/.local/lib/python3.8/site-packages/airflow/example_dags/example_sensors.py
[2024-02-07T16:25:27.854+0000] {processor.py:830} INFO - Processing file /home/airflow/.local/lib/python3.8/site-packages/airflow/example_dags/example_sensors.py for tasks to queue
[2024-02-07T16:25:27.855+0000] {logging_mixin.py:188} INFO - [2024-02-07T16:25:27.855+0000] {dagbag.py:538} INFO - Filling up the DagBag from /home/airflow/.local/lib/python3.8/site-packages/airflow/example_dags/example_sensors.py
[2024-02-07T16:25:27.868+0000] {processor.py:840} INFO - DAG(s) 'example_sensors' retrieved from /home/airflow/.local/lib/python3.8/site-packages/airflow/example_dags/example_sensors.py
[2024-02-07T16:25:27.893+0000] {logging_mixin.py:188} INFO - [2024-02-07T16:25:27.892+0000] {dag.py:3036} INFO - Sync 1 DAGs
[2024-02-07T16:25:27.904+0000] {logging_mixin.py:188} INFO - [2024-02-07T16:25:27.904+0000] {dag.py:3823} INFO - Setting next_dagrun for example_sensors to None, run_after=None
[2024-02-07T16:25:27.921+0000] {processor.py:183} INFO - Processing /home/airflow/.local/lib/python3.8/site-packages/airflow/example_dags/example_sensors.py took 0.072 seconds
[2024-02-07T16:25:58.045+0000] {processor.py:161} INFO - Started process (PID=344) to work on /home/airflow/.local/lib/python3.8/site-packages/airflow/example_dags/example_sensors.py
[2024-02-07T16:25:58.046+0000] {processor.py:830} INFO - Processing file /home/airflow/.local/lib/python3.8/site-packages/airflow/example_dags/example_sensors.py for tasks to queue
[2024-02-07T16:25:58.048+0000] {logging_mixin.py:188} INFO - [2024-02-07T16:25:58.047+0000] {dagbag.py:538} INFO - Filling up the DagBag from /home/airflow/.local/lib/python3.8/site-packages/airflow/example_dags/example_sensors.py
[2024-02-07T16:25:58.056+0000] {processor.py:840} INFO - DAG(s) 'example_sensors' retrieved from /home/airflow/.local/lib/python3.8/site-packages/airflow/example_dags/example_sensors.py
[2024-02-07T16:25:58.080+0000] {logging_mixin.py:188} INFO - [2024-02-07T16:25:58.080+0000] {dag.py:3036} INFO - Sync 1 DAGs
[2024-02-07T16:25:58.093+0000] {logging_mixin.py:188} INFO - [2024-02-07T16:25:58.093+0000] {dag.py:3823} INFO - Setting next_dagrun for example_sensors to None, run_after=None
[2024-02-07T16:25:58.110+0000] {processor.py:183} INFO - Processing /home/airflow/.local/lib/python3.8/site-packages/airflow/example_dags/example_sensors.py took 0.068 seconds
[2024-02-07T16:48:23.398+0000] {processor.py:161} INFO - Started process (PID=60) to work on /home/airflow/.local/lib/python3.8/site-packages/airflow/example_dags/example_sensors.py
[2024-02-07T16:48:23.399+0000] {processor.py:830} INFO - Processing file /home/airflow/.local/lib/python3.8/site-packages/airflow/example_dags/example_sensors.py for tasks to queue
[2024-02-07T16:48:23.401+0000] {logging_mixin.py:188} INFO - [2024-02-07T16:48:23.400+0000] {dagbag.py:538} INFO - Filling up the DagBag from /home/airflow/.local/lib/python3.8/site-packages/airflow/example_dags/example_sensors.py
[2024-02-07T16:48:23.410+0000] {processor.py:840} INFO - DAG(s) 'example_sensors' retrieved from /home/airflow/.local/lib/python3.8/site-packages/airflow/example_dags/example_sensors.py
[2024-02-07T16:48:23.533+0000] {logging_mixin.py:188} INFO - [2024-02-07T16:48:23.532+0000] {dag.py:3036} INFO - Sync 1 DAGs
[2024-02-07T16:48:23.545+0000] {logging_mixin.py:188} INFO - [2024-02-07T16:48:23.544+0000] {dag.py:3823} INFO - Setting next_dagrun for example_sensors to None, run_after=None
[2024-02-07T16:48:23.570+0000] {processor.py:183} INFO - Processing /home/airflow/.local/lib/python3.8/site-packages/airflow/example_dags/example_sensors.py took 0.176 seconds
[2024-02-07T16:48:53.744+0000] {processor.py:161} INFO - Started process (PID=117) to work on /home/airflow/.local/lib/python3.8/site-packages/airflow/example_dags/example_sensors.py
[2024-02-07T16:48:53.745+0000] {processor.py:830} INFO - Processing file /home/airflow/.local/lib/python3.8/site-packages/airflow/example_dags/example_sensors.py for tasks to queue
[2024-02-07T16:48:53.746+0000] {logging_mixin.py:188} INFO - [2024-02-07T16:48:53.746+0000] {dagbag.py:538} INFO - Filling up the DagBag from /home/airflow/.local/lib/python3.8/site-packages/airflow/example_dags/example_sensors.py
[2024-02-07T16:48:53.755+0000] {processor.py:840} INFO - DAG(s) 'example_sensors' retrieved from /home/airflow/.local/lib/python3.8/site-packages/airflow/example_dags/example_sensors.py
[2024-02-07T16:48:53.784+0000] {logging_mixin.py:188} INFO - [2024-02-07T16:48:53.784+0000] {dag.py:3036} INFO - Sync 1 DAGs
[2024-02-07T16:48:53.796+0000] {logging_mixin.py:188} INFO - [2024-02-07T16:48:53.796+0000] {dag.py:3823} INFO - Setting next_dagrun for example_sensors to None, run_after=None
[2024-02-07T16:48:53.815+0000] {processor.py:183} INFO - Processing /home/airflow/.local/lib/python3.8/site-packages/airflow/example_dags/example_sensors.py took 0.074 seconds
[2024-02-07T16:49:24.273+0000] {processor.py:161} INFO - Started process (PID=174) to work on /home/airflow/.local/lib/python3.8/site-packages/airflow/example_dags/example_sensors.py
[2024-02-07T16:49:24.274+0000] {processor.py:830} INFO - Processing file /home/airflow/.local/lib/python3.8/site-packages/airflow/example_dags/example_sensors.py for tasks to queue
[2024-02-07T16:49:24.276+0000] {logging_mixin.py:188} INFO - [2024-02-07T16:49:24.276+0000] {dagbag.py:538} INFO - Filling up the DagBag from /home/airflow/.local/lib/python3.8/site-packages/airflow/example_dags/example_sensors.py
[2024-02-07T16:49:24.287+0000] {processor.py:840} INFO - DAG(s) 'example_sensors' retrieved from /home/airflow/.local/lib/python3.8/site-packages/airflow/example_dags/example_sensors.py
[2024-02-07T16:49:24.321+0000] {logging_mixin.py:188} INFO - [2024-02-07T16:49:24.321+0000] {dag.py:3036} INFO - Sync 1 DAGs
[2024-02-07T16:49:24.337+0000] {logging_mixin.py:188} INFO - [2024-02-07T16:49:24.337+0000] {dag.py:3823} INFO - Setting next_dagrun for example_sensors to None, run_after=None
[2024-02-07T16:49:24.363+0000] {processor.py:183} INFO - Processing /home/airflow/.local/lib/python3.8/site-packages/airflow/example_dags/example_sensors.py took 0.094 seconds
[2024-02-07T16:49:54.433+0000] {processor.py:161} INFO - Started process (PID=230) to work on /home/airflow/.local/lib/python3.8/site-packages/airflow/example_dags/example_sensors.py
[2024-02-07T16:49:54.434+0000] {processor.py:830} INFO - Processing file /home/airflow/.local/lib/python3.8/site-packages/airflow/example_dags/example_sensors.py for tasks to queue
[2024-02-07T16:49:54.435+0000] {logging_mixin.py:188} INFO - [2024-02-07T16:49:54.435+0000] {dagbag.py:538} INFO - Filling up the DagBag from /home/airflow/.local/lib/python3.8/site-packages/airflow/example_dags/example_sensors.py
[2024-02-07T16:49:54.444+0000] {processor.py:840} INFO - DAG(s) 'example_sensors' retrieved from /home/airflow/.local/lib/python3.8/site-packages/airflow/example_dags/example_sensors.py
[2024-02-07T16:49:54.469+0000] {logging_mixin.py:188} INFO - [2024-02-07T16:49:54.469+0000] {dag.py:3036} INFO - Sync 1 DAGs
[2024-02-07T16:49:54.480+0000] {logging_mixin.py:188} INFO - [2024-02-07T16:49:54.480+0000] {dag.py:3823} INFO - Setting next_dagrun for example_sensors to None, run_after=None
[2024-02-07T16:49:54.499+0000] {processor.py:183} INFO - Processing /home/airflow/.local/lib/python3.8/site-packages/airflow/example_dags/example_sensors.py took 0.070 seconds
[2024-02-07T16:50:24.683+0000] {processor.py:161} INFO - Started process (PID=287) to work on /home/airflow/.local/lib/python3.8/site-packages/airflow/example_dags/example_sensors.py
[2024-02-07T16:50:24.684+0000] {processor.py:830} INFO - Processing file /home/airflow/.local/lib/python3.8/site-packages/airflow/example_dags/example_sensors.py for tasks to queue
[2024-02-07T16:50:24.686+0000] {logging_mixin.py:188} INFO - [2024-02-07T16:50:24.686+0000] {dagbag.py:538} INFO - Filling up the DagBag from /home/airflow/.local/lib/python3.8/site-packages/airflow/example_dags/example_sensors.py
[2024-02-07T16:50:24.700+0000] {processor.py:840} INFO - DAG(s) 'example_sensors' retrieved from /home/airflow/.local/lib/python3.8/site-packages/airflow/example_dags/example_sensors.py
[2024-02-07T16:50:24.727+0000] {logging_mixin.py:188} INFO - [2024-02-07T16:50:24.727+0000] {dag.py:3036} INFO - Sync 1 DAGs
[2024-02-07T16:50:24.739+0000] {logging_mixin.py:188} INFO - [2024-02-07T16:50:24.739+0000] {dag.py:3823} INFO - Setting next_dagrun for example_sensors to None, run_after=None
[2024-02-07T16:50:24.759+0000] {processor.py:183} INFO - Processing /home/airflow/.local/lib/python3.8/site-packages/airflow/example_dags/example_sensors.py took 0.079 seconds
[2024-02-07T16:50:54.872+0000] {processor.py:161} INFO - Started process (PID=344) to work on /home/airflow/.local/lib/python3.8/site-packages/airflow/example_dags/example_sensors.py
[2024-02-07T16:50:54.873+0000] {processor.py:830} INFO - Processing file /home/airflow/.local/lib/python3.8/site-packages/airflow/example_dags/example_sensors.py for tasks to queue
[2024-02-07T16:50:54.875+0000] {logging_mixin.py:188} INFO - [2024-02-07T16:50:54.875+0000] {dagbag.py:538} INFO - Filling up the DagBag from /home/airflow/.local/lib/python3.8/site-packages/airflow/example_dags/example_sensors.py
[2024-02-07T16:50:54.883+0000] {processor.py:840} INFO - DAG(s) 'example_sensors' retrieved from /home/airflow/.local/lib/python3.8/site-packages/airflow/example_dags/example_sensors.py
[2024-02-07T16:50:54.908+0000] {logging_mixin.py:188} INFO - [2024-02-07T16:50:54.908+0000] {dag.py:3036} INFO - Sync 1 DAGs
[2024-02-07T16:50:54.920+0000] {logging_mixin.py:188} INFO - [2024-02-07T16:50:54.920+0000] {dag.py:3823} INFO - Setting next_dagrun for example_sensors to None, run_after=None
[2024-02-07T16:50:54.939+0000] {processor.py:183} INFO - Processing /home/airflow/.local/lib/python3.8/site-packages/airflow/example_dags/example_sensors.py took 0.070 seconds
