[2024-02-07T14:34:02.732+0000] {processor.py:161} INFO - Started process (PID=53) to work on /home/airflow/.local/lib/python3.8/site-packages/airflow/example_dags/example_skip_dag.py
[2024-02-07T14:34:02.733+0000] {processor.py:830} INFO - Processing file /home/airflow/.local/lib/python3.8/site-packages/airflow/example_dags/example_skip_dag.py for tasks to queue
[2024-02-07T14:34:02.735+0000] {logging_mixin.py:188} INFO - [2024-02-07T14:34:02.734+0000] {dagbag.py:538} INFO - Filling up the DagBag from /home/airflow/.local/lib/python3.8/site-packages/airflow/example_dags/example_skip_dag.py
[2024-02-07T14:34:02.748+0000] {processor.py:840} INFO - DAG(s) 'example_skip_dag' retrieved from /home/airflow/.local/lib/python3.8/site-packages/airflow/example_dags/example_skip_dag.py
[2024-02-07T14:34:02.763+0000] {logging_mixin.py:188} INFO - [2024-02-07T14:34:02.763+0000] {dag.py:3036} INFO - Sync 1 DAGs
[2024-02-07T14:34:02.798+0000] {logging_mixin.py:188} INFO - [2024-02-07T14:34:02.798+0000] {dag.py:3823} INFO - Setting next_dagrun for example_skip_dag to 2024-02-06 00:00:00+00:00, run_after=2024-02-07 00:00:00+00:00
[2024-02-07T14:34:02.828+0000] {processor.py:183} INFO - Processing /home/airflow/.local/lib/python3.8/site-packages/airflow/example_dags/example_skip_dag.py took 0.100 seconds
[2024-02-07T14:34:33.356+0000] {processor.py:161} INFO - Started process (PID=110) to work on /home/airflow/.local/lib/python3.8/site-packages/airflow/example_dags/example_skip_dag.py
[2024-02-07T14:34:33.357+0000] {processor.py:830} INFO - Processing file /home/airflow/.local/lib/python3.8/site-packages/airflow/example_dags/example_skip_dag.py for tasks to queue
[2024-02-07T14:34:33.359+0000] {logging_mixin.py:188} INFO - [2024-02-07T14:34:33.359+0000] {dagbag.py:538} INFO - Filling up the DagBag from /home/airflow/.local/lib/python3.8/site-packages/airflow/example_dags/example_skip_dag.py
[2024-02-07T14:34:33.369+0000] {processor.py:840} INFO - DAG(s) 'example_skip_dag' retrieved from /home/airflow/.local/lib/python3.8/site-packages/airflow/example_dags/example_skip_dag.py
[2024-02-07T14:34:33.554+0000] {logging_mixin.py:188} INFO - [2024-02-07T14:34:33.554+0000] {dag.py:3036} INFO - Sync 1 DAGs
[2024-02-07T14:34:33.592+0000] {logging_mixin.py:188} INFO - [2024-02-07T14:34:33.591+0000] {dag.py:3823} INFO - Setting next_dagrun for example_skip_dag to 2024-02-06 00:00:00+00:00, run_after=2024-02-07 00:00:00+00:00
[2024-02-07T14:34:33.625+0000] {processor.py:183} INFO - Processing /home/airflow/.local/lib/python3.8/site-packages/airflow/example_dags/example_skip_dag.py took 0.272 seconds
[2024-02-07T14:35:04.033+0000] {processor.py:161} INFO - Started process (PID=165) to work on /home/airflow/.local/lib/python3.8/site-packages/airflow/example_dags/example_skip_dag.py
[2024-02-07T14:35:04.033+0000] {processor.py:830} INFO - Processing file /home/airflow/.local/lib/python3.8/site-packages/airflow/example_dags/example_skip_dag.py for tasks to queue
[2024-02-07T14:35:04.035+0000] {logging_mixin.py:188} INFO - [2024-02-07T14:35:04.035+0000] {dagbag.py:538} INFO - Filling up the DagBag from /home/airflow/.local/lib/python3.8/site-packages/airflow/example_dags/example_skip_dag.py
[2024-02-07T14:35:04.042+0000] {processor.py:840} INFO - DAG(s) 'example_skip_dag' retrieved from /home/airflow/.local/lib/python3.8/site-packages/airflow/example_dags/example_skip_dag.py
[2024-02-07T14:35:04.063+0000] {logging_mixin.py:188} INFO - [2024-02-07T14:35:04.063+0000] {dag.py:3036} INFO - Sync 1 DAGs
[2024-02-07T14:35:04.084+0000] {logging_mixin.py:188} INFO - [2024-02-07T14:35:04.084+0000] {dag.py:3823} INFO - Setting next_dagrun for example_skip_dag to 2024-02-06 00:00:00+00:00, run_after=2024-02-07 00:00:00+00:00
[2024-02-07T14:35:04.102+0000] {processor.py:183} INFO - Processing /home/airflow/.local/lib/python3.8/site-packages/airflow/example_dags/example_skip_dag.py took 0.073 seconds
[2024-02-07T14:35:34.605+0000] {processor.py:161} INFO - Started process (PID=222) to work on /home/airflow/.local/lib/python3.8/site-packages/airflow/example_dags/example_skip_dag.py
[2024-02-07T14:35:34.606+0000] {processor.py:830} INFO - Processing file /home/airflow/.local/lib/python3.8/site-packages/airflow/example_dags/example_skip_dag.py for tasks to queue
[2024-02-07T14:35:34.608+0000] {logging_mixin.py:188} INFO - [2024-02-07T14:35:34.608+0000] {dagbag.py:538} INFO - Filling up the DagBag from /home/airflow/.local/lib/python3.8/site-packages/airflow/example_dags/example_skip_dag.py
[2024-02-07T14:35:34.614+0000] {processor.py:840} INFO - DAG(s) 'example_skip_dag' retrieved from /home/airflow/.local/lib/python3.8/site-packages/airflow/example_dags/example_skip_dag.py
[2024-02-07T14:35:34.640+0000] {logging_mixin.py:188} INFO - [2024-02-07T14:35:34.639+0000] {dag.py:3036} INFO - Sync 1 DAGs
[2024-02-07T14:35:34.662+0000] {logging_mixin.py:188} INFO - [2024-02-07T14:35:34.662+0000] {dag.py:3823} INFO - Setting next_dagrun for example_skip_dag to 2024-02-06 00:00:00+00:00, run_after=2024-02-07 00:00:00+00:00
[2024-02-07T14:35:34.680+0000] {processor.py:183} INFO - Processing /home/airflow/.local/lib/python3.8/site-packages/airflow/example_dags/example_skip_dag.py took 0.079 seconds
[2024-02-07T14:43:07.382+0000] {processor.py:161} INFO - Started process (PID=53) to work on /home/airflow/.local/lib/python3.8/site-packages/airflow/example_dags/example_skip_dag.py
[2024-02-07T14:43:07.383+0000] {processor.py:830} INFO - Processing file /home/airflow/.local/lib/python3.8/site-packages/airflow/example_dags/example_skip_dag.py for tasks to queue
[2024-02-07T14:43:07.385+0000] {logging_mixin.py:188} INFO - [2024-02-07T14:43:07.385+0000] {dagbag.py:538} INFO - Filling up the DagBag from /home/airflow/.local/lib/python3.8/site-packages/airflow/example_dags/example_skip_dag.py
[2024-02-07T14:43:07.399+0000] {processor.py:840} INFO - DAG(s) 'example_skip_dag' retrieved from /home/airflow/.local/lib/python3.8/site-packages/airflow/example_dags/example_skip_dag.py
[2024-02-07T14:43:07.414+0000] {logging_mixin.py:188} INFO - [2024-02-07T14:43:07.414+0000] {dag.py:3036} INFO - Sync 1 DAGs
[2024-02-07T14:43:07.442+0000] {logging_mixin.py:188} INFO - [2024-02-07T14:43:07.441+0000] {dag.py:3823} INFO - Setting next_dagrun for example_skip_dag to 2024-02-06 00:00:00+00:00, run_after=2024-02-07 00:00:00+00:00
[2024-02-07T14:43:07.461+0000] {processor.py:183} INFO - Processing /home/airflow/.local/lib/python3.8/site-packages/airflow/example_dags/example_skip_dag.py took 0.083 seconds
[2024-02-07T14:43:38.021+0000] {processor.py:161} INFO - Started process (PID=110) to work on /home/airflow/.local/lib/python3.8/site-packages/airflow/example_dags/example_skip_dag.py
[2024-02-07T14:43:38.022+0000] {processor.py:830} INFO - Processing file /home/airflow/.local/lib/python3.8/site-packages/airflow/example_dags/example_skip_dag.py for tasks to queue
[2024-02-07T14:43:38.025+0000] {logging_mixin.py:188} INFO - [2024-02-07T14:43:38.024+0000] {dagbag.py:538} INFO - Filling up the DagBag from /home/airflow/.local/lib/python3.8/site-packages/airflow/example_dags/example_skip_dag.py
[2024-02-07T14:43:38.036+0000] {processor.py:840} INFO - DAG(s) 'example_skip_dag' retrieved from /home/airflow/.local/lib/python3.8/site-packages/airflow/example_dags/example_skip_dag.py
[2024-02-07T14:43:38.217+0000] {logging_mixin.py:188} INFO - [2024-02-07T14:43:38.217+0000] {dag.py:3036} INFO - Sync 1 DAGs
[2024-02-07T14:43:38.243+0000] {logging_mixin.py:188} INFO - [2024-02-07T14:43:38.242+0000] {dag.py:3823} INFO - Setting next_dagrun for example_skip_dag to 2024-02-06 00:00:00+00:00, run_after=2024-02-07 00:00:00+00:00
[2024-02-07T14:43:38.281+0000] {processor.py:183} INFO - Processing /home/airflow/.local/lib/python3.8/site-packages/airflow/example_dags/example_skip_dag.py took 0.265 seconds
[2024-02-07T14:44:08.702+0000] {processor.py:161} INFO - Started process (PID=167) to work on /home/airflow/.local/lib/python3.8/site-packages/airflow/example_dags/example_skip_dag.py
[2024-02-07T14:44:08.703+0000] {processor.py:830} INFO - Processing file /home/airflow/.local/lib/python3.8/site-packages/airflow/example_dags/example_skip_dag.py for tasks to queue
[2024-02-07T14:44:08.704+0000] {logging_mixin.py:188} INFO - [2024-02-07T14:44:08.704+0000] {dagbag.py:538} INFO - Filling up the DagBag from /home/airflow/.local/lib/python3.8/site-packages/airflow/example_dags/example_skip_dag.py
[2024-02-07T14:44:08.711+0000] {processor.py:840} INFO - DAG(s) 'example_skip_dag' retrieved from /home/airflow/.local/lib/python3.8/site-packages/airflow/example_dags/example_skip_dag.py
[2024-02-07T14:44:08.738+0000] {logging_mixin.py:188} INFO - [2024-02-07T14:44:08.738+0000] {dag.py:3036} INFO - Sync 1 DAGs
[2024-02-07T14:44:08.761+0000] {logging_mixin.py:188} INFO - [2024-02-07T14:44:08.761+0000] {dag.py:3823} INFO - Setting next_dagrun for example_skip_dag to 2024-02-06 00:00:00+00:00, run_after=2024-02-07 00:00:00+00:00
[2024-02-07T14:44:08.784+0000] {processor.py:183} INFO - Processing /home/airflow/.local/lib/python3.8/site-packages/airflow/example_dags/example_skip_dag.py took 0.085 seconds
[2024-02-07T14:44:38.868+0000] {processor.py:161} INFO - Started process (PID=222) to work on /home/airflow/.local/lib/python3.8/site-packages/airflow/example_dags/example_skip_dag.py
[2024-02-07T14:44:38.869+0000] {processor.py:830} INFO - Processing file /home/airflow/.local/lib/python3.8/site-packages/airflow/example_dags/example_skip_dag.py for tasks to queue
[2024-02-07T14:44:38.871+0000] {logging_mixin.py:188} INFO - [2024-02-07T14:44:38.871+0000] {dagbag.py:538} INFO - Filling up the DagBag from /home/airflow/.local/lib/python3.8/site-packages/airflow/example_dags/example_skip_dag.py
[2024-02-07T14:44:38.879+0000] {processor.py:840} INFO - DAG(s) 'example_skip_dag' retrieved from /home/airflow/.local/lib/python3.8/site-packages/airflow/example_dags/example_skip_dag.py
[2024-02-07T14:44:38.903+0000] {logging_mixin.py:188} INFO - [2024-02-07T14:44:38.903+0000] {dag.py:3036} INFO - Sync 1 DAGs
[2024-02-07T14:44:38.926+0000] {logging_mixin.py:188} INFO - [2024-02-07T14:44:38.926+0000] {dag.py:3823} INFO - Setting next_dagrun for example_skip_dag to 2024-02-06 00:00:00+00:00, run_after=2024-02-07 00:00:00+00:00
[2024-02-07T14:44:38.945+0000] {processor.py:183} INFO - Processing /home/airflow/.local/lib/python3.8/site-packages/airflow/example_dags/example_skip_dag.py took 0.080 seconds
[2024-02-07T14:45:09.206+0000] {processor.py:161} INFO - Started process (PID=279) to work on /home/airflow/.local/lib/python3.8/site-packages/airflow/example_dags/example_skip_dag.py
[2024-02-07T14:45:09.207+0000] {processor.py:830} INFO - Processing file /home/airflow/.local/lib/python3.8/site-packages/airflow/example_dags/example_skip_dag.py for tasks to queue
[2024-02-07T14:45:09.208+0000] {logging_mixin.py:188} INFO - [2024-02-07T14:45:09.208+0000] {dagbag.py:538} INFO - Filling up the DagBag from /home/airflow/.local/lib/python3.8/site-packages/airflow/example_dags/example_skip_dag.py
[2024-02-07T14:45:09.215+0000] {processor.py:840} INFO - DAG(s) 'example_skip_dag' retrieved from /home/airflow/.local/lib/python3.8/site-packages/airflow/example_dags/example_skip_dag.py
[2024-02-07T14:45:09.239+0000] {logging_mixin.py:188} INFO - [2024-02-07T14:45:09.238+0000] {dag.py:3036} INFO - Sync 1 DAGs
[2024-02-07T14:45:09.261+0000] {logging_mixin.py:188} INFO - [2024-02-07T14:45:09.261+0000] {dag.py:3823} INFO - Setting next_dagrun for example_skip_dag to 2024-02-06 00:00:00+00:00, run_after=2024-02-07 00:00:00+00:00
[2024-02-07T14:45:09.282+0000] {processor.py:183} INFO - Processing /home/airflow/.local/lib/python3.8/site-packages/airflow/example_dags/example_skip_dag.py took 0.079 seconds
[2024-02-07T14:45:39.578+0000] {processor.py:161} INFO - Started process (PID=336) to work on /home/airflow/.local/lib/python3.8/site-packages/airflow/example_dags/example_skip_dag.py
[2024-02-07T14:45:39.579+0000] {processor.py:830} INFO - Processing file /home/airflow/.local/lib/python3.8/site-packages/airflow/example_dags/example_skip_dag.py for tasks to queue
[2024-02-07T14:45:39.582+0000] {logging_mixin.py:188} INFO - [2024-02-07T14:45:39.581+0000] {dagbag.py:538} INFO - Filling up the DagBag from /home/airflow/.local/lib/python3.8/site-packages/airflow/example_dags/example_skip_dag.py
[2024-02-07T14:45:39.591+0000] {processor.py:840} INFO - DAG(s) 'example_skip_dag' retrieved from /home/airflow/.local/lib/python3.8/site-packages/airflow/example_dags/example_skip_dag.py
[2024-02-07T14:45:39.617+0000] {logging_mixin.py:188} INFO - [2024-02-07T14:45:39.617+0000] {dag.py:3036} INFO - Sync 1 DAGs
[2024-02-07T14:45:39.642+0000] {logging_mixin.py:188} INFO - [2024-02-07T14:45:39.642+0000] {dag.py:3823} INFO - Setting next_dagrun for example_skip_dag to 2024-02-06 00:00:00+00:00, run_after=2024-02-07 00:00:00+00:00
[2024-02-07T14:45:39.662+0000] {processor.py:183} INFO - Processing /home/airflow/.local/lib/python3.8/site-packages/airflow/example_dags/example_skip_dag.py took 0.088 seconds
[2024-02-07T14:46:10.029+0000] {processor.py:161} INFO - Started process (PID=393) to work on /home/airflow/.local/lib/python3.8/site-packages/airflow/example_dags/example_skip_dag.py
[2024-02-07T14:46:10.031+0000] {processor.py:830} INFO - Processing file /home/airflow/.local/lib/python3.8/site-packages/airflow/example_dags/example_skip_dag.py for tasks to queue
[2024-02-07T14:46:10.033+0000] {logging_mixin.py:188} INFO - [2024-02-07T14:46:10.033+0000] {dagbag.py:538} INFO - Filling up the DagBag from /home/airflow/.local/lib/python3.8/site-packages/airflow/example_dags/example_skip_dag.py
[2024-02-07T14:46:10.041+0000] {processor.py:840} INFO - DAG(s) 'example_skip_dag' retrieved from /home/airflow/.local/lib/python3.8/site-packages/airflow/example_dags/example_skip_dag.py
[2024-02-07T14:46:10.075+0000] {logging_mixin.py:188} INFO - [2024-02-07T14:46:10.075+0000] {dag.py:3036} INFO - Sync 1 DAGs
[2024-02-07T14:46:10.108+0000] {logging_mixin.py:188} INFO - [2024-02-07T14:46:10.108+0000] {dag.py:3823} INFO - Setting next_dagrun for example_skip_dag to 2024-02-06 00:00:00+00:00, run_after=2024-02-07 00:00:00+00:00
[2024-02-07T14:46:10.139+0000] {processor.py:183} INFO - Processing /home/airflow/.local/lib/python3.8/site-packages/airflow/example_dags/example_skip_dag.py took 0.113 seconds
[2024-02-07T14:46:41.013+0000] {processor.py:161} INFO - Started process (PID=450) to work on /home/airflow/.local/lib/python3.8/site-packages/airflow/example_dags/example_skip_dag.py
[2024-02-07T14:46:41.014+0000] {processor.py:830} INFO - Processing file /home/airflow/.local/lib/python3.8/site-packages/airflow/example_dags/example_skip_dag.py for tasks to queue
[2024-02-07T14:46:41.016+0000] {logging_mixin.py:188} INFO - [2024-02-07T14:46:41.016+0000] {dagbag.py:538} INFO - Filling up the DagBag from /home/airflow/.local/lib/python3.8/site-packages/airflow/example_dags/example_skip_dag.py
[2024-02-07T14:46:41.027+0000] {processor.py:840} INFO - DAG(s) 'example_skip_dag' retrieved from /home/airflow/.local/lib/python3.8/site-packages/airflow/example_dags/example_skip_dag.py
[2024-02-07T14:46:41.053+0000] {logging_mixin.py:188} INFO - [2024-02-07T14:46:41.053+0000] {dag.py:3036} INFO - Sync 1 DAGs
[2024-02-07T14:46:41.080+0000] {logging_mixin.py:188} INFO - [2024-02-07T14:46:41.080+0000] {dag.py:3823} INFO - Setting next_dagrun for example_skip_dag to 2024-02-06 00:00:00+00:00, run_after=2024-02-07 00:00:00+00:00
[2024-02-07T14:46:41.101+0000] {processor.py:183} INFO - Processing /home/airflow/.local/lib/python3.8/site-packages/airflow/example_dags/example_skip_dag.py took 0.091 seconds
[2024-02-07T14:47:11.265+0000] {processor.py:161} INFO - Started process (PID=507) to work on /home/airflow/.local/lib/python3.8/site-packages/airflow/example_dags/example_skip_dag.py
[2024-02-07T14:47:11.266+0000] {processor.py:830} INFO - Processing file /home/airflow/.local/lib/python3.8/site-packages/airflow/example_dags/example_skip_dag.py for tasks to queue
[2024-02-07T14:47:11.267+0000] {logging_mixin.py:188} INFO - [2024-02-07T14:47:11.267+0000] {dagbag.py:538} INFO - Filling up the DagBag from /home/airflow/.local/lib/python3.8/site-packages/airflow/example_dags/example_skip_dag.py
[2024-02-07T14:47:11.276+0000] {processor.py:840} INFO - DAG(s) 'example_skip_dag' retrieved from /home/airflow/.local/lib/python3.8/site-packages/airflow/example_dags/example_skip_dag.py
[2024-02-07T14:47:11.303+0000] {logging_mixin.py:188} INFO - [2024-02-07T14:47:11.303+0000] {dag.py:3036} INFO - Sync 1 DAGs
[2024-02-07T14:47:11.328+0000] {logging_mixin.py:188} INFO - [2024-02-07T14:47:11.328+0000] {dag.py:3823} INFO - Setting next_dagrun for example_skip_dag to 2024-02-06 00:00:00+00:00, run_after=2024-02-07 00:00:00+00:00
[2024-02-07T14:47:11.349+0000] {processor.py:183} INFO - Processing /home/airflow/.local/lib/python3.8/site-packages/airflow/example_dags/example_skip_dag.py took 0.088 seconds
[2024-02-07T14:47:41.676+0000] {processor.py:161} INFO - Started process (PID=564) to work on /home/airflow/.local/lib/python3.8/site-packages/airflow/example_dags/example_skip_dag.py
[2024-02-07T14:47:41.677+0000] {processor.py:830} INFO - Processing file /home/airflow/.local/lib/python3.8/site-packages/airflow/example_dags/example_skip_dag.py for tasks to queue
[2024-02-07T14:47:41.679+0000] {logging_mixin.py:188} INFO - [2024-02-07T14:47:41.679+0000] {dagbag.py:538} INFO - Filling up the DagBag from /home/airflow/.local/lib/python3.8/site-packages/airflow/example_dags/example_skip_dag.py
[2024-02-07T14:47:41.685+0000] {processor.py:840} INFO - DAG(s) 'example_skip_dag' retrieved from /home/airflow/.local/lib/python3.8/site-packages/airflow/example_dags/example_skip_dag.py
[2024-02-07T14:47:41.705+0000] {logging_mixin.py:188} INFO - [2024-02-07T14:47:41.705+0000] {dag.py:3036} INFO - Sync 1 DAGs
[2024-02-07T14:47:41.726+0000] {logging_mixin.py:188} INFO - [2024-02-07T14:47:41.726+0000] {dag.py:3823} INFO - Setting next_dagrun for example_skip_dag to 2024-02-06 00:00:00+00:00, run_after=2024-02-07 00:00:00+00:00
[2024-02-07T14:47:41.743+0000] {processor.py:183} INFO - Processing /home/airflow/.local/lib/python3.8/site-packages/airflow/example_dags/example_skip_dag.py took 0.070 seconds
[2024-02-07T14:48:12.230+0000] {processor.py:161} INFO - Started process (PID=621) to work on /home/airflow/.local/lib/python3.8/site-packages/airflow/example_dags/example_skip_dag.py
[2024-02-07T14:48:12.231+0000] {processor.py:830} INFO - Processing file /home/airflow/.local/lib/python3.8/site-packages/airflow/example_dags/example_skip_dag.py for tasks to queue
[2024-02-07T14:48:12.233+0000] {logging_mixin.py:188} INFO - [2024-02-07T14:48:12.233+0000] {dagbag.py:538} INFO - Filling up the DagBag from /home/airflow/.local/lib/python3.8/site-packages/airflow/example_dags/example_skip_dag.py
[2024-02-07T14:48:12.240+0000] {processor.py:840} INFO - DAG(s) 'example_skip_dag' retrieved from /home/airflow/.local/lib/python3.8/site-packages/airflow/example_dags/example_skip_dag.py
[2024-02-07T14:48:12.261+0000] {logging_mixin.py:188} INFO - [2024-02-07T14:48:12.260+0000] {dag.py:3036} INFO - Sync 1 DAGs
[2024-02-07T14:48:12.282+0000] {logging_mixin.py:188} INFO - [2024-02-07T14:48:12.282+0000] {dag.py:3823} INFO - Setting next_dagrun for example_skip_dag to 2024-02-06 00:00:00+00:00, run_after=2024-02-07 00:00:00+00:00
[2024-02-07T14:48:12.300+0000] {processor.py:183} INFO - Processing /home/airflow/.local/lib/python3.8/site-packages/airflow/example_dags/example_skip_dag.py took 0.072 seconds
[2024-02-07T14:48:42.603+0000] {processor.py:161} INFO - Started process (PID=678) to work on /home/airflow/.local/lib/python3.8/site-packages/airflow/example_dags/example_skip_dag.py
[2024-02-07T14:48:42.604+0000] {processor.py:830} INFO - Processing file /home/airflow/.local/lib/python3.8/site-packages/airflow/example_dags/example_skip_dag.py for tasks to queue
[2024-02-07T14:48:42.606+0000] {logging_mixin.py:188} INFO - [2024-02-07T14:48:42.606+0000] {dagbag.py:538} INFO - Filling up the DagBag from /home/airflow/.local/lib/python3.8/site-packages/airflow/example_dags/example_skip_dag.py
[2024-02-07T14:48:42.612+0000] {processor.py:840} INFO - DAG(s) 'example_skip_dag' retrieved from /home/airflow/.local/lib/python3.8/site-packages/airflow/example_dags/example_skip_dag.py
[2024-02-07T14:48:42.632+0000] {logging_mixin.py:188} INFO - [2024-02-07T14:48:42.632+0000] {dag.py:3036} INFO - Sync 1 DAGs
[2024-02-07T14:48:42.653+0000] {logging_mixin.py:188} INFO - [2024-02-07T14:48:42.653+0000] {dag.py:3823} INFO - Setting next_dagrun for example_skip_dag to 2024-02-06 00:00:00+00:00, run_after=2024-02-07 00:00:00+00:00
[2024-02-07T14:48:42.671+0000] {processor.py:183} INFO - Processing /home/airflow/.local/lib/python3.8/site-packages/airflow/example_dags/example_skip_dag.py took 0.070 seconds
[2024-02-07T14:49:12.781+0000] {processor.py:161} INFO - Started process (PID=735) to work on /home/airflow/.local/lib/python3.8/site-packages/airflow/example_dags/example_skip_dag.py
[2024-02-07T14:49:12.783+0000] {processor.py:830} INFO - Processing file /home/airflow/.local/lib/python3.8/site-packages/airflow/example_dags/example_skip_dag.py for tasks to queue
[2024-02-07T14:49:12.785+0000] {logging_mixin.py:188} INFO - [2024-02-07T14:49:12.784+0000] {dagbag.py:538} INFO - Filling up the DagBag from /home/airflow/.local/lib/python3.8/site-packages/airflow/example_dags/example_skip_dag.py
[2024-02-07T14:49:12.792+0000] {processor.py:840} INFO - DAG(s) 'example_skip_dag' retrieved from /home/airflow/.local/lib/python3.8/site-packages/airflow/example_dags/example_skip_dag.py
[2024-02-07T14:49:12.813+0000] {logging_mixin.py:188} INFO - [2024-02-07T14:49:12.813+0000] {dag.py:3036} INFO - Sync 1 DAGs
[2024-02-07T14:49:12.834+0000] {logging_mixin.py:188} INFO - [2024-02-07T14:49:12.834+0000] {dag.py:3823} INFO - Setting next_dagrun for example_skip_dag to 2024-02-06 00:00:00+00:00, run_after=2024-02-07 00:00:00+00:00
[2024-02-07T14:49:12.852+0000] {processor.py:183} INFO - Processing /home/airflow/.local/lib/python3.8/site-packages/airflow/example_dags/example_skip_dag.py took 0.075 seconds
[2024-02-07T14:49:43.429+0000] {processor.py:161} INFO - Started process (PID=792) to work on /home/airflow/.local/lib/python3.8/site-packages/airflow/example_dags/example_skip_dag.py
[2024-02-07T14:49:43.430+0000] {processor.py:830} INFO - Processing file /home/airflow/.local/lib/python3.8/site-packages/airflow/example_dags/example_skip_dag.py for tasks to queue
[2024-02-07T14:49:43.431+0000] {logging_mixin.py:188} INFO - [2024-02-07T14:49:43.431+0000] {dagbag.py:538} INFO - Filling up the DagBag from /home/airflow/.local/lib/python3.8/site-packages/airflow/example_dags/example_skip_dag.py
[2024-02-07T14:49:43.438+0000] {processor.py:840} INFO - DAG(s) 'example_skip_dag' retrieved from /home/airflow/.local/lib/python3.8/site-packages/airflow/example_dags/example_skip_dag.py
[2024-02-07T14:49:43.459+0000] {logging_mixin.py:188} INFO - [2024-02-07T14:49:43.459+0000] {dag.py:3036} INFO - Sync 1 DAGs
[2024-02-07T14:49:43.480+0000] {logging_mixin.py:188} INFO - [2024-02-07T14:49:43.480+0000] {dag.py:3823} INFO - Setting next_dagrun for example_skip_dag to 2024-02-06 00:00:00+00:00, run_after=2024-02-07 00:00:00+00:00
[2024-02-07T14:49:43.498+0000] {processor.py:183} INFO - Processing /home/airflow/.local/lib/python3.8/site-packages/airflow/example_dags/example_skip_dag.py took 0.072 seconds
[2024-02-07T14:50:14.172+0000] {processor.py:161} INFO - Started process (PID=849) to work on /home/airflow/.local/lib/python3.8/site-packages/airflow/example_dags/example_skip_dag.py
[2024-02-07T14:50:14.174+0000] {processor.py:830} INFO - Processing file /home/airflow/.local/lib/python3.8/site-packages/airflow/example_dags/example_skip_dag.py for tasks to queue
[2024-02-07T14:50:14.176+0000] {logging_mixin.py:188} INFO - [2024-02-07T14:50:14.175+0000] {dagbag.py:538} INFO - Filling up the DagBag from /home/airflow/.local/lib/python3.8/site-packages/airflow/example_dags/example_skip_dag.py
[2024-02-07T14:50:14.182+0000] {processor.py:840} INFO - DAG(s) 'example_skip_dag' retrieved from /home/airflow/.local/lib/python3.8/site-packages/airflow/example_dags/example_skip_dag.py
[2024-02-07T14:50:14.204+0000] {logging_mixin.py:188} INFO - [2024-02-07T14:50:14.204+0000] {dag.py:3036} INFO - Sync 1 DAGs
[2024-02-07T14:50:14.225+0000] {logging_mixin.py:188} INFO - [2024-02-07T14:50:14.225+0000] {dag.py:3823} INFO - Setting next_dagrun for example_skip_dag to 2024-02-06 00:00:00+00:00, run_after=2024-02-07 00:00:00+00:00
[2024-02-07T14:50:14.242+0000] {processor.py:183} INFO - Processing /home/airflow/.local/lib/python3.8/site-packages/airflow/example_dags/example_skip_dag.py took 0.073 seconds
[2024-02-07T14:50:44.832+0000] {processor.py:161} INFO - Started process (PID=906) to work on /home/airflow/.local/lib/python3.8/site-packages/airflow/example_dags/example_skip_dag.py
[2024-02-07T14:50:44.833+0000] {processor.py:830} INFO - Processing file /home/airflow/.local/lib/python3.8/site-packages/airflow/example_dags/example_skip_dag.py for tasks to queue
[2024-02-07T14:50:44.834+0000] {logging_mixin.py:188} INFO - [2024-02-07T14:50:44.834+0000] {dagbag.py:538} INFO - Filling up the DagBag from /home/airflow/.local/lib/python3.8/site-packages/airflow/example_dags/example_skip_dag.py
[2024-02-07T14:50:44.841+0000] {processor.py:840} INFO - DAG(s) 'example_skip_dag' retrieved from /home/airflow/.local/lib/python3.8/site-packages/airflow/example_dags/example_skip_dag.py
[2024-02-07T14:50:44.862+0000] {logging_mixin.py:188} INFO - [2024-02-07T14:50:44.861+0000] {dag.py:3036} INFO - Sync 1 DAGs
[2024-02-07T14:50:44.889+0000] {logging_mixin.py:188} INFO - [2024-02-07T14:50:44.888+0000] {dag.py:3823} INFO - Setting next_dagrun for example_skip_dag to 2024-02-06 00:00:00+00:00, run_after=2024-02-07 00:00:00+00:00
[2024-02-07T14:50:44.912+0000] {processor.py:183} INFO - Processing /home/airflow/.local/lib/python3.8/site-packages/airflow/example_dags/example_skip_dag.py took 0.083 seconds
[2024-02-07T14:51:15.607+0000] {processor.py:161} INFO - Started process (PID=964) to work on /home/airflow/.local/lib/python3.8/site-packages/airflow/example_dags/example_skip_dag.py
[2024-02-07T14:51:15.608+0000] {processor.py:830} INFO - Processing file /home/airflow/.local/lib/python3.8/site-packages/airflow/example_dags/example_skip_dag.py for tasks to queue
[2024-02-07T14:51:15.610+0000] {logging_mixin.py:188} INFO - [2024-02-07T14:51:15.610+0000] {dagbag.py:538} INFO - Filling up the DagBag from /home/airflow/.local/lib/python3.8/site-packages/airflow/example_dags/example_skip_dag.py
[2024-02-07T14:51:15.619+0000] {processor.py:840} INFO - DAG(s) 'example_skip_dag' retrieved from /home/airflow/.local/lib/python3.8/site-packages/airflow/example_dags/example_skip_dag.py
[2024-02-07T14:51:15.646+0000] {logging_mixin.py:188} INFO - [2024-02-07T14:51:15.645+0000] {dag.py:3036} INFO - Sync 1 DAGs
[2024-02-07T14:51:15.669+0000] {logging_mixin.py:188} INFO - [2024-02-07T14:51:15.669+0000] {dag.py:3823} INFO - Setting next_dagrun for example_skip_dag to 2024-02-06 00:00:00+00:00, run_after=2024-02-07 00:00:00+00:00
[2024-02-07T14:51:15.688+0000] {processor.py:183} INFO - Processing /home/airflow/.local/lib/python3.8/site-packages/airflow/example_dags/example_skip_dag.py took 0.085 seconds
[2024-02-07T14:51:46.024+0000] {processor.py:161} INFO - Started process (PID=1021) to work on /home/airflow/.local/lib/python3.8/site-packages/airflow/example_dags/example_skip_dag.py
[2024-02-07T14:51:46.025+0000] {processor.py:830} INFO - Processing file /home/airflow/.local/lib/python3.8/site-packages/airflow/example_dags/example_skip_dag.py for tasks to queue
[2024-02-07T14:51:46.027+0000] {logging_mixin.py:188} INFO - [2024-02-07T14:51:46.026+0000] {dagbag.py:538} INFO - Filling up the DagBag from /home/airflow/.local/lib/python3.8/site-packages/airflow/example_dags/example_skip_dag.py
[2024-02-07T14:51:46.034+0000] {processor.py:840} INFO - DAG(s) 'example_skip_dag' retrieved from /home/airflow/.local/lib/python3.8/site-packages/airflow/example_dags/example_skip_dag.py
[2024-02-07T14:51:46.072+0000] {logging_mixin.py:188} INFO - [2024-02-07T14:51:46.071+0000] {dag.py:3036} INFO - Sync 1 DAGs
[2024-02-07T14:51:46.106+0000] {logging_mixin.py:188} INFO - [2024-02-07T14:51:46.106+0000] {dag.py:3823} INFO - Setting next_dagrun for example_skip_dag to 2024-02-06 00:00:00+00:00, run_after=2024-02-07 00:00:00+00:00
[2024-02-07T14:51:46.125+0000] {processor.py:183} INFO - Processing /home/airflow/.local/lib/python3.8/site-packages/airflow/example_dags/example_skip_dag.py took 0.105 seconds
[2024-02-07T14:52:16.221+0000] {processor.py:161} INFO - Started process (PID=1079) to work on /home/airflow/.local/lib/python3.8/site-packages/airflow/example_dags/example_skip_dag.py
[2024-02-07T14:52:16.222+0000] {processor.py:830} INFO - Processing file /home/airflow/.local/lib/python3.8/site-packages/airflow/example_dags/example_skip_dag.py for tasks to queue
[2024-02-07T14:52:16.224+0000] {logging_mixin.py:188} INFO - [2024-02-07T14:52:16.224+0000] {dagbag.py:538} INFO - Filling up the DagBag from /home/airflow/.local/lib/python3.8/site-packages/airflow/example_dags/example_skip_dag.py
[2024-02-07T14:52:16.230+0000] {processor.py:840} INFO - DAG(s) 'example_skip_dag' retrieved from /home/airflow/.local/lib/python3.8/site-packages/airflow/example_dags/example_skip_dag.py
[2024-02-07T14:52:16.252+0000] {logging_mixin.py:188} INFO - [2024-02-07T14:52:16.252+0000] {dag.py:3036} INFO - Sync 1 DAGs
[2024-02-07T14:52:16.274+0000] {logging_mixin.py:188} INFO - [2024-02-07T14:52:16.274+0000] {dag.py:3823} INFO - Setting next_dagrun for example_skip_dag to 2024-02-06 00:00:00+00:00, run_after=2024-02-07 00:00:00+00:00
[2024-02-07T14:52:16.292+0000] {processor.py:183} INFO - Processing /home/airflow/.local/lib/python3.8/site-packages/airflow/example_dags/example_skip_dag.py took 0.074 seconds
[2024-02-07T14:53:48.586+0000] {processor.py:161} INFO - Started process (PID=52) to work on /home/airflow/.local/lib/python3.8/site-packages/airflow/example_dags/example_skip_dag.py
[2024-02-07T14:53:48.587+0000] {processor.py:830} INFO - Processing file /home/airflow/.local/lib/python3.8/site-packages/airflow/example_dags/example_skip_dag.py for tasks to queue
[2024-02-07T14:53:48.589+0000] {logging_mixin.py:188} INFO - [2024-02-07T14:53:48.588+0000] {dagbag.py:538} INFO - Filling up the DagBag from /home/airflow/.local/lib/python3.8/site-packages/airflow/example_dags/example_skip_dag.py
[2024-02-07T14:53:48.600+0000] {processor.py:840} INFO - DAG(s) 'example_skip_dag' retrieved from /home/airflow/.local/lib/python3.8/site-packages/airflow/example_dags/example_skip_dag.py
[2024-02-07T14:53:48.613+0000] {logging_mixin.py:188} INFO - [2024-02-07T14:53:48.613+0000] {dag.py:3036} INFO - Sync 1 DAGs
[2024-02-07T14:53:48.638+0000] {logging_mixin.py:188} INFO - [2024-02-07T14:53:48.638+0000] {dag.py:3823} INFO - Setting next_dagrun for example_skip_dag to 2024-02-06 00:00:00+00:00, run_after=2024-02-07 00:00:00+00:00
[2024-02-07T14:53:48.661+0000] {processor.py:183} INFO - Processing /home/airflow/.local/lib/python3.8/site-packages/airflow/example_dags/example_skip_dag.py took 0.079 seconds
[2024-02-07T14:54:18.860+0000] {processor.py:161} INFO - Started process (PID=108) to work on /home/airflow/.local/lib/python3.8/site-packages/airflow/example_dags/example_skip_dag.py
[2024-02-07T14:54:18.861+0000] {processor.py:830} INFO - Processing file /home/airflow/.local/lib/python3.8/site-packages/airflow/example_dags/example_skip_dag.py for tasks to queue
[2024-02-07T14:54:18.863+0000] {logging_mixin.py:188} INFO - [2024-02-07T14:54:18.863+0000] {dagbag.py:538} INFO - Filling up the DagBag from /home/airflow/.local/lib/python3.8/site-packages/airflow/example_dags/example_skip_dag.py
[2024-02-07T14:54:18.870+0000] {processor.py:840} INFO - DAG(s) 'example_skip_dag' retrieved from /home/airflow/.local/lib/python3.8/site-packages/airflow/example_dags/example_skip_dag.py
[2024-02-07T14:54:18.984+0000] {logging_mixin.py:188} INFO - [2024-02-07T14:54:18.984+0000] {dag.py:3036} INFO - Sync 1 DAGs
[2024-02-07T14:54:19.009+0000] {logging_mixin.py:188} INFO - [2024-02-07T14:54:19.009+0000] {dag.py:3823} INFO - Setting next_dagrun for example_skip_dag to 2024-02-06 00:00:00+00:00, run_after=2024-02-07 00:00:00+00:00
[2024-02-07T14:54:19.034+0000] {processor.py:183} INFO - Processing /home/airflow/.local/lib/python3.8/site-packages/airflow/example_dags/example_skip_dag.py took 0.178 seconds
[2024-02-07T14:54:49.858+0000] {processor.py:161} INFO - Started process (PID=164) to work on /home/airflow/.local/lib/python3.8/site-packages/airflow/example_dags/example_skip_dag.py
[2024-02-07T14:54:49.859+0000] {processor.py:830} INFO - Processing file /home/airflow/.local/lib/python3.8/site-packages/airflow/example_dags/example_skip_dag.py for tasks to queue
[2024-02-07T14:54:49.860+0000] {logging_mixin.py:188} INFO - [2024-02-07T14:54:49.860+0000] {dagbag.py:538} INFO - Filling up the DagBag from /home/airflow/.local/lib/python3.8/site-packages/airflow/example_dags/example_skip_dag.py
[2024-02-07T14:54:49.866+0000] {processor.py:840} INFO - DAG(s) 'example_skip_dag' retrieved from /home/airflow/.local/lib/python3.8/site-packages/airflow/example_dags/example_skip_dag.py
[2024-02-07T14:54:49.887+0000] {logging_mixin.py:188} INFO - [2024-02-07T14:54:49.887+0000] {dag.py:3036} INFO - Sync 1 DAGs
[2024-02-07T14:54:49.908+0000] {logging_mixin.py:188} INFO - [2024-02-07T14:54:49.908+0000] {dag.py:3823} INFO - Setting next_dagrun for example_skip_dag to 2024-02-06 00:00:00+00:00, run_after=2024-02-07 00:00:00+00:00
[2024-02-07T14:54:49.926+0000] {processor.py:183} INFO - Processing /home/airflow/.local/lib/python3.8/site-packages/airflow/example_dags/example_skip_dag.py took 0.072 seconds
[2024-02-07T15:05:10.326+0000] {processor.py:161} INFO - Started process (PID=53) to work on /home/airflow/.local/lib/python3.8/site-packages/airflow/example_dags/example_skip_dag.py
[2024-02-07T15:05:10.327+0000] {processor.py:830} INFO - Processing file /home/airflow/.local/lib/python3.8/site-packages/airflow/example_dags/example_skip_dag.py for tasks to queue
[2024-02-07T15:05:10.329+0000] {logging_mixin.py:188} INFO - [2024-02-07T15:05:10.329+0000] {dagbag.py:538} INFO - Filling up the DagBag from /home/airflow/.local/lib/python3.8/site-packages/airflow/example_dags/example_skip_dag.py
[2024-02-07T15:05:10.340+0000] {processor.py:840} INFO - DAG(s) 'example_skip_dag' retrieved from /home/airflow/.local/lib/python3.8/site-packages/airflow/example_dags/example_skip_dag.py
[2024-02-07T15:05:10.356+0000] {logging_mixin.py:188} INFO - [2024-02-07T15:05:10.356+0000] {dag.py:3036} INFO - Sync 1 DAGs
[2024-02-07T15:05:10.394+0000] {logging_mixin.py:188} INFO - [2024-02-07T15:05:10.393+0000] {dag.py:3823} INFO - Setting next_dagrun for example_skip_dag to 2024-02-06 00:00:00+00:00, run_after=2024-02-07 00:00:00+00:00
[2024-02-07T15:05:10.423+0000] {processor.py:183} INFO - Processing /home/airflow/.local/lib/python3.8/site-packages/airflow/example_dags/example_skip_dag.py took 0.101 seconds
[2024-02-07T15:05:41.420+0000] {processor.py:161} INFO - Started process (PID=110) to work on /home/airflow/.local/lib/python3.8/site-packages/airflow/example_dags/example_skip_dag.py
[2024-02-07T15:05:41.421+0000] {processor.py:830} INFO - Processing file /home/airflow/.local/lib/python3.8/site-packages/airflow/example_dags/example_skip_dag.py for tasks to queue
[2024-02-07T15:05:41.424+0000] {logging_mixin.py:188} INFO - [2024-02-07T15:05:41.423+0000] {dagbag.py:538} INFO - Filling up the DagBag from /home/airflow/.local/lib/python3.8/site-packages/airflow/example_dags/example_skip_dag.py
[2024-02-07T15:05:41.432+0000] {processor.py:840} INFO - DAG(s) 'example_skip_dag' retrieved from /home/airflow/.local/lib/python3.8/site-packages/airflow/example_dags/example_skip_dag.py
[2024-02-07T15:05:41.617+0000] {logging_mixin.py:188} INFO - [2024-02-07T15:05:41.617+0000] {dag.py:3036} INFO - Sync 1 DAGs
[2024-02-07T15:05:41.667+0000] {logging_mixin.py:188} INFO - [2024-02-07T15:05:41.666+0000] {dag.py:3823} INFO - Setting next_dagrun for example_skip_dag to 2024-02-06 00:00:00+00:00, run_after=2024-02-07 00:00:00+00:00
[2024-02-07T15:05:41.707+0000] {processor.py:183} INFO - Processing /home/airflow/.local/lib/python3.8/site-packages/airflow/example_dags/example_skip_dag.py took 0.291 seconds
[2024-02-07T15:07:17.090+0000] {processor.py:161} INFO - Started process (PID=53) to work on /home/airflow/.local/lib/python3.8/site-packages/airflow/example_dags/example_skip_dag.py
[2024-02-07T15:07:17.091+0000] {processor.py:830} INFO - Processing file /home/airflow/.local/lib/python3.8/site-packages/airflow/example_dags/example_skip_dag.py for tasks to queue
[2024-02-07T15:07:17.093+0000] {logging_mixin.py:188} INFO - [2024-02-07T15:07:17.093+0000] {dagbag.py:538} INFO - Filling up the DagBag from /home/airflow/.local/lib/python3.8/site-packages/airflow/example_dags/example_skip_dag.py
[2024-02-07T15:07:17.105+0000] {processor.py:840} INFO - DAG(s) 'example_skip_dag' retrieved from /home/airflow/.local/lib/python3.8/site-packages/airflow/example_dags/example_skip_dag.py
[2024-02-07T15:07:17.122+0000] {logging_mixin.py:188} INFO - [2024-02-07T15:07:17.121+0000] {dag.py:3036} INFO - Sync 1 DAGs
[2024-02-07T15:07:17.162+0000] {logging_mixin.py:188} INFO - [2024-02-07T15:07:17.161+0000] {dag.py:3823} INFO - Setting next_dagrun for example_skip_dag to 2024-02-06 00:00:00+00:00, run_after=2024-02-07 00:00:00+00:00
[2024-02-07T15:07:17.193+0000] {processor.py:183} INFO - Processing /home/airflow/.local/lib/python3.8/site-packages/airflow/example_dags/example_skip_dag.py took 0.107 seconds
[2024-02-07T15:07:47.549+0000] {processor.py:161} INFO - Started process (PID=110) to work on /home/airflow/.local/lib/python3.8/site-packages/airflow/example_dags/example_skip_dag.py
[2024-02-07T15:07:47.550+0000] {processor.py:830} INFO - Processing file /home/airflow/.local/lib/python3.8/site-packages/airflow/example_dags/example_skip_dag.py for tasks to queue
[2024-02-07T15:07:47.552+0000] {logging_mixin.py:188} INFO - [2024-02-07T15:07:47.552+0000] {dagbag.py:538} INFO - Filling up the DagBag from /home/airflow/.local/lib/python3.8/site-packages/airflow/example_dags/example_skip_dag.py
[2024-02-07T15:07:47.561+0000] {processor.py:840} INFO - DAG(s) 'example_skip_dag' retrieved from /home/airflow/.local/lib/python3.8/site-packages/airflow/example_dags/example_skip_dag.py
[2024-02-07T15:07:47.704+0000] {logging_mixin.py:188} INFO - [2024-02-07T15:07:47.704+0000] {dag.py:3036} INFO - Sync 1 DAGs
[2024-02-07T15:07:47.748+0000] {logging_mixin.py:188} INFO - [2024-02-07T15:07:47.747+0000] {dag.py:3823} INFO - Setting next_dagrun for example_skip_dag to 2024-02-06 00:00:00+00:00, run_after=2024-02-07 00:00:00+00:00
[2024-02-07T15:07:47.793+0000] {processor.py:183} INFO - Processing /home/airflow/.local/lib/python3.8/site-packages/airflow/example_dags/example_skip_dag.py took 0.247 seconds
[2024-02-07T15:08:18.488+0000] {processor.py:161} INFO - Started process (PID=166) to work on /home/airflow/.local/lib/python3.8/site-packages/airflow/example_dags/example_skip_dag.py
[2024-02-07T15:08:18.489+0000] {processor.py:830} INFO - Processing file /home/airflow/.local/lib/python3.8/site-packages/airflow/example_dags/example_skip_dag.py for tasks to queue
[2024-02-07T15:08:18.493+0000] {logging_mixin.py:188} INFO - [2024-02-07T15:08:18.492+0000] {dagbag.py:538} INFO - Filling up the DagBag from /home/airflow/.local/lib/python3.8/site-packages/airflow/example_dags/example_skip_dag.py
[2024-02-07T15:08:18.503+0000] {processor.py:840} INFO - DAG(s) 'example_skip_dag' retrieved from /home/airflow/.local/lib/python3.8/site-packages/airflow/example_dags/example_skip_dag.py
[2024-02-07T15:08:18.531+0000] {logging_mixin.py:188} INFO - [2024-02-07T15:08:18.530+0000] {dag.py:3036} INFO - Sync 1 DAGs
[2024-02-07T15:08:18.555+0000] {logging_mixin.py:188} INFO - [2024-02-07T15:08:18.555+0000] {dag.py:3823} INFO - Setting next_dagrun for example_skip_dag to 2024-02-06 00:00:00+00:00, run_after=2024-02-07 00:00:00+00:00
[2024-02-07T15:08:18.575+0000] {processor.py:183} INFO - Processing /home/airflow/.local/lib/python3.8/site-packages/airflow/example_dags/example_skip_dag.py took 0.091 seconds
[2024-02-07T15:08:48.658+0000] {processor.py:161} INFO - Started process (PID=222) to work on /home/airflow/.local/lib/python3.8/site-packages/airflow/example_dags/example_skip_dag.py
[2024-02-07T15:08:48.659+0000] {processor.py:830} INFO - Processing file /home/airflow/.local/lib/python3.8/site-packages/airflow/example_dags/example_skip_dag.py for tasks to queue
[2024-02-07T15:08:48.661+0000] {logging_mixin.py:188} INFO - [2024-02-07T15:08:48.661+0000] {dagbag.py:538} INFO - Filling up the DagBag from /home/airflow/.local/lib/python3.8/site-packages/airflow/example_dags/example_skip_dag.py
[2024-02-07T15:08:48.669+0000] {processor.py:840} INFO - DAG(s) 'example_skip_dag' retrieved from /home/airflow/.local/lib/python3.8/site-packages/airflow/example_dags/example_skip_dag.py
[2024-02-07T15:08:48.692+0000] {logging_mixin.py:188} INFO - [2024-02-07T15:08:48.691+0000] {dag.py:3036} INFO - Sync 1 DAGs
[2024-02-07T15:08:48.716+0000] {logging_mixin.py:188} INFO - [2024-02-07T15:08:48.715+0000] {dag.py:3823} INFO - Setting next_dagrun for example_skip_dag to 2024-02-06 00:00:00+00:00, run_after=2024-02-07 00:00:00+00:00
[2024-02-07T15:08:48.734+0000] {processor.py:183} INFO - Processing /home/airflow/.local/lib/python3.8/site-packages/airflow/example_dags/example_skip_dag.py took 0.080 seconds
[2024-02-07T15:09:18.886+0000] {processor.py:161} INFO - Started process (PID=279) to work on /home/airflow/.local/lib/python3.8/site-packages/airflow/example_dags/example_skip_dag.py
[2024-02-07T15:09:18.887+0000] {processor.py:830} INFO - Processing file /home/airflow/.local/lib/python3.8/site-packages/airflow/example_dags/example_skip_dag.py for tasks to queue
[2024-02-07T15:09:18.889+0000] {logging_mixin.py:188} INFO - [2024-02-07T15:09:18.889+0000] {dagbag.py:538} INFO - Filling up the DagBag from /home/airflow/.local/lib/python3.8/site-packages/airflow/example_dags/example_skip_dag.py
[2024-02-07T15:09:18.897+0000] {processor.py:840} INFO - DAG(s) 'example_skip_dag' retrieved from /home/airflow/.local/lib/python3.8/site-packages/airflow/example_dags/example_skip_dag.py
[2024-02-07T15:09:18.923+0000] {logging_mixin.py:188} INFO - [2024-02-07T15:09:18.923+0000] {dag.py:3036} INFO - Sync 1 DAGs
[2024-02-07T15:09:18.946+0000] {logging_mixin.py:188} INFO - [2024-02-07T15:09:18.946+0000] {dag.py:3823} INFO - Setting next_dagrun for example_skip_dag to 2024-02-06 00:00:00+00:00, run_after=2024-02-07 00:00:00+00:00
[2024-02-07T15:09:18.966+0000] {processor.py:183} INFO - Processing /home/airflow/.local/lib/python3.8/site-packages/airflow/example_dags/example_skip_dag.py took 0.083 seconds
[2024-02-07T15:57:16.035+0000] {processor.py:161} INFO - Started process (PID=53) to work on /home/airflow/.local/lib/python3.8/site-packages/airflow/example_dags/example_skip_dag.py
[2024-02-07T15:57:16.037+0000] {processor.py:830} INFO - Processing file /home/airflow/.local/lib/python3.8/site-packages/airflow/example_dags/example_skip_dag.py for tasks to queue
[2024-02-07T15:57:16.039+0000] {logging_mixin.py:188} INFO - [2024-02-07T15:57:16.039+0000] {dagbag.py:538} INFO - Filling up the DagBag from /home/airflow/.local/lib/python3.8/site-packages/airflow/example_dags/example_skip_dag.py
[2024-02-07T15:57:16.051+0000] {processor.py:840} INFO - DAG(s) 'example_skip_dag' retrieved from /home/airflow/.local/lib/python3.8/site-packages/airflow/example_dags/example_skip_dag.py
[2024-02-07T15:57:16.064+0000] {logging_mixin.py:188} INFO - [2024-02-07T15:57:16.064+0000] {dag.py:3036} INFO - Sync 1 DAGs
[2024-02-07T15:57:16.090+0000] {logging_mixin.py:188} INFO - [2024-02-07T15:57:16.090+0000] {dag.py:3823} INFO - Setting next_dagrun for example_skip_dag to 2024-02-06 00:00:00+00:00, run_after=2024-02-07 00:00:00+00:00
[2024-02-07T15:57:16.113+0000] {processor.py:183} INFO - Processing /home/airflow/.local/lib/python3.8/site-packages/airflow/example_dags/example_skip_dag.py took 0.082 seconds
[2024-02-07T15:57:46.309+0000] {processor.py:161} INFO - Started process (PID=108) to work on /home/airflow/.local/lib/python3.8/site-packages/airflow/example_dags/example_skip_dag.py
[2024-02-07T15:57:46.310+0000] {processor.py:830} INFO - Processing file /home/airflow/.local/lib/python3.8/site-packages/airflow/example_dags/example_skip_dag.py for tasks to queue
[2024-02-07T15:57:46.312+0000] {logging_mixin.py:188} INFO - [2024-02-07T15:57:46.312+0000] {dagbag.py:538} INFO - Filling up the DagBag from /home/airflow/.local/lib/python3.8/site-packages/airflow/example_dags/example_skip_dag.py
[2024-02-07T15:57:46.319+0000] {processor.py:840} INFO - DAG(s) 'example_skip_dag' retrieved from /home/airflow/.local/lib/python3.8/site-packages/airflow/example_dags/example_skip_dag.py
[2024-02-07T15:57:46.439+0000] {logging_mixin.py:188} INFO - [2024-02-07T15:57:46.438+0000] {dag.py:3036} INFO - Sync 1 DAGs
[2024-02-07T15:57:46.468+0000] {logging_mixin.py:188} INFO - [2024-02-07T15:57:46.467+0000] {dag.py:3823} INFO - Setting next_dagrun for example_skip_dag to 2024-02-06 00:00:00+00:00, run_after=2024-02-07 00:00:00+00:00
[2024-02-07T15:57:46.492+0000] {processor.py:183} INFO - Processing /home/airflow/.local/lib/python3.8/site-packages/airflow/example_dags/example_skip_dag.py took 0.188 seconds
[2024-02-07T15:58:17.119+0000] {processor.py:161} INFO - Started process (PID=165) to work on /home/airflow/.local/lib/python3.8/site-packages/airflow/example_dags/example_skip_dag.py
[2024-02-07T15:58:17.120+0000] {processor.py:830} INFO - Processing file /home/airflow/.local/lib/python3.8/site-packages/airflow/example_dags/example_skip_dag.py for tasks to queue
[2024-02-07T15:58:17.123+0000] {logging_mixin.py:188} INFO - [2024-02-07T15:58:17.122+0000] {dagbag.py:538} INFO - Filling up the DagBag from /home/airflow/.local/lib/python3.8/site-packages/airflow/example_dags/example_skip_dag.py
[2024-02-07T15:58:17.132+0000] {processor.py:840} INFO - DAG(s) 'example_skip_dag' retrieved from /home/airflow/.local/lib/python3.8/site-packages/airflow/example_dags/example_skip_dag.py
[2024-02-07T15:58:17.162+0000] {logging_mixin.py:188} INFO - [2024-02-07T15:58:17.161+0000] {dag.py:3036} INFO - Sync 1 DAGs
[2024-02-07T15:58:17.194+0000] {logging_mixin.py:188} INFO - [2024-02-07T15:58:17.194+0000] {dag.py:3823} INFO - Setting next_dagrun for example_skip_dag to 2024-02-06 00:00:00+00:00, run_after=2024-02-07 00:00:00+00:00
[2024-02-07T15:58:17.218+0000] {processor.py:183} INFO - Processing /home/airflow/.local/lib/python3.8/site-packages/airflow/example_dags/example_skip_dag.py took 0.105 seconds
[2024-02-07T16:10:52.451+0000] {processor.py:161} INFO - Started process (PID=53) to work on /home/airflow/.local/lib/python3.8/site-packages/airflow/example_dags/example_skip_dag.py
[2024-02-07T16:10:52.453+0000] {processor.py:830} INFO - Processing file /home/airflow/.local/lib/python3.8/site-packages/airflow/example_dags/example_skip_dag.py for tasks to queue
[2024-02-07T16:10:52.455+0000] {logging_mixin.py:188} INFO - [2024-02-07T16:10:52.455+0000] {dagbag.py:538} INFO - Filling up the DagBag from /home/airflow/.local/lib/python3.8/site-packages/airflow/example_dags/example_skip_dag.py
[2024-02-07T16:10:52.473+0000] {processor.py:840} INFO - DAG(s) 'example_skip_dag' retrieved from /home/airflow/.local/lib/python3.8/site-packages/airflow/example_dags/example_skip_dag.py
[2024-02-07T16:10:52.488+0000] {logging_mixin.py:188} INFO - [2024-02-07T16:10:52.488+0000] {dag.py:3036} INFO - Sync 1 DAGs
[2024-02-07T16:10:52.514+0000] {logging_mixin.py:188} INFO - [2024-02-07T16:10:52.514+0000] {dag.py:3823} INFO - Setting next_dagrun for example_skip_dag to 2024-02-06 00:00:00+00:00, run_after=2024-02-07 00:00:00+00:00
[2024-02-07T16:10:52.536+0000] {processor.py:183} INFO - Processing /home/airflow/.local/lib/python3.8/site-packages/airflow/example_dags/example_skip_dag.py took 0.090 seconds
[2024-02-07T16:11:23.120+0000] {processor.py:161} INFO - Started process (PID=108) to work on /home/airflow/.local/lib/python3.8/site-packages/airflow/example_dags/example_skip_dag.py
[2024-02-07T16:11:23.121+0000] {processor.py:830} INFO - Processing file /home/airflow/.local/lib/python3.8/site-packages/airflow/example_dags/example_skip_dag.py for tasks to queue
[2024-02-07T16:11:23.123+0000] {logging_mixin.py:188} INFO - [2024-02-07T16:11:23.122+0000] {dagbag.py:538} INFO - Filling up the DagBag from /home/airflow/.local/lib/python3.8/site-packages/airflow/example_dags/example_skip_dag.py
[2024-02-07T16:11:23.134+0000] {processor.py:840} INFO - DAG(s) 'example_skip_dag' retrieved from /home/airflow/.local/lib/python3.8/site-packages/airflow/example_dags/example_skip_dag.py
[2024-02-07T16:11:23.262+0000] {logging_mixin.py:188} INFO - [2024-02-07T16:11:23.262+0000] {dag.py:3036} INFO - Sync 1 DAGs
[2024-02-07T16:11:23.282+0000] {logging_mixin.py:188} INFO - [2024-02-07T16:11:23.281+0000] {dag.py:3823} INFO - Setting next_dagrun for example_skip_dag to 2024-02-06 00:00:00+00:00, run_after=2024-02-07 00:00:00+00:00
[2024-02-07T16:11:23.301+0000] {processor.py:183} INFO - Processing /home/airflow/.local/lib/python3.8/site-packages/airflow/example_dags/example_skip_dag.py took 0.185 seconds
[2024-02-07T16:11:53.472+0000] {processor.py:161} INFO - Started process (PID=165) to work on /home/airflow/.local/lib/python3.8/site-packages/airflow/example_dags/example_skip_dag.py
[2024-02-07T16:11:53.474+0000] {processor.py:830} INFO - Processing file /home/airflow/.local/lib/python3.8/site-packages/airflow/example_dags/example_skip_dag.py for tasks to queue
[2024-02-07T16:11:53.475+0000] {logging_mixin.py:188} INFO - [2024-02-07T16:11:53.475+0000] {dagbag.py:538} INFO - Filling up the DagBag from /home/airflow/.local/lib/python3.8/site-packages/airflow/example_dags/example_skip_dag.py
[2024-02-07T16:11:53.482+0000] {processor.py:840} INFO - DAG(s) 'example_skip_dag' retrieved from /home/airflow/.local/lib/python3.8/site-packages/airflow/example_dags/example_skip_dag.py
[2024-02-07T16:11:53.503+0000] {logging_mixin.py:188} INFO - [2024-02-07T16:11:53.502+0000] {dag.py:3036} INFO - Sync 1 DAGs
[2024-02-07T16:11:53.523+0000] {logging_mixin.py:188} INFO - [2024-02-07T16:11:53.523+0000] {dag.py:3823} INFO - Setting next_dagrun for example_skip_dag to 2024-02-06 00:00:00+00:00, run_after=2024-02-07 00:00:00+00:00
[2024-02-07T16:11:53.541+0000] {processor.py:183} INFO - Processing /home/airflow/.local/lib/python3.8/site-packages/airflow/example_dags/example_skip_dag.py took 0.072 seconds
[2024-02-07T16:12:24.217+0000] {processor.py:161} INFO - Started process (PID=222) to work on /home/airflow/.local/lib/python3.8/site-packages/airflow/example_dags/example_skip_dag.py
[2024-02-07T16:12:24.218+0000] {processor.py:830} INFO - Processing file /home/airflow/.local/lib/python3.8/site-packages/airflow/example_dags/example_skip_dag.py for tasks to queue
[2024-02-07T16:12:24.220+0000] {logging_mixin.py:188} INFO - [2024-02-07T16:12:24.219+0000] {dagbag.py:538} INFO - Filling up the DagBag from /home/airflow/.local/lib/python3.8/site-packages/airflow/example_dags/example_skip_dag.py
[2024-02-07T16:12:24.226+0000] {processor.py:840} INFO - DAG(s) 'example_skip_dag' retrieved from /home/airflow/.local/lib/python3.8/site-packages/airflow/example_dags/example_skip_dag.py
[2024-02-07T16:12:24.247+0000] {logging_mixin.py:188} INFO - [2024-02-07T16:12:24.247+0000] {dag.py:3036} INFO - Sync 1 DAGs
[2024-02-07T16:12:24.278+0000] {logging_mixin.py:188} INFO - [2024-02-07T16:12:24.278+0000] {dag.py:3823} INFO - Setting next_dagrun for example_skip_dag to 2024-02-06 00:00:00+00:00, run_after=2024-02-07 00:00:00+00:00
[2024-02-07T16:12:24.296+0000] {processor.py:183} INFO - Processing /home/airflow/.local/lib/python3.8/site-packages/airflow/example_dags/example_skip_dag.py took 0.082 seconds
[2024-02-07T16:12:54.391+0000] {processor.py:161} INFO - Started process (PID=279) to work on /home/airflow/.local/lib/python3.8/site-packages/airflow/example_dags/example_skip_dag.py
[2024-02-07T16:12:54.392+0000] {processor.py:830} INFO - Processing file /home/airflow/.local/lib/python3.8/site-packages/airflow/example_dags/example_skip_dag.py for tasks to queue
[2024-02-07T16:12:54.393+0000] {logging_mixin.py:188} INFO - [2024-02-07T16:12:54.393+0000] {dagbag.py:538} INFO - Filling up the DagBag from /home/airflow/.local/lib/python3.8/site-packages/airflow/example_dags/example_skip_dag.py
[2024-02-07T16:12:54.399+0000] {processor.py:840} INFO - DAG(s) 'example_skip_dag' retrieved from /home/airflow/.local/lib/python3.8/site-packages/airflow/example_dags/example_skip_dag.py
[2024-02-07T16:12:54.420+0000] {logging_mixin.py:188} INFO - [2024-02-07T16:12:54.420+0000] {dag.py:3036} INFO - Sync 1 DAGs
[2024-02-07T16:12:54.442+0000] {logging_mixin.py:188} INFO - [2024-02-07T16:12:54.442+0000] {dag.py:3823} INFO - Setting next_dagrun for example_skip_dag to 2024-02-06 00:00:00+00:00, run_after=2024-02-07 00:00:00+00:00
[2024-02-07T16:12:54.459+0000] {processor.py:183} INFO - Processing /home/airflow/.local/lib/python3.8/site-packages/airflow/example_dags/example_skip_dag.py took 0.072 seconds
[2024-02-07T16:13:24.562+0000] {processor.py:161} INFO - Started process (PID=336) to work on /home/airflow/.local/lib/python3.8/site-packages/airflow/example_dags/example_skip_dag.py
[2024-02-07T16:13:24.563+0000] {processor.py:830} INFO - Processing file /home/airflow/.local/lib/python3.8/site-packages/airflow/example_dags/example_skip_dag.py for tasks to queue
[2024-02-07T16:13:24.565+0000] {logging_mixin.py:188} INFO - [2024-02-07T16:13:24.565+0000] {dagbag.py:538} INFO - Filling up the DagBag from /home/airflow/.local/lib/python3.8/site-packages/airflow/example_dags/example_skip_dag.py
[2024-02-07T16:13:24.575+0000] {processor.py:840} INFO - DAG(s) 'example_skip_dag' retrieved from /home/airflow/.local/lib/python3.8/site-packages/airflow/example_dags/example_skip_dag.py
[2024-02-07T16:13:24.598+0000] {logging_mixin.py:188} INFO - [2024-02-07T16:13:24.598+0000] {dag.py:3036} INFO - Sync 1 DAGs
[2024-02-07T16:13:24.619+0000] {logging_mixin.py:188} INFO - [2024-02-07T16:13:24.619+0000] {dag.py:3823} INFO - Setting next_dagrun for example_skip_dag to 2024-02-06 00:00:00+00:00, run_after=2024-02-07 00:00:00+00:00
[2024-02-07T16:13:24.638+0000] {processor.py:183} INFO - Processing /home/airflow/.local/lib/python3.8/site-packages/airflow/example_dags/example_skip_dag.py took 0.081 seconds
[2024-02-07T16:13:55.088+0000] {processor.py:161} INFO - Started process (PID=393) to work on /home/airflow/.local/lib/python3.8/site-packages/airflow/example_dags/example_skip_dag.py
[2024-02-07T16:13:55.089+0000] {processor.py:830} INFO - Processing file /home/airflow/.local/lib/python3.8/site-packages/airflow/example_dags/example_skip_dag.py for tasks to queue
[2024-02-07T16:13:55.091+0000] {logging_mixin.py:188} INFO - [2024-02-07T16:13:55.090+0000] {dagbag.py:538} INFO - Filling up the DagBag from /home/airflow/.local/lib/python3.8/site-packages/airflow/example_dags/example_skip_dag.py
[2024-02-07T16:13:55.097+0000] {processor.py:840} INFO - DAG(s) 'example_skip_dag' retrieved from /home/airflow/.local/lib/python3.8/site-packages/airflow/example_dags/example_skip_dag.py
[2024-02-07T16:13:55.119+0000] {logging_mixin.py:188} INFO - [2024-02-07T16:13:55.118+0000] {dag.py:3036} INFO - Sync 1 DAGs
[2024-02-07T16:13:55.140+0000] {logging_mixin.py:188} INFO - [2024-02-07T16:13:55.139+0000] {dag.py:3823} INFO - Setting next_dagrun for example_skip_dag to 2024-02-06 00:00:00+00:00, run_after=2024-02-07 00:00:00+00:00
[2024-02-07T16:13:55.157+0000] {processor.py:183} INFO - Processing /home/airflow/.local/lib/python3.8/site-packages/airflow/example_dags/example_skip_dag.py took 0.072 seconds
[2024-02-07T16:14:25.222+0000] {processor.py:161} INFO - Started process (PID=450) to work on /home/airflow/.local/lib/python3.8/site-packages/airflow/example_dags/example_skip_dag.py
[2024-02-07T16:14:25.223+0000] {processor.py:830} INFO - Processing file /home/airflow/.local/lib/python3.8/site-packages/airflow/example_dags/example_skip_dag.py for tasks to queue
[2024-02-07T16:14:25.224+0000] {logging_mixin.py:188} INFO - [2024-02-07T16:14:25.224+0000] {dagbag.py:538} INFO - Filling up the DagBag from /home/airflow/.local/lib/python3.8/site-packages/airflow/example_dags/example_skip_dag.py
[2024-02-07T16:14:25.231+0000] {processor.py:840} INFO - DAG(s) 'example_skip_dag' retrieved from /home/airflow/.local/lib/python3.8/site-packages/airflow/example_dags/example_skip_dag.py
[2024-02-07T16:14:25.251+0000] {logging_mixin.py:188} INFO - [2024-02-07T16:14:25.251+0000] {dag.py:3036} INFO - Sync 1 DAGs
[2024-02-07T16:14:25.272+0000] {logging_mixin.py:188} INFO - [2024-02-07T16:14:25.272+0000] {dag.py:3823} INFO - Setting next_dagrun for example_skip_dag to 2024-02-06 00:00:00+00:00, run_after=2024-02-07 00:00:00+00:00
[2024-02-07T16:14:25.290+0000] {processor.py:183} INFO - Processing /home/airflow/.local/lib/python3.8/site-packages/airflow/example_dags/example_skip_dag.py took 0.072 seconds
[2024-02-07T16:14:55.549+0000] {processor.py:161} INFO - Started process (PID=507) to work on /home/airflow/.local/lib/python3.8/site-packages/airflow/example_dags/example_skip_dag.py
[2024-02-07T16:14:55.550+0000] {processor.py:830} INFO - Processing file /home/airflow/.local/lib/python3.8/site-packages/airflow/example_dags/example_skip_dag.py for tasks to queue
[2024-02-07T16:14:55.552+0000] {logging_mixin.py:188} INFO - [2024-02-07T16:14:55.552+0000] {dagbag.py:538} INFO - Filling up the DagBag from /home/airflow/.local/lib/python3.8/site-packages/airflow/example_dags/example_skip_dag.py
[2024-02-07T16:14:55.559+0000] {processor.py:840} INFO - DAG(s) 'example_skip_dag' retrieved from /home/airflow/.local/lib/python3.8/site-packages/airflow/example_dags/example_skip_dag.py
[2024-02-07T16:14:55.591+0000] {logging_mixin.py:188} INFO - [2024-02-07T16:14:55.591+0000] {dag.py:3036} INFO - Sync 1 DAGs
[2024-02-07T16:14:55.627+0000] {logging_mixin.py:188} INFO - [2024-02-07T16:14:55.627+0000] {dag.py:3823} INFO - Setting next_dagrun for example_skip_dag to 2024-02-06 00:00:00+00:00, run_after=2024-02-07 00:00:00+00:00
[2024-02-07T16:14:55.657+0000] {processor.py:183} INFO - Processing /home/airflow/.local/lib/python3.8/site-packages/airflow/example_dags/example_skip_dag.py took 0.113 seconds
[2024-02-07T16:23:25.227+0000] {processor.py:161} INFO - Started process (PID=53) to work on /home/airflow/.local/lib/python3.8/site-packages/airflow/example_dags/example_skip_dag.py
[2024-02-07T16:23:25.228+0000] {processor.py:830} INFO - Processing file /home/airflow/.local/lib/python3.8/site-packages/airflow/example_dags/example_skip_dag.py for tasks to queue
[2024-02-07T16:23:25.230+0000] {logging_mixin.py:188} INFO - [2024-02-07T16:23:25.230+0000] {dagbag.py:538} INFO - Filling up the DagBag from /home/airflow/.local/lib/python3.8/site-packages/airflow/example_dags/example_skip_dag.py
[2024-02-07T16:23:25.244+0000] {processor.py:840} INFO - DAG(s) 'example_skip_dag' retrieved from /home/airflow/.local/lib/python3.8/site-packages/airflow/example_dags/example_skip_dag.py
[2024-02-07T16:23:25.263+0000] {logging_mixin.py:188} INFO - [2024-02-07T16:23:25.263+0000] {dag.py:3036} INFO - Sync 1 DAGs
[2024-02-07T16:23:25.301+0000] {logging_mixin.py:188} INFO - [2024-02-07T16:23:25.300+0000] {dag.py:3823} INFO - Setting next_dagrun for example_skip_dag to 2024-02-06 00:00:00+00:00, run_after=2024-02-07 00:00:00+00:00
[2024-02-07T16:23:25.330+0000] {processor.py:183} INFO - Processing /home/airflow/.local/lib/python3.8/site-packages/airflow/example_dags/example_skip_dag.py took 0.108 seconds
[2024-02-07T16:23:55.504+0000] {processor.py:161} INFO - Started process (PID=108) to work on /home/airflow/.local/lib/python3.8/site-packages/airflow/example_dags/example_skip_dag.py
[2024-02-07T16:23:55.504+0000] {processor.py:830} INFO - Processing file /home/airflow/.local/lib/python3.8/site-packages/airflow/example_dags/example_skip_dag.py for tasks to queue
[2024-02-07T16:23:55.506+0000] {logging_mixin.py:188} INFO - [2024-02-07T16:23:55.506+0000] {dagbag.py:538} INFO - Filling up the DagBag from /home/airflow/.local/lib/python3.8/site-packages/airflow/example_dags/example_skip_dag.py
[2024-02-07T16:23:55.512+0000] {processor.py:840} INFO - DAG(s) 'example_skip_dag' retrieved from /home/airflow/.local/lib/python3.8/site-packages/airflow/example_dags/example_skip_dag.py
[2024-02-07T16:23:55.613+0000] {logging_mixin.py:188} INFO - [2024-02-07T16:23:55.612+0000] {dag.py:3036} INFO - Sync 1 DAGs
[2024-02-07T16:23:55.632+0000] {logging_mixin.py:188} INFO - [2024-02-07T16:23:55.631+0000] {dag.py:3823} INFO - Setting next_dagrun for example_skip_dag to 2024-02-06 00:00:00+00:00, run_after=2024-02-07 00:00:00+00:00
[2024-02-07T16:23:55.652+0000] {processor.py:183} INFO - Processing /home/airflow/.local/lib/python3.8/site-packages/airflow/example_dags/example_skip_dag.py took 0.152 seconds
[2024-02-07T16:24:25.948+0000] {processor.py:161} INFO - Started process (PID=165) to work on /home/airflow/.local/lib/python3.8/site-packages/airflow/example_dags/example_skip_dag.py
[2024-02-07T16:24:25.949+0000] {processor.py:830} INFO - Processing file /home/airflow/.local/lib/python3.8/site-packages/airflow/example_dags/example_skip_dag.py for tasks to queue
[2024-02-07T16:24:25.950+0000] {logging_mixin.py:188} INFO - [2024-02-07T16:24:25.950+0000] {dagbag.py:538} INFO - Filling up the DagBag from /home/airflow/.local/lib/python3.8/site-packages/airflow/example_dags/example_skip_dag.py
[2024-02-07T16:24:25.957+0000] {processor.py:840} INFO - DAG(s) 'example_skip_dag' retrieved from /home/airflow/.local/lib/python3.8/site-packages/airflow/example_dags/example_skip_dag.py
[2024-02-07T16:24:25.979+0000] {logging_mixin.py:188} INFO - [2024-02-07T16:24:25.978+0000] {dag.py:3036} INFO - Sync 1 DAGs
[2024-02-07T16:24:26.000+0000] {logging_mixin.py:188} INFO - [2024-02-07T16:24:26.000+0000] {dag.py:3823} INFO - Setting next_dagrun for example_skip_dag to 2024-02-06 00:00:00+00:00, run_after=2024-02-07 00:00:00+00:00
[2024-02-07T16:24:26.019+0000] {processor.py:183} INFO - Processing /home/airflow/.local/lib/python3.8/site-packages/airflow/example_dags/example_skip_dag.py took 0.074 seconds
[2024-02-07T16:24:56.101+0000] {processor.py:161} INFO - Started process (PID=222) to work on /home/airflow/.local/lib/python3.8/site-packages/airflow/example_dags/example_skip_dag.py
[2024-02-07T16:24:56.102+0000] {processor.py:830} INFO - Processing file /home/airflow/.local/lib/python3.8/site-packages/airflow/example_dags/example_skip_dag.py for tasks to queue
[2024-02-07T16:24:56.103+0000] {logging_mixin.py:188} INFO - [2024-02-07T16:24:56.103+0000] {dagbag.py:538} INFO - Filling up the DagBag from /home/airflow/.local/lib/python3.8/site-packages/airflow/example_dags/example_skip_dag.py
[2024-02-07T16:24:56.110+0000] {processor.py:840} INFO - DAG(s) 'example_skip_dag' retrieved from /home/airflow/.local/lib/python3.8/site-packages/airflow/example_dags/example_skip_dag.py
[2024-02-07T16:24:56.130+0000] {logging_mixin.py:188} INFO - [2024-02-07T16:24:56.130+0000] {dag.py:3036} INFO - Sync 1 DAGs
[2024-02-07T16:24:56.152+0000] {logging_mixin.py:188} INFO - [2024-02-07T16:24:56.151+0000] {dag.py:3823} INFO - Setting next_dagrun for example_skip_dag to 2024-02-06 00:00:00+00:00, run_after=2024-02-07 00:00:00+00:00
[2024-02-07T16:24:56.170+0000] {processor.py:183} INFO - Processing /home/airflow/.local/lib/python3.8/site-packages/airflow/example_dags/example_skip_dag.py took 0.073 seconds
[2024-02-07T16:25:26.345+0000] {processor.py:161} INFO - Started process (PID=279) to work on /home/airflow/.local/lib/python3.8/site-packages/airflow/example_dags/example_skip_dag.py
[2024-02-07T16:25:26.346+0000] {processor.py:830} INFO - Processing file /home/airflow/.local/lib/python3.8/site-packages/airflow/example_dags/example_skip_dag.py for tasks to queue
[2024-02-07T16:25:26.347+0000] {logging_mixin.py:188} INFO - [2024-02-07T16:25:26.347+0000] {dagbag.py:538} INFO - Filling up the DagBag from /home/airflow/.local/lib/python3.8/site-packages/airflow/example_dags/example_skip_dag.py
[2024-02-07T16:25:26.354+0000] {processor.py:840} INFO - DAG(s) 'example_skip_dag' retrieved from /home/airflow/.local/lib/python3.8/site-packages/airflow/example_dags/example_skip_dag.py
[2024-02-07T16:25:26.374+0000] {logging_mixin.py:188} INFO - [2024-02-07T16:25:26.374+0000] {dag.py:3036} INFO - Sync 1 DAGs
[2024-02-07T16:25:26.396+0000] {logging_mixin.py:188} INFO - [2024-02-07T16:25:26.396+0000] {dag.py:3823} INFO - Setting next_dagrun for example_skip_dag to 2024-02-06 00:00:00+00:00, run_after=2024-02-07 00:00:00+00:00
[2024-02-07T16:25:26.416+0000] {processor.py:183} INFO - Processing /home/airflow/.local/lib/python3.8/site-packages/airflow/example_dags/example_skip_dag.py took 0.074 seconds
[2024-02-07T16:25:56.554+0000] {processor.py:161} INFO - Started process (PID=336) to work on /home/airflow/.local/lib/python3.8/site-packages/airflow/example_dags/example_skip_dag.py
[2024-02-07T16:25:56.555+0000] {processor.py:830} INFO - Processing file /home/airflow/.local/lib/python3.8/site-packages/airflow/example_dags/example_skip_dag.py for tasks to queue
[2024-02-07T16:25:56.557+0000] {logging_mixin.py:188} INFO - [2024-02-07T16:25:56.556+0000] {dagbag.py:538} INFO - Filling up the DagBag from /home/airflow/.local/lib/python3.8/site-packages/airflow/example_dags/example_skip_dag.py
[2024-02-07T16:25:56.563+0000] {processor.py:840} INFO - DAG(s) 'example_skip_dag' retrieved from /home/airflow/.local/lib/python3.8/site-packages/airflow/example_dags/example_skip_dag.py
[2024-02-07T16:25:56.590+0000] {logging_mixin.py:188} INFO - [2024-02-07T16:25:56.590+0000] {dag.py:3036} INFO - Sync 1 DAGs
[2024-02-07T16:25:56.615+0000] {logging_mixin.py:188} INFO - [2024-02-07T16:25:56.615+0000] {dag.py:3823} INFO - Setting next_dagrun for example_skip_dag to 2024-02-06 00:00:00+00:00, run_after=2024-02-07 00:00:00+00:00
[2024-02-07T16:25:56.633+0000] {processor.py:183} INFO - Processing /home/airflow/.local/lib/python3.8/site-packages/airflow/example_dags/example_skip_dag.py took 0.082 seconds
[2024-02-07T16:48:22.273+0000] {processor.py:161} INFO - Started process (PID=52) to work on /home/airflow/.local/lib/python3.8/site-packages/airflow/example_dags/example_skip_dag.py
[2024-02-07T16:48:22.275+0000] {processor.py:830} INFO - Processing file /home/airflow/.local/lib/python3.8/site-packages/airflow/example_dags/example_skip_dag.py for tasks to queue
[2024-02-07T16:48:22.277+0000] {logging_mixin.py:188} INFO - [2024-02-07T16:48:22.276+0000] {dagbag.py:538} INFO - Filling up the DagBag from /home/airflow/.local/lib/python3.8/site-packages/airflow/example_dags/example_skip_dag.py
[2024-02-07T16:48:22.290+0000] {processor.py:840} INFO - DAG(s) 'example_skip_dag' retrieved from /home/airflow/.local/lib/python3.8/site-packages/airflow/example_dags/example_skip_dag.py
[2024-02-07T16:48:22.428+0000] {logging_mixin.py:188} INFO - [2024-02-07T16:48:22.428+0000] {dag.py:3036} INFO - Sync 1 DAGs
[2024-02-07T16:48:22.457+0000] {logging_mixin.py:188} INFO - [2024-02-07T16:48:22.456+0000] {dag.py:3823} INFO - Setting next_dagrun for example_skip_dag to 2024-02-06 00:00:00+00:00, run_after=2024-02-07 00:00:00+00:00
[2024-02-07T16:48:22.489+0000] {processor.py:183} INFO - Processing /home/airflow/.local/lib/python3.8/site-packages/airflow/example_dags/example_skip_dag.py took 0.219 seconds
[2024-02-07T16:48:53.049+0000] {processor.py:161} INFO - Started process (PID=108) to work on /home/airflow/.local/lib/python3.8/site-packages/airflow/example_dags/example_skip_dag.py
[2024-02-07T16:48:53.050+0000] {processor.py:830} INFO - Processing file /home/airflow/.local/lib/python3.8/site-packages/airflow/example_dags/example_skip_dag.py for tasks to queue
[2024-02-07T16:48:53.052+0000] {logging_mixin.py:188} INFO - [2024-02-07T16:48:53.051+0000] {dagbag.py:538} INFO - Filling up the DagBag from /home/airflow/.local/lib/python3.8/site-packages/airflow/example_dags/example_skip_dag.py
[2024-02-07T16:48:53.058+0000] {processor.py:840} INFO - DAG(s) 'example_skip_dag' retrieved from /home/airflow/.local/lib/python3.8/site-packages/airflow/example_dags/example_skip_dag.py
[2024-02-07T16:48:53.078+0000] {logging_mixin.py:188} INFO - [2024-02-07T16:48:53.078+0000] {dag.py:3036} INFO - Sync 1 DAGs
[2024-02-07T16:48:53.098+0000] {logging_mixin.py:188} INFO - [2024-02-07T16:48:53.098+0000] {dag.py:3823} INFO - Setting next_dagrun for example_skip_dag to 2024-02-06 00:00:00+00:00, run_after=2024-02-07 00:00:00+00:00
[2024-02-07T16:48:53.116+0000] {processor.py:183} INFO - Processing /home/airflow/.local/lib/python3.8/site-packages/airflow/example_dags/example_skip_dag.py took 0.070 seconds
[2024-02-07T16:49:23.641+0000] {processor.py:161} INFO - Started process (PID=164) to work on /home/airflow/.local/lib/python3.8/site-packages/airflow/example_dags/example_skip_dag.py
[2024-02-07T16:49:23.642+0000] {processor.py:830} INFO - Processing file /home/airflow/.local/lib/python3.8/site-packages/airflow/example_dags/example_skip_dag.py for tasks to queue
[2024-02-07T16:49:23.644+0000] {logging_mixin.py:188} INFO - [2024-02-07T16:49:23.644+0000] {dagbag.py:538} INFO - Filling up the DagBag from /home/airflow/.local/lib/python3.8/site-packages/airflow/example_dags/example_skip_dag.py
[2024-02-07T16:49:23.652+0000] {processor.py:840} INFO - DAG(s) 'example_skip_dag' retrieved from /home/airflow/.local/lib/python3.8/site-packages/airflow/example_dags/example_skip_dag.py
[2024-02-07T16:49:23.677+0000] {logging_mixin.py:188} INFO - [2024-02-07T16:49:23.676+0000] {dag.py:3036} INFO - Sync 1 DAGs
[2024-02-07T16:49:23.699+0000] {logging_mixin.py:188} INFO - [2024-02-07T16:49:23.699+0000] {dag.py:3823} INFO - Setting next_dagrun for example_skip_dag to 2024-02-06 00:00:00+00:00, run_after=2024-02-07 00:00:00+00:00
[2024-02-07T16:49:23.719+0000] {processor.py:183} INFO - Processing /home/airflow/.local/lib/python3.8/site-packages/airflow/example_dags/example_skip_dag.py took 0.083 seconds
[2024-02-07T16:49:53.764+0000] {processor.py:161} INFO - Started process (PID=222) to work on /home/airflow/.local/lib/python3.8/site-packages/airflow/example_dags/example_skip_dag.py
[2024-02-07T16:49:53.765+0000] {processor.py:830} INFO - Processing file /home/airflow/.local/lib/python3.8/site-packages/airflow/example_dags/example_skip_dag.py for tasks to queue
[2024-02-07T16:49:53.767+0000] {logging_mixin.py:188} INFO - [2024-02-07T16:49:53.766+0000] {dagbag.py:538} INFO - Filling up the DagBag from /home/airflow/.local/lib/python3.8/site-packages/airflow/example_dags/example_skip_dag.py
[2024-02-07T16:49:53.773+0000] {processor.py:840} INFO - DAG(s) 'example_skip_dag' retrieved from /home/airflow/.local/lib/python3.8/site-packages/airflow/example_dags/example_skip_dag.py
[2024-02-07T16:49:53.793+0000] {logging_mixin.py:188} INFO - [2024-02-07T16:49:53.792+0000] {dag.py:3036} INFO - Sync 1 DAGs
[2024-02-07T16:49:53.813+0000] {logging_mixin.py:188} INFO - [2024-02-07T16:49:53.813+0000] {dag.py:3823} INFO - Setting next_dagrun for example_skip_dag to 2024-02-06 00:00:00+00:00, run_after=2024-02-07 00:00:00+00:00
[2024-02-07T16:49:53.831+0000] {processor.py:183} INFO - Processing /home/airflow/.local/lib/python3.8/site-packages/airflow/example_dags/example_skip_dag.py took 0.070 seconds
[2024-02-07T16:50:24.234+0000] {processor.py:161} INFO - Started process (PID=279) to work on /home/airflow/.local/lib/python3.8/site-packages/airflow/example_dags/example_skip_dag.py
[2024-02-07T16:50:24.235+0000] {processor.py:830} INFO - Processing file /home/airflow/.local/lib/python3.8/site-packages/airflow/example_dags/example_skip_dag.py for tasks to queue
[2024-02-07T16:50:24.237+0000] {logging_mixin.py:188} INFO - [2024-02-07T16:50:24.237+0000] {dagbag.py:538} INFO - Filling up the DagBag from /home/airflow/.local/lib/python3.8/site-packages/airflow/example_dags/example_skip_dag.py
[2024-02-07T16:50:24.246+0000] {processor.py:840} INFO - DAG(s) 'example_skip_dag' retrieved from /home/airflow/.local/lib/python3.8/site-packages/airflow/example_dags/example_skip_dag.py
[2024-02-07T16:50:24.271+0000] {logging_mixin.py:188} INFO - [2024-02-07T16:50:24.271+0000] {dag.py:3036} INFO - Sync 1 DAGs
[2024-02-07T16:50:24.296+0000] {logging_mixin.py:188} INFO - [2024-02-07T16:50:24.296+0000] {dag.py:3823} INFO - Setting next_dagrun for example_skip_dag to 2024-02-06 00:00:00+00:00, run_after=2024-02-07 00:00:00+00:00
[2024-02-07T16:50:24.316+0000] {processor.py:183} INFO - Processing /home/airflow/.local/lib/python3.8/site-packages/airflow/example_dags/example_skip_dag.py took 0.085 seconds
[2024-02-07T16:50:54.421+0000] {processor.py:161} INFO - Started process (PID=336) to work on /home/airflow/.local/lib/python3.8/site-packages/airflow/example_dags/example_skip_dag.py
[2024-02-07T16:50:54.422+0000] {processor.py:830} INFO - Processing file /home/airflow/.local/lib/python3.8/site-packages/airflow/example_dags/example_skip_dag.py for tasks to queue
[2024-02-07T16:50:54.424+0000] {logging_mixin.py:188} INFO - [2024-02-07T16:50:54.424+0000] {dagbag.py:538} INFO - Filling up the DagBag from /home/airflow/.local/lib/python3.8/site-packages/airflow/example_dags/example_skip_dag.py
[2024-02-07T16:50:54.432+0000] {processor.py:840} INFO - DAG(s) 'example_skip_dag' retrieved from /home/airflow/.local/lib/python3.8/site-packages/airflow/example_dags/example_skip_dag.py
[2024-02-07T16:50:54.454+0000] {logging_mixin.py:188} INFO - [2024-02-07T16:50:54.454+0000] {dag.py:3036} INFO - Sync 1 DAGs
[2024-02-07T16:50:54.476+0000] {logging_mixin.py:188} INFO - [2024-02-07T16:50:54.476+0000] {dag.py:3823} INFO - Setting next_dagrun for example_skip_dag to 2024-02-06 00:00:00+00:00, run_after=2024-02-07 00:00:00+00:00
[2024-02-07T16:50:54.496+0000] {processor.py:183} INFO - Processing /home/airflow/.local/lib/python3.8/site-packages/airflow/example_dags/example_skip_dag.py took 0.078 seconds
