[2024-02-07T14:34:03.878+0000] {processor.py:161} INFO - Started process (PID=68) to work on /home/airflow/.local/lib/python3.8/site-packages/airflow/example_dags/example_trigger_controller_dag.py
[2024-02-07T14:34:03.879+0000] {processor.py:830} INFO - Processing file /home/airflow/.local/lib/python3.8/site-packages/airflow/example_dags/example_trigger_controller_dag.py for tasks to queue
[2024-02-07T14:34:03.880+0000] {logging_mixin.py:188} INFO - [2024-02-07T14:34:03.880+0000] {dagbag.py:538} INFO - Filling up the DagBag from /home/airflow/.local/lib/python3.8/site-packages/airflow/example_dags/example_trigger_controller_dag.py
[2024-02-07T14:34:03.885+0000] {processor.py:840} INFO - DAG(s) 'example_trigger_controller_dag' retrieved from /home/airflow/.local/lib/python3.8/site-packages/airflow/example_dags/example_trigger_controller_dag.py
[2024-02-07T14:34:03.898+0000] {logging_mixin.py:188} INFO - [2024-02-07T14:34:03.898+0000] {dag.py:3036} INFO - Sync 1 DAGs
[2024-02-07T14:34:03.930+0000] {logging_mixin.py:188} INFO - [2024-02-07T14:34:03.929+0000] {dag.py:3823} INFO - Setting next_dagrun for example_trigger_controller_dag to 2021-01-01 00:00:00+00:00, run_after=2021-01-01 00:00:00+00:00
[2024-02-07T14:34:03.956+0000] {processor.py:183} INFO - Processing /home/airflow/.local/lib/python3.8/site-packages/airflow/example_dags/example_trigger_controller_dag.py took 0.081 seconds
[2024-02-07T14:34:36.111+0000] {processor.py:161} INFO - Started process (PID=125) to work on /home/airflow/.local/lib/python3.8/site-packages/airflow/example_dags/example_trigger_controller_dag.py
[2024-02-07T14:34:36.113+0000] {processor.py:830} INFO - Processing file /home/airflow/.local/lib/python3.8/site-packages/airflow/example_dags/example_trigger_controller_dag.py for tasks to queue
[2024-02-07T14:34:36.115+0000] {logging_mixin.py:188} INFO - [2024-02-07T14:34:36.114+0000] {dagbag.py:538} INFO - Filling up the DagBag from /home/airflow/.local/lib/python3.8/site-packages/airflow/example_dags/example_trigger_controller_dag.py
[2024-02-07T14:34:36.121+0000] {processor.py:840} INFO - DAG(s) 'example_trigger_controller_dag' retrieved from /home/airflow/.local/lib/python3.8/site-packages/airflow/example_dags/example_trigger_controller_dag.py
[2024-02-07T14:34:36.296+0000] {logging_mixin.py:188} INFO - [2024-02-07T14:34:36.295+0000] {dag.py:3036} INFO - Sync 1 DAGs
[2024-02-07T14:34:36.326+0000] {logging_mixin.py:188} INFO - [2024-02-07T14:34:36.326+0000] {dag.py:3823} INFO - Setting next_dagrun for example_trigger_controller_dag to 2021-01-01 00:00:00+00:00, run_after=2021-01-01 00:00:00+00:00
[2024-02-07T14:34:36.358+0000] {processor.py:183} INFO - Processing /home/airflow/.local/lib/python3.8/site-packages/airflow/example_dags/example_trigger_controller_dag.py took 0.251 seconds
[2024-02-07T14:35:06.436+0000] {processor.py:161} INFO - Started process (PID=181) to work on /home/airflow/.local/lib/python3.8/site-packages/airflow/example_dags/example_trigger_controller_dag.py
[2024-02-07T14:35:06.437+0000] {processor.py:830} INFO - Processing file /home/airflow/.local/lib/python3.8/site-packages/airflow/example_dags/example_trigger_controller_dag.py for tasks to queue
[2024-02-07T14:35:06.439+0000] {logging_mixin.py:188} INFO - [2024-02-07T14:35:06.439+0000] {dagbag.py:538} INFO - Filling up the DagBag from /home/airflow/.local/lib/python3.8/site-packages/airflow/example_dags/example_trigger_controller_dag.py
[2024-02-07T14:35:06.443+0000] {processor.py:840} INFO - DAG(s) 'example_trigger_controller_dag' retrieved from /home/airflow/.local/lib/python3.8/site-packages/airflow/example_dags/example_trigger_controller_dag.py
[2024-02-07T14:35:06.462+0000] {logging_mixin.py:188} INFO - [2024-02-07T14:35:06.461+0000] {dag.py:3036} INFO - Sync 1 DAGs
[2024-02-07T14:35:06.483+0000] {logging_mixin.py:188} INFO - [2024-02-07T14:35:06.482+0000] {dag.py:3823} INFO - Setting next_dagrun for example_trigger_controller_dag to 2021-01-01 00:00:00+00:00, run_after=2021-01-01 00:00:00+00:00
[2024-02-07T14:35:06.506+0000] {processor.py:183} INFO - Processing /home/airflow/.local/lib/python3.8/site-packages/airflow/example_dags/example_trigger_controller_dag.py took 0.073 seconds
[2024-02-07T14:35:37.025+0000] {processor.py:161} INFO - Started process (PID=238) to work on /home/airflow/.local/lib/python3.8/site-packages/airflow/example_dags/example_trigger_controller_dag.py
[2024-02-07T14:35:37.026+0000] {processor.py:830} INFO - Processing file /home/airflow/.local/lib/python3.8/site-packages/airflow/example_dags/example_trigger_controller_dag.py for tasks to queue
[2024-02-07T14:35:37.028+0000] {logging_mixin.py:188} INFO - [2024-02-07T14:35:37.027+0000] {dagbag.py:538} INFO - Filling up the DagBag from /home/airflow/.local/lib/python3.8/site-packages/airflow/example_dags/example_trigger_controller_dag.py
[2024-02-07T14:35:37.032+0000] {processor.py:840} INFO - DAG(s) 'example_trigger_controller_dag' retrieved from /home/airflow/.local/lib/python3.8/site-packages/airflow/example_dags/example_trigger_controller_dag.py
[2024-02-07T14:35:37.051+0000] {logging_mixin.py:188} INFO - [2024-02-07T14:35:37.050+0000] {dag.py:3036} INFO - Sync 1 DAGs
[2024-02-07T14:35:37.071+0000] {logging_mixin.py:188} INFO - [2024-02-07T14:35:37.071+0000] {dag.py:3823} INFO - Setting next_dagrun for example_trigger_controller_dag to 2021-01-01 00:00:00+00:00, run_after=2021-01-01 00:00:00+00:00
[2024-02-07T14:35:37.089+0000] {processor.py:183} INFO - Processing /home/airflow/.local/lib/python3.8/site-packages/airflow/example_dags/example_trigger_controller_dag.py took 0.067 seconds
[2024-02-07T14:43:08.610+0000] {processor.py:161} INFO - Started process (PID=68) to work on /home/airflow/.local/lib/python3.8/site-packages/airflow/example_dags/example_trigger_controller_dag.py
[2024-02-07T14:43:08.611+0000] {processor.py:830} INFO - Processing file /home/airflow/.local/lib/python3.8/site-packages/airflow/example_dags/example_trigger_controller_dag.py for tasks to queue
[2024-02-07T14:43:08.612+0000] {logging_mixin.py:188} INFO - [2024-02-07T14:43:08.612+0000] {dagbag.py:538} INFO - Filling up the DagBag from /home/airflow/.local/lib/python3.8/site-packages/airflow/example_dags/example_trigger_controller_dag.py
[2024-02-07T14:43:08.618+0000] {processor.py:840} INFO - DAG(s) 'example_trigger_controller_dag' retrieved from /home/airflow/.local/lib/python3.8/site-packages/airflow/example_dags/example_trigger_controller_dag.py
[2024-02-07T14:43:08.631+0000] {logging_mixin.py:188} INFO - [2024-02-07T14:43:08.631+0000] {dag.py:3036} INFO - Sync 1 DAGs
[2024-02-07T14:43:08.668+0000] {logging_mixin.py:188} INFO - [2024-02-07T14:43:08.668+0000] {dag.py:3823} INFO - Setting next_dagrun for example_trigger_controller_dag to 2021-01-01 00:00:00+00:00, run_after=2021-01-01 00:00:00+00:00
[2024-02-07T14:43:08.686+0000] {processor.py:183} INFO - Processing /home/airflow/.local/lib/python3.8/site-packages/airflow/example_dags/example_trigger_controller_dag.py took 0.079 seconds
[2024-02-07T14:43:39.949+0000] {processor.py:161} INFO - Started process (PID=125) to work on /home/airflow/.local/lib/python3.8/site-packages/airflow/example_dags/example_trigger_controller_dag.py
[2024-02-07T14:43:39.950+0000] {processor.py:830} INFO - Processing file /home/airflow/.local/lib/python3.8/site-packages/airflow/example_dags/example_trigger_controller_dag.py for tasks to queue
[2024-02-07T14:43:39.952+0000] {logging_mixin.py:188} INFO - [2024-02-07T14:43:39.952+0000] {dagbag.py:538} INFO - Filling up the DagBag from /home/airflow/.local/lib/python3.8/site-packages/airflow/example_dags/example_trigger_controller_dag.py
[2024-02-07T14:43:39.956+0000] {processor.py:840} INFO - DAG(s) 'example_trigger_controller_dag' retrieved from /home/airflow/.local/lib/python3.8/site-packages/airflow/example_dags/example_trigger_controller_dag.py
[2024-02-07T14:43:40.053+0000] {logging_mixin.py:188} INFO - [2024-02-07T14:43:40.053+0000] {dag.py:3036} INFO - Sync 1 DAGs
[2024-02-07T14:43:40.071+0000] {logging_mixin.py:188} INFO - [2024-02-07T14:43:40.071+0000] {dag.py:3823} INFO - Setting next_dagrun for example_trigger_controller_dag to 2021-01-01 00:00:00+00:00, run_after=2021-01-01 00:00:00+00:00
[2024-02-07T14:43:40.093+0000] {processor.py:183} INFO - Processing /home/airflow/.local/lib/python3.8/site-packages/airflow/example_dags/example_trigger_controller_dag.py took 0.146 seconds
[2024-02-07T14:44:10.853+0000] {processor.py:161} INFO - Started process (PID=182) to work on /home/airflow/.local/lib/python3.8/site-packages/airflow/example_dags/example_trigger_controller_dag.py
[2024-02-07T14:44:10.854+0000] {processor.py:830} INFO - Processing file /home/airflow/.local/lib/python3.8/site-packages/airflow/example_dags/example_trigger_controller_dag.py for tasks to queue
[2024-02-07T14:44:10.855+0000] {logging_mixin.py:188} INFO - [2024-02-07T14:44:10.855+0000] {dagbag.py:538} INFO - Filling up the DagBag from /home/airflow/.local/lib/python3.8/site-packages/airflow/example_dags/example_trigger_controller_dag.py
[2024-02-07T14:44:10.860+0000] {processor.py:840} INFO - DAG(s) 'example_trigger_controller_dag' retrieved from /home/airflow/.local/lib/python3.8/site-packages/airflow/example_dags/example_trigger_controller_dag.py
[2024-02-07T14:44:10.878+0000] {logging_mixin.py:188} INFO - [2024-02-07T14:44:10.878+0000] {dag.py:3036} INFO - Sync 1 DAGs
[2024-02-07T14:44:10.898+0000] {logging_mixin.py:188} INFO - [2024-02-07T14:44:10.898+0000] {dag.py:3823} INFO - Setting next_dagrun for example_trigger_controller_dag to 2021-01-01 00:00:00+00:00, run_after=2021-01-01 00:00:00+00:00
[2024-02-07T14:44:10.916+0000] {processor.py:183} INFO - Processing /home/airflow/.local/lib/python3.8/site-packages/airflow/example_dags/example_trigger_controller_dag.py took 0.066 seconds
[2024-02-07T14:44:41.550+0000] {processor.py:161} INFO - Started process (PID=239) to work on /home/airflow/.local/lib/python3.8/site-packages/airflow/example_dags/example_trigger_controller_dag.py
[2024-02-07T14:44:41.552+0000] {processor.py:830} INFO - Processing file /home/airflow/.local/lib/python3.8/site-packages/airflow/example_dags/example_trigger_controller_dag.py for tasks to queue
[2024-02-07T14:44:41.554+0000] {logging_mixin.py:188} INFO - [2024-02-07T14:44:41.554+0000] {dagbag.py:538} INFO - Filling up the DagBag from /home/airflow/.local/lib/python3.8/site-packages/airflow/example_dags/example_trigger_controller_dag.py
[2024-02-07T14:44:41.560+0000] {processor.py:840} INFO - DAG(s) 'example_trigger_controller_dag' retrieved from /home/airflow/.local/lib/python3.8/site-packages/airflow/example_dags/example_trigger_controller_dag.py
[2024-02-07T14:44:41.583+0000] {logging_mixin.py:188} INFO - [2024-02-07T14:44:41.583+0000] {dag.py:3036} INFO - Sync 1 DAGs
[2024-02-07T14:44:41.610+0000] {logging_mixin.py:188} INFO - [2024-02-07T14:44:41.609+0000] {dag.py:3823} INFO - Setting next_dagrun for example_trigger_controller_dag to 2021-01-01 00:00:00+00:00, run_after=2021-01-01 00:00:00+00:00
[2024-02-07T14:44:41.633+0000] {processor.py:183} INFO - Processing /home/airflow/.local/lib/python3.8/site-packages/airflow/example_dags/example_trigger_controller_dag.py took 0.087 seconds
[2024-02-07T14:45:12.369+0000] {processor.py:161} INFO - Started process (PID=296) to work on /home/airflow/.local/lib/python3.8/site-packages/airflow/example_dags/example_trigger_controller_dag.py
[2024-02-07T14:45:12.369+0000] {processor.py:830} INFO - Processing file /home/airflow/.local/lib/python3.8/site-packages/airflow/example_dags/example_trigger_controller_dag.py for tasks to queue
[2024-02-07T14:45:12.371+0000] {logging_mixin.py:188} INFO - [2024-02-07T14:45:12.371+0000] {dagbag.py:538} INFO - Filling up the DagBag from /home/airflow/.local/lib/python3.8/site-packages/airflow/example_dags/example_trigger_controller_dag.py
[2024-02-07T14:45:12.375+0000] {processor.py:840} INFO - DAG(s) 'example_trigger_controller_dag' retrieved from /home/airflow/.local/lib/python3.8/site-packages/airflow/example_dags/example_trigger_controller_dag.py
[2024-02-07T14:45:12.402+0000] {logging_mixin.py:188} INFO - [2024-02-07T14:45:12.402+0000] {dag.py:3036} INFO - Sync 1 DAGs
[2024-02-07T14:45:12.425+0000] {logging_mixin.py:188} INFO - [2024-02-07T14:45:12.424+0000] {dag.py:3823} INFO - Setting next_dagrun for example_trigger_controller_dag to 2021-01-01 00:00:00+00:00, run_after=2021-01-01 00:00:00+00:00
[2024-02-07T14:45:12.443+0000] {processor.py:183} INFO - Processing /home/airflow/.local/lib/python3.8/site-packages/airflow/example_dags/example_trigger_controller_dag.py took 0.078 seconds
[2024-02-07T14:45:42.921+0000] {processor.py:161} INFO - Started process (PID=353) to work on /home/airflow/.local/lib/python3.8/site-packages/airflow/example_dags/example_trigger_controller_dag.py
[2024-02-07T14:45:42.922+0000] {processor.py:830} INFO - Processing file /home/airflow/.local/lib/python3.8/site-packages/airflow/example_dags/example_trigger_controller_dag.py for tasks to queue
[2024-02-07T14:45:42.924+0000] {logging_mixin.py:188} INFO - [2024-02-07T14:45:42.924+0000] {dagbag.py:538} INFO - Filling up the DagBag from /home/airflow/.local/lib/python3.8/site-packages/airflow/example_dags/example_trigger_controller_dag.py
[2024-02-07T14:45:42.931+0000] {processor.py:840} INFO - DAG(s) 'example_trigger_controller_dag' retrieved from /home/airflow/.local/lib/python3.8/site-packages/airflow/example_dags/example_trigger_controller_dag.py
[2024-02-07T14:45:42.960+0000] {logging_mixin.py:188} INFO - [2024-02-07T14:45:42.959+0000] {dag.py:3036} INFO - Sync 1 DAGs
[2024-02-07T14:45:43.002+0000] {logging_mixin.py:188} INFO - [2024-02-07T14:45:43.001+0000] {dag.py:3823} INFO - Setting next_dagrun for example_trigger_controller_dag to 2021-01-01 00:00:00+00:00, run_after=2021-01-01 00:00:00+00:00
[2024-02-07T14:45:43.040+0000] {processor.py:183} INFO - Processing /home/airflow/.local/lib/python3.8/site-packages/airflow/example_dags/example_trigger_controller_dag.py took 0.123 seconds
[2024-02-07T14:46:13.482+0000] {processor.py:161} INFO - Started process (PID=410) to work on /home/airflow/.local/lib/python3.8/site-packages/airflow/example_dags/example_trigger_controller_dag.py
[2024-02-07T14:46:13.483+0000] {processor.py:830} INFO - Processing file /home/airflow/.local/lib/python3.8/site-packages/airflow/example_dags/example_trigger_controller_dag.py for tasks to queue
[2024-02-07T14:46:13.485+0000] {logging_mixin.py:188} INFO - [2024-02-07T14:46:13.484+0000] {dagbag.py:538} INFO - Filling up the DagBag from /home/airflow/.local/lib/python3.8/site-packages/airflow/example_dags/example_trigger_controller_dag.py
[2024-02-07T14:46:13.490+0000] {processor.py:840} INFO - DAG(s) 'example_trigger_controller_dag' retrieved from /home/airflow/.local/lib/python3.8/site-packages/airflow/example_dags/example_trigger_controller_dag.py
[2024-02-07T14:46:13.510+0000] {logging_mixin.py:188} INFO - [2024-02-07T14:46:13.509+0000] {dag.py:3036} INFO - Sync 1 DAGs
[2024-02-07T14:46:13.532+0000] {logging_mixin.py:188} INFO - [2024-02-07T14:46:13.531+0000] {dag.py:3823} INFO - Setting next_dagrun for example_trigger_controller_dag to 2021-01-01 00:00:00+00:00, run_after=2021-01-01 00:00:00+00:00
[2024-02-07T14:46:13.551+0000] {processor.py:183} INFO - Processing /home/airflow/.local/lib/python3.8/site-packages/airflow/example_dags/example_trigger_controller_dag.py took 0.072 seconds
[2024-02-07T14:46:44.164+0000] {processor.py:161} INFO - Started process (PID=467) to work on /home/airflow/.local/lib/python3.8/site-packages/airflow/example_dags/example_trigger_controller_dag.py
[2024-02-07T14:46:44.165+0000] {processor.py:830} INFO - Processing file /home/airflow/.local/lib/python3.8/site-packages/airflow/example_dags/example_trigger_controller_dag.py for tasks to queue
[2024-02-07T14:46:44.166+0000] {logging_mixin.py:188} INFO - [2024-02-07T14:46:44.166+0000] {dagbag.py:538} INFO - Filling up the DagBag from /home/airflow/.local/lib/python3.8/site-packages/airflow/example_dags/example_trigger_controller_dag.py
[2024-02-07T14:46:44.170+0000] {processor.py:840} INFO - DAG(s) 'example_trigger_controller_dag' retrieved from /home/airflow/.local/lib/python3.8/site-packages/airflow/example_dags/example_trigger_controller_dag.py
[2024-02-07T14:46:44.194+0000] {logging_mixin.py:188} INFO - [2024-02-07T14:46:44.194+0000] {dag.py:3036} INFO - Sync 1 DAGs
[2024-02-07T14:46:44.220+0000] {logging_mixin.py:188} INFO - [2024-02-07T14:46:44.220+0000] {dag.py:3823} INFO - Setting next_dagrun for example_trigger_controller_dag to 2021-01-01 00:00:00+00:00, run_after=2021-01-01 00:00:00+00:00
[2024-02-07T14:46:44.242+0000] {processor.py:183} INFO - Processing /home/airflow/.local/lib/python3.8/site-packages/airflow/example_dags/example_trigger_controller_dag.py took 0.081 seconds
[2024-02-07T14:47:14.419+0000] {processor.py:161} INFO - Started process (PID=523) to work on /home/airflow/.local/lib/python3.8/site-packages/airflow/example_dags/example_trigger_controller_dag.py
[2024-02-07T14:47:14.420+0000] {processor.py:830} INFO - Processing file /home/airflow/.local/lib/python3.8/site-packages/airflow/example_dags/example_trigger_controller_dag.py for tasks to queue
[2024-02-07T14:47:14.421+0000] {logging_mixin.py:188} INFO - [2024-02-07T14:47:14.421+0000] {dagbag.py:538} INFO - Filling up the DagBag from /home/airflow/.local/lib/python3.8/site-packages/airflow/example_dags/example_trigger_controller_dag.py
[2024-02-07T14:47:14.426+0000] {processor.py:840} INFO - DAG(s) 'example_trigger_controller_dag' retrieved from /home/airflow/.local/lib/python3.8/site-packages/airflow/example_dags/example_trigger_controller_dag.py
[2024-02-07T14:47:14.444+0000] {logging_mixin.py:188} INFO - [2024-02-07T14:47:14.444+0000] {dag.py:3036} INFO - Sync 1 DAGs
[2024-02-07T14:47:14.467+0000] {logging_mixin.py:188} INFO - [2024-02-07T14:47:14.467+0000] {dag.py:3823} INFO - Setting next_dagrun for example_trigger_controller_dag to 2021-01-01 00:00:00+00:00, run_after=2021-01-01 00:00:00+00:00
[2024-02-07T14:47:14.490+0000] {processor.py:183} INFO - Processing /home/airflow/.local/lib/python3.8/site-packages/airflow/example_dags/example_trigger_controller_dag.py took 0.074 seconds
[2024-02-07T14:47:44.700+0000] {processor.py:161} INFO - Started process (PID=579) to work on /home/airflow/.local/lib/python3.8/site-packages/airflow/example_dags/example_trigger_controller_dag.py
[2024-02-07T14:47:44.701+0000] {processor.py:830} INFO - Processing file /home/airflow/.local/lib/python3.8/site-packages/airflow/example_dags/example_trigger_controller_dag.py for tasks to queue
[2024-02-07T14:47:44.702+0000] {logging_mixin.py:188} INFO - [2024-02-07T14:47:44.702+0000] {dagbag.py:538} INFO - Filling up the DagBag from /home/airflow/.local/lib/python3.8/site-packages/airflow/example_dags/example_trigger_controller_dag.py
[2024-02-07T14:47:44.706+0000] {processor.py:840} INFO - DAG(s) 'example_trigger_controller_dag' retrieved from /home/airflow/.local/lib/python3.8/site-packages/airflow/example_dags/example_trigger_controller_dag.py
[2024-02-07T14:47:44.726+0000] {logging_mixin.py:188} INFO - [2024-02-07T14:47:44.725+0000] {dag.py:3036} INFO - Sync 1 DAGs
[2024-02-07T14:47:44.753+0000] {logging_mixin.py:188} INFO - [2024-02-07T14:47:44.753+0000] {dag.py:3823} INFO - Setting next_dagrun for example_trigger_controller_dag to 2021-01-01 00:00:00+00:00, run_after=2021-01-01 00:00:00+00:00
[2024-02-07T14:47:44.770+0000] {processor.py:183} INFO - Processing /home/airflow/.local/lib/python3.8/site-packages/airflow/example_dags/example_trigger_controller_dag.py took 0.074 seconds
[2024-02-07T14:48:15.038+0000] {processor.py:161} INFO - Started process (PID=636) to work on /home/airflow/.local/lib/python3.8/site-packages/airflow/example_dags/example_trigger_controller_dag.py
[2024-02-07T14:48:15.039+0000] {processor.py:830} INFO - Processing file /home/airflow/.local/lib/python3.8/site-packages/airflow/example_dags/example_trigger_controller_dag.py for tasks to queue
[2024-02-07T14:48:15.041+0000] {logging_mixin.py:188} INFO - [2024-02-07T14:48:15.041+0000] {dagbag.py:538} INFO - Filling up the DagBag from /home/airflow/.local/lib/python3.8/site-packages/airflow/example_dags/example_trigger_controller_dag.py
[2024-02-07T14:48:15.046+0000] {processor.py:840} INFO - DAG(s) 'example_trigger_controller_dag' retrieved from /home/airflow/.local/lib/python3.8/site-packages/airflow/example_dags/example_trigger_controller_dag.py
[2024-02-07T14:48:15.065+0000] {logging_mixin.py:188} INFO - [2024-02-07T14:48:15.065+0000] {dag.py:3036} INFO - Sync 1 DAGs
[2024-02-07T14:48:15.090+0000] {logging_mixin.py:188} INFO - [2024-02-07T14:48:15.090+0000] {dag.py:3823} INFO - Setting next_dagrun for example_trigger_controller_dag to 2021-01-01 00:00:00+00:00, run_after=2021-01-01 00:00:00+00:00
[2024-02-07T14:48:15.108+0000] {processor.py:183} INFO - Processing /home/airflow/.local/lib/python3.8/site-packages/airflow/example_dags/example_trigger_controller_dag.py took 0.073 seconds
[2024-02-07T14:48:45.453+0000] {processor.py:161} INFO - Started process (PID=693) to work on /home/airflow/.local/lib/python3.8/site-packages/airflow/example_dags/example_trigger_controller_dag.py
[2024-02-07T14:48:45.454+0000] {processor.py:830} INFO - Processing file /home/airflow/.local/lib/python3.8/site-packages/airflow/example_dags/example_trigger_controller_dag.py for tasks to queue
[2024-02-07T14:48:45.456+0000] {logging_mixin.py:188} INFO - [2024-02-07T14:48:45.455+0000] {dagbag.py:538} INFO - Filling up the DagBag from /home/airflow/.local/lib/python3.8/site-packages/airflow/example_dags/example_trigger_controller_dag.py
[2024-02-07T14:48:45.460+0000] {processor.py:840} INFO - DAG(s) 'example_trigger_controller_dag' retrieved from /home/airflow/.local/lib/python3.8/site-packages/airflow/example_dags/example_trigger_controller_dag.py
[2024-02-07T14:48:45.478+0000] {logging_mixin.py:188} INFO - [2024-02-07T14:48:45.478+0000] {dag.py:3036} INFO - Sync 1 DAGs
[2024-02-07T14:48:45.498+0000] {logging_mixin.py:188} INFO - [2024-02-07T14:48:45.498+0000] {dag.py:3823} INFO - Setting next_dagrun for example_trigger_controller_dag to 2021-01-01 00:00:00+00:00, run_after=2021-01-01 00:00:00+00:00
[2024-02-07T14:48:45.516+0000] {processor.py:183} INFO - Processing /home/airflow/.local/lib/python3.8/site-packages/airflow/example_dags/example_trigger_controller_dag.py took 0.066 seconds
[2024-02-07T14:49:15.628+0000] {processor.py:161} INFO - Started process (PID=750) to work on /home/airflow/.local/lib/python3.8/site-packages/airflow/example_dags/example_trigger_controller_dag.py
[2024-02-07T14:49:15.629+0000] {processor.py:830} INFO - Processing file /home/airflow/.local/lib/python3.8/site-packages/airflow/example_dags/example_trigger_controller_dag.py for tasks to queue
[2024-02-07T14:49:15.631+0000] {logging_mixin.py:188} INFO - [2024-02-07T14:49:15.631+0000] {dagbag.py:538} INFO - Filling up the DagBag from /home/airflow/.local/lib/python3.8/site-packages/airflow/example_dags/example_trigger_controller_dag.py
[2024-02-07T14:49:15.637+0000] {processor.py:840} INFO - DAG(s) 'example_trigger_controller_dag' retrieved from /home/airflow/.local/lib/python3.8/site-packages/airflow/example_dags/example_trigger_controller_dag.py
[2024-02-07T14:49:15.660+0000] {logging_mixin.py:188} INFO - [2024-02-07T14:49:15.659+0000] {dag.py:3036} INFO - Sync 1 DAGs
[2024-02-07T14:49:15.683+0000] {logging_mixin.py:188} INFO - [2024-02-07T14:49:15.683+0000] {dag.py:3823} INFO - Setting next_dagrun for example_trigger_controller_dag to 2021-01-01 00:00:00+00:00, run_after=2021-01-01 00:00:00+00:00
[2024-02-07T14:49:15.701+0000] {processor.py:183} INFO - Processing /home/airflow/.local/lib/python3.8/site-packages/airflow/example_dags/example_trigger_controller_dag.py took 0.076 seconds
[2024-02-07T14:49:46.261+0000] {processor.py:161} INFO - Started process (PID=807) to work on /home/airflow/.local/lib/python3.8/site-packages/airflow/example_dags/example_trigger_controller_dag.py
[2024-02-07T14:49:46.262+0000] {processor.py:830} INFO - Processing file /home/airflow/.local/lib/python3.8/site-packages/airflow/example_dags/example_trigger_controller_dag.py for tasks to queue
[2024-02-07T14:49:46.265+0000] {logging_mixin.py:188} INFO - [2024-02-07T14:49:46.264+0000] {dagbag.py:538} INFO - Filling up the DagBag from /home/airflow/.local/lib/python3.8/site-packages/airflow/example_dags/example_trigger_controller_dag.py
[2024-02-07T14:49:46.270+0000] {processor.py:840} INFO - DAG(s) 'example_trigger_controller_dag' retrieved from /home/airflow/.local/lib/python3.8/site-packages/airflow/example_dags/example_trigger_controller_dag.py
[2024-02-07T14:49:46.290+0000] {logging_mixin.py:188} INFO - [2024-02-07T14:49:46.290+0000] {dag.py:3036} INFO - Sync 1 DAGs
[2024-02-07T14:49:46.314+0000] {logging_mixin.py:188} INFO - [2024-02-07T14:49:46.314+0000] {dag.py:3823} INFO - Setting next_dagrun for example_trigger_controller_dag to 2021-01-01 00:00:00+00:00, run_after=2021-01-01 00:00:00+00:00
[2024-02-07T14:49:46.333+0000] {processor.py:183} INFO - Processing /home/airflow/.local/lib/python3.8/site-packages/airflow/example_dags/example_trigger_controller_dag.py took 0.075 seconds
[2024-02-07T14:50:17.046+0000] {processor.py:161} INFO - Started process (PID=864) to work on /home/airflow/.local/lib/python3.8/site-packages/airflow/example_dags/example_trigger_controller_dag.py
[2024-02-07T14:50:17.047+0000] {processor.py:830} INFO - Processing file /home/airflow/.local/lib/python3.8/site-packages/airflow/example_dags/example_trigger_controller_dag.py for tasks to queue
[2024-02-07T14:50:17.049+0000] {logging_mixin.py:188} INFO - [2024-02-07T14:50:17.049+0000] {dagbag.py:538} INFO - Filling up the DagBag from /home/airflow/.local/lib/python3.8/site-packages/airflow/example_dags/example_trigger_controller_dag.py
[2024-02-07T14:50:17.053+0000] {processor.py:840} INFO - DAG(s) 'example_trigger_controller_dag' retrieved from /home/airflow/.local/lib/python3.8/site-packages/airflow/example_dags/example_trigger_controller_dag.py
[2024-02-07T14:50:17.071+0000] {logging_mixin.py:188} INFO - [2024-02-07T14:50:17.071+0000] {dag.py:3036} INFO - Sync 1 DAGs
[2024-02-07T14:50:17.095+0000] {logging_mixin.py:188} INFO - [2024-02-07T14:50:17.095+0000] {dag.py:3823} INFO - Setting next_dagrun for example_trigger_controller_dag to 2021-01-01 00:00:00+00:00, run_after=2021-01-01 00:00:00+00:00
[2024-02-07T14:50:17.115+0000] {processor.py:183} INFO - Processing /home/airflow/.local/lib/python3.8/site-packages/airflow/example_dags/example_trigger_controller_dag.py took 0.072 seconds
[2024-02-07T14:50:47.707+0000] {processor.py:161} INFO - Started process (PID=921) to work on /home/airflow/.local/lib/python3.8/site-packages/airflow/example_dags/example_trigger_controller_dag.py
[2024-02-07T14:50:47.708+0000] {processor.py:830} INFO - Processing file /home/airflow/.local/lib/python3.8/site-packages/airflow/example_dags/example_trigger_controller_dag.py for tasks to queue
[2024-02-07T14:50:47.710+0000] {logging_mixin.py:188} INFO - [2024-02-07T14:50:47.709+0000] {dagbag.py:538} INFO - Filling up the DagBag from /home/airflow/.local/lib/python3.8/site-packages/airflow/example_dags/example_trigger_controller_dag.py
[2024-02-07T14:50:47.714+0000] {processor.py:840} INFO - DAG(s) 'example_trigger_controller_dag' retrieved from /home/airflow/.local/lib/python3.8/site-packages/airflow/example_dags/example_trigger_controller_dag.py
[2024-02-07T14:50:47.735+0000] {logging_mixin.py:188} INFO - [2024-02-07T14:50:47.734+0000] {dag.py:3036} INFO - Sync 1 DAGs
[2024-02-07T14:50:47.760+0000] {logging_mixin.py:188} INFO - [2024-02-07T14:50:47.760+0000] {dag.py:3823} INFO - Setting next_dagrun for example_trigger_controller_dag to 2021-01-01 00:00:00+00:00, run_after=2021-01-01 00:00:00+00:00
[2024-02-07T14:50:47.780+0000] {processor.py:183} INFO - Processing /home/airflow/.local/lib/python3.8/site-packages/airflow/example_dags/example_trigger_controller_dag.py took 0.077 seconds
[2024-02-07T14:51:18.509+0000] {processor.py:161} INFO - Started process (PID=979) to work on /home/airflow/.local/lib/python3.8/site-packages/airflow/example_dags/example_trigger_controller_dag.py
[2024-02-07T14:51:18.510+0000] {processor.py:830} INFO - Processing file /home/airflow/.local/lib/python3.8/site-packages/airflow/example_dags/example_trigger_controller_dag.py for tasks to queue
[2024-02-07T14:51:18.512+0000] {logging_mixin.py:188} INFO - [2024-02-07T14:51:18.511+0000] {dagbag.py:538} INFO - Filling up the DagBag from /home/airflow/.local/lib/python3.8/site-packages/airflow/example_dags/example_trigger_controller_dag.py
[2024-02-07T14:51:18.516+0000] {processor.py:840} INFO - DAG(s) 'example_trigger_controller_dag' retrieved from /home/airflow/.local/lib/python3.8/site-packages/airflow/example_dags/example_trigger_controller_dag.py
[2024-02-07T14:51:18.534+0000] {logging_mixin.py:188} INFO - [2024-02-07T14:51:18.534+0000] {dag.py:3036} INFO - Sync 1 DAGs
[2024-02-07T14:51:18.554+0000] {logging_mixin.py:188} INFO - [2024-02-07T14:51:18.554+0000] {dag.py:3823} INFO - Setting next_dagrun for example_trigger_controller_dag to 2021-01-01 00:00:00+00:00, run_after=2021-01-01 00:00:00+00:00
[2024-02-07T14:51:18.573+0000] {processor.py:183} INFO - Processing /home/airflow/.local/lib/python3.8/site-packages/airflow/example_dags/example_trigger_controller_dag.py took 0.067 seconds
[2024-02-07T14:51:48.891+0000] {processor.py:161} INFO - Started process (PID=1036) to work on /home/airflow/.local/lib/python3.8/site-packages/airflow/example_dags/example_trigger_controller_dag.py
[2024-02-07T14:51:48.892+0000] {processor.py:830} INFO - Processing file /home/airflow/.local/lib/python3.8/site-packages/airflow/example_dags/example_trigger_controller_dag.py for tasks to queue
[2024-02-07T14:51:48.894+0000] {logging_mixin.py:188} INFO - [2024-02-07T14:51:48.893+0000] {dagbag.py:538} INFO - Filling up the DagBag from /home/airflow/.local/lib/python3.8/site-packages/airflow/example_dags/example_trigger_controller_dag.py
[2024-02-07T14:51:48.898+0000] {processor.py:840} INFO - DAG(s) 'example_trigger_controller_dag' retrieved from /home/airflow/.local/lib/python3.8/site-packages/airflow/example_dags/example_trigger_controller_dag.py
[2024-02-07T14:51:48.916+0000] {logging_mixin.py:188} INFO - [2024-02-07T14:51:48.916+0000] {dag.py:3036} INFO - Sync 1 DAGs
[2024-02-07T14:51:48.937+0000] {logging_mixin.py:188} INFO - [2024-02-07T14:51:48.937+0000] {dag.py:3823} INFO - Setting next_dagrun for example_trigger_controller_dag to 2021-01-01 00:00:00+00:00, run_after=2021-01-01 00:00:00+00:00
[2024-02-07T14:51:48.956+0000] {processor.py:183} INFO - Processing /home/airflow/.local/lib/python3.8/site-packages/airflow/example_dags/example_trigger_controller_dag.py took 0.068 seconds
[2024-02-07T14:52:19.018+0000] {processor.py:161} INFO - Started process (PID=1094) to work on /home/airflow/.local/lib/python3.8/site-packages/airflow/example_dags/example_trigger_controller_dag.py
[2024-02-07T14:52:19.019+0000] {processor.py:830} INFO - Processing file /home/airflow/.local/lib/python3.8/site-packages/airflow/example_dags/example_trigger_controller_dag.py for tasks to queue
[2024-02-07T14:52:19.021+0000] {logging_mixin.py:188} INFO - [2024-02-07T14:52:19.021+0000] {dagbag.py:538} INFO - Filling up the DagBag from /home/airflow/.local/lib/python3.8/site-packages/airflow/example_dags/example_trigger_controller_dag.py
[2024-02-07T14:52:19.025+0000] {processor.py:840} INFO - DAG(s) 'example_trigger_controller_dag' retrieved from /home/airflow/.local/lib/python3.8/site-packages/airflow/example_dags/example_trigger_controller_dag.py
[2024-02-07T14:52:19.044+0000] {logging_mixin.py:188} INFO - [2024-02-07T14:52:19.043+0000] {dag.py:3036} INFO - Sync 1 DAGs
[2024-02-07T14:52:19.064+0000] {logging_mixin.py:188} INFO - [2024-02-07T14:52:19.064+0000] {dag.py:3823} INFO - Setting next_dagrun for example_trigger_controller_dag to 2021-01-01 00:00:00+00:00, run_after=2021-01-01 00:00:00+00:00
[2024-02-07T14:52:19.083+0000] {processor.py:183} INFO - Processing /home/airflow/.local/lib/python3.8/site-packages/airflow/example_dags/example_trigger_controller_dag.py took 0.067 seconds
[2024-02-07T14:53:49.686+0000] {processor.py:161} INFO - Started process (PID=67) to work on /home/airflow/.local/lib/python3.8/site-packages/airflow/example_dags/example_trigger_controller_dag.py
[2024-02-07T14:53:49.687+0000] {processor.py:830} INFO - Processing file /home/airflow/.local/lib/python3.8/site-packages/airflow/example_dags/example_trigger_controller_dag.py for tasks to queue
[2024-02-07T14:53:49.690+0000] {logging_mixin.py:188} INFO - [2024-02-07T14:53:49.689+0000] {dagbag.py:538} INFO - Filling up the DagBag from /home/airflow/.local/lib/python3.8/site-packages/airflow/example_dags/example_trigger_controller_dag.py
[2024-02-07T14:53:49.696+0000] {processor.py:840} INFO - DAG(s) 'example_trigger_controller_dag' retrieved from /home/airflow/.local/lib/python3.8/site-packages/airflow/example_dags/example_trigger_controller_dag.py
[2024-02-07T14:53:49.713+0000] {logging_mixin.py:188} INFO - [2024-02-07T14:53:49.712+0000] {dag.py:3036} INFO - Sync 1 DAGs
[2024-02-07T14:53:49.762+0000] {logging_mixin.py:188} INFO - [2024-02-07T14:53:49.761+0000] {dag.py:3823} INFO - Setting next_dagrun for example_trigger_controller_dag to 2021-01-01 00:00:00+00:00, run_after=2021-01-01 00:00:00+00:00
[2024-02-07T14:53:49.788+0000] {processor.py:183} INFO - Processing /home/airflow/.local/lib/python3.8/site-packages/airflow/example_dags/example_trigger_controller_dag.py took 0.106 seconds
[2024-02-07T14:54:20.702+0000] {processor.py:161} INFO - Started process (PID=123) to work on /home/airflow/.local/lib/python3.8/site-packages/airflow/example_dags/example_trigger_controller_dag.py
[2024-02-07T14:54:20.703+0000] {processor.py:830} INFO - Processing file /home/airflow/.local/lib/python3.8/site-packages/airflow/example_dags/example_trigger_controller_dag.py for tasks to queue
[2024-02-07T14:54:20.704+0000] {logging_mixin.py:188} INFO - [2024-02-07T14:54:20.704+0000] {dagbag.py:538} INFO - Filling up the DagBag from /home/airflow/.local/lib/python3.8/site-packages/airflow/example_dags/example_trigger_controller_dag.py
[2024-02-07T14:54:20.709+0000] {processor.py:840} INFO - DAG(s) 'example_trigger_controller_dag' retrieved from /home/airflow/.local/lib/python3.8/site-packages/airflow/example_dags/example_trigger_controller_dag.py
[2024-02-07T14:54:20.813+0000] {logging_mixin.py:188} INFO - [2024-02-07T14:54:20.813+0000] {dag.py:3036} INFO - Sync 1 DAGs
[2024-02-07T14:54:20.840+0000] {logging_mixin.py:188} INFO - [2024-02-07T14:54:20.840+0000] {dag.py:3823} INFO - Setting next_dagrun for example_trigger_controller_dag to 2021-01-01 00:00:00+00:00, run_after=2021-01-01 00:00:00+00:00
[2024-02-07T14:54:20.860+0000] {processor.py:183} INFO - Processing /home/airflow/.local/lib/python3.8/site-packages/airflow/example_dags/example_trigger_controller_dag.py took 0.161 seconds
[2024-02-07T14:54:51.012+0000] {processor.py:161} INFO - Started process (PID=180) to work on /home/airflow/.local/lib/python3.8/site-packages/airflow/example_dags/example_trigger_controller_dag.py
[2024-02-07T14:54:51.013+0000] {processor.py:830} INFO - Processing file /home/airflow/.local/lib/python3.8/site-packages/airflow/example_dags/example_trigger_controller_dag.py for tasks to queue
[2024-02-07T14:54:51.014+0000] {logging_mixin.py:188} INFO - [2024-02-07T14:54:51.014+0000] {dagbag.py:538} INFO - Filling up the DagBag from /home/airflow/.local/lib/python3.8/site-packages/airflow/example_dags/example_trigger_controller_dag.py
[2024-02-07T14:54:51.019+0000] {processor.py:840} INFO - DAG(s) 'example_trigger_controller_dag' retrieved from /home/airflow/.local/lib/python3.8/site-packages/airflow/example_dags/example_trigger_controller_dag.py
[2024-02-07T14:54:51.042+0000] {logging_mixin.py:188} INFO - [2024-02-07T14:54:51.041+0000] {dag.py:3036} INFO - Sync 1 DAGs
[2024-02-07T14:54:51.072+0000] {logging_mixin.py:188} INFO - [2024-02-07T14:54:51.072+0000] {dag.py:3823} INFO - Setting next_dagrun for example_trigger_controller_dag to 2021-01-01 00:00:00+00:00, run_after=2021-01-01 00:00:00+00:00
[2024-02-07T14:54:51.096+0000] {processor.py:183} INFO - Processing /home/airflow/.local/lib/python3.8/site-packages/airflow/example_dags/example_trigger_controller_dag.py took 0.088 seconds
[2024-02-07T15:05:11.275+0000] {processor.py:161} INFO - Started process (PID=68) to work on /home/airflow/.local/lib/python3.8/site-packages/airflow/example_dags/example_trigger_controller_dag.py
[2024-02-07T15:05:11.276+0000] {processor.py:830} INFO - Processing file /home/airflow/.local/lib/python3.8/site-packages/airflow/example_dags/example_trigger_controller_dag.py for tasks to queue
[2024-02-07T15:05:11.277+0000] {logging_mixin.py:188} INFO - [2024-02-07T15:05:11.277+0000] {dagbag.py:538} INFO - Filling up the DagBag from /home/airflow/.local/lib/python3.8/site-packages/airflow/example_dags/example_trigger_controller_dag.py
[2024-02-07T15:05:11.282+0000] {processor.py:840} INFO - DAG(s) 'example_trigger_controller_dag' retrieved from /home/airflow/.local/lib/python3.8/site-packages/airflow/example_dags/example_trigger_controller_dag.py
[2024-02-07T15:05:11.296+0000] {logging_mixin.py:188} INFO - [2024-02-07T15:05:11.295+0000] {dag.py:3036} INFO - Sync 1 DAGs
[2024-02-07T15:05:11.320+0000] {logging_mixin.py:188} INFO - [2024-02-07T15:05:11.320+0000] {dag.py:3823} INFO - Setting next_dagrun for example_trigger_controller_dag to 2021-01-01 00:00:00+00:00, run_after=2021-01-01 00:00:00+00:00
[2024-02-07T15:05:11.341+0000] {processor.py:183} INFO - Processing /home/airflow/.local/lib/python3.8/site-packages/airflow/example_dags/example_trigger_controller_dag.py took 0.070 seconds
[2024-02-07T15:05:43.758+0000] {processor.py:161} INFO - Started process (PID=125) to work on /home/airflow/.local/lib/python3.8/site-packages/airflow/example_dags/example_trigger_controller_dag.py
[2024-02-07T15:05:43.759+0000] {processor.py:830} INFO - Processing file /home/airflow/.local/lib/python3.8/site-packages/airflow/example_dags/example_trigger_controller_dag.py for tasks to queue
[2024-02-07T15:05:43.761+0000] {logging_mixin.py:188} INFO - [2024-02-07T15:05:43.761+0000] {dagbag.py:538} INFO - Filling up the DagBag from /home/airflow/.local/lib/python3.8/site-packages/airflow/example_dags/example_trigger_controller_dag.py
[2024-02-07T15:05:43.766+0000] {processor.py:840} INFO - DAG(s) 'example_trigger_controller_dag' retrieved from /home/airflow/.local/lib/python3.8/site-packages/airflow/example_dags/example_trigger_controller_dag.py
[2024-02-07T15:05:43.863+0000] {logging_mixin.py:188} INFO - [2024-02-07T15:05:43.862+0000] {dag.py:3036} INFO - Sync 1 DAGs
[2024-02-07T15:05:43.882+0000] {logging_mixin.py:188} INFO - [2024-02-07T15:05:43.882+0000] {dag.py:3823} INFO - Setting next_dagrun for example_trigger_controller_dag to 2021-01-01 00:00:00+00:00, run_after=2021-01-01 00:00:00+00:00
[2024-02-07T15:05:43.902+0000] {processor.py:183} INFO - Processing /home/airflow/.local/lib/python3.8/site-packages/airflow/example_dags/example_trigger_controller_dag.py took 0.147 seconds
[2024-02-07T15:07:18.160+0000] {processor.py:161} INFO - Started process (PID=68) to work on /home/airflow/.local/lib/python3.8/site-packages/airflow/example_dags/example_trigger_controller_dag.py
[2024-02-07T15:07:18.160+0000] {processor.py:830} INFO - Processing file /home/airflow/.local/lib/python3.8/site-packages/airflow/example_dags/example_trigger_controller_dag.py for tasks to queue
[2024-02-07T15:07:18.162+0000] {logging_mixin.py:188} INFO - [2024-02-07T15:07:18.162+0000] {dagbag.py:538} INFO - Filling up the DagBag from /home/airflow/.local/lib/python3.8/site-packages/airflow/example_dags/example_trigger_controller_dag.py
[2024-02-07T15:07:18.167+0000] {processor.py:840} INFO - DAG(s) 'example_trigger_controller_dag' retrieved from /home/airflow/.local/lib/python3.8/site-packages/airflow/example_dags/example_trigger_controller_dag.py
[2024-02-07T15:07:18.179+0000] {logging_mixin.py:188} INFO - [2024-02-07T15:07:18.179+0000] {dag.py:3036} INFO - Sync 1 DAGs
[2024-02-07T15:07:18.200+0000] {logging_mixin.py:188} INFO - [2024-02-07T15:07:18.200+0000] {dag.py:3823} INFO - Setting next_dagrun for example_trigger_controller_dag to 2021-01-01 00:00:00+00:00, run_after=2021-01-01 00:00:00+00:00
[2024-02-07T15:07:18.222+0000] {processor.py:183} INFO - Processing /home/airflow/.local/lib/python3.8/site-packages/airflow/example_dags/example_trigger_controller_dag.py took 0.065 seconds
[2024-02-07T15:07:49.933+0000] {processor.py:161} INFO - Started process (PID=125) to work on /home/airflow/.local/lib/python3.8/site-packages/airflow/example_dags/example_trigger_controller_dag.py
[2024-02-07T15:07:49.934+0000] {processor.py:830} INFO - Processing file /home/airflow/.local/lib/python3.8/site-packages/airflow/example_dags/example_trigger_controller_dag.py for tasks to queue
[2024-02-07T15:07:49.935+0000] {logging_mixin.py:188} INFO - [2024-02-07T15:07:49.935+0000] {dagbag.py:538} INFO - Filling up the DagBag from /home/airflow/.local/lib/python3.8/site-packages/airflow/example_dags/example_trigger_controller_dag.py
[2024-02-07T15:07:49.941+0000] {processor.py:840} INFO - DAG(s) 'example_trigger_controller_dag' retrieved from /home/airflow/.local/lib/python3.8/site-packages/airflow/example_dags/example_trigger_controller_dag.py
[2024-02-07T15:07:50.064+0000] {logging_mixin.py:188} INFO - [2024-02-07T15:07:50.064+0000] {dag.py:3036} INFO - Sync 1 DAGs
[2024-02-07T15:07:50.083+0000] {logging_mixin.py:188} INFO - [2024-02-07T15:07:50.083+0000] {dag.py:3823} INFO - Setting next_dagrun for example_trigger_controller_dag to 2021-01-01 00:00:00+00:00, run_after=2021-01-01 00:00:00+00:00
[2024-02-07T15:07:50.104+0000] {processor.py:183} INFO - Processing /home/airflow/.local/lib/python3.8/site-packages/airflow/example_dags/example_trigger_controller_dag.py took 0.174 seconds
[2024-02-07T15:08:20.764+0000] {processor.py:161} INFO - Started process (PID=182) to work on /home/airflow/.local/lib/python3.8/site-packages/airflow/example_dags/example_trigger_controller_dag.py
[2024-02-07T15:08:20.765+0000] {processor.py:830} INFO - Processing file /home/airflow/.local/lib/python3.8/site-packages/airflow/example_dags/example_trigger_controller_dag.py for tasks to queue
[2024-02-07T15:08:20.768+0000] {logging_mixin.py:188} INFO - [2024-02-07T15:08:20.767+0000] {dagbag.py:538} INFO - Filling up the DagBag from /home/airflow/.local/lib/python3.8/site-packages/airflow/example_dags/example_trigger_controller_dag.py
[2024-02-07T15:08:20.775+0000] {processor.py:840} INFO - DAG(s) 'example_trigger_controller_dag' retrieved from /home/airflow/.local/lib/python3.8/site-packages/airflow/example_dags/example_trigger_controller_dag.py
[2024-02-07T15:08:20.794+0000] {logging_mixin.py:188} INFO - [2024-02-07T15:08:20.794+0000] {dag.py:3036} INFO - Sync 1 DAGs
[2024-02-07T15:08:20.821+0000] {logging_mixin.py:188} INFO - [2024-02-07T15:08:20.821+0000] {dag.py:3823} INFO - Setting next_dagrun for example_trigger_controller_dag to 2021-01-01 00:00:00+00:00, run_after=2021-01-01 00:00:00+00:00
[2024-02-07T15:08:20.839+0000] {processor.py:183} INFO - Processing /home/airflow/.local/lib/python3.8/site-packages/airflow/example_dags/example_trigger_controller_dag.py took 0.078 seconds
[2024-02-07T15:08:51.572+0000] {processor.py:161} INFO - Started process (PID=239) to work on /home/airflow/.local/lib/python3.8/site-packages/airflow/example_dags/example_trigger_controller_dag.py
[2024-02-07T15:08:51.573+0000] {processor.py:830} INFO - Processing file /home/airflow/.local/lib/python3.8/site-packages/airflow/example_dags/example_trigger_controller_dag.py for tasks to queue
[2024-02-07T15:08:51.576+0000] {logging_mixin.py:188} INFO - [2024-02-07T15:08:51.575+0000] {dagbag.py:538} INFO - Filling up the DagBag from /home/airflow/.local/lib/python3.8/site-packages/airflow/example_dags/example_trigger_controller_dag.py
[2024-02-07T15:08:51.580+0000] {processor.py:840} INFO - DAG(s) 'example_trigger_controller_dag' retrieved from /home/airflow/.local/lib/python3.8/site-packages/airflow/example_dags/example_trigger_controller_dag.py
[2024-02-07T15:08:51.601+0000] {logging_mixin.py:188} INFO - [2024-02-07T15:08:51.601+0000] {dag.py:3036} INFO - Sync 1 DAGs
[2024-02-07T15:08:51.626+0000] {logging_mixin.py:188} INFO - [2024-02-07T15:08:51.625+0000] {dag.py:3823} INFO - Setting next_dagrun for example_trigger_controller_dag to 2021-01-01 00:00:00+00:00, run_after=2021-01-01 00:00:00+00:00
[2024-02-07T15:08:51.646+0000] {processor.py:183} INFO - Processing /home/airflow/.local/lib/python3.8/site-packages/airflow/example_dags/example_trigger_controller_dag.py took 0.077 seconds
[2024-02-07T15:09:22.108+0000] {processor.py:161} INFO - Started process (PID=296) to work on /home/airflow/.local/lib/python3.8/site-packages/airflow/example_dags/example_trigger_controller_dag.py
[2024-02-07T15:09:22.109+0000] {processor.py:830} INFO - Processing file /home/airflow/.local/lib/python3.8/site-packages/airflow/example_dags/example_trigger_controller_dag.py for tasks to queue
[2024-02-07T15:09:22.111+0000] {logging_mixin.py:188} INFO - [2024-02-07T15:09:22.110+0000] {dagbag.py:538} INFO - Filling up the DagBag from /home/airflow/.local/lib/python3.8/site-packages/airflow/example_dags/example_trigger_controller_dag.py
[2024-02-07T15:09:22.116+0000] {processor.py:840} INFO - DAG(s) 'example_trigger_controller_dag' retrieved from /home/airflow/.local/lib/python3.8/site-packages/airflow/example_dags/example_trigger_controller_dag.py
[2024-02-07T15:09:22.139+0000] {logging_mixin.py:188} INFO - [2024-02-07T15:09:22.138+0000] {dag.py:3036} INFO - Sync 1 DAGs
[2024-02-07T15:09:22.165+0000] {logging_mixin.py:188} INFO - [2024-02-07T15:09:22.164+0000] {dag.py:3823} INFO - Setting next_dagrun for example_trigger_controller_dag to 2021-01-01 00:00:00+00:00, run_after=2021-01-01 00:00:00+00:00
[2024-02-07T15:09:22.187+0000] {processor.py:183} INFO - Processing /home/airflow/.local/lib/python3.8/site-packages/airflow/example_dags/example_trigger_controller_dag.py took 0.083 seconds
[2024-02-07T15:57:17.474+0000] {processor.py:161} INFO - Started process (PID=68) to work on /home/airflow/.local/lib/python3.8/site-packages/airflow/example_dags/example_trigger_controller_dag.py
[2024-02-07T15:57:17.475+0000] {processor.py:830} INFO - Processing file /home/airflow/.local/lib/python3.8/site-packages/airflow/example_dags/example_trigger_controller_dag.py for tasks to queue
[2024-02-07T15:57:17.477+0000] {logging_mixin.py:188} INFO - [2024-02-07T15:57:17.476+0000] {dagbag.py:538} INFO - Filling up the DagBag from /home/airflow/.local/lib/python3.8/site-packages/airflow/example_dags/example_trigger_controller_dag.py
[2024-02-07T15:57:17.481+0000] {processor.py:840} INFO - DAG(s) 'example_trigger_controller_dag' retrieved from /home/airflow/.local/lib/python3.8/site-packages/airflow/example_dags/example_trigger_controller_dag.py
[2024-02-07T15:57:17.493+0000] {logging_mixin.py:188} INFO - [2024-02-07T15:57:17.493+0000] {dag.py:3036} INFO - Sync 1 DAGs
[2024-02-07T15:57:17.516+0000] {logging_mixin.py:188} INFO - [2024-02-07T15:57:17.516+0000] {dag.py:3823} INFO - Setting next_dagrun for example_trigger_controller_dag to 2021-01-01 00:00:00+00:00, run_after=2021-01-01 00:00:00+00:00
[2024-02-07T15:57:17.535+0000] {processor.py:183} INFO - Processing /home/airflow/.local/lib/python3.8/site-packages/airflow/example_dags/example_trigger_controller_dag.py took 0.064 seconds
[2024-02-07T15:57:48.988+0000] {processor.py:161} INFO - Started process (PID=125) to work on /home/airflow/.local/lib/python3.8/site-packages/airflow/example_dags/example_trigger_controller_dag.py
[2024-02-07T15:57:48.989+0000] {processor.py:830} INFO - Processing file /home/airflow/.local/lib/python3.8/site-packages/airflow/example_dags/example_trigger_controller_dag.py for tasks to queue
[2024-02-07T15:57:48.991+0000] {logging_mixin.py:188} INFO - [2024-02-07T15:57:48.990+0000] {dagbag.py:538} INFO - Filling up the DagBag from /home/airflow/.local/lib/python3.8/site-packages/airflow/example_dags/example_trigger_controller_dag.py
[2024-02-07T15:57:48.995+0000] {processor.py:840} INFO - DAG(s) 'example_trigger_controller_dag' retrieved from /home/airflow/.local/lib/python3.8/site-packages/airflow/example_dags/example_trigger_controller_dag.py
[2024-02-07T15:57:49.104+0000] {logging_mixin.py:188} INFO - [2024-02-07T15:57:49.103+0000] {dag.py:3036} INFO - Sync 1 DAGs
[2024-02-07T15:57:49.136+0000] {logging_mixin.py:188} INFO - [2024-02-07T15:57:49.135+0000] {dag.py:3823} INFO - Setting next_dagrun for example_trigger_controller_dag to 2021-01-01 00:00:00+00:00, run_after=2021-01-01 00:00:00+00:00
[2024-02-07T15:57:49.172+0000] {processor.py:183} INFO - Processing /home/airflow/.local/lib/python3.8/site-packages/airflow/example_dags/example_trigger_controller_dag.py took 0.188 seconds
[2024-02-07T15:58:19.582+0000] {processor.py:161} INFO - Started process (PID=182) to work on /home/airflow/.local/lib/python3.8/site-packages/airflow/example_dags/example_trigger_controller_dag.py
[2024-02-07T15:58:19.583+0000] {processor.py:830} INFO - Processing file /home/airflow/.local/lib/python3.8/site-packages/airflow/example_dags/example_trigger_controller_dag.py for tasks to queue
[2024-02-07T15:58:19.584+0000] {logging_mixin.py:188} INFO - [2024-02-07T15:58:19.584+0000] {dagbag.py:538} INFO - Filling up the DagBag from /home/airflow/.local/lib/python3.8/site-packages/airflow/example_dags/example_trigger_controller_dag.py
[2024-02-07T15:58:19.590+0000] {processor.py:840} INFO - DAG(s) 'example_trigger_controller_dag' retrieved from /home/airflow/.local/lib/python3.8/site-packages/airflow/example_dags/example_trigger_controller_dag.py
[2024-02-07T15:58:19.611+0000] {logging_mixin.py:188} INFO - [2024-02-07T15:58:19.611+0000] {dag.py:3036} INFO - Sync 1 DAGs
[2024-02-07T15:58:19.633+0000] {logging_mixin.py:188} INFO - [2024-02-07T15:58:19.633+0000] {dag.py:3823} INFO - Setting next_dagrun for example_trigger_controller_dag to 2021-01-01 00:00:00+00:00, run_after=2021-01-01 00:00:00+00:00
[2024-02-07T15:58:19.652+0000] {processor.py:183} INFO - Processing /home/airflow/.local/lib/python3.8/site-packages/airflow/example_dags/example_trigger_controller_dag.py took 0.074 seconds
[2024-02-07T16:10:53.653+0000] {processor.py:161} INFO - Started process (PID=68) to work on /home/airflow/.local/lib/python3.8/site-packages/airflow/example_dags/example_trigger_controller_dag.py
[2024-02-07T16:10:53.654+0000] {processor.py:830} INFO - Processing file /home/airflow/.local/lib/python3.8/site-packages/airflow/example_dags/example_trigger_controller_dag.py for tasks to queue
[2024-02-07T16:10:53.656+0000] {logging_mixin.py:188} INFO - [2024-02-07T16:10:53.656+0000] {dagbag.py:538} INFO - Filling up the DagBag from /home/airflow/.local/lib/python3.8/site-packages/airflow/example_dags/example_trigger_controller_dag.py
[2024-02-07T16:10:53.662+0000] {processor.py:840} INFO - DAG(s) 'example_trigger_controller_dag' retrieved from /home/airflow/.local/lib/python3.8/site-packages/airflow/example_dags/example_trigger_controller_dag.py
[2024-02-07T16:10:53.678+0000] {logging_mixin.py:188} INFO - [2024-02-07T16:10:53.678+0000] {dag.py:3036} INFO - Sync 1 DAGs
[2024-02-07T16:10:53.719+0000] {logging_mixin.py:188} INFO - [2024-02-07T16:10:53.718+0000] {dag.py:3823} INFO - Setting next_dagrun for example_trigger_controller_dag to 2021-01-01 00:00:00+00:00, run_after=2021-01-01 00:00:00+00:00
[2024-02-07T16:10:53.746+0000] {processor.py:183} INFO - Processing /home/airflow/.local/lib/python3.8/site-packages/airflow/example_dags/example_trigger_controller_dag.py took 0.097 seconds
[2024-02-07T16:11:25.370+0000] {processor.py:161} INFO - Started process (PID=125) to work on /home/airflow/.local/lib/python3.8/site-packages/airflow/example_dags/example_trigger_controller_dag.py
[2024-02-07T16:11:25.371+0000] {processor.py:830} INFO - Processing file /home/airflow/.local/lib/python3.8/site-packages/airflow/example_dags/example_trigger_controller_dag.py for tasks to queue
[2024-02-07T16:11:25.373+0000] {logging_mixin.py:188} INFO - [2024-02-07T16:11:25.373+0000] {dagbag.py:538} INFO - Filling up the DagBag from /home/airflow/.local/lib/python3.8/site-packages/airflow/example_dags/example_trigger_controller_dag.py
[2024-02-07T16:11:25.377+0000] {processor.py:840} INFO - DAG(s) 'example_trigger_controller_dag' retrieved from /home/airflow/.local/lib/python3.8/site-packages/airflow/example_dags/example_trigger_controller_dag.py
[2024-02-07T16:11:25.484+0000] {logging_mixin.py:188} INFO - [2024-02-07T16:11:25.484+0000] {dag.py:3036} INFO - Sync 1 DAGs
[2024-02-07T16:11:25.504+0000] {logging_mixin.py:188} INFO - [2024-02-07T16:11:25.504+0000] {dag.py:3823} INFO - Setting next_dagrun for example_trigger_controller_dag to 2021-01-01 00:00:00+00:00, run_after=2021-01-01 00:00:00+00:00
[2024-02-07T16:11:25.523+0000] {processor.py:183} INFO - Processing /home/airflow/.local/lib/python3.8/site-packages/airflow/example_dags/example_trigger_controller_dag.py took 0.155 seconds
[2024-02-07T16:11:55.711+0000] {processor.py:161} INFO - Started process (PID=182) to work on /home/airflow/.local/lib/python3.8/site-packages/airflow/example_dags/example_trigger_controller_dag.py
[2024-02-07T16:11:55.712+0000] {processor.py:830} INFO - Processing file /home/airflow/.local/lib/python3.8/site-packages/airflow/example_dags/example_trigger_controller_dag.py for tasks to queue
[2024-02-07T16:11:55.714+0000] {logging_mixin.py:188} INFO - [2024-02-07T16:11:55.714+0000] {dagbag.py:538} INFO - Filling up the DagBag from /home/airflow/.local/lib/python3.8/site-packages/airflow/example_dags/example_trigger_controller_dag.py
[2024-02-07T16:11:55.718+0000] {processor.py:840} INFO - DAG(s) 'example_trigger_controller_dag' retrieved from /home/airflow/.local/lib/python3.8/site-packages/airflow/example_dags/example_trigger_controller_dag.py
[2024-02-07T16:11:55.737+0000] {logging_mixin.py:188} INFO - [2024-02-07T16:11:55.737+0000] {dag.py:3036} INFO - Sync 1 DAGs
[2024-02-07T16:11:55.756+0000] {logging_mixin.py:188} INFO - [2024-02-07T16:11:55.756+0000] {dag.py:3823} INFO - Setting next_dagrun for example_trigger_controller_dag to 2021-01-01 00:00:00+00:00, run_after=2021-01-01 00:00:00+00:00
[2024-02-07T16:11:55.774+0000] {processor.py:183} INFO - Processing /home/airflow/.local/lib/python3.8/site-packages/airflow/example_dags/example_trigger_controller_dag.py took 0.065 seconds
[2024-02-07T16:12:26.388+0000] {processor.py:161} INFO - Started process (PID=239) to work on /home/airflow/.local/lib/python3.8/site-packages/airflow/example_dags/example_trigger_controller_dag.py
[2024-02-07T16:12:26.389+0000] {processor.py:830} INFO - Processing file /home/airflow/.local/lib/python3.8/site-packages/airflow/example_dags/example_trigger_controller_dag.py for tasks to queue
[2024-02-07T16:12:26.390+0000] {logging_mixin.py:188} INFO - [2024-02-07T16:12:26.390+0000] {dagbag.py:538} INFO - Filling up the DagBag from /home/airflow/.local/lib/python3.8/site-packages/airflow/example_dags/example_trigger_controller_dag.py
[2024-02-07T16:12:26.395+0000] {processor.py:840} INFO - DAG(s) 'example_trigger_controller_dag' retrieved from /home/airflow/.local/lib/python3.8/site-packages/airflow/example_dags/example_trigger_controller_dag.py
[2024-02-07T16:12:26.414+0000] {logging_mixin.py:188} INFO - [2024-02-07T16:12:26.413+0000] {dag.py:3036} INFO - Sync 1 DAGs
[2024-02-07T16:12:26.435+0000] {logging_mixin.py:188} INFO - [2024-02-07T16:12:26.435+0000] {dag.py:3823} INFO - Setting next_dagrun for example_trigger_controller_dag to 2021-01-01 00:00:00+00:00, run_after=2021-01-01 00:00:00+00:00
[2024-02-07T16:12:26.455+0000] {processor.py:183} INFO - Processing /home/airflow/.local/lib/python3.8/site-packages/airflow/example_dags/example_trigger_controller_dag.py took 0.071 seconds
[2024-02-07T16:12:57.551+0000] {processor.py:161} INFO - Started process (PID=296) to work on /home/airflow/.local/lib/python3.8/site-packages/airflow/example_dags/example_trigger_controller_dag.py
[2024-02-07T16:12:57.552+0000] {processor.py:830} INFO - Processing file /home/airflow/.local/lib/python3.8/site-packages/airflow/example_dags/example_trigger_controller_dag.py for tasks to queue
[2024-02-07T16:12:57.554+0000] {logging_mixin.py:188} INFO - [2024-02-07T16:12:57.554+0000] {dagbag.py:538} INFO - Filling up the DagBag from /home/airflow/.local/lib/python3.8/site-packages/airflow/example_dags/example_trigger_controller_dag.py
[2024-02-07T16:12:57.560+0000] {processor.py:840} INFO - DAG(s) 'example_trigger_controller_dag' retrieved from /home/airflow/.local/lib/python3.8/site-packages/airflow/example_dags/example_trigger_controller_dag.py
[2024-02-07T16:12:57.581+0000] {logging_mixin.py:188} INFO - [2024-02-07T16:12:57.581+0000] {dag.py:3036} INFO - Sync 1 DAGs
[2024-02-07T16:12:57.602+0000] {logging_mixin.py:188} INFO - [2024-02-07T16:12:57.602+0000] {dag.py:3823} INFO - Setting next_dagrun for example_trigger_controller_dag to 2021-01-01 00:00:00+00:00, run_after=2021-01-01 00:00:00+00:00
[2024-02-07T16:12:57.622+0000] {processor.py:183} INFO - Processing /home/airflow/.local/lib/python3.8/site-packages/airflow/example_dags/example_trigger_controller_dag.py took 0.075 seconds
[2024-02-07T16:13:28.681+0000] {processor.py:161} INFO - Started process (PID=353) to work on /home/airflow/.local/lib/python3.8/site-packages/airflow/example_dags/example_trigger_controller_dag.py
[2024-02-07T16:13:28.682+0000] {processor.py:830} INFO - Processing file /home/airflow/.local/lib/python3.8/site-packages/airflow/example_dags/example_trigger_controller_dag.py for tasks to queue
[2024-02-07T16:13:28.684+0000] {logging_mixin.py:188} INFO - [2024-02-07T16:13:28.684+0000] {dagbag.py:538} INFO - Filling up the DagBag from /home/airflow/.local/lib/python3.8/site-packages/airflow/example_dags/example_trigger_controller_dag.py
[2024-02-07T16:13:28.690+0000] {processor.py:840} INFO - DAG(s) 'example_trigger_controller_dag' retrieved from /home/airflow/.local/lib/python3.8/site-packages/airflow/example_dags/example_trigger_controller_dag.py
[2024-02-07T16:13:28.711+0000] {logging_mixin.py:188} INFO - [2024-02-07T16:13:28.711+0000] {dag.py:3036} INFO - Sync 1 DAGs
[2024-02-07T16:13:28.733+0000] {logging_mixin.py:188} INFO - [2024-02-07T16:13:28.732+0000] {dag.py:3823} INFO - Setting next_dagrun for example_trigger_controller_dag to 2021-01-01 00:00:00+00:00, run_after=2021-01-01 00:00:00+00:00
[2024-02-07T16:13:28.750+0000] {processor.py:183} INFO - Processing /home/airflow/.local/lib/python3.8/site-packages/airflow/example_dags/example_trigger_controller_dag.py took 0.073 seconds
[2024-02-07T16:13:58.862+0000] {processor.py:161} INFO - Started process (PID=408) to work on /home/airflow/.local/lib/python3.8/site-packages/airflow/example_dags/example_trigger_controller_dag.py
[2024-02-07T16:13:58.862+0000] {processor.py:830} INFO - Processing file /home/airflow/.local/lib/python3.8/site-packages/airflow/example_dags/example_trigger_controller_dag.py for tasks to queue
[2024-02-07T16:13:58.864+0000] {logging_mixin.py:188} INFO - [2024-02-07T16:13:58.864+0000] {dagbag.py:538} INFO - Filling up the DagBag from /home/airflow/.local/lib/python3.8/site-packages/airflow/example_dags/example_trigger_controller_dag.py
[2024-02-07T16:13:58.868+0000] {processor.py:840} INFO - DAG(s) 'example_trigger_controller_dag' retrieved from /home/airflow/.local/lib/python3.8/site-packages/airflow/example_dags/example_trigger_controller_dag.py
[2024-02-07T16:13:58.887+0000] {logging_mixin.py:188} INFO - [2024-02-07T16:13:58.887+0000] {dag.py:3036} INFO - Sync 1 DAGs
[2024-02-07T16:13:58.908+0000] {logging_mixin.py:188} INFO - [2024-02-07T16:13:58.908+0000] {dag.py:3823} INFO - Setting next_dagrun for example_trigger_controller_dag to 2021-01-01 00:00:00+00:00, run_after=2021-01-01 00:00:00+00:00
[2024-02-07T16:13:58.925+0000] {processor.py:183} INFO - Processing /home/airflow/.local/lib/python3.8/site-packages/airflow/example_dags/example_trigger_controller_dag.py took 0.067 seconds
[2024-02-07T16:14:28.980+0000] {processor.py:161} INFO - Started process (PID=464) to work on /home/airflow/.local/lib/python3.8/site-packages/airflow/example_dags/example_trigger_controller_dag.py
[2024-02-07T16:14:28.981+0000] {processor.py:830} INFO - Processing file /home/airflow/.local/lib/python3.8/site-packages/airflow/example_dags/example_trigger_controller_dag.py for tasks to queue
[2024-02-07T16:14:28.983+0000] {logging_mixin.py:188} INFO - [2024-02-07T16:14:28.982+0000] {dagbag.py:538} INFO - Filling up the DagBag from /home/airflow/.local/lib/python3.8/site-packages/airflow/example_dags/example_trigger_controller_dag.py
[2024-02-07T16:14:28.989+0000] {processor.py:840} INFO - DAG(s) 'example_trigger_controller_dag' retrieved from /home/airflow/.local/lib/python3.8/site-packages/airflow/example_dags/example_trigger_controller_dag.py
[2024-02-07T16:14:29.016+0000] {logging_mixin.py:188} INFO - [2024-02-07T16:14:29.015+0000] {dag.py:3036} INFO - Sync 1 DAGs
[2024-02-07T16:14:29.042+0000] {logging_mixin.py:188} INFO - [2024-02-07T16:14:29.041+0000] {dag.py:3823} INFO - Setting next_dagrun for example_trigger_controller_dag to 2021-01-01 00:00:00+00:00, run_after=2021-01-01 00:00:00+00:00
[2024-02-07T16:14:29.063+0000] {processor.py:183} INFO - Processing /home/airflow/.local/lib/python3.8/site-packages/airflow/example_dags/example_trigger_controller_dag.py took 0.087 seconds
[2024-02-07T16:14:59.384+0000] {processor.py:161} INFO - Started process (PID=521) to work on /home/airflow/.local/lib/python3.8/site-packages/airflow/example_dags/example_trigger_controller_dag.py
[2024-02-07T16:14:59.386+0000] {processor.py:830} INFO - Processing file /home/airflow/.local/lib/python3.8/site-packages/airflow/example_dags/example_trigger_controller_dag.py for tasks to queue
[2024-02-07T16:14:59.391+0000] {logging_mixin.py:188} INFO - [2024-02-07T16:14:59.390+0000] {dagbag.py:538} INFO - Filling up the DagBag from /home/airflow/.local/lib/python3.8/site-packages/airflow/example_dags/example_trigger_controller_dag.py
[2024-02-07T16:14:59.401+0000] {processor.py:840} INFO - DAG(s) 'example_trigger_controller_dag' retrieved from /home/airflow/.local/lib/python3.8/site-packages/airflow/example_dags/example_trigger_controller_dag.py
[2024-02-07T16:14:59.426+0000] {logging_mixin.py:188} INFO - [2024-02-07T16:14:59.426+0000] {dag.py:3036} INFO - Sync 1 DAGs
[2024-02-07T16:14:59.450+0000] {logging_mixin.py:188} INFO - [2024-02-07T16:14:59.450+0000] {dag.py:3823} INFO - Setting next_dagrun for example_trigger_controller_dag to 2021-01-01 00:00:00+00:00, run_after=2021-01-01 00:00:00+00:00
[2024-02-07T16:14:59.473+0000] {processor.py:183} INFO - Processing /home/airflow/.local/lib/python3.8/site-packages/airflow/example_dags/example_trigger_controller_dag.py took 0.102 seconds
[2024-02-07T16:23:26.428+0000] {processor.py:161} INFO - Started process (PID=68) to work on /home/airflow/.local/lib/python3.8/site-packages/airflow/example_dags/example_trigger_controller_dag.py
[2024-02-07T16:23:26.429+0000] {processor.py:830} INFO - Processing file /home/airflow/.local/lib/python3.8/site-packages/airflow/example_dags/example_trigger_controller_dag.py for tasks to queue
[2024-02-07T16:23:26.431+0000] {logging_mixin.py:188} INFO - [2024-02-07T16:23:26.431+0000] {dagbag.py:538} INFO - Filling up the DagBag from /home/airflow/.local/lib/python3.8/site-packages/airflow/example_dags/example_trigger_controller_dag.py
[2024-02-07T16:23:26.437+0000] {processor.py:840} INFO - DAG(s) 'example_trigger_controller_dag' retrieved from /home/airflow/.local/lib/python3.8/site-packages/airflow/example_dags/example_trigger_controller_dag.py
[2024-02-07T16:23:26.454+0000] {logging_mixin.py:188} INFO - [2024-02-07T16:23:26.453+0000] {dag.py:3036} INFO - Sync 1 DAGs
[2024-02-07T16:23:26.484+0000] {logging_mixin.py:188} INFO - [2024-02-07T16:23:26.483+0000] {dag.py:3823} INFO - Setting next_dagrun for example_trigger_controller_dag to 2021-01-01 00:00:00+00:00, run_after=2021-01-01 00:00:00+00:00
[2024-02-07T16:23:26.509+0000] {processor.py:183} INFO - Processing /home/airflow/.local/lib/python3.8/site-packages/airflow/example_dags/example_trigger_controller_dag.py took 0.085 seconds
[2024-02-07T16:23:57.263+0000] {processor.py:161} INFO - Started process (PID=125) to work on /home/airflow/.local/lib/python3.8/site-packages/airflow/example_dags/example_trigger_controller_dag.py
[2024-02-07T16:23:57.265+0000] {processor.py:830} INFO - Processing file /home/airflow/.local/lib/python3.8/site-packages/airflow/example_dags/example_trigger_controller_dag.py for tasks to queue
[2024-02-07T16:23:57.266+0000] {logging_mixin.py:188} INFO - [2024-02-07T16:23:57.266+0000] {dagbag.py:538} INFO - Filling up the DagBag from /home/airflow/.local/lib/python3.8/site-packages/airflow/example_dags/example_trigger_controller_dag.py
[2024-02-07T16:23:57.272+0000] {processor.py:840} INFO - DAG(s) 'example_trigger_controller_dag' retrieved from /home/airflow/.local/lib/python3.8/site-packages/airflow/example_dags/example_trigger_controller_dag.py
[2024-02-07T16:23:57.377+0000] {logging_mixin.py:188} INFO - [2024-02-07T16:23:57.377+0000] {dag.py:3036} INFO - Sync 1 DAGs
[2024-02-07T16:23:57.397+0000] {logging_mixin.py:188} INFO - [2024-02-07T16:23:57.396+0000] {dag.py:3823} INFO - Setting next_dagrun for example_trigger_controller_dag to 2021-01-01 00:00:00+00:00, run_after=2021-01-01 00:00:00+00:00
[2024-02-07T16:23:57.417+0000] {processor.py:183} INFO - Processing /home/airflow/.local/lib/python3.8/site-packages/airflow/example_dags/example_trigger_controller_dag.py took 0.158 seconds
[2024-02-07T16:24:28.195+0000] {processor.py:161} INFO - Started process (PID=182) to work on /home/airflow/.local/lib/python3.8/site-packages/airflow/example_dags/example_trigger_controller_dag.py
[2024-02-07T16:24:28.196+0000] {processor.py:830} INFO - Processing file /home/airflow/.local/lib/python3.8/site-packages/airflow/example_dags/example_trigger_controller_dag.py for tasks to queue
[2024-02-07T16:24:28.198+0000] {logging_mixin.py:188} INFO - [2024-02-07T16:24:28.198+0000] {dagbag.py:538} INFO - Filling up the DagBag from /home/airflow/.local/lib/python3.8/site-packages/airflow/example_dags/example_trigger_controller_dag.py
[2024-02-07T16:24:28.203+0000] {processor.py:840} INFO - DAG(s) 'example_trigger_controller_dag' retrieved from /home/airflow/.local/lib/python3.8/site-packages/airflow/example_dags/example_trigger_controller_dag.py
[2024-02-07T16:24:28.226+0000] {logging_mixin.py:188} INFO - [2024-02-07T16:24:28.226+0000] {dag.py:3036} INFO - Sync 1 DAGs
[2024-02-07T16:24:28.248+0000] {logging_mixin.py:188} INFO - [2024-02-07T16:24:28.248+0000] {dag.py:3823} INFO - Setting next_dagrun for example_trigger_controller_dag to 2021-01-01 00:00:00+00:00, run_after=2021-01-01 00:00:00+00:00
[2024-02-07T16:24:28.270+0000] {processor.py:183} INFO - Processing /home/airflow/.local/lib/python3.8/site-packages/airflow/example_dags/example_trigger_controller_dag.py took 0.078 seconds
[2024-02-07T16:24:59.417+0000] {processor.py:161} INFO - Started process (PID=239) to work on /home/airflow/.local/lib/python3.8/site-packages/airflow/example_dags/example_trigger_controller_dag.py
[2024-02-07T16:24:59.419+0000] {processor.py:830} INFO - Processing file /home/airflow/.local/lib/python3.8/site-packages/airflow/example_dags/example_trigger_controller_dag.py for tasks to queue
[2024-02-07T16:24:59.421+0000] {logging_mixin.py:188} INFO - [2024-02-07T16:24:59.421+0000] {dagbag.py:538} INFO - Filling up the DagBag from /home/airflow/.local/lib/python3.8/site-packages/airflow/example_dags/example_trigger_controller_dag.py
[2024-02-07T16:24:59.429+0000] {processor.py:840} INFO - DAG(s) 'example_trigger_controller_dag' retrieved from /home/airflow/.local/lib/python3.8/site-packages/airflow/example_dags/example_trigger_controller_dag.py
[2024-02-07T16:24:59.452+0000] {logging_mixin.py:188} INFO - [2024-02-07T16:24:59.451+0000] {dag.py:3036} INFO - Sync 1 DAGs
[2024-02-07T16:24:59.482+0000] {logging_mixin.py:188} INFO - [2024-02-07T16:24:59.481+0000] {dag.py:3823} INFO - Setting next_dagrun for example_trigger_controller_dag to 2021-01-01 00:00:00+00:00, run_after=2021-01-01 00:00:00+00:00
[2024-02-07T16:24:59.504+0000] {processor.py:183} INFO - Processing /home/airflow/.local/lib/python3.8/site-packages/airflow/example_dags/example_trigger_controller_dag.py took 0.092 seconds
[2024-02-07T16:25:30.594+0000] {processor.py:161} INFO - Started process (PID=296) to work on /home/airflow/.local/lib/python3.8/site-packages/airflow/example_dags/example_trigger_controller_dag.py
[2024-02-07T16:25:30.595+0000] {processor.py:830} INFO - Processing file /home/airflow/.local/lib/python3.8/site-packages/airflow/example_dags/example_trigger_controller_dag.py for tasks to queue
[2024-02-07T16:25:30.597+0000] {logging_mixin.py:188} INFO - [2024-02-07T16:25:30.596+0000] {dagbag.py:538} INFO - Filling up the DagBag from /home/airflow/.local/lib/python3.8/site-packages/airflow/example_dags/example_trigger_controller_dag.py
[2024-02-07T16:25:30.601+0000] {processor.py:840} INFO - DAG(s) 'example_trigger_controller_dag' retrieved from /home/airflow/.local/lib/python3.8/site-packages/airflow/example_dags/example_trigger_controller_dag.py
[2024-02-07T16:25:30.619+0000] {logging_mixin.py:188} INFO - [2024-02-07T16:25:30.619+0000] {dag.py:3036} INFO - Sync 1 DAGs
[2024-02-07T16:25:30.639+0000] {logging_mixin.py:188} INFO - [2024-02-07T16:25:30.639+0000] {dag.py:3823} INFO - Setting next_dagrun for example_trigger_controller_dag to 2021-01-01 00:00:00+00:00, run_after=2021-01-01 00:00:00+00:00
[2024-02-07T16:25:30.658+0000] {processor.py:183} INFO - Processing /home/airflow/.local/lib/python3.8/site-packages/airflow/example_dags/example_trigger_controller_dag.py took 0.067 seconds
[2024-02-07T16:26:00.775+0000] {processor.py:161} INFO - Started process (PID=351) to work on /home/airflow/.local/lib/python3.8/site-packages/airflow/example_dags/example_trigger_controller_dag.py
[2024-02-07T16:26:00.776+0000] {processor.py:830} INFO - Processing file /home/airflow/.local/lib/python3.8/site-packages/airflow/example_dags/example_trigger_controller_dag.py for tasks to queue
[2024-02-07T16:26:00.777+0000] {logging_mixin.py:188} INFO - [2024-02-07T16:26:00.777+0000] {dagbag.py:538} INFO - Filling up the DagBag from /home/airflow/.local/lib/python3.8/site-packages/airflow/example_dags/example_trigger_controller_dag.py
[2024-02-07T16:26:00.781+0000] {processor.py:840} INFO - DAG(s) 'example_trigger_controller_dag' retrieved from /home/airflow/.local/lib/python3.8/site-packages/airflow/example_dags/example_trigger_controller_dag.py
[2024-02-07T16:26:00.800+0000] {logging_mixin.py:188} INFO - [2024-02-07T16:26:00.800+0000] {dag.py:3036} INFO - Sync 1 DAGs
[2024-02-07T16:26:00.832+0000] {logging_mixin.py:188} INFO - [2024-02-07T16:26:00.831+0000] {dag.py:3823} INFO - Setting next_dagrun for example_trigger_controller_dag to 2021-01-01 00:00:00+00:00, run_after=2021-01-01 00:00:00+00:00
[2024-02-07T16:26:00.858+0000] {processor.py:183} INFO - Processing /home/airflow/.local/lib/python3.8/site-packages/airflow/example_dags/example_trigger_controller_dag.py took 0.086 seconds
[2024-02-07T16:48:24.232+0000] {processor.py:161} INFO - Started process (PID=67) to work on /home/airflow/.local/lib/python3.8/site-packages/airflow/example_dags/example_trigger_controller_dag.py
[2024-02-07T16:48:24.233+0000] {processor.py:830} INFO - Processing file /home/airflow/.local/lib/python3.8/site-packages/airflow/example_dags/example_trigger_controller_dag.py for tasks to queue
[2024-02-07T16:48:24.235+0000] {logging_mixin.py:188} INFO - [2024-02-07T16:48:24.234+0000] {dagbag.py:538} INFO - Filling up the DagBag from /home/airflow/.local/lib/python3.8/site-packages/airflow/example_dags/example_trigger_controller_dag.py
[2024-02-07T16:48:24.240+0000] {processor.py:840} INFO - DAG(s) 'example_trigger_controller_dag' retrieved from /home/airflow/.local/lib/python3.8/site-packages/airflow/example_dags/example_trigger_controller_dag.py
[2024-02-07T16:48:24.367+0000] {logging_mixin.py:188} INFO - [2024-02-07T16:48:24.367+0000] {dag.py:3036} INFO - Sync 1 DAGs
[2024-02-07T16:48:24.398+0000] {logging_mixin.py:188} INFO - [2024-02-07T16:48:24.396+0000] {dag.py:3823} INFO - Setting next_dagrun for example_trigger_controller_dag to 2021-01-01 00:00:00+00:00, run_after=2021-01-01 00:00:00+00:00
[2024-02-07T16:48:24.418+0000] {processor.py:183} INFO - Processing /home/airflow/.local/lib/python3.8/site-packages/airflow/example_dags/example_trigger_controller_dag.py took 0.190 seconds
[2024-02-07T16:48:55.152+0000] {processor.py:161} INFO - Started process (PID=124) to work on /home/airflow/.local/lib/python3.8/site-packages/airflow/example_dags/example_trigger_controller_dag.py
[2024-02-07T16:48:55.153+0000] {processor.py:830} INFO - Processing file /home/airflow/.local/lib/python3.8/site-packages/airflow/example_dags/example_trigger_controller_dag.py for tasks to queue
[2024-02-07T16:48:55.155+0000] {logging_mixin.py:188} INFO - [2024-02-07T16:48:55.154+0000] {dagbag.py:538} INFO - Filling up the DagBag from /home/airflow/.local/lib/python3.8/site-packages/airflow/example_dags/example_trigger_controller_dag.py
[2024-02-07T16:48:55.159+0000] {processor.py:840} INFO - DAG(s) 'example_trigger_controller_dag' retrieved from /home/airflow/.local/lib/python3.8/site-packages/airflow/example_dags/example_trigger_controller_dag.py
[2024-02-07T16:48:55.177+0000] {logging_mixin.py:188} INFO - [2024-02-07T16:48:55.177+0000] {dag.py:3036} INFO - Sync 1 DAGs
[2024-02-07T16:48:55.197+0000] {logging_mixin.py:188} INFO - [2024-02-07T16:48:55.197+0000] {dag.py:3823} INFO - Setting next_dagrun for example_trigger_controller_dag to 2021-01-01 00:00:00+00:00, run_after=2021-01-01 00:00:00+00:00
[2024-02-07T16:48:55.215+0000] {processor.py:183} INFO - Processing /home/airflow/.local/lib/python3.8/site-packages/airflow/example_dags/example_trigger_controller_dag.py took 0.066 seconds
[2024-02-07T16:49:25.928+0000] {processor.py:161} INFO - Started process (PID=181) to work on /home/airflow/.local/lib/python3.8/site-packages/airflow/example_dags/example_trigger_controller_dag.py
[2024-02-07T16:49:25.929+0000] {processor.py:830} INFO - Processing file /home/airflow/.local/lib/python3.8/site-packages/airflow/example_dags/example_trigger_controller_dag.py for tasks to queue
[2024-02-07T16:49:25.931+0000] {logging_mixin.py:188} INFO - [2024-02-07T16:49:25.930+0000] {dagbag.py:538} INFO - Filling up the DagBag from /home/airflow/.local/lib/python3.8/site-packages/airflow/example_dags/example_trigger_controller_dag.py
[2024-02-07T16:49:25.935+0000] {processor.py:840} INFO - DAG(s) 'example_trigger_controller_dag' retrieved from /home/airflow/.local/lib/python3.8/site-packages/airflow/example_dags/example_trigger_controller_dag.py
[2024-02-07T16:49:25.954+0000] {logging_mixin.py:188} INFO - [2024-02-07T16:49:25.953+0000] {dag.py:3036} INFO - Sync 1 DAGs
[2024-02-07T16:49:25.974+0000] {logging_mixin.py:188} INFO - [2024-02-07T16:49:25.973+0000] {dag.py:3823} INFO - Setting next_dagrun for example_trigger_controller_dag to 2021-01-01 00:00:00+00:00, run_after=2021-01-01 00:00:00+00:00
[2024-02-07T16:49:25.991+0000] {processor.py:183} INFO - Processing /home/airflow/.local/lib/python3.8/site-packages/airflow/example_dags/example_trigger_controller_dag.py took 0.066 seconds
[2024-02-07T16:49:56.959+0000] {processor.py:161} INFO - Started process (PID=239) to work on /home/airflow/.local/lib/python3.8/site-packages/airflow/example_dags/example_trigger_controller_dag.py
[2024-02-07T16:49:56.960+0000] {processor.py:830} INFO - Processing file /home/airflow/.local/lib/python3.8/site-packages/airflow/example_dags/example_trigger_controller_dag.py for tasks to queue
[2024-02-07T16:49:56.962+0000] {logging_mixin.py:188} INFO - [2024-02-07T16:49:56.962+0000] {dagbag.py:538} INFO - Filling up the DagBag from /home/airflow/.local/lib/python3.8/site-packages/airflow/example_dags/example_trigger_controller_dag.py
[2024-02-07T16:49:56.967+0000] {processor.py:840} INFO - DAG(s) 'example_trigger_controller_dag' retrieved from /home/airflow/.local/lib/python3.8/site-packages/airflow/example_dags/example_trigger_controller_dag.py
[2024-02-07T16:49:56.988+0000] {logging_mixin.py:188} INFO - [2024-02-07T16:49:56.987+0000] {dag.py:3036} INFO - Sync 1 DAGs
[2024-02-07T16:49:57.012+0000] {logging_mixin.py:188} INFO - [2024-02-07T16:49:57.012+0000] {dag.py:3823} INFO - Setting next_dagrun for example_trigger_controller_dag to 2021-01-01 00:00:00+00:00, run_after=2021-01-01 00:00:00+00:00
[2024-02-07T16:49:57.032+0000] {processor.py:183} INFO - Processing /home/airflow/.local/lib/python3.8/site-packages/airflow/example_dags/example_trigger_controller_dag.py took 0.076 seconds
[2024-02-07T16:50:27.075+0000] {processor.py:161} INFO - Started process (PID=295) to work on /home/airflow/.local/lib/python3.8/site-packages/airflow/example_dags/example_trigger_controller_dag.py
[2024-02-07T16:50:27.077+0000] {processor.py:830} INFO - Processing file /home/airflow/.local/lib/python3.8/site-packages/airflow/example_dags/example_trigger_controller_dag.py for tasks to queue
[2024-02-07T16:50:27.079+0000] {logging_mixin.py:188} INFO - [2024-02-07T16:50:27.079+0000] {dagbag.py:538} INFO - Filling up the DagBag from /home/airflow/.local/lib/python3.8/site-packages/airflow/example_dags/example_trigger_controller_dag.py
[2024-02-07T16:50:27.088+0000] {processor.py:840} INFO - DAG(s) 'example_trigger_controller_dag' retrieved from /home/airflow/.local/lib/python3.8/site-packages/airflow/example_dags/example_trigger_controller_dag.py
[2024-02-07T16:50:27.114+0000] {logging_mixin.py:188} INFO - [2024-02-07T16:50:27.114+0000] {dag.py:3036} INFO - Sync 1 DAGs
[2024-02-07T16:50:27.141+0000] {logging_mixin.py:188} INFO - [2024-02-07T16:50:27.141+0000] {dag.py:3823} INFO - Setting next_dagrun for example_trigger_controller_dag to 2021-01-01 00:00:00+00:00, run_after=2021-01-01 00:00:00+00:00
[2024-02-07T16:50:27.163+0000] {processor.py:183} INFO - Processing /home/airflow/.local/lib/python3.8/site-packages/airflow/example_dags/example_trigger_controller_dag.py took 0.094 seconds
[2024-02-07T16:50:57.193+0000] {processor.py:161} INFO - Started process (PID=350) to work on /home/airflow/.local/lib/python3.8/site-packages/airflow/example_dags/example_trigger_controller_dag.py
[2024-02-07T16:50:57.194+0000] {processor.py:830} INFO - Processing file /home/airflow/.local/lib/python3.8/site-packages/airflow/example_dags/example_trigger_controller_dag.py for tasks to queue
[2024-02-07T16:50:57.196+0000] {logging_mixin.py:188} INFO - [2024-02-07T16:50:57.195+0000] {dagbag.py:538} INFO - Filling up the DagBag from /home/airflow/.local/lib/python3.8/site-packages/airflow/example_dags/example_trigger_controller_dag.py
[2024-02-07T16:50:57.200+0000] {processor.py:840} INFO - DAG(s) 'example_trigger_controller_dag' retrieved from /home/airflow/.local/lib/python3.8/site-packages/airflow/example_dags/example_trigger_controller_dag.py
[2024-02-07T16:50:57.220+0000] {logging_mixin.py:188} INFO - [2024-02-07T16:50:57.220+0000] {dag.py:3036} INFO - Sync 1 DAGs
[2024-02-07T16:50:57.240+0000] {logging_mixin.py:188} INFO - [2024-02-07T16:50:57.240+0000] {dag.py:3823} INFO - Setting next_dagrun for example_trigger_controller_dag to 2021-01-01 00:00:00+00:00, run_after=2021-01-01 00:00:00+00:00
[2024-02-07T16:50:57.261+0000] {processor.py:183} INFO - Processing /home/airflow/.local/lib/python3.8/site-packages/airflow/example_dags/example_trigger_controller_dag.py took 0.072 seconds
