[2024-02-07T14:34:01.423+0000] {processor.py:161} INFO - Started process (PID=43) to work on /home/airflow/.local/lib/python3.8/site-packages/airflow/example_dags/example_sensor_decorator.py
[2024-02-07T14:34:01.424+0000] {processor.py:830} INFO - Processing file /home/airflow/.local/lib/python3.8/site-packages/airflow/example_dags/example_sensor_decorator.py for tasks to queue
[2024-02-07T14:34:01.426+0000] {logging_mixin.py:188} INFO - [2024-02-07T14:34:01.425+0000] {dagbag.py:538} INFO - Filling up the DagBag from /home/airflow/.local/lib/python3.8/site-packages/airflow/example_dags/example_sensor_decorator.py
[2024-02-07T14:34:01.434+0000] {processor.py:840} INFO - DAG(s) 'example_sensor_decorator' retrieved from /home/airflow/.local/lib/python3.8/site-packages/airflow/example_dags/example_sensor_decorator.py
[2024-02-07T14:34:01.449+0000] {logging_mixin.py:188} INFO - [2024-02-07T14:34:01.448+0000] {dag.py:3036} INFO - Sync 1 DAGs
[2024-02-07T14:34:01.477+0000] {logging_mixin.py:188} INFO - [2024-02-07T14:34:01.477+0000] {dag.py:3823} INFO - Setting next_dagrun for example_sensor_decorator to None, run_after=None
[2024-02-07T14:34:01.512+0000] {processor.py:183} INFO - Processing /home/airflow/.local/lib/python3.8/site-packages/airflow/example_dags/example_sensor_decorator.py took 0.092 seconds
[2024-02-07T14:34:31.660+0000] {processor.py:161} INFO - Started process (PID=98) to work on /home/airflow/.local/lib/python3.8/site-packages/airflow/example_dags/example_sensor_decorator.py
[2024-02-07T14:34:31.661+0000] {processor.py:830} INFO - Processing file /home/airflow/.local/lib/python3.8/site-packages/airflow/example_dags/example_sensor_decorator.py for tasks to queue
[2024-02-07T14:34:31.662+0000] {logging_mixin.py:188} INFO - [2024-02-07T14:34:31.662+0000] {dagbag.py:538} INFO - Filling up the DagBag from /home/airflow/.local/lib/python3.8/site-packages/airflow/example_dags/example_sensor_decorator.py
[2024-02-07T14:34:31.668+0000] {processor.py:840} INFO - DAG(s) 'example_sensor_decorator' retrieved from /home/airflow/.local/lib/python3.8/site-packages/airflow/example_dags/example_sensor_decorator.py
[2024-02-07T14:34:31.782+0000] {logging_mixin.py:188} INFO - [2024-02-07T14:34:31.782+0000] {dag.py:3036} INFO - Sync 1 DAGs
[2024-02-07T14:34:31.792+0000] {logging_mixin.py:188} INFO - [2024-02-07T14:34:31.792+0000] {dag.py:3823} INFO - Setting next_dagrun for example_sensor_decorator to None, run_after=None
[2024-02-07T14:34:31.810+0000] {processor.py:183} INFO - Processing /home/airflow/.local/lib/python3.8/site-packages/airflow/example_dags/example_sensor_decorator.py took 0.153 seconds
[2024-02-07T14:35:02.506+0000] {processor.py:161} INFO - Started process (PID=155) to work on /home/airflow/.local/lib/python3.8/site-packages/airflow/example_dags/example_sensor_decorator.py
[2024-02-07T14:35:02.507+0000] {processor.py:830} INFO - Processing file /home/airflow/.local/lib/python3.8/site-packages/airflow/example_dags/example_sensor_decorator.py for tasks to queue
[2024-02-07T14:35:02.509+0000] {logging_mixin.py:188} INFO - [2024-02-07T14:35:02.509+0000] {dagbag.py:538} INFO - Filling up the DagBag from /home/airflow/.local/lib/python3.8/site-packages/airflow/example_dags/example_sensor_decorator.py
[2024-02-07T14:35:02.515+0000] {processor.py:840} INFO - DAG(s) 'example_sensor_decorator' retrieved from /home/airflow/.local/lib/python3.8/site-packages/airflow/example_dags/example_sensor_decorator.py
[2024-02-07T14:35:02.535+0000] {logging_mixin.py:188} INFO - [2024-02-07T14:35:02.534+0000] {dag.py:3036} INFO - Sync 1 DAGs
[2024-02-07T14:35:02.547+0000] {logging_mixin.py:188} INFO - [2024-02-07T14:35:02.547+0000] {dag.py:3823} INFO - Setting next_dagrun for example_sensor_decorator to None, run_after=None
[2024-02-07T14:35:02.567+0000] {processor.py:183} INFO - Processing /home/airflow/.local/lib/python3.8/site-packages/airflow/example_dags/example_sensor_decorator.py took 0.064 seconds
[2024-02-07T14:35:33.111+0000] {processor.py:161} INFO - Started process (PID=212) to work on /home/airflow/.local/lib/python3.8/site-packages/airflow/example_dags/example_sensor_decorator.py
[2024-02-07T14:35:33.112+0000] {processor.py:830} INFO - Processing file /home/airflow/.local/lib/python3.8/site-packages/airflow/example_dags/example_sensor_decorator.py for tasks to queue
[2024-02-07T14:35:33.113+0000] {logging_mixin.py:188} INFO - [2024-02-07T14:35:33.113+0000] {dagbag.py:538} INFO - Filling up the DagBag from /home/airflow/.local/lib/python3.8/site-packages/airflow/example_dags/example_sensor_decorator.py
[2024-02-07T14:35:33.119+0000] {processor.py:840} INFO - DAG(s) 'example_sensor_decorator' retrieved from /home/airflow/.local/lib/python3.8/site-packages/airflow/example_dags/example_sensor_decorator.py
[2024-02-07T14:35:33.138+0000] {logging_mixin.py:188} INFO - [2024-02-07T14:35:33.138+0000] {dag.py:3036} INFO - Sync 1 DAGs
[2024-02-07T14:35:33.150+0000] {logging_mixin.py:188} INFO - [2024-02-07T14:35:33.149+0000] {dag.py:3823} INFO - Setting next_dagrun for example_sensor_decorator to None, run_after=None
[2024-02-07T14:35:33.168+0000] {processor.py:183} INFO - Processing /home/airflow/.local/lib/python3.8/site-packages/airflow/example_dags/example_sensor_decorator.py took 0.060 seconds
[2024-02-07T14:43:06.100+0000] {processor.py:161} INFO - Started process (PID=43) to work on /home/airflow/.local/lib/python3.8/site-packages/airflow/example_dags/example_sensor_decorator.py
[2024-02-07T14:43:06.101+0000] {processor.py:830} INFO - Processing file /home/airflow/.local/lib/python3.8/site-packages/airflow/example_dags/example_sensor_decorator.py for tasks to queue
[2024-02-07T14:43:06.103+0000] {logging_mixin.py:188} INFO - [2024-02-07T14:43:06.103+0000] {dagbag.py:538} INFO - Filling up the DagBag from /home/airflow/.local/lib/python3.8/site-packages/airflow/example_dags/example_sensor_decorator.py
[2024-02-07T14:43:06.116+0000] {processor.py:840} INFO - DAG(s) 'example_sensor_decorator' retrieved from /home/airflow/.local/lib/python3.8/site-packages/airflow/example_dags/example_sensor_decorator.py
[2024-02-07T14:43:06.133+0000] {logging_mixin.py:188} INFO - [2024-02-07T14:43:06.132+0000] {dag.py:3036} INFO - Sync 1 DAGs
[2024-02-07T14:43:06.154+0000] {logging_mixin.py:188} INFO - [2024-02-07T14:43:06.154+0000] {dag.py:3823} INFO - Setting next_dagrun for example_sensor_decorator to None, run_after=None
[2024-02-07T14:43:06.184+0000] {processor.py:183} INFO - Processing /home/airflow/.local/lib/python3.8/site-packages/airflow/example_dags/example_sensor_decorator.py took 0.089 seconds
[2024-02-07T14:43:36.587+0000] {processor.py:161} INFO - Started process (PID=98) to work on /home/airflow/.local/lib/python3.8/site-packages/airflow/example_dags/example_sensor_decorator.py
[2024-02-07T14:43:36.588+0000] {processor.py:830} INFO - Processing file /home/airflow/.local/lib/python3.8/site-packages/airflow/example_dags/example_sensor_decorator.py for tasks to queue
[2024-02-07T14:43:36.590+0000] {logging_mixin.py:188} INFO - [2024-02-07T14:43:36.590+0000] {dagbag.py:538} INFO - Filling up the DagBag from /home/airflow/.local/lib/python3.8/site-packages/airflow/example_dags/example_sensor_decorator.py
[2024-02-07T14:43:36.596+0000] {processor.py:840} INFO - DAG(s) 'example_sensor_decorator' retrieved from /home/airflow/.local/lib/python3.8/site-packages/airflow/example_dags/example_sensor_decorator.py
[2024-02-07T14:43:36.731+0000] {logging_mixin.py:188} INFO - [2024-02-07T14:43:36.731+0000] {dag.py:3036} INFO - Sync 1 DAGs
[2024-02-07T14:43:36.744+0000] {logging_mixin.py:188} INFO - [2024-02-07T14:43:36.744+0000] {dag.py:3823} INFO - Setting next_dagrun for example_sensor_decorator to None, run_after=None
[2024-02-07T14:43:36.771+0000] {processor.py:183} INFO - Processing /home/airflow/.local/lib/python3.8/site-packages/airflow/example_dags/example_sensor_decorator.py took 0.187 seconds
[2024-02-07T14:44:06.891+0000] {processor.py:161} INFO - Started process (PID=155) to work on /home/airflow/.local/lib/python3.8/site-packages/airflow/example_dags/example_sensor_decorator.py
[2024-02-07T14:44:06.892+0000] {processor.py:830} INFO - Processing file /home/airflow/.local/lib/python3.8/site-packages/airflow/example_dags/example_sensor_decorator.py for tasks to queue
[2024-02-07T14:44:06.893+0000] {logging_mixin.py:188} INFO - [2024-02-07T14:44:06.893+0000] {dagbag.py:538} INFO - Filling up the DagBag from /home/airflow/.local/lib/python3.8/site-packages/airflow/example_dags/example_sensor_decorator.py
[2024-02-07T14:44:06.899+0000] {processor.py:840} INFO - DAG(s) 'example_sensor_decorator' retrieved from /home/airflow/.local/lib/python3.8/site-packages/airflow/example_dags/example_sensor_decorator.py
[2024-02-07T14:44:06.919+0000] {logging_mixin.py:188} INFO - [2024-02-07T14:44:06.919+0000] {dag.py:3036} INFO - Sync 1 DAGs
[2024-02-07T14:44:06.930+0000] {logging_mixin.py:188} INFO - [2024-02-07T14:44:06.930+0000] {dag.py:3823} INFO - Setting next_dagrun for example_sensor_decorator to None, run_after=None
[2024-02-07T14:44:06.947+0000] {processor.py:183} INFO - Processing /home/airflow/.local/lib/python3.8/site-packages/airflow/example_dags/example_sensor_decorator.py took 0.060 seconds
[2024-02-07T14:44:37.349+0000] {processor.py:161} INFO - Started process (PID=212) to work on /home/airflow/.local/lib/python3.8/site-packages/airflow/example_dags/example_sensor_decorator.py
[2024-02-07T14:44:37.350+0000] {processor.py:830} INFO - Processing file /home/airflow/.local/lib/python3.8/site-packages/airflow/example_dags/example_sensor_decorator.py for tasks to queue
[2024-02-07T14:44:37.352+0000] {logging_mixin.py:188} INFO - [2024-02-07T14:44:37.351+0000] {dagbag.py:538} INFO - Filling up the DagBag from /home/airflow/.local/lib/python3.8/site-packages/airflow/example_dags/example_sensor_decorator.py
[2024-02-07T14:44:37.359+0000] {processor.py:840} INFO - DAG(s) 'example_sensor_decorator' retrieved from /home/airflow/.local/lib/python3.8/site-packages/airflow/example_dags/example_sensor_decorator.py
[2024-02-07T14:44:37.381+0000] {logging_mixin.py:188} INFO - [2024-02-07T14:44:37.380+0000] {dag.py:3036} INFO - Sync 1 DAGs
[2024-02-07T14:44:37.397+0000] {logging_mixin.py:188} INFO - [2024-02-07T14:44:37.396+0000] {dag.py:3823} INFO - Setting next_dagrun for example_sensor_decorator to None, run_after=None
[2024-02-07T14:44:37.415+0000] {processor.py:183} INFO - Processing /home/airflow/.local/lib/python3.8/site-packages/airflow/example_dags/example_sensor_decorator.py took 0.070 seconds
[2024-02-07T14:45:07.726+0000] {processor.py:161} INFO - Started process (PID=269) to work on /home/airflow/.local/lib/python3.8/site-packages/airflow/example_dags/example_sensor_decorator.py
[2024-02-07T14:45:07.727+0000] {processor.py:830} INFO - Processing file /home/airflow/.local/lib/python3.8/site-packages/airflow/example_dags/example_sensor_decorator.py for tasks to queue
[2024-02-07T14:45:07.729+0000] {logging_mixin.py:188} INFO - [2024-02-07T14:45:07.729+0000] {dagbag.py:538} INFO - Filling up the DagBag from /home/airflow/.local/lib/python3.8/site-packages/airflow/example_dags/example_sensor_decorator.py
[2024-02-07T14:45:07.735+0000] {processor.py:840} INFO - DAG(s) 'example_sensor_decorator' retrieved from /home/airflow/.local/lib/python3.8/site-packages/airflow/example_dags/example_sensor_decorator.py
[2024-02-07T14:45:07.755+0000] {logging_mixin.py:188} INFO - [2024-02-07T14:45:07.754+0000] {dag.py:3036} INFO - Sync 1 DAGs
[2024-02-07T14:45:07.767+0000] {logging_mixin.py:188} INFO - [2024-02-07T14:45:07.767+0000] {dag.py:3823} INFO - Setting next_dagrun for example_sensor_decorator to None, run_after=None
[2024-02-07T14:45:07.784+0000] {processor.py:183} INFO - Processing /home/airflow/.local/lib/python3.8/site-packages/airflow/example_dags/example_sensor_decorator.py took 0.061 seconds
[2024-02-07T14:45:37.918+0000] {processor.py:161} INFO - Started process (PID=326) to work on /home/airflow/.local/lib/python3.8/site-packages/airflow/example_dags/example_sensor_decorator.py
[2024-02-07T14:45:37.919+0000] {processor.py:830} INFO - Processing file /home/airflow/.local/lib/python3.8/site-packages/airflow/example_dags/example_sensor_decorator.py for tasks to queue
[2024-02-07T14:45:37.921+0000] {logging_mixin.py:188} INFO - [2024-02-07T14:45:37.921+0000] {dagbag.py:538} INFO - Filling up the DagBag from /home/airflow/.local/lib/python3.8/site-packages/airflow/example_dags/example_sensor_decorator.py
[2024-02-07T14:45:37.928+0000] {processor.py:840} INFO - DAG(s) 'example_sensor_decorator' retrieved from /home/airflow/.local/lib/python3.8/site-packages/airflow/example_dags/example_sensor_decorator.py
[2024-02-07T14:45:37.956+0000] {logging_mixin.py:188} INFO - [2024-02-07T14:45:37.956+0000] {dag.py:3036} INFO - Sync 1 DAGs
[2024-02-07T14:45:37.975+0000] {logging_mixin.py:188} INFO - [2024-02-07T14:45:37.975+0000] {dag.py:3823} INFO - Setting next_dagrun for example_sensor_decorator to None, run_after=None
[2024-02-07T14:45:38.002+0000] {processor.py:183} INFO - Processing /home/airflow/.local/lib/python3.8/site-packages/airflow/example_dags/example_sensor_decorator.py took 0.088 seconds
[2024-02-07T14:46:08.077+0000] {processor.py:161} INFO - Started process (PID=382) to work on /home/airflow/.local/lib/python3.8/site-packages/airflow/example_dags/example_sensor_decorator.py
[2024-02-07T14:46:08.078+0000] {processor.py:830} INFO - Processing file /home/airflow/.local/lib/python3.8/site-packages/airflow/example_dags/example_sensor_decorator.py for tasks to queue
[2024-02-07T14:46:08.081+0000] {logging_mixin.py:188} INFO - [2024-02-07T14:46:08.080+0000] {dagbag.py:538} INFO - Filling up the DagBag from /home/airflow/.local/lib/python3.8/site-packages/airflow/example_dags/example_sensor_decorator.py
[2024-02-07T14:46:08.089+0000] {processor.py:840} INFO - DAG(s) 'example_sensor_decorator' retrieved from /home/airflow/.local/lib/python3.8/site-packages/airflow/example_dags/example_sensor_decorator.py
[2024-02-07T14:46:08.115+0000] {logging_mixin.py:188} INFO - [2024-02-07T14:46:08.115+0000] {dag.py:3036} INFO - Sync 1 DAGs
[2024-02-07T14:46:08.131+0000] {logging_mixin.py:188} INFO - [2024-02-07T14:46:08.131+0000] {dag.py:3823} INFO - Setting next_dagrun for example_sensor_decorator to None, run_after=None
[2024-02-07T14:46:08.162+0000] {processor.py:183} INFO - Processing /home/airflow/.local/lib/python3.8/site-packages/airflow/example_dags/example_sensor_decorator.py took 0.090 seconds
[2024-02-07T14:46:38.403+0000] {processor.py:161} INFO - Started process (PID=439) to work on /home/airflow/.local/lib/python3.8/site-packages/airflow/example_dags/example_sensor_decorator.py
[2024-02-07T14:46:38.404+0000] {processor.py:830} INFO - Processing file /home/airflow/.local/lib/python3.8/site-packages/airflow/example_dags/example_sensor_decorator.py for tasks to queue
[2024-02-07T14:46:38.406+0000] {logging_mixin.py:188} INFO - [2024-02-07T14:46:38.406+0000] {dagbag.py:538} INFO - Filling up the DagBag from /home/airflow/.local/lib/python3.8/site-packages/airflow/example_dags/example_sensor_decorator.py
[2024-02-07T14:46:38.413+0000] {processor.py:840} INFO - DAG(s) 'example_sensor_decorator' retrieved from /home/airflow/.local/lib/python3.8/site-packages/airflow/example_dags/example_sensor_decorator.py
[2024-02-07T14:46:38.433+0000] {logging_mixin.py:188} INFO - [2024-02-07T14:46:38.433+0000] {dag.py:3036} INFO - Sync 1 DAGs
[2024-02-07T14:46:38.445+0000] {logging_mixin.py:188} INFO - [2024-02-07T14:46:38.444+0000] {dag.py:3823} INFO - Setting next_dagrun for example_sensor_decorator to None, run_after=None
[2024-02-07T14:46:38.463+0000] {processor.py:183} INFO - Processing /home/airflow/.local/lib/python3.8/site-packages/airflow/example_dags/example_sensor_decorator.py took 0.063 seconds
[2024-02-07T14:47:08.514+0000] {processor.py:161} INFO - Started process (PID=496) to work on /home/airflow/.local/lib/python3.8/site-packages/airflow/example_dags/example_sensor_decorator.py
[2024-02-07T14:47:08.516+0000] {processor.py:830} INFO - Processing file /home/airflow/.local/lib/python3.8/site-packages/airflow/example_dags/example_sensor_decorator.py for tasks to queue
[2024-02-07T14:47:08.518+0000] {logging_mixin.py:188} INFO - [2024-02-07T14:47:08.518+0000] {dagbag.py:538} INFO - Filling up the DagBag from /home/airflow/.local/lib/python3.8/site-packages/airflow/example_dags/example_sensor_decorator.py
[2024-02-07T14:47:08.528+0000] {processor.py:840} INFO - DAG(s) 'example_sensor_decorator' retrieved from /home/airflow/.local/lib/python3.8/site-packages/airflow/example_dags/example_sensor_decorator.py
[2024-02-07T14:47:08.558+0000] {logging_mixin.py:188} INFO - [2024-02-07T14:47:08.558+0000] {dag.py:3036} INFO - Sync 1 DAGs
[2024-02-07T14:47:08.579+0000] {logging_mixin.py:188} INFO - [2024-02-07T14:47:08.579+0000] {dag.py:3823} INFO - Setting next_dagrun for example_sensor_decorator to None, run_after=None
[2024-02-07T14:47:08.602+0000] {processor.py:183} INFO - Processing /home/airflow/.local/lib/python3.8/site-packages/airflow/example_dags/example_sensor_decorator.py took 0.091 seconds
[2024-02-07T14:47:39.243+0000] {processor.py:161} INFO - Started process (PID=554) to work on /home/airflow/.local/lib/python3.8/site-packages/airflow/example_dags/example_sensor_decorator.py
[2024-02-07T14:47:39.244+0000] {processor.py:830} INFO - Processing file /home/airflow/.local/lib/python3.8/site-packages/airflow/example_dags/example_sensor_decorator.py for tasks to queue
[2024-02-07T14:47:39.246+0000] {logging_mixin.py:188} INFO - [2024-02-07T14:47:39.246+0000] {dagbag.py:538} INFO - Filling up the DagBag from /home/airflow/.local/lib/python3.8/site-packages/airflow/example_dags/example_sensor_decorator.py
[2024-02-07T14:47:39.252+0000] {processor.py:840} INFO - DAG(s) 'example_sensor_decorator' retrieved from /home/airflow/.local/lib/python3.8/site-packages/airflow/example_dags/example_sensor_decorator.py
[2024-02-07T14:47:39.272+0000] {logging_mixin.py:188} INFO - [2024-02-07T14:47:39.272+0000] {dag.py:3036} INFO - Sync 1 DAGs
[2024-02-07T14:47:39.286+0000] {logging_mixin.py:188} INFO - [2024-02-07T14:47:39.286+0000] {dag.py:3823} INFO - Setting next_dagrun for example_sensor_decorator to None, run_after=None
[2024-02-07T14:47:39.305+0000] {processor.py:183} INFO - Processing /home/airflow/.local/lib/python3.8/site-packages/airflow/example_dags/example_sensor_decorator.py took 0.065 seconds
[2024-02-07T14:48:09.742+0000] {processor.py:161} INFO - Started process (PID=611) to work on /home/airflow/.local/lib/python3.8/site-packages/airflow/example_dags/example_sensor_decorator.py
[2024-02-07T14:48:09.743+0000] {processor.py:830} INFO - Processing file /home/airflow/.local/lib/python3.8/site-packages/airflow/example_dags/example_sensor_decorator.py for tasks to queue
[2024-02-07T14:48:09.745+0000] {logging_mixin.py:188} INFO - [2024-02-07T14:48:09.744+0000] {dagbag.py:538} INFO - Filling up the DagBag from /home/airflow/.local/lib/python3.8/site-packages/airflow/example_dags/example_sensor_decorator.py
[2024-02-07T14:48:09.750+0000] {processor.py:840} INFO - DAG(s) 'example_sensor_decorator' retrieved from /home/airflow/.local/lib/python3.8/site-packages/airflow/example_dags/example_sensor_decorator.py
[2024-02-07T14:48:09.770+0000] {logging_mixin.py:188} INFO - [2024-02-07T14:48:09.769+0000] {dag.py:3036} INFO - Sync 1 DAGs
[2024-02-07T14:48:09.781+0000] {logging_mixin.py:188} INFO - [2024-02-07T14:48:09.781+0000] {dag.py:3823} INFO - Setting next_dagrun for example_sensor_decorator to None, run_after=None
[2024-02-07T14:48:09.798+0000] {processor.py:183} INFO - Processing /home/airflow/.local/lib/python3.8/site-packages/airflow/example_dags/example_sensor_decorator.py took 0.060 seconds
[2024-02-07T14:48:40.089+0000] {processor.py:161} INFO - Started process (PID=668) to work on /home/airflow/.local/lib/python3.8/site-packages/airflow/example_dags/example_sensor_decorator.py
[2024-02-07T14:48:40.090+0000] {processor.py:830} INFO - Processing file /home/airflow/.local/lib/python3.8/site-packages/airflow/example_dags/example_sensor_decorator.py for tasks to queue
[2024-02-07T14:48:40.093+0000] {logging_mixin.py:188} INFO - [2024-02-07T14:48:40.093+0000] {dagbag.py:538} INFO - Filling up the DagBag from /home/airflow/.local/lib/python3.8/site-packages/airflow/example_dags/example_sensor_decorator.py
[2024-02-07T14:48:40.103+0000] {processor.py:840} INFO - DAG(s) 'example_sensor_decorator' retrieved from /home/airflow/.local/lib/python3.8/site-packages/airflow/example_dags/example_sensor_decorator.py
[2024-02-07T14:48:40.132+0000] {logging_mixin.py:188} INFO - [2024-02-07T14:48:40.131+0000] {dag.py:3036} INFO - Sync 1 DAGs
[2024-02-07T14:48:40.149+0000] {logging_mixin.py:188} INFO - [2024-02-07T14:48:40.149+0000] {dag.py:3823} INFO - Setting next_dagrun for example_sensor_decorator to None, run_after=None
[2024-02-07T14:48:40.176+0000] {processor.py:183} INFO - Processing /home/airflow/.local/lib/python3.8/site-packages/airflow/example_dags/example_sensor_decorator.py took 0.092 seconds
[2024-02-07T14:49:10.237+0000] {processor.py:161} INFO - Started process (PID=725) to work on /home/airflow/.local/lib/python3.8/site-packages/airflow/example_dags/example_sensor_decorator.py
[2024-02-07T14:49:10.238+0000] {processor.py:830} INFO - Processing file /home/airflow/.local/lib/python3.8/site-packages/airflow/example_dags/example_sensor_decorator.py for tasks to queue
[2024-02-07T14:49:10.240+0000] {logging_mixin.py:188} INFO - [2024-02-07T14:49:10.240+0000] {dagbag.py:538} INFO - Filling up the DagBag from /home/airflow/.local/lib/python3.8/site-packages/airflow/example_dags/example_sensor_decorator.py
[2024-02-07T14:49:10.245+0000] {processor.py:840} INFO - DAG(s) 'example_sensor_decorator' retrieved from /home/airflow/.local/lib/python3.8/site-packages/airflow/example_dags/example_sensor_decorator.py
[2024-02-07T14:49:10.264+0000] {logging_mixin.py:188} INFO - [2024-02-07T14:49:10.263+0000] {dag.py:3036} INFO - Sync 1 DAGs
[2024-02-07T14:49:10.275+0000] {logging_mixin.py:188} INFO - [2024-02-07T14:49:10.275+0000] {dag.py:3823} INFO - Setting next_dagrun for example_sensor_decorator to None, run_after=None
[2024-02-07T14:49:10.293+0000] {processor.py:183} INFO - Processing /home/airflow/.local/lib/python3.8/site-packages/airflow/example_dags/example_sensor_decorator.py took 0.059 seconds
[2024-02-07T14:49:41.025+0000] {processor.py:161} INFO - Started process (PID=782) to work on /home/airflow/.local/lib/python3.8/site-packages/airflow/example_dags/example_sensor_decorator.py
[2024-02-07T14:49:41.026+0000] {processor.py:830} INFO - Processing file /home/airflow/.local/lib/python3.8/site-packages/airflow/example_dags/example_sensor_decorator.py for tasks to queue
[2024-02-07T14:49:41.028+0000] {logging_mixin.py:188} INFO - [2024-02-07T14:49:41.028+0000] {dagbag.py:538} INFO - Filling up the DagBag from /home/airflow/.local/lib/python3.8/site-packages/airflow/example_dags/example_sensor_decorator.py
[2024-02-07T14:49:41.034+0000] {processor.py:840} INFO - DAG(s) 'example_sensor_decorator' retrieved from /home/airflow/.local/lib/python3.8/site-packages/airflow/example_dags/example_sensor_decorator.py
[2024-02-07T14:49:41.054+0000] {logging_mixin.py:188} INFO - [2024-02-07T14:49:41.053+0000] {dag.py:3036} INFO - Sync 1 DAGs
[2024-02-07T14:49:41.066+0000] {logging_mixin.py:188} INFO - [2024-02-07T14:49:41.066+0000] {dag.py:3823} INFO - Setting next_dagrun for example_sensor_decorator to None, run_after=None
[2024-02-07T14:49:41.084+0000] {processor.py:183} INFO - Processing /home/airflow/.local/lib/python3.8/site-packages/airflow/example_dags/example_sensor_decorator.py took 0.062 seconds
[2024-02-07T14:50:11.750+0000] {processor.py:161} INFO - Started process (PID=839) to work on /home/airflow/.local/lib/python3.8/site-packages/airflow/example_dags/example_sensor_decorator.py
[2024-02-07T14:50:11.751+0000] {processor.py:830} INFO - Processing file /home/airflow/.local/lib/python3.8/site-packages/airflow/example_dags/example_sensor_decorator.py for tasks to queue
[2024-02-07T14:50:11.752+0000] {logging_mixin.py:188} INFO - [2024-02-07T14:50:11.752+0000] {dagbag.py:538} INFO - Filling up the DagBag from /home/airflow/.local/lib/python3.8/site-packages/airflow/example_dags/example_sensor_decorator.py
[2024-02-07T14:50:11.758+0000] {processor.py:840} INFO - DAG(s) 'example_sensor_decorator' retrieved from /home/airflow/.local/lib/python3.8/site-packages/airflow/example_dags/example_sensor_decorator.py
[2024-02-07T14:50:11.778+0000] {logging_mixin.py:188} INFO - [2024-02-07T14:50:11.778+0000] {dag.py:3036} INFO - Sync 1 DAGs
[2024-02-07T14:50:11.791+0000] {logging_mixin.py:188} INFO - [2024-02-07T14:50:11.791+0000] {dag.py:3823} INFO - Setting next_dagrun for example_sensor_decorator to None, run_after=None
[2024-02-07T14:50:11.815+0000] {processor.py:183} INFO - Processing /home/airflow/.local/lib/python3.8/site-packages/airflow/example_dags/example_sensor_decorator.py took 0.069 seconds
[2024-02-07T14:50:42.413+0000] {processor.py:161} INFO - Started process (PID=896) to work on /home/airflow/.local/lib/python3.8/site-packages/airflow/example_dags/example_sensor_decorator.py
[2024-02-07T14:50:42.414+0000] {processor.py:830} INFO - Processing file /home/airflow/.local/lib/python3.8/site-packages/airflow/example_dags/example_sensor_decorator.py for tasks to queue
[2024-02-07T14:50:42.416+0000] {logging_mixin.py:188} INFO - [2024-02-07T14:50:42.416+0000] {dagbag.py:538} INFO - Filling up the DagBag from /home/airflow/.local/lib/python3.8/site-packages/airflow/example_dags/example_sensor_decorator.py
[2024-02-07T14:50:42.421+0000] {processor.py:840} INFO - DAG(s) 'example_sensor_decorator' retrieved from /home/airflow/.local/lib/python3.8/site-packages/airflow/example_dags/example_sensor_decorator.py
[2024-02-07T14:50:42.441+0000] {logging_mixin.py:188} INFO - [2024-02-07T14:50:42.441+0000] {dag.py:3036} INFO - Sync 1 DAGs
[2024-02-07T14:50:42.452+0000] {logging_mixin.py:188} INFO - [2024-02-07T14:50:42.452+0000] {dag.py:3823} INFO - Setting next_dagrun for example_sensor_decorator to None, run_after=None
[2024-02-07T14:50:42.469+0000] {processor.py:183} INFO - Processing /home/airflow/.local/lib/python3.8/site-packages/airflow/example_dags/example_sensor_decorator.py took 0.059 seconds
[2024-02-07T14:51:13.101+0000] {processor.py:161} INFO - Started process (PID=954) to work on /home/airflow/.local/lib/python3.8/site-packages/airflow/example_dags/example_sensor_decorator.py
[2024-02-07T14:51:13.102+0000] {processor.py:830} INFO - Processing file /home/airflow/.local/lib/python3.8/site-packages/airflow/example_dags/example_sensor_decorator.py for tasks to queue
[2024-02-07T14:51:13.104+0000] {logging_mixin.py:188} INFO - [2024-02-07T14:51:13.104+0000] {dagbag.py:538} INFO - Filling up the DagBag from /home/airflow/.local/lib/python3.8/site-packages/airflow/example_dags/example_sensor_decorator.py
[2024-02-07T14:51:13.110+0000] {processor.py:840} INFO - DAG(s) 'example_sensor_decorator' retrieved from /home/airflow/.local/lib/python3.8/site-packages/airflow/example_dags/example_sensor_decorator.py
[2024-02-07T14:51:13.130+0000] {logging_mixin.py:188} INFO - [2024-02-07T14:51:13.130+0000] {dag.py:3036} INFO - Sync 1 DAGs
[2024-02-07T14:51:13.143+0000] {logging_mixin.py:188} INFO - [2024-02-07T14:51:13.142+0000] {dag.py:3823} INFO - Setting next_dagrun for example_sensor_decorator to None, run_after=None
[2024-02-07T14:51:13.162+0000] {processor.py:183} INFO - Processing /home/airflow/.local/lib/python3.8/site-packages/airflow/example_dags/example_sensor_decorator.py took 0.064 seconds
[2024-02-07T14:51:43.518+0000] {processor.py:161} INFO - Started process (PID=1011) to work on /home/airflow/.local/lib/python3.8/site-packages/airflow/example_dags/example_sensor_decorator.py
[2024-02-07T14:51:43.519+0000] {processor.py:830} INFO - Processing file /home/airflow/.local/lib/python3.8/site-packages/airflow/example_dags/example_sensor_decorator.py for tasks to queue
[2024-02-07T14:51:43.520+0000] {logging_mixin.py:188} INFO - [2024-02-07T14:51:43.520+0000] {dagbag.py:538} INFO - Filling up the DagBag from /home/airflow/.local/lib/python3.8/site-packages/airflow/example_dags/example_sensor_decorator.py
[2024-02-07T14:51:43.527+0000] {processor.py:840} INFO - DAG(s) 'example_sensor_decorator' retrieved from /home/airflow/.local/lib/python3.8/site-packages/airflow/example_dags/example_sensor_decorator.py
[2024-02-07T14:51:43.547+0000] {logging_mixin.py:188} INFO - [2024-02-07T14:51:43.547+0000] {dag.py:3036} INFO - Sync 1 DAGs
[2024-02-07T14:51:43.560+0000] {logging_mixin.py:188} INFO - [2024-02-07T14:51:43.560+0000] {dag.py:3823} INFO - Setting next_dagrun for example_sensor_decorator to None, run_after=None
[2024-02-07T14:51:43.579+0000] {processor.py:183} INFO - Processing /home/airflow/.local/lib/python3.8/site-packages/airflow/example_dags/example_sensor_decorator.py took 0.065 seconds
[2024-02-07T14:52:13.697+0000] {processor.py:161} INFO - Started process (PID=1069) to work on /home/airflow/.local/lib/python3.8/site-packages/airflow/example_dags/example_sensor_decorator.py
[2024-02-07T14:52:13.698+0000] {processor.py:830} INFO - Processing file /home/airflow/.local/lib/python3.8/site-packages/airflow/example_dags/example_sensor_decorator.py for tasks to queue
[2024-02-07T14:52:13.700+0000] {logging_mixin.py:188} INFO - [2024-02-07T14:52:13.699+0000] {dagbag.py:538} INFO - Filling up the DagBag from /home/airflow/.local/lib/python3.8/site-packages/airflow/example_dags/example_sensor_decorator.py
[2024-02-07T14:52:13.705+0000] {processor.py:840} INFO - DAG(s) 'example_sensor_decorator' retrieved from /home/airflow/.local/lib/python3.8/site-packages/airflow/example_dags/example_sensor_decorator.py
[2024-02-07T14:52:13.725+0000] {logging_mixin.py:188} INFO - [2024-02-07T14:52:13.725+0000] {dag.py:3036} INFO - Sync 1 DAGs
[2024-02-07T14:52:13.737+0000] {logging_mixin.py:188} INFO - [2024-02-07T14:52:13.737+0000] {dag.py:3823} INFO - Setting next_dagrun for example_sensor_decorator to None, run_after=None
[2024-02-07T14:52:13.755+0000] {processor.py:183} INFO - Processing /home/airflow/.local/lib/python3.8/site-packages/airflow/example_dags/example_sensor_decorator.py took 0.061 seconds
[2024-02-07T14:53:47.303+0000] {processor.py:161} INFO - Started process (PID=42) to work on /home/airflow/.local/lib/python3.8/site-packages/airflow/example_dags/example_sensor_decorator.py
[2024-02-07T14:53:47.304+0000] {processor.py:830} INFO - Processing file /home/airflow/.local/lib/python3.8/site-packages/airflow/example_dags/example_sensor_decorator.py for tasks to queue
[2024-02-07T14:53:47.306+0000] {logging_mixin.py:188} INFO - [2024-02-07T14:53:47.306+0000] {dagbag.py:538} INFO - Filling up the DagBag from /home/airflow/.local/lib/python3.8/site-packages/airflow/example_dags/example_sensor_decorator.py
[2024-02-07T14:53:47.317+0000] {processor.py:840} INFO - DAG(s) 'example_sensor_decorator' retrieved from /home/airflow/.local/lib/python3.8/site-packages/airflow/example_dags/example_sensor_decorator.py
[2024-02-07T14:53:47.330+0000] {logging_mixin.py:188} INFO - [2024-02-07T14:53:47.330+0000] {dag.py:3036} INFO - Sync 1 DAGs
[2024-02-07T14:53:47.344+0000] {logging_mixin.py:188} INFO - [2024-02-07T14:53:47.344+0000] {dag.py:3823} INFO - Setting next_dagrun for example_sensor_decorator to None, run_after=None
[2024-02-07T14:53:47.368+0000] {processor.py:183} INFO - Processing /home/airflow/.local/lib/python3.8/site-packages/airflow/example_dags/example_sensor_decorator.py took 0.069 seconds
[2024-02-07T14:54:17.808+0000] {processor.py:161} INFO - Started process (PID=96) to work on /home/airflow/.local/lib/python3.8/site-packages/airflow/example_dags/example_sensor_decorator.py
[2024-02-07T14:54:17.809+0000] {processor.py:830} INFO - Processing file /home/airflow/.local/lib/python3.8/site-packages/airflow/example_dags/example_sensor_decorator.py for tasks to queue
[2024-02-07T14:54:17.812+0000] {logging_mixin.py:188} INFO - [2024-02-07T14:54:17.811+0000] {dagbag.py:538} INFO - Filling up the DagBag from /home/airflow/.local/lib/python3.8/site-packages/airflow/example_dags/example_sensor_decorator.py
[2024-02-07T14:54:17.819+0000] {processor.py:840} INFO - DAG(s) 'example_sensor_decorator' retrieved from /home/airflow/.local/lib/python3.8/site-packages/airflow/example_dags/example_sensor_decorator.py
[2024-02-07T14:54:17.940+0000] {logging_mixin.py:188} INFO - [2024-02-07T14:54:17.939+0000] {dag.py:3036} INFO - Sync 1 DAGs
[2024-02-07T14:54:17.951+0000] {logging_mixin.py:188} INFO - [2024-02-07T14:54:17.951+0000] {dag.py:3823} INFO - Setting next_dagrun for example_sensor_decorator to None, run_after=None
[2024-02-07T14:54:17.972+0000] {processor.py:183} INFO - Processing /home/airflow/.local/lib/python3.8/site-packages/airflow/example_dags/example_sensor_decorator.py took 0.168 seconds
[2024-02-07T14:54:48.018+0000] {processor.py:161} INFO - Started process (PID=153) to work on /home/airflow/.local/lib/python3.8/site-packages/airflow/example_dags/example_sensor_decorator.py
[2024-02-07T14:54:48.019+0000] {processor.py:830} INFO - Processing file /home/airflow/.local/lib/python3.8/site-packages/airflow/example_dags/example_sensor_decorator.py for tasks to queue
[2024-02-07T14:54:48.020+0000] {logging_mixin.py:188} INFO - [2024-02-07T14:54:48.020+0000] {dagbag.py:538} INFO - Filling up the DagBag from /home/airflow/.local/lib/python3.8/site-packages/airflow/example_dags/example_sensor_decorator.py
[2024-02-07T14:54:48.026+0000] {processor.py:840} INFO - DAG(s) 'example_sensor_decorator' retrieved from /home/airflow/.local/lib/python3.8/site-packages/airflow/example_dags/example_sensor_decorator.py
[2024-02-07T14:54:48.046+0000] {logging_mixin.py:188} INFO - [2024-02-07T14:54:48.046+0000] {dag.py:3036} INFO - Sync 1 DAGs
[2024-02-07T14:54:48.057+0000] {logging_mixin.py:188} INFO - [2024-02-07T14:54:48.057+0000] {dag.py:3823} INFO - Setting next_dagrun for example_sensor_decorator to None, run_after=None
[2024-02-07T14:54:48.074+0000] {processor.py:183} INFO - Processing /home/airflow/.local/lib/python3.8/site-packages/airflow/example_dags/example_sensor_decorator.py took 0.060 seconds
[2024-02-07T15:05:09.160+0000] {processor.py:161} INFO - Started process (PID=43) to work on /home/airflow/.local/lib/python3.8/site-packages/airflow/example_dags/example_sensor_decorator.py
[2024-02-07T15:05:09.161+0000] {processor.py:830} INFO - Processing file /home/airflow/.local/lib/python3.8/site-packages/airflow/example_dags/example_sensor_decorator.py for tasks to queue
[2024-02-07T15:05:09.163+0000] {logging_mixin.py:188} INFO - [2024-02-07T15:05:09.163+0000] {dagbag.py:538} INFO - Filling up the DagBag from /home/airflow/.local/lib/python3.8/site-packages/airflow/example_dags/example_sensor_decorator.py
[2024-02-07T15:05:09.174+0000] {processor.py:840} INFO - DAG(s) 'example_sensor_decorator' retrieved from /home/airflow/.local/lib/python3.8/site-packages/airflow/example_dags/example_sensor_decorator.py
[2024-02-07T15:05:09.189+0000] {logging_mixin.py:188} INFO - [2024-02-07T15:05:09.189+0000] {dag.py:3036} INFO - Sync 1 DAGs
[2024-02-07T15:05:09.207+0000] {logging_mixin.py:188} INFO - [2024-02-07T15:05:09.206+0000] {dag.py:3823} INFO - Setting next_dagrun for example_sensor_decorator to None, run_after=None
[2024-02-07T15:05:09.229+0000] {processor.py:183} INFO - Processing /home/airflow/.local/lib/python3.8/site-packages/airflow/example_dags/example_sensor_decorator.py took 0.073 seconds
[2024-02-07T15:05:39.734+0000] {processor.py:161} INFO - Started process (PID=98) to work on /home/airflow/.local/lib/python3.8/site-packages/airflow/example_dags/example_sensor_decorator.py
[2024-02-07T15:05:39.735+0000] {processor.py:830} INFO - Processing file /home/airflow/.local/lib/python3.8/site-packages/airflow/example_dags/example_sensor_decorator.py for tasks to queue
[2024-02-07T15:05:39.739+0000] {logging_mixin.py:188} INFO - [2024-02-07T15:05:39.738+0000] {dagbag.py:538} INFO - Filling up the DagBag from /home/airflow/.local/lib/python3.8/site-packages/airflow/example_dags/example_sensor_decorator.py
[2024-02-07T15:05:39.753+0000] {processor.py:840} INFO - DAG(s) 'example_sensor_decorator' retrieved from /home/airflow/.local/lib/python3.8/site-packages/airflow/example_dags/example_sensor_decorator.py
[2024-02-07T15:05:39.903+0000] {logging_mixin.py:188} INFO - [2024-02-07T15:05:39.903+0000] {dag.py:3036} INFO - Sync 1 DAGs
[2024-02-07T15:05:39.916+0000] {logging_mixin.py:188} INFO - [2024-02-07T15:05:39.916+0000] {dag.py:3823} INFO - Setting next_dagrun for example_sensor_decorator to None, run_after=None
[2024-02-07T15:05:39.941+0000] {processor.py:183} INFO - Processing /home/airflow/.local/lib/python3.8/site-packages/airflow/example_dags/example_sensor_decorator.py took 0.214 seconds
[2024-02-07T15:07:15.784+0000] {processor.py:161} INFO - Started process (PID=43) to work on /home/airflow/.local/lib/python3.8/site-packages/airflow/example_dags/example_sensor_decorator.py
[2024-02-07T15:07:15.785+0000] {processor.py:830} INFO - Processing file /home/airflow/.local/lib/python3.8/site-packages/airflow/example_dags/example_sensor_decorator.py for tasks to queue
[2024-02-07T15:07:15.787+0000] {logging_mixin.py:188} INFO - [2024-02-07T15:07:15.787+0000] {dagbag.py:538} INFO - Filling up the DagBag from /home/airflow/.local/lib/python3.8/site-packages/airflow/example_dags/example_sensor_decorator.py
[2024-02-07T15:07:15.796+0000] {processor.py:840} INFO - DAG(s) 'example_sensor_decorator' retrieved from /home/airflow/.local/lib/python3.8/site-packages/airflow/example_dags/example_sensor_decorator.py
[2024-02-07T15:07:15.810+0000] {logging_mixin.py:188} INFO - [2024-02-07T15:07:15.810+0000] {dag.py:3036} INFO - Sync 1 DAGs
[2024-02-07T15:07:15.832+0000] {logging_mixin.py:188} INFO - [2024-02-07T15:07:15.832+0000] {dag.py:3823} INFO - Setting next_dagrun for example_sensor_decorator to None, run_after=None
[2024-02-07T15:07:15.863+0000] {processor.py:183} INFO - Processing /home/airflow/.local/lib/python3.8/site-packages/airflow/example_dags/example_sensor_decorator.py took 0.082 seconds
[2024-02-07T15:07:46.064+0000] {processor.py:161} INFO - Started process (PID=98) to work on /home/airflow/.local/lib/python3.8/site-packages/airflow/example_dags/example_sensor_decorator.py
[2024-02-07T15:07:46.065+0000] {processor.py:830} INFO - Processing file /home/airflow/.local/lib/python3.8/site-packages/airflow/example_dags/example_sensor_decorator.py for tasks to queue
[2024-02-07T15:07:46.069+0000] {logging_mixin.py:188} INFO - [2024-02-07T15:07:46.068+0000] {dagbag.py:538} INFO - Filling up the DagBag from /home/airflow/.local/lib/python3.8/site-packages/airflow/example_dags/example_sensor_decorator.py
[2024-02-07T15:07:46.081+0000] {processor.py:840} INFO - DAG(s) 'example_sensor_decorator' retrieved from /home/airflow/.local/lib/python3.8/site-packages/airflow/example_dags/example_sensor_decorator.py
[2024-02-07T15:07:46.233+0000] {logging_mixin.py:188} INFO - [2024-02-07T15:07:46.233+0000] {dag.py:3036} INFO - Sync 1 DAGs
[2024-02-07T15:07:46.247+0000] {logging_mixin.py:188} INFO - [2024-02-07T15:07:46.246+0000] {dag.py:3823} INFO - Setting next_dagrun for example_sensor_decorator to None, run_after=None
[2024-02-07T15:07:46.269+0000] {processor.py:183} INFO - Processing /home/airflow/.local/lib/python3.8/site-packages/airflow/example_dags/example_sensor_decorator.py took 0.212 seconds
[2024-02-07T15:08:16.898+0000] {processor.py:161} INFO - Started process (PID=155) to work on /home/airflow/.local/lib/python3.8/site-packages/airflow/example_dags/example_sensor_decorator.py
[2024-02-07T15:08:16.899+0000] {processor.py:830} INFO - Processing file /home/airflow/.local/lib/python3.8/site-packages/airflow/example_dags/example_sensor_decorator.py for tasks to queue
[2024-02-07T15:08:16.901+0000] {logging_mixin.py:188} INFO - [2024-02-07T15:08:16.900+0000] {dagbag.py:538} INFO - Filling up the DagBag from /home/airflow/.local/lib/python3.8/site-packages/airflow/example_dags/example_sensor_decorator.py
[2024-02-07T15:08:16.906+0000] {processor.py:840} INFO - DAG(s) 'example_sensor_decorator' retrieved from /home/airflow/.local/lib/python3.8/site-packages/airflow/example_dags/example_sensor_decorator.py
[2024-02-07T15:08:16.926+0000] {logging_mixin.py:188} INFO - [2024-02-07T15:08:16.926+0000] {dag.py:3036} INFO - Sync 1 DAGs
[2024-02-07T15:08:16.938+0000] {logging_mixin.py:188} INFO - [2024-02-07T15:08:16.938+0000] {dag.py:3823} INFO - Setting next_dagrun for example_sensor_decorator to None, run_after=None
[2024-02-07T15:08:16.955+0000] {processor.py:183} INFO - Processing /home/airflow/.local/lib/python3.8/site-packages/airflow/example_dags/example_sensor_decorator.py took 0.060 seconds
[2024-02-07T15:08:47.177+0000] {processor.py:161} INFO - Started process (PID=212) to work on /home/airflow/.local/lib/python3.8/site-packages/airflow/example_dags/example_sensor_decorator.py
[2024-02-07T15:08:47.178+0000] {processor.py:830} INFO - Processing file /home/airflow/.local/lib/python3.8/site-packages/airflow/example_dags/example_sensor_decorator.py for tasks to queue
[2024-02-07T15:08:47.180+0000] {logging_mixin.py:188} INFO - [2024-02-07T15:08:47.179+0000] {dagbag.py:538} INFO - Filling up the DagBag from /home/airflow/.local/lib/python3.8/site-packages/airflow/example_dags/example_sensor_decorator.py
[2024-02-07T15:08:47.185+0000] {processor.py:840} INFO - DAG(s) 'example_sensor_decorator' retrieved from /home/airflow/.local/lib/python3.8/site-packages/airflow/example_dags/example_sensor_decorator.py
[2024-02-07T15:08:47.204+0000] {logging_mixin.py:188} INFO - [2024-02-07T15:08:47.203+0000] {dag.py:3036} INFO - Sync 1 DAGs
[2024-02-07T15:08:47.216+0000] {logging_mixin.py:188} INFO - [2024-02-07T15:08:47.216+0000] {dag.py:3823} INFO - Setting next_dagrun for example_sensor_decorator to None, run_after=None
[2024-02-07T15:08:47.234+0000] {processor.py:183} INFO - Processing /home/airflow/.local/lib/python3.8/site-packages/airflow/example_dags/example_sensor_decorator.py took 0.060 seconds
[2024-02-07T15:09:17.399+0000] {processor.py:161} INFO - Started process (PID=269) to work on /home/airflow/.local/lib/python3.8/site-packages/airflow/example_dags/example_sensor_decorator.py
[2024-02-07T15:09:17.400+0000] {processor.py:830} INFO - Processing file /home/airflow/.local/lib/python3.8/site-packages/airflow/example_dags/example_sensor_decorator.py for tasks to queue
[2024-02-07T15:09:17.401+0000] {logging_mixin.py:188} INFO - [2024-02-07T15:09:17.401+0000] {dagbag.py:538} INFO - Filling up the DagBag from /home/airflow/.local/lib/python3.8/site-packages/airflow/example_dags/example_sensor_decorator.py
[2024-02-07T15:09:17.407+0000] {processor.py:840} INFO - DAG(s) 'example_sensor_decorator' retrieved from /home/airflow/.local/lib/python3.8/site-packages/airflow/example_dags/example_sensor_decorator.py
[2024-02-07T15:09:17.427+0000] {logging_mixin.py:188} INFO - [2024-02-07T15:09:17.426+0000] {dag.py:3036} INFO - Sync 1 DAGs
[2024-02-07T15:09:17.443+0000] {logging_mixin.py:188} INFO - [2024-02-07T15:09:17.443+0000] {dag.py:3823} INFO - Setting next_dagrun for example_sensor_decorator to None, run_after=None
[2024-02-07T15:09:17.467+0000] {processor.py:183} INFO - Processing /home/airflow/.local/lib/python3.8/site-packages/airflow/example_dags/example_sensor_decorator.py took 0.071 seconds
[2024-02-07T15:57:14.759+0000] {processor.py:161} INFO - Started process (PID=43) to work on /home/airflow/.local/lib/python3.8/site-packages/airflow/example_dags/example_sensor_decorator.py
[2024-02-07T15:57:14.760+0000] {processor.py:830} INFO - Processing file /home/airflow/.local/lib/python3.8/site-packages/airflow/example_dags/example_sensor_decorator.py for tasks to queue
[2024-02-07T15:57:14.762+0000] {logging_mixin.py:188} INFO - [2024-02-07T15:57:14.761+0000] {dagbag.py:538} INFO - Filling up the DagBag from /home/airflow/.local/lib/python3.8/site-packages/airflow/example_dags/example_sensor_decorator.py
[2024-02-07T15:57:14.771+0000] {processor.py:840} INFO - DAG(s) 'example_sensor_decorator' retrieved from /home/airflow/.local/lib/python3.8/site-packages/airflow/example_dags/example_sensor_decorator.py
[2024-02-07T15:57:14.784+0000] {logging_mixin.py:188} INFO - [2024-02-07T15:57:14.784+0000] {dag.py:3036} INFO - Sync 1 DAGs
[2024-02-07T15:57:14.799+0000] {logging_mixin.py:188} INFO - [2024-02-07T15:57:14.799+0000] {dag.py:3823} INFO - Setting next_dagrun for example_sensor_decorator to None, run_after=None
[2024-02-07T15:57:14.820+0000] {processor.py:183} INFO - Processing /home/airflow/.local/lib/python3.8/site-packages/airflow/example_dags/example_sensor_decorator.py took 0.065 seconds
[2024-02-07T15:57:45.156+0000] {processor.py:161} INFO - Started process (PID=98) to work on /home/airflow/.local/lib/python3.8/site-packages/airflow/example_dags/example_sensor_decorator.py
[2024-02-07T15:57:45.158+0000] {processor.py:830} INFO - Processing file /home/airflow/.local/lib/python3.8/site-packages/airflow/example_dags/example_sensor_decorator.py for tasks to queue
[2024-02-07T15:57:45.161+0000] {logging_mixin.py:188} INFO - [2024-02-07T15:57:45.160+0000] {dagbag.py:538} INFO - Filling up the DagBag from /home/airflow/.local/lib/python3.8/site-packages/airflow/example_dags/example_sensor_decorator.py
[2024-02-07T15:57:45.173+0000] {processor.py:840} INFO - DAG(s) 'example_sensor_decorator' retrieved from /home/airflow/.local/lib/python3.8/site-packages/airflow/example_dags/example_sensor_decorator.py
[2024-02-07T15:57:45.337+0000] {logging_mixin.py:188} INFO - [2024-02-07T15:57:45.336+0000] {dag.py:3036} INFO - Sync 1 DAGs
[2024-02-07T15:57:45.347+0000] {logging_mixin.py:188} INFO - [2024-02-07T15:57:45.346+0000] {dag.py:3823} INFO - Setting next_dagrun for example_sensor_decorator to None, run_after=None
[2024-02-07T15:57:45.366+0000] {processor.py:183} INFO - Processing /home/airflow/.local/lib/python3.8/site-packages/airflow/example_dags/example_sensor_decorator.py took 0.215 seconds
[2024-02-07T15:58:15.577+0000] {processor.py:161} INFO - Started process (PID=155) to work on /home/airflow/.local/lib/python3.8/site-packages/airflow/example_dags/example_sensor_decorator.py
[2024-02-07T15:58:15.578+0000] {processor.py:830} INFO - Processing file /home/airflow/.local/lib/python3.8/site-packages/airflow/example_dags/example_sensor_decorator.py for tasks to queue
[2024-02-07T15:58:15.579+0000] {logging_mixin.py:188} INFO - [2024-02-07T15:58:15.579+0000] {dagbag.py:538} INFO - Filling up the DagBag from /home/airflow/.local/lib/python3.8/site-packages/airflow/example_dags/example_sensor_decorator.py
[2024-02-07T15:58:15.585+0000] {processor.py:840} INFO - DAG(s) 'example_sensor_decorator' retrieved from /home/airflow/.local/lib/python3.8/site-packages/airflow/example_dags/example_sensor_decorator.py
[2024-02-07T15:58:15.605+0000] {logging_mixin.py:188} INFO - [2024-02-07T15:58:15.604+0000] {dag.py:3036} INFO - Sync 1 DAGs
[2024-02-07T15:58:15.617+0000] {logging_mixin.py:188} INFO - [2024-02-07T15:58:15.616+0000] {dag.py:3823} INFO - Setting next_dagrun for example_sensor_decorator to None, run_after=None
[2024-02-07T15:58:15.640+0000] {processor.py:183} INFO - Processing /home/airflow/.local/lib/python3.8/site-packages/airflow/example_dags/example_sensor_decorator.py took 0.067 seconds
[2024-02-07T16:10:51.194+0000] {processor.py:161} INFO - Started process (PID=43) to work on /home/airflow/.local/lib/python3.8/site-packages/airflow/example_dags/example_sensor_decorator.py
[2024-02-07T16:10:51.195+0000] {processor.py:830} INFO - Processing file /home/airflow/.local/lib/python3.8/site-packages/airflow/example_dags/example_sensor_decorator.py for tasks to queue
[2024-02-07T16:10:51.197+0000] {logging_mixin.py:188} INFO - [2024-02-07T16:10:51.196+0000] {dagbag.py:538} INFO - Filling up the DagBag from /home/airflow/.local/lib/python3.8/site-packages/airflow/example_dags/example_sensor_decorator.py
[2024-02-07T16:10:51.206+0000] {processor.py:840} INFO - DAG(s) 'example_sensor_decorator' retrieved from /home/airflow/.local/lib/python3.8/site-packages/airflow/example_dags/example_sensor_decorator.py
[2024-02-07T16:10:51.219+0000] {logging_mixin.py:188} INFO - [2024-02-07T16:10:51.218+0000] {dag.py:3036} INFO - Sync 1 DAGs
[2024-02-07T16:10:51.233+0000] {logging_mixin.py:188} INFO - [2024-02-07T16:10:51.233+0000] {dag.py:3823} INFO - Setting next_dagrun for example_sensor_decorator to None, run_after=None
[2024-02-07T16:10:51.253+0000] {processor.py:183} INFO - Processing /home/airflow/.local/lib/python3.8/site-packages/airflow/example_dags/example_sensor_decorator.py took 0.062 seconds
[2024-02-07T16:11:21.739+0000] {processor.py:161} INFO - Started process (PID=98) to work on /home/airflow/.local/lib/python3.8/site-packages/airflow/example_dags/example_sensor_decorator.py
[2024-02-07T16:11:21.741+0000] {processor.py:830} INFO - Processing file /home/airflow/.local/lib/python3.8/site-packages/airflow/example_dags/example_sensor_decorator.py for tasks to queue
[2024-02-07T16:11:21.746+0000] {logging_mixin.py:188} INFO - [2024-02-07T16:11:21.745+0000] {dagbag.py:538} INFO - Filling up the DagBag from /home/airflow/.local/lib/python3.8/site-packages/airflow/example_dags/example_sensor_decorator.py
[2024-02-07T16:11:21.762+0000] {processor.py:840} INFO - DAG(s) 'example_sensor_decorator' retrieved from /home/airflow/.local/lib/python3.8/site-packages/airflow/example_dags/example_sensor_decorator.py
[2024-02-07T16:11:21.963+0000] {logging_mixin.py:188} INFO - [2024-02-07T16:11:21.963+0000] {dag.py:3036} INFO - Sync 1 DAGs
[2024-02-07T16:11:21.988+0000] {logging_mixin.py:188} INFO - [2024-02-07T16:11:21.988+0000] {dag.py:3823} INFO - Setting next_dagrun for example_sensor_decorator to None, run_after=None
[2024-02-07T16:11:22.031+0000] {processor.py:183} INFO - Processing /home/airflow/.local/lib/python3.8/site-packages/airflow/example_dags/example_sensor_decorator.py took 0.298 seconds
[2024-02-07T16:11:53.014+0000] {processor.py:161} INFO - Started process (PID=155) to work on /home/airflow/.local/lib/python3.8/site-packages/airflow/example_dags/example_sensor_decorator.py
[2024-02-07T16:11:53.016+0000] {processor.py:830} INFO - Processing file /home/airflow/.local/lib/python3.8/site-packages/airflow/example_dags/example_sensor_decorator.py for tasks to queue
[2024-02-07T16:11:53.019+0000] {logging_mixin.py:188} INFO - [2024-02-07T16:11:53.018+0000] {dagbag.py:538} INFO - Filling up the DagBag from /home/airflow/.local/lib/python3.8/site-packages/airflow/example_dags/example_sensor_decorator.py
[2024-02-07T16:11:53.026+0000] {processor.py:840} INFO - DAG(s) 'example_sensor_decorator' retrieved from /home/airflow/.local/lib/python3.8/site-packages/airflow/example_dags/example_sensor_decorator.py
[2024-02-07T16:11:53.048+0000] {logging_mixin.py:188} INFO - [2024-02-07T16:11:53.048+0000] {dag.py:3036} INFO - Sync 1 DAGs
[2024-02-07T16:11:53.061+0000] {logging_mixin.py:188} INFO - [2024-02-07T16:11:53.060+0000] {dag.py:3823} INFO - Setting next_dagrun for example_sensor_decorator to None, run_after=None
[2024-02-07T16:11:53.079+0000] {processor.py:183} INFO - Processing /home/airflow/.local/lib/python3.8/site-packages/airflow/example_dags/example_sensor_decorator.py took 0.073 seconds
[2024-02-07T16:12:23.570+0000] {processor.py:161} INFO - Started process (PID=212) to work on /home/airflow/.local/lib/python3.8/site-packages/airflow/example_dags/example_sensor_decorator.py
[2024-02-07T16:12:23.571+0000] {processor.py:830} INFO - Processing file /home/airflow/.local/lib/python3.8/site-packages/airflow/example_dags/example_sensor_decorator.py for tasks to queue
[2024-02-07T16:12:23.573+0000] {logging_mixin.py:188} INFO - [2024-02-07T16:12:23.572+0000] {dagbag.py:538} INFO - Filling up the DagBag from /home/airflow/.local/lib/python3.8/site-packages/airflow/example_dags/example_sensor_decorator.py
[2024-02-07T16:12:23.580+0000] {processor.py:840} INFO - DAG(s) 'example_sensor_decorator' retrieved from /home/airflow/.local/lib/python3.8/site-packages/airflow/example_dags/example_sensor_decorator.py
[2024-02-07T16:12:23.603+0000] {logging_mixin.py:188} INFO - [2024-02-07T16:12:23.603+0000] {dag.py:3036} INFO - Sync 1 DAGs
[2024-02-07T16:12:23.617+0000] {logging_mixin.py:188} INFO - [2024-02-07T16:12:23.617+0000] {dag.py:3823} INFO - Setting next_dagrun for example_sensor_decorator to None, run_after=None
[2024-02-07T16:12:23.636+0000] {processor.py:183} INFO - Processing /home/airflow/.local/lib/python3.8/site-packages/airflow/example_dags/example_sensor_decorator.py took 0.070 seconds
[2024-02-07T16:12:53.774+0000] {processor.py:161} INFO - Started process (PID=269) to work on /home/airflow/.local/lib/python3.8/site-packages/airflow/example_dags/example_sensor_decorator.py
[2024-02-07T16:12:53.776+0000] {processor.py:830} INFO - Processing file /home/airflow/.local/lib/python3.8/site-packages/airflow/example_dags/example_sensor_decorator.py for tasks to queue
[2024-02-07T16:12:53.778+0000] {logging_mixin.py:188} INFO - [2024-02-07T16:12:53.777+0000] {dagbag.py:538} INFO - Filling up the DagBag from /home/airflow/.local/lib/python3.8/site-packages/airflow/example_dags/example_sensor_decorator.py
[2024-02-07T16:12:53.784+0000] {processor.py:840} INFO - DAG(s) 'example_sensor_decorator' retrieved from /home/airflow/.local/lib/python3.8/site-packages/airflow/example_dags/example_sensor_decorator.py
[2024-02-07T16:12:53.805+0000] {logging_mixin.py:188} INFO - [2024-02-07T16:12:53.805+0000] {dag.py:3036} INFO - Sync 1 DAGs
[2024-02-07T16:12:53.818+0000] {logging_mixin.py:188} INFO - [2024-02-07T16:12:53.818+0000] {dag.py:3823} INFO - Setting next_dagrun for example_sensor_decorator to None, run_after=None
[2024-02-07T16:12:53.837+0000] {processor.py:183} INFO - Processing /home/airflow/.local/lib/python3.8/site-packages/airflow/example_dags/example_sensor_decorator.py took 0.066 seconds
[2024-02-07T16:13:24.013+0000] {processor.py:161} INFO - Started process (PID=326) to work on /home/airflow/.local/lib/python3.8/site-packages/airflow/example_dags/example_sensor_decorator.py
[2024-02-07T16:13:24.015+0000] {processor.py:830} INFO - Processing file /home/airflow/.local/lib/python3.8/site-packages/airflow/example_dags/example_sensor_decorator.py for tasks to queue
[2024-02-07T16:13:24.018+0000] {logging_mixin.py:188} INFO - [2024-02-07T16:13:24.018+0000] {dagbag.py:538} INFO - Filling up the DagBag from /home/airflow/.local/lib/python3.8/site-packages/airflow/example_dags/example_sensor_decorator.py
[2024-02-07T16:13:24.027+0000] {processor.py:840} INFO - DAG(s) 'example_sensor_decorator' retrieved from /home/airflow/.local/lib/python3.8/site-packages/airflow/example_dags/example_sensor_decorator.py
[2024-02-07T16:13:24.050+0000] {logging_mixin.py:188} INFO - [2024-02-07T16:13:24.050+0000] {dag.py:3036} INFO - Sync 1 DAGs
[2024-02-07T16:13:24.064+0000] {logging_mixin.py:188} INFO - [2024-02-07T16:13:24.064+0000] {dag.py:3823} INFO - Setting next_dagrun for example_sensor_decorator to None, run_after=None
[2024-02-07T16:13:24.083+0000] {processor.py:183} INFO - Processing /home/airflow/.local/lib/python3.8/site-packages/airflow/example_dags/example_sensor_decorator.py took 0.076 seconds
[2024-02-07T16:13:54.478+0000] {processor.py:161} INFO - Started process (PID=383) to work on /home/airflow/.local/lib/python3.8/site-packages/airflow/example_dags/example_sensor_decorator.py
[2024-02-07T16:13:54.479+0000] {processor.py:830} INFO - Processing file /home/airflow/.local/lib/python3.8/site-packages/airflow/example_dags/example_sensor_decorator.py for tasks to queue
[2024-02-07T16:13:54.481+0000] {logging_mixin.py:188} INFO - [2024-02-07T16:13:54.481+0000] {dagbag.py:538} INFO - Filling up the DagBag from /home/airflow/.local/lib/python3.8/site-packages/airflow/example_dags/example_sensor_decorator.py
[2024-02-07T16:13:54.488+0000] {processor.py:840} INFO - DAG(s) 'example_sensor_decorator' retrieved from /home/airflow/.local/lib/python3.8/site-packages/airflow/example_dags/example_sensor_decorator.py
[2024-02-07T16:13:54.511+0000] {logging_mixin.py:188} INFO - [2024-02-07T16:13:54.511+0000] {dag.py:3036} INFO - Sync 1 DAGs
[2024-02-07T16:13:54.524+0000] {logging_mixin.py:188} INFO - [2024-02-07T16:13:54.523+0000] {dag.py:3823} INFO - Setting next_dagrun for example_sensor_decorator to None, run_after=None
[2024-02-07T16:13:54.541+0000] {processor.py:183} INFO - Processing /home/airflow/.local/lib/python3.8/site-packages/airflow/example_dags/example_sensor_decorator.py took 0.067 seconds
[2024-02-07T16:14:24.676+0000] {processor.py:161} INFO - Started process (PID=440) to work on /home/airflow/.local/lib/python3.8/site-packages/airflow/example_dags/example_sensor_decorator.py
[2024-02-07T16:14:24.678+0000] {processor.py:830} INFO - Processing file /home/airflow/.local/lib/python3.8/site-packages/airflow/example_dags/example_sensor_decorator.py for tasks to queue
[2024-02-07T16:14:24.680+0000] {logging_mixin.py:188} INFO - [2024-02-07T16:14:24.680+0000] {dagbag.py:538} INFO - Filling up the DagBag from /home/airflow/.local/lib/python3.8/site-packages/airflow/example_dags/example_sensor_decorator.py
[2024-02-07T16:14:24.688+0000] {processor.py:840} INFO - DAG(s) 'example_sensor_decorator' retrieved from /home/airflow/.local/lib/python3.8/site-packages/airflow/example_dags/example_sensor_decorator.py
[2024-02-07T16:14:24.709+0000] {logging_mixin.py:188} INFO - [2024-02-07T16:14:24.708+0000] {dag.py:3036} INFO - Sync 1 DAGs
[2024-02-07T16:14:24.725+0000] {logging_mixin.py:188} INFO - [2024-02-07T16:14:24.724+0000] {dag.py:3823} INFO - Setting next_dagrun for example_sensor_decorator to None, run_after=None
[2024-02-07T16:14:24.746+0000] {processor.py:183} INFO - Processing /home/airflow/.local/lib/python3.8/site-packages/airflow/example_dags/example_sensor_decorator.py took 0.076 seconds
[2024-02-07T16:14:54.839+0000] {processor.py:161} INFO - Started process (PID=497) to work on /home/airflow/.local/lib/python3.8/site-packages/airflow/example_dags/example_sensor_decorator.py
[2024-02-07T16:14:54.841+0000] {processor.py:830} INFO - Processing file /home/airflow/.local/lib/python3.8/site-packages/airflow/example_dags/example_sensor_decorator.py for tasks to queue
[2024-02-07T16:14:54.844+0000] {logging_mixin.py:188} INFO - [2024-02-07T16:14:54.843+0000] {dagbag.py:538} INFO - Filling up the DagBag from /home/airflow/.local/lib/python3.8/site-packages/airflow/example_dags/example_sensor_decorator.py
[2024-02-07T16:14:54.857+0000] {processor.py:840} INFO - DAG(s) 'example_sensor_decorator' retrieved from /home/airflow/.local/lib/python3.8/site-packages/airflow/example_dags/example_sensor_decorator.py
[2024-02-07T16:14:54.891+0000] {logging_mixin.py:188} INFO - [2024-02-07T16:14:54.890+0000] {dag.py:3036} INFO - Sync 1 DAGs
[2024-02-07T16:14:54.918+0000] {logging_mixin.py:188} INFO - [2024-02-07T16:14:54.917+0000] {dag.py:3823} INFO - Setting next_dagrun for example_sensor_decorator to None, run_after=None
[2024-02-07T16:14:54.989+0000] {processor.py:183} INFO - Processing /home/airflow/.local/lib/python3.8/site-packages/airflow/example_dags/example_sensor_decorator.py took 0.156 seconds
[2024-02-07T16:23:24.012+0000] {processor.py:161} INFO - Started process (PID=43) to work on /home/airflow/.local/lib/python3.8/site-packages/airflow/example_dags/example_sensor_decorator.py
[2024-02-07T16:23:24.013+0000] {processor.py:830} INFO - Processing file /home/airflow/.local/lib/python3.8/site-packages/airflow/example_dags/example_sensor_decorator.py for tasks to queue
[2024-02-07T16:23:24.014+0000] {logging_mixin.py:188} INFO - [2024-02-07T16:23:24.014+0000] {dagbag.py:538} INFO - Filling up the DagBag from /home/airflow/.local/lib/python3.8/site-packages/airflow/example_dags/example_sensor_decorator.py
[2024-02-07T16:23:24.024+0000] {processor.py:840} INFO - DAG(s) 'example_sensor_decorator' retrieved from /home/airflow/.local/lib/python3.8/site-packages/airflow/example_dags/example_sensor_decorator.py
[2024-02-07T16:23:24.036+0000] {logging_mixin.py:188} INFO - [2024-02-07T16:23:24.036+0000] {dag.py:3036} INFO - Sync 1 DAGs
[2024-02-07T16:23:24.051+0000] {logging_mixin.py:188} INFO - [2024-02-07T16:23:24.051+0000] {dag.py:3823} INFO - Setting next_dagrun for example_sensor_decorator to None, run_after=None
[2024-02-07T16:23:24.073+0000] {processor.py:183} INFO - Processing /home/airflow/.local/lib/python3.8/site-packages/airflow/example_dags/example_sensor_decorator.py took 0.065 seconds
[2024-02-07T16:23:54.199+0000] {processor.py:161} INFO - Started process (PID=98) to work on /home/airflow/.local/lib/python3.8/site-packages/airflow/example_dags/example_sensor_decorator.py
[2024-02-07T16:23:54.200+0000] {processor.py:830} INFO - Processing file /home/airflow/.local/lib/python3.8/site-packages/airflow/example_dags/example_sensor_decorator.py for tasks to queue
[2024-02-07T16:23:54.202+0000] {logging_mixin.py:188} INFO - [2024-02-07T16:23:54.201+0000] {dagbag.py:538} INFO - Filling up the DagBag from /home/airflow/.local/lib/python3.8/site-packages/airflow/example_dags/example_sensor_decorator.py
[2024-02-07T16:23:54.207+0000] {processor.py:840} INFO - DAG(s) 'example_sensor_decorator' retrieved from /home/airflow/.local/lib/python3.8/site-packages/airflow/example_dags/example_sensor_decorator.py
[2024-02-07T16:23:54.305+0000] {logging_mixin.py:188} INFO - [2024-02-07T16:23:54.305+0000] {dag.py:3036} INFO - Sync 1 DAGs
[2024-02-07T16:23:54.315+0000] {logging_mixin.py:188} INFO - [2024-02-07T16:23:54.315+0000] {dag.py:3823} INFO - Setting next_dagrun for example_sensor_decorator to None, run_after=None
[2024-02-07T16:23:54.334+0000] {processor.py:183} INFO - Processing /home/airflow/.local/lib/python3.8/site-packages/airflow/example_dags/example_sensor_decorator.py took 0.138 seconds
[2024-02-07T16:24:24.405+0000] {processor.py:161} INFO - Started process (PID=155) to work on /home/airflow/.local/lib/python3.8/site-packages/airflow/example_dags/example_sensor_decorator.py
[2024-02-07T16:24:24.406+0000] {processor.py:830} INFO - Processing file /home/airflow/.local/lib/python3.8/site-packages/airflow/example_dags/example_sensor_decorator.py for tasks to queue
[2024-02-07T16:24:24.408+0000] {logging_mixin.py:188} INFO - [2024-02-07T16:24:24.408+0000] {dagbag.py:538} INFO - Filling up the DagBag from /home/airflow/.local/lib/python3.8/site-packages/airflow/example_dags/example_sensor_decorator.py
[2024-02-07T16:24:24.414+0000] {processor.py:840} INFO - DAG(s) 'example_sensor_decorator' retrieved from /home/airflow/.local/lib/python3.8/site-packages/airflow/example_dags/example_sensor_decorator.py
[2024-02-07T16:24:24.433+0000] {logging_mixin.py:188} INFO - [2024-02-07T16:24:24.433+0000] {dag.py:3036} INFO - Sync 1 DAGs
[2024-02-07T16:24:24.445+0000] {logging_mixin.py:188} INFO - [2024-02-07T16:24:24.444+0000] {dag.py:3823} INFO - Setting next_dagrun for example_sensor_decorator to None, run_after=None
[2024-02-07T16:24:24.463+0000] {processor.py:183} INFO - Processing /home/airflow/.local/lib/python3.8/site-packages/airflow/example_dags/example_sensor_decorator.py took 0.061 seconds
[2024-02-07T16:24:54.547+0000] {processor.py:161} INFO - Started process (PID=212) to work on /home/airflow/.local/lib/python3.8/site-packages/airflow/example_dags/example_sensor_decorator.py
[2024-02-07T16:24:54.547+0000] {processor.py:830} INFO - Processing file /home/airflow/.local/lib/python3.8/site-packages/airflow/example_dags/example_sensor_decorator.py for tasks to queue
[2024-02-07T16:24:54.549+0000] {logging_mixin.py:188} INFO - [2024-02-07T16:24:54.549+0000] {dagbag.py:538} INFO - Filling up the DagBag from /home/airflow/.local/lib/python3.8/site-packages/airflow/example_dags/example_sensor_decorator.py
[2024-02-07T16:24:54.555+0000] {processor.py:840} INFO - DAG(s) 'example_sensor_decorator' retrieved from /home/airflow/.local/lib/python3.8/site-packages/airflow/example_dags/example_sensor_decorator.py
[2024-02-07T16:24:54.575+0000] {logging_mixin.py:188} INFO - [2024-02-07T16:24:54.575+0000] {dag.py:3036} INFO - Sync 1 DAGs
[2024-02-07T16:24:54.587+0000] {logging_mixin.py:188} INFO - [2024-02-07T16:24:54.587+0000] {dag.py:3823} INFO - Setting next_dagrun for example_sensor_decorator to None, run_after=None
[2024-02-07T16:24:54.608+0000] {processor.py:183} INFO - Processing /home/airflow/.local/lib/python3.8/site-packages/airflow/example_dags/example_sensor_decorator.py took 0.064 seconds
[2024-02-07T16:25:24.841+0000] {processor.py:161} INFO - Started process (PID=269) to work on /home/airflow/.local/lib/python3.8/site-packages/airflow/example_dags/example_sensor_decorator.py
[2024-02-07T16:25:24.842+0000] {processor.py:830} INFO - Processing file /home/airflow/.local/lib/python3.8/site-packages/airflow/example_dags/example_sensor_decorator.py for tasks to queue
[2024-02-07T16:25:24.844+0000] {logging_mixin.py:188} INFO - [2024-02-07T16:25:24.844+0000] {dagbag.py:538} INFO - Filling up the DagBag from /home/airflow/.local/lib/python3.8/site-packages/airflow/example_dags/example_sensor_decorator.py
[2024-02-07T16:25:24.850+0000] {processor.py:840} INFO - DAG(s) 'example_sensor_decorator' retrieved from /home/airflow/.local/lib/python3.8/site-packages/airflow/example_dags/example_sensor_decorator.py
[2024-02-07T16:25:24.869+0000] {logging_mixin.py:188} INFO - [2024-02-07T16:25:24.869+0000] {dag.py:3036} INFO - Sync 1 DAGs
[2024-02-07T16:25:24.881+0000] {logging_mixin.py:188} INFO - [2024-02-07T16:25:24.881+0000] {dag.py:3823} INFO - Setting next_dagrun for example_sensor_decorator to None, run_after=None
[2024-02-07T16:25:24.899+0000] {processor.py:183} INFO - Processing /home/airflow/.local/lib/python3.8/site-packages/airflow/example_dags/example_sensor_decorator.py took 0.062 seconds
[2024-02-07T16:25:55.047+0000] {processor.py:161} INFO - Started process (PID=326) to work on /home/airflow/.local/lib/python3.8/site-packages/airflow/example_dags/example_sensor_decorator.py
[2024-02-07T16:25:55.048+0000] {processor.py:830} INFO - Processing file /home/airflow/.local/lib/python3.8/site-packages/airflow/example_dags/example_sensor_decorator.py for tasks to queue
[2024-02-07T16:25:55.050+0000] {logging_mixin.py:188} INFO - [2024-02-07T16:25:55.050+0000] {dagbag.py:538} INFO - Filling up the DagBag from /home/airflow/.local/lib/python3.8/site-packages/airflow/example_dags/example_sensor_decorator.py
[2024-02-07T16:25:55.056+0000] {processor.py:840} INFO - DAG(s) 'example_sensor_decorator' retrieved from /home/airflow/.local/lib/python3.8/site-packages/airflow/example_dags/example_sensor_decorator.py
[2024-02-07T16:25:55.075+0000] {logging_mixin.py:188} INFO - [2024-02-07T16:25:55.074+0000] {dag.py:3036} INFO - Sync 1 DAGs
[2024-02-07T16:25:55.086+0000] {logging_mixin.py:188} INFO - [2024-02-07T16:25:55.086+0000] {dag.py:3823} INFO - Setting next_dagrun for example_sensor_decorator to None, run_after=None
[2024-02-07T16:25:55.104+0000] {processor.py:183} INFO - Processing /home/airflow/.local/lib/python3.8/site-packages/airflow/example_dags/example_sensor_decorator.py took 0.060 seconds
[2024-02-07T16:48:20.554+0000] {processor.py:161} INFO - Started process (PID=42) to work on /home/airflow/.local/lib/python3.8/site-packages/airflow/example_dags/example_sensor_decorator.py
[2024-02-07T16:48:20.556+0000] {processor.py:830} INFO - Processing file /home/airflow/.local/lib/python3.8/site-packages/airflow/example_dags/example_sensor_decorator.py for tasks to queue
[2024-02-07T16:48:20.558+0000] {logging_mixin.py:188} INFO - [2024-02-07T16:48:20.558+0000] {dagbag.py:538} INFO - Filling up the DagBag from /home/airflow/.local/lib/python3.8/site-packages/airflow/example_dags/example_sensor_decorator.py
[2024-02-07T16:48:20.570+0000] {processor.py:840} INFO - DAG(s) 'example_sensor_decorator' retrieved from /home/airflow/.local/lib/python3.8/site-packages/airflow/example_dags/example_sensor_decorator.py
[2024-02-07T16:48:20.585+0000] {logging_mixin.py:188} INFO - [2024-02-07T16:48:20.585+0000] {dag.py:3036} INFO - Sync 1 DAGs
[2024-02-07T16:48:20.603+0000] {logging_mixin.py:188} INFO - [2024-02-07T16:48:20.602+0000] {dag.py:3823} INFO - Setting next_dagrun for example_sensor_decorator to None, run_after=None
[2024-02-07T16:48:20.631+0000] {processor.py:183} INFO - Processing /home/airflow/.local/lib/python3.8/site-packages/airflow/example_dags/example_sensor_decorator.py took 0.081 seconds
[2024-02-07T16:48:50.831+0000] {processor.py:161} INFO - Started process (PID=97) to work on /home/airflow/.local/lib/python3.8/site-packages/airflow/example_dags/example_sensor_decorator.py
[2024-02-07T16:48:50.832+0000] {processor.py:830} INFO - Processing file /home/airflow/.local/lib/python3.8/site-packages/airflow/example_dags/example_sensor_decorator.py for tasks to queue
[2024-02-07T16:48:50.834+0000] {logging_mixin.py:188} INFO - [2024-02-07T16:48:50.834+0000] {dagbag.py:538} INFO - Filling up the DagBag from /home/airflow/.local/lib/python3.8/site-packages/airflow/example_dags/example_sensor_decorator.py
[2024-02-07T16:48:50.840+0000] {processor.py:840} INFO - DAG(s) 'example_sensor_decorator' retrieved from /home/airflow/.local/lib/python3.8/site-packages/airflow/example_dags/example_sensor_decorator.py
[2024-02-07T16:48:50.950+0000] {logging_mixin.py:188} INFO - [2024-02-07T16:48:50.949+0000] {dag.py:3036} INFO - Sync 1 DAGs
[2024-02-07T16:48:50.961+0000] {logging_mixin.py:188} INFO - [2024-02-07T16:48:50.961+0000] {dag.py:3823} INFO - Setting next_dagrun for example_sensor_decorator to None, run_after=None
[2024-02-07T16:48:50.981+0000] {processor.py:183} INFO - Processing /home/airflow/.local/lib/python3.8/site-packages/airflow/example_dags/example_sensor_decorator.py took 0.154 seconds
[2024-02-07T16:49:21.117+0000] {processor.py:161} INFO - Started process (PID=154) to work on /home/airflow/.local/lib/python3.8/site-packages/airflow/example_dags/example_sensor_decorator.py
[2024-02-07T16:49:21.118+0000] {processor.py:830} INFO - Processing file /home/airflow/.local/lib/python3.8/site-packages/airflow/example_dags/example_sensor_decorator.py for tasks to queue
[2024-02-07T16:49:21.121+0000] {logging_mixin.py:188} INFO - [2024-02-07T16:49:21.120+0000] {dagbag.py:538} INFO - Filling up the DagBag from /home/airflow/.local/lib/python3.8/site-packages/airflow/example_dags/example_sensor_decorator.py
[2024-02-07T16:49:21.128+0000] {processor.py:840} INFO - DAG(s) 'example_sensor_decorator' retrieved from /home/airflow/.local/lib/python3.8/site-packages/airflow/example_dags/example_sensor_decorator.py
[2024-02-07T16:49:21.154+0000] {logging_mixin.py:188} INFO - [2024-02-07T16:49:21.153+0000] {dag.py:3036} INFO - Sync 1 DAGs
[2024-02-07T16:49:21.169+0000] {logging_mixin.py:188} INFO - [2024-02-07T16:49:21.169+0000] {dag.py:3823} INFO - Setting next_dagrun for example_sensor_decorator to None, run_after=None
[2024-02-07T16:49:21.190+0000] {processor.py:183} INFO - Processing /home/airflow/.local/lib/python3.8/site-packages/airflow/example_dags/example_sensor_decorator.py took 0.079 seconds
[2024-02-07T16:49:51.232+0000] {processor.py:161} INFO - Started process (PID=211) to work on /home/airflow/.local/lib/python3.8/site-packages/airflow/example_dags/example_sensor_decorator.py
[2024-02-07T16:49:51.233+0000] {processor.py:830} INFO - Processing file /home/airflow/.local/lib/python3.8/site-packages/airflow/example_dags/example_sensor_decorator.py for tasks to queue
[2024-02-07T16:49:51.235+0000] {logging_mixin.py:188} INFO - [2024-02-07T16:49:51.235+0000] {dagbag.py:538} INFO - Filling up the DagBag from /home/airflow/.local/lib/python3.8/site-packages/airflow/example_dags/example_sensor_decorator.py
[2024-02-07T16:49:51.241+0000] {processor.py:840} INFO - DAG(s) 'example_sensor_decorator' retrieved from /home/airflow/.local/lib/python3.8/site-packages/airflow/example_dags/example_sensor_decorator.py
[2024-02-07T16:49:51.260+0000] {logging_mixin.py:188} INFO - [2024-02-07T16:49:51.259+0000] {dag.py:3036} INFO - Sync 1 DAGs
[2024-02-07T16:49:51.271+0000] {logging_mixin.py:188} INFO - [2024-02-07T16:49:51.271+0000] {dag.py:3823} INFO - Setting next_dagrun for example_sensor_decorator to None, run_after=None
[2024-02-07T16:49:51.289+0000] {processor.py:183} INFO - Processing /home/airflow/.local/lib/python3.8/site-packages/airflow/example_dags/example_sensor_decorator.py took 0.059 seconds
[2024-02-07T16:50:21.791+0000] {processor.py:161} INFO - Started process (PID=269) to work on /home/airflow/.local/lib/python3.8/site-packages/airflow/example_dags/example_sensor_decorator.py
[2024-02-07T16:50:21.792+0000] {processor.py:830} INFO - Processing file /home/airflow/.local/lib/python3.8/site-packages/airflow/example_dags/example_sensor_decorator.py for tasks to queue
[2024-02-07T16:50:21.794+0000] {logging_mixin.py:188} INFO - [2024-02-07T16:50:21.793+0000] {dagbag.py:538} INFO - Filling up the DagBag from /home/airflow/.local/lib/python3.8/site-packages/airflow/example_dags/example_sensor_decorator.py
[2024-02-07T16:50:21.799+0000] {processor.py:840} INFO - DAG(s) 'example_sensor_decorator' retrieved from /home/airflow/.local/lib/python3.8/site-packages/airflow/example_dags/example_sensor_decorator.py
[2024-02-07T16:50:21.819+0000] {logging_mixin.py:188} INFO - [2024-02-07T16:50:21.818+0000] {dag.py:3036} INFO - Sync 1 DAGs
[2024-02-07T16:50:21.831+0000] {logging_mixin.py:188} INFO - [2024-02-07T16:50:21.831+0000] {dag.py:3823} INFO - Setting next_dagrun for example_sensor_decorator to None, run_after=None
[2024-02-07T16:50:21.854+0000] {processor.py:183} INFO - Processing /home/airflow/.local/lib/python3.8/site-packages/airflow/example_dags/example_sensor_decorator.py took 0.066 seconds
[2024-02-07T16:50:52.833+0000] {processor.py:161} INFO - Started process (PID=326) to work on /home/airflow/.local/lib/python3.8/site-packages/airflow/example_dags/example_sensor_decorator.py
[2024-02-07T16:50:52.833+0000] {processor.py:830} INFO - Processing file /home/airflow/.local/lib/python3.8/site-packages/airflow/example_dags/example_sensor_decorator.py for tasks to queue
[2024-02-07T16:50:52.835+0000] {logging_mixin.py:188} INFO - [2024-02-07T16:50:52.835+0000] {dagbag.py:538} INFO - Filling up the DagBag from /home/airflow/.local/lib/python3.8/site-packages/airflow/example_dags/example_sensor_decorator.py
[2024-02-07T16:50:52.842+0000] {processor.py:840} INFO - DAG(s) 'example_sensor_decorator' retrieved from /home/airflow/.local/lib/python3.8/site-packages/airflow/example_dags/example_sensor_decorator.py
[2024-02-07T16:50:52.864+0000] {logging_mixin.py:188} INFO - [2024-02-07T16:50:52.864+0000] {dag.py:3036} INFO - Sync 1 DAGs
[2024-02-07T16:50:52.879+0000] {logging_mixin.py:188} INFO - [2024-02-07T16:50:52.878+0000] {dag.py:3823} INFO - Setting next_dagrun for example_sensor_decorator to None, run_after=None
[2024-02-07T16:50:52.899+0000] {processor.py:183} INFO - Processing /home/airflow/.local/lib/python3.8/site-packages/airflow/example_dags/example_sensor_decorator.py took 0.070 seconds
