[2024-02-07T14:34:02.396+0000] {processor.py:161} INFO - Started process (PID=50) to work on /home/airflow/.local/lib/python3.8/site-packages/airflow/example_dags/example_python_decorator.py
[2024-02-07T14:34:02.397+0000] {processor.py:830} INFO - Processing file /home/airflow/.local/lib/python3.8/site-packages/airflow/example_dags/example_python_decorator.py for tasks to queue
[2024-02-07T14:34:02.399+0000] {logging_mixin.py:188} INFO - [2024-02-07T14:34:02.399+0000] {dagbag.py:538} INFO - Filling up the DagBag from /home/airflow/.local/lib/python3.8/site-packages/airflow/example_dags/example_python_decorator.py
[2024-02-07T14:34:02.417+0000] {processor.py:840} INFO - DAG(s) 'example_python_decorator' retrieved from /home/airflow/.local/lib/python3.8/site-packages/airflow/example_dags/example_python_decorator.py
[2024-02-07T14:34:02.431+0000] {logging_mixin.py:188} INFO - [2024-02-07T14:34:02.431+0000] {dag.py:3036} INFO - Sync 1 DAGs
[2024-02-07T14:34:02.452+0000] {logging_mixin.py:188} INFO - [2024-02-07T14:34:02.452+0000] {dag.py:3823} INFO - Setting next_dagrun for example_python_decorator to None, run_after=None
[2024-02-07T14:34:02.476+0000] {processor.py:183} INFO - Processing /home/airflow/.local/lib/python3.8/site-packages/airflow/example_dags/example_python_decorator.py took 0.083 seconds
[2024-02-07T14:34:32.631+0000] {processor.py:161} INFO - Started process (PID=105) to work on /home/airflow/.local/lib/python3.8/site-packages/airflow/example_dags/example_python_decorator.py
[2024-02-07T14:34:32.633+0000] {processor.py:830} INFO - Processing file /home/airflow/.local/lib/python3.8/site-packages/airflow/example_dags/example_python_decorator.py for tasks to queue
[2024-02-07T14:34:32.636+0000] {logging_mixin.py:188} INFO - [2024-02-07T14:34:32.635+0000] {dagbag.py:538} INFO - Filling up the DagBag from /home/airflow/.local/lib/python3.8/site-packages/airflow/example_dags/example_python_decorator.py
[2024-02-07T14:34:32.664+0000] {processor.py:840} INFO - DAG(s) 'example_python_decorator' retrieved from /home/airflow/.local/lib/python3.8/site-packages/airflow/example_dags/example_python_decorator.py
[2024-02-07T14:34:32.918+0000] {logging_mixin.py:188} INFO - [2024-02-07T14:34:32.917+0000] {dag.py:3036} INFO - Sync 1 DAGs
[2024-02-07T14:34:32.942+0000] {logging_mixin.py:188} INFO - [2024-02-07T14:34:32.942+0000] {dag.py:3823} INFO - Setting next_dagrun for example_python_decorator to None, run_after=None
[2024-02-07T14:34:32.984+0000] {processor.py:183} INFO - Processing /home/airflow/.local/lib/python3.8/site-packages/airflow/example_dags/example_python_decorator.py took 0.358 seconds
[2024-02-07T14:35:03.927+0000] {processor.py:161} INFO - Started process (PID=162) to work on /home/airflow/.local/lib/python3.8/site-packages/airflow/example_dags/example_python_decorator.py
[2024-02-07T14:35:03.929+0000] {processor.py:830} INFO - Processing file /home/airflow/.local/lib/python3.8/site-packages/airflow/example_dags/example_python_decorator.py for tasks to queue
[2024-02-07T14:35:03.931+0000] {logging_mixin.py:188} INFO - [2024-02-07T14:35:03.931+0000] {dagbag.py:538} INFO - Filling up the DagBag from /home/airflow/.local/lib/python3.8/site-packages/airflow/example_dags/example_python_decorator.py
[2024-02-07T14:35:03.947+0000] {processor.py:840} INFO - DAG(s) 'example_python_decorator' retrieved from /home/airflow/.local/lib/python3.8/site-packages/airflow/example_dags/example_python_decorator.py
[2024-02-07T14:35:03.969+0000] {logging_mixin.py:188} INFO - [2024-02-07T14:35:03.969+0000] {dag.py:3036} INFO - Sync 1 DAGs
[2024-02-07T14:35:03.981+0000] {logging_mixin.py:188} INFO - [2024-02-07T14:35:03.981+0000] {dag.py:3823} INFO - Setting next_dagrun for example_python_decorator to None, run_after=None
[2024-02-07T14:35:03.998+0000] {processor.py:183} INFO - Processing /home/airflow/.local/lib/python3.8/site-packages/airflow/example_dags/example_python_decorator.py took 0.077 seconds
[2024-02-07T14:35:34.481+0000] {processor.py:161} INFO - Started process (PID=219) to work on /home/airflow/.local/lib/python3.8/site-packages/airflow/example_dags/example_python_decorator.py
[2024-02-07T14:35:34.482+0000] {processor.py:830} INFO - Processing file /home/airflow/.local/lib/python3.8/site-packages/airflow/example_dags/example_python_decorator.py for tasks to queue
[2024-02-07T14:35:34.485+0000] {logging_mixin.py:188} INFO - [2024-02-07T14:35:34.484+0000] {dagbag.py:538} INFO - Filling up the DagBag from /home/airflow/.local/lib/python3.8/site-packages/airflow/example_dags/example_python_decorator.py
[2024-02-07T14:35:34.500+0000] {processor.py:840} INFO - DAG(s) 'example_python_decorator' retrieved from /home/airflow/.local/lib/python3.8/site-packages/airflow/example_dags/example_python_decorator.py
[2024-02-07T14:35:34.522+0000] {logging_mixin.py:188} INFO - [2024-02-07T14:35:34.522+0000] {dag.py:3036} INFO - Sync 1 DAGs
[2024-02-07T14:35:34.534+0000] {logging_mixin.py:188} INFO - [2024-02-07T14:35:34.534+0000] {dag.py:3823} INFO - Setting next_dagrun for example_python_decorator to None, run_after=None
[2024-02-07T14:35:34.553+0000] {processor.py:183} INFO - Processing /home/airflow/.local/lib/python3.8/site-packages/airflow/example_dags/example_python_decorator.py took 0.078 seconds
[2024-02-07T14:43:07.013+0000] {processor.py:161} INFO - Started process (PID=50) to work on /home/airflow/.local/lib/python3.8/site-packages/airflow/example_dags/example_python_decorator.py
[2024-02-07T14:43:07.014+0000] {processor.py:830} INFO - Processing file /home/airflow/.local/lib/python3.8/site-packages/airflow/example_dags/example_python_decorator.py for tasks to queue
[2024-02-07T14:43:07.016+0000] {logging_mixin.py:188} INFO - [2024-02-07T14:43:07.016+0000] {dagbag.py:538} INFO - Filling up the DagBag from /home/airflow/.local/lib/python3.8/site-packages/airflow/example_dags/example_python_decorator.py
[2024-02-07T14:43:07.043+0000] {processor.py:840} INFO - DAG(s) 'example_python_decorator' retrieved from /home/airflow/.local/lib/python3.8/site-packages/airflow/example_dags/example_python_decorator.py
[2024-02-07T14:43:07.059+0000] {logging_mixin.py:188} INFO - [2024-02-07T14:43:07.059+0000] {dag.py:3036} INFO - Sync 1 DAGs
[2024-02-07T14:43:07.076+0000] {logging_mixin.py:188} INFO - [2024-02-07T14:43:07.076+0000] {dag.py:3823} INFO - Setting next_dagrun for example_python_decorator to None, run_after=None
[2024-02-07T14:43:07.108+0000] {processor.py:183} INFO - Processing /home/airflow/.local/lib/python3.8/site-packages/airflow/example_dags/example_python_decorator.py took 0.098 seconds
[2024-02-07T14:43:37.257+0000] {processor.py:161} INFO - Started process (PID=105) to work on /home/airflow/.local/lib/python3.8/site-packages/airflow/example_dags/example_python_decorator.py
[2024-02-07T14:43:37.258+0000] {processor.py:830} INFO - Processing file /home/airflow/.local/lib/python3.8/site-packages/airflow/example_dags/example_python_decorator.py for tasks to queue
[2024-02-07T14:43:37.260+0000] {logging_mixin.py:188} INFO - [2024-02-07T14:43:37.260+0000] {dagbag.py:538} INFO - Filling up the DagBag from /home/airflow/.local/lib/python3.8/site-packages/airflow/example_dags/example_python_decorator.py
[2024-02-07T14:43:37.275+0000] {processor.py:840} INFO - DAG(s) 'example_python_decorator' retrieved from /home/airflow/.local/lib/python3.8/site-packages/airflow/example_dags/example_python_decorator.py
[2024-02-07T14:43:37.398+0000] {logging_mixin.py:188} INFO - [2024-02-07T14:43:37.397+0000] {dag.py:3036} INFO - Sync 1 DAGs
[2024-02-07T14:43:37.409+0000] {logging_mixin.py:188} INFO - [2024-02-07T14:43:37.409+0000] {dag.py:3823} INFO - Setting next_dagrun for example_python_decorator to None, run_after=None
[2024-02-07T14:43:37.429+0000] {processor.py:183} INFO - Processing /home/airflow/.local/lib/python3.8/site-packages/airflow/example_dags/example_python_decorator.py took 0.175 seconds
[2024-02-07T14:44:07.496+0000] {processor.py:161} INFO - Started process (PID=162) to work on /home/airflow/.local/lib/python3.8/site-packages/airflow/example_dags/example_python_decorator.py
[2024-02-07T14:44:07.497+0000] {processor.py:830} INFO - Processing file /home/airflow/.local/lib/python3.8/site-packages/airflow/example_dags/example_python_decorator.py for tasks to queue
[2024-02-07T14:44:07.499+0000] {logging_mixin.py:188} INFO - [2024-02-07T14:44:07.498+0000] {dagbag.py:538} INFO - Filling up the DagBag from /home/airflow/.local/lib/python3.8/site-packages/airflow/example_dags/example_python_decorator.py
[2024-02-07T14:44:07.511+0000] {processor.py:840} INFO - DAG(s) 'example_python_decorator' retrieved from /home/airflow/.local/lib/python3.8/site-packages/airflow/example_dags/example_python_decorator.py
[2024-02-07T14:44:07.533+0000] {logging_mixin.py:188} INFO - [2024-02-07T14:44:07.533+0000] {dag.py:3036} INFO - Sync 1 DAGs
[2024-02-07T14:44:07.545+0000] {logging_mixin.py:188} INFO - [2024-02-07T14:44:07.545+0000] {dag.py:3823} INFO - Setting next_dagrun for example_python_decorator to None, run_after=None
[2024-02-07T14:44:07.563+0000] {processor.py:183} INFO - Processing /home/airflow/.local/lib/python3.8/site-packages/airflow/example_dags/example_python_decorator.py took 0.070 seconds
[2024-02-07T14:44:37.692+0000] {processor.py:161} INFO - Started process (PID=219) to work on /home/airflow/.local/lib/python3.8/site-packages/airflow/example_dags/example_python_decorator.py
[2024-02-07T14:44:37.693+0000] {processor.py:830} INFO - Processing file /home/airflow/.local/lib/python3.8/site-packages/airflow/example_dags/example_python_decorator.py for tasks to queue
[2024-02-07T14:44:37.694+0000] {logging_mixin.py:188} INFO - [2024-02-07T14:44:37.694+0000] {dagbag.py:538} INFO - Filling up the DagBag from /home/airflow/.local/lib/python3.8/site-packages/airflow/example_dags/example_python_decorator.py
[2024-02-07T14:44:37.708+0000] {processor.py:840} INFO - DAG(s) 'example_python_decorator' retrieved from /home/airflow/.local/lib/python3.8/site-packages/airflow/example_dags/example_python_decorator.py
[2024-02-07T14:44:37.731+0000] {logging_mixin.py:188} INFO - [2024-02-07T14:44:37.731+0000] {dag.py:3036} INFO - Sync 1 DAGs
[2024-02-07T14:44:37.744+0000] {logging_mixin.py:188} INFO - [2024-02-07T14:44:37.744+0000] {dag.py:3823} INFO - Setting next_dagrun for example_python_decorator to None, run_after=None
[2024-02-07T14:44:37.763+0000] {processor.py:183} INFO - Processing /home/airflow/.local/lib/python3.8/site-packages/airflow/example_dags/example_python_decorator.py took 0.075 seconds
[2024-02-07T14:45:08.031+0000] {processor.py:161} INFO - Started process (PID=276) to work on /home/airflow/.local/lib/python3.8/site-packages/airflow/example_dags/example_python_decorator.py
[2024-02-07T14:45:08.032+0000] {processor.py:830} INFO - Processing file /home/airflow/.local/lib/python3.8/site-packages/airflow/example_dags/example_python_decorator.py for tasks to queue
[2024-02-07T14:45:08.034+0000] {logging_mixin.py:188} INFO - [2024-02-07T14:45:08.033+0000] {dagbag.py:538} INFO - Filling up the DagBag from /home/airflow/.local/lib/python3.8/site-packages/airflow/example_dags/example_python_decorator.py
[2024-02-07T14:45:08.046+0000] {processor.py:840} INFO - DAG(s) 'example_python_decorator' retrieved from /home/airflow/.local/lib/python3.8/site-packages/airflow/example_dags/example_python_decorator.py
[2024-02-07T14:45:08.068+0000] {logging_mixin.py:188} INFO - [2024-02-07T14:45:08.068+0000] {dag.py:3036} INFO - Sync 1 DAGs
[2024-02-07T14:45:08.081+0000] {logging_mixin.py:188} INFO - [2024-02-07T14:45:08.081+0000] {dag.py:3823} INFO - Setting next_dagrun for example_python_decorator to None, run_after=None
[2024-02-07T14:45:08.097+0000] {processor.py:183} INFO - Processing /home/airflow/.local/lib/python3.8/site-packages/airflow/example_dags/example_python_decorator.py took 0.070 seconds
[2024-02-07T14:45:38.423+0000] {processor.py:161} INFO - Started process (PID=333) to work on /home/airflow/.local/lib/python3.8/site-packages/airflow/example_dags/example_python_decorator.py
[2024-02-07T14:45:38.424+0000] {processor.py:830} INFO - Processing file /home/airflow/.local/lib/python3.8/site-packages/airflow/example_dags/example_python_decorator.py for tasks to queue
[2024-02-07T14:45:38.427+0000] {logging_mixin.py:188} INFO - [2024-02-07T14:45:38.426+0000] {dagbag.py:538} INFO - Filling up the DagBag from /home/airflow/.local/lib/python3.8/site-packages/airflow/example_dags/example_python_decorator.py
[2024-02-07T14:45:38.445+0000] {processor.py:840} INFO - DAG(s) 'example_python_decorator' retrieved from /home/airflow/.local/lib/python3.8/site-packages/airflow/example_dags/example_python_decorator.py
[2024-02-07T14:45:38.480+0000] {logging_mixin.py:188} INFO - [2024-02-07T14:45:38.479+0000] {dag.py:3036} INFO - Sync 1 DAGs
[2024-02-07T14:45:38.498+0000] {logging_mixin.py:188} INFO - [2024-02-07T14:45:38.498+0000] {dag.py:3823} INFO - Setting next_dagrun for example_python_decorator to None, run_after=None
[2024-02-07T14:45:38.523+0000] {processor.py:183} INFO - Processing /home/airflow/.local/lib/python3.8/site-packages/airflow/example_dags/example_python_decorator.py took 0.105 seconds
[2024-02-07T14:46:08.897+0000] {processor.py:161} INFO - Started process (PID=390) to work on /home/airflow/.local/lib/python3.8/site-packages/airflow/example_dags/example_python_decorator.py
[2024-02-07T14:46:08.898+0000] {processor.py:830} INFO - Processing file /home/airflow/.local/lib/python3.8/site-packages/airflow/example_dags/example_python_decorator.py for tasks to queue
[2024-02-07T14:46:08.900+0000] {logging_mixin.py:188} INFO - [2024-02-07T14:46:08.899+0000] {dagbag.py:538} INFO - Filling up the DagBag from /home/airflow/.local/lib/python3.8/site-packages/airflow/example_dags/example_python_decorator.py
[2024-02-07T14:46:08.916+0000] {processor.py:840} INFO - DAG(s) 'example_python_decorator' retrieved from /home/airflow/.local/lib/python3.8/site-packages/airflow/example_dags/example_python_decorator.py
[2024-02-07T14:46:08.943+0000] {logging_mixin.py:188} INFO - [2024-02-07T14:46:08.943+0000] {dag.py:3036} INFO - Sync 1 DAGs
[2024-02-07T14:46:08.959+0000] {logging_mixin.py:188} INFO - [2024-02-07T14:46:08.958+0000] {dag.py:3823} INFO - Setting next_dagrun for example_python_decorator to None, run_after=None
[2024-02-07T14:46:08.983+0000] {processor.py:183} INFO - Processing /home/airflow/.local/lib/python3.8/site-packages/airflow/example_dags/example_python_decorator.py took 0.090 seconds
[2024-02-07T14:46:39.802+0000] {processor.py:161} INFO - Started process (PID=447) to work on /home/airflow/.local/lib/python3.8/site-packages/airflow/example_dags/example_python_decorator.py
[2024-02-07T14:46:39.804+0000] {processor.py:830} INFO - Processing file /home/airflow/.local/lib/python3.8/site-packages/airflow/example_dags/example_python_decorator.py for tasks to queue
[2024-02-07T14:46:39.806+0000] {logging_mixin.py:188} INFO - [2024-02-07T14:46:39.806+0000] {dagbag.py:538} INFO - Filling up the DagBag from /home/airflow/.local/lib/python3.8/site-packages/airflow/example_dags/example_python_decorator.py
[2024-02-07T14:46:39.832+0000] {processor.py:840} INFO - DAG(s) 'example_python_decorator' retrieved from /home/airflow/.local/lib/python3.8/site-packages/airflow/example_dags/example_python_decorator.py
[2024-02-07T14:46:39.869+0000] {logging_mixin.py:188} INFO - [2024-02-07T14:46:39.869+0000] {dag.py:3036} INFO - Sync 1 DAGs
[2024-02-07T14:46:39.887+0000] {logging_mixin.py:188} INFO - [2024-02-07T14:46:39.887+0000] {dag.py:3823} INFO - Setting next_dagrun for example_python_decorator to None, run_after=None
[2024-02-07T14:46:39.910+0000] {processor.py:183} INFO - Processing /home/airflow/.local/lib/python3.8/site-packages/airflow/example_dags/example_python_decorator.py took 0.113 seconds
[2024-02-07T14:47:10.013+0000] {processor.py:161} INFO - Started process (PID=504) to work on /home/airflow/.local/lib/python3.8/site-packages/airflow/example_dags/example_python_decorator.py
[2024-02-07T14:47:10.014+0000] {processor.py:830} INFO - Processing file /home/airflow/.local/lib/python3.8/site-packages/airflow/example_dags/example_python_decorator.py for tasks to queue
[2024-02-07T14:47:10.017+0000] {logging_mixin.py:188} INFO - [2024-02-07T14:47:10.017+0000] {dagbag.py:538} INFO - Filling up the DagBag from /home/airflow/.local/lib/python3.8/site-packages/airflow/example_dags/example_python_decorator.py
[2024-02-07T14:47:10.037+0000] {processor.py:840} INFO - DAG(s) 'example_python_decorator' retrieved from /home/airflow/.local/lib/python3.8/site-packages/airflow/example_dags/example_python_decorator.py
[2024-02-07T14:47:10.068+0000] {logging_mixin.py:188} INFO - [2024-02-07T14:47:10.068+0000] {dag.py:3036} INFO - Sync 1 DAGs
[2024-02-07T14:47:10.087+0000] {logging_mixin.py:188} INFO - [2024-02-07T14:47:10.086+0000] {dag.py:3823} INFO - Setting next_dagrun for example_python_decorator to None, run_after=None
[2024-02-07T14:47:10.117+0000] {processor.py:183} INFO - Processing /home/airflow/.local/lib/python3.8/site-packages/airflow/example_dags/example_python_decorator.py took 0.110 seconds
[2024-02-07T14:47:40.544+0000] {processor.py:161} INFO - Started process (PID=561) to work on /home/airflow/.local/lib/python3.8/site-packages/airflow/example_dags/example_python_decorator.py
[2024-02-07T14:47:40.545+0000] {processor.py:830} INFO - Processing file /home/airflow/.local/lib/python3.8/site-packages/airflow/example_dags/example_python_decorator.py for tasks to queue
[2024-02-07T14:47:40.547+0000] {logging_mixin.py:188} INFO - [2024-02-07T14:47:40.546+0000] {dagbag.py:538} INFO - Filling up the DagBag from /home/airflow/.local/lib/python3.8/site-packages/airflow/example_dags/example_python_decorator.py
[2024-02-07T14:47:40.561+0000] {processor.py:840} INFO - DAG(s) 'example_python_decorator' retrieved from /home/airflow/.local/lib/python3.8/site-packages/airflow/example_dags/example_python_decorator.py
[2024-02-07T14:47:40.583+0000] {logging_mixin.py:188} INFO - [2024-02-07T14:47:40.583+0000] {dag.py:3036} INFO - Sync 1 DAGs
[2024-02-07T14:47:40.596+0000] {logging_mixin.py:188} INFO - [2024-02-07T14:47:40.596+0000] {dag.py:3823} INFO - Setting next_dagrun for example_python_decorator to None, run_after=None
[2024-02-07T14:47:40.613+0000] {processor.py:183} INFO - Processing /home/airflow/.local/lib/python3.8/site-packages/airflow/example_dags/example_python_decorator.py took 0.073 seconds
[2024-02-07T14:48:11.029+0000] {processor.py:161} INFO - Started process (PID=618) to work on /home/airflow/.local/lib/python3.8/site-packages/airflow/example_dags/example_python_decorator.py
[2024-02-07T14:48:11.030+0000] {processor.py:830} INFO - Processing file /home/airflow/.local/lib/python3.8/site-packages/airflow/example_dags/example_python_decorator.py for tasks to queue
[2024-02-07T14:48:11.032+0000] {logging_mixin.py:188} INFO - [2024-02-07T14:48:11.031+0000] {dagbag.py:538} INFO - Filling up the DagBag from /home/airflow/.local/lib/python3.8/site-packages/airflow/example_dags/example_python_decorator.py
[2024-02-07T14:48:11.048+0000] {processor.py:840} INFO - DAG(s) 'example_python_decorator' retrieved from /home/airflow/.local/lib/python3.8/site-packages/airflow/example_dags/example_python_decorator.py
[2024-02-07T14:48:11.071+0000] {logging_mixin.py:188} INFO - [2024-02-07T14:48:11.071+0000] {dag.py:3036} INFO - Sync 1 DAGs
[2024-02-07T14:48:11.083+0000] {logging_mixin.py:188} INFO - [2024-02-07T14:48:11.083+0000] {dag.py:3823} INFO - Setting next_dagrun for example_python_decorator to None, run_after=None
[2024-02-07T14:48:11.101+0000] {processor.py:183} INFO - Processing /home/airflow/.local/lib/python3.8/site-packages/airflow/example_dags/example_python_decorator.py took 0.076 seconds
[2024-02-07T14:48:41.480+0000] {processor.py:161} INFO - Started process (PID=675) to work on /home/airflow/.local/lib/python3.8/site-packages/airflow/example_dags/example_python_decorator.py
[2024-02-07T14:48:41.481+0000] {processor.py:830} INFO - Processing file /home/airflow/.local/lib/python3.8/site-packages/airflow/example_dags/example_python_decorator.py for tasks to queue
[2024-02-07T14:48:41.482+0000] {logging_mixin.py:188} INFO - [2024-02-07T14:48:41.482+0000] {dagbag.py:538} INFO - Filling up the DagBag from /home/airflow/.local/lib/python3.8/site-packages/airflow/example_dags/example_python_decorator.py
[2024-02-07T14:48:41.495+0000] {processor.py:840} INFO - DAG(s) 'example_python_decorator' retrieved from /home/airflow/.local/lib/python3.8/site-packages/airflow/example_dags/example_python_decorator.py
[2024-02-07T14:48:41.517+0000] {logging_mixin.py:188} INFO - [2024-02-07T14:48:41.517+0000] {dag.py:3036} INFO - Sync 1 DAGs
[2024-02-07T14:48:41.529+0000] {logging_mixin.py:188} INFO - [2024-02-07T14:48:41.529+0000] {dag.py:3823} INFO - Setting next_dagrun for example_python_decorator to None, run_after=None
[2024-02-07T14:48:41.547+0000] {processor.py:183} INFO - Processing /home/airflow/.local/lib/python3.8/site-packages/airflow/example_dags/example_python_decorator.py took 0.071 seconds
[2024-02-07T14:49:11.617+0000] {processor.py:161} INFO - Started process (PID=732) to work on /home/airflow/.local/lib/python3.8/site-packages/airflow/example_dags/example_python_decorator.py
[2024-02-07T14:49:11.618+0000] {processor.py:830} INFO - Processing file /home/airflow/.local/lib/python3.8/site-packages/airflow/example_dags/example_python_decorator.py for tasks to queue
[2024-02-07T14:49:11.620+0000] {logging_mixin.py:188} INFO - [2024-02-07T14:49:11.619+0000] {dagbag.py:538} INFO - Filling up the DagBag from /home/airflow/.local/lib/python3.8/site-packages/airflow/example_dags/example_python_decorator.py
[2024-02-07T14:49:11.635+0000] {processor.py:840} INFO - DAG(s) 'example_python_decorator' retrieved from /home/airflow/.local/lib/python3.8/site-packages/airflow/example_dags/example_python_decorator.py
[2024-02-07T14:49:11.658+0000] {logging_mixin.py:188} INFO - [2024-02-07T14:49:11.658+0000] {dag.py:3036} INFO - Sync 1 DAGs
[2024-02-07T14:49:11.669+0000] {logging_mixin.py:188} INFO - [2024-02-07T14:49:11.669+0000] {dag.py:3823} INFO - Setting next_dagrun for example_python_decorator to None, run_after=None
[2024-02-07T14:49:11.689+0000] {processor.py:183} INFO - Processing /home/airflow/.local/lib/python3.8/site-packages/airflow/example_dags/example_python_decorator.py took 0.077 seconds
[2024-02-07T14:49:42.310+0000] {processor.py:161} INFO - Started process (PID=789) to work on /home/airflow/.local/lib/python3.8/site-packages/airflow/example_dags/example_python_decorator.py
[2024-02-07T14:49:42.311+0000] {processor.py:830} INFO - Processing file /home/airflow/.local/lib/python3.8/site-packages/airflow/example_dags/example_python_decorator.py for tasks to queue
[2024-02-07T14:49:42.313+0000] {logging_mixin.py:188} INFO - [2024-02-07T14:49:42.312+0000] {dagbag.py:538} INFO - Filling up the DagBag from /home/airflow/.local/lib/python3.8/site-packages/airflow/example_dags/example_python_decorator.py
[2024-02-07T14:49:42.327+0000] {processor.py:840} INFO - DAG(s) 'example_python_decorator' retrieved from /home/airflow/.local/lib/python3.8/site-packages/airflow/example_dags/example_python_decorator.py
[2024-02-07T14:49:42.349+0000] {logging_mixin.py:188} INFO - [2024-02-07T14:49:42.348+0000] {dag.py:3036} INFO - Sync 1 DAGs
[2024-02-07T14:49:42.360+0000] {logging_mixin.py:188} INFO - [2024-02-07T14:49:42.360+0000] {dag.py:3823} INFO - Setting next_dagrun for example_python_decorator to None, run_after=None
[2024-02-07T14:49:42.378+0000] {processor.py:183} INFO - Processing /home/airflow/.local/lib/python3.8/site-packages/airflow/example_dags/example_python_decorator.py took 0.071 seconds
[2024-02-07T14:50:13.029+0000] {processor.py:161} INFO - Started process (PID=846) to work on /home/airflow/.local/lib/python3.8/site-packages/airflow/example_dags/example_python_decorator.py
[2024-02-07T14:50:13.030+0000] {processor.py:830} INFO - Processing file /home/airflow/.local/lib/python3.8/site-packages/airflow/example_dags/example_python_decorator.py for tasks to queue
[2024-02-07T14:50:13.032+0000] {logging_mixin.py:188} INFO - [2024-02-07T14:50:13.031+0000] {dagbag.py:538} INFO - Filling up the DagBag from /home/airflow/.local/lib/python3.8/site-packages/airflow/example_dags/example_python_decorator.py
[2024-02-07T14:50:13.053+0000] {processor.py:840} INFO - DAG(s) 'example_python_decorator' retrieved from /home/airflow/.local/lib/python3.8/site-packages/airflow/example_dags/example_python_decorator.py
[2024-02-07T14:50:13.078+0000] {logging_mixin.py:188} INFO - [2024-02-07T14:50:13.078+0000] {dag.py:3036} INFO - Sync 1 DAGs
[2024-02-07T14:50:13.092+0000] {logging_mixin.py:188} INFO - [2024-02-07T14:50:13.092+0000] {dag.py:3823} INFO - Setting next_dagrun for example_python_decorator to None, run_after=None
[2024-02-07T14:50:13.112+0000] {processor.py:183} INFO - Processing /home/airflow/.local/lib/python3.8/site-packages/airflow/example_dags/example_python_decorator.py took 0.087 seconds
[2024-02-07T14:50:43.703+0000] {processor.py:161} INFO - Started process (PID=903) to work on /home/airflow/.local/lib/python3.8/site-packages/airflow/example_dags/example_python_decorator.py
[2024-02-07T14:50:43.704+0000] {processor.py:830} INFO - Processing file /home/airflow/.local/lib/python3.8/site-packages/airflow/example_dags/example_python_decorator.py for tasks to queue
[2024-02-07T14:50:43.706+0000] {logging_mixin.py:188} INFO - [2024-02-07T14:50:43.706+0000] {dagbag.py:538} INFO - Filling up the DagBag from /home/airflow/.local/lib/python3.8/site-packages/airflow/example_dags/example_python_decorator.py
[2024-02-07T14:50:43.722+0000] {processor.py:840} INFO - DAG(s) 'example_python_decorator' retrieved from /home/airflow/.local/lib/python3.8/site-packages/airflow/example_dags/example_python_decorator.py
[2024-02-07T14:50:43.744+0000] {logging_mixin.py:188} INFO - [2024-02-07T14:50:43.744+0000] {dag.py:3036} INFO - Sync 1 DAGs
[2024-02-07T14:50:43.756+0000] {logging_mixin.py:188} INFO - [2024-02-07T14:50:43.755+0000] {dag.py:3823} INFO - Setting next_dagrun for example_python_decorator to None, run_after=None
[2024-02-07T14:50:43.774+0000] {processor.py:183} INFO - Processing /home/airflow/.local/lib/python3.8/site-packages/airflow/example_dags/example_python_decorator.py took 0.074 seconds
[2024-02-07T14:51:14.392+0000] {processor.py:161} INFO - Started process (PID=961) to work on /home/airflow/.local/lib/python3.8/site-packages/airflow/example_dags/example_python_decorator.py
[2024-02-07T14:51:14.393+0000] {processor.py:830} INFO - Processing file /home/airflow/.local/lib/python3.8/site-packages/airflow/example_dags/example_python_decorator.py for tasks to queue
[2024-02-07T14:51:14.395+0000] {logging_mixin.py:188} INFO - [2024-02-07T14:51:14.395+0000] {dagbag.py:538} INFO - Filling up the DagBag from /home/airflow/.local/lib/python3.8/site-packages/airflow/example_dags/example_python_decorator.py
[2024-02-07T14:51:14.411+0000] {processor.py:840} INFO - DAG(s) 'example_python_decorator' retrieved from /home/airflow/.local/lib/python3.8/site-packages/airflow/example_dags/example_python_decorator.py
[2024-02-07T14:51:14.436+0000] {logging_mixin.py:188} INFO - [2024-02-07T14:51:14.435+0000] {dag.py:3036} INFO - Sync 1 DAGs
[2024-02-07T14:51:14.448+0000] {logging_mixin.py:188} INFO - [2024-02-07T14:51:14.448+0000] {dag.py:3823} INFO - Setting next_dagrun for example_python_decorator to None, run_after=None
[2024-02-07T14:51:14.467+0000] {processor.py:183} INFO - Processing /home/airflow/.local/lib/python3.8/site-packages/airflow/example_dags/example_python_decorator.py took 0.079 seconds
[2024-02-07T14:51:44.801+0000] {processor.py:161} INFO - Started process (PID=1018) to work on /home/airflow/.local/lib/python3.8/site-packages/airflow/example_dags/example_python_decorator.py
[2024-02-07T14:51:44.802+0000] {processor.py:830} INFO - Processing file /home/airflow/.local/lib/python3.8/site-packages/airflow/example_dags/example_python_decorator.py for tasks to queue
[2024-02-07T14:51:44.804+0000] {logging_mixin.py:188} INFO - [2024-02-07T14:51:44.804+0000] {dagbag.py:538} INFO - Filling up the DagBag from /home/airflow/.local/lib/python3.8/site-packages/airflow/example_dags/example_python_decorator.py
[2024-02-07T14:51:44.824+0000] {processor.py:840} INFO - DAG(s) 'example_python_decorator' retrieved from /home/airflow/.local/lib/python3.8/site-packages/airflow/example_dags/example_python_decorator.py
[2024-02-07T14:51:44.852+0000] {logging_mixin.py:188} INFO - [2024-02-07T14:51:44.852+0000] {dag.py:3036} INFO - Sync 1 DAGs
[2024-02-07T14:51:44.871+0000] {logging_mixin.py:188} INFO - [2024-02-07T14:51:44.871+0000] {dag.py:3823} INFO - Setting next_dagrun for example_python_decorator to None, run_after=None
[2024-02-07T14:51:44.895+0000] {processor.py:183} INFO - Processing /home/airflow/.local/lib/python3.8/site-packages/airflow/example_dags/example_python_decorator.py took 0.098 seconds
[2024-02-07T14:52:14.981+0000] {processor.py:161} INFO - Started process (PID=1076) to work on /home/airflow/.local/lib/python3.8/site-packages/airflow/example_dags/example_python_decorator.py
[2024-02-07T14:52:14.983+0000] {processor.py:830} INFO - Processing file /home/airflow/.local/lib/python3.8/site-packages/airflow/example_dags/example_python_decorator.py for tasks to queue
[2024-02-07T14:52:14.986+0000] {logging_mixin.py:188} INFO - [2024-02-07T14:52:14.985+0000] {dagbag.py:538} INFO - Filling up the DagBag from /home/airflow/.local/lib/python3.8/site-packages/airflow/example_dags/example_python_decorator.py
[2024-02-07T14:52:15.010+0000] {processor.py:840} INFO - DAG(s) 'example_python_decorator' retrieved from /home/airflow/.local/lib/python3.8/site-packages/airflow/example_dags/example_python_decorator.py
[2024-02-07T14:52:15.039+0000] {logging_mixin.py:188} INFO - [2024-02-07T14:52:15.039+0000] {dag.py:3036} INFO - Sync 1 DAGs
[2024-02-07T14:52:15.057+0000] {logging_mixin.py:188} INFO - [2024-02-07T14:52:15.056+0000] {dag.py:3823} INFO - Setting next_dagrun for example_python_decorator to None, run_after=None
[2024-02-07T14:52:15.082+0000] {processor.py:183} INFO - Processing /home/airflow/.local/lib/python3.8/site-packages/airflow/example_dags/example_python_decorator.py took 0.107 seconds
[2024-02-07T14:53:48.256+0000] {processor.py:161} INFO - Started process (PID=49) to work on /home/airflow/.local/lib/python3.8/site-packages/airflow/example_dags/example_python_decorator.py
[2024-02-07T14:53:48.258+0000] {processor.py:830} INFO - Processing file /home/airflow/.local/lib/python3.8/site-packages/airflow/example_dags/example_python_decorator.py for tasks to queue
[2024-02-07T14:53:48.260+0000] {logging_mixin.py:188} INFO - [2024-02-07T14:53:48.259+0000] {dagbag.py:538} INFO - Filling up the DagBag from /home/airflow/.local/lib/python3.8/site-packages/airflow/example_dags/example_python_decorator.py
[2024-02-07T14:53:48.278+0000] {processor.py:840} INFO - DAG(s) 'example_python_decorator' retrieved from /home/airflow/.local/lib/python3.8/site-packages/airflow/example_dags/example_python_decorator.py
[2024-02-07T14:53:48.292+0000] {logging_mixin.py:188} INFO - [2024-02-07T14:53:48.291+0000] {dag.py:3036} INFO - Sync 1 DAGs
[2024-02-07T14:53:48.307+0000] {logging_mixin.py:188} INFO - [2024-02-07T14:53:48.307+0000] {dag.py:3823} INFO - Setting next_dagrun for example_python_decorator to None, run_after=None
[2024-02-07T14:53:48.330+0000] {processor.py:183} INFO - Processing /home/airflow/.local/lib/python3.8/site-packages/airflow/example_dags/example_python_decorator.py took 0.077 seconds
[2024-02-07T14:54:18.450+0000] {processor.py:161} INFO - Started process (PID=103) to work on /home/airflow/.local/lib/python3.8/site-packages/airflow/example_dags/example_python_decorator.py
[2024-02-07T14:54:18.451+0000] {processor.py:830} INFO - Processing file /home/airflow/.local/lib/python3.8/site-packages/airflow/example_dags/example_python_decorator.py for tasks to queue
[2024-02-07T14:54:18.452+0000] {logging_mixin.py:188} INFO - [2024-02-07T14:54:18.452+0000] {dagbag.py:538} INFO - Filling up the DagBag from /home/airflow/.local/lib/python3.8/site-packages/airflow/example_dags/example_python_decorator.py
[2024-02-07T14:54:18.466+0000] {processor.py:840} INFO - DAG(s) 'example_python_decorator' retrieved from /home/airflow/.local/lib/python3.8/site-packages/airflow/example_dags/example_python_decorator.py
[2024-02-07T14:54:18.567+0000] {logging_mixin.py:188} INFO - [2024-02-07T14:54:18.567+0000] {dag.py:3036} INFO - Sync 1 DAGs
[2024-02-07T14:54:18.577+0000] {logging_mixin.py:188} INFO - [2024-02-07T14:54:18.577+0000] {dag.py:3823} INFO - Setting next_dagrun for example_python_decorator to None, run_after=None
[2024-02-07T14:54:18.602+0000] {processor.py:183} INFO - Processing /home/airflow/.local/lib/python3.8/site-packages/airflow/example_dags/example_python_decorator.py took 0.156 seconds
[2024-02-07T14:54:48.648+0000] {processor.py:161} INFO - Started process (PID=160) to work on /home/airflow/.local/lib/python3.8/site-packages/airflow/example_dags/example_python_decorator.py
[2024-02-07T14:54:48.649+0000] {processor.py:830} INFO - Processing file /home/airflow/.local/lib/python3.8/site-packages/airflow/example_dags/example_python_decorator.py for tasks to queue
[2024-02-07T14:54:48.651+0000] {logging_mixin.py:188} INFO - [2024-02-07T14:54:48.651+0000] {dagbag.py:538} INFO - Filling up the DagBag from /home/airflow/.local/lib/python3.8/site-packages/airflow/example_dags/example_python_decorator.py
[2024-02-07T14:54:48.663+0000] {processor.py:840} INFO - DAG(s) 'example_python_decorator' retrieved from /home/airflow/.local/lib/python3.8/site-packages/airflow/example_dags/example_python_decorator.py
[2024-02-07T14:54:48.684+0000] {logging_mixin.py:188} INFO - [2024-02-07T14:54:48.684+0000] {dag.py:3036} INFO - Sync 1 DAGs
[2024-02-07T14:54:48.696+0000] {logging_mixin.py:188} INFO - [2024-02-07T14:54:48.695+0000] {dag.py:3823} INFO - Setting next_dagrun for example_python_decorator to None, run_after=None
[2024-02-07T14:54:48.713+0000] {processor.py:183} INFO - Processing /home/airflow/.local/lib/python3.8/site-packages/airflow/example_dags/example_python_decorator.py took 0.067 seconds
[2024-02-07T15:05:10.023+0000] {processor.py:161} INFO - Started process (PID=50) to work on /home/airflow/.local/lib/python3.8/site-packages/airflow/example_dags/example_python_decorator.py
[2024-02-07T15:05:10.024+0000] {processor.py:830} INFO - Processing file /home/airflow/.local/lib/python3.8/site-packages/airflow/example_dags/example_python_decorator.py for tasks to queue
[2024-02-07T15:05:10.026+0000] {logging_mixin.py:188} INFO - [2024-02-07T15:05:10.026+0000] {dagbag.py:538} INFO - Filling up the DagBag from /home/airflow/.local/lib/python3.8/site-packages/airflow/example_dags/example_python_decorator.py
[2024-02-07T15:05:10.044+0000] {processor.py:840} INFO - DAG(s) 'example_python_decorator' retrieved from /home/airflow/.local/lib/python3.8/site-packages/airflow/example_dags/example_python_decorator.py
[2024-02-07T15:05:10.058+0000] {logging_mixin.py:188} INFO - [2024-02-07T15:05:10.058+0000] {dag.py:3036} INFO - Sync 1 DAGs
[2024-02-07T15:05:10.080+0000] {logging_mixin.py:188} INFO - [2024-02-07T15:05:10.080+0000] {dag.py:3823} INFO - Setting next_dagrun for example_python_decorator to None, run_after=None
[2024-02-07T15:05:10.112+0000] {processor.py:183} INFO - Processing /home/airflow/.local/lib/python3.8/site-packages/airflow/example_dags/example_python_decorator.py took 0.093 seconds
[2024-02-07T15:05:41.154+0000] {processor.py:161} INFO - Started process (PID=107) to work on /home/airflow/.local/lib/python3.8/site-packages/airflow/example_dags/example_python_decorator.py
[2024-02-07T15:05:41.155+0000] {processor.py:830} INFO - Processing file /home/airflow/.local/lib/python3.8/site-packages/airflow/example_dags/example_python_decorator.py for tasks to queue
[2024-02-07T15:05:41.157+0000] {logging_mixin.py:188} INFO - [2024-02-07T15:05:41.157+0000] {dagbag.py:538} INFO - Filling up the DagBag from /home/airflow/.local/lib/python3.8/site-packages/airflow/example_dags/example_python_decorator.py
[2024-02-07T15:05:41.174+0000] {processor.py:840} INFO - DAG(s) 'example_python_decorator' retrieved from /home/airflow/.local/lib/python3.8/site-packages/airflow/example_dags/example_python_decorator.py
[2024-02-07T15:05:41.318+0000] {logging_mixin.py:188} INFO - [2024-02-07T15:05:41.317+0000] {dag.py:3036} INFO - Sync 1 DAGs
[2024-02-07T15:05:41.332+0000] {logging_mixin.py:188} INFO - [2024-02-07T15:05:41.332+0000] {dag.py:3823} INFO - Setting next_dagrun for example_python_decorator to None, run_after=None
[2024-02-07T15:05:41.355+0000] {processor.py:183} INFO - Processing /home/airflow/.local/lib/python3.8/site-packages/airflow/example_dags/example_python_decorator.py took 0.205 seconds
[2024-02-07T15:07:16.753+0000] {processor.py:161} INFO - Started process (PID=50) to work on /home/airflow/.local/lib/python3.8/site-packages/airflow/example_dags/example_python_decorator.py
[2024-02-07T15:07:16.754+0000] {processor.py:830} INFO - Processing file /home/airflow/.local/lib/python3.8/site-packages/airflow/example_dags/example_python_decorator.py for tasks to queue
[2024-02-07T15:07:16.756+0000] {logging_mixin.py:188} INFO - [2024-02-07T15:07:16.756+0000] {dagbag.py:538} INFO - Filling up the DagBag from /home/airflow/.local/lib/python3.8/site-packages/airflow/example_dags/example_python_decorator.py
[2024-02-07T15:07:16.781+0000] {processor.py:840} INFO - DAG(s) 'example_python_decorator' retrieved from /home/airflow/.local/lib/python3.8/site-packages/airflow/example_dags/example_python_decorator.py
[2024-02-07T15:07:16.797+0000] {logging_mixin.py:188} INFO - [2024-02-07T15:07:16.797+0000] {dag.py:3036} INFO - Sync 1 DAGs
[2024-02-07T15:07:16.812+0000] {logging_mixin.py:188} INFO - [2024-02-07T15:07:16.812+0000] {dag.py:3823} INFO - Setting next_dagrun for example_python_decorator to None, run_after=None
[2024-02-07T15:07:16.837+0000] {processor.py:183} INFO - Processing /home/airflow/.local/lib/python3.8/site-packages/airflow/example_dags/example_python_decorator.py took 0.090 seconds
[2024-02-07T15:07:46.878+0000] {processor.py:161} INFO - Started process (PID=105) to work on /home/airflow/.local/lib/python3.8/site-packages/airflow/example_dags/example_python_decorator.py
[2024-02-07T15:07:46.879+0000] {processor.py:830} INFO - Processing file /home/airflow/.local/lib/python3.8/site-packages/airflow/example_dags/example_python_decorator.py for tasks to queue
[2024-02-07T15:07:46.881+0000] {logging_mixin.py:188} INFO - [2024-02-07T15:07:46.881+0000] {dagbag.py:538} INFO - Filling up the DagBag from /home/airflow/.local/lib/python3.8/site-packages/airflow/example_dags/example_python_decorator.py
[2024-02-07T15:07:46.895+0000] {processor.py:840} INFO - DAG(s) 'example_python_decorator' retrieved from /home/airflow/.local/lib/python3.8/site-packages/airflow/example_dags/example_python_decorator.py
[2024-02-07T15:07:47.043+0000] {logging_mixin.py:188} INFO - [2024-02-07T15:07:47.043+0000] {dag.py:3036} INFO - Sync 1 DAGs
[2024-02-07T15:07:47.053+0000] {logging_mixin.py:188} INFO - [2024-02-07T15:07:47.053+0000] {dag.py:3823} INFO - Setting next_dagrun for example_python_decorator to None, run_after=None
[2024-02-07T15:07:47.075+0000] {processor.py:183} INFO - Processing /home/airflow/.local/lib/python3.8/site-packages/airflow/example_dags/example_python_decorator.py took 0.201 seconds
[2024-02-07T15:08:17.259+0000] {processor.py:161} INFO - Started process (PID=162) to work on /home/airflow/.local/lib/python3.8/site-packages/airflow/example_dags/example_python_decorator.py
[2024-02-07T15:08:17.260+0000] {processor.py:830} INFO - Processing file /home/airflow/.local/lib/python3.8/site-packages/airflow/example_dags/example_python_decorator.py for tasks to queue
[2024-02-07T15:08:17.262+0000] {logging_mixin.py:188} INFO - [2024-02-07T15:08:17.261+0000] {dagbag.py:538} INFO - Filling up the DagBag from /home/airflow/.local/lib/python3.8/site-packages/airflow/example_dags/example_python_decorator.py
[2024-02-07T15:08:17.275+0000] {processor.py:840} INFO - DAG(s) 'example_python_decorator' retrieved from /home/airflow/.local/lib/python3.8/site-packages/airflow/example_dags/example_python_decorator.py
[2024-02-07T15:08:17.296+0000] {logging_mixin.py:188} INFO - [2024-02-07T15:08:17.295+0000] {dag.py:3036} INFO - Sync 1 DAGs
[2024-02-07T15:08:17.307+0000] {logging_mixin.py:188} INFO - [2024-02-07T15:08:17.307+0000] {dag.py:3823} INFO - Setting next_dagrun for example_python_decorator to None, run_after=None
[2024-02-07T15:08:17.325+0000] {processor.py:183} INFO - Processing /home/airflow/.local/lib/python3.8/site-packages/airflow/example_dags/example_python_decorator.py took 0.070 seconds
[2024-02-07T15:08:47.533+0000] {processor.py:161} INFO - Started process (PID=219) to work on /home/airflow/.local/lib/python3.8/site-packages/airflow/example_dags/example_python_decorator.py
[2024-02-07T15:08:47.534+0000] {processor.py:830} INFO - Processing file /home/airflow/.local/lib/python3.8/site-packages/airflow/example_dags/example_python_decorator.py for tasks to queue
[2024-02-07T15:08:47.535+0000] {logging_mixin.py:188} INFO - [2024-02-07T15:08:47.535+0000] {dagbag.py:538} INFO - Filling up the DagBag from /home/airflow/.local/lib/python3.8/site-packages/airflow/example_dags/example_python_decorator.py
[2024-02-07T15:08:47.548+0000] {processor.py:840} INFO - DAG(s) 'example_python_decorator' retrieved from /home/airflow/.local/lib/python3.8/site-packages/airflow/example_dags/example_python_decorator.py
[2024-02-07T15:08:47.571+0000] {logging_mixin.py:188} INFO - [2024-02-07T15:08:47.571+0000] {dag.py:3036} INFO - Sync 1 DAGs
[2024-02-07T15:08:47.583+0000] {logging_mixin.py:188} INFO - [2024-02-07T15:08:47.583+0000] {dag.py:3823} INFO - Setting next_dagrun for example_python_decorator to None, run_after=None
[2024-02-07T15:08:47.602+0000] {processor.py:183} INFO - Processing /home/airflow/.local/lib/python3.8/site-packages/airflow/example_dags/example_python_decorator.py took 0.073 seconds
[2024-02-07T15:09:17.776+0000] {processor.py:161} INFO - Started process (PID=276) to work on /home/airflow/.local/lib/python3.8/site-packages/airflow/example_dags/example_python_decorator.py
[2024-02-07T15:09:17.777+0000] {processor.py:830} INFO - Processing file /home/airflow/.local/lib/python3.8/site-packages/airflow/example_dags/example_python_decorator.py for tasks to queue
[2024-02-07T15:09:17.779+0000] {logging_mixin.py:188} INFO - [2024-02-07T15:09:17.779+0000] {dagbag.py:538} INFO - Filling up the DagBag from /home/airflow/.local/lib/python3.8/site-packages/airflow/example_dags/example_python_decorator.py
[2024-02-07T15:09:17.793+0000] {processor.py:840} INFO - DAG(s) 'example_python_decorator' retrieved from /home/airflow/.local/lib/python3.8/site-packages/airflow/example_dags/example_python_decorator.py
[2024-02-07T15:09:17.815+0000] {logging_mixin.py:188} INFO - [2024-02-07T15:09:17.815+0000] {dag.py:3036} INFO - Sync 1 DAGs
[2024-02-07T15:09:17.828+0000] {logging_mixin.py:188} INFO - [2024-02-07T15:09:17.828+0000] {dag.py:3823} INFO - Setting next_dagrun for example_python_decorator to None, run_after=None
[2024-02-07T15:09:17.846+0000] {processor.py:183} INFO - Processing /home/airflow/.local/lib/python3.8/site-packages/airflow/example_dags/example_python_decorator.py took 0.073 seconds
[2024-02-07T15:57:15.688+0000] {processor.py:161} INFO - Started process (PID=50) to work on /home/airflow/.local/lib/python3.8/site-packages/airflow/example_dags/example_python_decorator.py
[2024-02-07T15:57:15.689+0000] {processor.py:830} INFO - Processing file /home/airflow/.local/lib/python3.8/site-packages/airflow/example_dags/example_python_decorator.py for tasks to queue
[2024-02-07T15:57:15.691+0000] {logging_mixin.py:188} INFO - [2024-02-07T15:57:15.691+0000] {dagbag.py:538} INFO - Filling up the DagBag from /home/airflow/.local/lib/python3.8/site-packages/airflow/example_dags/example_python_decorator.py
[2024-02-07T15:57:15.713+0000] {processor.py:840} INFO - DAG(s) 'example_python_decorator' retrieved from /home/airflow/.local/lib/python3.8/site-packages/airflow/example_dags/example_python_decorator.py
[2024-02-07T15:57:15.728+0000] {logging_mixin.py:188} INFO - [2024-02-07T15:57:15.727+0000] {dag.py:3036} INFO - Sync 1 DAGs
[2024-02-07T15:57:15.743+0000] {logging_mixin.py:188} INFO - [2024-02-07T15:57:15.742+0000] {dag.py:3823} INFO - Setting next_dagrun for example_python_decorator to None, run_after=None
[2024-02-07T15:57:15.766+0000] {processor.py:183} INFO - Processing /home/airflow/.local/lib/python3.8/site-packages/airflow/example_dags/example_python_decorator.py took 0.082 seconds
[2024-02-07T15:57:45.960+0000] {processor.py:161} INFO - Started process (PID=105) to work on /home/airflow/.local/lib/python3.8/site-packages/airflow/example_dags/example_python_decorator.py
[2024-02-07T15:57:45.961+0000] {processor.py:830} INFO - Processing file /home/airflow/.local/lib/python3.8/site-packages/airflow/example_dags/example_python_decorator.py for tasks to queue
[2024-02-07T15:57:45.963+0000] {logging_mixin.py:188} INFO - [2024-02-07T15:57:45.962+0000] {dagbag.py:538} INFO - Filling up the DagBag from /home/airflow/.local/lib/python3.8/site-packages/airflow/example_dags/example_python_decorator.py
[2024-02-07T15:57:45.981+0000] {processor.py:840} INFO - DAG(s) 'example_python_decorator' retrieved from /home/airflow/.local/lib/python3.8/site-packages/airflow/example_dags/example_python_decorator.py
[2024-02-07T15:57:46.137+0000] {logging_mixin.py:188} INFO - [2024-02-07T15:57:46.137+0000] {dag.py:3036} INFO - Sync 1 DAGs
[2024-02-07T15:57:46.155+0000] {logging_mixin.py:188} INFO - [2024-02-07T15:57:46.154+0000] {dag.py:3823} INFO - Setting next_dagrun for example_python_decorator to None, run_after=None
[2024-02-07T15:57:46.184+0000] {processor.py:183} INFO - Processing /home/airflow/.local/lib/python3.8/site-packages/airflow/example_dags/example_python_decorator.py took 0.228 seconds
[2024-02-07T15:58:16.984+0000] {processor.py:161} INFO - Started process (PID=162) to work on /home/airflow/.local/lib/python3.8/site-packages/airflow/example_dags/example_python_decorator.py
[2024-02-07T15:58:16.985+0000] {processor.py:830} INFO - Processing file /home/airflow/.local/lib/python3.8/site-packages/airflow/example_dags/example_python_decorator.py for tasks to queue
[2024-02-07T15:58:16.987+0000] {logging_mixin.py:188} INFO - [2024-02-07T15:58:16.986+0000] {dagbag.py:538} INFO - Filling up the DagBag from /home/airflow/.local/lib/python3.8/site-packages/airflow/example_dags/example_python_decorator.py
[2024-02-07T15:58:17.000+0000] {processor.py:840} INFO - DAG(s) 'example_python_decorator' retrieved from /home/airflow/.local/lib/python3.8/site-packages/airflow/example_dags/example_python_decorator.py
[2024-02-07T15:58:17.024+0000] {logging_mixin.py:188} INFO - [2024-02-07T15:58:17.023+0000] {dag.py:3036} INFO - Sync 1 DAGs
[2024-02-07T15:58:17.037+0000] {logging_mixin.py:188} INFO - [2024-02-07T15:58:17.037+0000] {dag.py:3823} INFO - Setting next_dagrun for example_python_decorator to None, run_after=None
[2024-02-07T15:58:17.055+0000] {processor.py:183} INFO - Processing /home/airflow/.local/lib/python3.8/site-packages/airflow/example_dags/example_python_decorator.py took 0.075 seconds
[2024-02-07T16:10:52.090+0000] {processor.py:161} INFO - Started process (PID=50) to work on /home/airflow/.local/lib/python3.8/site-packages/airflow/example_dags/example_python_decorator.py
[2024-02-07T16:10:52.091+0000] {processor.py:830} INFO - Processing file /home/airflow/.local/lib/python3.8/site-packages/airflow/example_dags/example_python_decorator.py for tasks to queue
[2024-02-07T16:10:52.094+0000] {logging_mixin.py:188} INFO - [2024-02-07T16:10:52.093+0000] {dagbag.py:538} INFO - Filling up the DagBag from /home/airflow/.local/lib/python3.8/site-packages/airflow/example_dags/example_python_decorator.py
[2024-02-07T16:10:52.123+0000] {processor.py:840} INFO - DAG(s) 'example_python_decorator' retrieved from /home/airflow/.local/lib/python3.8/site-packages/airflow/example_dags/example_python_decorator.py
[2024-02-07T16:10:52.141+0000] {logging_mixin.py:188} INFO - [2024-02-07T16:10:52.140+0000] {dag.py:3036} INFO - Sync 1 DAGs
[2024-02-07T16:10:52.162+0000] {logging_mixin.py:188} INFO - [2024-02-07T16:10:52.162+0000] {dag.py:3823} INFO - Setting next_dagrun for example_python_decorator to None, run_after=None
[2024-02-07T16:10:52.194+0000] {processor.py:183} INFO - Processing /home/airflow/.local/lib/python3.8/site-packages/airflow/example_dags/example_python_decorator.py took 0.110 seconds
[2024-02-07T16:11:22.650+0000] {processor.py:161} INFO - Started process (PID=105) to work on /home/airflow/.local/lib/python3.8/site-packages/airflow/example_dags/example_python_decorator.py
[2024-02-07T16:11:22.651+0000] {processor.py:830} INFO - Processing file /home/airflow/.local/lib/python3.8/site-packages/airflow/example_dags/example_python_decorator.py for tasks to queue
[2024-02-07T16:11:22.653+0000] {logging_mixin.py:188} INFO - [2024-02-07T16:11:22.652+0000] {dagbag.py:538} INFO - Filling up the DagBag from /home/airflow/.local/lib/python3.8/site-packages/airflow/example_dags/example_python_decorator.py
[2024-02-07T16:11:22.669+0000] {processor.py:840} INFO - DAG(s) 'example_python_decorator' retrieved from /home/airflow/.local/lib/python3.8/site-packages/airflow/example_dags/example_python_decorator.py
[2024-02-07T16:11:22.811+0000] {logging_mixin.py:188} INFO - [2024-02-07T16:11:22.811+0000] {dag.py:3036} INFO - Sync 1 DAGs
[2024-02-07T16:11:22.823+0000] {logging_mixin.py:188} INFO - [2024-02-07T16:11:22.823+0000] {dag.py:3823} INFO - Setting next_dagrun for example_python_decorator to None, run_after=None
[2024-02-07T16:11:22.850+0000] {processor.py:183} INFO - Processing /home/airflow/.local/lib/python3.8/site-packages/airflow/example_dags/example_python_decorator.py took 0.204 seconds
[2024-02-07T16:11:53.316+0000] {processor.py:161} INFO - Started process (PID=162) to work on /home/airflow/.local/lib/python3.8/site-packages/airflow/example_dags/example_python_decorator.py
[2024-02-07T16:11:53.317+0000] {processor.py:830} INFO - Processing file /home/airflow/.local/lib/python3.8/site-packages/airflow/example_dags/example_python_decorator.py for tasks to queue
[2024-02-07T16:11:53.319+0000] {logging_mixin.py:188} INFO - [2024-02-07T16:11:53.318+0000] {dagbag.py:538} INFO - Filling up the DagBag from /home/airflow/.local/lib/python3.8/site-packages/airflow/example_dags/example_python_decorator.py
[2024-02-07T16:11:53.334+0000] {processor.py:840} INFO - DAG(s) 'example_python_decorator' retrieved from /home/airflow/.local/lib/python3.8/site-packages/airflow/example_dags/example_python_decorator.py
[2024-02-07T16:11:53.356+0000] {logging_mixin.py:188} INFO - [2024-02-07T16:11:53.356+0000] {dag.py:3036} INFO - Sync 1 DAGs
[2024-02-07T16:11:53.369+0000] {logging_mixin.py:188} INFO - [2024-02-07T16:11:53.368+0000] {dag.py:3823} INFO - Setting next_dagrun for example_python_decorator to None, run_after=None
[2024-02-07T16:11:53.387+0000] {processor.py:183} INFO - Processing /home/airflow/.local/lib/python3.8/site-packages/airflow/example_dags/example_python_decorator.py took 0.075 seconds
[2024-02-07T16:12:23.944+0000] {processor.py:161} INFO - Started process (PID=219) to work on /home/airflow/.local/lib/python3.8/site-packages/airflow/example_dags/example_python_decorator.py
[2024-02-07T16:12:23.945+0000] {processor.py:830} INFO - Processing file /home/airflow/.local/lib/python3.8/site-packages/airflow/example_dags/example_python_decorator.py for tasks to queue
[2024-02-07T16:12:23.947+0000] {logging_mixin.py:188} INFO - [2024-02-07T16:12:23.946+0000] {dagbag.py:538} INFO - Filling up the DagBag from /home/airflow/.local/lib/python3.8/site-packages/airflow/example_dags/example_python_decorator.py
[2024-02-07T16:12:23.959+0000] {processor.py:840} INFO - DAG(s) 'example_python_decorator' retrieved from /home/airflow/.local/lib/python3.8/site-packages/airflow/example_dags/example_python_decorator.py
[2024-02-07T16:12:23.982+0000] {logging_mixin.py:188} INFO - [2024-02-07T16:12:23.981+0000] {dag.py:3036} INFO - Sync 1 DAGs
[2024-02-07T16:12:23.994+0000] {logging_mixin.py:188} INFO - [2024-02-07T16:12:23.993+0000] {dag.py:3823} INFO - Setting next_dagrun for example_python_decorator to None, run_after=None
[2024-02-07T16:12:24.013+0000] {processor.py:183} INFO - Processing /home/airflow/.local/lib/python3.8/site-packages/airflow/example_dags/example_python_decorator.py took 0.072 seconds
[2024-02-07T16:12:54.132+0000] {processor.py:161} INFO - Started process (PID=276) to work on /home/airflow/.local/lib/python3.8/site-packages/airflow/example_dags/example_python_decorator.py
[2024-02-07T16:12:54.133+0000] {processor.py:830} INFO - Processing file /home/airflow/.local/lib/python3.8/site-packages/airflow/example_dags/example_python_decorator.py for tasks to queue
[2024-02-07T16:12:54.135+0000] {logging_mixin.py:188} INFO - [2024-02-07T16:12:54.135+0000] {dagbag.py:538} INFO - Filling up the DagBag from /home/airflow/.local/lib/python3.8/site-packages/airflow/example_dags/example_python_decorator.py
[2024-02-07T16:12:54.148+0000] {processor.py:840} INFO - DAG(s) 'example_python_decorator' retrieved from /home/airflow/.local/lib/python3.8/site-packages/airflow/example_dags/example_python_decorator.py
[2024-02-07T16:12:54.170+0000] {logging_mixin.py:188} INFO - [2024-02-07T16:12:54.170+0000] {dag.py:3036} INFO - Sync 1 DAGs
[2024-02-07T16:12:54.182+0000] {logging_mixin.py:188} INFO - [2024-02-07T16:12:54.182+0000] {dag.py:3823} INFO - Setting next_dagrun for example_python_decorator to None, run_after=None
[2024-02-07T16:12:54.200+0000] {processor.py:183} INFO - Processing /home/airflow/.local/lib/python3.8/site-packages/airflow/example_dags/example_python_decorator.py took 0.071 seconds
[2024-02-07T16:13:24.377+0000] {processor.py:161} INFO - Started process (PID=333) to work on /home/airflow/.local/lib/python3.8/site-packages/airflow/example_dags/example_python_decorator.py
[2024-02-07T16:13:24.378+0000] {processor.py:830} INFO - Processing file /home/airflow/.local/lib/python3.8/site-packages/airflow/example_dags/example_python_decorator.py for tasks to queue
[2024-02-07T16:13:24.379+0000] {logging_mixin.py:188} INFO - [2024-02-07T16:13:24.379+0000] {dagbag.py:538} INFO - Filling up the DagBag from /home/airflow/.local/lib/python3.8/site-packages/airflow/example_dags/example_python_decorator.py
[2024-02-07T16:13:24.392+0000] {processor.py:840} INFO - DAG(s) 'example_python_decorator' retrieved from /home/airflow/.local/lib/python3.8/site-packages/airflow/example_dags/example_python_decorator.py
[2024-02-07T16:13:24.413+0000] {logging_mixin.py:188} INFO - [2024-02-07T16:13:24.413+0000] {dag.py:3036} INFO - Sync 1 DAGs
[2024-02-07T16:13:24.424+0000] {logging_mixin.py:188} INFO - [2024-02-07T16:13:24.424+0000] {dag.py:3823} INFO - Setting next_dagrun for example_python_decorator to None, run_after=None
[2024-02-07T16:13:24.446+0000] {processor.py:183} INFO - Processing /home/airflow/.local/lib/python3.8/site-packages/airflow/example_dags/example_python_decorator.py took 0.072 seconds
[2024-02-07T16:13:54.913+0000] {processor.py:161} INFO - Started process (PID=390) to work on /home/airflow/.local/lib/python3.8/site-packages/airflow/example_dags/example_python_decorator.py
[2024-02-07T16:13:54.914+0000] {processor.py:830} INFO - Processing file /home/airflow/.local/lib/python3.8/site-packages/airflow/example_dags/example_python_decorator.py for tasks to queue
[2024-02-07T16:13:54.915+0000] {logging_mixin.py:188} INFO - [2024-02-07T16:13:54.915+0000] {dagbag.py:538} INFO - Filling up the DagBag from /home/airflow/.local/lib/python3.8/site-packages/airflow/example_dags/example_python_decorator.py
[2024-02-07T16:13:54.928+0000] {processor.py:840} INFO - DAG(s) 'example_python_decorator' retrieved from /home/airflow/.local/lib/python3.8/site-packages/airflow/example_dags/example_python_decorator.py
[2024-02-07T16:13:54.949+0000] {logging_mixin.py:188} INFO - [2024-02-07T16:13:54.949+0000] {dag.py:3036} INFO - Sync 1 DAGs
[2024-02-07T16:13:54.962+0000] {logging_mixin.py:188} INFO - [2024-02-07T16:13:54.962+0000] {dag.py:3823} INFO - Setting next_dagrun for example_python_decorator to None, run_after=None
[2024-02-07T16:13:54.982+0000] {processor.py:183} INFO - Processing /home/airflow/.local/lib/python3.8/site-packages/airflow/example_dags/example_python_decorator.py took 0.072 seconds
[2024-02-07T16:14:25.041+0000] {processor.py:161} INFO - Started process (PID=447) to work on /home/airflow/.local/lib/python3.8/site-packages/airflow/example_dags/example_python_decorator.py
[2024-02-07T16:14:25.042+0000] {processor.py:830} INFO - Processing file /home/airflow/.local/lib/python3.8/site-packages/airflow/example_dags/example_python_decorator.py for tasks to queue
[2024-02-07T16:14:25.044+0000] {logging_mixin.py:188} INFO - [2024-02-07T16:14:25.043+0000] {dagbag.py:538} INFO - Filling up the DagBag from /home/airflow/.local/lib/python3.8/site-packages/airflow/example_dags/example_python_decorator.py
[2024-02-07T16:14:25.056+0000] {processor.py:840} INFO - DAG(s) 'example_python_decorator' retrieved from /home/airflow/.local/lib/python3.8/site-packages/airflow/example_dags/example_python_decorator.py
[2024-02-07T16:14:25.078+0000] {logging_mixin.py:188} INFO - [2024-02-07T16:14:25.077+0000] {dag.py:3036} INFO - Sync 1 DAGs
[2024-02-07T16:14:25.089+0000] {logging_mixin.py:188} INFO - [2024-02-07T16:14:25.089+0000] {dag.py:3823} INFO - Setting next_dagrun for example_python_decorator to None, run_after=None
[2024-02-07T16:14:25.106+0000] {processor.py:183} INFO - Processing /home/airflow/.local/lib/python3.8/site-packages/airflow/example_dags/example_python_decorator.py took 0.068 seconds
[2024-02-07T16:14:55.337+0000] {processor.py:161} INFO - Started process (PID=504) to work on /home/airflow/.local/lib/python3.8/site-packages/airflow/example_dags/example_python_decorator.py
[2024-02-07T16:14:55.338+0000] {processor.py:830} INFO - Processing file /home/airflow/.local/lib/python3.8/site-packages/airflow/example_dags/example_python_decorator.py for tasks to queue
[2024-02-07T16:14:55.340+0000] {logging_mixin.py:188} INFO - [2024-02-07T16:14:55.339+0000] {dagbag.py:538} INFO - Filling up the DagBag from /home/airflow/.local/lib/python3.8/site-packages/airflow/example_dags/example_python_decorator.py
[2024-02-07T16:14:55.356+0000] {processor.py:840} INFO - DAG(s) 'example_python_decorator' retrieved from /home/airflow/.local/lib/python3.8/site-packages/airflow/example_dags/example_python_decorator.py
[2024-02-07T16:14:55.388+0000] {logging_mixin.py:188} INFO - [2024-02-07T16:14:55.388+0000] {dag.py:3036} INFO - Sync 1 DAGs
[2024-02-07T16:14:55.406+0000] {logging_mixin.py:188} INFO - [2024-02-07T16:14:55.405+0000] {dag.py:3823} INFO - Setting next_dagrun for example_python_decorator to None, run_after=None
[2024-02-07T16:14:55.430+0000] {processor.py:183} INFO - Processing /home/airflow/.local/lib/python3.8/site-packages/airflow/example_dags/example_python_decorator.py took 0.097 seconds
[2024-02-07T16:23:24.894+0000] {processor.py:161} INFO - Started process (PID=50) to work on /home/airflow/.local/lib/python3.8/site-packages/airflow/example_dags/example_python_decorator.py
[2024-02-07T16:23:24.895+0000] {processor.py:830} INFO - Processing file /home/airflow/.local/lib/python3.8/site-packages/airflow/example_dags/example_python_decorator.py for tasks to queue
[2024-02-07T16:23:24.897+0000] {logging_mixin.py:188} INFO - [2024-02-07T16:23:24.896+0000] {dagbag.py:538} INFO - Filling up the DagBag from /home/airflow/.local/lib/python3.8/site-packages/airflow/example_dags/example_python_decorator.py
[2024-02-07T16:23:24.916+0000] {processor.py:840} INFO - DAG(s) 'example_python_decorator' retrieved from /home/airflow/.local/lib/python3.8/site-packages/airflow/example_dags/example_python_decorator.py
[2024-02-07T16:23:24.933+0000] {logging_mixin.py:188} INFO - [2024-02-07T16:23:24.932+0000] {dag.py:3036} INFO - Sync 1 DAGs
[2024-02-07T16:23:24.963+0000] {logging_mixin.py:188} INFO - [2024-02-07T16:23:24.962+0000] {dag.py:3823} INFO - Setting next_dagrun for example_python_decorator to None, run_after=None
[2024-02-07T16:23:24.998+0000] {processor.py:183} INFO - Processing /home/airflow/.local/lib/python3.8/site-packages/airflow/example_dags/example_python_decorator.py took 0.109 seconds
[2024-02-07T16:23:55.027+0000] {processor.py:161} INFO - Started process (PID=105) to work on /home/airflow/.local/lib/python3.8/site-packages/airflow/example_dags/example_python_decorator.py
[2024-02-07T16:23:55.028+0000] {processor.py:830} INFO - Processing file /home/airflow/.local/lib/python3.8/site-packages/airflow/example_dags/example_python_decorator.py for tasks to queue
[2024-02-07T16:23:55.029+0000] {logging_mixin.py:188} INFO - [2024-02-07T16:23:55.029+0000] {dagbag.py:538} INFO - Filling up the DagBag from /home/airflow/.local/lib/python3.8/site-packages/airflow/example_dags/example_python_decorator.py
[2024-02-07T16:23:55.042+0000] {processor.py:840} INFO - DAG(s) 'example_python_decorator' retrieved from /home/airflow/.local/lib/python3.8/site-packages/airflow/example_dags/example_python_decorator.py
[2024-02-07T16:23:55.141+0000] {logging_mixin.py:188} INFO - [2024-02-07T16:23:55.141+0000] {dag.py:3036} INFO - Sync 1 DAGs
[2024-02-07T16:23:55.152+0000] {logging_mixin.py:188} INFO - [2024-02-07T16:23:55.151+0000] {dag.py:3823} INFO - Setting next_dagrun for example_python_decorator to None, run_after=None
[2024-02-07T16:23:55.171+0000] {processor.py:183} INFO - Processing /home/airflow/.local/lib/python3.8/site-packages/airflow/example_dags/example_python_decorator.py took 0.147 seconds
[2024-02-07T16:24:25.763+0000] {processor.py:161} INFO - Started process (PID=162) to work on /home/airflow/.local/lib/python3.8/site-packages/airflow/example_dags/example_python_decorator.py
[2024-02-07T16:24:25.764+0000] {processor.py:830} INFO - Processing file /home/airflow/.local/lib/python3.8/site-packages/airflow/example_dags/example_python_decorator.py for tasks to queue
[2024-02-07T16:24:25.765+0000] {logging_mixin.py:188} INFO - [2024-02-07T16:24:25.765+0000] {dagbag.py:538} INFO - Filling up the DagBag from /home/airflow/.local/lib/python3.8/site-packages/airflow/example_dags/example_python_decorator.py
[2024-02-07T16:24:25.778+0000] {processor.py:840} INFO - DAG(s) 'example_python_decorator' retrieved from /home/airflow/.local/lib/python3.8/site-packages/airflow/example_dags/example_python_decorator.py
[2024-02-07T16:24:25.800+0000] {logging_mixin.py:188} INFO - [2024-02-07T16:24:25.799+0000] {dag.py:3036} INFO - Sync 1 DAGs
[2024-02-07T16:24:25.811+0000] {logging_mixin.py:188} INFO - [2024-02-07T16:24:25.811+0000] {dag.py:3823} INFO - Setting next_dagrun for example_python_decorator to None, run_after=None
[2024-02-07T16:24:25.830+0000] {processor.py:183} INFO - Processing /home/airflow/.local/lib/python3.8/site-packages/airflow/example_dags/example_python_decorator.py took 0.070 seconds
[2024-02-07T16:24:55.912+0000] {processor.py:161} INFO - Started process (PID=219) to work on /home/airflow/.local/lib/python3.8/site-packages/airflow/example_dags/example_python_decorator.py
[2024-02-07T16:24:55.913+0000] {processor.py:830} INFO - Processing file /home/airflow/.local/lib/python3.8/site-packages/airflow/example_dags/example_python_decorator.py for tasks to queue
[2024-02-07T16:24:55.915+0000] {logging_mixin.py:188} INFO - [2024-02-07T16:24:55.915+0000] {dagbag.py:538} INFO - Filling up the DagBag from /home/airflow/.local/lib/python3.8/site-packages/airflow/example_dags/example_python_decorator.py
[2024-02-07T16:24:55.928+0000] {processor.py:840} INFO - DAG(s) 'example_python_decorator' retrieved from /home/airflow/.local/lib/python3.8/site-packages/airflow/example_dags/example_python_decorator.py
[2024-02-07T16:24:55.949+0000] {logging_mixin.py:188} INFO - [2024-02-07T16:24:55.949+0000] {dag.py:3036} INFO - Sync 1 DAGs
[2024-02-07T16:24:55.960+0000] {logging_mixin.py:188} INFO - [2024-02-07T16:24:55.960+0000] {dag.py:3823} INFO - Setting next_dagrun for example_python_decorator to None, run_after=None
[2024-02-07T16:24:55.978+0000] {processor.py:183} INFO - Processing /home/airflow/.local/lib/python3.8/site-packages/airflow/example_dags/example_python_decorator.py took 0.069 seconds
[2024-02-07T16:25:26.162+0000] {processor.py:161} INFO - Started process (PID=276) to work on /home/airflow/.local/lib/python3.8/site-packages/airflow/example_dags/example_python_decorator.py
[2024-02-07T16:25:26.163+0000] {processor.py:830} INFO - Processing file /home/airflow/.local/lib/python3.8/site-packages/airflow/example_dags/example_python_decorator.py for tasks to queue
[2024-02-07T16:25:26.165+0000] {logging_mixin.py:188} INFO - [2024-02-07T16:25:26.164+0000] {dagbag.py:538} INFO - Filling up the DagBag from /home/airflow/.local/lib/python3.8/site-packages/airflow/example_dags/example_python_decorator.py
[2024-02-07T16:25:26.177+0000] {processor.py:840} INFO - DAG(s) 'example_python_decorator' retrieved from /home/airflow/.local/lib/python3.8/site-packages/airflow/example_dags/example_python_decorator.py
[2024-02-07T16:25:26.199+0000] {logging_mixin.py:188} INFO - [2024-02-07T16:25:26.198+0000] {dag.py:3036} INFO - Sync 1 DAGs
[2024-02-07T16:25:26.210+0000] {logging_mixin.py:188} INFO - [2024-02-07T16:25:26.210+0000] {dag.py:3823} INFO - Setting next_dagrun for example_python_decorator to None, run_after=None
[2024-02-07T16:25:26.229+0000] {processor.py:183} INFO - Processing /home/airflow/.local/lib/python3.8/site-packages/airflow/example_dags/example_python_decorator.py took 0.070 seconds
[2024-02-07T16:25:56.377+0000] {processor.py:161} INFO - Started process (PID=333) to work on /home/airflow/.local/lib/python3.8/site-packages/airflow/example_dags/example_python_decorator.py
[2024-02-07T16:25:56.378+0000] {processor.py:830} INFO - Processing file /home/airflow/.local/lib/python3.8/site-packages/airflow/example_dags/example_python_decorator.py for tasks to queue
[2024-02-07T16:25:56.379+0000] {logging_mixin.py:188} INFO - [2024-02-07T16:25:56.379+0000] {dagbag.py:538} INFO - Filling up the DagBag from /home/airflow/.local/lib/python3.8/site-packages/airflow/example_dags/example_python_decorator.py
[2024-02-07T16:25:56.392+0000] {processor.py:840} INFO - DAG(s) 'example_python_decorator' retrieved from /home/airflow/.local/lib/python3.8/site-packages/airflow/example_dags/example_python_decorator.py
[2024-02-07T16:25:56.413+0000] {logging_mixin.py:188} INFO - [2024-02-07T16:25:56.413+0000] {dag.py:3036} INFO - Sync 1 DAGs
[2024-02-07T16:25:56.424+0000] {logging_mixin.py:188} INFO - [2024-02-07T16:25:56.424+0000] {dag.py:3823} INFO - Setting next_dagrun for example_python_decorator to None, run_after=None
[2024-02-07T16:25:56.442+0000] {processor.py:183} INFO - Processing /home/airflow/.local/lib/python3.8/site-packages/airflow/example_dags/example_python_decorator.py took 0.068 seconds
[2024-02-07T16:48:21.615+0000] {processor.py:161} INFO - Started process (PID=49) to work on /home/airflow/.local/lib/python3.8/site-packages/airflow/example_dags/example_python_decorator.py
[2024-02-07T16:48:21.616+0000] {processor.py:830} INFO - Processing file /home/airflow/.local/lib/python3.8/site-packages/airflow/example_dags/example_python_decorator.py for tasks to queue
[2024-02-07T16:48:21.618+0000] {logging_mixin.py:188} INFO - [2024-02-07T16:48:21.617+0000] {dagbag.py:538} INFO - Filling up the DagBag from /home/airflow/.local/lib/python3.8/site-packages/airflow/example_dags/example_python_decorator.py
[2024-02-07T16:48:21.644+0000] {processor.py:840} INFO - DAG(s) 'example_python_decorator' retrieved from /home/airflow/.local/lib/python3.8/site-packages/airflow/example_dags/example_python_decorator.py
[2024-02-07T16:48:21.660+0000] {logging_mixin.py:188} INFO - [2024-02-07T16:48:21.660+0000] {dag.py:3036} INFO - Sync 1 DAGs
[2024-02-07T16:48:21.679+0000] {logging_mixin.py:188} INFO - [2024-02-07T16:48:21.678+0000] {dag.py:3823} INFO - Setting next_dagrun for example_python_decorator to None, run_after=None
[2024-02-07T16:48:21.707+0000] {processor.py:183} INFO - Processing /home/airflow/.local/lib/python3.8/site-packages/airflow/example_dags/example_python_decorator.py took 0.096 seconds
[2024-02-07T16:48:51.750+0000] {processor.py:161} INFO - Started process (PID=104) to work on /home/airflow/.local/lib/python3.8/site-packages/airflow/example_dags/example_python_decorator.py
[2024-02-07T16:48:51.751+0000] {processor.py:830} INFO - Processing file /home/airflow/.local/lib/python3.8/site-packages/airflow/example_dags/example_python_decorator.py for tasks to queue
[2024-02-07T16:48:51.753+0000] {logging_mixin.py:188} INFO - [2024-02-07T16:48:51.752+0000] {dagbag.py:538} INFO - Filling up the DagBag from /home/airflow/.local/lib/python3.8/site-packages/airflow/example_dags/example_python_decorator.py
[2024-02-07T16:48:51.768+0000] {processor.py:840} INFO - DAG(s) 'example_python_decorator' retrieved from /home/airflow/.local/lib/python3.8/site-packages/airflow/example_dags/example_python_decorator.py
[2024-02-07T16:48:51.885+0000] {logging_mixin.py:188} INFO - [2024-02-07T16:48:51.884+0000] {dag.py:3036} INFO - Sync 1 DAGs
[2024-02-07T16:48:51.895+0000] {logging_mixin.py:188} INFO - [2024-02-07T16:48:51.894+0000] {dag.py:3823} INFO - Setting next_dagrun for example_python_decorator to None, run_after=None
[2024-02-07T16:48:51.913+0000] {processor.py:183} INFO - Processing /home/airflow/.local/lib/python3.8/site-packages/airflow/example_dags/example_python_decorator.py took 0.167 seconds
[2024-02-07T16:49:22.508+0000] {processor.py:161} INFO - Started process (PID=161) to work on /home/airflow/.local/lib/python3.8/site-packages/airflow/example_dags/example_python_decorator.py
[2024-02-07T16:49:22.509+0000] {processor.py:830} INFO - Processing file /home/airflow/.local/lib/python3.8/site-packages/airflow/example_dags/example_python_decorator.py for tasks to queue
[2024-02-07T16:49:22.510+0000] {logging_mixin.py:188} INFO - [2024-02-07T16:49:22.510+0000] {dagbag.py:538} INFO - Filling up the DagBag from /home/airflow/.local/lib/python3.8/site-packages/airflow/example_dags/example_python_decorator.py
[2024-02-07T16:49:22.524+0000] {processor.py:840} INFO - DAG(s) 'example_python_decorator' retrieved from /home/airflow/.local/lib/python3.8/site-packages/airflow/example_dags/example_python_decorator.py
[2024-02-07T16:49:22.546+0000] {logging_mixin.py:188} INFO - [2024-02-07T16:49:22.546+0000] {dag.py:3036} INFO - Sync 1 DAGs
[2024-02-07T16:49:22.557+0000] {logging_mixin.py:188} INFO - [2024-02-07T16:49:22.557+0000] {dag.py:3823} INFO - Setting next_dagrun for example_python_decorator to None, run_after=None
[2024-02-07T16:49:22.575+0000] {processor.py:183} INFO - Processing /home/airflow/.local/lib/python3.8/site-packages/airflow/example_dags/example_python_decorator.py took 0.071 seconds
[2024-02-07T16:49:52.660+0000] {processor.py:161} INFO - Started process (PID=219) to work on /home/airflow/.local/lib/python3.8/site-packages/airflow/example_dags/example_python_decorator.py
[2024-02-07T16:49:52.661+0000] {processor.py:830} INFO - Processing file /home/airflow/.local/lib/python3.8/site-packages/airflow/example_dags/example_python_decorator.py for tasks to queue
[2024-02-07T16:49:52.662+0000] {logging_mixin.py:188} INFO - [2024-02-07T16:49:52.662+0000] {dagbag.py:538} INFO - Filling up the DagBag from /home/airflow/.local/lib/python3.8/site-packages/airflow/example_dags/example_python_decorator.py
[2024-02-07T16:49:52.675+0000] {processor.py:840} INFO - DAG(s) 'example_python_decorator' retrieved from /home/airflow/.local/lib/python3.8/site-packages/airflow/example_dags/example_python_decorator.py
[2024-02-07T16:49:52.698+0000] {logging_mixin.py:188} INFO - [2024-02-07T16:49:52.698+0000] {dag.py:3036} INFO - Sync 1 DAGs
[2024-02-07T16:49:52.710+0000] {logging_mixin.py:188} INFO - [2024-02-07T16:49:52.710+0000] {dag.py:3823} INFO - Setting next_dagrun for example_python_decorator to None, run_after=None
[2024-02-07T16:49:52.730+0000] {processor.py:183} INFO - Processing /home/airflow/.local/lib/python3.8/site-packages/airflow/example_dags/example_python_decorator.py took 0.073 seconds
[2024-02-07T16:50:23.122+0000] {processor.py:161} INFO - Started process (PID=276) to work on /home/airflow/.local/lib/python3.8/site-packages/airflow/example_dags/example_python_decorator.py
[2024-02-07T16:50:23.123+0000] {processor.py:830} INFO - Processing file /home/airflow/.local/lib/python3.8/site-packages/airflow/example_dags/example_python_decorator.py for tasks to queue
[2024-02-07T16:50:23.124+0000] {logging_mixin.py:188} INFO - [2024-02-07T16:50:23.124+0000] {dagbag.py:538} INFO - Filling up the DagBag from /home/airflow/.local/lib/python3.8/site-packages/airflow/example_dags/example_python_decorator.py
[2024-02-07T16:50:23.137+0000] {processor.py:840} INFO - DAG(s) 'example_python_decorator' retrieved from /home/airflow/.local/lib/python3.8/site-packages/airflow/example_dags/example_python_decorator.py
[2024-02-07T16:50:23.158+0000] {logging_mixin.py:188} INFO - [2024-02-07T16:50:23.158+0000] {dag.py:3036} INFO - Sync 1 DAGs
[2024-02-07T16:50:23.170+0000] {logging_mixin.py:188} INFO - [2024-02-07T16:50:23.170+0000] {dag.py:3823} INFO - Setting next_dagrun for example_python_decorator to None, run_after=None
[2024-02-07T16:50:23.187+0000] {processor.py:183} INFO - Processing /home/airflow/.local/lib/python3.8/site-packages/airflow/example_dags/example_python_decorator.py took 0.069 seconds
[2024-02-07T16:50:53.301+0000] {processor.py:161} INFO - Started process (PID=333) to work on /home/airflow/.local/lib/python3.8/site-packages/airflow/example_dags/example_python_decorator.py
[2024-02-07T16:50:53.302+0000] {processor.py:830} INFO - Processing file /home/airflow/.local/lib/python3.8/site-packages/airflow/example_dags/example_python_decorator.py for tasks to queue
[2024-02-07T16:50:53.304+0000] {logging_mixin.py:188} INFO - [2024-02-07T16:50:53.303+0000] {dagbag.py:538} INFO - Filling up the DagBag from /home/airflow/.local/lib/python3.8/site-packages/airflow/example_dags/example_python_decorator.py
[2024-02-07T16:50:53.316+0000] {processor.py:840} INFO - DAG(s) 'example_python_decorator' retrieved from /home/airflow/.local/lib/python3.8/site-packages/airflow/example_dags/example_python_decorator.py
[2024-02-07T16:50:53.338+0000] {logging_mixin.py:188} INFO - [2024-02-07T16:50:53.338+0000] {dag.py:3036} INFO - Sync 1 DAGs
[2024-02-07T16:50:53.350+0000] {logging_mixin.py:188} INFO - [2024-02-07T16:50:53.349+0000] {dag.py:3823} INFO - Setting next_dagrun for example_python_decorator to None, run_after=None
[2024-02-07T16:50:53.367+0000] {processor.py:183} INFO - Processing /home/airflow/.local/lib/python3.8/site-packages/airflow/example_dags/example_python_decorator.py took 0.069 seconds
