[2024-02-07T14:34:04.505+0000] {processor.py:161} INFO - Started process (PID=80) to work on /home/airflow/.local/lib/python3.8/site-packages/airflow/example_dags/example_latest_only.py
[2024-02-07T14:34:04.506+0000] {processor.py:830} INFO - Processing file /home/airflow/.local/lib/python3.8/site-packages/airflow/example_dags/example_latest_only.py for tasks to queue
[2024-02-07T14:34:04.508+0000] {logging_mixin.py:188} INFO - [2024-02-07T14:34:04.507+0000] {dagbag.py:538} INFO - Filling up the DagBag from /home/airflow/.local/lib/python3.8/site-packages/airflow/example_dags/example_latest_only.py
[2024-02-07T14:34:04.513+0000] {processor.py:840} INFO - DAG(s) 'latest_only' retrieved from /home/airflow/.local/lib/python3.8/site-packages/airflow/example_dags/example_latest_only.py
[2024-02-07T14:34:04.524+0000] {logging_mixin.py:188} INFO - [2024-02-07T14:34:04.524+0000] {dag.py:3036} INFO - Sync 1 DAGs
[2024-02-07T14:34:04.547+0000] {logging_mixin.py:188} INFO - [2024-02-07T14:34:04.547+0000] {dag.py:3823} INFO - Setting next_dagrun for latest_only to 2024-02-07 08:00:00+00:00, run_after=2024-02-07 12:00:00+00:00
[2024-02-07T14:34:04.566+0000] {processor.py:183} INFO - Processing /home/airflow/.local/lib/python3.8/site-packages/airflow/example_dags/example_latest_only.py took 0.065 seconds
[2024-02-07T14:34:37.706+0000] {processor.py:161} INFO - Started process (PID=137) to work on /home/airflow/.local/lib/python3.8/site-packages/airflow/example_dags/example_latest_only.py
[2024-02-07T14:34:37.707+0000] {processor.py:830} INFO - Processing file /home/airflow/.local/lib/python3.8/site-packages/airflow/example_dags/example_latest_only.py for tasks to queue
[2024-02-07T14:34:37.708+0000] {logging_mixin.py:188} INFO - [2024-02-07T14:34:37.708+0000] {dagbag.py:538} INFO - Filling up the DagBag from /home/airflow/.local/lib/python3.8/site-packages/airflow/example_dags/example_latest_only.py
[2024-02-07T14:34:37.714+0000] {processor.py:840} INFO - DAG(s) 'latest_only' retrieved from /home/airflow/.local/lib/python3.8/site-packages/airflow/example_dags/example_latest_only.py
[2024-02-07T14:34:37.864+0000] {logging_mixin.py:188} INFO - [2024-02-07T14:34:37.863+0000] {dag.py:3036} INFO - Sync 1 DAGs
[2024-02-07T14:34:37.884+0000] {logging_mixin.py:188} INFO - [2024-02-07T14:34:37.884+0000] {dag.py:3823} INFO - Setting next_dagrun for latest_only to 2024-02-07 08:00:00+00:00, run_after=2024-02-07 12:00:00+00:00
[2024-02-07T14:34:37.902+0000] {processor.py:183} INFO - Processing /home/airflow/.local/lib/python3.8/site-packages/airflow/example_dags/example_latest_only.py took 0.200 seconds
[2024-02-07T14:35:08.404+0000] {processor.py:161} INFO - Started process (PID=195) to work on /home/airflow/.local/lib/python3.8/site-packages/airflow/example_dags/example_latest_only.py
[2024-02-07T14:35:08.406+0000] {processor.py:830} INFO - Processing file /home/airflow/.local/lib/python3.8/site-packages/airflow/example_dags/example_latest_only.py for tasks to queue
[2024-02-07T14:35:08.408+0000] {logging_mixin.py:188} INFO - [2024-02-07T14:35:08.408+0000] {dagbag.py:538} INFO - Filling up the DagBag from /home/airflow/.local/lib/python3.8/site-packages/airflow/example_dags/example_latest_only.py
[2024-02-07T14:35:08.414+0000] {processor.py:840} INFO - DAG(s) 'latest_only' retrieved from /home/airflow/.local/lib/python3.8/site-packages/airflow/example_dags/example_latest_only.py
[2024-02-07T14:35:08.437+0000] {logging_mixin.py:188} INFO - [2024-02-07T14:35:08.436+0000] {dag.py:3036} INFO - Sync 1 DAGs
[2024-02-07T14:35:08.466+0000] {logging_mixin.py:188} INFO - [2024-02-07T14:35:08.465+0000] {dag.py:3823} INFO - Setting next_dagrun for latest_only to 2024-02-07 08:00:00+00:00, run_after=2024-02-07 12:00:00+00:00
[2024-02-07T14:35:08.489+0000] {processor.py:183} INFO - Processing /home/airflow/.local/lib/python3.8/site-packages/airflow/example_dags/example_latest_only.py took 0.091 seconds
[2024-02-07T14:35:39.000+0000] {processor.py:161} INFO - Started process (PID=252) to work on /home/airflow/.local/lib/python3.8/site-packages/airflow/example_dags/example_latest_only.py
[2024-02-07T14:35:39.001+0000] {processor.py:830} INFO - Processing file /home/airflow/.local/lib/python3.8/site-packages/airflow/example_dags/example_latest_only.py for tasks to queue
[2024-02-07T14:35:39.002+0000] {logging_mixin.py:188} INFO - [2024-02-07T14:35:39.002+0000] {dagbag.py:538} INFO - Filling up the DagBag from /home/airflow/.local/lib/python3.8/site-packages/airflow/example_dags/example_latest_only.py
[2024-02-07T14:35:39.008+0000] {processor.py:840} INFO - DAG(s) 'latest_only' retrieved from /home/airflow/.local/lib/python3.8/site-packages/airflow/example_dags/example_latest_only.py
[2024-02-07T14:35:39.029+0000] {logging_mixin.py:188} INFO - [2024-02-07T14:35:39.029+0000] {dag.py:3036} INFO - Sync 1 DAGs
[2024-02-07T14:35:39.050+0000] {logging_mixin.py:188} INFO - [2024-02-07T14:35:39.050+0000] {dag.py:3823} INFO - Setting next_dagrun for latest_only to 2024-02-07 08:00:00+00:00, run_after=2024-02-07 12:00:00+00:00
[2024-02-07T14:35:39.068+0000] {processor.py:183} INFO - Processing /home/airflow/.local/lib/python3.8/site-packages/airflow/example_dags/example_latest_only.py took 0.071 seconds
[2024-02-07T14:43:09.296+0000] {processor.py:161} INFO - Started process (PID=80) to work on /home/airflow/.local/lib/python3.8/site-packages/airflow/example_dags/example_latest_only.py
[2024-02-07T14:43:09.297+0000] {processor.py:830} INFO - Processing file /home/airflow/.local/lib/python3.8/site-packages/airflow/example_dags/example_latest_only.py for tasks to queue
[2024-02-07T14:43:09.299+0000] {logging_mixin.py:188} INFO - [2024-02-07T14:43:09.298+0000] {dagbag.py:538} INFO - Filling up the DagBag from /home/airflow/.local/lib/python3.8/site-packages/airflow/example_dags/example_latest_only.py
[2024-02-07T14:43:09.304+0000] {processor.py:840} INFO - DAG(s) 'latest_only' retrieved from /home/airflow/.local/lib/python3.8/site-packages/airflow/example_dags/example_latest_only.py
[2024-02-07T14:43:09.316+0000] {logging_mixin.py:188} INFO - [2024-02-07T14:43:09.316+0000] {dag.py:3036} INFO - Sync 1 DAGs
[2024-02-07T14:43:09.341+0000] {logging_mixin.py:188} INFO - [2024-02-07T14:43:09.341+0000] {dag.py:3823} INFO - Setting next_dagrun for latest_only to 2024-02-07 08:00:00+00:00, run_after=2024-02-07 12:00:00+00:00
[2024-02-07T14:43:09.367+0000] {processor.py:183} INFO - Processing /home/airflow/.local/lib/python3.8/site-packages/airflow/example_dags/example_latest_only.py took 0.073 seconds
[2024-02-07T14:43:41.031+0000] {processor.py:161} INFO - Started process (PID=137) to work on /home/airflow/.local/lib/python3.8/site-packages/airflow/example_dags/example_latest_only.py
[2024-02-07T14:43:41.032+0000] {processor.py:830} INFO - Processing file /home/airflow/.local/lib/python3.8/site-packages/airflow/example_dags/example_latest_only.py for tasks to queue
[2024-02-07T14:43:41.033+0000] {logging_mixin.py:188} INFO - [2024-02-07T14:43:41.033+0000] {dagbag.py:538} INFO - Filling up the DagBag from /home/airflow/.local/lib/python3.8/site-packages/airflow/example_dags/example_latest_only.py
[2024-02-07T14:43:41.038+0000] {processor.py:840} INFO - DAG(s) 'latest_only' retrieved from /home/airflow/.local/lib/python3.8/site-packages/airflow/example_dags/example_latest_only.py
[2024-02-07T14:43:41.147+0000] {logging_mixin.py:188} INFO - [2024-02-07T14:43:41.147+0000] {dag.py:3036} INFO - Sync 1 DAGs
[2024-02-07T14:43:41.169+0000] {logging_mixin.py:188} INFO - [2024-02-07T14:43:41.168+0000] {dag.py:3823} INFO - Setting next_dagrun for latest_only to 2024-02-07 08:00:00+00:00, run_after=2024-02-07 12:00:00+00:00
[2024-02-07T14:43:41.190+0000] {processor.py:183} INFO - Processing /home/airflow/.local/lib/python3.8/site-packages/airflow/example_dags/example_latest_only.py took 0.162 seconds
[2024-02-07T14:44:11.515+0000] {processor.py:161} INFO - Started process (PID=194) to work on /home/airflow/.local/lib/python3.8/site-packages/airflow/example_dags/example_latest_only.py
[2024-02-07T14:44:11.516+0000] {processor.py:830} INFO - Processing file /home/airflow/.local/lib/python3.8/site-packages/airflow/example_dags/example_latest_only.py for tasks to queue
[2024-02-07T14:44:11.518+0000] {logging_mixin.py:188} INFO - [2024-02-07T14:44:11.518+0000] {dagbag.py:538} INFO - Filling up the DagBag from /home/airflow/.local/lib/python3.8/site-packages/airflow/example_dags/example_latest_only.py
[2024-02-07T14:44:11.524+0000] {processor.py:840} INFO - DAG(s) 'latest_only' retrieved from /home/airflow/.local/lib/python3.8/site-packages/airflow/example_dags/example_latest_only.py
[2024-02-07T14:44:11.548+0000] {logging_mixin.py:188} INFO - [2024-02-07T14:44:11.548+0000] {dag.py:3036} INFO - Sync 1 DAGs
[2024-02-07T14:44:11.581+0000] {logging_mixin.py:188} INFO - [2024-02-07T14:44:11.581+0000] {dag.py:3823} INFO - Setting next_dagrun for latest_only to 2024-02-07 08:00:00+00:00, run_after=2024-02-07 12:00:00+00:00
[2024-02-07T14:44:11.603+0000] {processor.py:183} INFO - Processing /home/airflow/.local/lib/python3.8/site-packages/airflow/example_dags/example_latest_only.py took 0.091 seconds
[2024-02-07T14:44:42.461+0000] {processor.py:161} INFO - Started process (PID=251) to work on /home/airflow/.local/lib/python3.8/site-packages/airflow/example_dags/example_latest_only.py
[2024-02-07T14:44:42.462+0000] {processor.py:830} INFO - Processing file /home/airflow/.local/lib/python3.8/site-packages/airflow/example_dags/example_latest_only.py for tasks to queue
[2024-02-07T14:44:42.463+0000] {logging_mixin.py:188} INFO - [2024-02-07T14:44:42.463+0000] {dagbag.py:538} INFO - Filling up the DagBag from /home/airflow/.local/lib/python3.8/site-packages/airflow/example_dags/example_latest_only.py
[2024-02-07T14:44:42.468+0000] {processor.py:840} INFO - DAG(s) 'latest_only' retrieved from /home/airflow/.local/lib/python3.8/site-packages/airflow/example_dags/example_latest_only.py
[2024-02-07T14:44:42.489+0000] {logging_mixin.py:188} INFO - [2024-02-07T14:44:42.488+0000] {dag.py:3036} INFO - Sync 1 DAGs
[2024-02-07T14:44:42.510+0000] {logging_mixin.py:188} INFO - [2024-02-07T14:44:42.510+0000] {dag.py:3823} INFO - Setting next_dagrun for latest_only to 2024-02-07 08:00:00+00:00, run_after=2024-02-07 12:00:00+00:00
[2024-02-07T14:44:42.528+0000] {processor.py:183} INFO - Processing /home/airflow/.local/lib/python3.8/site-packages/airflow/example_dags/example_latest_only.py took 0.070 seconds
[2024-02-07T14:45:13.093+0000] {processor.py:161} INFO - Started process (PID=308) to work on /home/airflow/.local/lib/python3.8/site-packages/airflow/example_dags/example_latest_only.py
[2024-02-07T14:45:13.094+0000] {processor.py:830} INFO - Processing file /home/airflow/.local/lib/python3.8/site-packages/airflow/example_dags/example_latest_only.py for tasks to queue
[2024-02-07T14:45:13.096+0000] {logging_mixin.py:188} INFO - [2024-02-07T14:45:13.095+0000] {dagbag.py:538} INFO - Filling up the DagBag from /home/airflow/.local/lib/python3.8/site-packages/airflow/example_dags/example_latest_only.py
[2024-02-07T14:45:13.102+0000] {processor.py:840} INFO - DAG(s) 'latest_only' retrieved from /home/airflow/.local/lib/python3.8/site-packages/airflow/example_dags/example_latest_only.py
[2024-02-07T14:45:13.121+0000] {logging_mixin.py:188} INFO - [2024-02-07T14:45:13.121+0000] {dag.py:3036} INFO - Sync 1 DAGs
[2024-02-07T14:45:13.147+0000] {logging_mixin.py:188} INFO - [2024-02-07T14:45:13.147+0000] {dag.py:3823} INFO - Setting next_dagrun for latest_only to 2024-02-07 08:00:00+00:00, run_after=2024-02-07 12:00:00+00:00
[2024-02-07T14:45:13.165+0000] {processor.py:183} INFO - Processing /home/airflow/.local/lib/python3.8/site-packages/airflow/example_dags/example_latest_only.py took 0.075 seconds
[2024-02-07T14:45:43.928+0000] {processor.py:161} INFO - Started process (PID=365) to work on /home/airflow/.local/lib/python3.8/site-packages/airflow/example_dags/example_latest_only.py
[2024-02-07T14:45:43.930+0000] {processor.py:830} INFO - Processing file /home/airflow/.local/lib/python3.8/site-packages/airflow/example_dags/example_latest_only.py for tasks to queue
[2024-02-07T14:45:43.932+0000] {logging_mixin.py:188} INFO - [2024-02-07T14:45:43.932+0000] {dagbag.py:538} INFO - Filling up the DagBag from /home/airflow/.local/lib/python3.8/site-packages/airflow/example_dags/example_latest_only.py
[2024-02-07T14:45:43.939+0000] {processor.py:840} INFO - DAG(s) 'latest_only' retrieved from /home/airflow/.local/lib/python3.8/site-packages/airflow/example_dags/example_latest_only.py
[2024-02-07T14:45:43.965+0000] {logging_mixin.py:188} INFO - [2024-02-07T14:45:43.965+0000] {dag.py:3036} INFO - Sync 1 DAGs
[2024-02-07T14:45:43.998+0000] {logging_mixin.py:188} INFO - [2024-02-07T14:45:43.998+0000] {dag.py:3823} INFO - Setting next_dagrun for latest_only to 2024-02-07 08:00:00+00:00, run_after=2024-02-07 12:00:00+00:00
[2024-02-07T14:45:44.021+0000] {processor.py:183} INFO - Processing /home/airflow/.local/lib/python3.8/site-packages/airflow/example_dags/example_latest_only.py took 0.096 seconds
[2024-02-07T14:46:14.133+0000] {processor.py:161} INFO - Started process (PID=422) to work on /home/airflow/.local/lib/python3.8/site-packages/airflow/example_dags/example_latest_only.py
[2024-02-07T14:46:14.134+0000] {processor.py:830} INFO - Processing file /home/airflow/.local/lib/python3.8/site-packages/airflow/example_dags/example_latest_only.py for tasks to queue
[2024-02-07T14:46:14.136+0000] {logging_mixin.py:188} INFO - [2024-02-07T14:46:14.135+0000] {dagbag.py:538} INFO - Filling up the DagBag from /home/airflow/.local/lib/python3.8/site-packages/airflow/example_dags/example_latest_only.py
[2024-02-07T14:46:14.140+0000] {processor.py:840} INFO - DAG(s) 'latest_only' retrieved from /home/airflow/.local/lib/python3.8/site-packages/airflow/example_dags/example_latest_only.py
[2024-02-07T14:46:14.159+0000] {logging_mixin.py:188} INFO - [2024-02-07T14:46:14.158+0000] {dag.py:3036} INFO - Sync 1 DAGs
[2024-02-07T14:46:14.180+0000] {logging_mixin.py:188} INFO - [2024-02-07T14:46:14.180+0000] {dag.py:3823} INFO - Setting next_dagrun for latest_only to 2024-02-07 08:00:00+00:00, run_after=2024-02-07 12:00:00+00:00
[2024-02-07T14:46:14.198+0000] {processor.py:183} INFO - Processing /home/airflow/.local/lib/python3.8/site-packages/airflow/example_dags/example_latest_only.py took 0.068 seconds
[2024-02-07T14:46:44.932+0000] {processor.py:161} INFO - Started process (PID=479) to work on /home/airflow/.local/lib/python3.8/site-packages/airflow/example_dags/example_latest_only.py
[2024-02-07T14:46:44.933+0000] {processor.py:830} INFO - Processing file /home/airflow/.local/lib/python3.8/site-packages/airflow/example_dags/example_latest_only.py for tasks to queue
[2024-02-07T14:46:44.935+0000] {logging_mixin.py:188} INFO - [2024-02-07T14:46:44.934+0000] {dagbag.py:538} INFO - Filling up the DagBag from /home/airflow/.local/lib/python3.8/site-packages/airflow/example_dags/example_latest_only.py
[2024-02-07T14:46:44.939+0000] {processor.py:840} INFO - DAG(s) 'latest_only' retrieved from /home/airflow/.local/lib/python3.8/site-packages/airflow/example_dags/example_latest_only.py
[2024-02-07T14:46:44.965+0000] {logging_mixin.py:188} INFO - [2024-02-07T14:46:44.964+0000] {dag.py:3036} INFO - Sync 1 DAGs
[2024-02-07T14:46:44.986+0000] {logging_mixin.py:188} INFO - [2024-02-07T14:46:44.985+0000] {dag.py:3823} INFO - Setting next_dagrun for latest_only to 2024-02-07 08:00:00+00:00, run_after=2024-02-07 12:00:00+00:00
[2024-02-07T14:46:45.013+0000] {processor.py:183} INFO - Processing /home/airflow/.local/lib/python3.8/site-packages/airflow/example_dags/example_latest_only.py took 0.084 seconds
[2024-02-07T14:47:15.510+0000] {processor.py:161} INFO - Started process (PID=536) to work on /home/airflow/.local/lib/python3.8/site-packages/airflow/example_dags/example_latest_only.py
[2024-02-07T14:47:15.511+0000] {processor.py:830} INFO - Processing file /home/airflow/.local/lib/python3.8/site-packages/airflow/example_dags/example_latest_only.py for tasks to queue
[2024-02-07T14:47:15.512+0000] {logging_mixin.py:188} INFO - [2024-02-07T14:47:15.512+0000] {dagbag.py:538} INFO - Filling up the DagBag from /home/airflow/.local/lib/python3.8/site-packages/airflow/example_dags/example_latest_only.py
[2024-02-07T14:47:15.517+0000] {processor.py:840} INFO - DAG(s) 'latest_only' retrieved from /home/airflow/.local/lib/python3.8/site-packages/airflow/example_dags/example_latest_only.py
[2024-02-07T14:47:15.536+0000] {logging_mixin.py:188} INFO - [2024-02-07T14:47:15.536+0000] {dag.py:3036} INFO - Sync 1 DAGs
[2024-02-07T14:47:15.557+0000] {logging_mixin.py:188} INFO - [2024-02-07T14:47:15.557+0000] {dag.py:3823} INFO - Setting next_dagrun for latest_only to 2024-02-07 08:00:00+00:00, run_after=2024-02-07 12:00:00+00:00
[2024-02-07T14:47:15.575+0000] {processor.py:183} INFO - Processing /home/airflow/.local/lib/python3.8/site-packages/airflow/example_dags/example_latest_only.py took 0.068 seconds
[2024-02-07T14:47:46.543+0000] {processor.py:161} INFO - Started process (PID=593) to work on /home/airflow/.local/lib/python3.8/site-packages/airflow/example_dags/example_latest_only.py
[2024-02-07T14:47:46.544+0000] {processor.py:830} INFO - Processing file /home/airflow/.local/lib/python3.8/site-packages/airflow/example_dags/example_latest_only.py for tasks to queue
[2024-02-07T14:47:46.546+0000] {logging_mixin.py:188} INFO - [2024-02-07T14:47:46.546+0000] {dagbag.py:538} INFO - Filling up the DagBag from /home/airflow/.local/lib/python3.8/site-packages/airflow/example_dags/example_latest_only.py
[2024-02-07T14:47:46.550+0000] {processor.py:840} INFO - DAG(s) 'latest_only' retrieved from /home/airflow/.local/lib/python3.8/site-packages/airflow/example_dags/example_latest_only.py
[2024-02-07T14:47:46.574+0000] {logging_mixin.py:188} INFO - [2024-02-07T14:47:46.574+0000] {dag.py:3036} INFO - Sync 1 DAGs
[2024-02-07T14:47:46.597+0000] {logging_mixin.py:188} INFO - [2024-02-07T14:47:46.597+0000] {dag.py:3823} INFO - Setting next_dagrun for latest_only to 2024-02-07 08:00:00+00:00, run_after=2024-02-07 12:00:00+00:00
[2024-02-07T14:47:46.616+0000] {processor.py:183} INFO - Processing /home/airflow/.local/lib/python3.8/site-packages/airflow/example_dags/example_latest_only.py took 0.076 seconds
[2024-02-07T14:48:16.895+0000] {processor.py:161} INFO - Started process (PID=650) to work on /home/airflow/.local/lib/python3.8/site-packages/airflow/example_dags/example_latest_only.py
[2024-02-07T14:48:16.895+0000] {processor.py:830} INFO - Processing file /home/airflow/.local/lib/python3.8/site-packages/airflow/example_dags/example_latest_only.py for tasks to queue
[2024-02-07T14:48:16.897+0000] {logging_mixin.py:188} INFO - [2024-02-07T14:48:16.897+0000] {dagbag.py:538} INFO - Filling up the DagBag from /home/airflow/.local/lib/python3.8/site-packages/airflow/example_dags/example_latest_only.py
[2024-02-07T14:48:16.902+0000] {processor.py:840} INFO - DAG(s) 'latest_only' retrieved from /home/airflow/.local/lib/python3.8/site-packages/airflow/example_dags/example_latest_only.py
[2024-02-07T14:48:16.924+0000] {logging_mixin.py:188} INFO - [2024-02-07T14:48:16.924+0000] {dag.py:3036} INFO - Sync 1 DAGs
[2024-02-07T14:48:16.951+0000] {logging_mixin.py:188} INFO - [2024-02-07T14:48:16.950+0000] {dag.py:3823} INFO - Setting next_dagrun for latest_only to 2024-02-07 08:00:00+00:00, run_after=2024-02-07 12:00:00+00:00
[2024-02-07T14:48:16.968+0000] {processor.py:183} INFO - Processing /home/airflow/.local/lib/python3.8/site-packages/airflow/example_dags/example_latest_only.py took 0.077 seconds
[2024-02-07T14:48:47.096+0000] {processor.py:161} INFO - Started process (PID=706) to work on /home/airflow/.local/lib/python3.8/site-packages/airflow/example_dags/example_latest_only.py
[2024-02-07T14:48:47.097+0000] {processor.py:830} INFO - Processing file /home/airflow/.local/lib/python3.8/site-packages/airflow/example_dags/example_latest_only.py for tasks to queue
[2024-02-07T14:48:47.098+0000] {logging_mixin.py:188} INFO - [2024-02-07T14:48:47.098+0000] {dagbag.py:538} INFO - Filling up the DagBag from /home/airflow/.local/lib/python3.8/site-packages/airflow/example_dags/example_latest_only.py
[2024-02-07T14:48:47.103+0000] {processor.py:840} INFO - DAG(s) 'latest_only' retrieved from /home/airflow/.local/lib/python3.8/site-packages/airflow/example_dags/example_latest_only.py
[2024-02-07T14:48:47.126+0000] {logging_mixin.py:188} INFO - [2024-02-07T14:48:47.126+0000] {dag.py:3036} INFO - Sync 1 DAGs
[2024-02-07T14:48:47.147+0000] {logging_mixin.py:188} INFO - [2024-02-07T14:48:47.146+0000] {dag.py:3823} INFO - Setting next_dagrun for latest_only to 2024-02-07 08:00:00+00:00, run_after=2024-02-07 12:00:00+00:00
[2024-02-07T14:48:47.164+0000] {processor.py:183} INFO - Processing /home/airflow/.local/lib/python3.8/site-packages/airflow/example_dags/example_latest_only.py took 0.072 seconds
[2024-02-07T14:49:17.361+0000] {processor.py:161} INFO - Started process (PID=762) to work on /home/airflow/.local/lib/python3.8/site-packages/airflow/example_dags/example_latest_only.py
[2024-02-07T14:49:17.362+0000] {processor.py:830} INFO - Processing file /home/airflow/.local/lib/python3.8/site-packages/airflow/example_dags/example_latest_only.py for tasks to queue
[2024-02-07T14:49:17.363+0000] {logging_mixin.py:188} INFO - [2024-02-07T14:49:17.363+0000] {dagbag.py:538} INFO - Filling up the DagBag from /home/airflow/.local/lib/python3.8/site-packages/airflow/example_dags/example_latest_only.py
[2024-02-07T14:49:17.368+0000] {processor.py:840} INFO - DAG(s) 'latest_only' retrieved from /home/airflow/.local/lib/python3.8/site-packages/airflow/example_dags/example_latest_only.py
[2024-02-07T14:49:17.392+0000] {logging_mixin.py:188} INFO - [2024-02-07T14:49:17.392+0000] {dag.py:3036} INFO - Sync 1 DAGs
[2024-02-07T14:49:17.417+0000] {logging_mixin.py:188} INFO - [2024-02-07T14:49:17.417+0000] {dag.py:3823} INFO - Setting next_dagrun for latest_only to 2024-02-07 08:00:00+00:00, run_after=2024-02-07 12:00:00+00:00
[2024-02-07T14:49:17.436+0000] {processor.py:183} INFO - Processing /home/airflow/.local/lib/python3.8/site-packages/airflow/example_dags/example_latest_only.py took 0.078 seconds
[2024-02-07T14:49:47.992+0000] {processor.py:161} INFO - Started process (PID=820) to work on /home/airflow/.local/lib/python3.8/site-packages/airflow/example_dags/example_latest_only.py
[2024-02-07T14:49:47.993+0000] {processor.py:830} INFO - Processing file /home/airflow/.local/lib/python3.8/site-packages/airflow/example_dags/example_latest_only.py for tasks to queue
[2024-02-07T14:49:47.995+0000] {logging_mixin.py:188} INFO - [2024-02-07T14:49:47.994+0000] {dagbag.py:538} INFO - Filling up the DagBag from /home/airflow/.local/lib/python3.8/site-packages/airflow/example_dags/example_latest_only.py
[2024-02-07T14:49:48.000+0000] {processor.py:840} INFO - DAG(s) 'latest_only' retrieved from /home/airflow/.local/lib/python3.8/site-packages/airflow/example_dags/example_latest_only.py
[2024-02-07T14:49:48.020+0000] {logging_mixin.py:188} INFO - [2024-02-07T14:49:48.019+0000] {dag.py:3036} INFO - Sync 1 DAGs
[2024-02-07T14:49:48.042+0000] {logging_mixin.py:188} INFO - [2024-02-07T14:49:48.042+0000] {dag.py:3823} INFO - Setting next_dagrun for latest_only to 2024-02-07 08:00:00+00:00, run_after=2024-02-07 12:00:00+00:00
[2024-02-07T14:49:48.059+0000] {processor.py:183} INFO - Processing /home/airflow/.local/lib/python3.8/site-packages/airflow/example_dags/example_latest_only.py took 0.071 seconds
[2024-02-07T14:50:18.668+0000] {processor.py:161} INFO - Started process (PID=876) to work on /home/airflow/.local/lib/python3.8/site-packages/airflow/example_dags/example_latest_only.py
[2024-02-07T14:50:18.669+0000] {processor.py:830} INFO - Processing file /home/airflow/.local/lib/python3.8/site-packages/airflow/example_dags/example_latest_only.py for tasks to queue
[2024-02-07T14:50:18.671+0000] {logging_mixin.py:188} INFO - [2024-02-07T14:50:18.671+0000] {dagbag.py:538} INFO - Filling up the DagBag from /home/airflow/.local/lib/python3.8/site-packages/airflow/example_dags/example_latest_only.py
[2024-02-07T14:50:18.676+0000] {processor.py:840} INFO - DAG(s) 'latest_only' retrieved from /home/airflow/.local/lib/python3.8/site-packages/airflow/example_dags/example_latest_only.py
[2024-02-07T14:50:18.696+0000] {logging_mixin.py:188} INFO - [2024-02-07T14:50:18.696+0000] {dag.py:3036} INFO - Sync 1 DAGs
[2024-02-07T14:50:18.721+0000] {logging_mixin.py:188} INFO - [2024-02-07T14:50:18.721+0000] {dag.py:3823} INFO - Setting next_dagrun for latest_only to 2024-02-07 08:00:00+00:00, run_after=2024-02-07 12:00:00+00:00
[2024-02-07T14:50:18.741+0000] {processor.py:183} INFO - Processing /home/airflow/.local/lib/python3.8/site-packages/airflow/example_dags/example_latest_only.py took 0.076 seconds
[2024-02-07T14:50:49.389+0000] {processor.py:161} INFO - Started process (PID=933) to work on /home/airflow/.local/lib/python3.8/site-packages/airflow/example_dags/example_latest_only.py
[2024-02-07T14:50:49.390+0000] {processor.py:830} INFO - Processing file /home/airflow/.local/lib/python3.8/site-packages/airflow/example_dags/example_latest_only.py for tasks to queue
[2024-02-07T14:50:49.392+0000] {logging_mixin.py:188} INFO - [2024-02-07T14:50:49.392+0000] {dagbag.py:538} INFO - Filling up the DagBag from /home/airflow/.local/lib/python3.8/site-packages/airflow/example_dags/example_latest_only.py
[2024-02-07T14:50:49.397+0000] {processor.py:840} INFO - DAG(s) 'latest_only' retrieved from /home/airflow/.local/lib/python3.8/site-packages/airflow/example_dags/example_latest_only.py
[2024-02-07T14:50:49.418+0000] {logging_mixin.py:188} INFO - [2024-02-07T14:50:49.418+0000] {dag.py:3036} INFO - Sync 1 DAGs
[2024-02-07T14:50:49.440+0000] {logging_mixin.py:188} INFO - [2024-02-07T14:50:49.440+0000] {dag.py:3823} INFO - Setting next_dagrun for latest_only to 2024-02-07 08:00:00+00:00, run_after=2024-02-07 12:00:00+00:00
[2024-02-07T14:50:49.459+0000] {processor.py:183} INFO - Processing /home/airflow/.local/lib/python3.8/site-packages/airflow/example_dags/example_latest_only.py took 0.073 seconds
[2024-02-07T14:51:20.256+0000] {processor.py:161} INFO - Started process (PID=991) to work on /home/airflow/.local/lib/python3.8/site-packages/airflow/example_dags/example_latest_only.py
[2024-02-07T14:51:20.257+0000] {processor.py:830} INFO - Processing file /home/airflow/.local/lib/python3.8/site-packages/airflow/example_dags/example_latest_only.py for tasks to queue
[2024-02-07T14:51:20.259+0000] {logging_mixin.py:188} INFO - [2024-02-07T14:51:20.258+0000] {dagbag.py:538} INFO - Filling up the DagBag from /home/airflow/.local/lib/python3.8/site-packages/airflow/example_dags/example_latest_only.py
[2024-02-07T14:51:20.263+0000] {processor.py:840} INFO - DAG(s) 'latest_only' retrieved from /home/airflow/.local/lib/python3.8/site-packages/airflow/example_dags/example_latest_only.py
[2024-02-07T14:51:20.283+0000] {logging_mixin.py:188} INFO - [2024-02-07T14:51:20.282+0000] {dag.py:3036} INFO - Sync 1 DAGs
[2024-02-07T14:51:20.306+0000] {logging_mixin.py:188} INFO - [2024-02-07T14:51:20.306+0000] {dag.py:3823} INFO - Setting next_dagrun for latest_only to 2024-02-07 08:00:00+00:00, run_after=2024-02-07 12:00:00+00:00
[2024-02-07T14:51:20.325+0000] {processor.py:183} INFO - Processing /home/airflow/.local/lib/python3.8/site-packages/airflow/example_dags/example_latest_only.py took 0.072 seconds
[2024-02-07T14:51:50.501+0000] {processor.py:161} INFO - Started process (PID=1048) to work on /home/airflow/.local/lib/python3.8/site-packages/airflow/example_dags/example_latest_only.py
[2024-02-07T14:51:50.501+0000] {processor.py:830} INFO - Processing file /home/airflow/.local/lib/python3.8/site-packages/airflow/example_dags/example_latest_only.py for tasks to queue
[2024-02-07T14:51:50.503+0000] {logging_mixin.py:188} INFO - [2024-02-07T14:51:50.503+0000] {dagbag.py:538} INFO - Filling up the DagBag from /home/airflow/.local/lib/python3.8/site-packages/airflow/example_dags/example_latest_only.py
[2024-02-07T14:51:50.508+0000] {processor.py:840} INFO - DAG(s) 'latest_only' retrieved from /home/airflow/.local/lib/python3.8/site-packages/airflow/example_dags/example_latest_only.py
[2024-02-07T14:51:50.527+0000] {logging_mixin.py:188} INFO - [2024-02-07T14:51:50.527+0000] {dag.py:3036} INFO - Sync 1 DAGs
[2024-02-07T14:51:50.549+0000] {logging_mixin.py:188} INFO - [2024-02-07T14:51:50.549+0000] {dag.py:3823} INFO - Setting next_dagrun for latest_only to 2024-02-07 08:00:00+00:00, run_after=2024-02-07 12:00:00+00:00
[2024-02-07T14:51:50.572+0000] {processor.py:183} INFO - Processing /home/airflow/.local/lib/python3.8/site-packages/airflow/example_dags/example_latest_only.py took 0.074 seconds
[2024-02-07T14:52:20.755+0000] {processor.py:161} INFO - Started process (PID=1106) to work on /home/airflow/.local/lib/python3.8/site-packages/airflow/example_dags/example_latest_only.py
[2024-02-07T14:52:20.756+0000] {processor.py:830} INFO - Processing file /home/airflow/.local/lib/python3.8/site-packages/airflow/example_dags/example_latest_only.py for tasks to queue
[2024-02-07T14:52:20.758+0000] {logging_mixin.py:188} INFO - [2024-02-07T14:52:20.758+0000] {dagbag.py:538} INFO - Filling up the DagBag from /home/airflow/.local/lib/python3.8/site-packages/airflow/example_dags/example_latest_only.py
[2024-02-07T14:52:20.762+0000] {processor.py:840} INFO - DAG(s) 'latest_only' retrieved from /home/airflow/.local/lib/python3.8/site-packages/airflow/example_dags/example_latest_only.py
[2024-02-07T14:52:20.782+0000] {logging_mixin.py:188} INFO - [2024-02-07T14:52:20.781+0000] {dag.py:3036} INFO - Sync 1 DAGs
[2024-02-07T14:52:20.803+0000] {logging_mixin.py:188} INFO - [2024-02-07T14:52:20.803+0000] {dag.py:3823} INFO - Setting next_dagrun for latest_only to 2024-02-07 08:00:00+00:00, run_after=2024-02-07 12:00:00+00:00
[2024-02-07T14:52:20.823+0000] {processor.py:183} INFO - Processing /home/airflow/.local/lib/python3.8/site-packages/airflow/example_dags/example_latest_only.py took 0.071 seconds
[2024-02-07T14:53:50.403+0000] {processor.py:161} INFO - Started process (PID=79) to work on /home/airflow/.local/lib/python3.8/site-packages/airflow/example_dags/example_latest_only.py
[2024-02-07T14:53:50.404+0000] {processor.py:830} INFO - Processing file /home/airflow/.local/lib/python3.8/site-packages/airflow/example_dags/example_latest_only.py for tasks to queue
[2024-02-07T14:53:50.406+0000] {logging_mixin.py:188} INFO - [2024-02-07T14:53:50.405+0000] {dagbag.py:538} INFO - Filling up the DagBag from /home/airflow/.local/lib/python3.8/site-packages/airflow/example_dags/example_latest_only.py
[2024-02-07T14:53:50.411+0000] {processor.py:840} INFO - DAG(s) 'latest_only' retrieved from /home/airflow/.local/lib/python3.8/site-packages/airflow/example_dags/example_latest_only.py
[2024-02-07T14:53:50.424+0000] {logging_mixin.py:188} INFO - [2024-02-07T14:53:50.423+0000] {dag.py:3036} INFO - Sync 1 DAGs
[2024-02-07T14:53:50.455+0000] {logging_mixin.py:188} INFO - [2024-02-07T14:53:50.455+0000] {dag.py:3823} INFO - Setting next_dagrun for latest_only to 2024-02-07 08:00:00+00:00, run_after=2024-02-07 12:00:00+00:00
[2024-02-07T14:53:50.475+0000] {processor.py:183} INFO - Processing /home/airflow/.local/lib/python3.8/site-packages/airflow/example_dags/example_latest_only.py took 0.074 seconds
[2024-02-07T14:54:22.173+0000] {processor.py:161} INFO - Started process (PID=135) to work on /home/airflow/.local/lib/python3.8/site-packages/airflow/example_dags/example_latest_only.py
[2024-02-07T14:54:22.174+0000] {processor.py:830} INFO - Processing file /home/airflow/.local/lib/python3.8/site-packages/airflow/example_dags/example_latest_only.py for tasks to queue
[2024-02-07T14:54:22.177+0000] {logging_mixin.py:188} INFO - [2024-02-07T14:54:22.177+0000] {dagbag.py:538} INFO - Filling up the DagBag from /home/airflow/.local/lib/python3.8/site-packages/airflow/example_dags/example_latest_only.py
[2024-02-07T14:54:22.185+0000] {processor.py:840} INFO - DAG(s) 'latest_only' retrieved from /home/airflow/.local/lib/python3.8/site-packages/airflow/example_dags/example_latest_only.py
[2024-02-07T14:54:22.320+0000] {logging_mixin.py:188} INFO - [2024-02-07T14:54:22.320+0000] {dag.py:3036} INFO - Sync 1 DAGs
[2024-02-07T14:54:22.342+0000] {logging_mixin.py:188} INFO - [2024-02-07T14:54:22.342+0000] {dag.py:3823} INFO - Setting next_dagrun for latest_only to 2024-02-07 08:00:00+00:00, run_after=2024-02-07 12:00:00+00:00
[2024-02-07T14:54:22.362+0000] {processor.py:183} INFO - Processing /home/airflow/.local/lib/python3.8/site-packages/airflow/example_dags/example_latest_only.py took 0.195 seconds
[2024-02-07T14:54:52.737+0000] {processor.py:161} INFO - Started process (PID=192) to work on /home/airflow/.local/lib/python3.8/site-packages/airflow/example_dags/example_latest_only.py
[2024-02-07T14:54:52.737+0000] {processor.py:830} INFO - Processing file /home/airflow/.local/lib/python3.8/site-packages/airflow/example_dags/example_latest_only.py for tasks to queue
[2024-02-07T14:54:52.739+0000] {logging_mixin.py:188} INFO - [2024-02-07T14:54:52.739+0000] {dagbag.py:538} INFO - Filling up the DagBag from /home/airflow/.local/lib/python3.8/site-packages/airflow/example_dags/example_latest_only.py
[2024-02-07T14:54:52.744+0000] {processor.py:840} INFO - DAG(s) 'latest_only' retrieved from /home/airflow/.local/lib/python3.8/site-packages/airflow/example_dags/example_latest_only.py
[2024-02-07T14:54:52.764+0000] {logging_mixin.py:188} INFO - [2024-02-07T14:54:52.764+0000] {dag.py:3036} INFO - Sync 1 DAGs
[2024-02-07T14:54:52.787+0000] {logging_mixin.py:188} INFO - [2024-02-07T14:54:52.786+0000] {dag.py:3823} INFO - Setting next_dagrun for latest_only to 2024-02-07 08:00:00+00:00, run_after=2024-02-07 12:00:00+00:00
[2024-02-07T14:54:52.805+0000] {processor.py:183} INFO - Processing /home/airflow/.local/lib/python3.8/site-packages/airflow/example_dags/example_latest_only.py took 0.072 seconds
[2024-02-07T15:05:11.893+0000] {processor.py:161} INFO - Started process (PID=80) to work on /home/airflow/.local/lib/python3.8/site-packages/airflow/example_dags/example_latest_only.py
[2024-02-07T15:05:11.894+0000] {processor.py:830} INFO - Processing file /home/airflow/.local/lib/python3.8/site-packages/airflow/example_dags/example_latest_only.py for tasks to queue
[2024-02-07T15:05:11.895+0000] {logging_mixin.py:188} INFO - [2024-02-07T15:05:11.895+0000] {dagbag.py:538} INFO - Filling up the DagBag from /home/airflow/.local/lib/python3.8/site-packages/airflow/example_dags/example_latest_only.py
[2024-02-07T15:05:11.902+0000] {processor.py:840} INFO - DAG(s) 'latest_only' retrieved from /home/airflow/.local/lib/python3.8/site-packages/airflow/example_dags/example_latest_only.py
[2024-02-07T15:05:11.915+0000] {logging_mixin.py:188} INFO - [2024-02-07T15:05:11.915+0000] {dag.py:3036} INFO - Sync 1 DAGs
[2024-02-07T15:05:11.940+0000] {logging_mixin.py:188} INFO - [2024-02-07T15:05:11.940+0000] {dag.py:3823} INFO - Setting next_dagrun for latest_only to 2024-02-07 08:00:00+00:00, run_after=2024-02-07 12:00:00+00:00
[2024-02-07T15:05:11.959+0000] {processor.py:183} INFO - Processing /home/airflow/.local/lib/python3.8/site-packages/airflow/example_dags/example_latest_only.py took 0.070 seconds
[2024-02-07T15:05:45.558+0000] {processor.py:161} INFO - Started process (PID=137) to work on /home/airflow/.local/lib/python3.8/site-packages/airflow/example_dags/example_latest_only.py
[2024-02-07T15:05:45.559+0000] {processor.py:830} INFO - Processing file /home/airflow/.local/lib/python3.8/site-packages/airflow/example_dags/example_latest_only.py for tasks to queue
[2024-02-07T15:05:45.561+0000] {logging_mixin.py:188} INFO - [2024-02-07T15:05:45.561+0000] {dagbag.py:538} INFO - Filling up the DagBag from /home/airflow/.local/lib/python3.8/site-packages/airflow/example_dags/example_latest_only.py
[2024-02-07T15:05:45.567+0000] {processor.py:840} INFO - DAG(s) 'latest_only' retrieved from /home/airflow/.local/lib/python3.8/site-packages/airflow/example_dags/example_latest_only.py
[2024-02-07T15:05:45.709+0000] {logging_mixin.py:188} INFO - [2024-02-07T15:05:45.709+0000] {dag.py:3036} INFO - Sync 1 DAGs
[2024-02-07T15:05:45.736+0000] {logging_mixin.py:188} INFO - [2024-02-07T15:05:45.735+0000] {dag.py:3823} INFO - Setting next_dagrun for latest_only to 2024-02-07 08:00:00+00:00, run_after=2024-02-07 12:00:00+00:00
[2024-02-07T15:05:45.761+0000] {processor.py:183} INFO - Processing /home/airflow/.local/lib/python3.8/site-packages/airflow/example_dags/example_latest_only.py took 0.207 seconds
[2024-02-07T15:07:18.801+0000] {processor.py:161} INFO - Started process (PID=80) to work on /home/airflow/.local/lib/python3.8/site-packages/airflow/example_dags/example_latest_only.py
[2024-02-07T15:07:18.802+0000] {processor.py:830} INFO - Processing file /home/airflow/.local/lib/python3.8/site-packages/airflow/example_dags/example_latest_only.py for tasks to queue
[2024-02-07T15:07:18.804+0000] {logging_mixin.py:188} INFO - [2024-02-07T15:07:18.803+0000] {dagbag.py:538} INFO - Filling up the DagBag from /home/airflow/.local/lib/python3.8/site-packages/airflow/example_dags/example_latest_only.py
[2024-02-07T15:07:18.810+0000] {processor.py:840} INFO - DAG(s) 'latest_only' retrieved from /home/airflow/.local/lib/python3.8/site-packages/airflow/example_dags/example_latest_only.py
[2024-02-07T15:07:18.822+0000] {logging_mixin.py:188} INFO - [2024-02-07T15:07:18.822+0000] {dag.py:3036} INFO - Sync 1 DAGs
[2024-02-07T15:07:18.848+0000] {logging_mixin.py:188} INFO - [2024-02-07T15:07:18.848+0000] {dag.py:3823} INFO - Setting next_dagrun for latest_only to 2024-02-07 08:00:00+00:00, run_after=2024-02-07 12:00:00+00:00
[2024-02-07T15:07:18.870+0000] {processor.py:183} INFO - Processing /home/airflow/.local/lib/python3.8/site-packages/airflow/example_dags/example_latest_only.py took 0.072 seconds
[2024-02-07T15:07:51.079+0000] {processor.py:161} INFO - Started process (PID=137) to work on /home/airflow/.local/lib/python3.8/site-packages/airflow/example_dags/example_latest_only.py
[2024-02-07T15:07:51.080+0000] {processor.py:830} INFO - Processing file /home/airflow/.local/lib/python3.8/site-packages/airflow/example_dags/example_latest_only.py for tasks to queue
[2024-02-07T15:07:51.082+0000] {logging_mixin.py:188} INFO - [2024-02-07T15:07:51.082+0000] {dagbag.py:538} INFO - Filling up the DagBag from /home/airflow/.local/lib/python3.8/site-packages/airflow/example_dags/example_latest_only.py
[2024-02-07T15:07:51.087+0000] {processor.py:840} INFO - DAG(s) 'latest_only' retrieved from /home/airflow/.local/lib/python3.8/site-packages/airflow/example_dags/example_latest_only.py
[2024-02-07T15:07:51.191+0000] {logging_mixin.py:188} INFO - [2024-02-07T15:07:51.191+0000] {dag.py:3036} INFO - Sync 1 DAGs
[2024-02-07T15:07:51.214+0000] {logging_mixin.py:188} INFO - [2024-02-07T15:07:51.214+0000] {dag.py:3823} INFO - Setting next_dagrun for latest_only to 2024-02-07 08:00:00+00:00, run_after=2024-02-07 12:00:00+00:00
[2024-02-07T15:07:51.237+0000] {processor.py:183} INFO - Processing /home/airflow/.local/lib/python3.8/site-packages/airflow/example_dags/example_latest_only.py took 0.161 seconds
[2024-02-07T15:08:21.455+0000] {processor.py:161} INFO - Started process (PID=194) to work on /home/airflow/.local/lib/python3.8/site-packages/airflow/example_dags/example_latest_only.py
[2024-02-07T15:08:21.456+0000] {processor.py:830} INFO - Processing file /home/airflow/.local/lib/python3.8/site-packages/airflow/example_dags/example_latest_only.py for tasks to queue
[2024-02-07T15:08:21.458+0000] {logging_mixin.py:188} INFO - [2024-02-07T15:08:21.457+0000] {dagbag.py:538} INFO - Filling up the DagBag from /home/airflow/.local/lib/python3.8/site-packages/airflow/example_dags/example_latest_only.py
[2024-02-07T15:08:21.462+0000] {processor.py:840} INFO - DAG(s) 'latest_only' retrieved from /home/airflow/.local/lib/python3.8/site-packages/airflow/example_dags/example_latest_only.py
[2024-02-07T15:08:21.485+0000] {logging_mixin.py:188} INFO - [2024-02-07T15:08:21.485+0000] {dag.py:3036} INFO - Sync 1 DAGs
[2024-02-07T15:08:21.507+0000] {logging_mixin.py:188} INFO - [2024-02-07T15:08:21.507+0000] {dag.py:3823} INFO - Setting next_dagrun for latest_only to 2024-02-07 08:00:00+00:00, run_after=2024-02-07 12:00:00+00:00
[2024-02-07T15:08:21.528+0000] {processor.py:183} INFO - Processing /home/airflow/.local/lib/python3.8/site-packages/airflow/example_dags/example_latest_only.py took 0.076 seconds
[2024-02-07T15:08:52.274+0000] {processor.py:161} INFO - Started process (PID=251) to work on /home/airflow/.local/lib/python3.8/site-packages/airflow/example_dags/example_latest_only.py
[2024-02-07T15:08:52.275+0000] {processor.py:830} INFO - Processing file /home/airflow/.local/lib/python3.8/site-packages/airflow/example_dags/example_latest_only.py for tasks to queue
[2024-02-07T15:08:52.278+0000] {logging_mixin.py:188} INFO - [2024-02-07T15:08:52.277+0000] {dagbag.py:538} INFO - Filling up the DagBag from /home/airflow/.local/lib/python3.8/site-packages/airflow/example_dags/example_latest_only.py
[2024-02-07T15:08:52.283+0000] {processor.py:840} INFO - DAG(s) 'latest_only' retrieved from /home/airflow/.local/lib/python3.8/site-packages/airflow/example_dags/example_latest_only.py
[2024-02-07T15:08:52.308+0000] {logging_mixin.py:188} INFO - [2024-02-07T15:08:52.308+0000] {dag.py:3036} INFO - Sync 1 DAGs
[2024-02-07T15:08:52.333+0000] {logging_mixin.py:188} INFO - [2024-02-07T15:08:52.333+0000] {dag.py:3823} INFO - Setting next_dagrun for latest_only to 2024-02-07 08:00:00+00:00, run_after=2024-02-07 12:00:00+00:00
[2024-02-07T15:08:52.356+0000] {processor.py:183} INFO - Processing /home/airflow/.local/lib/python3.8/site-packages/airflow/example_dags/example_latest_only.py took 0.085 seconds
[2024-02-07T15:09:22.858+0000] {processor.py:161} INFO - Started process (PID=308) to work on /home/airflow/.local/lib/python3.8/site-packages/airflow/example_dags/example_latest_only.py
[2024-02-07T15:09:22.859+0000] {processor.py:830} INFO - Processing file /home/airflow/.local/lib/python3.8/site-packages/airflow/example_dags/example_latest_only.py for tasks to queue
[2024-02-07T15:09:22.860+0000] {logging_mixin.py:188} INFO - [2024-02-07T15:09:22.860+0000] {dagbag.py:538} INFO - Filling up the DagBag from /home/airflow/.local/lib/python3.8/site-packages/airflow/example_dags/example_latest_only.py
[2024-02-07T15:09:22.867+0000] {processor.py:840} INFO - DAG(s) 'latest_only' retrieved from /home/airflow/.local/lib/python3.8/site-packages/airflow/example_dags/example_latest_only.py
[2024-02-07T15:09:22.894+0000] {logging_mixin.py:188} INFO - [2024-02-07T15:09:22.894+0000] {dag.py:3036} INFO - Sync 1 DAGs
[2024-02-07T15:09:22.927+0000] {logging_mixin.py:188} INFO - [2024-02-07T15:09:22.927+0000] {dag.py:3823} INFO - Setting next_dagrun for latest_only to 2024-02-07 08:00:00+00:00, run_after=2024-02-07 12:00:00+00:00
[2024-02-07T15:09:22.954+0000] {processor.py:183} INFO - Processing /home/airflow/.local/lib/python3.8/site-packages/airflow/example_dags/example_latest_only.py took 0.100 seconds
[2024-02-07T15:57:18.039+0000] {processor.py:161} INFO - Started process (PID=80) to work on /home/airflow/.local/lib/python3.8/site-packages/airflow/example_dags/example_latest_only.py
[2024-02-07T15:57:18.040+0000] {processor.py:830} INFO - Processing file /home/airflow/.local/lib/python3.8/site-packages/airflow/example_dags/example_latest_only.py for tasks to queue
[2024-02-07T15:57:18.041+0000] {logging_mixin.py:188} INFO - [2024-02-07T15:57:18.041+0000] {dagbag.py:538} INFO - Filling up the DagBag from /home/airflow/.local/lib/python3.8/site-packages/airflow/example_dags/example_latest_only.py
[2024-02-07T15:57:18.046+0000] {processor.py:840} INFO - DAG(s) 'latest_only' retrieved from /home/airflow/.local/lib/python3.8/site-packages/airflow/example_dags/example_latest_only.py
[2024-02-07T15:57:18.058+0000] {logging_mixin.py:188} INFO - [2024-02-07T15:57:18.057+0000] {dag.py:3036} INFO - Sync 1 DAGs
[2024-02-07T15:57:18.081+0000] {logging_mixin.py:188} INFO - [2024-02-07T15:57:18.080+0000] {dag.py:3823} INFO - Setting next_dagrun for latest_only to 2024-02-07 08:00:00+00:00, run_after=2024-02-07 12:00:00+00:00
[2024-02-07T15:57:18.104+0000] {processor.py:183} INFO - Processing /home/airflow/.local/lib/python3.8/site-packages/airflow/example_dags/example_latest_only.py took 0.069 seconds
[2024-02-07T15:57:50.625+0000] {processor.py:161} INFO - Started process (PID=137) to work on /home/airflow/.local/lib/python3.8/site-packages/airflow/example_dags/example_latest_only.py
[2024-02-07T15:57:50.626+0000] {processor.py:830} INFO - Processing file /home/airflow/.local/lib/python3.8/site-packages/airflow/example_dags/example_latest_only.py for tasks to queue
[2024-02-07T15:57:50.630+0000] {logging_mixin.py:188} INFO - [2024-02-07T15:57:50.630+0000] {dagbag.py:538} INFO - Filling up the DagBag from /home/airflow/.local/lib/python3.8/site-packages/airflow/example_dags/example_latest_only.py
[2024-02-07T15:57:50.647+0000] {processor.py:840} INFO - DAG(s) 'latest_only' retrieved from /home/airflow/.local/lib/python3.8/site-packages/airflow/example_dags/example_latest_only.py
[2024-02-07T15:57:50.853+0000] {logging_mixin.py:188} INFO - [2024-02-07T15:57:50.853+0000] {dag.py:3036} INFO - Sync 1 DAGs
[2024-02-07T15:57:50.886+0000] {logging_mixin.py:188} INFO - [2024-02-07T15:57:50.886+0000] {dag.py:3823} INFO - Setting next_dagrun for latest_only to 2024-02-07 08:00:00+00:00, run_after=2024-02-07 12:00:00+00:00
[2024-02-07T15:57:50.911+0000] {processor.py:183} INFO - Processing /home/airflow/.local/lib/python3.8/site-packages/airflow/example_dags/example_latest_only.py took 0.293 seconds
[2024-02-07T15:58:21.397+0000] {processor.py:161} INFO - Started process (PID=194) to work on /home/airflow/.local/lib/python3.8/site-packages/airflow/example_dags/example_latest_only.py
[2024-02-07T15:58:21.398+0000] {processor.py:830} INFO - Processing file /home/airflow/.local/lib/python3.8/site-packages/airflow/example_dags/example_latest_only.py for tasks to queue
[2024-02-07T15:58:21.399+0000] {logging_mixin.py:188} INFO - [2024-02-07T15:58:21.399+0000] {dagbag.py:538} INFO - Filling up the DagBag from /home/airflow/.local/lib/python3.8/site-packages/airflow/example_dags/example_latest_only.py
[2024-02-07T15:58:21.404+0000] {processor.py:840} INFO - DAG(s) 'latest_only' retrieved from /home/airflow/.local/lib/python3.8/site-packages/airflow/example_dags/example_latest_only.py
[2024-02-07T15:58:21.425+0000] {logging_mixin.py:188} INFO - [2024-02-07T15:58:21.425+0000] {dag.py:3036} INFO - Sync 1 DAGs
[2024-02-07T15:58:21.447+0000] {logging_mixin.py:188} INFO - [2024-02-07T15:58:21.447+0000] {dag.py:3823} INFO - Setting next_dagrun for latest_only to 2024-02-07 08:00:00+00:00, run_after=2024-02-07 12:00:00+00:00
[2024-02-07T15:58:21.465+0000] {processor.py:183} INFO - Processing /home/airflow/.local/lib/python3.8/site-packages/airflow/example_dags/example_latest_only.py took 0.071 seconds
[2024-02-07T16:10:54.436+0000] {processor.py:161} INFO - Started process (PID=80) to work on /home/airflow/.local/lib/python3.8/site-packages/airflow/example_dags/example_latest_only.py
[2024-02-07T16:10:54.437+0000] {processor.py:830} INFO - Processing file /home/airflow/.local/lib/python3.8/site-packages/airflow/example_dags/example_latest_only.py for tasks to queue
[2024-02-07T16:10:54.439+0000] {logging_mixin.py:188} INFO - [2024-02-07T16:10:54.439+0000] {dagbag.py:538} INFO - Filling up the DagBag from /home/airflow/.local/lib/python3.8/site-packages/airflow/example_dags/example_latest_only.py
[2024-02-07T16:10:54.447+0000] {processor.py:840} INFO - DAG(s) 'latest_only' retrieved from /home/airflow/.local/lib/python3.8/site-packages/airflow/example_dags/example_latest_only.py
[2024-02-07T16:10:54.458+0000] {logging_mixin.py:188} INFO - [2024-02-07T16:10:54.458+0000] {dag.py:3036} INFO - Sync 1 DAGs
[2024-02-07T16:10:54.482+0000] {logging_mixin.py:188} INFO - [2024-02-07T16:10:54.481+0000] {dag.py:3823} INFO - Setting next_dagrun for latest_only to 2024-02-07 12:00:00+00:00, run_after=2024-02-07 16:00:00+00:00
[2024-02-07T16:10:54.504+0000] {processor.py:183} INFO - Processing /home/airflow/.local/lib/python3.8/site-packages/airflow/example_dags/example_latest_only.py took 0.072 seconds
[2024-02-07T16:11:27.159+0000] {processor.py:161} INFO - Started process (PID=137) to work on /home/airflow/.local/lib/python3.8/site-packages/airflow/example_dags/example_latest_only.py
[2024-02-07T16:11:27.160+0000] {processor.py:830} INFO - Processing file /home/airflow/.local/lib/python3.8/site-packages/airflow/example_dags/example_latest_only.py for tasks to queue
[2024-02-07T16:11:27.162+0000] {logging_mixin.py:188} INFO - [2024-02-07T16:11:27.162+0000] {dagbag.py:538} INFO - Filling up the DagBag from /home/airflow/.local/lib/python3.8/site-packages/airflow/example_dags/example_latest_only.py
[2024-02-07T16:11:27.168+0000] {processor.py:840} INFO - DAG(s) 'latest_only' retrieved from /home/airflow/.local/lib/python3.8/site-packages/airflow/example_dags/example_latest_only.py
[2024-02-07T16:11:27.302+0000] {logging_mixin.py:188} INFO - [2024-02-07T16:11:27.302+0000] {dag.py:3036} INFO - Sync 1 DAGs
[2024-02-07T16:11:27.324+0000] {logging_mixin.py:188} INFO - [2024-02-07T16:11:27.324+0000] {dag.py:3823} INFO - Setting next_dagrun for latest_only to 2024-02-07 12:00:00+00:00, run_after=2024-02-07 16:00:00+00:00
[2024-02-07T16:11:27.345+0000] {processor.py:183} INFO - Processing /home/airflow/.local/lib/python3.8/site-packages/airflow/example_dags/example_latest_only.py took 0.189 seconds
[2024-02-07T16:11:57.400+0000] {processor.py:161} INFO - Started process (PID=194) to work on /home/airflow/.local/lib/python3.8/site-packages/airflow/example_dags/example_latest_only.py
[2024-02-07T16:11:57.401+0000] {processor.py:830} INFO - Processing file /home/airflow/.local/lib/python3.8/site-packages/airflow/example_dags/example_latest_only.py for tasks to queue
[2024-02-07T16:11:57.403+0000] {logging_mixin.py:188} INFO - [2024-02-07T16:11:57.403+0000] {dagbag.py:538} INFO - Filling up the DagBag from /home/airflow/.local/lib/python3.8/site-packages/airflow/example_dags/example_latest_only.py
[2024-02-07T16:11:57.408+0000] {processor.py:840} INFO - DAG(s) 'latest_only' retrieved from /home/airflow/.local/lib/python3.8/site-packages/airflow/example_dags/example_latest_only.py
[2024-02-07T16:11:57.428+0000] {logging_mixin.py:188} INFO - [2024-02-07T16:11:57.428+0000] {dag.py:3036} INFO - Sync 1 DAGs
[2024-02-07T16:11:57.451+0000] {logging_mixin.py:188} INFO - [2024-02-07T16:11:57.451+0000] {dag.py:3823} INFO - Setting next_dagrun for latest_only to 2024-02-07 12:00:00+00:00, run_after=2024-02-07 16:00:00+00:00
[2024-02-07T16:11:57.468+0000] {processor.py:183} INFO - Processing /home/airflow/.local/lib/python3.8/site-packages/airflow/example_dags/example_latest_only.py took 0.070 seconds
[2024-02-07T16:12:28.009+0000] {processor.py:161} INFO - Started process (PID=251) to work on /home/airflow/.local/lib/python3.8/site-packages/airflow/example_dags/example_latest_only.py
[2024-02-07T16:12:28.010+0000] {processor.py:830} INFO - Processing file /home/airflow/.local/lib/python3.8/site-packages/airflow/example_dags/example_latest_only.py for tasks to queue
[2024-02-07T16:12:28.012+0000] {logging_mixin.py:188} INFO - [2024-02-07T16:12:28.011+0000] {dagbag.py:538} INFO - Filling up the DagBag from /home/airflow/.local/lib/python3.8/site-packages/airflow/example_dags/example_latest_only.py
[2024-02-07T16:12:28.017+0000] {processor.py:840} INFO - DAG(s) 'latest_only' retrieved from /home/airflow/.local/lib/python3.8/site-packages/airflow/example_dags/example_latest_only.py
[2024-02-07T16:12:28.039+0000] {logging_mixin.py:188} INFO - [2024-02-07T16:12:28.039+0000] {dag.py:3036} INFO - Sync 1 DAGs
[2024-02-07T16:12:28.062+0000] {logging_mixin.py:188} INFO - [2024-02-07T16:12:28.062+0000] {dag.py:3823} INFO - Setting next_dagrun for latest_only to 2024-02-07 12:00:00+00:00, run_after=2024-02-07 16:00:00+00:00
[2024-02-07T16:12:28.081+0000] {processor.py:183} INFO - Processing /home/airflow/.local/lib/python3.8/site-packages/airflow/example_dags/example_latest_only.py took 0.075 seconds
[2024-02-07T16:12:58.295+0000] {processor.py:161} INFO - Started process (PID=308) to work on /home/airflow/.local/lib/python3.8/site-packages/airflow/example_dags/example_latest_only.py
[2024-02-07T16:12:58.296+0000] {processor.py:830} INFO - Processing file /home/airflow/.local/lib/python3.8/site-packages/airflow/example_dags/example_latest_only.py for tasks to queue
[2024-02-07T16:12:58.298+0000] {logging_mixin.py:188} INFO - [2024-02-07T16:12:58.298+0000] {dagbag.py:538} INFO - Filling up the DagBag from /home/airflow/.local/lib/python3.8/site-packages/airflow/example_dags/example_latest_only.py
[2024-02-07T16:12:58.303+0000] {processor.py:840} INFO - DAG(s) 'latest_only' retrieved from /home/airflow/.local/lib/python3.8/site-packages/airflow/example_dags/example_latest_only.py
[2024-02-07T16:12:58.323+0000] {logging_mixin.py:188} INFO - [2024-02-07T16:12:58.323+0000] {dag.py:3036} INFO - Sync 1 DAGs
[2024-02-07T16:12:58.346+0000] {logging_mixin.py:188} INFO - [2024-02-07T16:12:58.345+0000] {dag.py:3823} INFO - Setting next_dagrun for latest_only to 2024-02-07 12:00:00+00:00, run_after=2024-02-07 16:00:00+00:00
[2024-02-07T16:12:58.364+0000] {processor.py:183} INFO - Processing /home/airflow/.local/lib/python3.8/site-packages/airflow/example_dags/example_latest_only.py took 0.072 seconds
[2024-02-07T16:13:29.381+0000] {processor.py:161} INFO - Started process (PID=365) to work on /home/airflow/.local/lib/python3.8/site-packages/airflow/example_dags/example_latest_only.py
[2024-02-07T16:13:29.382+0000] {processor.py:830} INFO - Processing file /home/airflow/.local/lib/python3.8/site-packages/airflow/example_dags/example_latest_only.py for tasks to queue
[2024-02-07T16:13:29.383+0000] {logging_mixin.py:188} INFO - [2024-02-07T16:13:29.383+0000] {dagbag.py:538} INFO - Filling up the DagBag from /home/airflow/.local/lib/python3.8/site-packages/airflow/example_dags/example_latest_only.py
[2024-02-07T16:13:29.388+0000] {processor.py:840} INFO - DAG(s) 'latest_only' retrieved from /home/airflow/.local/lib/python3.8/site-packages/airflow/example_dags/example_latest_only.py
[2024-02-07T16:13:29.408+0000] {logging_mixin.py:188} INFO - [2024-02-07T16:13:29.408+0000] {dag.py:3036} INFO - Sync 1 DAGs
[2024-02-07T16:13:29.430+0000] {logging_mixin.py:188} INFO - [2024-02-07T16:13:29.430+0000] {dag.py:3823} INFO - Setting next_dagrun for latest_only to 2024-02-07 12:00:00+00:00, run_after=2024-02-07 16:00:00+00:00
[2024-02-07T16:13:29.451+0000] {processor.py:183} INFO - Processing /home/airflow/.local/lib/python3.8/site-packages/airflow/example_dags/example_latest_only.py took 0.073 seconds
[2024-02-07T16:13:59.920+0000] {processor.py:161} INFO - Started process (PID=422) to work on /home/airflow/.local/lib/python3.8/site-packages/airflow/example_dags/example_latest_only.py
[2024-02-07T16:13:59.921+0000] {processor.py:830} INFO - Processing file /home/airflow/.local/lib/python3.8/site-packages/airflow/example_dags/example_latest_only.py for tasks to queue
[2024-02-07T16:13:59.923+0000] {logging_mixin.py:188} INFO - [2024-02-07T16:13:59.923+0000] {dagbag.py:538} INFO - Filling up the DagBag from /home/airflow/.local/lib/python3.8/site-packages/airflow/example_dags/example_latest_only.py
[2024-02-07T16:13:59.928+0000] {processor.py:840} INFO - DAG(s) 'latest_only' retrieved from /home/airflow/.local/lib/python3.8/site-packages/airflow/example_dags/example_latest_only.py
[2024-02-07T16:13:59.954+0000] {logging_mixin.py:188} INFO - [2024-02-07T16:13:59.954+0000] {dag.py:3036} INFO - Sync 1 DAGs
[2024-02-07T16:13:59.986+0000] {logging_mixin.py:188} INFO - [2024-02-07T16:13:59.986+0000] {dag.py:3823} INFO - Setting next_dagrun for latest_only to 2024-02-07 12:00:00+00:00, run_after=2024-02-07 16:00:00+00:00
[2024-02-07T16:14:00.015+0000] {processor.py:183} INFO - Processing /home/airflow/.local/lib/python3.8/site-packages/airflow/example_dags/example_latest_only.py took 0.098 seconds
[2024-02-07T16:14:30.649+0000] {processor.py:161} INFO - Started process (PID=479) to work on /home/airflow/.local/lib/python3.8/site-packages/airflow/example_dags/example_latest_only.py
[2024-02-07T16:14:30.650+0000] {processor.py:830} INFO - Processing file /home/airflow/.local/lib/python3.8/site-packages/airflow/example_dags/example_latest_only.py for tasks to queue
[2024-02-07T16:14:30.652+0000] {logging_mixin.py:188} INFO - [2024-02-07T16:14:30.651+0000] {dagbag.py:538} INFO - Filling up the DagBag from /home/airflow/.local/lib/python3.8/site-packages/airflow/example_dags/example_latest_only.py
[2024-02-07T16:14:30.656+0000] {processor.py:840} INFO - DAG(s) 'latest_only' retrieved from /home/airflow/.local/lib/python3.8/site-packages/airflow/example_dags/example_latest_only.py
[2024-02-07T16:14:30.675+0000] {logging_mixin.py:188} INFO - [2024-02-07T16:14:30.675+0000] {dag.py:3036} INFO - Sync 1 DAGs
[2024-02-07T16:14:30.697+0000] {logging_mixin.py:188} INFO - [2024-02-07T16:14:30.697+0000] {dag.py:3823} INFO - Setting next_dagrun for latest_only to 2024-02-07 12:00:00+00:00, run_after=2024-02-07 16:00:00+00:00
[2024-02-07T16:14:30.714+0000] {processor.py:183} INFO - Processing /home/airflow/.local/lib/python3.8/site-packages/airflow/example_dags/example_latest_only.py took 0.068 seconds
[2024-02-07T16:15:01.454+0000] {processor.py:161} INFO - Started process (PID=536) to work on /home/airflow/.local/lib/python3.8/site-packages/airflow/example_dags/example_latest_only.py
[2024-02-07T16:15:01.455+0000] {processor.py:830} INFO - Processing file /home/airflow/.local/lib/python3.8/site-packages/airflow/example_dags/example_latest_only.py for tasks to queue
[2024-02-07T16:15:01.459+0000] {logging_mixin.py:188} INFO - [2024-02-07T16:15:01.458+0000] {dagbag.py:538} INFO - Filling up the DagBag from /home/airflow/.local/lib/python3.8/site-packages/airflow/example_dags/example_latest_only.py
[2024-02-07T16:15:01.468+0000] {processor.py:840} INFO - DAG(s) 'latest_only' retrieved from /home/airflow/.local/lib/python3.8/site-packages/airflow/example_dags/example_latest_only.py
[2024-02-07T16:15:01.494+0000] {logging_mixin.py:188} INFO - [2024-02-07T16:15:01.493+0000] {dag.py:3036} INFO - Sync 1 DAGs
[2024-02-07T16:15:01.523+0000] {logging_mixin.py:188} INFO - [2024-02-07T16:15:01.522+0000] {dag.py:3823} INFO - Setting next_dagrun for latest_only to 2024-02-07 12:00:00+00:00, run_after=2024-02-07 16:00:00+00:00
[2024-02-07T16:15:01.548+0000] {processor.py:183} INFO - Processing /home/airflow/.local/lib/python3.8/site-packages/airflow/example_dags/example_latest_only.py took 0.098 seconds
[2024-02-07T16:23:27.057+0000] {processor.py:161} INFO - Started process (PID=80) to work on /home/airflow/.local/lib/python3.8/site-packages/airflow/example_dags/example_latest_only.py
[2024-02-07T16:23:27.058+0000] {processor.py:830} INFO - Processing file /home/airflow/.local/lib/python3.8/site-packages/airflow/example_dags/example_latest_only.py for tasks to queue
[2024-02-07T16:23:27.060+0000] {logging_mixin.py:188} INFO - [2024-02-07T16:23:27.059+0000] {dagbag.py:538} INFO - Filling up the DagBag from /home/airflow/.local/lib/python3.8/site-packages/airflow/example_dags/example_latest_only.py
[2024-02-07T16:23:27.065+0000] {processor.py:840} INFO - DAG(s) 'latest_only' retrieved from /home/airflow/.local/lib/python3.8/site-packages/airflow/example_dags/example_latest_only.py
[2024-02-07T16:23:27.078+0000] {logging_mixin.py:188} INFO - [2024-02-07T16:23:27.077+0000] {dag.py:3036} INFO - Sync 1 DAGs
[2024-02-07T16:23:27.102+0000] {logging_mixin.py:188} INFO - [2024-02-07T16:23:27.101+0000] {dag.py:3823} INFO - Setting next_dagrun for latest_only to 2024-02-07 12:00:00+00:00, run_after=2024-02-07 16:00:00+00:00
[2024-02-07T16:23:27.122+0000] {processor.py:183} INFO - Processing /home/airflow/.local/lib/python3.8/site-packages/airflow/example_dags/example_latest_only.py took 0.068 seconds
[2024-02-07T16:23:58.572+0000] {processor.py:161} INFO - Started process (PID=137) to work on /home/airflow/.local/lib/python3.8/site-packages/airflow/example_dags/example_latest_only.py
[2024-02-07T16:23:58.573+0000] {processor.py:830} INFO - Processing file /home/airflow/.local/lib/python3.8/site-packages/airflow/example_dags/example_latest_only.py for tasks to queue
[2024-02-07T16:23:58.574+0000] {logging_mixin.py:188} INFO - [2024-02-07T16:23:58.574+0000] {dagbag.py:538} INFO - Filling up the DagBag from /home/airflow/.local/lib/python3.8/site-packages/airflow/example_dags/example_latest_only.py
[2024-02-07T16:23:58.579+0000] {processor.py:840} INFO - DAG(s) 'latest_only' retrieved from /home/airflow/.local/lib/python3.8/site-packages/airflow/example_dags/example_latest_only.py
[2024-02-07T16:23:58.684+0000] {logging_mixin.py:188} INFO - [2024-02-07T16:23:58.683+0000] {dag.py:3036} INFO - Sync 1 DAGs
[2024-02-07T16:23:58.706+0000] {logging_mixin.py:188} INFO - [2024-02-07T16:23:58.705+0000] {dag.py:3823} INFO - Setting next_dagrun for latest_only to 2024-02-07 12:00:00+00:00, run_after=2024-02-07 16:00:00+00:00
[2024-02-07T16:23:58.735+0000] {processor.py:183} INFO - Processing /home/airflow/.local/lib/python3.8/site-packages/airflow/example_dags/example_latest_only.py took 0.166 seconds
[2024-02-07T16:24:28.926+0000] {processor.py:161} INFO - Started process (PID=195) to work on /home/airflow/.local/lib/python3.8/site-packages/airflow/example_dags/example_latest_only.py
[2024-02-07T16:24:28.927+0000] {processor.py:830} INFO - Processing file /home/airflow/.local/lib/python3.8/site-packages/airflow/example_dags/example_latest_only.py for tasks to queue
[2024-02-07T16:24:28.929+0000] {logging_mixin.py:188} INFO - [2024-02-07T16:24:28.929+0000] {dagbag.py:538} INFO - Filling up the DagBag from /home/airflow/.local/lib/python3.8/site-packages/airflow/example_dags/example_latest_only.py
[2024-02-07T16:24:28.934+0000] {processor.py:840} INFO - DAG(s) 'latest_only' retrieved from /home/airflow/.local/lib/python3.8/site-packages/airflow/example_dags/example_latest_only.py
[2024-02-07T16:24:28.953+0000] {logging_mixin.py:188} INFO - [2024-02-07T16:24:28.953+0000] {dag.py:3036} INFO - Sync 1 DAGs
[2024-02-07T16:24:28.974+0000] {logging_mixin.py:188} INFO - [2024-02-07T16:24:28.973+0000] {dag.py:3823} INFO - Setting next_dagrun for latest_only to 2024-02-07 12:00:00+00:00, run_after=2024-02-07 16:00:00+00:00
[2024-02-07T16:24:28.992+0000] {processor.py:183} INFO - Processing /home/airflow/.local/lib/python3.8/site-packages/airflow/example_dags/example_latest_only.py took 0.069 seconds
[2024-02-07T16:25:00.159+0000] {processor.py:161} INFO - Started process (PID=251) to work on /home/airflow/.local/lib/python3.8/site-packages/airflow/example_dags/example_latest_only.py
[2024-02-07T16:25:00.160+0000] {processor.py:830} INFO - Processing file /home/airflow/.local/lib/python3.8/site-packages/airflow/example_dags/example_latest_only.py for tasks to queue
[2024-02-07T16:25:00.162+0000] {logging_mixin.py:188} INFO - [2024-02-07T16:25:00.161+0000] {dagbag.py:538} INFO - Filling up the DagBag from /home/airflow/.local/lib/python3.8/site-packages/airflow/example_dags/example_latest_only.py
[2024-02-07T16:25:00.166+0000] {processor.py:840} INFO - DAG(s) 'latest_only' retrieved from /home/airflow/.local/lib/python3.8/site-packages/airflow/example_dags/example_latest_only.py
[2024-02-07T16:25:00.186+0000] {logging_mixin.py:188} INFO - [2024-02-07T16:25:00.185+0000] {dag.py:3036} INFO - Sync 1 DAGs
[2024-02-07T16:25:00.212+0000] {logging_mixin.py:188} INFO - [2024-02-07T16:25:00.212+0000] {dag.py:3823} INFO - Setting next_dagrun for latest_only to 2024-02-07 12:00:00+00:00, run_after=2024-02-07 16:00:00+00:00
[2024-02-07T16:25:00.231+0000] {processor.py:183} INFO - Processing /home/airflow/.local/lib/python3.8/site-packages/airflow/example_dags/example_latest_only.py took 0.075 seconds
[2024-02-07T16:25:31.260+0000] {processor.py:161} INFO - Started process (PID=308) to work on /home/airflow/.local/lib/python3.8/site-packages/airflow/example_dags/example_latest_only.py
[2024-02-07T16:25:31.261+0000] {processor.py:830} INFO - Processing file /home/airflow/.local/lib/python3.8/site-packages/airflow/example_dags/example_latest_only.py for tasks to queue
[2024-02-07T16:25:31.263+0000] {logging_mixin.py:188} INFO - [2024-02-07T16:25:31.263+0000] {dagbag.py:538} INFO - Filling up the DagBag from /home/airflow/.local/lib/python3.8/site-packages/airflow/example_dags/example_latest_only.py
[2024-02-07T16:25:31.271+0000] {processor.py:840} INFO - DAG(s) 'latest_only' retrieved from /home/airflow/.local/lib/python3.8/site-packages/airflow/example_dags/example_latest_only.py
[2024-02-07T16:25:31.294+0000] {logging_mixin.py:188} INFO - [2024-02-07T16:25:31.294+0000] {dag.py:3036} INFO - Sync 1 DAGs
[2024-02-07T16:25:31.316+0000] {logging_mixin.py:188} INFO - [2024-02-07T16:25:31.316+0000] {dag.py:3823} INFO - Setting next_dagrun for latest_only to 2024-02-07 12:00:00+00:00, run_after=2024-02-07 16:00:00+00:00
[2024-02-07T16:25:31.336+0000] {processor.py:183} INFO - Processing /home/airflow/.local/lib/python3.8/site-packages/airflow/example_dags/example_latest_only.py took 0.080 seconds
[2024-02-07T16:26:01.733+0000] {processor.py:161} INFO - Started process (PID=365) to work on /home/airflow/.local/lib/python3.8/site-packages/airflow/example_dags/example_latest_only.py
[2024-02-07T16:26:01.734+0000] {processor.py:830} INFO - Processing file /home/airflow/.local/lib/python3.8/site-packages/airflow/example_dags/example_latest_only.py for tasks to queue
[2024-02-07T16:26:01.736+0000] {logging_mixin.py:188} INFO - [2024-02-07T16:26:01.736+0000] {dagbag.py:538} INFO - Filling up the DagBag from /home/airflow/.local/lib/python3.8/site-packages/airflow/example_dags/example_latest_only.py
[2024-02-07T16:26:01.740+0000] {processor.py:840} INFO - DAG(s) 'latest_only' retrieved from /home/airflow/.local/lib/python3.8/site-packages/airflow/example_dags/example_latest_only.py
[2024-02-07T16:26:01.761+0000] {logging_mixin.py:188} INFO - [2024-02-07T16:26:01.760+0000] {dag.py:3036} INFO - Sync 1 DAGs
[2024-02-07T16:26:01.784+0000] {logging_mixin.py:188} INFO - [2024-02-07T16:26:01.783+0000] {dag.py:3823} INFO - Setting next_dagrun for latest_only to 2024-02-07 12:00:00+00:00, run_after=2024-02-07 16:00:00+00:00
[2024-02-07T16:26:01.803+0000] {processor.py:183} INFO - Processing /home/airflow/.local/lib/python3.8/site-packages/airflow/example_dags/example_latest_only.py took 0.073 seconds
[2024-02-07T16:48:25.544+0000] {processor.py:161} INFO - Started process (PID=79) to work on /home/airflow/.local/lib/python3.8/site-packages/airflow/example_dags/example_latest_only.py
[2024-02-07T16:48:25.545+0000] {processor.py:830} INFO - Processing file /home/airflow/.local/lib/python3.8/site-packages/airflow/example_dags/example_latest_only.py for tasks to queue
[2024-02-07T16:48:25.547+0000] {logging_mixin.py:188} INFO - [2024-02-07T16:48:25.547+0000] {dagbag.py:538} INFO - Filling up the DagBag from /home/airflow/.local/lib/python3.8/site-packages/airflow/example_dags/example_latest_only.py
[2024-02-07T16:48:25.555+0000] {processor.py:840} INFO - DAG(s) 'latest_only' retrieved from /home/airflow/.local/lib/python3.8/site-packages/airflow/example_dags/example_latest_only.py
[2024-02-07T16:48:25.677+0000] {logging_mixin.py:188} INFO - [2024-02-07T16:48:25.677+0000] {dag.py:3036} INFO - Sync 1 DAGs
[2024-02-07T16:48:25.701+0000] {logging_mixin.py:188} INFO - [2024-02-07T16:48:25.701+0000] {dag.py:3823} INFO - Setting next_dagrun for latest_only to 2024-02-07 12:00:00+00:00, run_after=2024-02-07 16:00:00+00:00
[2024-02-07T16:48:25.721+0000] {processor.py:183} INFO - Processing /home/airflow/.local/lib/python3.8/site-packages/airflow/example_dags/example_latest_only.py took 0.180 seconds
[2024-02-07T16:48:55.855+0000] {processor.py:161} INFO - Started process (PID=137) to work on /home/airflow/.local/lib/python3.8/site-packages/airflow/example_dags/example_latest_only.py
[2024-02-07T16:48:55.856+0000] {processor.py:830} INFO - Processing file /home/airflow/.local/lib/python3.8/site-packages/airflow/example_dags/example_latest_only.py for tasks to queue
[2024-02-07T16:48:55.859+0000] {logging_mixin.py:188} INFO - [2024-02-07T16:48:55.858+0000] {dagbag.py:538} INFO - Filling up the DagBag from /home/airflow/.local/lib/python3.8/site-packages/airflow/example_dags/example_latest_only.py
[2024-02-07T16:48:55.864+0000] {processor.py:840} INFO - DAG(s) 'latest_only' retrieved from /home/airflow/.local/lib/python3.8/site-packages/airflow/example_dags/example_latest_only.py
[2024-02-07T16:48:55.887+0000] {logging_mixin.py:188} INFO - [2024-02-07T16:48:55.886+0000] {dag.py:3036} INFO - Sync 1 DAGs
[2024-02-07T16:48:55.910+0000] {logging_mixin.py:188} INFO - [2024-02-07T16:48:55.910+0000] {dag.py:3823} INFO - Setting next_dagrun for latest_only to 2024-02-07 12:00:00+00:00, run_after=2024-02-07 16:00:00+00:00
[2024-02-07T16:48:55.930+0000] {processor.py:183} INFO - Processing /home/airflow/.local/lib/python3.8/site-packages/airflow/example_dags/example_latest_only.py took 0.078 seconds
[2024-02-07T16:49:26.598+0000] {processor.py:161} INFO - Started process (PID=193) to work on /home/airflow/.local/lib/python3.8/site-packages/airflow/example_dags/example_latest_only.py
[2024-02-07T16:49:26.599+0000] {processor.py:830} INFO - Processing file /home/airflow/.local/lib/python3.8/site-packages/airflow/example_dags/example_latest_only.py for tasks to queue
[2024-02-07T16:49:26.601+0000] {logging_mixin.py:188} INFO - [2024-02-07T16:49:26.601+0000] {dagbag.py:538} INFO - Filling up the DagBag from /home/airflow/.local/lib/python3.8/site-packages/airflow/example_dags/example_latest_only.py
[2024-02-07T16:49:26.606+0000] {processor.py:840} INFO - DAG(s) 'latest_only' retrieved from /home/airflow/.local/lib/python3.8/site-packages/airflow/example_dags/example_latest_only.py
[2024-02-07T16:49:26.625+0000] {logging_mixin.py:188} INFO - [2024-02-07T16:49:26.625+0000] {dag.py:3036} INFO - Sync 1 DAGs
[2024-02-07T16:49:26.646+0000] {logging_mixin.py:188} INFO - [2024-02-07T16:49:26.646+0000] {dag.py:3823} INFO - Setting next_dagrun for latest_only to 2024-02-07 12:00:00+00:00, run_after=2024-02-07 16:00:00+00:00
[2024-02-07T16:49:26.664+0000] {processor.py:183} INFO - Processing /home/airflow/.local/lib/python3.8/site-packages/airflow/example_dags/example_latest_only.py took 0.068 seconds
[2024-02-07T16:49:57.622+0000] {processor.py:161} INFO - Started process (PID=251) to work on /home/airflow/.local/lib/python3.8/site-packages/airflow/example_dags/example_latest_only.py
[2024-02-07T16:49:57.623+0000] {processor.py:830} INFO - Processing file /home/airflow/.local/lib/python3.8/site-packages/airflow/example_dags/example_latest_only.py for tasks to queue
[2024-02-07T16:49:57.625+0000] {logging_mixin.py:188} INFO - [2024-02-07T16:49:57.624+0000] {dagbag.py:538} INFO - Filling up the DagBag from /home/airflow/.local/lib/python3.8/site-packages/airflow/example_dags/example_latest_only.py
[2024-02-07T16:49:57.629+0000] {processor.py:840} INFO - DAG(s) 'latest_only' retrieved from /home/airflow/.local/lib/python3.8/site-packages/airflow/example_dags/example_latest_only.py
[2024-02-07T16:49:57.653+0000] {logging_mixin.py:188} INFO - [2024-02-07T16:49:57.652+0000] {dag.py:3036} INFO - Sync 1 DAGs
[2024-02-07T16:49:57.677+0000] {logging_mixin.py:188} INFO - [2024-02-07T16:49:57.677+0000] {dag.py:3823} INFO - Setting next_dagrun for latest_only to 2024-02-07 12:00:00+00:00, run_after=2024-02-07 16:00:00+00:00
[2024-02-07T16:49:57.704+0000] {processor.py:183} INFO - Processing /home/airflow/.local/lib/python3.8/site-packages/airflow/example_dags/example_latest_only.py took 0.084 seconds
[2024-02-07T16:50:28.071+0000] {processor.py:161} INFO - Started process (PID=308) to work on /home/airflow/.local/lib/python3.8/site-packages/airflow/example_dags/example_latest_only.py
[2024-02-07T16:50:28.072+0000] {processor.py:830} INFO - Processing file /home/airflow/.local/lib/python3.8/site-packages/airflow/example_dags/example_latest_only.py for tasks to queue
[2024-02-07T16:50:28.074+0000] {logging_mixin.py:188} INFO - [2024-02-07T16:50:28.074+0000] {dagbag.py:538} INFO - Filling up the DagBag from /home/airflow/.local/lib/python3.8/site-packages/airflow/example_dags/example_latest_only.py
[2024-02-07T16:50:28.079+0000] {processor.py:840} INFO - DAG(s) 'latest_only' retrieved from /home/airflow/.local/lib/python3.8/site-packages/airflow/example_dags/example_latest_only.py
[2024-02-07T16:50:28.099+0000] {logging_mixin.py:188} INFO - [2024-02-07T16:50:28.099+0000] {dag.py:3036} INFO - Sync 1 DAGs
[2024-02-07T16:50:28.121+0000] {logging_mixin.py:188} INFO - [2024-02-07T16:50:28.120+0000] {dag.py:3823} INFO - Setting next_dagrun for latest_only to 2024-02-07 12:00:00+00:00, run_after=2024-02-07 16:00:00+00:00
[2024-02-07T16:50:28.139+0000] {processor.py:183} INFO - Processing /home/airflow/.local/lib/python3.8/site-packages/airflow/example_dags/example_latest_only.py took 0.071 seconds
[2024-02-07T16:50:58.974+0000] {processor.py:161} INFO - Started process (PID=365) to work on /home/airflow/.local/lib/python3.8/site-packages/airflow/example_dags/example_latest_only.py
[2024-02-07T16:50:58.975+0000] {processor.py:830} INFO - Processing file /home/airflow/.local/lib/python3.8/site-packages/airflow/example_dags/example_latest_only.py for tasks to queue
[2024-02-07T16:50:58.977+0000] {logging_mixin.py:188} INFO - [2024-02-07T16:50:58.977+0000] {dagbag.py:538} INFO - Filling up the DagBag from /home/airflow/.local/lib/python3.8/site-packages/airflow/example_dags/example_latest_only.py
[2024-02-07T16:50:58.982+0000] {processor.py:840} INFO - DAG(s) 'latest_only' retrieved from /home/airflow/.local/lib/python3.8/site-packages/airflow/example_dags/example_latest_only.py
[2024-02-07T16:50:59.003+0000] {logging_mixin.py:188} INFO - [2024-02-07T16:50:59.003+0000] {dag.py:3036} INFO - Sync 1 DAGs
[2024-02-07T16:50:59.027+0000] {logging_mixin.py:188} INFO - [2024-02-07T16:50:59.027+0000] {dag.py:3823} INFO - Setting next_dagrun for latest_only to 2024-02-07 12:00:00+00:00, run_after=2024-02-07 16:00:00+00:00
[2024-02-07T16:50:59.047+0000] {processor.py:183} INFO - Processing /home/airflow/.local/lib/python3.8/site-packages/airflow/example_dags/example_latest_only.py took 0.076 seconds
