[2024-02-07T14:34:03.783+0000] {processor.py:161} INFO - Started process (PID=67) to work on /home/airflow/.local/lib/python3.8/site-packages/airflow/example_dags/example_short_circuit_operator.py
[2024-02-07T14:34:03.784+0000] {processor.py:830} INFO - Processing file /home/airflow/.local/lib/python3.8/site-packages/airflow/example_dags/example_short_circuit_operator.py for tasks to queue
[2024-02-07T14:34:03.786+0000] {logging_mixin.py:188} INFO - [2024-02-07T14:34:03.786+0000] {dagbag.py:538} INFO - Filling up the DagBag from /home/airflow/.local/lib/python3.8/site-packages/airflow/example_dags/example_short_circuit_operator.py
[2024-02-07T14:34:03.796+0000] {processor.py:840} INFO - DAG(s) 'example_short_circuit_operator' retrieved from /home/airflow/.local/lib/python3.8/site-packages/airflow/example_dags/example_short_circuit_operator.py
[2024-02-07T14:34:03.811+0000] {logging_mixin.py:188} INFO - [2024-02-07T14:34:03.811+0000] {dag.py:3036} INFO - Sync 1 DAGs
[2024-02-07T14:34:03.836+0000] {logging_mixin.py:188} INFO - [2024-02-07T14:34:03.836+0000] {dag.py:3823} INFO - Setting next_dagrun for example_short_circuit_operator to 2024-02-06 00:00:00+00:00, run_after=2024-02-07 00:00:00+00:00
[2024-02-07T14:34:03.855+0000] {processor.py:183} INFO - Processing /home/airflow/.local/lib/python3.8/site-packages/airflow/example_dags/example_short_circuit_operator.py took 0.076 seconds
[2024-02-07T14:34:35.847+0000] {processor.py:161} INFO - Started process (PID=123) to work on /home/airflow/.local/lib/python3.8/site-packages/airflow/example_dags/example_short_circuit_operator.py
[2024-02-07T14:34:35.849+0000] {processor.py:830} INFO - Processing file /home/airflow/.local/lib/python3.8/site-packages/airflow/example_dags/example_short_circuit_operator.py for tasks to queue
[2024-02-07T14:34:35.851+0000] {logging_mixin.py:188} INFO - [2024-02-07T14:34:35.851+0000] {dagbag.py:538} INFO - Filling up the DagBag from /home/airflow/.local/lib/python3.8/site-packages/airflow/example_dags/example_short_circuit_operator.py
[2024-02-07T14:34:35.862+0000] {processor.py:840} INFO - DAG(s) 'example_short_circuit_operator' retrieved from /home/airflow/.local/lib/python3.8/site-packages/airflow/example_dags/example_short_circuit_operator.py
[2024-02-07T14:34:36.013+0000] {logging_mixin.py:188} INFO - [2024-02-07T14:34:36.013+0000] {dag.py:3036} INFO - Sync 1 DAGs
[2024-02-07T14:34:36.043+0000] {logging_mixin.py:188} INFO - [2024-02-07T14:34:36.043+0000] {dag.py:3823} INFO - Setting next_dagrun for example_short_circuit_operator to 2024-02-06 00:00:00+00:00, run_after=2024-02-07 00:00:00+00:00
[2024-02-07T14:34:36.074+0000] {processor.py:183} INFO - Processing /home/airflow/.local/lib/python3.8/site-packages/airflow/example_dags/example_short_circuit_operator.py took 0.231 seconds
[2024-02-07T14:35:06.430+0000] {processor.py:161} INFO - Started process (PID=180) to work on /home/airflow/.local/lib/python3.8/site-packages/airflow/example_dags/example_short_circuit_operator.py
[2024-02-07T14:35:06.431+0000] {processor.py:830} INFO - Processing file /home/airflow/.local/lib/python3.8/site-packages/airflow/example_dags/example_short_circuit_operator.py for tasks to queue
[2024-02-07T14:35:06.433+0000] {logging_mixin.py:188} INFO - [2024-02-07T14:35:06.433+0000] {dagbag.py:538} INFO - Filling up the DagBag from /home/airflow/.local/lib/python3.8/site-packages/airflow/example_dags/example_short_circuit_operator.py
[2024-02-07T14:35:06.440+0000] {processor.py:840} INFO - DAG(s) 'example_short_circuit_operator' retrieved from /home/airflow/.local/lib/python3.8/site-packages/airflow/example_dags/example_short_circuit_operator.py
[2024-02-07T14:35:06.462+0000] {logging_mixin.py:188} INFO - [2024-02-07T14:35:06.462+0000] {dag.py:3036} INFO - Sync 1 DAGs
[2024-02-07T14:35:06.483+0000] {logging_mixin.py:188} INFO - [2024-02-07T14:35:06.483+0000] {dag.py:3823} INFO - Setting next_dagrun for example_short_circuit_operator to 2024-02-06 00:00:00+00:00, run_after=2024-02-07 00:00:00+00:00
[2024-02-07T14:35:06.506+0000] {processor.py:183} INFO - Processing /home/airflow/.local/lib/python3.8/site-packages/airflow/example_dags/example_short_circuit_operator.py took 0.079 seconds
[2024-02-07T14:35:37.011+0000] {processor.py:161} INFO - Started process (PID=237) to work on /home/airflow/.local/lib/python3.8/site-packages/airflow/example_dags/example_short_circuit_operator.py
[2024-02-07T14:35:37.012+0000] {processor.py:830} INFO - Processing file /home/airflow/.local/lib/python3.8/site-packages/airflow/example_dags/example_short_circuit_operator.py for tasks to queue
[2024-02-07T14:35:37.014+0000] {logging_mixin.py:188} INFO - [2024-02-07T14:35:37.014+0000] {dagbag.py:538} INFO - Filling up the DagBag from /home/airflow/.local/lib/python3.8/site-packages/airflow/example_dags/example_short_circuit_operator.py
[2024-02-07T14:35:37.022+0000] {processor.py:840} INFO - DAG(s) 'example_short_circuit_operator' retrieved from /home/airflow/.local/lib/python3.8/site-packages/airflow/example_dags/example_short_circuit_operator.py
[2024-02-07T14:35:37.044+0000] {logging_mixin.py:188} INFO - [2024-02-07T14:35:37.044+0000] {dag.py:3036} INFO - Sync 1 DAGs
[2024-02-07T14:35:37.066+0000] {logging_mixin.py:188} INFO - [2024-02-07T14:35:37.066+0000] {dag.py:3823} INFO - Setting next_dagrun for example_short_circuit_operator to 2024-02-06 00:00:00+00:00, run_after=2024-02-07 00:00:00+00:00
[2024-02-07T14:35:37.084+0000] {processor.py:183} INFO - Processing /home/airflow/.local/lib/python3.8/site-packages/airflow/example_dags/example_short_circuit_operator.py took 0.075 seconds
[2024-02-07T14:43:08.531+0000] {processor.py:161} INFO - Started process (PID=67) to work on /home/airflow/.local/lib/python3.8/site-packages/airflow/example_dags/example_short_circuit_operator.py
[2024-02-07T14:43:08.532+0000] {processor.py:830} INFO - Processing file /home/airflow/.local/lib/python3.8/site-packages/airflow/example_dags/example_short_circuit_operator.py for tasks to queue
[2024-02-07T14:43:08.534+0000] {logging_mixin.py:188} INFO - [2024-02-07T14:43:08.533+0000] {dagbag.py:538} INFO - Filling up the DagBag from /home/airflow/.local/lib/python3.8/site-packages/airflow/example_dags/example_short_circuit_operator.py
[2024-02-07T14:43:08.542+0000] {processor.py:840} INFO - DAG(s) 'example_short_circuit_operator' retrieved from /home/airflow/.local/lib/python3.8/site-packages/airflow/example_dags/example_short_circuit_operator.py
[2024-02-07T14:43:08.553+0000] {logging_mixin.py:188} INFO - [2024-02-07T14:43:08.553+0000] {dag.py:3036} INFO - Sync 1 DAGs
[2024-02-07T14:43:08.575+0000] {logging_mixin.py:188} INFO - [2024-02-07T14:43:08.575+0000] {dag.py:3823} INFO - Setting next_dagrun for example_short_circuit_operator to 2024-02-06 00:00:00+00:00, run_after=2024-02-07 00:00:00+00:00
[2024-02-07T14:43:08.593+0000] {processor.py:183} INFO - Processing /home/airflow/.local/lib/python3.8/site-packages/airflow/example_dags/example_short_circuit_operator.py took 0.065 seconds
[2024-02-07T14:43:39.786+0000] {processor.py:161} INFO - Started process (PID=124) to work on /home/airflow/.local/lib/python3.8/site-packages/airflow/example_dags/example_short_circuit_operator.py
[2024-02-07T14:43:39.787+0000] {processor.py:830} INFO - Processing file /home/airflow/.local/lib/python3.8/site-packages/airflow/example_dags/example_short_circuit_operator.py for tasks to queue
[2024-02-07T14:43:39.788+0000] {logging_mixin.py:188} INFO - [2024-02-07T14:43:39.788+0000] {dagbag.py:538} INFO - Filling up the DagBag from /home/airflow/.local/lib/python3.8/site-packages/airflow/example_dags/example_short_circuit_operator.py
[2024-02-07T14:43:39.795+0000] {processor.py:840} INFO - DAG(s) 'example_short_circuit_operator' retrieved from /home/airflow/.local/lib/python3.8/site-packages/airflow/example_dags/example_short_circuit_operator.py
[2024-02-07T14:43:39.893+0000] {logging_mixin.py:188} INFO - [2024-02-07T14:43:39.893+0000] {dag.py:3036} INFO - Sync 1 DAGs
[2024-02-07T14:43:39.911+0000] {logging_mixin.py:188} INFO - [2024-02-07T14:43:39.911+0000] {dag.py:3823} INFO - Setting next_dagrun for example_short_circuit_operator to 2024-02-06 00:00:00+00:00, run_after=2024-02-07 00:00:00+00:00
[2024-02-07T14:43:39.930+0000] {processor.py:183} INFO - Processing /home/airflow/.local/lib/python3.8/site-packages/airflow/example_dags/example_short_circuit_operator.py took 0.147 seconds
[2024-02-07T14:44:10.763+0000] {processor.py:161} INFO - Started process (PID=181) to work on /home/airflow/.local/lib/python3.8/site-packages/airflow/example_dags/example_short_circuit_operator.py
[2024-02-07T14:44:10.764+0000] {processor.py:830} INFO - Processing file /home/airflow/.local/lib/python3.8/site-packages/airflow/example_dags/example_short_circuit_operator.py for tasks to queue
[2024-02-07T14:44:10.765+0000] {logging_mixin.py:188} INFO - [2024-02-07T14:44:10.765+0000] {dagbag.py:538} INFO - Filling up the DagBag from /home/airflow/.local/lib/python3.8/site-packages/airflow/example_dags/example_short_circuit_operator.py
[2024-02-07T14:44:10.772+0000] {processor.py:840} INFO - DAG(s) 'example_short_circuit_operator' retrieved from /home/airflow/.local/lib/python3.8/site-packages/airflow/example_dags/example_short_circuit_operator.py
[2024-02-07T14:44:10.795+0000] {logging_mixin.py:188} INFO - [2024-02-07T14:44:10.795+0000] {dag.py:3036} INFO - Sync 1 DAGs
[2024-02-07T14:44:10.816+0000] {logging_mixin.py:188} INFO - [2024-02-07T14:44:10.816+0000] {dag.py:3823} INFO - Setting next_dagrun for example_short_circuit_operator to 2024-02-06 00:00:00+00:00, run_after=2024-02-07 00:00:00+00:00
[2024-02-07T14:44:10.834+0000] {processor.py:183} INFO - Processing /home/airflow/.local/lib/python3.8/site-packages/airflow/example_dags/example_short_circuit_operator.py took 0.075 seconds
[2024-02-07T14:44:41.433+0000] {processor.py:161} INFO - Started process (PID=238) to work on /home/airflow/.local/lib/python3.8/site-packages/airflow/example_dags/example_short_circuit_operator.py
[2024-02-07T14:44:41.434+0000] {processor.py:830} INFO - Processing file /home/airflow/.local/lib/python3.8/site-packages/airflow/example_dags/example_short_circuit_operator.py for tasks to queue
[2024-02-07T14:44:41.437+0000] {logging_mixin.py:188} INFO - [2024-02-07T14:44:41.436+0000] {dagbag.py:538} INFO - Filling up the DagBag from /home/airflow/.local/lib/python3.8/site-packages/airflow/example_dags/example_short_circuit_operator.py
[2024-02-07T14:44:41.446+0000] {processor.py:840} INFO - DAG(s) 'example_short_circuit_operator' retrieved from /home/airflow/.local/lib/python3.8/site-packages/airflow/example_dags/example_short_circuit_operator.py
[2024-02-07T14:44:41.475+0000] {logging_mixin.py:188} INFO - [2024-02-07T14:44:41.475+0000] {dag.py:3036} INFO - Sync 1 DAGs
[2024-02-07T14:44:41.502+0000] {logging_mixin.py:188} INFO - [2024-02-07T14:44:41.502+0000] {dag.py:3823} INFO - Setting next_dagrun for example_short_circuit_operator to 2024-02-06 00:00:00+00:00, run_after=2024-02-07 00:00:00+00:00
[2024-02-07T14:44:41.526+0000] {processor.py:183} INFO - Processing /home/airflow/.local/lib/python3.8/site-packages/airflow/example_dags/example_short_circuit_operator.py took 0.096 seconds
[2024-02-07T14:45:12.278+0000] {processor.py:161} INFO - Started process (PID=295) to work on /home/airflow/.local/lib/python3.8/site-packages/airflow/example_dags/example_short_circuit_operator.py
[2024-02-07T14:45:12.279+0000] {processor.py:830} INFO - Processing file /home/airflow/.local/lib/python3.8/site-packages/airflow/example_dags/example_short_circuit_operator.py for tasks to queue
[2024-02-07T14:45:12.281+0000] {logging_mixin.py:188} INFO - [2024-02-07T14:45:12.280+0000] {dagbag.py:538} INFO - Filling up the DagBag from /home/airflow/.local/lib/python3.8/site-packages/airflow/example_dags/example_short_circuit_operator.py
[2024-02-07T14:45:12.288+0000] {processor.py:840} INFO - DAG(s) 'example_short_circuit_operator' retrieved from /home/airflow/.local/lib/python3.8/site-packages/airflow/example_dags/example_short_circuit_operator.py
[2024-02-07T14:45:12.310+0000] {logging_mixin.py:188} INFO - [2024-02-07T14:45:12.310+0000] {dag.py:3036} INFO - Sync 1 DAGs
[2024-02-07T14:45:12.331+0000] {logging_mixin.py:188} INFO - [2024-02-07T14:45:12.331+0000] {dag.py:3823} INFO - Setting next_dagrun for example_short_circuit_operator to 2024-02-06 00:00:00+00:00, run_after=2024-02-07 00:00:00+00:00
[2024-02-07T14:45:12.349+0000] {processor.py:183} INFO - Processing /home/airflow/.local/lib/python3.8/site-packages/airflow/example_dags/example_short_circuit_operator.py took 0.074 seconds
[2024-02-07T14:45:42.789+0000] {processor.py:161} INFO - Started process (PID=352) to work on /home/airflow/.local/lib/python3.8/site-packages/airflow/example_dags/example_short_circuit_operator.py
[2024-02-07T14:45:42.790+0000] {processor.py:830} INFO - Processing file /home/airflow/.local/lib/python3.8/site-packages/airflow/example_dags/example_short_circuit_operator.py for tasks to queue
[2024-02-07T14:45:42.793+0000] {logging_mixin.py:188} INFO - [2024-02-07T14:45:42.792+0000] {dagbag.py:538} INFO - Filling up the DagBag from /home/airflow/.local/lib/python3.8/site-packages/airflow/example_dags/example_short_circuit_operator.py
[2024-02-07T14:45:42.808+0000] {processor.py:840} INFO - DAG(s) 'example_short_circuit_operator' retrieved from /home/airflow/.local/lib/python3.8/site-packages/airflow/example_dags/example_short_circuit_operator.py
[2024-02-07T14:45:42.840+0000] {logging_mixin.py:188} INFO - [2024-02-07T14:45:42.839+0000] {dag.py:3036} INFO - Sync 1 DAGs
[2024-02-07T14:45:42.871+0000] {logging_mixin.py:188} INFO - [2024-02-07T14:45:42.870+0000] {dag.py:3823} INFO - Setting next_dagrun for example_short_circuit_operator to 2024-02-06 00:00:00+00:00, run_after=2024-02-07 00:00:00+00:00
[2024-02-07T14:45:42.895+0000] {processor.py:183} INFO - Processing /home/airflow/.local/lib/python3.8/site-packages/airflow/example_dags/example_short_circuit_operator.py took 0.110 seconds
[2024-02-07T14:46:13.389+0000] {processor.py:161} INFO - Started process (PID=409) to work on /home/airflow/.local/lib/python3.8/site-packages/airflow/example_dags/example_short_circuit_operator.py
[2024-02-07T14:46:13.390+0000] {processor.py:830} INFO - Processing file /home/airflow/.local/lib/python3.8/site-packages/airflow/example_dags/example_short_circuit_operator.py for tasks to queue
[2024-02-07T14:46:13.391+0000] {logging_mixin.py:188} INFO - [2024-02-07T14:46:13.391+0000] {dagbag.py:538} INFO - Filling up the DagBag from /home/airflow/.local/lib/python3.8/site-packages/airflow/example_dags/example_short_circuit_operator.py
[2024-02-07T14:46:13.398+0000] {processor.py:840} INFO - DAG(s) 'example_short_circuit_operator' retrieved from /home/airflow/.local/lib/python3.8/site-packages/airflow/example_dags/example_short_circuit_operator.py
[2024-02-07T14:46:13.421+0000] {logging_mixin.py:188} INFO - [2024-02-07T14:46:13.420+0000] {dag.py:3036} INFO - Sync 1 DAGs
[2024-02-07T14:46:13.441+0000] {logging_mixin.py:188} INFO - [2024-02-07T14:46:13.441+0000] {dag.py:3823} INFO - Setting next_dagrun for example_short_circuit_operator to 2024-02-06 00:00:00+00:00, run_after=2024-02-07 00:00:00+00:00
[2024-02-07T14:46:13.460+0000] {processor.py:183} INFO - Processing /home/airflow/.local/lib/python3.8/site-packages/airflow/example_dags/example_short_circuit_operator.py took 0.074 seconds
[2024-02-07T14:46:44.055+0000] {processor.py:161} INFO - Started process (PID=466) to work on /home/airflow/.local/lib/python3.8/site-packages/airflow/example_dags/example_short_circuit_operator.py
[2024-02-07T14:46:44.056+0000] {processor.py:830} INFO - Processing file /home/airflow/.local/lib/python3.8/site-packages/airflow/example_dags/example_short_circuit_operator.py for tasks to queue
[2024-02-07T14:46:44.058+0000] {logging_mixin.py:188} INFO - [2024-02-07T14:46:44.058+0000] {dagbag.py:538} INFO - Filling up the DagBag from /home/airflow/.local/lib/python3.8/site-packages/airflow/example_dags/example_short_circuit_operator.py
[2024-02-07T14:46:44.067+0000] {processor.py:840} INFO - DAG(s) 'example_short_circuit_operator' retrieved from /home/airflow/.local/lib/python3.8/site-packages/airflow/example_dags/example_short_circuit_operator.py
[2024-02-07T14:46:44.099+0000] {logging_mixin.py:188} INFO - [2024-02-07T14:46:44.098+0000] {dag.py:3036} INFO - Sync 1 DAGs
[2024-02-07T14:46:44.126+0000] {logging_mixin.py:188} INFO - [2024-02-07T14:46:44.126+0000] {dag.py:3823} INFO - Setting next_dagrun for example_short_circuit_operator to 2024-02-06 00:00:00+00:00, run_after=2024-02-07 00:00:00+00:00
[2024-02-07T14:46:44.144+0000] {processor.py:183} INFO - Processing /home/airflow/.local/lib/python3.8/site-packages/airflow/example_dags/example_short_circuit_operator.py took 0.094 seconds
[2024-02-07T14:47:14.263+0000] {processor.py:161} INFO - Started process (PID=521) to work on /home/airflow/.local/lib/python3.8/site-packages/airflow/example_dags/example_short_circuit_operator.py
[2024-02-07T14:47:14.264+0000] {processor.py:830} INFO - Processing file /home/airflow/.local/lib/python3.8/site-packages/airflow/example_dags/example_short_circuit_operator.py for tasks to queue
[2024-02-07T14:47:14.265+0000] {logging_mixin.py:188} INFO - [2024-02-07T14:47:14.265+0000] {dagbag.py:538} INFO - Filling up the DagBag from /home/airflow/.local/lib/python3.8/site-packages/airflow/example_dags/example_short_circuit_operator.py
[2024-02-07T14:47:14.272+0000] {processor.py:840} INFO - DAG(s) 'example_short_circuit_operator' retrieved from /home/airflow/.local/lib/python3.8/site-packages/airflow/example_dags/example_short_circuit_operator.py
[2024-02-07T14:47:14.294+0000] {logging_mixin.py:188} INFO - [2024-02-07T14:47:14.294+0000] {dag.py:3036} INFO - Sync 1 DAGs
[2024-02-07T14:47:14.314+0000] {logging_mixin.py:188} INFO - [2024-02-07T14:47:14.314+0000] {dag.py:3823} INFO - Setting next_dagrun for example_short_circuit_operator to 2024-02-06 00:00:00+00:00, run_after=2024-02-07 00:00:00+00:00
[2024-02-07T14:47:14.331+0000] {processor.py:183} INFO - Processing /home/airflow/.local/lib/python3.8/site-packages/airflow/example_dags/example_short_circuit_operator.py took 0.071 seconds
[2024-02-07T14:47:44.363+0000] {processor.py:161} INFO - Started process (PID=577) to work on /home/airflow/.local/lib/python3.8/site-packages/airflow/example_dags/example_short_circuit_operator.py
[2024-02-07T14:47:44.364+0000] {processor.py:830} INFO - Processing file /home/airflow/.local/lib/python3.8/site-packages/airflow/example_dags/example_short_circuit_operator.py for tasks to queue
[2024-02-07T14:47:44.366+0000] {logging_mixin.py:188} INFO - [2024-02-07T14:47:44.365+0000] {dagbag.py:538} INFO - Filling up the DagBag from /home/airflow/.local/lib/python3.8/site-packages/airflow/example_dags/example_short_circuit_operator.py
[2024-02-07T14:47:44.372+0000] {processor.py:840} INFO - DAG(s) 'example_short_circuit_operator' retrieved from /home/airflow/.local/lib/python3.8/site-packages/airflow/example_dags/example_short_circuit_operator.py
[2024-02-07T14:47:44.394+0000] {logging_mixin.py:188} INFO - [2024-02-07T14:47:44.394+0000] {dag.py:3036} INFO - Sync 1 DAGs
[2024-02-07T14:47:44.414+0000] {logging_mixin.py:188} INFO - [2024-02-07T14:47:44.414+0000] {dag.py:3823} INFO - Setting next_dagrun for example_short_circuit_operator to 2024-02-06 00:00:00+00:00, run_after=2024-02-07 00:00:00+00:00
[2024-02-07T14:47:44.433+0000] {processor.py:183} INFO - Processing /home/airflow/.local/lib/python3.8/site-packages/airflow/example_dags/example_short_circuit_operator.py took 0.072 seconds
[2024-02-07T14:48:14.947+0000] {processor.py:161} INFO - Started process (PID=635) to work on /home/airflow/.local/lib/python3.8/site-packages/airflow/example_dags/example_short_circuit_operator.py
[2024-02-07T14:48:14.948+0000] {processor.py:830} INFO - Processing file /home/airflow/.local/lib/python3.8/site-packages/airflow/example_dags/example_short_circuit_operator.py for tasks to queue
[2024-02-07T14:48:14.950+0000] {logging_mixin.py:188} INFO - [2024-02-07T14:48:14.950+0000] {dagbag.py:538} INFO - Filling up the DagBag from /home/airflow/.local/lib/python3.8/site-packages/airflow/example_dags/example_short_circuit_operator.py
[2024-02-07T14:48:14.957+0000] {processor.py:840} INFO - DAG(s) 'example_short_circuit_operator' retrieved from /home/airflow/.local/lib/python3.8/site-packages/airflow/example_dags/example_short_circuit_operator.py
[2024-02-07T14:48:14.980+0000] {logging_mixin.py:188} INFO - [2024-02-07T14:48:14.980+0000] {dag.py:3036} INFO - Sync 1 DAGs
[2024-02-07T14:48:15.001+0000] {logging_mixin.py:188} INFO - [2024-02-07T14:48:15.000+0000] {dag.py:3823} INFO - Setting next_dagrun for example_short_circuit_operator to 2024-02-06 00:00:00+00:00, run_after=2024-02-07 00:00:00+00:00
[2024-02-07T14:48:15.019+0000] {processor.py:183} INFO - Processing /home/airflow/.local/lib/python3.8/site-packages/airflow/example_dags/example_short_circuit_operator.py took 0.075 seconds
[2024-02-07T14:48:45.343+0000] {processor.py:161} INFO - Started process (PID=692) to work on /home/airflow/.local/lib/python3.8/site-packages/airflow/example_dags/example_short_circuit_operator.py
[2024-02-07T14:48:45.344+0000] {processor.py:830} INFO - Processing file /home/airflow/.local/lib/python3.8/site-packages/airflow/example_dags/example_short_circuit_operator.py for tasks to queue
[2024-02-07T14:48:45.345+0000] {logging_mixin.py:188} INFO - [2024-02-07T14:48:45.345+0000] {dagbag.py:538} INFO - Filling up the DagBag from /home/airflow/.local/lib/python3.8/site-packages/airflow/example_dags/example_short_circuit_operator.py
[2024-02-07T14:48:45.353+0000] {processor.py:840} INFO - DAG(s) 'example_short_circuit_operator' retrieved from /home/airflow/.local/lib/python3.8/site-packages/airflow/example_dags/example_short_circuit_operator.py
[2024-02-07T14:48:45.384+0000] {logging_mixin.py:188} INFO - [2024-02-07T14:48:45.384+0000] {dag.py:3036} INFO - Sync 1 DAGs
[2024-02-07T14:48:45.414+0000] {logging_mixin.py:188} INFO - [2024-02-07T14:48:45.413+0000] {dag.py:3823} INFO - Setting next_dagrun for example_short_circuit_operator to 2024-02-06 00:00:00+00:00, run_after=2024-02-07 00:00:00+00:00
[2024-02-07T14:48:45.434+0000] {processor.py:183} INFO - Processing /home/airflow/.local/lib/python3.8/site-packages/airflow/example_dags/example_short_circuit_operator.py took 0.094 seconds
[2024-02-07T14:49:15.533+0000] {processor.py:161} INFO - Started process (PID=749) to work on /home/airflow/.local/lib/python3.8/site-packages/airflow/example_dags/example_short_circuit_operator.py
[2024-02-07T14:49:15.534+0000] {processor.py:830} INFO - Processing file /home/airflow/.local/lib/python3.8/site-packages/airflow/example_dags/example_short_circuit_operator.py for tasks to queue
[2024-02-07T14:49:15.536+0000] {logging_mixin.py:188} INFO - [2024-02-07T14:49:15.535+0000] {dagbag.py:538} INFO - Filling up the DagBag from /home/airflow/.local/lib/python3.8/site-packages/airflow/example_dags/example_short_circuit_operator.py
[2024-02-07T14:49:15.543+0000] {processor.py:840} INFO - DAG(s) 'example_short_circuit_operator' retrieved from /home/airflow/.local/lib/python3.8/site-packages/airflow/example_dags/example_short_circuit_operator.py
[2024-02-07T14:49:15.565+0000] {logging_mixin.py:188} INFO - [2024-02-07T14:49:15.565+0000] {dag.py:3036} INFO - Sync 1 DAGs
[2024-02-07T14:49:15.586+0000] {logging_mixin.py:188} INFO - [2024-02-07T14:49:15.586+0000] {dag.py:3823} INFO - Setting next_dagrun for example_short_circuit_operator to 2024-02-06 00:00:00+00:00, run_after=2024-02-07 00:00:00+00:00
[2024-02-07T14:49:15.603+0000] {processor.py:183} INFO - Processing /home/airflow/.local/lib/python3.8/site-packages/airflow/example_dags/example_short_circuit_operator.py took 0.073 seconds
[2024-02-07T14:49:46.169+0000] {processor.py:161} INFO - Started process (PID=806) to work on /home/airflow/.local/lib/python3.8/site-packages/airflow/example_dags/example_short_circuit_operator.py
[2024-02-07T14:49:46.170+0000] {processor.py:830} INFO - Processing file /home/airflow/.local/lib/python3.8/site-packages/airflow/example_dags/example_short_circuit_operator.py for tasks to queue
[2024-02-07T14:49:46.171+0000] {logging_mixin.py:188} INFO - [2024-02-07T14:49:46.171+0000] {dagbag.py:538} INFO - Filling up the DagBag from /home/airflow/.local/lib/python3.8/site-packages/airflow/example_dags/example_short_circuit_operator.py
[2024-02-07T14:49:46.178+0000] {processor.py:840} INFO - DAG(s) 'example_short_circuit_operator' retrieved from /home/airflow/.local/lib/python3.8/site-packages/airflow/example_dags/example_short_circuit_operator.py
[2024-02-07T14:49:46.201+0000] {logging_mixin.py:188} INFO - [2024-02-07T14:49:46.200+0000] {dag.py:3036} INFO - Sync 1 DAGs
[2024-02-07T14:49:46.222+0000] {logging_mixin.py:188} INFO - [2024-02-07T14:49:46.221+0000] {dag.py:3823} INFO - Setting next_dagrun for example_short_circuit_operator to 2024-02-06 00:00:00+00:00, run_after=2024-02-07 00:00:00+00:00
[2024-02-07T14:49:46.240+0000] {processor.py:183} INFO - Processing /home/airflow/.local/lib/python3.8/site-packages/airflow/example_dags/example_short_circuit_operator.py took 0.074 seconds
[2024-02-07T14:50:16.945+0000] {processor.py:161} INFO - Started process (PID=863) to work on /home/airflow/.local/lib/python3.8/site-packages/airflow/example_dags/example_short_circuit_operator.py
[2024-02-07T14:50:16.945+0000] {processor.py:830} INFO - Processing file /home/airflow/.local/lib/python3.8/site-packages/airflow/example_dags/example_short_circuit_operator.py for tasks to queue
[2024-02-07T14:50:16.947+0000] {logging_mixin.py:188} INFO - [2024-02-07T14:50:16.947+0000] {dagbag.py:538} INFO - Filling up the DagBag from /home/airflow/.local/lib/python3.8/site-packages/airflow/example_dags/example_short_circuit_operator.py
[2024-02-07T14:50:16.956+0000] {processor.py:840} INFO - DAG(s) 'example_short_circuit_operator' retrieved from /home/airflow/.local/lib/python3.8/site-packages/airflow/example_dags/example_short_circuit_operator.py
[2024-02-07T14:50:16.984+0000] {logging_mixin.py:188} INFO - [2024-02-07T14:50:16.984+0000] {dag.py:3036} INFO - Sync 1 DAGs
[2024-02-07T14:50:17.006+0000] {logging_mixin.py:188} INFO - [2024-02-07T14:50:17.006+0000] {dag.py:3823} INFO - Setting next_dagrun for example_short_circuit_operator to 2024-02-06 00:00:00+00:00, run_after=2024-02-07 00:00:00+00:00
[2024-02-07T14:50:17.026+0000] {processor.py:183} INFO - Processing /home/airflow/.local/lib/python3.8/site-packages/airflow/example_dags/example_short_circuit_operator.py took 0.084 seconds
[2024-02-07T14:50:47.572+0000] {processor.py:161} INFO - Started process (PID=920) to work on /home/airflow/.local/lib/python3.8/site-packages/airflow/example_dags/example_short_circuit_operator.py
[2024-02-07T14:50:47.573+0000] {processor.py:830} INFO - Processing file /home/airflow/.local/lib/python3.8/site-packages/airflow/example_dags/example_short_circuit_operator.py for tasks to queue
[2024-02-07T14:50:47.576+0000] {logging_mixin.py:188} INFO - [2024-02-07T14:50:47.575+0000] {dagbag.py:538} INFO - Filling up the DagBag from /home/airflow/.local/lib/python3.8/site-packages/airflow/example_dags/example_short_circuit_operator.py
[2024-02-07T14:50:47.587+0000] {processor.py:840} INFO - DAG(s) 'example_short_circuit_operator' retrieved from /home/airflow/.local/lib/python3.8/site-packages/airflow/example_dags/example_short_circuit_operator.py
[2024-02-07T14:50:47.621+0000] {logging_mixin.py:188} INFO - [2024-02-07T14:50:47.621+0000] {dag.py:3036} INFO - Sync 1 DAGs
[2024-02-07T14:50:47.656+0000] {logging_mixin.py:188} INFO - [2024-02-07T14:50:47.656+0000] {dag.py:3823} INFO - Setting next_dagrun for example_short_circuit_operator to 2024-02-06 00:00:00+00:00, run_after=2024-02-07 00:00:00+00:00
[2024-02-07T14:50:47.684+0000] {processor.py:183} INFO - Processing /home/airflow/.local/lib/python3.8/site-packages/airflow/example_dags/example_short_circuit_operator.py took 0.115 seconds
[2024-02-07T14:51:18.392+0000] {processor.py:161} INFO - Started process (PID=978) to work on /home/airflow/.local/lib/python3.8/site-packages/airflow/example_dags/example_short_circuit_operator.py
[2024-02-07T14:51:18.393+0000] {processor.py:830} INFO - Processing file /home/airflow/.local/lib/python3.8/site-packages/airflow/example_dags/example_short_circuit_operator.py for tasks to queue
[2024-02-07T14:51:18.395+0000] {logging_mixin.py:188} INFO - [2024-02-07T14:51:18.395+0000] {dagbag.py:538} INFO - Filling up the DagBag from /home/airflow/.local/lib/python3.8/site-packages/airflow/example_dags/example_short_circuit_operator.py
[2024-02-07T14:51:18.407+0000] {processor.py:840} INFO - DAG(s) 'example_short_circuit_operator' retrieved from /home/airflow/.local/lib/python3.8/site-packages/airflow/example_dags/example_short_circuit_operator.py
[2024-02-07T14:51:18.441+0000] {logging_mixin.py:188} INFO - [2024-02-07T14:51:18.440+0000] {dag.py:3036} INFO - Sync 1 DAGs
[2024-02-07T14:51:18.470+0000] {logging_mixin.py:188} INFO - [2024-02-07T14:51:18.470+0000] {dag.py:3823} INFO - Setting next_dagrun for example_short_circuit_operator to 2024-02-06 00:00:00+00:00, run_after=2024-02-07 00:00:00+00:00
[2024-02-07T14:51:18.489+0000] {processor.py:183} INFO - Processing /home/airflow/.local/lib/python3.8/site-packages/airflow/example_dags/example_short_circuit_operator.py took 0.100 seconds
[2024-02-07T14:51:48.802+0000] {processor.py:161} INFO - Started process (PID=1035) to work on /home/airflow/.local/lib/python3.8/site-packages/airflow/example_dags/example_short_circuit_operator.py
[2024-02-07T14:51:48.803+0000] {processor.py:830} INFO - Processing file /home/airflow/.local/lib/python3.8/site-packages/airflow/example_dags/example_short_circuit_operator.py for tasks to queue
[2024-02-07T14:51:48.804+0000] {logging_mixin.py:188} INFO - [2024-02-07T14:51:48.804+0000] {dagbag.py:538} INFO - Filling up the DagBag from /home/airflow/.local/lib/python3.8/site-packages/airflow/example_dags/example_short_circuit_operator.py
[2024-02-07T14:51:48.812+0000] {processor.py:840} INFO - DAG(s) 'example_short_circuit_operator' retrieved from /home/airflow/.local/lib/python3.8/site-packages/airflow/example_dags/example_short_circuit_operator.py
[2024-02-07T14:51:48.833+0000] {logging_mixin.py:188} INFO - [2024-02-07T14:51:48.833+0000] {dag.py:3036} INFO - Sync 1 DAGs
[2024-02-07T14:51:48.854+0000] {logging_mixin.py:188} INFO - [2024-02-07T14:51:48.853+0000] {dag.py:3823} INFO - Setting next_dagrun for example_short_circuit_operator to 2024-02-06 00:00:00+00:00, run_after=2024-02-07 00:00:00+00:00
[2024-02-07T14:51:48.872+0000] {processor.py:183} INFO - Processing /home/airflow/.local/lib/python3.8/site-packages/airflow/example_dags/example_short_circuit_operator.py took 0.073 seconds
[2024-02-07T14:52:18.925+0000] {processor.py:161} INFO - Started process (PID=1092) to work on /home/airflow/.local/lib/python3.8/site-packages/airflow/example_dags/example_short_circuit_operator.py
[2024-02-07T14:52:18.925+0000] {processor.py:830} INFO - Processing file /home/airflow/.local/lib/python3.8/site-packages/airflow/example_dags/example_short_circuit_operator.py for tasks to queue
[2024-02-07T14:52:18.927+0000] {logging_mixin.py:188} INFO - [2024-02-07T14:52:18.927+0000] {dagbag.py:538} INFO - Filling up the DagBag from /home/airflow/.local/lib/python3.8/site-packages/airflow/example_dags/example_short_circuit_operator.py
[2024-02-07T14:52:18.935+0000] {processor.py:840} INFO - DAG(s) 'example_short_circuit_operator' retrieved from /home/airflow/.local/lib/python3.8/site-packages/airflow/example_dags/example_short_circuit_operator.py
[2024-02-07T14:52:18.957+0000] {logging_mixin.py:188} INFO - [2024-02-07T14:52:18.957+0000] {dag.py:3036} INFO - Sync 1 DAGs
[2024-02-07T14:52:18.978+0000] {logging_mixin.py:188} INFO - [2024-02-07T14:52:18.978+0000] {dag.py:3823} INFO - Setting next_dagrun for example_short_circuit_operator to 2024-02-06 00:00:00+00:00, run_after=2024-02-07 00:00:00+00:00
[2024-02-07T14:52:18.997+0000] {processor.py:183} INFO - Processing /home/airflow/.local/lib/python3.8/site-packages/airflow/example_dags/example_short_circuit_operator.py took 0.076 seconds
[2024-02-07T14:53:49.536+0000] {processor.py:161} INFO - Started process (PID=66) to work on /home/airflow/.local/lib/python3.8/site-packages/airflow/example_dags/example_short_circuit_operator.py
[2024-02-07T14:53:49.537+0000] {processor.py:830} INFO - Processing file /home/airflow/.local/lib/python3.8/site-packages/airflow/example_dags/example_short_circuit_operator.py for tasks to queue
[2024-02-07T14:53:49.540+0000] {logging_mixin.py:188} INFO - [2024-02-07T14:53:49.540+0000] {dagbag.py:538} INFO - Filling up the DagBag from /home/airflow/.local/lib/python3.8/site-packages/airflow/example_dags/example_short_circuit_operator.py
[2024-02-07T14:53:49.555+0000] {processor.py:840} INFO - DAG(s) 'example_short_circuit_operator' retrieved from /home/airflow/.local/lib/python3.8/site-packages/airflow/example_dags/example_short_circuit_operator.py
[2024-02-07T14:53:49.573+0000] {logging_mixin.py:188} INFO - [2024-02-07T14:53:49.573+0000] {dag.py:3036} INFO - Sync 1 DAGs
[2024-02-07T14:53:49.625+0000] {logging_mixin.py:188} INFO - [2024-02-07T14:53:49.624+0000] {dag.py:3823} INFO - Setting next_dagrun for example_short_circuit_operator to 2024-02-06 00:00:00+00:00, run_after=2024-02-07 00:00:00+00:00
[2024-02-07T14:53:49.656+0000] {processor.py:183} INFO - Processing /home/airflow/.local/lib/python3.8/site-packages/airflow/example_dags/example_short_circuit_operator.py took 0.125 seconds
[2024-02-07T14:54:20.629+0000] {processor.py:161} INFO - Started process (PID=122) to work on /home/airflow/.local/lib/python3.8/site-packages/airflow/example_dags/example_short_circuit_operator.py
[2024-02-07T14:54:20.630+0000] {processor.py:830} INFO - Processing file /home/airflow/.local/lib/python3.8/site-packages/airflow/example_dags/example_short_circuit_operator.py for tasks to queue
[2024-02-07T14:54:20.632+0000] {logging_mixin.py:188} INFO - [2024-02-07T14:54:20.631+0000] {dagbag.py:538} INFO - Filling up the DagBag from /home/airflow/.local/lib/python3.8/site-packages/airflow/example_dags/example_short_circuit_operator.py
[2024-02-07T14:54:20.638+0000] {processor.py:840} INFO - DAG(s) 'example_short_circuit_operator' retrieved from /home/airflow/.local/lib/python3.8/site-packages/airflow/example_dags/example_short_circuit_operator.py
[2024-02-07T14:54:20.743+0000] {logging_mixin.py:188} INFO - [2024-02-07T14:54:20.742+0000] {dag.py:3036} INFO - Sync 1 DAGs
[2024-02-07T14:54:20.761+0000] {logging_mixin.py:188} INFO - [2024-02-07T14:54:20.761+0000] {dag.py:3823} INFO - Setting next_dagrun for example_short_circuit_operator to 2024-02-06 00:00:00+00:00, run_after=2024-02-07 00:00:00+00:00
[2024-02-07T14:54:20.784+0000] {processor.py:183} INFO - Processing /home/airflow/.local/lib/python3.8/site-packages/airflow/example_dags/example_short_circuit_operator.py took 0.158 seconds
[2024-02-07T14:54:51.006+0000] {processor.py:161} INFO - Started process (PID=179) to work on /home/airflow/.local/lib/python3.8/site-packages/airflow/example_dags/example_short_circuit_operator.py
[2024-02-07T14:54:51.007+0000] {processor.py:830} INFO - Processing file /home/airflow/.local/lib/python3.8/site-packages/airflow/example_dags/example_short_circuit_operator.py for tasks to queue
[2024-02-07T14:54:51.008+0000] {logging_mixin.py:188} INFO - [2024-02-07T14:54:51.008+0000] {dagbag.py:538} INFO - Filling up the DagBag from /home/airflow/.local/lib/python3.8/site-packages/airflow/example_dags/example_short_circuit_operator.py
[2024-02-07T14:54:51.015+0000] {processor.py:840} INFO - DAG(s) 'example_short_circuit_operator' retrieved from /home/airflow/.local/lib/python3.8/site-packages/airflow/example_dags/example_short_circuit_operator.py
[2024-02-07T14:54:51.048+0000] {logging_mixin.py:188} INFO - [2024-02-07T14:54:51.048+0000] {dag.py:3036} INFO - Sync 1 DAGs
[2024-02-07T14:54:51.078+0000] {logging_mixin.py:188} INFO - [2024-02-07T14:54:51.077+0000] {dag.py:3823} INFO - Setting next_dagrun for example_short_circuit_operator to 2024-02-06 00:00:00+00:00, run_after=2024-02-07 00:00:00+00:00
[2024-02-07T14:54:51.101+0000] {processor.py:183} INFO - Processing /home/airflow/.local/lib/python3.8/site-packages/airflow/example_dags/example_short_circuit_operator.py took 0.099 seconds
[2024-02-07T15:05:11.171+0000] {processor.py:161} INFO - Started process (PID=67) to work on /home/airflow/.local/lib/python3.8/site-packages/airflow/example_dags/example_short_circuit_operator.py
[2024-02-07T15:05:11.172+0000] {processor.py:830} INFO - Processing file /home/airflow/.local/lib/python3.8/site-packages/airflow/example_dags/example_short_circuit_operator.py for tasks to queue
[2024-02-07T15:05:11.174+0000] {logging_mixin.py:188} INFO - [2024-02-07T15:05:11.174+0000] {dagbag.py:538} INFO - Filling up the DagBag from /home/airflow/.local/lib/python3.8/site-packages/airflow/example_dags/example_short_circuit_operator.py
[2024-02-07T15:05:11.182+0000] {processor.py:840} INFO - DAG(s) 'example_short_circuit_operator' retrieved from /home/airflow/.local/lib/python3.8/site-packages/airflow/example_dags/example_short_circuit_operator.py
[2024-02-07T15:05:11.194+0000] {logging_mixin.py:188} INFO - [2024-02-07T15:05:11.194+0000] {dag.py:3036} INFO - Sync 1 DAGs
[2024-02-07T15:05:11.217+0000] {logging_mixin.py:188} INFO - [2024-02-07T15:05:11.217+0000] {dag.py:3823} INFO - Setting next_dagrun for example_short_circuit_operator to 2024-02-06 00:00:00+00:00, run_after=2024-02-07 00:00:00+00:00
[2024-02-07T15:05:11.248+0000] {processor.py:183} INFO - Processing /home/airflow/.local/lib/python3.8/site-packages/airflow/example_dags/example_short_circuit_operator.py took 0.080 seconds
[2024-02-07T15:05:43.518+0000] {processor.py:161} INFO - Started process (PID=124) to work on /home/airflow/.local/lib/python3.8/site-packages/airflow/example_dags/example_short_circuit_operator.py
[2024-02-07T15:05:43.519+0000] {processor.py:830} INFO - Processing file /home/airflow/.local/lib/python3.8/site-packages/airflow/example_dags/example_short_circuit_operator.py for tasks to queue
[2024-02-07T15:05:43.522+0000] {logging_mixin.py:188} INFO - [2024-02-07T15:05:43.521+0000] {dagbag.py:538} INFO - Filling up the DagBag from /home/airflow/.local/lib/python3.8/site-packages/airflow/example_dags/example_short_circuit_operator.py
[2024-02-07T15:05:43.532+0000] {processor.py:840} INFO - DAG(s) 'example_short_circuit_operator' retrieved from /home/airflow/.local/lib/python3.8/site-packages/airflow/example_dags/example_short_circuit_operator.py
[2024-02-07T15:05:43.688+0000] {logging_mixin.py:188} INFO - [2024-02-07T15:05:43.687+0000] {dag.py:3036} INFO - Sync 1 DAGs
[2024-02-07T15:05:43.715+0000] {logging_mixin.py:188} INFO - [2024-02-07T15:05:43.715+0000] {dag.py:3823} INFO - Setting next_dagrun for example_short_circuit_operator to 2024-02-06 00:00:00+00:00, run_after=2024-02-07 00:00:00+00:00
[2024-02-07T15:05:43.739+0000] {processor.py:183} INFO - Processing /home/airflow/.local/lib/python3.8/site-packages/airflow/example_dags/example_short_circuit_operator.py took 0.224 seconds
[2024-02-07T15:07:18.077+0000] {processor.py:161} INFO - Started process (PID=67) to work on /home/airflow/.local/lib/python3.8/site-packages/airflow/example_dags/example_short_circuit_operator.py
[2024-02-07T15:07:18.078+0000] {processor.py:830} INFO - Processing file /home/airflow/.local/lib/python3.8/site-packages/airflow/example_dags/example_short_circuit_operator.py for tasks to queue
[2024-02-07T15:07:18.080+0000] {logging_mixin.py:188} INFO - [2024-02-07T15:07:18.080+0000] {dagbag.py:538} INFO - Filling up the DagBag from /home/airflow/.local/lib/python3.8/site-packages/airflow/example_dags/example_short_circuit_operator.py
[2024-02-07T15:07:18.088+0000] {processor.py:840} INFO - DAG(s) 'example_short_circuit_operator' retrieved from /home/airflow/.local/lib/python3.8/site-packages/airflow/example_dags/example_short_circuit_operator.py
[2024-02-07T15:07:18.100+0000] {logging_mixin.py:188} INFO - [2024-02-07T15:07:18.100+0000] {dag.py:3036} INFO - Sync 1 DAGs
[2024-02-07T15:07:18.123+0000] {logging_mixin.py:188} INFO - [2024-02-07T15:07:18.123+0000] {dag.py:3823} INFO - Setting next_dagrun for example_short_circuit_operator to 2024-02-06 00:00:00+00:00, run_after=2024-02-07 00:00:00+00:00
[2024-02-07T15:07:18.143+0000] {processor.py:183} INFO - Processing /home/airflow/.local/lib/python3.8/site-packages/airflow/example_dags/example_short_circuit_operator.py took 0.069 seconds
[2024-02-07T15:07:49.750+0000] {processor.py:161} INFO - Started process (PID=124) to work on /home/airflow/.local/lib/python3.8/site-packages/airflow/example_dags/example_short_circuit_operator.py
[2024-02-07T15:07:49.751+0000] {processor.py:830} INFO - Processing file /home/airflow/.local/lib/python3.8/site-packages/airflow/example_dags/example_short_circuit_operator.py for tasks to queue
[2024-02-07T15:07:49.753+0000] {logging_mixin.py:188} INFO - [2024-02-07T15:07:49.752+0000] {dagbag.py:538} INFO - Filling up the DagBag from /home/airflow/.local/lib/python3.8/site-packages/airflow/example_dags/example_short_circuit_operator.py
[2024-02-07T15:07:49.760+0000] {processor.py:840} INFO - DAG(s) 'example_short_circuit_operator' retrieved from /home/airflow/.local/lib/python3.8/site-packages/airflow/example_dags/example_short_circuit_operator.py
[2024-02-07T15:07:49.877+0000] {logging_mixin.py:188} INFO - [2024-02-07T15:07:49.877+0000] {dag.py:3036} INFO - Sync 1 DAGs
[2024-02-07T15:07:49.902+0000] {logging_mixin.py:188} INFO - [2024-02-07T15:07:49.902+0000] {dag.py:3823} INFO - Setting next_dagrun for example_short_circuit_operator to 2024-02-06 00:00:00+00:00, run_after=2024-02-07 00:00:00+00:00
[2024-02-07T15:07:49.926+0000] {processor.py:183} INFO - Processing /home/airflow/.local/lib/python3.8/site-packages/airflow/example_dags/example_short_circuit_operator.py took 0.180 seconds
[2024-02-07T15:08:20.670+0000] {processor.py:161} INFO - Started process (PID=181) to work on /home/airflow/.local/lib/python3.8/site-packages/airflow/example_dags/example_short_circuit_operator.py
[2024-02-07T15:08:20.671+0000] {processor.py:830} INFO - Processing file /home/airflow/.local/lib/python3.8/site-packages/airflow/example_dags/example_short_circuit_operator.py for tasks to queue
[2024-02-07T15:08:20.673+0000] {logging_mixin.py:188} INFO - [2024-02-07T15:08:20.673+0000] {dagbag.py:538} INFO - Filling up the DagBag from /home/airflow/.local/lib/python3.8/site-packages/airflow/example_dags/example_short_circuit_operator.py
[2024-02-07T15:08:20.680+0000] {processor.py:840} INFO - DAG(s) 'example_short_circuit_operator' retrieved from /home/airflow/.local/lib/python3.8/site-packages/airflow/example_dags/example_short_circuit_operator.py
[2024-02-07T15:08:20.703+0000] {logging_mixin.py:188} INFO - [2024-02-07T15:08:20.703+0000] {dag.py:3036} INFO - Sync 1 DAGs
[2024-02-07T15:08:20.724+0000] {logging_mixin.py:188} INFO - [2024-02-07T15:08:20.724+0000] {dag.py:3823} INFO - Setting next_dagrun for example_short_circuit_operator to 2024-02-06 00:00:00+00:00, run_after=2024-02-07 00:00:00+00:00
[2024-02-07T15:08:20.743+0000] {processor.py:183} INFO - Processing /home/airflow/.local/lib/python3.8/site-packages/airflow/example_dags/example_short_circuit_operator.py took 0.075 seconds
[2024-02-07T15:08:51.477+0000] {processor.py:161} INFO - Started process (PID=238) to work on /home/airflow/.local/lib/python3.8/site-packages/airflow/example_dags/example_short_circuit_operator.py
[2024-02-07T15:08:51.478+0000] {processor.py:830} INFO - Processing file /home/airflow/.local/lib/python3.8/site-packages/airflow/example_dags/example_short_circuit_operator.py for tasks to queue
[2024-02-07T15:08:51.480+0000] {logging_mixin.py:188} INFO - [2024-02-07T15:08:51.480+0000] {dagbag.py:538} INFO - Filling up the DagBag from /home/airflow/.local/lib/python3.8/site-packages/airflow/example_dags/example_short_circuit_operator.py
[2024-02-07T15:08:51.488+0000] {processor.py:840} INFO - DAG(s) 'example_short_circuit_operator' retrieved from /home/airflow/.local/lib/python3.8/site-packages/airflow/example_dags/example_short_circuit_operator.py
[2024-02-07T15:08:51.511+0000] {logging_mixin.py:188} INFO - [2024-02-07T15:08:51.510+0000] {dag.py:3036} INFO - Sync 1 DAGs
[2024-02-07T15:08:51.531+0000] {logging_mixin.py:188} INFO - [2024-02-07T15:08:51.531+0000] {dag.py:3823} INFO - Setting next_dagrun for example_short_circuit_operator to 2024-02-06 00:00:00+00:00, run_after=2024-02-07 00:00:00+00:00
[2024-02-07T15:08:51.549+0000] {processor.py:183} INFO - Processing /home/airflow/.local/lib/python3.8/site-packages/airflow/example_dags/example_short_circuit_operator.py took 0.075 seconds
[2024-02-07T15:09:21.993+0000] {processor.py:161} INFO - Started process (PID=295) to work on /home/airflow/.local/lib/python3.8/site-packages/airflow/example_dags/example_short_circuit_operator.py
[2024-02-07T15:09:21.994+0000] {processor.py:830} INFO - Processing file /home/airflow/.local/lib/python3.8/site-packages/airflow/example_dags/example_short_circuit_operator.py for tasks to queue
[2024-02-07T15:09:21.996+0000] {logging_mixin.py:188} INFO - [2024-02-07T15:09:21.995+0000] {dagbag.py:538} INFO - Filling up the DagBag from /home/airflow/.local/lib/python3.8/site-packages/airflow/example_dags/example_short_circuit_operator.py
[2024-02-07T15:09:22.006+0000] {processor.py:840} INFO - DAG(s) 'example_short_circuit_operator' retrieved from /home/airflow/.local/lib/python3.8/site-packages/airflow/example_dags/example_short_circuit_operator.py
[2024-02-07T15:09:22.035+0000] {logging_mixin.py:188} INFO - [2024-02-07T15:09:22.035+0000] {dag.py:3036} INFO - Sync 1 DAGs
[2024-02-07T15:09:22.061+0000] {logging_mixin.py:188} INFO - [2024-02-07T15:09:22.061+0000] {dag.py:3823} INFO - Setting next_dagrun for example_short_circuit_operator to 2024-02-06 00:00:00+00:00, run_after=2024-02-07 00:00:00+00:00
[2024-02-07T15:09:22.085+0000] {processor.py:183} INFO - Processing /home/airflow/.local/lib/python3.8/site-packages/airflow/example_dags/example_short_circuit_operator.py took 0.096 seconds
[2024-02-07T15:57:17.390+0000] {processor.py:161} INFO - Started process (PID=67) to work on /home/airflow/.local/lib/python3.8/site-packages/airflow/example_dags/example_short_circuit_operator.py
[2024-02-07T15:57:17.391+0000] {processor.py:830} INFO - Processing file /home/airflow/.local/lib/python3.8/site-packages/airflow/example_dags/example_short_circuit_operator.py for tasks to queue
[2024-02-07T15:57:17.393+0000] {logging_mixin.py:188} INFO - [2024-02-07T15:57:17.393+0000] {dagbag.py:538} INFO - Filling up the DagBag from /home/airflow/.local/lib/python3.8/site-packages/airflow/example_dags/example_short_circuit_operator.py
[2024-02-07T15:57:17.401+0000] {processor.py:840} INFO - DAG(s) 'example_short_circuit_operator' retrieved from /home/airflow/.local/lib/python3.8/site-packages/airflow/example_dags/example_short_circuit_operator.py
[2024-02-07T15:57:17.413+0000] {logging_mixin.py:188} INFO - [2024-02-07T15:57:17.413+0000] {dag.py:3036} INFO - Sync 1 DAGs
[2024-02-07T15:57:17.436+0000] {logging_mixin.py:188} INFO - [2024-02-07T15:57:17.436+0000] {dag.py:3823} INFO - Setting next_dagrun for example_short_circuit_operator to 2024-02-06 00:00:00+00:00, run_after=2024-02-07 00:00:00+00:00
[2024-02-07T15:57:17.454+0000] {processor.py:183} INFO - Processing /home/airflow/.local/lib/python3.8/site-packages/airflow/example_dags/example_short_circuit_operator.py took 0.066 seconds
[2024-02-07T15:57:48.954+0000] {processor.py:161} INFO - Started process (PID=124) to work on /home/airflow/.local/lib/python3.8/site-packages/airflow/example_dags/example_short_circuit_operator.py
[2024-02-07T15:57:48.955+0000] {processor.py:830} INFO - Processing file /home/airflow/.local/lib/python3.8/site-packages/airflow/example_dags/example_short_circuit_operator.py for tasks to queue
[2024-02-07T15:57:48.956+0000] {logging_mixin.py:188} INFO - [2024-02-07T15:57:48.956+0000] {dagbag.py:538} INFO - Filling up the DagBag from /home/airflow/.local/lib/python3.8/site-packages/airflow/example_dags/example_short_circuit_operator.py
[2024-02-07T15:57:48.964+0000] {processor.py:840} INFO - DAG(s) 'example_short_circuit_operator' retrieved from /home/airflow/.local/lib/python3.8/site-packages/airflow/example_dags/example_short_circuit_operator.py
[2024-02-07T15:57:49.081+0000] {logging_mixin.py:188} INFO - [2024-02-07T15:57:49.080+0000] {dag.py:3036} INFO - Sync 1 DAGs
[2024-02-07T15:57:49.103+0000] {logging_mixin.py:188} INFO - [2024-02-07T15:57:49.102+0000] {dag.py:3823} INFO - Setting next_dagrun for example_short_circuit_operator to 2024-02-06 00:00:00+00:00, run_after=2024-02-07 00:00:00+00:00
[2024-02-07T15:57:49.136+0000] {processor.py:183} INFO - Processing /home/airflow/.local/lib/python3.8/site-packages/airflow/example_dags/example_short_circuit_operator.py took 0.186 seconds
[2024-02-07T15:58:19.471+0000] {processor.py:161} INFO - Started process (PID=181) to work on /home/airflow/.local/lib/python3.8/site-packages/airflow/example_dags/example_short_circuit_operator.py
[2024-02-07T15:58:19.471+0000] {processor.py:830} INFO - Processing file /home/airflow/.local/lib/python3.8/site-packages/airflow/example_dags/example_short_circuit_operator.py for tasks to queue
[2024-02-07T15:58:19.473+0000] {logging_mixin.py:188} INFO - [2024-02-07T15:58:19.473+0000] {dagbag.py:538} INFO - Filling up the DagBag from /home/airflow/.local/lib/python3.8/site-packages/airflow/example_dags/example_short_circuit_operator.py
[2024-02-07T15:58:19.480+0000] {processor.py:840} INFO - DAG(s) 'example_short_circuit_operator' retrieved from /home/airflow/.local/lib/python3.8/site-packages/airflow/example_dags/example_short_circuit_operator.py
[2024-02-07T15:58:19.503+0000] {logging_mixin.py:188} INFO - [2024-02-07T15:58:19.503+0000] {dag.py:3036} INFO - Sync 1 DAGs
[2024-02-07T15:58:19.535+0000] {logging_mixin.py:188} INFO - [2024-02-07T15:58:19.535+0000] {dag.py:3823} INFO - Setting next_dagrun for example_short_circuit_operator to 2024-02-06 00:00:00+00:00, run_after=2024-02-07 00:00:00+00:00
[2024-02-07T15:58:19.558+0000] {processor.py:183} INFO - Processing /home/airflow/.local/lib/python3.8/site-packages/airflow/example_dags/example_short_circuit_operator.py took 0.091 seconds
[2024-02-07T16:10:53.517+0000] {processor.py:161} INFO - Started process (PID=67) to work on /home/airflow/.local/lib/python3.8/site-packages/airflow/example_dags/example_short_circuit_operator.py
[2024-02-07T16:10:53.518+0000] {processor.py:830} INFO - Processing file /home/airflow/.local/lib/python3.8/site-packages/airflow/example_dags/example_short_circuit_operator.py for tasks to queue
[2024-02-07T16:10:53.521+0000] {logging_mixin.py:188} INFO - [2024-02-07T16:10:53.520+0000] {dagbag.py:538} INFO - Filling up the DagBag from /home/airflow/.local/lib/python3.8/site-packages/airflow/example_dags/example_short_circuit_operator.py
[2024-02-07T16:10:53.531+0000] {processor.py:840} INFO - DAG(s) 'example_short_circuit_operator' retrieved from /home/airflow/.local/lib/python3.8/site-packages/airflow/example_dags/example_short_circuit_operator.py
[2024-02-07T16:10:53.549+0000] {logging_mixin.py:188} INFO - [2024-02-07T16:10:53.549+0000] {dag.py:3036} INFO - Sync 1 DAGs
[2024-02-07T16:10:53.594+0000] {logging_mixin.py:188} INFO - [2024-02-07T16:10:53.594+0000] {dag.py:3823} INFO - Setting next_dagrun for example_short_circuit_operator to 2024-02-06 00:00:00+00:00, run_after=2024-02-07 00:00:00+00:00
[2024-02-07T16:10:53.622+0000] {processor.py:183} INFO - Processing /home/airflow/.local/lib/python3.8/site-packages/airflow/example_dags/example_short_circuit_operator.py took 0.109 seconds
[2024-02-07T16:11:25.280+0000] {processor.py:161} INFO - Started process (PID=124) to work on /home/airflow/.local/lib/python3.8/site-packages/airflow/example_dags/example_short_circuit_operator.py
[2024-02-07T16:11:25.281+0000] {processor.py:830} INFO - Processing file /home/airflow/.local/lib/python3.8/site-packages/airflow/example_dags/example_short_circuit_operator.py for tasks to queue
[2024-02-07T16:11:25.282+0000] {logging_mixin.py:188} INFO - [2024-02-07T16:11:25.282+0000] {dagbag.py:538} INFO - Filling up the DagBag from /home/airflow/.local/lib/python3.8/site-packages/airflow/example_dags/example_short_circuit_operator.py
[2024-02-07T16:11:25.289+0000] {processor.py:840} INFO - DAG(s) 'example_short_circuit_operator' retrieved from /home/airflow/.local/lib/python3.8/site-packages/airflow/example_dags/example_short_circuit_operator.py
[2024-02-07T16:11:25.396+0000] {logging_mixin.py:188} INFO - [2024-02-07T16:11:25.395+0000] {dag.py:3036} INFO - Sync 1 DAGs
[2024-02-07T16:11:25.424+0000] {logging_mixin.py:188} INFO - [2024-02-07T16:11:25.424+0000] {dag.py:3823} INFO - Setting next_dagrun for example_short_circuit_operator to 2024-02-06 00:00:00+00:00, run_after=2024-02-07 00:00:00+00:00
[2024-02-07T16:11:25.447+0000] {processor.py:183} INFO - Processing /home/airflow/.local/lib/python3.8/site-packages/airflow/example_dags/example_short_circuit_operator.py took 0.170 seconds
[2024-02-07T16:11:55.619+0000] {processor.py:161} INFO - Started process (PID=181) to work on /home/airflow/.local/lib/python3.8/site-packages/airflow/example_dags/example_short_circuit_operator.py
[2024-02-07T16:11:55.620+0000] {processor.py:830} INFO - Processing file /home/airflow/.local/lib/python3.8/site-packages/airflow/example_dags/example_short_circuit_operator.py for tasks to queue
[2024-02-07T16:11:55.621+0000] {logging_mixin.py:188} INFO - [2024-02-07T16:11:55.621+0000] {dagbag.py:538} INFO - Filling up the DagBag from /home/airflow/.local/lib/python3.8/site-packages/airflow/example_dags/example_short_circuit_operator.py
[2024-02-07T16:11:55.628+0000] {processor.py:840} INFO - DAG(s) 'example_short_circuit_operator' retrieved from /home/airflow/.local/lib/python3.8/site-packages/airflow/example_dags/example_short_circuit_operator.py
[2024-02-07T16:11:55.650+0000] {logging_mixin.py:188} INFO - [2024-02-07T16:11:55.650+0000] {dag.py:3036} INFO - Sync 1 DAGs
[2024-02-07T16:11:55.672+0000] {logging_mixin.py:188} INFO - [2024-02-07T16:11:55.671+0000] {dag.py:3823} INFO - Setting next_dagrun for example_short_circuit_operator to 2024-02-06 00:00:00+00:00, run_after=2024-02-07 00:00:00+00:00
[2024-02-07T16:11:55.691+0000] {processor.py:183} INFO - Processing /home/airflow/.local/lib/python3.8/site-packages/airflow/example_dags/example_short_circuit_operator.py took 0.075 seconds
[2024-02-07T16:12:26.366+0000] {processor.py:161} INFO - Started process (PID=238) to work on /home/airflow/.local/lib/python3.8/site-packages/airflow/example_dags/example_short_circuit_operator.py
[2024-02-07T16:12:26.367+0000] {processor.py:830} INFO - Processing file /home/airflow/.local/lib/python3.8/site-packages/airflow/example_dags/example_short_circuit_operator.py for tasks to queue
[2024-02-07T16:12:26.368+0000] {logging_mixin.py:188} INFO - [2024-02-07T16:12:26.368+0000] {dagbag.py:538} INFO - Filling up the DagBag from /home/airflow/.local/lib/python3.8/site-packages/airflow/example_dags/example_short_circuit_operator.py
[2024-02-07T16:12:26.376+0000] {processor.py:840} INFO - DAG(s) 'example_short_circuit_operator' retrieved from /home/airflow/.local/lib/python3.8/site-packages/airflow/example_dags/example_short_circuit_operator.py
[2024-02-07T16:12:26.398+0000] {logging_mixin.py:188} INFO - [2024-02-07T16:12:26.398+0000] {dag.py:3036} INFO - Sync 1 DAGs
[2024-02-07T16:12:26.419+0000] {logging_mixin.py:188} INFO - [2024-02-07T16:12:26.419+0000] {dag.py:3823} INFO - Setting next_dagrun for example_short_circuit_operator to 2024-02-06 00:00:00+00:00, run_after=2024-02-07 00:00:00+00:00
[2024-02-07T16:12:26.437+0000] {processor.py:183} INFO - Processing /home/airflow/.local/lib/python3.8/site-packages/airflow/example_dags/example_short_circuit_operator.py took 0.074 seconds
[2024-02-07T16:12:57.438+0000] {processor.py:161} INFO - Started process (PID=295) to work on /home/airflow/.local/lib/python3.8/site-packages/airflow/example_dags/example_short_circuit_operator.py
[2024-02-07T16:12:57.439+0000] {processor.py:830} INFO - Processing file /home/airflow/.local/lib/python3.8/site-packages/airflow/example_dags/example_short_circuit_operator.py for tasks to queue
[2024-02-07T16:12:57.440+0000] {logging_mixin.py:188} INFO - [2024-02-07T16:12:57.440+0000] {dagbag.py:538} INFO - Filling up the DagBag from /home/airflow/.local/lib/python3.8/site-packages/airflow/example_dags/example_short_circuit_operator.py
[2024-02-07T16:12:57.447+0000] {processor.py:840} INFO - DAG(s) 'example_short_circuit_operator' retrieved from /home/airflow/.local/lib/python3.8/site-packages/airflow/example_dags/example_short_circuit_operator.py
[2024-02-07T16:12:57.471+0000] {logging_mixin.py:188} INFO - [2024-02-07T16:12:57.471+0000] {dag.py:3036} INFO - Sync 1 DAGs
[2024-02-07T16:12:57.503+0000] {logging_mixin.py:188} INFO - [2024-02-07T16:12:57.503+0000] {dag.py:3823} INFO - Setting next_dagrun for example_short_circuit_operator to 2024-02-06 00:00:00+00:00, run_after=2024-02-07 00:00:00+00:00
[2024-02-07T16:12:57.526+0000] {processor.py:183} INFO - Processing /home/airflow/.local/lib/python3.8/site-packages/airflow/example_dags/example_short_circuit_operator.py took 0.092 seconds
[2024-02-07T16:13:28.557+0000] {processor.py:161} INFO - Started process (PID=352) to work on /home/airflow/.local/lib/python3.8/site-packages/airflow/example_dags/example_short_circuit_operator.py
[2024-02-07T16:13:28.558+0000] {processor.py:830} INFO - Processing file /home/airflow/.local/lib/python3.8/site-packages/airflow/example_dags/example_short_circuit_operator.py for tasks to queue
[2024-02-07T16:13:28.560+0000] {logging_mixin.py:188} INFO - [2024-02-07T16:13:28.559+0000] {dagbag.py:538} INFO - Filling up the DagBag from /home/airflow/.local/lib/python3.8/site-packages/airflow/example_dags/example_short_circuit_operator.py
[2024-02-07T16:13:28.567+0000] {processor.py:840} INFO - DAG(s) 'example_short_circuit_operator' retrieved from /home/airflow/.local/lib/python3.8/site-packages/airflow/example_dags/example_short_circuit_operator.py
[2024-02-07T16:13:28.600+0000] {logging_mixin.py:188} INFO - [2024-02-07T16:13:28.600+0000] {dag.py:3036} INFO - Sync 1 DAGs
[2024-02-07T16:13:28.633+0000] {logging_mixin.py:188} INFO - [2024-02-07T16:13:28.633+0000] {dag.py:3823} INFO - Setting next_dagrun for example_short_circuit_operator to 2024-02-06 00:00:00+00:00, run_after=2024-02-07 00:00:00+00:00
[2024-02-07T16:13:28.656+0000] {processor.py:183} INFO - Processing /home/airflow/.local/lib/python3.8/site-packages/airflow/example_dags/example_short_circuit_operator.py took 0.102 seconds
[2024-02-07T16:13:58.768+0000] {processor.py:161} INFO - Started process (PID=407) to work on /home/airflow/.local/lib/python3.8/site-packages/airflow/example_dags/example_short_circuit_operator.py
[2024-02-07T16:13:58.769+0000] {processor.py:830} INFO - Processing file /home/airflow/.local/lib/python3.8/site-packages/airflow/example_dags/example_short_circuit_operator.py for tasks to queue
[2024-02-07T16:13:58.771+0000] {logging_mixin.py:188} INFO - [2024-02-07T16:13:58.770+0000] {dagbag.py:538} INFO - Filling up the DagBag from /home/airflow/.local/lib/python3.8/site-packages/airflow/example_dags/example_short_circuit_operator.py
[2024-02-07T16:13:58.779+0000] {processor.py:840} INFO - DAG(s) 'example_short_circuit_operator' retrieved from /home/airflow/.local/lib/python3.8/site-packages/airflow/example_dags/example_short_circuit_operator.py
[2024-02-07T16:13:58.804+0000] {logging_mixin.py:188} INFO - [2024-02-07T16:13:58.804+0000] {dag.py:3036} INFO - Sync 1 DAGs
[2024-02-07T16:13:58.825+0000] {logging_mixin.py:188} INFO - [2024-02-07T16:13:58.825+0000] {dag.py:3823} INFO - Setting next_dagrun for example_short_circuit_operator to 2024-02-06 00:00:00+00:00, run_after=2024-02-07 00:00:00+00:00
[2024-02-07T16:13:58.843+0000] {processor.py:183} INFO - Processing /home/airflow/.local/lib/python3.8/site-packages/airflow/example_dags/example_short_circuit_operator.py took 0.079 seconds
[2024-02-07T16:14:28.960+0000] {processor.py:161} INFO - Started process (PID=463) to work on /home/airflow/.local/lib/python3.8/site-packages/airflow/example_dags/example_short_circuit_operator.py
[2024-02-07T16:14:28.963+0000] {processor.py:830} INFO - Processing file /home/airflow/.local/lib/python3.8/site-packages/airflow/example_dags/example_short_circuit_operator.py for tasks to queue
[2024-02-07T16:14:28.966+0000] {logging_mixin.py:188} INFO - [2024-02-07T16:14:28.965+0000] {dagbag.py:538} INFO - Filling up the DagBag from /home/airflow/.local/lib/python3.8/site-packages/airflow/example_dags/example_short_circuit_operator.py
[2024-02-07T16:14:28.977+0000] {processor.py:840} INFO - DAG(s) 'example_short_circuit_operator' retrieved from /home/airflow/.local/lib/python3.8/site-packages/airflow/example_dags/example_short_circuit_operator.py
[2024-02-07T16:14:29.010+0000] {logging_mixin.py:188} INFO - [2024-02-07T16:14:29.010+0000] {dag.py:3036} INFO - Sync 1 DAGs
[2024-02-07T16:14:29.041+0000] {logging_mixin.py:188} INFO - [2024-02-07T16:14:29.040+0000] {dag.py:3823} INFO - Setting next_dagrun for example_short_circuit_operator to 2024-02-06 00:00:00+00:00, run_after=2024-02-07 00:00:00+00:00
[2024-02-07T16:14:29.065+0000] {processor.py:183} INFO - Processing /home/airflow/.local/lib/python3.8/site-packages/airflow/example_dags/example_short_circuit_operator.py took 0.115 seconds
[2024-02-07T16:14:59.363+0000] {processor.py:161} INFO - Started process (PID=520) to work on /home/airflow/.local/lib/python3.8/site-packages/airflow/example_dags/example_short_circuit_operator.py
[2024-02-07T16:14:59.365+0000] {processor.py:830} INFO - Processing file /home/airflow/.local/lib/python3.8/site-packages/airflow/example_dags/example_short_circuit_operator.py for tasks to queue
[2024-02-07T16:14:59.371+0000] {logging_mixin.py:188} INFO - [2024-02-07T16:14:59.370+0000] {dagbag.py:538} INFO - Filling up the DagBag from /home/airflow/.local/lib/python3.8/site-packages/airflow/example_dags/example_short_circuit_operator.py
[2024-02-07T16:14:59.393+0000] {processor.py:840} INFO - DAG(s) 'example_short_circuit_operator' retrieved from /home/airflow/.local/lib/python3.8/site-packages/airflow/example_dags/example_short_circuit_operator.py
[2024-02-07T16:14:59.422+0000] {logging_mixin.py:188} INFO - [2024-02-07T16:14:59.422+0000] {dag.py:3036} INFO - Sync 1 DAGs
[2024-02-07T16:14:59.443+0000] {logging_mixin.py:188} INFO - [2024-02-07T16:14:59.443+0000] {dag.py:3823} INFO - Setting next_dagrun for example_short_circuit_operator to 2024-02-06 00:00:00+00:00, run_after=2024-02-07 00:00:00+00:00
[2024-02-07T16:14:59.464+0000] {processor.py:183} INFO - Processing /home/airflow/.local/lib/python3.8/site-packages/airflow/example_dags/example_short_circuit_operator.py took 0.111 seconds
[2024-02-07T16:23:26.325+0000] {processor.py:161} INFO - Started process (PID=67) to work on /home/airflow/.local/lib/python3.8/site-packages/airflow/example_dags/example_short_circuit_operator.py
[2024-02-07T16:23:26.326+0000] {processor.py:830} INFO - Processing file /home/airflow/.local/lib/python3.8/site-packages/airflow/example_dags/example_short_circuit_operator.py for tasks to queue
[2024-02-07T16:23:26.328+0000] {logging_mixin.py:188} INFO - [2024-02-07T16:23:26.327+0000] {dagbag.py:538} INFO - Filling up the DagBag from /home/airflow/.local/lib/python3.8/site-packages/airflow/example_dags/example_short_circuit_operator.py
[2024-02-07T16:23:26.336+0000] {processor.py:840} INFO - DAG(s) 'example_short_circuit_operator' retrieved from /home/airflow/.local/lib/python3.8/site-packages/airflow/example_dags/example_short_circuit_operator.py
[2024-02-07T16:23:26.349+0000] {logging_mixin.py:188} INFO - [2024-02-07T16:23:26.349+0000] {dag.py:3036} INFO - Sync 1 DAGs
[2024-02-07T16:23:26.377+0000] {logging_mixin.py:188} INFO - [2024-02-07T16:23:26.377+0000] {dag.py:3823} INFO - Setting next_dagrun for example_short_circuit_operator to 2024-02-06 00:00:00+00:00, run_after=2024-02-07 00:00:00+00:00
[2024-02-07T16:23:26.401+0000] {processor.py:183} INFO - Processing /home/airflow/.local/lib/python3.8/site-packages/airflow/example_dags/example_short_circuit_operator.py took 0.079 seconds
[2024-02-07T16:23:57.251+0000] {processor.py:161} INFO - Started process (PID=124) to work on /home/airflow/.local/lib/python3.8/site-packages/airflow/example_dags/example_short_circuit_operator.py
[2024-02-07T16:23:57.252+0000] {processor.py:830} INFO - Processing file /home/airflow/.local/lib/python3.8/site-packages/airflow/example_dags/example_short_circuit_operator.py for tasks to queue
[2024-02-07T16:23:57.253+0000] {logging_mixin.py:188} INFO - [2024-02-07T16:23:57.253+0000] {dagbag.py:538} INFO - Filling up the DagBag from /home/airflow/.local/lib/python3.8/site-packages/airflow/example_dags/example_short_circuit_operator.py
[2024-02-07T16:23:57.261+0000] {processor.py:840} INFO - DAG(s) 'example_short_circuit_operator' retrieved from /home/airflow/.local/lib/python3.8/site-packages/airflow/example_dags/example_short_circuit_operator.py
[2024-02-07T16:23:57.370+0000] {logging_mixin.py:188} INFO - [2024-02-07T16:23:57.370+0000] {dag.py:3036} INFO - Sync 1 DAGs
[2024-02-07T16:23:57.389+0000] {logging_mixin.py:188} INFO - [2024-02-07T16:23:57.389+0000] {dag.py:3823} INFO - Setting next_dagrun for example_short_circuit_operator to 2024-02-06 00:00:00+00:00, run_after=2024-02-07 00:00:00+00:00
[2024-02-07T16:23:57.411+0000] {processor.py:183} INFO - Processing /home/airflow/.local/lib/python3.8/site-packages/airflow/example_dags/example_short_circuit_operator.py took 0.164 seconds
[2024-02-07T16:24:28.096+0000] {processor.py:161} INFO - Started process (PID=181) to work on /home/airflow/.local/lib/python3.8/site-packages/airflow/example_dags/example_short_circuit_operator.py
[2024-02-07T16:24:28.097+0000] {processor.py:830} INFO - Processing file /home/airflow/.local/lib/python3.8/site-packages/airflow/example_dags/example_short_circuit_operator.py for tasks to queue
[2024-02-07T16:24:28.099+0000] {logging_mixin.py:188} INFO - [2024-02-07T16:24:28.099+0000] {dagbag.py:538} INFO - Filling up the DagBag from /home/airflow/.local/lib/python3.8/site-packages/airflow/example_dags/example_short_circuit_operator.py
[2024-02-07T16:24:28.106+0000] {processor.py:840} INFO - DAG(s) 'example_short_circuit_operator' retrieved from /home/airflow/.local/lib/python3.8/site-packages/airflow/example_dags/example_short_circuit_operator.py
[2024-02-07T16:24:28.128+0000] {logging_mixin.py:188} INFO - [2024-02-07T16:24:28.128+0000] {dag.py:3036} INFO - Sync 1 DAGs
[2024-02-07T16:24:28.149+0000] {logging_mixin.py:188} INFO - [2024-02-07T16:24:28.149+0000] {dag.py:3823} INFO - Setting next_dagrun for example_short_circuit_operator to 2024-02-06 00:00:00+00:00, run_after=2024-02-07 00:00:00+00:00
[2024-02-07T16:24:28.173+0000] {processor.py:183} INFO - Processing /home/airflow/.local/lib/python3.8/site-packages/airflow/example_dags/example_short_circuit_operator.py took 0.080 seconds
[2024-02-07T16:24:59.394+0000] {processor.py:161} INFO - Started process (PID=238) to work on /home/airflow/.local/lib/python3.8/site-packages/airflow/example_dags/example_short_circuit_operator.py
[2024-02-07T16:24:59.395+0000] {processor.py:830} INFO - Processing file /home/airflow/.local/lib/python3.8/site-packages/airflow/example_dags/example_short_circuit_operator.py for tasks to queue
[2024-02-07T16:24:59.397+0000] {logging_mixin.py:188} INFO - [2024-02-07T16:24:59.397+0000] {dagbag.py:538} INFO - Filling up the DagBag from /home/airflow/.local/lib/python3.8/site-packages/airflow/example_dags/example_short_circuit_operator.py
[2024-02-07T16:24:59.410+0000] {processor.py:840} INFO - DAG(s) 'example_short_circuit_operator' retrieved from /home/airflow/.local/lib/python3.8/site-packages/airflow/example_dags/example_short_circuit_operator.py
[2024-02-07T16:24:59.438+0000] {logging_mixin.py:188} INFO - [2024-02-07T16:24:59.438+0000] {dag.py:3036} INFO - Sync 1 DAGs
[2024-02-07T16:24:59.469+0000] {logging_mixin.py:188} INFO - [2024-02-07T16:24:59.469+0000] {dag.py:3823} INFO - Setting next_dagrun for example_short_circuit_operator to 2024-02-06 00:00:00+00:00, run_after=2024-02-07 00:00:00+00:00
[2024-02-07T16:24:59.492+0000] {processor.py:183} INFO - Processing /home/airflow/.local/lib/python3.8/site-packages/airflow/example_dags/example_short_circuit_operator.py took 0.101 seconds
[2024-02-07T16:25:30.497+0000] {processor.py:161} INFO - Started process (PID=295) to work on /home/airflow/.local/lib/python3.8/site-packages/airflow/example_dags/example_short_circuit_operator.py
[2024-02-07T16:25:30.498+0000] {processor.py:830} INFO - Processing file /home/airflow/.local/lib/python3.8/site-packages/airflow/example_dags/example_short_circuit_operator.py for tasks to queue
[2024-02-07T16:25:30.500+0000] {logging_mixin.py:188} INFO - [2024-02-07T16:25:30.500+0000] {dagbag.py:538} INFO - Filling up the DagBag from /home/airflow/.local/lib/python3.8/site-packages/airflow/example_dags/example_short_circuit_operator.py
[2024-02-07T16:25:30.509+0000] {processor.py:840} INFO - DAG(s) 'example_short_circuit_operator' retrieved from /home/airflow/.local/lib/python3.8/site-packages/airflow/example_dags/example_short_circuit_operator.py
[2024-02-07T16:25:30.534+0000] {logging_mixin.py:188} INFO - [2024-02-07T16:25:30.534+0000] {dag.py:3036} INFO - Sync 1 DAGs
[2024-02-07T16:25:30.556+0000] {logging_mixin.py:188} INFO - [2024-02-07T16:25:30.556+0000] {dag.py:3823} INFO - Setting next_dagrun for example_short_circuit_operator to 2024-02-06 00:00:00+00:00, run_after=2024-02-07 00:00:00+00:00
[2024-02-07T16:25:30.574+0000] {processor.py:183} INFO - Processing /home/airflow/.local/lib/python3.8/site-packages/airflow/example_dags/example_short_circuit_operator.py took 0.081 seconds
[2024-02-07T16:26:00.693+0000] {processor.py:161} INFO - Started process (PID=350) to work on /home/airflow/.local/lib/python3.8/site-packages/airflow/example_dags/example_short_circuit_operator.py
[2024-02-07T16:26:00.694+0000] {processor.py:830} INFO - Processing file /home/airflow/.local/lib/python3.8/site-packages/airflow/example_dags/example_short_circuit_operator.py for tasks to queue
[2024-02-07T16:26:00.695+0000] {logging_mixin.py:188} INFO - [2024-02-07T16:26:00.695+0000] {dagbag.py:538} INFO - Filling up the DagBag from /home/airflow/.local/lib/python3.8/site-packages/airflow/example_dags/example_short_circuit_operator.py
[2024-02-07T16:26:00.703+0000] {processor.py:840} INFO - DAG(s) 'example_short_circuit_operator' retrieved from /home/airflow/.local/lib/python3.8/site-packages/airflow/example_dags/example_short_circuit_operator.py
[2024-02-07T16:26:00.725+0000] {logging_mixin.py:188} INFO - [2024-02-07T16:26:00.725+0000] {dag.py:3036} INFO - Sync 1 DAGs
[2024-02-07T16:26:00.747+0000] {logging_mixin.py:188} INFO - [2024-02-07T16:26:00.746+0000] {dag.py:3823} INFO - Setting next_dagrun for example_short_circuit_operator to 2024-02-06 00:00:00+00:00, run_after=2024-02-07 00:00:00+00:00
[2024-02-07T16:26:00.765+0000] {processor.py:183} INFO - Processing /home/airflow/.local/lib/python3.8/site-packages/airflow/example_dags/example_short_circuit_operator.py took 0.075 seconds
[2024-02-07T16:48:24.077+0000] {processor.py:161} INFO - Started process (PID=66) to work on /home/airflow/.local/lib/python3.8/site-packages/airflow/example_dags/example_short_circuit_operator.py
[2024-02-07T16:48:24.078+0000] {processor.py:830} INFO - Processing file /home/airflow/.local/lib/python3.8/site-packages/airflow/example_dags/example_short_circuit_operator.py for tasks to queue
[2024-02-07T16:48:24.080+0000] {logging_mixin.py:188} INFO - [2024-02-07T16:48:24.079+0000] {dagbag.py:538} INFO - Filling up the DagBag from /home/airflow/.local/lib/python3.8/site-packages/airflow/example_dags/example_short_circuit_operator.py
[2024-02-07T16:48:24.089+0000] {processor.py:840} INFO - DAG(s) 'example_short_circuit_operator' retrieved from /home/airflow/.local/lib/python3.8/site-packages/airflow/example_dags/example_short_circuit_operator.py
[2024-02-07T16:48:24.208+0000] {logging_mixin.py:188} INFO - [2024-02-07T16:48:24.207+0000] {dag.py:3036} INFO - Sync 1 DAGs
[2024-02-07T16:48:24.232+0000] {logging_mixin.py:188} INFO - [2024-02-07T16:48:24.231+0000] {dag.py:3823} INFO - Setting next_dagrun for example_short_circuit_operator to 2024-02-06 00:00:00+00:00, run_after=2024-02-07 00:00:00+00:00
[2024-02-07T16:48:24.253+0000] {processor.py:183} INFO - Processing /home/airflow/.local/lib/python3.8/site-packages/airflow/example_dags/example_short_circuit_operator.py took 0.179 seconds
[2024-02-07T16:48:55.064+0000] {processor.py:161} INFO - Started process (PID=123) to work on /home/airflow/.local/lib/python3.8/site-packages/airflow/example_dags/example_short_circuit_operator.py
[2024-02-07T16:48:55.065+0000] {processor.py:830} INFO - Processing file /home/airflow/.local/lib/python3.8/site-packages/airflow/example_dags/example_short_circuit_operator.py for tasks to queue
[2024-02-07T16:48:55.066+0000] {logging_mixin.py:188} INFO - [2024-02-07T16:48:55.066+0000] {dagbag.py:538} INFO - Filling up the DagBag from /home/airflow/.local/lib/python3.8/site-packages/airflow/example_dags/example_short_circuit_operator.py
[2024-02-07T16:48:55.073+0000] {processor.py:840} INFO - DAG(s) 'example_short_circuit_operator' retrieved from /home/airflow/.local/lib/python3.8/site-packages/airflow/example_dags/example_short_circuit_operator.py
[2024-02-07T16:48:55.095+0000] {logging_mixin.py:188} INFO - [2024-02-07T16:48:55.095+0000] {dag.py:3036} INFO - Sync 1 DAGs
[2024-02-07T16:48:55.116+0000] {logging_mixin.py:188} INFO - [2024-02-07T16:48:55.116+0000] {dag.py:3823} INFO - Setting next_dagrun for example_short_circuit_operator to 2024-02-06 00:00:00+00:00, run_after=2024-02-07 00:00:00+00:00
[2024-02-07T16:48:55.133+0000] {processor.py:183} INFO - Processing /home/airflow/.local/lib/python3.8/site-packages/airflow/example_dags/example_short_circuit_operator.py took 0.072 seconds
[2024-02-07T16:49:25.833+0000] {processor.py:161} INFO - Started process (PID=180) to work on /home/airflow/.local/lib/python3.8/site-packages/airflow/example_dags/example_short_circuit_operator.py
[2024-02-07T16:49:25.834+0000] {processor.py:830} INFO - Processing file /home/airflow/.local/lib/python3.8/site-packages/airflow/example_dags/example_short_circuit_operator.py for tasks to queue
[2024-02-07T16:49:25.836+0000] {logging_mixin.py:188} INFO - [2024-02-07T16:49:25.835+0000] {dagbag.py:538} INFO - Filling up the DagBag from /home/airflow/.local/lib/python3.8/site-packages/airflow/example_dags/example_short_circuit_operator.py
[2024-02-07T16:49:25.843+0000] {processor.py:840} INFO - DAG(s) 'example_short_circuit_operator' retrieved from /home/airflow/.local/lib/python3.8/site-packages/airflow/example_dags/example_short_circuit_operator.py
[2024-02-07T16:49:25.866+0000] {logging_mixin.py:188} INFO - [2024-02-07T16:49:25.866+0000] {dag.py:3036} INFO - Sync 1 DAGs
[2024-02-07T16:49:25.888+0000] {logging_mixin.py:188} INFO - [2024-02-07T16:49:25.887+0000] {dag.py:3823} INFO - Setting next_dagrun for example_short_circuit_operator to 2024-02-06 00:00:00+00:00, run_after=2024-02-07 00:00:00+00:00
[2024-02-07T16:49:25.908+0000] {processor.py:183} INFO - Processing /home/airflow/.local/lib/python3.8/site-packages/airflow/example_dags/example_short_circuit_operator.py took 0.079 seconds
[2024-02-07T16:49:56.853+0000] {processor.py:161} INFO - Started process (PID=238) to work on /home/airflow/.local/lib/python3.8/site-packages/airflow/example_dags/example_short_circuit_operator.py
[2024-02-07T16:49:56.854+0000] {processor.py:830} INFO - Processing file /home/airflow/.local/lib/python3.8/site-packages/airflow/example_dags/example_short_circuit_operator.py for tasks to queue
[2024-02-07T16:49:56.855+0000] {logging_mixin.py:188} INFO - [2024-02-07T16:49:56.855+0000] {dagbag.py:538} INFO - Filling up the DagBag from /home/airflow/.local/lib/python3.8/site-packages/airflow/example_dags/example_short_circuit_operator.py
[2024-02-07T16:49:56.863+0000] {processor.py:840} INFO - DAG(s) 'example_short_circuit_operator' retrieved from /home/airflow/.local/lib/python3.8/site-packages/airflow/example_dags/example_short_circuit_operator.py
[2024-02-07T16:49:56.888+0000] {logging_mixin.py:188} INFO - [2024-02-07T16:49:56.888+0000] {dag.py:3036} INFO - Sync 1 DAGs
[2024-02-07T16:49:56.913+0000] {logging_mixin.py:188} INFO - [2024-02-07T16:49:56.913+0000] {dag.py:3823} INFO - Setting next_dagrun for example_short_circuit_operator to 2024-02-06 00:00:00+00:00, run_after=2024-02-07 00:00:00+00:00
[2024-02-07T16:49:56.936+0000] {processor.py:183} INFO - Processing /home/airflow/.local/lib/python3.8/site-packages/airflow/example_dags/example_short_circuit_operator.py took 0.087 seconds
[2024-02-07T16:50:27.064+0000] {processor.py:161} INFO - Started process (PID=294) to work on /home/airflow/.local/lib/python3.8/site-packages/airflow/example_dags/example_short_circuit_operator.py
[2024-02-07T16:50:27.065+0000] {processor.py:830} INFO - Processing file /home/airflow/.local/lib/python3.8/site-packages/airflow/example_dags/example_short_circuit_operator.py for tasks to queue
[2024-02-07T16:50:27.068+0000] {logging_mixin.py:188} INFO - [2024-02-07T16:50:27.068+0000] {dagbag.py:538} INFO - Filling up the DagBag from /home/airflow/.local/lib/python3.8/site-packages/airflow/example_dags/example_short_circuit_operator.py
[2024-02-07T16:50:27.083+0000] {processor.py:840} INFO - DAG(s) 'example_short_circuit_operator' retrieved from /home/airflow/.local/lib/python3.8/site-packages/airflow/example_dags/example_short_circuit_operator.py
[2024-02-07T16:50:27.117+0000] {logging_mixin.py:188} INFO - [2024-02-07T16:50:27.117+0000] {dag.py:3036} INFO - Sync 1 DAGs
[2024-02-07T16:50:27.147+0000] {logging_mixin.py:188} INFO - [2024-02-07T16:50:27.147+0000] {dag.py:3823} INFO - Setting next_dagrun for example_short_circuit_operator to 2024-02-06 00:00:00+00:00, run_after=2024-02-07 00:00:00+00:00
[2024-02-07T16:50:27.170+0000] {processor.py:183} INFO - Processing /home/airflow/.local/lib/python3.8/site-packages/airflow/example_dags/example_short_circuit_operator.py took 0.112 seconds
[2024-02-07T16:50:57.283+0000] {processor.py:161} INFO - Started process (PID=351) to work on /home/airflow/.local/lib/python3.8/site-packages/airflow/example_dags/example_short_circuit_operator.py
[2024-02-07T16:50:57.284+0000] {processor.py:830} INFO - Processing file /home/airflow/.local/lib/python3.8/site-packages/airflow/example_dags/example_short_circuit_operator.py for tasks to queue
[2024-02-07T16:50:57.286+0000] {logging_mixin.py:188} INFO - [2024-02-07T16:50:57.286+0000] {dagbag.py:538} INFO - Filling up the DagBag from /home/airflow/.local/lib/python3.8/site-packages/airflow/example_dags/example_short_circuit_operator.py
[2024-02-07T16:50:57.293+0000] {processor.py:840} INFO - DAG(s) 'example_short_circuit_operator' retrieved from /home/airflow/.local/lib/python3.8/site-packages/airflow/example_dags/example_short_circuit_operator.py
[2024-02-07T16:50:57.315+0000] {logging_mixin.py:188} INFO - [2024-02-07T16:50:57.314+0000] {dag.py:3036} INFO - Sync 1 DAGs
[2024-02-07T16:50:57.335+0000] {logging_mixin.py:188} INFO - [2024-02-07T16:50:57.335+0000] {dag.py:3823} INFO - Setting next_dagrun for example_short_circuit_operator to 2024-02-06 00:00:00+00:00, run_after=2024-02-07 00:00:00+00:00
[2024-02-07T16:50:57.353+0000] {processor.py:183} INFO - Processing /home/airflow/.local/lib/python3.8/site-packages/airflow/example_dags/example_short_circuit_operator.py took 0.073 seconds
