[2024-02-07T16:11:23.788+0000] {taskinstance.py:1956} INFO - Dependencies all met for dep_context=non-requeueable deps ti=<TaskInstance: djinni_etl.extract scheduled__2024-02-07T15:00:00+00:00 [queued]>
[2024-02-07T16:11:23.802+0000] {taskinstance.py:1956} INFO - Dependencies all met for dep_context=requeueable deps ti=<TaskInstance: djinni_etl.extract scheduled__2024-02-07T15:00:00+00:00 [queued]>
[2024-02-07T16:11:23.802+0000] {taskinstance.py:2170} INFO - Starting attempt 1 of 1
[2024-02-07T16:11:23.824+0000] {taskinstance.py:2191} INFO - Executing <Task(PythonOperator): extract> on 2024-02-07 15:00:00+00:00
[2024-02-07T16:11:23.835+0000] {standard_task_runner.py:60} INFO - Started process 62 to run task
[2024-02-07T16:11:23.839+0000] {standard_task_runner.py:87} INFO - Running: ['***', 'tasks', 'run', 'djinni_etl', 'extract', 'scheduled__2024-02-07T15:00:00+00:00', '--job-id', '71', '--raw', '--subdir', 'DAGS_FOLDER/djinni_etl_dag.py', '--cfg-path', '/tmp/tmp4ehhgybq']
[2024-02-07T16:11:23.841+0000] {standard_task_runner.py:88} INFO - Job 71: Subtask extract
[2024-02-07T16:11:23.900+0000] {task_command.py:423} INFO - Running <TaskInstance: djinni_etl.extract scheduled__2024-02-07T15:00:00+00:00 [running]> on host 4fbb421f4d60
[2024-02-07T16:11:23.994+0000] {taskinstance.py:2480} INFO - Exporting env vars: AIRFLOW_CTX_DAG_OWNER='***' AIRFLOW_CTX_DAG_ID='djinni_etl' AIRFLOW_CTX_TASK_ID='extract' AIRFLOW_CTX_EXECUTION_DATE='2024-02-07T15:00:00+00:00' AIRFLOW_CTX_TRY_NUMBER='1' AIRFLOW_CTX_DAG_RUN_ID='scheduled__2024-02-07T15:00:00+00:00'
[2024-02-07T16:12:23.966+0000] {python.py:201} INFO - Done. Returned value was: None
[2024-02-07T16:12:23.975+0000] {taskinstance.py:1138} INFO - Marking task as SUCCESS. dag_id=djinni_etl, task_id=extract, execution_date=20240207T150000, start_date=20240207T161123, end_date=20240207T161223
[2024-02-07T16:12:24.037+0000] {local_task_job_runner.py:234} INFO - Task exited with return code 0
[2024-02-07T16:12:24.057+0000] {taskinstance.py:3280} INFO - 0 downstream tasks scheduled from follow-on schedule check
[2024-02-07T16:24:16.267+0000] {taskinstance.py:1956} INFO - Dependencies all met for dep_context=non-requeueable deps ti=<TaskInstance: djinni_etl.extract scheduled__2024-02-07T15:00:00+00:00 [queued]>
[2024-02-07T16:24:16.277+0000] {taskinstance.py:1956} INFO - Dependencies all met for dep_context=requeueable deps ti=<TaskInstance: djinni_etl.extract scheduled__2024-02-07T15:00:00+00:00 [queued]>
[2024-02-07T16:24:16.277+0000] {taskinstance.py:2170} INFO - Starting attempt 1 of 1
[2024-02-07T16:24:16.292+0000] {taskinstance.py:2191} INFO - Executing <Task(PythonOperator): extract> on 2024-02-07 15:00:00+00:00
[2024-02-07T16:24:16.299+0000] {standard_task_runner.py:60} INFO - Started process 69 to run task
[2024-02-07T16:24:16.303+0000] {standard_task_runner.py:87} INFO - Running: ['***', 'tasks', 'run', 'djinni_etl', 'extract', 'scheduled__2024-02-07T15:00:00+00:00', '--job-id', '74', '--raw', '--subdir', 'DAGS_FOLDER/djinni_etl_dag.py', '--cfg-path', '/tmp/tmpnkyh8qmg']
[2024-02-07T16:24:16.304+0000] {standard_task_runner.py:88} INFO - Job 74: Subtask extract
[2024-02-07T16:24:16.360+0000] {task_command.py:423} INFO - Running <TaskInstance: djinni_etl.extract scheduled__2024-02-07T15:00:00+00:00 [running]> on host 92abf3ec8fbd
[2024-02-07T16:24:16.459+0000] {taskinstance.py:2480} INFO - Exporting env vars: AIRFLOW_CTX_DAG_OWNER='***' AIRFLOW_CTX_DAG_ID='djinni_etl' AIRFLOW_CTX_TASK_ID='extract' AIRFLOW_CTX_EXECUTION_DATE='2024-02-07T15:00:00+00:00' AIRFLOW_CTX_TRY_NUMBER='1' AIRFLOW_CTX_DAG_RUN_ID='scheduled__2024-02-07T15:00:00+00:00'
[2024-02-07T16:25:01.089+0000] {python.py:201} INFO - Done. Returned value was: None
[2024-02-07T16:25:01.097+0000] {taskinstance.py:1138} INFO - Marking task as SUCCESS. dag_id=djinni_etl, task_id=extract, execution_date=20240207T150000, start_date=20240207T162416, end_date=20240207T162501
[2024-02-07T16:25:01.160+0000] {local_task_job_runner.py:234} INFO - Task exited with return code 0
[2024-02-07T16:25:01.182+0000] {taskinstance.py:3280} INFO - 1 downstream tasks scheduled from follow-on schedule check
