[2024-01-29T12:41:04.908+0000] {processor.py:161} INFO - Started process (PID=34) to work on /home/airflow/.local/lib/python3.8/site-packages/airflow/example_dags/example_external_task_marker_dag.py
[2024-01-29T12:41:04.909+0000] {processor.py:830} INFO - Processing file /home/airflow/.local/lib/python3.8/site-packages/airflow/example_dags/example_external_task_marker_dag.py for tasks to queue
[2024-01-29T12:41:04.911+0000] {logging_mixin.py:188} INFO - [2024-01-29T12:41:04.911+0000] {dagbag.py:538} INFO - Filling up the DagBag from /home/airflow/.local/lib/python3.8/site-packages/airflow/example_dags/example_external_task_marker_dag.py
[2024-01-29T12:41:04.931+0000] {processor.py:840} INFO - DAG(s) 'example_external_task_marker_child', 'example_external_task_marker_parent' retrieved from /home/airflow/.local/lib/python3.8/site-packages/airflow/example_dags/example_external_task_marker_dag.py
[2024-01-29T12:41:05.213+0000] {logging_mixin.py:188} INFO - [2024-01-29T12:41:05.212+0000] {override.py:1769} INFO - Created Permission View: can read on DAG:example_external_task_marker_child
[2024-01-29T12:41:05.223+0000] {logging_mixin.py:188} INFO - [2024-01-29T12:41:05.223+0000] {override.py:1769} INFO - Created Permission View: can edit on DAG:example_external_task_marker_child
[2024-01-29T12:41:05.231+0000] {logging_mixin.py:188} INFO - [2024-01-29T12:41:05.231+0000] {override.py:1769} INFO - Created Permission View: can delete on DAG:example_external_task_marker_child
[2024-01-29T12:41:05.244+0000] {logging_mixin.py:188} INFO - [2024-01-29T12:41:05.244+0000] {override.py:1769} INFO - Created Permission View: can read on DAG:example_external_task_marker_parent
[2024-01-29T12:41:05.253+0000] {logging_mixin.py:188} INFO - [2024-01-29T12:41:05.252+0000] {override.py:1769} INFO - Created Permission View: can edit on DAG:example_external_task_marker_parent
[2024-01-29T12:41:05.261+0000] {logging_mixin.py:188} INFO - [2024-01-29T12:41:05.261+0000] {override.py:1769} INFO - Created Permission View: can delete on DAG:example_external_task_marker_parent
[2024-01-29T12:41:05.262+0000] {logging_mixin.py:188} INFO - [2024-01-29T12:41:05.261+0000] {dag.py:3036} INFO - Sync 2 DAGs
[2024-01-29T12:41:05.278+0000] {logging_mixin.py:188} INFO - [2024-01-29T12:41:05.278+0000] {dag.py:3058} INFO - Creating ORM DAG for example_external_task_marker_child
[2024-01-29T12:41:05.279+0000] {logging_mixin.py:188} INFO - [2024-01-29T12:41:05.278+0000] {dag.py:3058} INFO - Creating ORM DAG for example_external_task_marker_parent
[2024-01-29T12:41:05.279+0000] {logging_mixin.py:188} INFO - [2024-01-29T12:41:05.279+0000] {dag.py:3823} INFO - Setting next_dagrun for example_external_task_marker_child to None, run_after=None
[2024-01-29T12:41:05.280+0000] {logging_mixin.py:188} INFO - [2024-01-29T12:41:05.280+0000] {dag.py:3823} INFO - Setting next_dagrun for example_external_task_marker_parent to None, run_after=None
[2024-01-29T12:41:05.299+0000] {processor.py:183} INFO - Processing /home/airflow/.local/lib/python3.8/site-packages/airflow/example_dags/example_external_task_marker_dag.py took 0.396 seconds
[2024-01-29T12:41:35.501+0000] {processor.py:161} INFO - Started process (PID=90) to work on /home/airflow/.local/lib/python3.8/site-packages/airflow/example_dags/example_external_task_marker_dag.py
[2024-01-29T12:41:35.502+0000] {processor.py:830} INFO - Processing file /home/airflow/.local/lib/python3.8/site-packages/airflow/example_dags/example_external_task_marker_dag.py for tasks to queue
[2024-01-29T12:41:35.505+0000] {logging_mixin.py:188} INFO - [2024-01-29T12:41:35.504+0000] {dagbag.py:538} INFO - Filling up the DagBag from /home/airflow/.local/lib/python3.8/site-packages/airflow/example_dags/example_external_task_marker_dag.py
[2024-01-29T12:41:35.515+0000] {processor.py:840} INFO - DAG(s) 'example_external_task_marker_parent', 'example_external_task_marker_child' retrieved from /home/airflow/.local/lib/python3.8/site-packages/airflow/example_dags/example_external_task_marker_dag.py
[2024-01-29T12:41:35.552+0000] {logging_mixin.py:188} INFO - [2024-01-29T12:41:35.552+0000] {dag.py:3036} INFO - Sync 2 DAGs
[2024-01-29T12:41:35.572+0000] {logging_mixin.py:188} INFO - [2024-01-29T12:41:35.572+0000] {dag.py:3823} INFO - Setting next_dagrun for example_external_task_marker_child to None, run_after=None
[2024-01-29T12:41:35.579+0000] {logging_mixin.py:188} INFO - [2024-01-29T12:41:35.579+0000] {dag.py:3823} INFO - Setting next_dagrun for example_external_task_marker_parent to None, run_after=None
[2024-01-29T12:41:35.601+0000] {processor.py:183} INFO - Processing /home/airflow/.local/lib/python3.8/site-packages/airflow/example_dags/example_external_task_marker_dag.py took 0.105 seconds
[2024-01-29T12:51:13.473+0000] {processor.py:161} INFO - Started process (PID=35) to work on /home/airflow/.local/lib/python3.8/site-packages/airflow/example_dags/example_external_task_marker_dag.py
[2024-01-29T12:51:13.474+0000] {processor.py:830} INFO - Processing file /home/airflow/.local/lib/python3.8/site-packages/airflow/example_dags/example_external_task_marker_dag.py for tasks to queue
[2024-01-29T12:51:13.477+0000] {logging_mixin.py:188} INFO - [2024-01-29T12:51:13.476+0000] {dagbag.py:538} INFO - Filling up the DagBag from /home/airflow/.local/lib/python3.8/site-packages/airflow/example_dags/example_external_task_marker_dag.py
[2024-01-29T12:51:13.489+0000] {processor.py:840} INFO - DAG(s) 'example_external_task_marker_child', 'example_external_task_marker_parent' retrieved from /home/airflow/.local/lib/python3.8/site-packages/airflow/example_dags/example_external_task_marker_dag.py
[2024-01-29T12:51:13.523+0000] {logging_mixin.py:188} INFO - [2024-01-29T12:51:13.523+0000] {dag.py:3036} INFO - Sync 2 DAGs
[2024-01-29T12:51:13.542+0000] {logging_mixin.py:188} INFO - [2024-01-29T12:51:13.542+0000] {dag.py:3823} INFO - Setting next_dagrun for example_external_task_marker_child to None, run_after=None
[2024-01-29T12:51:13.547+0000] {logging_mixin.py:188} INFO - [2024-01-29T12:51:13.547+0000] {dag.py:3823} INFO - Setting next_dagrun for example_external_task_marker_parent to None, run_after=None
[2024-01-29T12:51:13.567+0000] {processor.py:183} INFO - Processing /home/airflow/.local/lib/python3.8/site-packages/airflow/example_dags/example_external_task_marker_dag.py took 0.098 seconds
[2024-01-29T12:51:43.993+0000] {processor.py:161} INFO - Started process (PID=91) to work on /home/airflow/.local/lib/python3.8/site-packages/airflow/example_dags/example_external_task_marker_dag.py
[2024-01-29T12:51:43.994+0000] {processor.py:830} INFO - Processing file /home/airflow/.local/lib/python3.8/site-packages/airflow/example_dags/example_external_task_marker_dag.py for tasks to queue
[2024-01-29T12:51:43.996+0000] {logging_mixin.py:188} INFO - [2024-01-29T12:51:43.996+0000] {dagbag.py:538} INFO - Filling up the DagBag from /home/airflow/.local/lib/python3.8/site-packages/airflow/example_dags/example_external_task_marker_dag.py
[2024-01-29T12:51:44.004+0000] {processor.py:840} INFO - DAG(s) 'example_external_task_marker_child', 'example_external_task_marker_parent' retrieved from /home/airflow/.local/lib/python3.8/site-packages/airflow/example_dags/example_external_task_marker_dag.py
[2024-01-29T12:51:44.172+0000] {logging_mixin.py:188} INFO - [2024-01-29T12:51:44.172+0000] {dag.py:3036} INFO - Sync 2 DAGs
[2024-01-29T12:51:44.193+0000] {logging_mixin.py:188} INFO - [2024-01-29T12:51:44.192+0000] {dag.py:3823} INFO - Setting next_dagrun for example_external_task_marker_child to None, run_after=None
[2024-01-29T12:51:44.197+0000] {logging_mixin.py:188} INFO - [2024-01-29T12:51:44.197+0000] {dag.py:3823} INFO - Setting next_dagrun for example_external_task_marker_parent to None, run_after=None
[2024-01-29T12:51:44.224+0000] {processor.py:183} INFO - Processing /home/airflow/.local/lib/python3.8/site-packages/airflow/example_dags/example_external_task_marker_dag.py took 0.237 seconds
[2024-01-29T12:52:14.421+0000] {processor.py:161} INFO - Started process (PID=147) to work on /home/airflow/.local/lib/python3.8/site-packages/airflow/example_dags/example_external_task_marker_dag.py
[2024-01-29T12:52:14.422+0000] {processor.py:830} INFO - Processing file /home/airflow/.local/lib/python3.8/site-packages/airflow/example_dags/example_external_task_marker_dag.py for tasks to queue
[2024-01-29T12:52:14.424+0000] {logging_mixin.py:188} INFO - [2024-01-29T12:52:14.424+0000] {dagbag.py:538} INFO - Filling up the DagBag from /home/airflow/.local/lib/python3.8/site-packages/airflow/example_dags/example_external_task_marker_dag.py
[2024-01-29T12:52:14.432+0000] {processor.py:840} INFO - DAG(s) 'example_external_task_marker_parent', 'example_external_task_marker_child' retrieved from /home/airflow/.local/lib/python3.8/site-packages/airflow/example_dags/example_external_task_marker_dag.py
[2024-01-29T12:52:14.457+0000] {logging_mixin.py:188} INFO - [2024-01-29T12:52:14.457+0000] {dag.py:3036} INFO - Sync 2 DAGs
[2024-01-29T12:52:14.471+0000] {logging_mixin.py:188} INFO - [2024-01-29T12:52:14.471+0000] {dag.py:3823} INFO - Setting next_dagrun for example_external_task_marker_child to None, run_after=None
[2024-01-29T12:52:14.475+0000] {logging_mixin.py:188} INFO - [2024-01-29T12:52:14.475+0000] {dag.py:3823} INFO - Setting next_dagrun for example_external_task_marker_parent to None, run_after=None
[2024-01-29T12:52:14.492+0000] {processor.py:183} INFO - Processing /home/airflow/.local/lib/python3.8/site-packages/airflow/example_dags/example_external_task_marker_dag.py took 0.076 seconds
[2024-01-29T12:52:45.398+0000] {processor.py:161} INFO - Started process (PID=203) to work on /home/airflow/.local/lib/python3.8/site-packages/airflow/example_dags/example_external_task_marker_dag.py
[2024-01-29T12:52:45.399+0000] {processor.py:830} INFO - Processing file /home/airflow/.local/lib/python3.8/site-packages/airflow/example_dags/example_external_task_marker_dag.py for tasks to queue
[2024-01-29T12:52:45.401+0000] {logging_mixin.py:188} INFO - [2024-01-29T12:52:45.401+0000] {dagbag.py:538} INFO - Filling up the DagBag from /home/airflow/.local/lib/python3.8/site-packages/airflow/example_dags/example_external_task_marker_dag.py
[2024-01-29T12:52:45.408+0000] {processor.py:840} INFO - DAG(s) 'example_external_task_marker_parent', 'example_external_task_marker_child' retrieved from /home/airflow/.local/lib/python3.8/site-packages/airflow/example_dags/example_external_task_marker_dag.py
[2024-01-29T12:52:45.432+0000] {logging_mixin.py:188} INFO - [2024-01-29T12:52:45.432+0000] {dag.py:3036} INFO - Sync 2 DAGs
[2024-01-29T12:52:45.445+0000] {logging_mixin.py:188} INFO - [2024-01-29T12:52:45.445+0000] {dag.py:3823} INFO - Setting next_dagrun for example_external_task_marker_child to None, run_after=None
[2024-01-29T12:52:45.449+0000] {logging_mixin.py:188} INFO - [2024-01-29T12:52:45.449+0000] {dag.py:3823} INFO - Setting next_dagrun for example_external_task_marker_parent to None, run_after=None
[2024-01-29T12:52:45.465+0000] {processor.py:183} INFO - Processing /home/airflow/.local/lib/python3.8/site-packages/airflow/example_dags/example_external_task_marker_dag.py took 0.070 seconds
[2024-01-29T12:53:16.472+0000] {processor.py:161} INFO - Started process (PID=259) to work on /home/airflow/.local/lib/python3.8/site-packages/airflow/example_dags/example_external_task_marker_dag.py
[2024-01-29T12:53:16.473+0000] {processor.py:830} INFO - Processing file /home/airflow/.local/lib/python3.8/site-packages/airflow/example_dags/example_external_task_marker_dag.py for tasks to queue
[2024-01-29T12:53:16.474+0000] {logging_mixin.py:188} INFO - [2024-01-29T12:53:16.474+0000] {dagbag.py:538} INFO - Filling up the DagBag from /home/airflow/.local/lib/python3.8/site-packages/airflow/example_dags/example_external_task_marker_dag.py
[2024-01-29T12:53:16.481+0000] {processor.py:840} INFO - DAG(s) 'example_external_task_marker_child', 'example_external_task_marker_parent' retrieved from /home/airflow/.local/lib/python3.8/site-packages/airflow/example_dags/example_external_task_marker_dag.py
[2024-01-29T12:53:16.505+0000] {logging_mixin.py:188} INFO - [2024-01-29T12:53:16.504+0000] {dag.py:3036} INFO - Sync 2 DAGs
[2024-01-29T12:53:16.517+0000] {logging_mixin.py:188} INFO - [2024-01-29T12:53:16.517+0000] {dag.py:3823} INFO - Setting next_dagrun for example_external_task_marker_child to None, run_after=None
[2024-01-29T12:53:16.520+0000] {logging_mixin.py:188} INFO - [2024-01-29T12:53:16.520+0000] {dag.py:3823} INFO - Setting next_dagrun for example_external_task_marker_parent to None, run_after=None
[2024-01-29T12:53:16.537+0000] {processor.py:183} INFO - Processing /home/airflow/.local/lib/python3.8/site-packages/airflow/example_dags/example_external_task_marker_dag.py took 0.069 seconds
[2024-01-29T12:53:46.619+0000] {processor.py:161} INFO - Started process (PID=315) to work on /home/airflow/.local/lib/python3.8/site-packages/airflow/example_dags/example_external_task_marker_dag.py
[2024-01-29T12:53:46.620+0000] {processor.py:830} INFO - Processing file /home/airflow/.local/lib/python3.8/site-packages/airflow/example_dags/example_external_task_marker_dag.py for tasks to queue
[2024-01-29T12:53:46.623+0000] {logging_mixin.py:188} INFO - [2024-01-29T12:53:46.622+0000] {dagbag.py:538} INFO - Filling up the DagBag from /home/airflow/.local/lib/python3.8/site-packages/airflow/example_dags/example_external_task_marker_dag.py
[2024-01-29T12:53:46.630+0000] {processor.py:840} INFO - DAG(s) 'example_external_task_marker_parent', 'example_external_task_marker_child' retrieved from /home/airflow/.local/lib/python3.8/site-packages/airflow/example_dags/example_external_task_marker_dag.py
[2024-01-29T12:53:46.654+0000] {logging_mixin.py:188} INFO - [2024-01-29T12:53:46.654+0000] {dag.py:3036} INFO - Sync 2 DAGs
[2024-01-29T12:53:46.666+0000] {logging_mixin.py:188} INFO - [2024-01-29T12:53:46.666+0000] {dag.py:3823} INFO - Setting next_dagrun for example_external_task_marker_child to None, run_after=None
[2024-01-29T12:53:46.670+0000] {logging_mixin.py:188} INFO - [2024-01-29T12:53:46.670+0000] {dag.py:3823} INFO - Setting next_dagrun for example_external_task_marker_parent to None, run_after=None
[2024-01-29T12:53:46.686+0000] {processor.py:183} INFO - Processing /home/airflow/.local/lib/python3.8/site-packages/airflow/example_dags/example_external_task_marker_dag.py took 0.071 seconds
[2024-01-29T12:54:16.920+0000] {processor.py:161} INFO - Started process (PID=371) to work on /home/airflow/.local/lib/python3.8/site-packages/airflow/example_dags/example_external_task_marker_dag.py
[2024-01-29T12:54:16.922+0000] {processor.py:830} INFO - Processing file /home/airflow/.local/lib/python3.8/site-packages/airflow/example_dags/example_external_task_marker_dag.py for tasks to queue
[2024-01-29T12:54:16.924+0000] {logging_mixin.py:188} INFO - [2024-01-29T12:54:16.924+0000] {dagbag.py:538} INFO - Filling up the DagBag from /home/airflow/.local/lib/python3.8/site-packages/airflow/example_dags/example_external_task_marker_dag.py
[2024-01-29T12:54:16.931+0000] {processor.py:840} INFO - DAG(s) 'example_external_task_marker_child', 'example_external_task_marker_parent' retrieved from /home/airflow/.local/lib/python3.8/site-packages/airflow/example_dags/example_external_task_marker_dag.py
[2024-01-29T12:54:16.958+0000] {logging_mixin.py:188} INFO - [2024-01-29T12:54:16.958+0000] {dag.py:3036} INFO - Sync 2 DAGs
[2024-01-29T12:54:16.970+0000] {logging_mixin.py:188} INFO - [2024-01-29T12:54:16.970+0000] {dag.py:3823} INFO - Setting next_dagrun for example_external_task_marker_child to None, run_after=None
[2024-01-29T12:54:16.973+0000] {logging_mixin.py:188} INFO - [2024-01-29T12:54:16.973+0000] {dag.py:3823} INFO - Setting next_dagrun for example_external_task_marker_parent to None, run_after=None
[2024-01-29T12:54:16.990+0000] {processor.py:183} INFO - Processing /home/airflow/.local/lib/python3.8/site-packages/airflow/example_dags/example_external_task_marker_dag.py took 0.074 seconds
[2024-01-29T12:54:47.178+0000] {processor.py:161} INFO - Started process (PID=427) to work on /home/airflow/.local/lib/python3.8/site-packages/airflow/example_dags/example_external_task_marker_dag.py
[2024-01-29T12:54:47.179+0000] {processor.py:830} INFO - Processing file /home/airflow/.local/lib/python3.8/site-packages/airflow/example_dags/example_external_task_marker_dag.py for tasks to queue
[2024-01-29T12:54:47.181+0000] {logging_mixin.py:188} INFO - [2024-01-29T12:54:47.181+0000] {dagbag.py:538} INFO - Filling up the DagBag from /home/airflow/.local/lib/python3.8/site-packages/airflow/example_dags/example_external_task_marker_dag.py
[2024-01-29T12:54:47.187+0000] {processor.py:840} INFO - DAG(s) 'example_external_task_marker_child', 'example_external_task_marker_parent' retrieved from /home/airflow/.local/lib/python3.8/site-packages/airflow/example_dags/example_external_task_marker_dag.py
[2024-01-29T12:54:47.211+0000] {logging_mixin.py:188} INFO - [2024-01-29T12:54:47.211+0000] {dag.py:3036} INFO - Sync 2 DAGs
[2024-01-29T12:54:47.224+0000] {logging_mixin.py:188} INFO - [2024-01-29T12:54:47.224+0000] {dag.py:3823} INFO - Setting next_dagrun for example_external_task_marker_child to None, run_after=None
[2024-01-29T12:54:47.230+0000] {logging_mixin.py:188} INFO - [2024-01-29T12:54:47.229+0000] {dag.py:3823} INFO - Setting next_dagrun for example_external_task_marker_parent to None, run_after=None
[2024-01-29T12:54:47.246+0000] {processor.py:183} INFO - Processing /home/airflow/.local/lib/python3.8/site-packages/airflow/example_dags/example_external_task_marker_dag.py took 0.072 seconds
[2024-01-29T12:55:17.391+0000] {processor.py:161} INFO - Started process (PID=483) to work on /home/airflow/.local/lib/python3.8/site-packages/airflow/example_dags/example_external_task_marker_dag.py
[2024-01-29T12:55:17.392+0000] {processor.py:830} INFO - Processing file /home/airflow/.local/lib/python3.8/site-packages/airflow/example_dags/example_external_task_marker_dag.py for tasks to queue
[2024-01-29T12:55:17.394+0000] {logging_mixin.py:188} INFO - [2024-01-29T12:55:17.394+0000] {dagbag.py:538} INFO - Filling up the DagBag from /home/airflow/.local/lib/python3.8/site-packages/airflow/example_dags/example_external_task_marker_dag.py
[2024-01-29T12:55:17.400+0000] {processor.py:840} INFO - DAG(s) 'example_external_task_marker_child', 'example_external_task_marker_parent' retrieved from /home/airflow/.local/lib/python3.8/site-packages/airflow/example_dags/example_external_task_marker_dag.py
[2024-01-29T12:55:17.429+0000] {logging_mixin.py:188} INFO - [2024-01-29T12:55:17.429+0000] {dag.py:3036} INFO - Sync 2 DAGs
[2024-01-29T12:55:17.445+0000] {logging_mixin.py:188} INFO - [2024-01-29T12:55:17.445+0000] {dag.py:3823} INFO - Setting next_dagrun for example_external_task_marker_child to None, run_after=None
[2024-01-29T12:55:17.450+0000] {logging_mixin.py:188} INFO - [2024-01-29T12:55:17.449+0000] {dag.py:3823} INFO - Setting next_dagrun for example_external_task_marker_parent to None, run_after=None
[2024-01-29T12:55:17.470+0000] {processor.py:183} INFO - Processing /home/airflow/.local/lib/python3.8/site-packages/airflow/example_dags/example_external_task_marker_dag.py took 0.083 seconds
[2024-01-29T12:55:47.715+0000] {processor.py:161} INFO - Started process (PID=539) to work on /home/airflow/.local/lib/python3.8/site-packages/airflow/example_dags/example_external_task_marker_dag.py
[2024-01-29T12:55:47.716+0000] {processor.py:830} INFO - Processing file /home/airflow/.local/lib/python3.8/site-packages/airflow/example_dags/example_external_task_marker_dag.py for tasks to queue
[2024-01-29T12:55:47.718+0000] {logging_mixin.py:188} INFO - [2024-01-29T12:55:47.718+0000] {dagbag.py:538} INFO - Filling up the DagBag from /home/airflow/.local/lib/python3.8/site-packages/airflow/example_dags/example_external_task_marker_dag.py
[2024-01-29T12:55:47.724+0000] {processor.py:840} INFO - DAG(s) 'example_external_task_marker_child', 'example_external_task_marker_parent' retrieved from /home/airflow/.local/lib/python3.8/site-packages/airflow/example_dags/example_external_task_marker_dag.py
[2024-01-29T12:55:47.755+0000] {logging_mixin.py:188} INFO - [2024-01-29T12:55:47.754+0000] {dag.py:3036} INFO - Sync 2 DAGs
[2024-01-29T12:55:47.771+0000] {logging_mixin.py:188} INFO - [2024-01-29T12:55:47.771+0000] {dag.py:3823} INFO - Setting next_dagrun for example_external_task_marker_child to None, run_after=None
[2024-01-29T12:55:47.776+0000] {logging_mixin.py:188} INFO - [2024-01-29T12:55:47.776+0000] {dag.py:3823} INFO - Setting next_dagrun for example_external_task_marker_parent to None, run_after=None
[2024-01-29T12:55:47.796+0000] {processor.py:183} INFO - Processing /home/airflow/.local/lib/python3.8/site-packages/airflow/example_dags/example_external_task_marker_dag.py took 0.084 seconds
[2024-01-29T12:56:18.186+0000] {processor.py:161} INFO - Started process (PID=595) to work on /home/airflow/.local/lib/python3.8/site-packages/airflow/example_dags/example_external_task_marker_dag.py
[2024-01-29T12:56:18.187+0000] {processor.py:830} INFO - Processing file /home/airflow/.local/lib/python3.8/site-packages/airflow/example_dags/example_external_task_marker_dag.py for tasks to queue
[2024-01-29T12:56:18.189+0000] {logging_mixin.py:188} INFO - [2024-01-29T12:56:18.189+0000] {dagbag.py:538} INFO - Filling up the DagBag from /home/airflow/.local/lib/python3.8/site-packages/airflow/example_dags/example_external_task_marker_dag.py
[2024-01-29T12:56:18.197+0000] {processor.py:840} INFO - DAG(s) 'example_external_task_marker_child', 'example_external_task_marker_parent' retrieved from /home/airflow/.local/lib/python3.8/site-packages/airflow/example_dags/example_external_task_marker_dag.py
[2024-01-29T12:56:18.221+0000] {logging_mixin.py:188} INFO - [2024-01-29T12:56:18.221+0000] {dag.py:3036} INFO - Sync 2 DAGs
[2024-01-29T12:56:18.233+0000] {logging_mixin.py:188} INFO - [2024-01-29T12:56:18.233+0000] {dag.py:3823} INFO - Setting next_dagrun for example_external_task_marker_child to None, run_after=None
[2024-01-29T12:56:18.237+0000] {logging_mixin.py:188} INFO - [2024-01-29T12:56:18.236+0000] {dag.py:3823} INFO - Setting next_dagrun for example_external_task_marker_parent to None, run_after=None
[2024-01-29T12:56:18.252+0000] {processor.py:183} INFO - Processing /home/airflow/.local/lib/python3.8/site-packages/airflow/example_dags/example_external_task_marker_dag.py took 0.071 seconds
[2024-01-29T12:56:48.422+0000] {processor.py:161} INFO - Started process (PID=651) to work on /home/airflow/.local/lib/python3.8/site-packages/airflow/example_dags/example_external_task_marker_dag.py
[2024-01-29T12:56:48.423+0000] {processor.py:830} INFO - Processing file /home/airflow/.local/lib/python3.8/site-packages/airflow/example_dags/example_external_task_marker_dag.py for tasks to queue
[2024-01-29T12:56:48.425+0000] {logging_mixin.py:188} INFO - [2024-01-29T12:56:48.425+0000] {dagbag.py:538} INFO - Filling up the DagBag from /home/airflow/.local/lib/python3.8/site-packages/airflow/example_dags/example_external_task_marker_dag.py
[2024-01-29T12:56:48.433+0000] {processor.py:840} INFO - DAG(s) 'example_external_task_marker_child', 'example_external_task_marker_parent' retrieved from /home/airflow/.local/lib/python3.8/site-packages/airflow/example_dags/example_external_task_marker_dag.py
[2024-01-29T12:56:48.460+0000] {logging_mixin.py:188} INFO - [2024-01-29T12:56:48.460+0000] {dag.py:3036} INFO - Sync 2 DAGs
[2024-01-29T12:56:48.473+0000] {logging_mixin.py:188} INFO - [2024-01-29T12:56:48.473+0000] {dag.py:3823} INFO - Setting next_dagrun for example_external_task_marker_child to None, run_after=None
[2024-01-29T12:56:48.477+0000] {logging_mixin.py:188} INFO - [2024-01-29T12:56:48.476+0000] {dag.py:3823} INFO - Setting next_dagrun for example_external_task_marker_parent to None, run_after=None
[2024-01-29T12:56:48.493+0000] {processor.py:183} INFO - Processing /home/airflow/.local/lib/python3.8/site-packages/airflow/example_dags/example_external_task_marker_dag.py took 0.074 seconds
[2024-01-29T12:57:18.591+0000] {processor.py:161} INFO - Started process (PID=707) to work on /home/airflow/.local/lib/python3.8/site-packages/airflow/example_dags/example_external_task_marker_dag.py
[2024-01-29T12:57:18.592+0000] {processor.py:830} INFO - Processing file /home/airflow/.local/lib/python3.8/site-packages/airflow/example_dags/example_external_task_marker_dag.py for tasks to queue
[2024-01-29T12:57:18.594+0000] {logging_mixin.py:188} INFO - [2024-01-29T12:57:18.594+0000] {dagbag.py:538} INFO - Filling up the DagBag from /home/airflow/.local/lib/python3.8/site-packages/airflow/example_dags/example_external_task_marker_dag.py
[2024-01-29T12:57:18.602+0000] {processor.py:840} INFO - DAG(s) 'example_external_task_marker_child', 'example_external_task_marker_parent' retrieved from /home/airflow/.local/lib/python3.8/site-packages/airflow/example_dags/example_external_task_marker_dag.py
[2024-01-29T12:57:18.626+0000] {logging_mixin.py:188} INFO - [2024-01-29T12:57:18.626+0000] {dag.py:3036} INFO - Sync 2 DAGs
[2024-01-29T12:57:18.639+0000] {logging_mixin.py:188} INFO - [2024-01-29T12:57:18.638+0000] {dag.py:3823} INFO - Setting next_dagrun for example_external_task_marker_child to None, run_after=None
[2024-01-29T12:57:18.642+0000] {logging_mixin.py:188} INFO - [2024-01-29T12:57:18.642+0000] {dag.py:3823} INFO - Setting next_dagrun for example_external_task_marker_parent to None, run_after=None
[2024-01-29T12:57:18.658+0000] {processor.py:183} INFO - Processing /home/airflow/.local/lib/python3.8/site-packages/airflow/example_dags/example_external_task_marker_dag.py took 0.072 seconds
[2024-01-29T12:57:48.794+0000] {processor.py:161} INFO - Started process (PID=763) to work on /home/airflow/.local/lib/python3.8/site-packages/airflow/example_dags/example_external_task_marker_dag.py
[2024-01-29T12:57:48.795+0000] {processor.py:830} INFO - Processing file /home/airflow/.local/lib/python3.8/site-packages/airflow/example_dags/example_external_task_marker_dag.py for tasks to queue
[2024-01-29T12:57:48.798+0000] {logging_mixin.py:188} INFO - [2024-01-29T12:57:48.797+0000] {dagbag.py:538} INFO - Filling up the DagBag from /home/airflow/.local/lib/python3.8/site-packages/airflow/example_dags/example_external_task_marker_dag.py
[2024-01-29T12:57:48.806+0000] {processor.py:840} INFO - DAG(s) 'example_external_task_marker_parent', 'example_external_task_marker_child' retrieved from /home/airflow/.local/lib/python3.8/site-packages/airflow/example_dags/example_external_task_marker_dag.py
[2024-01-29T12:57:48.834+0000] {logging_mixin.py:188} INFO - [2024-01-29T12:57:48.834+0000] {dag.py:3036} INFO - Sync 2 DAGs
[2024-01-29T12:57:48.847+0000] {logging_mixin.py:188} INFO - [2024-01-29T12:57:48.847+0000] {dag.py:3823} INFO - Setting next_dagrun for example_external_task_marker_child to None, run_after=None
[2024-01-29T12:57:48.851+0000] {logging_mixin.py:188} INFO - [2024-01-29T12:57:48.851+0000] {dag.py:3823} INFO - Setting next_dagrun for example_external_task_marker_parent to None, run_after=None
[2024-01-29T12:57:48.868+0000] {processor.py:183} INFO - Processing /home/airflow/.local/lib/python3.8/site-packages/airflow/example_dags/example_external_task_marker_dag.py took 0.078 seconds
[2024-01-29T12:58:19.023+0000] {processor.py:161} INFO - Started process (PID=819) to work on /home/airflow/.local/lib/python3.8/site-packages/airflow/example_dags/example_external_task_marker_dag.py
[2024-01-29T12:58:19.024+0000] {processor.py:830} INFO - Processing file /home/airflow/.local/lib/python3.8/site-packages/airflow/example_dags/example_external_task_marker_dag.py for tasks to queue
[2024-01-29T12:58:19.026+0000] {logging_mixin.py:188} INFO - [2024-01-29T12:58:19.025+0000] {dagbag.py:538} INFO - Filling up the DagBag from /home/airflow/.local/lib/python3.8/site-packages/airflow/example_dags/example_external_task_marker_dag.py
[2024-01-29T12:58:19.034+0000] {processor.py:840} INFO - DAG(s) 'example_external_task_marker_parent', 'example_external_task_marker_child' retrieved from /home/airflow/.local/lib/python3.8/site-packages/airflow/example_dags/example_external_task_marker_dag.py
[2024-01-29T12:58:19.059+0000] {logging_mixin.py:188} INFO - [2024-01-29T12:58:19.059+0000] {dag.py:3036} INFO - Sync 2 DAGs
[2024-01-29T12:58:19.071+0000] {logging_mixin.py:188} INFO - [2024-01-29T12:58:19.071+0000] {dag.py:3823} INFO - Setting next_dagrun for example_external_task_marker_child to None, run_after=None
[2024-01-29T12:58:19.075+0000] {logging_mixin.py:188} INFO - [2024-01-29T12:58:19.075+0000] {dag.py:3823} INFO - Setting next_dagrun for example_external_task_marker_parent to None, run_after=None
[2024-01-29T12:58:19.091+0000] {processor.py:183} INFO - Processing /home/airflow/.local/lib/python3.8/site-packages/airflow/example_dags/example_external_task_marker_dag.py took 0.072 seconds
[2024-01-29T12:58:49.598+0000] {processor.py:161} INFO - Started process (PID=875) to work on /home/airflow/.local/lib/python3.8/site-packages/airflow/example_dags/example_external_task_marker_dag.py
[2024-01-29T12:58:49.600+0000] {processor.py:830} INFO - Processing file /home/airflow/.local/lib/python3.8/site-packages/airflow/example_dags/example_external_task_marker_dag.py for tasks to queue
[2024-01-29T12:58:49.602+0000] {logging_mixin.py:188} INFO - [2024-01-29T12:58:49.602+0000] {dagbag.py:538} INFO - Filling up the DagBag from /home/airflow/.local/lib/python3.8/site-packages/airflow/example_dags/example_external_task_marker_dag.py
[2024-01-29T12:58:49.610+0000] {processor.py:840} INFO - DAG(s) 'example_external_task_marker_child', 'example_external_task_marker_parent' retrieved from /home/airflow/.local/lib/python3.8/site-packages/airflow/example_dags/example_external_task_marker_dag.py
[2024-01-29T12:58:49.634+0000] {logging_mixin.py:188} INFO - [2024-01-29T12:58:49.634+0000] {dag.py:3036} INFO - Sync 2 DAGs
[2024-01-29T12:58:49.648+0000] {logging_mixin.py:188} INFO - [2024-01-29T12:58:49.648+0000] {dag.py:3823} INFO - Setting next_dagrun for example_external_task_marker_child to None, run_after=None
[2024-01-29T12:58:49.651+0000] {logging_mixin.py:188} INFO - [2024-01-29T12:58:49.651+0000] {dag.py:3823} INFO - Setting next_dagrun for example_external_task_marker_parent to None, run_after=None
[2024-01-29T12:58:49.668+0000] {processor.py:183} INFO - Processing /home/airflow/.local/lib/python3.8/site-packages/airflow/example_dags/example_external_task_marker_dag.py took 0.076 seconds
[2024-01-29T12:59:19.782+0000] {processor.py:161} INFO - Started process (PID=931) to work on /home/airflow/.local/lib/python3.8/site-packages/airflow/example_dags/example_external_task_marker_dag.py
[2024-01-29T12:59:19.783+0000] {processor.py:830} INFO - Processing file /home/airflow/.local/lib/python3.8/site-packages/airflow/example_dags/example_external_task_marker_dag.py for tasks to queue
[2024-01-29T12:59:19.785+0000] {logging_mixin.py:188} INFO - [2024-01-29T12:59:19.785+0000] {dagbag.py:538} INFO - Filling up the DagBag from /home/airflow/.local/lib/python3.8/site-packages/airflow/example_dags/example_external_task_marker_dag.py
[2024-01-29T12:59:19.792+0000] {processor.py:840} INFO - DAG(s) 'example_external_task_marker_parent', 'example_external_task_marker_child' retrieved from /home/airflow/.local/lib/python3.8/site-packages/airflow/example_dags/example_external_task_marker_dag.py
[2024-01-29T12:59:19.820+0000] {logging_mixin.py:188} INFO - [2024-01-29T12:59:19.820+0000] {dag.py:3036} INFO - Sync 2 DAGs
[2024-01-29T12:59:19.833+0000] {logging_mixin.py:188} INFO - [2024-01-29T12:59:19.833+0000] {dag.py:3823} INFO - Setting next_dagrun for example_external_task_marker_child to None, run_after=None
[2024-01-29T12:59:19.837+0000] {logging_mixin.py:188} INFO - [2024-01-29T12:59:19.836+0000] {dag.py:3823} INFO - Setting next_dagrun for example_external_task_marker_parent to None, run_after=None
[2024-01-29T12:59:19.852+0000] {processor.py:183} INFO - Processing /home/airflow/.local/lib/python3.8/site-packages/airflow/example_dags/example_external_task_marker_dag.py took 0.074 seconds
[2024-01-29T12:59:50.002+0000] {processor.py:161} INFO - Started process (PID=987) to work on /home/airflow/.local/lib/python3.8/site-packages/airflow/example_dags/example_external_task_marker_dag.py
[2024-01-29T12:59:50.002+0000] {processor.py:830} INFO - Processing file /home/airflow/.local/lib/python3.8/site-packages/airflow/example_dags/example_external_task_marker_dag.py for tasks to queue
[2024-01-29T12:59:50.004+0000] {logging_mixin.py:188} INFO - [2024-01-29T12:59:50.004+0000] {dagbag.py:538} INFO - Filling up the DagBag from /home/airflow/.local/lib/python3.8/site-packages/airflow/example_dags/example_external_task_marker_dag.py
[2024-01-29T12:59:50.012+0000] {processor.py:840} INFO - DAG(s) 'example_external_task_marker_child', 'example_external_task_marker_parent' retrieved from /home/airflow/.local/lib/python3.8/site-packages/airflow/example_dags/example_external_task_marker_dag.py
[2024-01-29T12:59:50.038+0000] {logging_mixin.py:188} INFO - [2024-01-29T12:59:50.038+0000] {dag.py:3036} INFO - Sync 2 DAGs
[2024-01-29T12:59:50.051+0000] {logging_mixin.py:188} INFO - [2024-01-29T12:59:50.051+0000] {dag.py:3823} INFO - Setting next_dagrun for example_external_task_marker_child to None, run_after=None
[2024-01-29T12:59:50.055+0000] {logging_mixin.py:188} INFO - [2024-01-29T12:59:50.055+0000] {dag.py:3823} INFO - Setting next_dagrun for example_external_task_marker_parent to None, run_after=None
[2024-01-29T12:59:50.073+0000] {processor.py:183} INFO - Processing /home/airflow/.local/lib/python3.8/site-packages/airflow/example_dags/example_external_task_marker_dag.py took 0.075 seconds
[2024-01-29T13:00:20.154+0000] {processor.py:161} INFO - Started process (PID=1043) to work on /home/airflow/.local/lib/python3.8/site-packages/airflow/example_dags/example_external_task_marker_dag.py
[2024-01-29T13:00:20.155+0000] {processor.py:830} INFO - Processing file /home/airflow/.local/lib/python3.8/site-packages/airflow/example_dags/example_external_task_marker_dag.py for tasks to queue
[2024-01-29T13:00:20.157+0000] {logging_mixin.py:188} INFO - [2024-01-29T13:00:20.157+0000] {dagbag.py:538} INFO - Filling up the DagBag from /home/airflow/.local/lib/python3.8/site-packages/airflow/example_dags/example_external_task_marker_dag.py
[2024-01-29T13:00:20.164+0000] {processor.py:840} INFO - DAG(s) 'example_external_task_marker_parent', 'example_external_task_marker_child' retrieved from /home/airflow/.local/lib/python3.8/site-packages/airflow/example_dags/example_external_task_marker_dag.py
[2024-01-29T13:00:20.190+0000] {logging_mixin.py:188} INFO - [2024-01-29T13:00:20.190+0000] {dag.py:3036} INFO - Sync 2 DAGs
[2024-01-29T13:00:20.202+0000] {logging_mixin.py:188} INFO - [2024-01-29T13:00:20.202+0000] {dag.py:3823} INFO - Setting next_dagrun for example_external_task_marker_child to None, run_after=None
[2024-01-29T13:00:20.206+0000] {logging_mixin.py:188} INFO - [2024-01-29T13:00:20.206+0000] {dag.py:3823} INFO - Setting next_dagrun for example_external_task_marker_parent to None, run_after=None
[2024-01-29T13:00:20.222+0000] {processor.py:183} INFO - Processing /home/airflow/.local/lib/python3.8/site-packages/airflow/example_dags/example_external_task_marker_dag.py took 0.072 seconds
[2024-01-29T13:00:50.483+0000] {processor.py:161} INFO - Started process (PID=1099) to work on /home/airflow/.local/lib/python3.8/site-packages/airflow/example_dags/example_external_task_marker_dag.py
[2024-01-29T13:00:50.484+0000] {processor.py:830} INFO - Processing file /home/airflow/.local/lib/python3.8/site-packages/airflow/example_dags/example_external_task_marker_dag.py for tasks to queue
[2024-01-29T13:00:50.485+0000] {logging_mixin.py:188} INFO - [2024-01-29T13:00:50.485+0000] {dagbag.py:538} INFO - Filling up the DagBag from /home/airflow/.local/lib/python3.8/site-packages/airflow/example_dags/example_external_task_marker_dag.py
[2024-01-29T13:00:50.491+0000] {processor.py:840} INFO - DAG(s) 'example_external_task_marker_parent', 'example_external_task_marker_child' retrieved from /home/airflow/.local/lib/python3.8/site-packages/airflow/example_dags/example_external_task_marker_dag.py
[2024-01-29T13:00:50.516+0000] {logging_mixin.py:188} INFO - [2024-01-29T13:00:50.516+0000] {dag.py:3036} INFO - Sync 2 DAGs
[2024-01-29T13:00:50.528+0000] {logging_mixin.py:188} INFO - [2024-01-29T13:00:50.528+0000] {dag.py:3823} INFO - Setting next_dagrun for example_external_task_marker_child to None, run_after=None
[2024-01-29T13:00:50.531+0000] {logging_mixin.py:188} INFO - [2024-01-29T13:00:50.531+0000] {dag.py:3823} INFO - Setting next_dagrun for example_external_task_marker_parent to None, run_after=None
[2024-01-29T13:00:50.547+0000] {processor.py:183} INFO - Processing /home/airflow/.local/lib/python3.8/site-packages/airflow/example_dags/example_external_task_marker_dag.py took 0.068 seconds
[2024-01-29T13:01:20.885+0000] {processor.py:161} INFO - Started process (PID=1154) to work on /home/airflow/.local/lib/python3.8/site-packages/airflow/example_dags/example_external_task_marker_dag.py
[2024-01-29T13:01:20.886+0000] {processor.py:830} INFO - Processing file /home/airflow/.local/lib/python3.8/site-packages/airflow/example_dags/example_external_task_marker_dag.py for tasks to queue
[2024-01-29T13:01:20.888+0000] {logging_mixin.py:188} INFO - [2024-01-29T13:01:20.887+0000] {dagbag.py:538} INFO - Filling up the DagBag from /home/airflow/.local/lib/python3.8/site-packages/airflow/example_dags/example_external_task_marker_dag.py
[2024-01-29T13:01:20.895+0000] {processor.py:840} INFO - DAG(s) 'example_external_task_marker_child', 'example_external_task_marker_parent' retrieved from /home/airflow/.local/lib/python3.8/site-packages/airflow/example_dags/example_external_task_marker_dag.py
[2024-01-29T13:01:20.920+0000] {logging_mixin.py:188} INFO - [2024-01-29T13:01:20.920+0000] {dag.py:3036} INFO - Sync 2 DAGs
[2024-01-29T13:01:20.933+0000] {logging_mixin.py:188} INFO - [2024-01-29T13:01:20.932+0000] {dag.py:3823} INFO - Setting next_dagrun for example_external_task_marker_child to None, run_after=None
[2024-01-29T13:01:20.937+0000] {logging_mixin.py:188} INFO - [2024-01-29T13:01:20.937+0000] {dag.py:3823} INFO - Setting next_dagrun for example_external_task_marker_parent to None, run_after=None
[2024-01-29T13:01:20.953+0000] {processor.py:183} INFO - Processing /home/airflow/.local/lib/python3.8/site-packages/airflow/example_dags/example_external_task_marker_dag.py took 0.072 seconds
[2024-01-29T13:01:51.598+0000] {processor.py:161} INFO - Started process (PID=1210) to work on /home/airflow/.local/lib/python3.8/site-packages/airflow/example_dags/example_external_task_marker_dag.py
[2024-01-29T13:01:51.599+0000] {processor.py:830} INFO - Processing file /home/airflow/.local/lib/python3.8/site-packages/airflow/example_dags/example_external_task_marker_dag.py for tasks to queue
[2024-01-29T13:01:51.601+0000] {logging_mixin.py:188} INFO - [2024-01-29T13:01:51.600+0000] {dagbag.py:538} INFO - Filling up the DagBag from /home/airflow/.local/lib/python3.8/site-packages/airflow/example_dags/example_external_task_marker_dag.py
[2024-01-29T13:01:51.607+0000] {processor.py:840} INFO - DAG(s) 'example_external_task_marker_parent', 'example_external_task_marker_child' retrieved from /home/airflow/.local/lib/python3.8/site-packages/airflow/example_dags/example_external_task_marker_dag.py
[2024-01-29T13:01:51.631+0000] {logging_mixin.py:188} INFO - [2024-01-29T13:01:51.631+0000] {dag.py:3036} INFO - Sync 2 DAGs
[2024-01-29T13:01:51.644+0000] {logging_mixin.py:188} INFO - [2024-01-29T13:01:51.643+0000] {dag.py:3823} INFO - Setting next_dagrun for example_external_task_marker_child to None, run_after=None
[2024-01-29T13:01:51.647+0000] {logging_mixin.py:188} INFO - [2024-01-29T13:01:51.647+0000] {dag.py:3823} INFO - Setting next_dagrun for example_external_task_marker_parent to None, run_after=None
[2024-01-29T13:01:51.663+0000] {processor.py:183} INFO - Processing /home/airflow/.local/lib/python3.8/site-packages/airflow/example_dags/example_external_task_marker_dag.py took 0.069 seconds
[2024-01-29T13:02:21.710+0000] {processor.py:161} INFO - Started process (PID=1267) to work on /home/airflow/.local/lib/python3.8/site-packages/airflow/example_dags/example_external_task_marker_dag.py
[2024-01-29T13:02:21.711+0000] {processor.py:830} INFO - Processing file /home/airflow/.local/lib/python3.8/site-packages/airflow/example_dags/example_external_task_marker_dag.py for tasks to queue
[2024-01-29T13:02:21.713+0000] {logging_mixin.py:188} INFO - [2024-01-29T13:02:21.713+0000] {dagbag.py:538} INFO - Filling up the DagBag from /home/airflow/.local/lib/python3.8/site-packages/airflow/example_dags/example_external_task_marker_dag.py
[2024-01-29T13:02:21.720+0000] {processor.py:840} INFO - DAG(s) 'example_external_task_marker_child', 'example_external_task_marker_parent' retrieved from /home/airflow/.local/lib/python3.8/site-packages/airflow/example_dags/example_external_task_marker_dag.py
[2024-01-29T13:02:21.748+0000] {logging_mixin.py:188} INFO - [2024-01-29T13:02:21.748+0000] {dag.py:3036} INFO - Sync 2 DAGs
[2024-01-29T13:02:21.762+0000] {logging_mixin.py:188} INFO - [2024-01-29T13:02:21.762+0000] {dag.py:3823} INFO - Setting next_dagrun for example_external_task_marker_child to None, run_after=None
[2024-01-29T13:02:21.766+0000] {logging_mixin.py:188} INFO - [2024-01-29T13:02:21.766+0000] {dag.py:3823} INFO - Setting next_dagrun for example_external_task_marker_parent to None, run_after=None
[2024-01-29T13:02:21.784+0000] {processor.py:183} INFO - Processing /home/airflow/.local/lib/python3.8/site-packages/airflow/example_dags/example_external_task_marker_dag.py took 0.078 seconds
[2024-01-29T13:02:51.857+0000] {processor.py:161} INFO - Started process (PID=1323) to work on /home/airflow/.local/lib/python3.8/site-packages/airflow/example_dags/example_external_task_marker_dag.py
[2024-01-29T13:02:51.858+0000] {processor.py:830} INFO - Processing file /home/airflow/.local/lib/python3.8/site-packages/airflow/example_dags/example_external_task_marker_dag.py for tasks to queue
[2024-01-29T13:02:51.860+0000] {logging_mixin.py:188} INFO - [2024-01-29T13:02:51.860+0000] {dagbag.py:538} INFO - Filling up the DagBag from /home/airflow/.local/lib/python3.8/site-packages/airflow/example_dags/example_external_task_marker_dag.py
[2024-01-29T13:02:51.866+0000] {processor.py:840} INFO - DAG(s) 'example_external_task_marker_parent', 'example_external_task_marker_child' retrieved from /home/airflow/.local/lib/python3.8/site-packages/airflow/example_dags/example_external_task_marker_dag.py
[2024-01-29T13:02:51.889+0000] {logging_mixin.py:188} INFO - [2024-01-29T13:02:51.888+0000] {dag.py:3036} INFO - Sync 2 DAGs
[2024-01-29T13:02:51.901+0000] {logging_mixin.py:188} INFO - [2024-01-29T13:02:51.901+0000] {dag.py:3823} INFO - Setting next_dagrun for example_external_task_marker_child to None, run_after=None
[2024-01-29T13:02:51.905+0000] {logging_mixin.py:188} INFO - [2024-01-29T13:02:51.904+0000] {dag.py:3823} INFO - Setting next_dagrun for example_external_task_marker_parent to None, run_after=None
[2024-01-29T13:02:51.921+0000] {processor.py:183} INFO - Processing /home/airflow/.local/lib/python3.8/site-packages/airflow/example_dags/example_external_task_marker_dag.py took 0.067 seconds
[2024-01-29T13:03:22.350+0000] {processor.py:161} INFO - Started process (PID=1379) to work on /home/airflow/.local/lib/python3.8/site-packages/airflow/example_dags/example_external_task_marker_dag.py
[2024-01-29T13:03:22.351+0000] {processor.py:830} INFO - Processing file /home/airflow/.local/lib/python3.8/site-packages/airflow/example_dags/example_external_task_marker_dag.py for tasks to queue
[2024-01-29T13:03:22.353+0000] {logging_mixin.py:188} INFO - [2024-01-29T13:03:22.352+0000] {dagbag.py:538} INFO - Filling up the DagBag from /home/airflow/.local/lib/python3.8/site-packages/airflow/example_dags/example_external_task_marker_dag.py
[2024-01-29T13:03:22.358+0000] {processor.py:840} INFO - DAG(s) 'example_external_task_marker_child', 'example_external_task_marker_parent' retrieved from /home/airflow/.local/lib/python3.8/site-packages/airflow/example_dags/example_external_task_marker_dag.py
[2024-01-29T13:03:22.384+0000] {logging_mixin.py:188} INFO - [2024-01-29T13:03:22.383+0000] {dag.py:3036} INFO - Sync 2 DAGs
[2024-01-29T13:03:22.395+0000] {logging_mixin.py:188} INFO - [2024-01-29T13:03:22.395+0000] {dag.py:3823} INFO - Setting next_dagrun for example_external_task_marker_child to None, run_after=None
[2024-01-29T13:03:22.399+0000] {logging_mixin.py:188} INFO - [2024-01-29T13:03:22.399+0000] {dag.py:3823} INFO - Setting next_dagrun for example_external_task_marker_parent to None, run_after=None
[2024-01-29T13:03:22.413+0000] {processor.py:183} INFO - Processing /home/airflow/.local/lib/python3.8/site-packages/airflow/example_dags/example_external_task_marker_dag.py took 0.067 seconds
[2024-01-29T13:03:52.467+0000] {processor.py:161} INFO - Started process (PID=1435) to work on /home/airflow/.local/lib/python3.8/site-packages/airflow/example_dags/example_external_task_marker_dag.py
[2024-01-29T13:03:52.468+0000] {processor.py:830} INFO - Processing file /home/airflow/.local/lib/python3.8/site-packages/airflow/example_dags/example_external_task_marker_dag.py for tasks to queue
[2024-01-29T13:03:52.470+0000] {logging_mixin.py:188} INFO - [2024-01-29T13:03:52.470+0000] {dagbag.py:538} INFO - Filling up the DagBag from /home/airflow/.local/lib/python3.8/site-packages/airflow/example_dags/example_external_task_marker_dag.py
[2024-01-29T13:03:52.477+0000] {processor.py:840} INFO - DAG(s) 'example_external_task_marker_parent', 'example_external_task_marker_child' retrieved from /home/airflow/.local/lib/python3.8/site-packages/airflow/example_dags/example_external_task_marker_dag.py
[2024-01-29T13:03:52.503+0000] {logging_mixin.py:188} INFO - [2024-01-29T13:03:52.502+0000] {dag.py:3036} INFO - Sync 2 DAGs
[2024-01-29T13:03:52.515+0000] {logging_mixin.py:188} INFO - [2024-01-29T13:03:52.515+0000] {dag.py:3823} INFO - Setting next_dagrun for example_external_task_marker_child to None, run_after=None
[2024-01-29T13:03:52.519+0000] {logging_mixin.py:188} INFO - [2024-01-29T13:03:52.518+0000] {dag.py:3823} INFO - Setting next_dagrun for example_external_task_marker_parent to None, run_after=None
[2024-01-29T13:03:52.535+0000] {processor.py:183} INFO - Processing /home/airflow/.local/lib/python3.8/site-packages/airflow/example_dags/example_external_task_marker_dag.py took 0.071 seconds
[2024-01-29T13:04:22.621+0000] {processor.py:161} INFO - Started process (PID=1490) to work on /home/airflow/.local/lib/python3.8/site-packages/airflow/example_dags/example_external_task_marker_dag.py
[2024-01-29T13:04:22.622+0000] {processor.py:830} INFO - Processing file /home/airflow/.local/lib/python3.8/site-packages/airflow/example_dags/example_external_task_marker_dag.py for tasks to queue
[2024-01-29T13:04:22.624+0000] {logging_mixin.py:188} INFO - [2024-01-29T13:04:22.624+0000] {dagbag.py:538} INFO - Filling up the DagBag from /home/airflow/.local/lib/python3.8/site-packages/airflow/example_dags/example_external_task_marker_dag.py
[2024-01-29T13:04:22.631+0000] {processor.py:840} INFO - DAG(s) 'example_external_task_marker_parent', 'example_external_task_marker_child' retrieved from /home/airflow/.local/lib/python3.8/site-packages/airflow/example_dags/example_external_task_marker_dag.py
[2024-01-29T13:04:22.657+0000] {logging_mixin.py:188} INFO - [2024-01-29T13:04:22.657+0000] {dag.py:3036} INFO - Sync 2 DAGs
[2024-01-29T13:04:22.670+0000] {logging_mixin.py:188} INFO - [2024-01-29T13:04:22.669+0000] {dag.py:3823} INFO - Setting next_dagrun for example_external_task_marker_child to None, run_after=None
[2024-01-29T13:04:22.673+0000] {logging_mixin.py:188} INFO - [2024-01-29T13:04:22.673+0000] {dag.py:3823} INFO - Setting next_dagrun for example_external_task_marker_parent to None, run_after=None
[2024-01-29T13:04:22.690+0000] {processor.py:183} INFO - Processing /home/airflow/.local/lib/python3.8/site-packages/airflow/example_dags/example_external_task_marker_dag.py took 0.073 seconds
[2024-01-29T13:04:52.833+0000] {processor.py:161} INFO - Started process (PID=1546) to work on /home/airflow/.local/lib/python3.8/site-packages/airflow/example_dags/example_external_task_marker_dag.py
[2024-01-29T13:04:52.834+0000] {processor.py:830} INFO - Processing file /home/airflow/.local/lib/python3.8/site-packages/airflow/example_dags/example_external_task_marker_dag.py for tasks to queue
[2024-01-29T13:04:52.836+0000] {logging_mixin.py:188} INFO - [2024-01-29T13:04:52.835+0000] {dagbag.py:538} INFO - Filling up the DagBag from /home/airflow/.local/lib/python3.8/site-packages/airflow/example_dags/example_external_task_marker_dag.py
[2024-01-29T13:04:52.842+0000] {processor.py:840} INFO - DAG(s) 'example_external_task_marker_child', 'example_external_task_marker_parent' retrieved from /home/airflow/.local/lib/python3.8/site-packages/airflow/example_dags/example_external_task_marker_dag.py
[2024-01-29T13:04:52.868+0000] {logging_mixin.py:188} INFO - [2024-01-29T13:04:52.868+0000] {dag.py:3036} INFO - Sync 2 DAGs
[2024-01-29T13:04:52.881+0000] {logging_mixin.py:188} INFO - [2024-01-29T13:04:52.881+0000] {dag.py:3823} INFO - Setting next_dagrun for example_external_task_marker_child to None, run_after=None
[2024-01-29T13:04:52.885+0000] {logging_mixin.py:188} INFO - [2024-01-29T13:04:52.884+0000] {dag.py:3823} INFO - Setting next_dagrun for example_external_task_marker_parent to None, run_after=None
[2024-01-29T13:04:52.900+0000] {processor.py:183} INFO - Processing /home/airflow/.local/lib/python3.8/site-packages/airflow/example_dags/example_external_task_marker_dag.py took 0.070 seconds
[2024-01-29T13:05:22.939+0000] {processor.py:161} INFO - Started process (PID=1601) to work on /home/airflow/.local/lib/python3.8/site-packages/airflow/example_dags/example_external_task_marker_dag.py
[2024-01-29T13:05:22.941+0000] {processor.py:830} INFO - Processing file /home/airflow/.local/lib/python3.8/site-packages/airflow/example_dags/example_external_task_marker_dag.py for tasks to queue
[2024-01-29T13:05:22.943+0000] {logging_mixin.py:188} INFO - [2024-01-29T13:05:22.943+0000] {dagbag.py:538} INFO - Filling up the DagBag from /home/airflow/.local/lib/python3.8/site-packages/airflow/example_dags/example_external_task_marker_dag.py
[2024-01-29T13:05:22.950+0000] {processor.py:840} INFO - DAG(s) 'example_external_task_marker_parent', 'example_external_task_marker_child' retrieved from /home/airflow/.local/lib/python3.8/site-packages/airflow/example_dags/example_external_task_marker_dag.py
[2024-01-29T13:05:22.978+0000] {logging_mixin.py:188} INFO - [2024-01-29T13:05:22.978+0000] {dag.py:3036} INFO - Sync 2 DAGs
[2024-01-29T13:05:22.992+0000] {logging_mixin.py:188} INFO - [2024-01-29T13:05:22.992+0000] {dag.py:3823} INFO - Setting next_dagrun for example_external_task_marker_child to None, run_after=None
[2024-01-29T13:05:22.996+0000] {logging_mixin.py:188} INFO - [2024-01-29T13:05:22.996+0000] {dag.py:3823} INFO - Setting next_dagrun for example_external_task_marker_parent to None, run_after=None
[2024-01-29T13:05:23.015+0000] {processor.py:183} INFO - Processing /home/airflow/.local/lib/python3.8/site-packages/airflow/example_dags/example_external_task_marker_dag.py took 0.080 seconds
[2024-01-29T13:05:53.081+0000] {processor.py:161} INFO - Started process (PID=1657) to work on /home/airflow/.local/lib/python3.8/site-packages/airflow/example_dags/example_external_task_marker_dag.py
[2024-01-29T13:05:53.082+0000] {processor.py:830} INFO - Processing file /home/airflow/.local/lib/python3.8/site-packages/airflow/example_dags/example_external_task_marker_dag.py for tasks to queue
[2024-01-29T13:05:53.084+0000] {logging_mixin.py:188} INFO - [2024-01-29T13:05:53.083+0000] {dagbag.py:538} INFO - Filling up the DagBag from /home/airflow/.local/lib/python3.8/site-packages/airflow/example_dags/example_external_task_marker_dag.py
[2024-01-29T13:05:53.090+0000] {processor.py:840} INFO - DAG(s) 'example_external_task_marker_child', 'example_external_task_marker_parent' retrieved from /home/airflow/.local/lib/python3.8/site-packages/airflow/example_dags/example_external_task_marker_dag.py
[2024-01-29T13:05:53.116+0000] {logging_mixin.py:188} INFO - [2024-01-29T13:05:53.116+0000] {dag.py:3036} INFO - Sync 2 DAGs
[2024-01-29T13:05:53.130+0000] {logging_mixin.py:188} INFO - [2024-01-29T13:05:53.129+0000] {dag.py:3823} INFO - Setting next_dagrun for example_external_task_marker_child to None, run_after=None
[2024-01-29T13:05:53.134+0000] {logging_mixin.py:188} INFO - [2024-01-29T13:05:53.133+0000] {dag.py:3823} INFO - Setting next_dagrun for example_external_task_marker_parent to None, run_after=None
[2024-01-29T13:05:53.149+0000] {processor.py:183} INFO - Processing /home/airflow/.local/lib/python3.8/site-packages/airflow/example_dags/example_external_task_marker_dag.py took 0.072 seconds
[2024-01-29T13:06:23.321+0000] {processor.py:161} INFO - Started process (PID=1715) to work on /home/airflow/.local/lib/python3.8/site-packages/airflow/example_dags/example_external_task_marker_dag.py
[2024-01-29T13:06:23.322+0000] {processor.py:830} INFO - Processing file /home/airflow/.local/lib/python3.8/site-packages/airflow/example_dags/example_external_task_marker_dag.py for tasks to queue
[2024-01-29T13:06:23.324+0000] {logging_mixin.py:188} INFO - [2024-01-29T13:06:23.323+0000] {dagbag.py:538} INFO - Filling up the DagBag from /home/airflow/.local/lib/python3.8/site-packages/airflow/example_dags/example_external_task_marker_dag.py
[2024-01-29T13:06:23.331+0000] {processor.py:840} INFO - DAG(s) 'example_external_task_marker_parent', 'example_external_task_marker_child' retrieved from /home/airflow/.local/lib/python3.8/site-packages/airflow/example_dags/example_external_task_marker_dag.py
[2024-01-29T13:06:23.357+0000] {logging_mixin.py:188} INFO - [2024-01-29T13:06:23.356+0000] {dag.py:3036} INFO - Sync 2 DAGs
[2024-01-29T13:06:23.371+0000] {logging_mixin.py:188} INFO - [2024-01-29T13:06:23.371+0000] {dag.py:3823} INFO - Setting next_dagrun for example_external_task_marker_child to None, run_after=None
[2024-01-29T13:06:23.375+0000] {logging_mixin.py:188} INFO - [2024-01-29T13:06:23.375+0000] {dag.py:3823} INFO - Setting next_dagrun for example_external_task_marker_parent to None, run_after=None
[2024-01-29T13:06:23.393+0000] {processor.py:183} INFO - Processing /home/airflow/.local/lib/python3.8/site-packages/airflow/example_dags/example_external_task_marker_dag.py took 0.077 seconds
[2024-01-29T13:06:53.549+0000] {processor.py:161} INFO - Started process (PID=1771) to work on /home/airflow/.local/lib/python3.8/site-packages/airflow/example_dags/example_external_task_marker_dag.py
[2024-01-29T13:06:53.550+0000] {processor.py:830} INFO - Processing file /home/airflow/.local/lib/python3.8/site-packages/airflow/example_dags/example_external_task_marker_dag.py for tasks to queue
[2024-01-29T13:06:53.552+0000] {logging_mixin.py:188} INFO - [2024-01-29T13:06:53.551+0000] {dagbag.py:538} INFO - Filling up the DagBag from /home/airflow/.local/lib/python3.8/site-packages/airflow/example_dags/example_external_task_marker_dag.py
[2024-01-29T13:06:53.559+0000] {processor.py:840} INFO - DAG(s) 'example_external_task_marker_child', 'example_external_task_marker_parent' retrieved from /home/airflow/.local/lib/python3.8/site-packages/airflow/example_dags/example_external_task_marker_dag.py
[2024-01-29T13:06:53.593+0000] {logging_mixin.py:188} INFO - [2024-01-29T13:06:53.593+0000] {dag.py:3036} INFO - Sync 2 DAGs
[2024-01-29T13:06:53.611+0000] {logging_mixin.py:188} INFO - [2024-01-29T13:06:53.610+0000] {dag.py:3823} INFO - Setting next_dagrun for example_external_task_marker_child to None, run_after=None
[2024-01-29T13:06:53.617+0000] {logging_mixin.py:188} INFO - [2024-01-29T13:06:53.617+0000] {dag.py:3823} INFO - Setting next_dagrun for example_external_task_marker_parent to None, run_after=None
[2024-01-29T13:06:53.638+0000] {processor.py:183} INFO - Processing /home/airflow/.local/lib/python3.8/site-packages/airflow/example_dags/example_external_task_marker_dag.py took 0.093 seconds
[2024-01-29T13:07:24.484+0000] {processor.py:161} INFO - Started process (PID=1827) to work on /home/airflow/.local/lib/python3.8/site-packages/airflow/example_dags/example_external_task_marker_dag.py
[2024-01-29T13:07:24.485+0000] {processor.py:830} INFO - Processing file /home/airflow/.local/lib/python3.8/site-packages/airflow/example_dags/example_external_task_marker_dag.py for tasks to queue
[2024-01-29T13:07:24.486+0000] {logging_mixin.py:188} INFO - [2024-01-29T13:07:24.486+0000] {dagbag.py:538} INFO - Filling up the DagBag from /home/airflow/.local/lib/python3.8/site-packages/airflow/example_dags/example_external_task_marker_dag.py
[2024-01-29T13:07:24.492+0000] {processor.py:840} INFO - DAG(s) 'example_external_task_marker_parent', 'example_external_task_marker_child' retrieved from /home/airflow/.local/lib/python3.8/site-packages/airflow/example_dags/example_external_task_marker_dag.py
[2024-01-29T13:07:24.516+0000] {logging_mixin.py:188} INFO - [2024-01-29T13:07:24.516+0000] {dag.py:3036} INFO - Sync 2 DAGs
[2024-01-29T13:07:24.529+0000] {logging_mixin.py:188} INFO - [2024-01-29T13:07:24.528+0000] {dag.py:3823} INFO - Setting next_dagrun for example_external_task_marker_child to None, run_after=None
[2024-01-29T13:07:24.533+0000] {logging_mixin.py:188} INFO - [2024-01-29T13:07:24.533+0000] {dag.py:3823} INFO - Setting next_dagrun for example_external_task_marker_parent to None, run_after=None
[2024-01-29T13:07:24.550+0000] {processor.py:183} INFO - Processing /home/airflow/.local/lib/python3.8/site-packages/airflow/example_dags/example_external_task_marker_dag.py took 0.070 seconds
[2024-01-29T13:07:55.241+0000] {processor.py:161} INFO - Started process (PID=1884) to work on /home/airflow/.local/lib/python3.8/site-packages/airflow/example_dags/example_external_task_marker_dag.py
[2024-01-29T13:07:55.243+0000] {processor.py:830} INFO - Processing file /home/airflow/.local/lib/python3.8/site-packages/airflow/example_dags/example_external_task_marker_dag.py for tasks to queue
[2024-01-29T13:07:55.245+0000] {logging_mixin.py:188} INFO - [2024-01-29T13:07:55.244+0000] {dagbag.py:538} INFO - Filling up the DagBag from /home/airflow/.local/lib/python3.8/site-packages/airflow/example_dags/example_external_task_marker_dag.py
[2024-01-29T13:07:55.253+0000] {processor.py:840} INFO - DAG(s) 'example_external_task_marker_child', 'example_external_task_marker_parent' retrieved from /home/airflow/.local/lib/python3.8/site-packages/airflow/example_dags/example_external_task_marker_dag.py
[2024-01-29T13:07:55.277+0000] {logging_mixin.py:188} INFO - [2024-01-29T13:07:55.276+0000] {dag.py:3036} INFO - Sync 2 DAGs
[2024-01-29T13:07:55.289+0000] {logging_mixin.py:188} INFO - [2024-01-29T13:07:55.288+0000] {dag.py:3823} INFO - Setting next_dagrun for example_external_task_marker_child to None, run_after=None
[2024-01-29T13:07:55.292+0000] {logging_mixin.py:188} INFO - [2024-01-29T13:07:55.292+0000] {dag.py:3823} INFO - Setting next_dagrun for example_external_task_marker_parent to None, run_after=None
[2024-01-29T13:07:55.310+0000] {processor.py:183} INFO - Processing /home/airflow/.local/lib/python3.8/site-packages/airflow/example_dags/example_external_task_marker_dag.py took 0.074 seconds
[2024-01-29T13:08:25.961+0000] {processor.py:161} INFO - Started process (PID=1940) to work on /home/airflow/.local/lib/python3.8/site-packages/airflow/example_dags/example_external_task_marker_dag.py
[2024-01-29T13:08:25.962+0000] {processor.py:830} INFO - Processing file /home/airflow/.local/lib/python3.8/site-packages/airflow/example_dags/example_external_task_marker_dag.py for tasks to queue
[2024-01-29T13:08:25.964+0000] {logging_mixin.py:188} INFO - [2024-01-29T13:08:25.964+0000] {dagbag.py:538} INFO - Filling up the DagBag from /home/airflow/.local/lib/python3.8/site-packages/airflow/example_dags/example_external_task_marker_dag.py
[2024-01-29T13:08:25.971+0000] {processor.py:840} INFO - DAG(s) 'example_external_task_marker_child', 'example_external_task_marker_parent' retrieved from /home/airflow/.local/lib/python3.8/site-packages/airflow/example_dags/example_external_task_marker_dag.py
[2024-01-29T13:08:25.996+0000] {logging_mixin.py:188} INFO - [2024-01-29T13:08:25.996+0000] {dag.py:3036} INFO - Sync 2 DAGs
[2024-01-29T13:08:26.008+0000] {logging_mixin.py:188} INFO - [2024-01-29T13:08:26.008+0000] {dag.py:3823} INFO - Setting next_dagrun for example_external_task_marker_child to None, run_after=None
[2024-01-29T13:08:26.012+0000] {logging_mixin.py:188} INFO - [2024-01-29T13:08:26.012+0000] {dag.py:3823} INFO - Setting next_dagrun for example_external_task_marker_parent to None, run_after=None
[2024-01-29T13:08:26.029+0000] {processor.py:183} INFO - Processing /home/airflow/.local/lib/python3.8/site-packages/airflow/example_dags/example_external_task_marker_dag.py took 0.073 seconds
[2024-01-29T13:08:56.093+0000] {processor.py:161} INFO - Started process (PID=1996) to work on /home/airflow/.local/lib/python3.8/site-packages/airflow/example_dags/example_external_task_marker_dag.py
[2024-01-29T13:08:56.095+0000] {processor.py:830} INFO - Processing file /home/airflow/.local/lib/python3.8/site-packages/airflow/example_dags/example_external_task_marker_dag.py for tasks to queue
[2024-01-29T13:08:56.098+0000] {logging_mixin.py:188} INFO - [2024-01-29T13:08:56.097+0000] {dagbag.py:538} INFO - Filling up the DagBag from /home/airflow/.local/lib/python3.8/site-packages/airflow/example_dags/example_external_task_marker_dag.py
[2024-01-29T13:08:56.105+0000] {processor.py:840} INFO - DAG(s) 'example_external_task_marker_parent', 'example_external_task_marker_child' retrieved from /home/airflow/.local/lib/python3.8/site-packages/airflow/example_dags/example_external_task_marker_dag.py
[2024-01-29T13:08:56.130+0000] {logging_mixin.py:188} INFO - [2024-01-29T13:08:56.129+0000] {dag.py:3036} INFO - Sync 2 DAGs
[2024-01-29T13:08:56.143+0000] {logging_mixin.py:188} INFO - [2024-01-29T13:08:56.143+0000] {dag.py:3823} INFO - Setting next_dagrun for example_external_task_marker_child to None, run_after=None
[2024-01-29T13:08:56.147+0000] {logging_mixin.py:188} INFO - [2024-01-29T13:08:56.147+0000] {dag.py:3823} INFO - Setting next_dagrun for example_external_task_marker_parent to None, run_after=None
[2024-01-29T13:08:56.165+0000] {processor.py:183} INFO - Processing /home/airflow/.local/lib/python3.8/site-packages/airflow/example_dags/example_external_task_marker_dag.py took 0.076 seconds
[2024-01-29T13:09:26.979+0000] {processor.py:161} INFO - Started process (PID=2052) to work on /home/airflow/.local/lib/python3.8/site-packages/airflow/example_dags/example_external_task_marker_dag.py
[2024-01-29T13:09:26.980+0000] {processor.py:830} INFO - Processing file /home/airflow/.local/lib/python3.8/site-packages/airflow/example_dags/example_external_task_marker_dag.py for tasks to queue
[2024-01-29T13:09:26.982+0000] {logging_mixin.py:188} INFO - [2024-01-29T13:09:26.981+0000] {dagbag.py:538} INFO - Filling up the DagBag from /home/airflow/.local/lib/python3.8/site-packages/airflow/example_dags/example_external_task_marker_dag.py
[2024-01-29T13:09:26.988+0000] {processor.py:840} INFO - DAG(s) 'example_external_task_marker_parent', 'example_external_task_marker_child' retrieved from /home/airflow/.local/lib/python3.8/site-packages/airflow/example_dags/example_external_task_marker_dag.py
[2024-01-29T13:09:27.011+0000] {logging_mixin.py:188} INFO - [2024-01-29T13:09:27.011+0000] {dag.py:3036} INFO - Sync 2 DAGs
[2024-01-29T13:09:27.023+0000] {logging_mixin.py:188} INFO - [2024-01-29T13:09:27.023+0000] {dag.py:3823} INFO - Setting next_dagrun for example_external_task_marker_child to None, run_after=None
[2024-01-29T13:09:27.027+0000] {logging_mixin.py:188} INFO - [2024-01-29T13:09:27.027+0000] {dag.py:3823} INFO - Setting next_dagrun for example_external_task_marker_parent to None, run_after=None
[2024-01-29T13:09:27.043+0000] {processor.py:183} INFO - Processing /home/airflow/.local/lib/python3.8/site-packages/airflow/example_dags/example_external_task_marker_dag.py took 0.067 seconds
[2024-01-29T13:09:57.932+0000] {processor.py:161} INFO - Started process (PID=2108) to work on /home/airflow/.local/lib/python3.8/site-packages/airflow/example_dags/example_external_task_marker_dag.py
[2024-01-29T13:09:57.933+0000] {processor.py:830} INFO - Processing file /home/airflow/.local/lib/python3.8/site-packages/airflow/example_dags/example_external_task_marker_dag.py for tasks to queue
[2024-01-29T13:09:57.935+0000] {logging_mixin.py:188} INFO - [2024-01-29T13:09:57.935+0000] {dagbag.py:538} INFO - Filling up the DagBag from /home/airflow/.local/lib/python3.8/site-packages/airflow/example_dags/example_external_task_marker_dag.py
[2024-01-29T13:09:57.940+0000] {processor.py:840} INFO - DAG(s) 'example_external_task_marker_parent', 'example_external_task_marker_child' retrieved from /home/airflow/.local/lib/python3.8/site-packages/airflow/example_dags/example_external_task_marker_dag.py
[2024-01-29T13:09:57.962+0000] {logging_mixin.py:188} INFO - [2024-01-29T13:09:57.962+0000] {dag.py:3036} INFO - Sync 2 DAGs
[2024-01-29T13:09:57.974+0000] {logging_mixin.py:188} INFO - [2024-01-29T13:09:57.974+0000] {dag.py:3823} INFO - Setting next_dagrun for example_external_task_marker_child to None, run_after=None
[2024-01-29T13:09:57.978+0000] {logging_mixin.py:188} INFO - [2024-01-29T13:09:57.977+0000] {dag.py:3823} INFO - Setting next_dagrun for example_external_task_marker_parent to None, run_after=None
[2024-01-29T13:09:57.994+0000] {processor.py:183} INFO - Processing /home/airflow/.local/lib/python3.8/site-packages/airflow/example_dags/example_external_task_marker_dag.py took 0.064 seconds
[2024-01-29T13:10:28.836+0000] {processor.py:161} INFO - Started process (PID=2164) to work on /home/airflow/.local/lib/python3.8/site-packages/airflow/example_dags/example_external_task_marker_dag.py
[2024-01-29T13:10:28.837+0000] {processor.py:830} INFO - Processing file /home/airflow/.local/lib/python3.8/site-packages/airflow/example_dags/example_external_task_marker_dag.py for tasks to queue
[2024-01-29T13:10:28.839+0000] {logging_mixin.py:188} INFO - [2024-01-29T13:10:28.839+0000] {dagbag.py:538} INFO - Filling up the DagBag from /home/airflow/.local/lib/python3.8/site-packages/airflow/example_dags/example_external_task_marker_dag.py
[2024-01-29T13:10:28.847+0000] {processor.py:840} INFO - DAG(s) 'example_external_task_marker_parent', 'example_external_task_marker_child' retrieved from /home/airflow/.local/lib/python3.8/site-packages/airflow/example_dags/example_external_task_marker_dag.py
[2024-01-29T13:10:28.876+0000] {logging_mixin.py:188} INFO - [2024-01-29T13:10:28.875+0000] {dag.py:3036} INFO - Sync 2 DAGs
[2024-01-29T13:10:28.891+0000] {logging_mixin.py:188} INFO - [2024-01-29T13:10:28.891+0000] {dag.py:3823} INFO - Setting next_dagrun for example_external_task_marker_child to None, run_after=None
[2024-01-29T13:10:28.895+0000] {logging_mixin.py:188} INFO - [2024-01-29T13:10:28.894+0000] {dag.py:3823} INFO - Setting next_dagrun for example_external_task_marker_parent to None, run_after=None
[2024-01-29T13:10:28.910+0000] {processor.py:183} INFO - Processing /home/airflow/.local/lib/python3.8/site-packages/airflow/example_dags/example_external_task_marker_dag.py took 0.079 seconds
[2024-01-29T13:10:59.616+0000] {processor.py:161} INFO - Started process (PID=2220) to work on /home/airflow/.local/lib/python3.8/site-packages/airflow/example_dags/example_external_task_marker_dag.py
[2024-01-29T13:10:59.617+0000] {processor.py:830} INFO - Processing file /home/airflow/.local/lib/python3.8/site-packages/airflow/example_dags/example_external_task_marker_dag.py for tasks to queue
[2024-01-29T13:10:59.619+0000] {logging_mixin.py:188} INFO - [2024-01-29T13:10:59.619+0000] {dagbag.py:538} INFO - Filling up the DagBag from /home/airflow/.local/lib/python3.8/site-packages/airflow/example_dags/example_external_task_marker_dag.py
[2024-01-29T13:10:59.626+0000] {processor.py:840} INFO - DAG(s) 'example_external_task_marker_child', 'example_external_task_marker_parent' retrieved from /home/airflow/.local/lib/python3.8/site-packages/airflow/example_dags/example_external_task_marker_dag.py
[2024-01-29T13:10:59.651+0000] {logging_mixin.py:188} INFO - [2024-01-29T13:10:59.651+0000] {dag.py:3036} INFO - Sync 2 DAGs
[2024-01-29T13:10:59.663+0000] {logging_mixin.py:188} INFO - [2024-01-29T13:10:59.663+0000] {dag.py:3823} INFO - Setting next_dagrun for example_external_task_marker_child to None, run_after=None
[2024-01-29T13:10:59.667+0000] {logging_mixin.py:188} INFO - [2024-01-29T13:10:59.667+0000] {dag.py:3823} INFO - Setting next_dagrun for example_external_task_marker_parent to None, run_after=None
[2024-01-29T13:10:59.683+0000] {processor.py:183} INFO - Processing /home/airflow/.local/lib/python3.8/site-packages/airflow/example_dags/example_external_task_marker_dag.py took 0.071 seconds
[2024-01-29T13:11:29.760+0000] {processor.py:161} INFO - Started process (PID=2276) to work on /home/airflow/.local/lib/python3.8/site-packages/airflow/example_dags/example_external_task_marker_dag.py
[2024-01-29T13:11:29.761+0000] {processor.py:830} INFO - Processing file /home/airflow/.local/lib/python3.8/site-packages/airflow/example_dags/example_external_task_marker_dag.py for tasks to queue
[2024-01-29T13:11:29.763+0000] {logging_mixin.py:188} INFO - [2024-01-29T13:11:29.762+0000] {dagbag.py:538} INFO - Filling up the DagBag from /home/airflow/.local/lib/python3.8/site-packages/airflow/example_dags/example_external_task_marker_dag.py
[2024-01-29T13:11:29.770+0000] {processor.py:840} INFO - DAG(s) 'example_external_task_marker_child', 'example_external_task_marker_parent' retrieved from /home/airflow/.local/lib/python3.8/site-packages/airflow/example_dags/example_external_task_marker_dag.py
[2024-01-29T13:11:29.794+0000] {logging_mixin.py:188} INFO - [2024-01-29T13:11:29.794+0000] {dag.py:3036} INFO - Sync 2 DAGs
[2024-01-29T13:11:29.806+0000] {logging_mixin.py:188} INFO - [2024-01-29T13:11:29.806+0000] {dag.py:3823} INFO - Setting next_dagrun for example_external_task_marker_child to None, run_after=None
[2024-01-29T13:11:29.810+0000] {logging_mixin.py:188} INFO - [2024-01-29T13:11:29.809+0000] {dag.py:3823} INFO - Setting next_dagrun for example_external_task_marker_parent to None, run_after=None
[2024-01-29T13:11:29.825+0000] {processor.py:183} INFO - Processing /home/airflow/.local/lib/python3.8/site-packages/airflow/example_dags/example_external_task_marker_dag.py took 0.069 seconds
[2024-01-29T13:11:59.871+0000] {processor.py:161} INFO - Started process (PID=2332) to work on /home/airflow/.local/lib/python3.8/site-packages/airflow/example_dags/example_external_task_marker_dag.py
[2024-01-29T13:11:59.871+0000] {processor.py:830} INFO - Processing file /home/airflow/.local/lib/python3.8/site-packages/airflow/example_dags/example_external_task_marker_dag.py for tasks to queue
[2024-01-29T13:11:59.873+0000] {logging_mixin.py:188} INFO - [2024-01-29T13:11:59.873+0000] {dagbag.py:538} INFO - Filling up the DagBag from /home/airflow/.local/lib/python3.8/site-packages/airflow/example_dags/example_external_task_marker_dag.py
[2024-01-29T13:11:59.879+0000] {processor.py:840} INFO - DAG(s) 'example_external_task_marker_parent', 'example_external_task_marker_child' retrieved from /home/airflow/.local/lib/python3.8/site-packages/airflow/example_dags/example_external_task_marker_dag.py
[2024-01-29T13:11:59.902+0000] {logging_mixin.py:188} INFO - [2024-01-29T13:11:59.901+0000] {dag.py:3036} INFO - Sync 2 DAGs
[2024-01-29T13:11:59.915+0000] {logging_mixin.py:188} INFO - [2024-01-29T13:11:59.915+0000] {dag.py:3823} INFO - Setting next_dagrun for example_external_task_marker_child to None, run_after=None
[2024-01-29T13:11:59.918+0000] {logging_mixin.py:188} INFO - [2024-01-29T13:11:59.918+0000] {dag.py:3823} INFO - Setting next_dagrun for example_external_task_marker_parent to None, run_after=None
[2024-01-29T13:11:59.935+0000] {processor.py:183} INFO - Processing /home/airflow/.local/lib/python3.8/site-packages/airflow/example_dags/example_external_task_marker_dag.py took 0.068 seconds
[2024-01-29T13:17:23.405+0000] {processor.py:161} INFO - Started process (PID=2385) to work on /home/airflow/.local/lib/python3.8/site-packages/airflow/example_dags/example_external_task_marker_dag.py
[2024-01-29T13:17:23.407+0000] {processor.py:830} INFO - Processing file /home/airflow/.local/lib/python3.8/site-packages/airflow/example_dags/example_external_task_marker_dag.py for tasks to queue
[2024-01-29T13:17:23.411+0000] {logging_mixin.py:188} INFO - [2024-01-29T13:17:23.410+0000] {dagbag.py:538} INFO - Filling up the DagBag from /home/airflow/.local/lib/python3.8/site-packages/airflow/example_dags/example_external_task_marker_dag.py
[2024-01-29T13:17:23.424+0000] {processor.py:840} INFO - DAG(s) 'example_external_task_marker_child', 'example_external_task_marker_parent' retrieved from /home/airflow/.local/lib/python3.8/site-packages/airflow/example_dags/example_external_task_marker_dag.py
[2024-01-29T13:17:23.458+0000] {logging_mixin.py:188} INFO - [2024-01-29T13:17:23.458+0000] {dag.py:3036} INFO - Sync 2 DAGs
[2024-01-29T13:17:23.478+0000] {logging_mixin.py:188} INFO - [2024-01-29T13:17:23.477+0000] {dag.py:3823} INFO - Setting next_dagrun for example_external_task_marker_child to None, run_after=None
[2024-01-29T13:17:23.483+0000] {logging_mixin.py:188} INFO - [2024-01-29T13:17:23.482+0000] {dag.py:3823} INFO - Setting next_dagrun for example_external_task_marker_parent to None, run_after=None
[2024-01-29T13:17:23.506+0000] {processor.py:183} INFO - Processing /home/airflow/.local/lib/python3.8/site-packages/airflow/example_dags/example_external_task_marker_dag.py took 0.109 seconds
[2024-01-29T13:17:53.573+0000] {processor.py:161} INFO - Started process (PID=2441) to work on /home/airflow/.local/lib/python3.8/site-packages/airflow/example_dags/example_external_task_marker_dag.py
[2024-01-29T13:17:53.574+0000] {processor.py:830} INFO - Processing file /home/airflow/.local/lib/python3.8/site-packages/airflow/example_dags/example_external_task_marker_dag.py for tasks to queue
[2024-01-29T13:17:53.575+0000] {logging_mixin.py:188} INFO - [2024-01-29T13:17:53.575+0000] {dagbag.py:538} INFO - Filling up the DagBag from /home/airflow/.local/lib/python3.8/site-packages/airflow/example_dags/example_external_task_marker_dag.py
[2024-01-29T13:17:53.582+0000] {processor.py:840} INFO - DAG(s) 'example_external_task_marker_parent', 'example_external_task_marker_child' retrieved from /home/airflow/.local/lib/python3.8/site-packages/airflow/example_dags/example_external_task_marker_dag.py
[2024-01-29T13:17:53.606+0000] {logging_mixin.py:188} INFO - [2024-01-29T13:17:53.606+0000] {dag.py:3036} INFO - Sync 2 DAGs
[2024-01-29T13:17:53.619+0000] {logging_mixin.py:188} INFO - [2024-01-29T13:17:53.619+0000] {dag.py:3823} INFO - Setting next_dagrun for example_external_task_marker_child to None, run_after=None
[2024-01-29T13:17:53.623+0000] {logging_mixin.py:188} INFO - [2024-01-29T13:17:53.623+0000] {dag.py:3823} INFO - Setting next_dagrun for example_external_task_marker_parent to None, run_after=None
[2024-01-29T13:17:53.641+0000] {processor.py:183} INFO - Processing /home/airflow/.local/lib/python3.8/site-packages/airflow/example_dags/example_external_task_marker_dag.py took 0.072 seconds
[2024-01-29T13:18:23.760+0000] {processor.py:161} INFO - Started process (PID=2497) to work on /home/airflow/.local/lib/python3.8/site-packages/airflow/example_dags/example_external_task_marker_dag.py
[2024-01-29T13:18:23.761+0000] {processor.py:830} INFO - Processing file /home/airflow/.local/lib/python3.8/site-packages/airflow/example_dags/example_external_task_marker_dag.py for tasks to queue
[2024-01-29T13:18:23.763+0000] {logging_mixin.py:188} INFO - [2024-01-29T13:18:23.762+0000] {dagbag.py:538} INFO - Filling up the DagBag from /home/airflow/.local/lib/python3.8/site-packages/airflow/example_dags/example_external_task_marker_dag.py
[2024-01-29T13:18:23.770+0000] {processor.py:840} INFO - DAG(s) 'example_external_task_marker_parent', 'example_external_task_marker_child' retrieved from /home/airflow/.local/lib/python3.8/site-packages/airflow/example_dags/example_external_task_marker_dag.py
[2024-01-29T13:18:23.795+0000] {logging_mixin.py:188} INFO - [2024-01-29T13:18:23.795+0000] {dag.py:3036} INFO - Sync 2 DAGs
[2024-01-29T13:18:23.808+0000] {logging_mixin.py:188} INFO - [2024-01-29T13:18:23.807+0000] {dag.py:3823} INFO - Setting next_dagrun for example_external_task_marker_child to None, run_after=None
[2024-01-29T13:18:23.811+0000] {logging_mixin.py:188} INFO - [2024-01-29T13:18:23.811+0000] {dag.py:3823} INFO - Setting next_dagrun for example_external_task_marker_parent to None, run_after=None
[2024-01-29T13:18:23.827+0000] {processor.py:183} INFO - Processing /home/airflow/.local/lib/python3.8/site-packages/airflow/example_dags/example_external_task_marker_dag.py took 0.072 seconds
