[2024-01-29T12:41:08.518+0000] {processor.py:161} INFO - Started process (PID=57) to work on /home/airflow/.local/lib/python3.8/site-packages/airflow/example_dags/example_task_group_decorator.py
[2024-01-29T12:41:08.519+0000] {processor.py:830} INFO - Processing file /home/airflow/.local/lib/python3.8/site-packages/airflow/example_dags/example_task_group_decorator.py for tasks to queue
[2024-01-29T12:41:08.521+0000] {logging_mixin.py:188} INFO - [2024-01-29T12:41:08.521+0000] {dagbag.py:538} INFO - Filling up the DagBag from /home/airflow/.local/lib/python3.8/site-packages/airflow/example_dags/example_task_group_decorator.py
[2024-01-29T12:41:08.536+0000] {processor.py:840} INFO - DAG(s) 'example_task_group_decorator' retrieved from /home/airflow/.local/lib/python3.8/site-packages/airflow/example_dags/example_task_group_decorator.py
[2024-01-29T12:41:08.645+0000] {logging_mixin.py:188} INFO - [2024-01-29T12:41:08.645+0000] {override.py:1769} INFO - Created Permission View: can read on DAG:example_task_group_decorator
[2024-01-29T12:41:08.655+0000] {logging_mixin.py:188} INFO - [2024-01-29T12:41:08.655+0000] {override.py:1769} INFO - Created Permission View: can edit on DAG:example_task_group_decorator
[2024-01-29T12:41:08.662+0000] {logging_mixin.py:188} INFO - [2024-01-29T12:41:08.662+0000] {override.py:1769} INFO - Created Permission View: can delete on DAG:example_task_group_decorator
[2024-01-29T12:41:08.663+0000] {logging_mixin.py:188} INFO - [2024-01-29T12:41:08.663+0000] {dag.py:3036} INFO - Sync 1 DAGs
[2024-01-29T12:41:08.674+0000] {logging_mixin.py:188} INFO - [2024-01-29T12:41:08.674+0000] {dag.py:3058} INFO - Creating ORM DAG for example_task_group_decorator
[2024-01-29T12:41:08.687+0000] {logging_mixin.py:188} INFO - [2024-01-29T12:41:08.687+0000] {dag.py:3823} INFO - Setting next_dagrun for example_task_group_decorator to 2024-01-28 00:00:00+00:00, run_after=2024-01-29 00:00:00+00:00
[2024-01-29T12:41:08.712+0000] {processor.py:183} INFO - Processing /home/airflow/.local/lib/python3.8/site-packages/airflow/example_dags/example_task_group_decorator.py took 0.196 seconds
[2024-01-29T12:41:38.842+0000] {processor.py:161} INFO - Started process (PID=112) to work on /home/airflow/.local/lib/python3.8/site-packages/airflow/example_dags/example_task_group_decorator.py
[2024-01-29T12:41:38.843+0000] {processor.py:830} INFO - Processing file /home/airflow/.local/lib/python3.8/site-packages/airflow/example_dags/example_task_group_decorator.py for tasks to queue
[2024-01-29T12:41:38.845+0000] {logging_mixin.py:188} INFO - [2024-01-29T12:41:38.844+0000] {dagbag.py:538} INFO - Filling up the DagBag from /home/airflow/.local/lib/python3.8/site-packages/airflow/example_dags/example_task_group_decorator.py
[2024-01-29T12:41:38.859+0000] {processor.py:840} INFO - DAG(s) 'example_task_group_decorator' retrieved from /home/airflow/.local/lib/python3.8/site-packages/airflow/example_dags/example_task_group_decorator.py
[2024-01-29T12:41:38.882+0000] {logging_mixin.py:188} INFO - [2024-01-29T12:41:38.881+0000] {dag.py:3036} INFO - Sync 1 DAGs
[2024-01-29T12:41:38.902+0000] {logging_mixin.py:188} INFO - [2024-01-29T12:41:38.902+0000] {dag.py:3823} INFO - Setting next_dagrun for example_task_group_decorator to 2024-01-28 00:00:00+00:00, run_after=2024-01-29 00:00:00+00:00
[2024-01-29T12:41:38.919+0000] {processor.py:183} INFO - Processing /home/airflow/.local/lib/python3.8/site-packages/airflow/example_dags/example_task_group_decorator.py took 0.080 seconds
[2024-01-29T12:51:15.128+0000] {processor.py:161} INFO - Started process (PID=58) to work on /home/airflow/.local/lib/python3.8/site-packages/airflow/example_dags/example_task_group_decorator.py
[2024-01-29T12:51:15.129+0000] {processor.py:830} INFO - Processing file /home/airflow/.local/lib/python3.8/site-packages/airflow/example_dags/example_task_group_decorator.py for tasks to queue
[2024-01-29T12:51:15.131+0000] {logging_mixin.py:188} INFO - [2024-01-29T12:51:15.130+0000] {dagbag.py:538} INFO - Filling up the DagBag from /home/airflow/.local/lib/python3.8/site-packages/airflow/example_dags/example_task_group_decorator.py
[2024-01-29T12:51:15.149+0000] {processor.py:840} INFO - DAG(s) 'example_task_group_decorator' retrieved from /home/airflow/.local/lib/python3.8/site-packages/airflow/example_dags/example_task_group_decorator.py
[2024-01-29T12:51:15.162+0000] {logging_mixin.py:188} INFO - [2024-01-29T12:51:15.162+0000] {dag.py:3036} INFO - Sync 1 DAGs
[2024-01-29T12:51:15.189+0000] {logging_mixin.py:188} INFO - [2024-01-29T12:51:15.189+0000] {dag.py:3823} INFO - Setting next_dagrun for example_task_group_decorator to 2024-01-28 00:00:00+00:00, run_after=2024-01-29 00:00:00+00:00
[2024-01-29T12:51:15.213+0000] {processor.py:183} INFO - Processing /home/airflow/.local/lib/python3.8/site-packages/airflow/example_dags/example_task_group_decorator.py took 0.090 seconds
[2024-01-29T12:51:46.529+0000] {processor.py:161} INFO - Started process (PID=114) to work on /home/airflow/.local/lib/python3.8/site-packages/airflow/example_dags/example_task_group_decorator.py
[2024-01-29T12:51:46.530+0000] {processor.py:830} INFO - Processing file /home/airflow/.local/lib/python3.8/site-packages/airflow/example_dags/example_task_group_decorator.py for tasks to queue
[2024-01-29T12:51:46.532+0000] {logging_mixin.py:188} INFO - [2024-01-29T12:51:46.532+0000] {dagbag.py:538} INFO - Filling up the DagBag from /home/airflow/.local/lib/python3.8/site-packages/airflow/example_dags/example_task_group_decorator.py
[2024-01-29T12:51:46.551+0000] {processor.py:840} INFO - DAG(s) 'example_task_group_decorator' retrieved from /home/airflow/.local/lib/python3.8/site-packages/airflow/example_dags/example_task_group_decorator.py
[2024-01-29T12:51:46.679+0000] {logging_mixin.py:188} INFO - [2024-01-29T12:51:46.679+0000] {dag.py:3036} INFO - Sync 1 DAGs
[2024-01-29T12:51:46.702+0000] {logging_mixin.py:188} INFO - [2024-01-29T12:51:46.702+0000] {dag.py:3823} INFO - Setting next_dagrun for example_task_group_decorator to 2024-01-28 00:00:00+00:00, run_after=2024-01-29 00:00:00+00:00
[2024-01-29T12:51:46.724+0000] {processor.py:183} INFO - Processing /home/airflow/.local/lib/python3.8/site-packages/airflow/example_dags/example_task_group_decorator.py took 0.200 seconds
[2024-01-29T12:52:17.560+0000] {processor.py:161} INFO - Started process (PID=170) to work on /home/airflow/.local/lib/python3.8/site-packages/airflow/example_dags/example_task_group_decorator.py
[2024-01-29T12:52:17.561+0000] {processor.py:830} INFO - Processing file /home/airflow/.local/lib/python3.8/site-packages/airflow/example_dags/example_task_group_decorator.py for tasks to queue
[2024-01-29T12:52:17.563+0000] {logging_mixin.py:188} INFO - [2024-01-29T12:52:17.563+0000] {dagbag.py:538} INFO - Filling up the DagBag from /home/airflow/.local/lib/python3.8/site-packages/airflow/example_dags/example_task_group_decorator.py
[2024-01-29T12:52:17.577+0000] {processor.py:840} INFO - DAG(s) 'example_task_group_decorator' retrieved from /home/airflow/.local/lib/python3.8/site-packages/airflow/example_dags/example_task_group_decorator.py
[2024-01-29T12:52:17.600+0000] {logging_mixin.py:188} INFO - [2024-01-29T12:52:17.599+0000] {dag.py:3036} INFO - Sync 1 DAGs
[2024-01-29T12:52:17.621+0000] {logging_mixin.py:188} INFO - [2024-01-29T12:52:17.621+0000] {dag.py:3823} INFO - Setting next_dagrun for example_task_group_decorator to 2024-01-28 00:00:00+00:00, run_after=2024-01-29 00:00:00+00:00
[2024-01-29T12:52:17.639+0000] {processor.py:183} INFO - Processing /home/airflow/.local/lib/python3.8/site-packages/airflow/example_dags/example_task_group_decorator.py took 0.082 seconds
[2024-01-29T12:52:48.549+0000] {processor.py:161} INFO - Started process (PID=226) to work on /home/airflow/.local/lib/python3.8/site-packages/airflow/example_dags/example_task_group_decorator.py
[2024-01-29T12:52:48.550+0000] {processor.py:830} INFO - Processing file /home/airflow/.local/lib/python3.8/site-packages/airflow/example_dags/example_task_group_decorator.py for tasks to queue
[2024-01-29T12:52:48.551+0000] {logging_mixin.py:188} INFO - [2024-01-29T12:52:48.551+0000] {dagbag.py:538} INFO - Filling up the DagBag from /home/airflow/.local/lib/python3.8/site-packages/airflow/example_dags/example_task_group_decorator.py
[2024-01-29T12:52:48.565+0000] {processor.py:840} INFO - DAG(s) 'example_task_group_decorator' retrieved from /home/airflow/.local/lib/python3.8/site-packages/airflow/example_dags/example_task_group_decorator.py
[2024-01-29T12:52:48.592+0000] {logging_mixin.py:188} INFO - [2024-01-29T12:52:48.592+0000] {dag.py:3036} INFO - Sync 1 DAGs
[2024-01-29T12:52:48.619+0000] {logging_mixin.py:188} INFO - [2024-01-29T12:52:48.619+0000] {dag.py:3823} INFO - Setting next_dagrun for example_task_group_decorator to 2024-01-28 00:00:00+00:00, run_after=2024-01-29 00:00:00+00:00
[2024-01-29T12:52:48.639+0000] {processor.py:183} INFO - Processing /home/airflow/.local/lib/python3.8/site-packages/airflow/example_dags/example_task_group_decorator.py took 0.093 seconds
[2024-01-29T12:53:18.717+0000] {processor.py:161} INFO - Started process (PID=282) to work on /home/airflow/.local/lib/python3.8/site-packages/airflow/example_dags/example_task_group_decorator.py
[2024-01-29T12:53:18.718+0000] {processor.py:830} INFO - Processing file /home/airflow/.local/lib/python3.8/site-packages/airflow/example_dags/example_task_group_decorator.py for tasks to queue
[2024-01-29T12:53:18.719+0000] {logging_mixin.py:188} INFO - [2024-01-29T12:53:18.719+0000] {dagbag.py:538} INFO - Filling up the DagBag from /home/airflow/.local/lib/python3.8/site-packages/airflow/example_dags/example_task_group_decorator.py
[2024-01-29T12:53:18.733+0000] {processor.py:840} INFO - DAG(s) 'example_task_group_decorator' retrieved from /home/airflow/.local/lib/python3.8/site-packages/airflow/example_dags/example_task_group_decorator.py
[2024-01-29T12:53:18.757+0000] {logging_mixin.py:188} INFO - [2024-01-29T12:53:18.756+0000] {dag.py:3036} INFO - Sync 1 DAGs
[2024-01-29T12:53:18.782+0000] {logging_mixin.py:188} INFO - [2024-01-29T12:53:18.782+0000] {dag.py:3823} INFO - Setting next_dagrun for example_task_group_decorator to 2024-01-28 00:00:00+00:00, run_after=2024-01-29 00:00:00+00:00
[2024-01-29T12:53:18.801+0000] {processor.py:183} INFO - Processing /home/airflow/.local/lib/python3.8/site-packages/airflow/example_dags/example_task_group_decorator.py took 0.087 seconds
[2024-01-29T12:53:48.898+0000] {processor.py:161} INFO - Started process (PID=338) to work on /home/airflow/.local/lib/python3.8/site-packages/airflow/example_dags/example_task_group_decorator.py
[2024-01-29T12:53:48.899+0000] {processor.py:830} INFO - Processing file /home/airflow/.local/lib/python3.8/site-packages/airflow/example_dags/example_task_group_decorator.py for tasks to queue
[2024-01-29T12:53:48.901+0000] {logging_mixin.py:188} INFO - [2024-01-29T12:53:48.901+0000] {dagbag.py:538} INFO - Filling up the DagBag from /home/airflow/.local/lib/python3.8/site-packages/airflow/example_dags/example_task_group_decorator.py
[2024-01-29T12:53:48.915+0000] {processor.py:840} INFO - DAG(s) 'example_task_group_decorator' retrieved from /home/airflow/.local/lib/python3.8/site-packages/airflow/example_dags/example_task_group_decorator.py
[2024-01-29T12:53:48.938+0000] {logging_mixin.py:188} INFO - [2024-01-29T12:53:48.938+0000] {dag.py:3036} INFO - Sync 1 DAGs
[2024-01-29T12:53:48.960+0000] {logging_mixin.py:188} INFO - [2024-01-29T12:53:48.960+0000] {dag.py:3823} INFO - Setting next_dagrun for example_task_group_decorator to 2024-01-28 00:00:00+00:00, run_after=2024-01-29 00:00:00+00:00
[2024-01-29T12:53:48.978+0000] {processor.py:183} INFO - Processing /home/airflow/.local/lib/python3.8/site-packages/airflow/example_dags/example_task_group_decorator.py took 0.082 seconds
[2024-01-29T12:54:19.200+0000] {processor.py:161} INFO - Started process (PID=394) to work on /home/airflow/.local/lib/python3.8/site-packages/airflow/example_dags/example_task_group_decorator.py
[2024-01-29T12:54:19.201+0000] {processor.py:830} INFO - Processing file /home/airflow/.local/lib/python3.8/site-packages/airflow/example_dags/example_task_group_decorator.py for tasks to queue
[2024-01-29T12:54:19.203+0000] {logging_mixin.py:188} INFO - [2024-01-29T12:54:19.202+0000] {dagbag.py:538} INFO - Filling up the DagBag from /home/airflow/.local/lib/python3.8/site-packages/airflow/example_dags/example_task_group_decorator.py
[2024-01-29T12:54:19.216+0000] {processor.py:840} INFO - DAG(s) 'example_task_group_decorator' retrieved from /home/airflow/.local/lib/python3.8/site-packages/airflow/example_dags/example_task_group_decorator.py
[2024-01-29T12:54:19.239+0000] {logging_mixin.py:188} INFO - [2024-01-29T12:54:19.239+0000] {dag.py:3036} INFO - Sync 1 DAGs
[2024-01-29T12:54:19.261+0000] {logging_mixin.py:188} INFO - [2024-01-29T12:54:19.261+0000] {dag.py:3823} INFO - Setting next_dagrun for example_task_group_decorator to 2024-01-28 00:00:00+00:00, run_after=2024-01-29 00:00:00+00:00
[2024-01-29T12:54:19.279+0000] {processor.py:183} INFO - Processing /home/airflow/.local/lib/python3.8/site-packages/airflow/example_dags/example_task_group_decorator.py took 0.082 seconds
[2024-01-29T12:54:49.395+0000] {processor.py:161} INFO - Started process (PID=450) to work on /home/airflow/.local/lib/python3.8/site-packages/airflow/example_dags/example_task_group_decorator.py
[2024-01-29T12:54:49.396+0000] {processor.py:830} INFO - Processing file /home/airflow/.local/lib/python3.8/site-packages/airflow/example_dags/example_task_group_decorator.py for tasks to queue
[2024-01-29T12:54:49.398+0000] {logging_mixin.py:188} INFO - [2024-01-29T12:54:49.397+0000] {dagbag.py:538} INFO - Filling up the DagBag from /home/airflow/.local/lib/python3.8/site-packages/airflow/example_dags/example_task_group_decorator.py
[2024-01-29T12:54:49.412+0000] {processor.py:840} INFO - DAG(s) 'example_task_group_decorator' retrieved from /home/airflow/.local/lib/python3.8/site-packages/airflow/example_dags/example_task_group_decorator.py
[2024-01-29T12:54:49.437+0000] {logging_mixin.py:188} INFO - [2024-01-29T12:54:49.436+0000] {dag.py:3036} INFO - Sync 1 DAGs
[2024-01-29T12:54:49.460+0000] {logging_mixin.py:188} INFO - [2024-01-29T12:54:49.460+0000] {dag.py:3823} INFO - Setting next_dagrun for example_task_group_decorator to 2024-01-28 00:00:00+00:00, run_after=2024-01-29 00:00:00+00:00
[2024-01-29T12:54:49.479+0000] {processor.py:183} INFO - Processing /home/airflow/.local/lib/python3.8/site-packages/airflow/example_dags/example_task_group_decorator.py took 0.087 seconds
[2024-01-29T12:55:19.832+0000] {processor.py:161} INFO - Started process (PID=506) to work on /home/airflow/.local/lib/python3.8/site-packages/airflow/example_dags/example_task_group_decorator.py
[2024-01-29T12:55:19.833+0000] {processor.py:830} INFO - Processing file /home/airflow/.local/lib/python3.8/site-packages/airflow/example_dags/example_task_group_decorator.py for tasks to queue
[2024-01-29T12:55:19.835+0000] {logging_mixin.py:188} INFO - [2024-01-29T12:55:19.835+0000] {dagbag.py:538} INFO - Filling up the DagBag from /home/airflow/.local/lib/python3.8/site-packages/airflow/example_dags/example_task_group_decorator.py
[2024-01-29T12:55:19.849+0000] {processor.py:840} INFO - DAG(s) 'example_task_group_decorator' retrieved from /home/airflow/.local/lib/python3.8/site-packages/airflow/example_dags/example_task_group_decorator.py
[2024-01-29T12:55:19.873+0000] {logging_mixin.py:188} INFO - [2024-01-29T12:55:19.872+0000] {dag.py:3036} INFO - Sync 1 DAGs
[2024-01-29T12:55:19.895+0000] {logging_mixin.py:188} INFO - [2024-01-29T12:55:19.895+0000] {dag.py:3823} INFO - Setting next_dagrun for example_task_group_decorator to 2024-01-28 00:00:00+00:00, run_after=2024-01-29 00:00:00+00:00
[2024-01-29T12:55:19.913+0000] {processor.py:183} INFO - Processing /home/airflow/.local/lib/python3.8/site-packages/airflow/example_dags/example_task_group_decorator.py took 0.084 seconds
[2024-01-29T12:55:50.079+0000] {processor.py:161} INFO - Started process (PID=562) to work on /home/airflow/.local/lib/python3.8/site-packages/airflow/example_dags/example_task_group_decorator.py
[2024-01-29T12:55:50.080+0000] {processor.py:830} INFO - Processing file /home/airflow/.local/lib/python3.8/site-packages/airflow/example_dags/example_task_group_decorator.py for tasks to queue
[2024-01-29T12:55:50.083+0000] {logging_mixin.py:188} INFO - [2024-01-29T12:55:50.082+0000] {dagbag.py:538} INFO - Filling up the DagBag from /home/airflow/.local/lib/python3.8/site-packages/airflow/example_dags/example_task_group_decorator.py
[2024-01-29T12:55:50.105+0000] {processor.py:840} INFO - DAG(s) 'example_task_group_decorator' retrieved from /home/airflow/.local/lib/python3.8/site-packages/airflow/example_dags/example_task_group_decorator.py
[2024-01-29T12:55:50.138+0000] {logging_mixin.py:188} INFO - [2024-01-29T12:55:50.138+0000] {dag.py:3036} INFO - Sync 1 DAGs
[2024-01-29T12:55:50.169+0000] {logging_mixin.py:188} INFO - [2024-01-29T12:55:50.169+0000] {dag.py:3823} INFO - Setting next_dagrun for example_task_group_decorator to 2024-01-28 00:00:00+00:00, run_after=2024-01-29 00:00:00+00:00
[2024-01-29T12:55:50.192+0000] {processor.py:183} INFO - Processing /home/airflow/.local/lib/python3.8/site-packages/airflow/example_dags/example_task_group_decorator.py took 0.117 seconds
[2024-01-29T12:56:20.414+0000] {processor.py:161} INFO - Started process (PID=618) to work on /home/airflow/.local/lib/python3.8/site-packages/airflow/example_dags/example_task_group_decorator.py
[2024-01-29T12:56:20.415+0000] {processor.py:830} INFO - Processing file /home/airflow/.local/lib/python3.8/site-packages/airflow/example_dags/example_task_group_decorator.py for tasks to queue
[2024-01-29T12:56:20.416+0000] {logging_mixin.py:188} INFO - [2024-01-29T12:56:20.416+0000] {dagbag.py:538} INFO - Filling up the DagBag from /home/airflow/.local/lib/python3.8/site-packages/airflow/example_dags/example_task_group_decorator.py
[2024-01-29T12:56:20.430+0000] {processor.py:840} INFO - DAG(s) 'example_task_group_decorator' retrieved from /home/airflow/.local/lib/python3.8/site-packages/airflow/example_dags/example_task_group_decorator.py
[2024-01-29T12:56:20.461+0000] {logging_mixin.py:188} INFO - [2024-01-29T12:56:20.461+0000] {dag.py:3036} INFO - Sync 1 DAGs
[2024-01-29T12:56:20.483+0000] {logging_mixin.py:188} INFO - [2024-01-29T12:56:20.483+0000] {dag.py:3823} INFO - Setting next_dagrun for example_task_group_decorator to 2024-01-28 00:00:00+00:00, run_after=2024-01-29 00:00:00+00:00
[2024-01-29T12:56:20.502+0000] {processor.py:183} INFO - Processing /home/airflow/.local/lib/python3.8/site-packages/airflow/example_dags/example_task_group_decorator.py took 0.091 seconds
[2024-01-29T12:56:50.694+0000] {processor.py:161} INFO - Started process (PID=674) to work on /home/airflow/.local/lib/python3.8/site-packages/airflow/example_dags/example_task_group_decorator.py
[2024-01-29T12:56:50.695+0000] {processor.py:830} INFO - Processing file /home/airflow/.local/lib/python3.8/site-packages/airflow/example_dags/example_task_group_decorator.py for tasks to queue
[2024-01-29T12:56:50.696+0000] {logging_mixin.py:188} INFO - [2024-01-29T12:56:50.696+0000] {dagbag.py:538} INFO - Filling up the DagBag from /home/airflow/.local/lib/python3.8/site-packages/airflow/example_dags/example_task_group_decorator.py
[2024-01-29T12:56:50.710+0000] {processor.py:840} INFO - DAG(s) 'example_task_group_decorator' retrieved from /home/airflow/.local/lib/python3.8/site-packages/airflow/example_dags/example_task_group_decorator.py
[2024-01-29T12:56:50.741+0000] {logging_mixin.py:188} INFO - [2024-01-29T12:56:50.741+0000] {dag.py:3036} INFO - Sync 1 DAGs
[2024-01-29T12:56:50.762+0000] {logging_mixin.py:188} INFO - [2024-01-29T12:56:50.761+0000] {dag.py:3823} INFO - Setting next_dagrun for example_task_group_decorator to 2024-01-28 00:00:00+00:00, run_after=2024-01-29 00:00:00+00:00
[2024-01-29T12:56:50.777+0000] {processor.py:183} INFO - Processing /home/airflow/.local/lib/python3.8/site-packages/airflow/example_dags/example_task_group_decorator.py took 0.087 seconds
[2024-01-29T12:57:20.849+0000] {processor.py:161} INFO - Started process (PID=730) to work on /home/airflow/.local/lib/python3.8/site-packages/airflow/example_dags/example_task_group_decorator.py
[2024-01-29T12:57:20.850+0000] {processor.py:830} INFO - Processing file /home/airflow/.local/lib/python3.8/site-packages/airflow/example_dags/example_task_group_decorator.py for tasks to queue
[2024-01-29T12:57:20.851+0000] {logging_mixin.py:188} INFO - [2024-01-29T12:57:20.851+0000] {dagbag.py:538} INFO - Filling up the DagBag from /home/airflow/.local/lib/python3.8/site-packages/airflow/example_dags/example_task_group_decorator.py
[2024-01-29T12:57:20.865+0000] {processor.py:840} INFO - DAG(s) 'example_task_group_decorator' retrieved from /home/airflow/.local/lib/python3.8/site-packages/airflow/example_dags/example_task_group_decorator.py
[2024-01-29T12:57:20.889+0000] {logging_mixin.py:188} INFO - [2024-01-29T12:57:20.888+0000] {dag.py:3036} INFO - Sync 1 DAGs
[2024-01-29T12:57:20.910+0000] {logging_mixin.py:188} INFO - [2024-01-29T12:57:20.910+0000] {dag.py:3823} INFO - Setting next_dagrun for example_task_group_decorator to 2024-01-28 00:00:00+00:00, run_after=2024-01-29 00:00:00+00:00
[2024-01-29T12:57:20.930+0000] {processor.py:183} INFO - Processing /home/airflow/.local/lib/python3.8/site-packages/airflow/example_dags/example_task_group_decorator.py took 0.084 seconds
[2024-01-29T12:57:51.080+0000] {processor.py:161} INFO - Started process (PID=786) to work on /home/airflow/.local/lib/python3.8/site-packages/airflow/example_dags/example_task_group_decorator.py
[2024-01-29T12:57:51.081+0000] {processor.py:830} INFO - Processing file /home/airflow/.local/lib/python3.8/site-packages/airflow/example_dags/example_task_group_decorator.py for tasks to queue
[2024-01-29T12:57:51.083+0000] {logging_mixin.py:188} INFO - [2024-01-29T12:57:51.083+0000] {dagbag.py:538} INFO - Filling up the DagBag from /home/airflow/.local/lib/python3.8/site-packages/airflow/example_dags/example_task_group_decorator.py
[2024-01-29T12:57:51.098+0000] {processor.py:840} INFO - DAG(s) 'example_task_group_decorator' retrieved from /home/airflow/.local/lib/python3.8/site-packages/airflow/example_dags/example_task_group_decorator.py
[2024-01-29T12:57:51.123+0000] {logging_mixin.py:188} INFO - [2024-01-29T12:57:51.122+0000] {dag.py:3036} INFO - Sync 1 DAGs
[2024-01-29T12:57:51.144+0000] {logging_mixin.py:188} INFO - [2024-01-29T12:57:51.143+0000] {dag.py:3823} INFO - Setting next_dagrun for example_task_group_decorator to 2024-01-28 00:00:00+00:00, run_after=2024-01-29 00:00:00+00:00
[2024-01-29T12:57:51.162+0000] {processor.py:183} INFO - Processing /home/airflow/.local/lib/python3.8/site-packages/airflow/example_dags/example_task_group_decorator.py took 0.084 seconds
[2024-01-29T12:58:21.269+0000] {processor.py:161} INFO - Started process (PID=842) to work on /home/airflow/.local/lib/python3.8/site-packages/airflow/example_dags/example_task_group_decorator.py
[2024-01-29T12:58:21.269+0000] {processor.py:830} INFO - Processing file /home/airflow/.local/lib/python3.8/site-packages/airflow/example_dags/example_task_group_decorator.py for tasks to queue
[2024-01-29T12:58:21.271+0000] {logging_mixin.py:188} INFO - [2024-01-29T12:58:21.271+0000] {dagbag.py:538} INFO - Filling up the DagBag from /home/airflow/.local/lib/python3.8/site-packages/airflow/example_dags/example_task_group_decorator.py
[2024-01-29T12:58:21.285+0000] {processor.py:840} INFO - DAG(s) 'example_task_group_decorator' retrieved from /home/airflow/.local/lib/python3.8/site-packages/airflow/example_dags/example_task_group_decorator.py
[2024-01-29T12:58:21.309+0000] {logging_mixin.py:188} INFO - [2024-01-29T12:58:21.308+0000] {dag.py:3036} INFO - Sync 1 DAGs
[2024-01-29T12:58:21.330+0000] {logging_mixin.py:188} INFO - [2024-01-29T12:58:21.329+0000] {dag.py:3823} INFO - Setting next_dagrun for example_task_group_decorator to 2024-01-28 00:00:00+00:00, run_after=2024-01-29 00:00:00+00:00
[2024-01-29T12:58:21.346+0000] {processor.py:183} INFO - Processing /home/airflow/.local/lib/python3.8/site-packages/airflow/example_dags/example_task_group_decorator.py took 0.081 seconds
[2024-01-29T12:58:51.854+0000] {processor.py:161} INFO - Started process (PID=898) to work on /home/airflow/.local/lib/python3.8/site-packages/airflow/example_dags/example_task_group_decorator.py
[2024-01-29T12:58:51.855+0000] {processor.py:830} INFO - Processing file /home/airflow/.local/lib/python3.8/site-packages/airflow/example_dags/example_task_group_decorator.py for tasks to queue
[2024-01-29T12:58:51.857+0000] {logging_mixin.py:188} INFO - [2024-01-29T12:58:51.856+0000] {dagbag.py:538} INFO - Filling up the DagBag from /home/airflow/.local/lib/python3.8/site-packages/airflow/example_dags/example_task_group_decorator.py
[2024-01-29T12:58:51.871+0000] {processor.py:840} INFO - DAG(s) 'example_task_group_decorator' retrieved from /home/airflow/.local/lib/python3.8/site-packages/airflow/example_dags/example_task_group_decorator.py
[2024-01-29T12:58:51.895+0000] {logging_mixin.py:188} INFO - [2024-01-29T12:58:51.895+0000] {dag.py:3036} INFO - Sync 1 DAGs
[2024-01-29T12:58:51.916+0000] {logging_mixin.py:188} INFO - [2024-01-29T12:58:51.916+0000] {dag.py:3823} INFO - Setting next_dagrun for example_task_group_decorator to 2024-01-28 00:00:00+00:00, run_after=2024-01-29 00:00:00+00:00
[2024-01-29T12:58:51.935+0000] {processor.py:183} INFO - Processing /home/airflow/.local/lib/python3.8/site-packages/airflow/example_dags/example_task_group_decorator.py took 0.084 seconds
[2024-01-29T12:59:22.139+0000] {processor.py:161} INFO - Started process (PID=954) to work on /home/airflow/.local/lib/python3.8/site-packages/airflow/example_dags/example_task_group_decorator.py
[2024-01-29T12:59:22.140+0000] {processor.py:830} INFO - Processing file /home/airflow/.local/lib/python3.8/site-packages/airflow/example_dags/example_task_group_decorator.py for tasks to queue
[2024-01-29T12:59:22.142+0000] {logging_mixin.py:188} INFO - [2024-01-29T12:59:22.142+0000] {dagbag.py:538} INFO - Filling up the DagBag from /home/airflow/.local/lib/python3.8/site-packages/airflow/example_dags/example_task_group_decorator.py
[2024-01-29T12:59:22.163+0000] {processor.py:840} INFO - DAG(s) 'example_task_group_decorator' retrieved from /home/airflow/.local/lib/python3.8/site-packages/airflow/example_dags/example_task_group_decorator.py
[2024-01-29T12:59:22.187+0000] {logging_mixin.py:188} INFO - [2024-01-29T12:59:22.187+0000] {dag.py:3036} INFO - Sync 1 DAGs
[2024-01-29T12:59:22.213+0000] {logging_mixin.py:188} INFO - [2024-01-29T12:59:22.213+0000] {dag.py:3823} INFO - Setting next_dagrun for example_task_group_decorator to 2024-01-28 00:00:00+00:00, run_after=2024-01-29 00:00:00+00:00
[2024-01-29T12:59:22.231+0000] {processor.py:183} INFO - Processing /home/airflow/.local/lib/python3.8/site-packages/airflow/example_dags/example_task_group_decorator.py took 0.096 seconds
[2024-01-29T12:59:52.283+0000] {processor.py:161} INFO - Started process (PID=1010) to work on /home/airflow/.local/lib/python3.8/site-packages/airflow/example_dags/example_task_group_decorator.py
[2024-01-29T12:59:52.284+0000] {processor.py:830} INFO - Processing file /home/airflow/.local/lib/python3.8/site-packages/airflow/example_dags/example_task_group_decorator.py for tasks to queue
[2024-01-29T12:59:52.286+0000] {logging_mixin.py:188} INFO - [2024-01-29T12:59:52.285+0000] {dagbag.py:538} INFO - Filling up the DagBag from /home/airflow/.local/lib/python3.8/site-packages/airflow/example_dags/example_task_group_decorator.py
[2024-01-29T12:59:52.302+0000] {processor.py:840} INFO - DAG(s) 'example_task_group_decorator' retrieved from /home/airflow/.local/lib/python3.8/site-packages/airflow/example_dags/example_task_group_decorator.py
[2024-01-29T12:59:52.334+0000] {logging_mixin.py:188} INFO - [2024-01-29T12:59:52.334+0000] {dag.py:3036} INFO - Sync 1 DAGs
[2024-01-29T12:59:52.357+0000] {logging_mixin.py:188} INFO - [2024-01-29T12:59:52.356+0000] {dag.py:3823} INFO - Setting next_dagrun for example_task_group_decorator to 2024-01-28 00:00:00+00:00, run_after=2024-01-29 00:00:00+00:00
[2024-01-29T12:59:52.374+0000] {processor.py:183} INFO - Processing /home/airflow/.local/lib/python3.8/site-packages/airflow/example_dags/example_task_group_decorator.py took 0.094 seconds
[2024-01-29T13:00:22.438+0000] {processor.py:161} INFO - Started process (PID=1066) to work on /home/airflow/.local/lib/python3.8/site-packages/airflow/example_dags/example_task_group_decorator.py
[2024-01-29T13:00:22.439+0000] {processor.py:830} INFO - Processing file /home/airflow/.local/lib/python3.8/site-packages/airflow/example_dags/example_task_group_decorator.py for tasks to queue
[2024-01-29T13:00:22.440+0000] {logging_mixin.py:188} INFO - [2024-01-29T13:00:22.440+0000] {dagbag.py:538} INFO - Filling up the DagBag from /home/airflow/.local/lib/python3.8/site-packages/airflow/example_dags/example_task_group_decorator.py
[2024-01-29T13:00:22.455+0000] {processor.py:840} INFO - DAG(s) 'example_task_group_decorator' retrieved from /home/airflow/.local/lib/python3.8/site-packages/airflow/example_dags/example_task_group_decorator.py
[2024-01-29T13:00:22.479+0000] {logging_mixin.py:188} INFO - [2024-01-29T13:00:22.479+0000] {dag.py:3036} INFO - Sync 1 DAGs
[2024-01-29T13:00:22.500+0000] {logging_mixin.py:188} INFO - [2024-01-29T13:00:22.500+0000] {dag.py:3823} INFO - Setting next_dagrun for example_task_group_decorator to 2024-01-28 00:00:00+00:00, run_after=2024-01-29 00:00:00+00:00
[2024-01-29T13:00:22.521+0000] {processor.py:183} INFO - Processing /home/airflow/.local/lib/python3.8/site-packages/airflow/example_dags/example_task_group_decorator.py took 0.086 seconds
[2024-01-29T13:00:52.711+0000] {processor.py:161} INFO - Started process (PID=1122) to work on /home/airflow/.local/lib/python3.8/site-packages/airflow/example_dags/example_task_group_decorator.py
[2024-01-29T13:00:52.711+0000] {processor.py:830} INFO - Processing file /home/airflow/.local/lib/python3.8/site-packages/airflow/example_dags/example_task_group_decorator.py for tasks to queue
[2024-01-29T13:00:52.714+0000] {logging_mixin.py:188} INFO - [2024-01-29T13:00:52.713+0000] {dagbag.py:538} INFO - Filling up the DagBag from /home/airflow/.local/lib/python3.8/site-packages/airflow/example_dags/example_task_group_decorator.py
[2024-01-29T13:00:52.735+0000] {processor.py:840} INFO - DAG(s) 'example_task_group_decorator' retrieved from /home/airflow/.local/lib/python3.8/site-packages/airflow/example_dags/example_task_group_decorator.py
[2024-01-29T13:00:52.758+0000] {logging_mixin.py:188} INFO - [2024-01-29T13:00:52.758+0000] {dag.py:3036} INFO - Sync 1 DAGs
[2024-01-29T13:00:52.780+0000] {logging_mixin.py:188} INFO - [2024-01-29T13:00:52.780+0000] {dag.py:3823} INFO - Setting next_dagrun for example_task_group_decorator to 2024-01-28 00:00:00+00:00, run_after=2024-01-29 00:00:00+00:00
[2024-01-29T13:00:52.798+0000] {processor.py:183} INFO - Processing /home/airflow/.local/lib/python3.8/site-packages/airflow/example_dags/example_task_group_decorator.py took 0.090 seconds
[2024-01-29T13:01:23.143+0000] {processor.py:161} INFO - Started process (PID=1177) to work on /home/airflow/.local/lib/python3.8/site-packages/airflow/example_dags/example_task_group_decorator.py
[2024-01-29T13:01:23.144+0000] {processor.py:830} INFO - Processing file /home/airflow/.local/lib/python3.8/site-packages/airflow/example_dags/example_task_group_decorator.py for tasks to queue
[2024-01-29T13:01:23.146+0000] {logging_mixin.py:188} INFO - [2024-01-29T13:01:23.146+0000] {dagbag.py:538} INFO - Filling up the DagBag from /home/airflow/.local/lib/python3.8/site-packages/airflow/example_dags/example_task_group_decorator.py
[2024-01-29T13:01:23.161+0000] {processor.py:840} INFO - DAG(s) 'example_task_group_decorator' retrieved from /home/airflow/.local/lib/python3.8/site-packages/airflow/example_dags/example_task_group_decorator.py
[2024-01-29T13:01:23.184+0000] {logging_mixin.py:188} INFO - [2024-01-29T13:01:23.184+0000] {dag.py:3036} INFO - Sync 1 DAGs
[2024-01-29T13:01:23.205+0000] {logging_mixin.py:188} INFO - [2024-01-29T13:01:23.205+0000] {dag.py:3823} INFO - Setting next_dagrun for example_task_group_decorator to 2024-01-28 00:00:00+00:00, run_after=2024-01-29 00:00:00+00:00
[2024-01-29T13:01:23.224+0000] {processor.py:183} INFO - Processing /home/airflow/.local/lib/python3.8/site-packages/airflow/example_dags/example_task_group_decorator.py took 0.084 seconds
[2024-01-29T13:01:53.837+0000] {processor.py:161} INFO - Started process (PID=1233) to work on /home/airflow/.local/lib/python3.8/site-packages/airflow/example_dags/example_task_group_decorator.py
[2024-01-29T13:01:53.838+0000] {processor.py:830} INFO - Processing file /home/airflow/.local/lib/python3.8/site-packages/airflow/example_dags/example_task_group_decorator.py for tasks to queue
[2024-01-29T13:01:53.840+0000] {logging_mixin.py:188} INFO - [2024-01-29T13:01:53.839+0000] {dagbag.py:538} INFO - Filling up the DagBag from /home/airflow/.local/lib/python3.8/site-packages/airflow/example_dags/example_task_group_decorator.py
[2024-01-29T13:01:53.854+0000] {processor.py:840} INFO - DAG(s) 'example_task_group_decorator' retrieved from /home/airflow/.local/lib/python3.8/site-packages/airflow/example_dags/example_task_group_decorator.py
[2024-01-29T13:01:53.876+0000] {logging_mixin.py:188} INFO - [2024-01-29T13:01:53.876+0000] {dag.py:3036} INFO - Sync 1 DAGs
[2024-01-29T13:01:53.897+0000] {logging_mixin.py:188} INFO - [2024-01-29T13:01:53.896+0000] {dag.py:3823} INFO - Setting next_dagrun for example_task_group_decorator to 2024-01-28 00:00:00+00:00, run_after=2024-01-29 00:00:00+00:00
[2024-01-29T13:01:53.914+0000] {processor.py:183} INFO - Processing /home/airflow/.local/lib/python3.8/site-packages/airflow/example_dags/example_task_group_decorator.py took 0.080 seconds
[2024-01-29T13:02:24.028+0000] {processor.py:161} INFO - Started process (PID=1290) to work on /home/airflow/.local/lib/python3.8/site-packages/airflow/example_dags/example_task_group_decorator.py
[2024-01-29T13:02:24.029+0000] {processor.py:830} INFO - Processing file /home/airflow/.local/lib/python3.8/site-packages/airflow/example_dags/example_task_group_decorator.py for tasks to queue
[2024-01-29T13:02:24.031+0000] {logging_mixin.py:188} INFO - [2024-01-29T13:02:24.031+0000] {dagbag.py:538} INFO - Filling up the DagBag from /home/airflow/.local/lib/python3.8/site-packages/airflow/example_dags/example_task_group_decorator.py
[2024-01-29T13:02:24.045+0000] {processor.py:840} INFO - DAG(s) 'example_task_group_decorator' retrieved from /home/airflow/.local/lib/python3.8/site-packages/airflow/example_dags/example_task_group_decorator.py
[2024-01-29T13:02:24.068+0000] {logging_mixin.py:188} INFO - [2024-01-29T13:02:24.068+0000] {dag.py:3036} INFO - Sync 1 DAGs
[2024-01-29T13:02:24.089+0000] {logging_mixin.py:188} INFO - [2024-01-29T13:02:24.088+0000] {dag.py:3823} INFO - Setting next_dagrun for example_task_group_decorator to 2024-01-28 00:00:00+00:00, run_after=2024-01-29 00:00:00+00:00
[2024-01-29T13:02:24.110+0000] {processor.py:183} INFO - Processing /home/airflow/.local/lib/python3.8/site-packages/airflow/example_dags/example_task_group_decorator.py took 0.085 seconds
[2024-01-29T13:02:54.203+0000] {processor.py:161} INFO - Started process (PID=1346) to work on /home/airflow/.local/lib/python3.8/site-packages/airflow/example_dags/example_task_group_decorator.py
[2024-01-29T13:02:54.204+0000] {processor.py:830} INFO - Processing file /home/airflow/.local/lib/python3.8/site-packages/airflow/example_dags/example_task_group_decorator.py for tasks to queue
[2024-01-29T13:02:54.206+0000] {logging_mixin.py:188} INFO - [2024-01-29T13:02:54.205+0000] {dagbag.py:538} INFO - Filling up the DagBag from /home/airflow/.local/lib/python3.8/site-packages/airflow/example_dags/example_task_group_decorator.py
[2024-01-29T13:02:54.220+0000] {processor.py:840} INFO - DAG(s) 'example_task_group_decorator' retrieved from /home/airflow/.local/lib/python3.8/site-packages/airflow/example_dags/example_task_group_decorator.py
[2024-01-29T13:02:54.244+0000] {logging_mixin.py:188} INFO - [2024-01-29T13:02:54.244+0000] {dag.py:3036} INFO - Sync 1 DAGs
[2024-01-29T13:02:54.268+0000] {logging_mixin.py:188} INFO - [2024-01-29T13:02:54.268+0000] {dag.py:3823} INFO - Setting next_dagrun for example_task_group_decorator to 2024-01-28 00:00:00+00:00, run_after=2024-01-29 00:00:00+00:00
[2024-01-29T13:02:54.292+0000] {processor.py:183} INFO - Processing /home/airflow/.local/lib/python3.8/site-packages/airflow/example_dags/example_task_group_decorator.py took 0.092 seconds
[2024-01-29T13:03:24.711+0000] {processor.py:161} INFO - Started process (PID=1402) to work on /home/airflow/.local/lib/python3.8/site-packages/airflow/example_dags/example_task_group_decorator.py
[2024-01-29T13:03:24.712+0000] {processor.py:830} INFO - Processing file /home/airflow/.local/lib/python3.8/site-packages/airflow/example_dags/example_task_group_decorator.py for tasks to queue
[2024-01-29T13:03:24.714+0000] {logging_mixin.py:188} INFO - [2024-01-29T13:03:24.713+0000] {dagbag.py:538} INFO - Filling up the DagBag from /home/airflow/.local/lib/python3.8/site-packages/airflow/example_dags/example_task_group_decorator.py
[2024-01-29T13:03:24.728+0000] {processor.py:840} INFO - DAG(s) 'example_task_group_decorator' retrieved from /home/airflow/.local/lib/python3.8/site-packages/airflow/example_dags/example_task_group_decorator.py
[2024-01-29T13:03:24.751+0000] {logging_mixin.py:188} INFO - [2024-01-29T13:03:24.751+0000] {dag.py:3036} INFO - Sync 1 DAGs
[2024-01-29T13:03:24.774+0000] {logging_mixin.py:188} INFO - [2024-01-29T13:03:24.774+0000] {dag.py:3823} INFO - Setting next_dagrun for example_task_group_decorator to 2024-01-28 00:00:00+00:00, run_after=2024-01-29 00:00:00+00:00
[2024-01-29T13:03:24.794+0000] {processor.py:183} INFO - Processing /home/airflow/.local/lib/python3.8/site-packages/airflow/example_dags/example_task_group_decorator.py took 0.085 seconds
[2024-01-29T13:03:54.872+0000] {processor.py:161} INFO - Started process (PID=1458) to work on /home/airflow/.local/lib/python3.8/site-packages/airflow/example_dags/example_task_group_decorator.py
[2024-01-29T13:03:54.873+0000] {processor.py:830} INFO - Processing file /home/airflow/.local/lib/python3.8/site-packages/airflow/example_dags/example_task_group_decorator.py for tasks to queue
[2024-01-29T13:03:54.875+0000] {logging_mixin.py:188} INFO - [2024-01-29T13:03:54.874+0000] {dagbag.py:538} INFO - Filling up the DagBag from /home/airflow/.local/lib/python3.8/site-packages/airflow/example_dags/example_task_group_decorator.py
[2024-01-29T13:03:54.889+0000] {processor.py:840} INFO - DAG(s) 'example_task_group_decorator' retrieved from /home/airflow/.local/lib/python3.8/site-packages/airflow/example_dags/example_task_group_decorator.py
[2024-01-29T13:03:54.912+0000] {logging_mixin.py:188} INFO - [2024-01-29T13:03:54.912+0000] {dag.py:3036} INFO - Sync 1 DAGs
[2024-01-29T13:03:54.939+0000] {logging_mixin.py:188} INFO - [2024-01-29T13:03:54.939+0000] {dag.py:3823} INFO - Setting next_dagrun for example_task_group_decorator to 2024-01-28 00:00:00+00:00, run_after=2024-01-29 00:00:00+00:00
[2024-01-29T13:03:54.960+0000] {processor.py:183} INFO - Processing /home/airflow/.local/lib/python3.8/site-packages/airflow/example_dags/example_task_group_decorator.py took 0.091 seconds
[2024-01-29T13:04:25.893+0000] {processor.py:161} INFO - Started process (PID=1513) to work on /home/airflow/.local/lib/python3.8/site-packages/airflow/example_dags/example_task_group_decorator.py
[2024-01-29T13:04:25.894+0000] {processor.py:830} INFO - Processing file /home/airflow/.local/lib/python3.8/site-packages/airflow/example_dags/example_task_group_decorator.py for tasks to queue
[2024-01-29T13:04:25.896+0000] {logging_mixin.py:188} INFO - [2024-01-29T13:04:25.895+0000] {dagbag.py:538} INFO - Filling up the DagBag from /home/airflow/.local/lib/python3.8/site-packages/airflow/example_dags/example_task_group_decorator.py
[2024-01-29T13:04:25.910+0000] {processor.py:840} INFO - DAG(s) 'example_task_group_decorator' retrieved from /home/airflow/.local/lib/python3.8/site-packages/airflow/example_dags/example_task_group_decorator.py
[2024-01-29T13:04:25.944+0000] {logging_mixin.py:188} INFO - [2024-01-29T13:04:25.943+0000] {dag.py:3036} INFO - Sync 1 DAGs
[2024-01-29T13:04:25.976+0000] {logging_mixin.py:188} INFO - [2024-01-29T13:04:25.976+0000] {dag.py:3823} INFO - Setting next_dagrun for example_task_group_decorator to 2024-01-28 00:00:00+00:00, run_after=2024-01-29 00:00:00+00:00
[2024-01-29T13:04:26.002+0000] {processor.py:183} INFO - Processing /home/airflow/.local/lib/python3.8/site-packages/airflow/example_dags/example_task_group_decorator.py took 0.112 seconds
[2024-01-29T13:04:56.102+0000] {processor.py:161} INFO - Started process (PID=1569) to work on /home/airflow/.local/lib/python3.8/site-packages/airflow/example_dags/example_task_group_decorator.py
[2024-01-29T13:04:56.103+0000] {processor.py:830} INFO - Processing file /home/airflow/.local/lib/python3.8/site-packages/airflow/example_dags/example_task_group_decorator.py for tasks to queue
[2024-01-29T13:04:56.105+0000] {logging_mixin.py:188} INFO - [2024-01-29T13:04:56.105+0000] {dagbag.py:538} INFO - Filling up the DagBag from /home/airflow/.local/lib/python3.8/site-packages/airflow/example_dags/example_task_group_decorator.py
[2024-01-29T13:04:56.121+0000] {processor.py:840} INFO - DAG(s) 'example_task_group_decorator' retrieved from /home/airflow/.local/lib/python3.8/site-packages/airflow/example_dags/example_task_group_decorator.py
[2024-01-29T13:04:56.144+0000] {logging_mixin.py:188} INFO - [2024-01-29T13:04:56.144+0000] {dag.py:3036} INFO - Sync 1 DAGs
[2024-01-29T13:04:56.166+0000] {logging_mixin.py:188} INFO - [2024-01-29T13:04:56.166+0000] {dag.py:3823} INFO - Setting next_dagrun for example_task_group_decorator to 2024-01-28 00:00:00+00:00, run_after=2024-01-29 00:00:00+00:00
[2024-01-29T13:04:56.183+0000] {processor.py:183} INFO - Processing /home/airflow/.local/lib/python3.8/site-packages/airflow/example_dags/example_task_group_decorator.py took 0.083 seconds
[2024-01-29T13:05:27.139+0000] {processor.py:161} INFO - Started process (PID=1625) to work on /home/airflow/.local/lib/python3.8/site-packages/airflow/example_dags/example_task_group_decorator.py
[2024-01-29T13:05:27.140+0000] {processor.py:830} INFO - Processing file /home/airflow/.local/lib/python3.8/site-packages/airflow/example_dags/example_task_group_decorator.py for tasks to queue
[2024-01-29T13:05:27.142+0000] {logging_mixin.py:188} INFO - [2024-01-29T13:05:27.141+0000] {dagbag.py:538} INFO - Filling up the DagBag from /home/airflow/.local/lib/python3.8/site-packages/airflow/example_dags/example_task_group_decorator.py
[2024-01-29T13:05:27.156+0000] {processor.py:840} INFO - DAG(s) 'example_task_group_decorator' retrieved from /home/airflow/.local/lib/python3.8/site-packages/airflow/example_dags/example_task_group_decorator.py
[2024-01-29T13:05:27.181+0000] {logging_mixin.py:188} INFO - [2024-01-29T13:05:27.181+0000] {dag.py:3036} INFO - Sync 1 DAGs
[2024-01-29T13:05:27.202+0000] {logging_mixin.py:188} INFO - [2024-01-29T13:05:27.202+0000] {dag.py:3823} INFO - Setting next_dagrun for example_task_group_decorator to 2024-01-28 00:00:00+00:00, run_after=2024-01-29 00:00:00+00:00
[2024-01-29T13:05:27.220+0000] {processor.py:183} INFO - Processing /home/airflow/.local/lib/python3.8/site-packages/airflow/example_dags/example_task_group_decorator.py took 0.084 seconds
[2024-01-29T13:05:57.358+0000] {processor.py:161} INFO - Started process (PID=1681) to work on /home/airflow/.local/lib/python3.8/site-packages/airflow/example_dags/example_task_group_decorator.py
[2024-01-29T13:05:57.359+0000] {processor.py:830} INFO - Processing file /home/airflow/.local/lib/python3.8/site-packages/airflow/example_dags/example_task_group_decorator.py for tasks to queue
[2024-01-29T13:05:57.361+0000] {logging_mixin.py:188} INFO - [2024-01-29T13:05:57.361+0000] {dagbag.py:538} INFO - Filling up the DagBag from /home/airflow/.local/lib/python3.8/site-packages/airflow/example_dags/example_task_group_decorator.py
[2024-01-29T13:05:57.375+0000] {processor.py:840} INFO - DAG(s) 'example_task_group_decorator' retrieved from /home/airflow/.local/lib/python3.8/site-packages/airflow/example_dags/example_task_group_decorator.py
[2024-01-29T13:05:57.398+0000] {logging_mixin.py:188} INFO - [2024-01-29T13:05:57.398+0000] {dag.py:3036} INFO - Sync 1 DAGs
[2024-01-29T13:05:57.419+0000] {logging_mixin.py:188} INFO - [2024-01-29T13:05:57.419+0000] {dag.py:3823} INFO - Setting next_dagrun for example_task_group_decorator to 2024-01-28 00:00:00+00:00, run_after=2024-01-29 00:00:00+00:00
[2024-01-29T13:05:57.438+0000] {processor.py:183} INFO - Processing /home/airflow/.local/lib/python3.8/site-packages/airflow/example_dags/example_task_group_decorator.py took 0.083 seconds
[2024-01-29T13:06:27.573+0000] {processor.py:161} INFO - Started process (PID=1738) to work on /home/airflow/.local/lib/python3.8/site-packages/airflow/example_dags/example_task_group_decorator.py
[2024-01-29T13:06:27.574+0000] {processor.py:830} INFO - Processing file /home/airflow/.local/lib/python3.8/site-packages/airflow/example_dags/example_task_group_decorator.py for tasks to queue
[2024-01-29T13:06:27.575+0000] {logging_mixin.py:188} INFO - [2024-01-29T13:06:27.575+0000] {dagbag.py:538} INFO - Filling up the DagBag from /home/airflow/.local/lib/python3.8/site-packages/airflow/example_dags/example_task_group_decorator.py
[2024-01-29T13:06:27.590+0000] {processor.py:840} INFO - DAG(s) 'example_task_group_decorator' retrieved from /home/airflow/.local/lib/python3.8/site-packages/airflow/example_dags/example_task_group_decorator.py
[2024-01-29T13:06:27.614+0000] {logging_mixin.py:188} INFO - [2024-01-29T13:06:27.614+0000] {dag.py:3036} INFO - Sync 1 DAGs
[2024-01-29T13:06:27.636+0000] {logging_mixin.py:188} INFO - [2024-01-29T13:06:27.636+0000] {dag.py:3823} INFO - Setting next_dagrun for example_task_group_decorator to 2024-01-28 00:00:00+00:00, run_after=2024-01-29 00:00:00+00:00
[2024-01-29T13:06:27.654+0000] {processor.py:183} INFO - Processing /home/airflow/.local/lib/python3.8/site-packages/airflow/example_dags/example_task_group_decorator.py took 0.084 seconds
[2024-01-29T13:06:57.717+0000] {processor.py:161} INFO - Started process (PID=1794) to work on /home/airflow/.local/lib/python3.8/site-packages/airflow/example_dags/example_task_group_decorator.py
[2024-01-29T13:06:57.718+0000] {processor.py:830} INFO - Processing file /home/airflow/.local/lib/python3.8/site-packages/airflow/example_dags/example_task_group_decorator.py for tasks to queue
[2024-01-29T13:06:57.719+0000] {logging_mixin.py:188} INFO - [2024-01-29T13:06:57.719+0000] {dagbag.py:538} INFO - Filling up the DagBag from /home/airflow/.local/lib/python3.8/site-packages/airflow/example_dags/example_task_group_decorator.py
[2024-01-29T13:06:57.734+0000] {processor.py:840} INFO - DAG(s) 'example_task_group_decorator' retrieved from /home/airflow/.local/lib/python3.8/site-packages/airflow/example_dags/example_task_group_decorator.py
[2024-01-29T13:06:57.765+0000] {logging_mixin.py:188} INFO - [2024-01-29T13:06:57.765+0000] {dag.py:3036} INFO - Sync 1 DAGs
[2024-01-29T13:06:57.790+0000] {logging_mixin.py:188} INFO - [2024-01-29T13:06:57.790+0000] {dag.py:3823} INFO - Setting next_dagrun for example_task_group_decorator to 2024-01-28 00:00:00+00:00, run_after=2024-01-29 00:00:00+00:00
[2024-01-29T13:06:57.810+0000] {processor.py:183} INFO - Processing /home/airflow/.local/lib/python3.8/site-packages/airflow/example_dags/example_task_group_decorator.py took 0.096 seconds
[2024-01-29T13:07:28.711+0000] {processor.py:161} INFO - Started process (PID=1850) to work on /home/airflow/.local/lib/python3.8/site-packages/airflow/example_dags/example_task_group_decorator.py
[2024-01-29T13:07:28.712+0000] {processor.py:830} INFO - Processing file /home/airflow/.local/lib/python3.8/site-packages/airflow/example_dags/example_task_group_decorator.py for tasks to queue
[2024-01-29T13:07:28.714+0000] {logging_mixin.py:188} INFO - [2024-01-29T13:07:28.713+0000] {dagbag.py:538} INFO - Filling up the DagBag from /home/airflow/.local/lib/python3.8/site-packages/airflow/example_dags/example_task_group_decorator.py
[2024-01-29T13:07:28.728+0000] {processor.py:840} INFO - DAG(s) 'example_task_group_decorator' retrieved from /home/airflow/.local/lib/python3.8/site-packages/airflow/example_dags/example_task_group_decorator.py
[2024-01-29T13:07:28.752+0000] {logging_mixin.py:188} INFO - [2024-01-29T13:07:28.751+0000] {dag.py:3036} INFO - Sync 1 DAGs
[2024-01-29T13:07:28.781+0000] {logging_mixin.py:188} INFO - [2024-01-29T13:07:28.780+0000] {dag.py:3823} INFO - Setting next_dagrun for example_task_group_decorator to 2024-01-28 00:00:00+00:00, run_after=2024-01-29 00:00:00+00:00
[2024-01-29T13:07:28.801+0000] {processor.py:183} INFO - Processing /home/airflow/.local/lib/python3.8/site-packages/airflow/example_dags/example_task_group_decorator.py took 0.093 seconds
[2024-01-29T13:07:59.405+0000] {processor.py:161} INFO - Started process (PID=1907) to work on /home/airflow/.local/lib/python3.8/site-packages/airflow/example_dags/example_task_group_decorator.py
[2024-01-29T13:07:59.406+0000] {processor.py:830} INFO - Processing file /home/airflow/.local/lib/python3.8/site-packages/airflow/example_dags/example_task_group_decorator.py for tasks to queue
[2024-01-29T13:07:59.408+0000] {logging_mixin.py:188} INFO - [2024-01-29T13:07:59.408+0000] {dagbag.py:538} INFO - Filling up the DagBag from /home/airflow/.local/lib/python3.8/site-packages/airflow/example_dags/example_task_group_decorator.py
[2024-01-29T13:07:59.423+0000] {processor.py:840} INFO - DAG(s) 'example_task_group_decorator' retrieved from /home/airflow/.local/lib/python3.8/site-packages/airflow/example_dags/example_task_group_decorator.py
[2024-01-29T13:07:59.448+0000] {logging_mixin.py:188} INFO - [2024-01-29T13:07:59.448+0000] {dag.py:3036} INFO - Sync 1 DAGs
[2024-01-29T13:07:59.469+0000] {logging_mixin.py:188} INFO - [2024-01-29T13:07:59.469+0000] {dag.py:3823} INFO - Setting next_dagrun for example_task_group_decorator to 2024-01-28 00:00:00+00:00, run_after=2024-01-29 00:00:00+00:00
[2024-01-29T13:07:59.487+0000] {processor.py:183} INFO - Processing /home/airflow/.local/lib/python3.8/site-packages/airflow/example_dags/example_task_group_decorator.py took 0.085 seconds
[2024-01-29T13:08:30.313+0000] {processor.py:161} INFO - Started process (PID=1963) to work on /home/airflow/.local/lib/python3.8/site-packages/airflow/example_dags/example_task_group_decorator.py
[2024-01-29T13:08:30.314+0000] {processor.py:830} INFO - Processing file /home/airflow/.local/lib/python3.8/site-packages/airflow/example_dags/example_task_group_decorator.py for tasks to queue
[2024-01-29T13:08:30.316+0000] {logging_mixin.py:188} INFO - [2024-01-29T13:08:30.316+0000] {dagbag.py:538} INFO - Filling up the DagBag from /home/airflow/.local/lib/python3.8/site-packages/airflow/example_dags/example_task_group_decorator.py
[2024-01-29T13:08:30.330+0000] {processor.py:840} INFO - DAG(s) 'example_task_group_decorator' retrieved from /home/airflow/.local/lib/python3.8/site-packages/airflow/example_dags/example_task_group_decorator.py
[2024-01-29T13:08:30.354+0000] {logging_mixin.py:188} INFO - [2024-01-29T13:08:30.353+0000] {dag.py:3036} INFO - Sync 1 DAGs
[2024-01-29T13:08:30.376+0000] {logging_mixin.py:188} INFO - [2024-01-29T13:08:30.376+0000] {dag.py:3823} INFO - Setting next_dagrun for example_task_group_decorator to 2024-01-28 00:00:00+00:00, run_after=2024-01-29 00:00:00+00:00
[2024-01-29T13:08:30.394+0000] {processor.py:183} INFO - Processing /home/airflow/.local/lib/python3.8/site-packages/airflow/example_dags/example_task_group_decorator.py took 0.083 seconds
[2024-01-29T13:09:01.243+0000] {processor.py:161} INFO - Started process (PID=2025) to work on /home/airflow/.local/lib/python3.8/site-packages/airflow/example_dags/example_task_group_decorator.py
[2024-01-29T13:09:01.244+0000] {processor.py:830} INFO - Processing file /home/airflow/.local/lib/python3.8/site-packages/airflow/example_dags/example_task_group_decorator.py for tasks to queue
[2024-01-29T13:09:01.246+0000] {logging_mixin.py:188} INFO - [2024-01-29T13:09:01.246+0000] {dagbag.py:538} INFO - Filling up the DagBag from /home/airflow/.local/lib/python3.8/site-packages/airflow/example_dags/example_task_group_decorator.py
[2024-01-29T13:09:01.260+0000] {processor.py:840} INFO - DAG(s) 'example_task_group_decorator' retrieved from /home/airflow/.local/lib/python3.8/site-packages/airflow/example_dags/example_task_group_decorator.py
[2024-01-29T13:09:01.283+0000] {logging_mixin.py:188} INFO - [2024-01-29T13:09:01.283+0000] {dag.py:3036} INFO - Sync 1 DAGs
[2024-01-29T13:09:01.305+0000] {logging_mixin.py:188} INFO - [2024-01-29T13:09:01.305+0000] {dag.py:3823} INFO - Setting next_dagrun for example_task_group_decorator to 2024-01-28 00:00:00+00:00, run_after=2024-01-29 00:00:00+00:00
[2024-01-29T13:09:01.323+0000] {processor.py:183} INFO - Processing /home/airflow/.local/lib/python3.8/site-packages/airflow/example_dags/example_task_group_decorator.py took 0.083 seconds
[2024-01-29T13:09:32.165+0000] {processor.py:161} INFO - Started process (PID=2081) to work on /home/airflow/.local/lib/python3.8/site-packages/airflow/example_dags/example_task_group_decorator.py
[2024-01-29T13:09:32.166+0000] {processor.py:830} INFO - Processing file /home/airflow/.local/lib/python3.8/site-packages/airflow/example_dags/example_task_group_decorator.py for tasks to queue
[2024-01-29T13:09:32.168+0000] {logging_mixin.py:188} INFO - [2024-01-29T13:09:32.167+0000] {dagbag.py:538} INFO - Filling up the DagBag from /home/airflow/.local/lib/python3.8/site-packages/airflow/example_dags/example_task_group_decorator.py
[2024-01-29T13:09:32.182+0000] {processor.py:840} INFO - DAG(s) 'example_task_group_decorator' retrieved from /home/airflow/.local/lib/python3.8/site-packages/airflow/example_dags/example_task_group_decorator.py
[2024-01-29T13:09:32.208+0000] {logging_mixin.py:188} INFO - [2024-01-29T13:09:32.208+0000] {dag.py:3036} INFO - Sync 1 DAGs
[2024-01-29T13:09:32.232+0000] {logging_mixin.py:188} INFO - [2024-01-29T13:09:32.232+0000] {dag.py:3823} INFO - Setting next_dagrun for example_task_group_decorator to 2024-01-28 00:00:00+00:00, run_after=2024-01-29 00:00:00+00:00
[2024-01-29T13:09:32.249+0000] {processor.py:183} INFO - Processing /home/airflow/.local/lib/python3.8/site-packages/airflow/example_dags/example_task_group_decorator.py took 0.087 seconds
[2024-01-29T13:10:03.144+0000] {processor.py:161} INFO - Started process (PID=2137) to work on /home/airflow/.local/lib/python3.8/site-packages/airflow/example_dags/example_task_group_decorator.py
[2024-01-29T13:10:03.145+0000] {processor.py:830} INFO - Processing file /home/airflow/.local/lib/python3.8/site-packages/airflow/example_dags/example_task_group_decorator.py for tasks to queue
[2024-01-29T13:10:03.147+0000] {logging_mixin.py:188} INFO - [2024-01-29T13:10:03.147+0000] {dagbag.py:538} INFO - Filling up the DagBag from /home/airflow/.local/lib/python3.8/site-packages/airflow/example_dags/example_task_group_decorator.py
[2024-01-29T13:10:03.170+0000] {processor.py:840} INFO - DAG(s) 'example_task_group_decorator' retrieved from /home/airflow/.local/lib/python3.8/site-packages/airflow/example_dags/example_task_group_decorator.py
[2024-01-29T13:10:03.194+0000] {logging_mixin.py:188} INFO - [2024-01-29T13:10:03.194+0000] {dag.py:3036} INFO - Sync 1 DAGs
[2024-01-29T13:10:03.216+0000] {logging_mixin.py:188} INFO - [2024-01-29T13:10:03.216+0000] {dag.py:3823} INFO - Setting next_dagrun for example_task_group_decorator to 2024-01-28 00:00:00+00:00, run_after=2024-01-29 00:00:00+00:00
[2024-01-29T13:10:03.234+0000] {processor.py:183} INFO - Processing /home/airflow/.local/lib/python3.8/site-packages/airflow/example_dags/example_task_group_decorator.py took 0.092 seconds
[2024-01-29T13:10:33.965+0000] {processor.py:161} INFO - Started process (PID=2193) to work on /home/airflow/.local/lib/python3.8/site-packages/airflow/example_dags/example_task_group_decorator.py
[2024-01-29T13:10:33.966+0000] {processor.py:830} INFO - Processing file /home/airflow/.local/lib/python3.8/site-packages/airflow/example_dags/example_task_group_decorator.py for tasks to queue
[2024-01-29T13:10:33.967+0000] {logging_mixin.py:188} INFO - [2024-01-29T13:10:33.967+0000] {dagbag.py:538} INFO - Filling up the DagBag from /home/airflow/.local/lib/python3.8/site-packages/airflow/example_dags/example_task_group_decorator.py
[2024-01-29T13:10:33.981+0000] {processor.py:840} INFO - DAG(s) 'example_task_group_decorator' retrieved from /home/airflow/.local/lib/python3.8/site-packages/airflow/example_dags/example_task_group_decorator.py
[2024-01-29T13:10:34.004+0000] {logging_mixin.py:188} INFO - [2024-01-29T13:10:34.004+0000] {dag.py:3036} INFO - Sync 1 DAGs
[2024-01-29T13:10:34.025+0000] {logging_mixin.py:188} INFO - [2024-01-29T13:10:34.025+0000] {dag.py:3823} INFO - Setting next_dagrun for example_task_group_decorator to 2024-01-28 00:00:00+00:00, run_after=2024-01-29 00:00:00+00:00
[2024-01-29T13:10:34.045+0000] {processor.py:183} INFO - Processing /home/airflow/.local/lib/python3.8/site-packages/airflow/example_dags/example_task_group_decorator.py took 0.084 seconds
[2024-01-29T13:11:04.834+0000] {processor.py:161} INFO - Started process (PID=2249) to work on /home/airflow/.local/lib/python3.8/site-packages/airflow/example_dags/example_task_group_decorator.py
[2024-01-29T13:11:04.835+0000] {processor.py:830} INFO - Processing file /home/airflow/.local/lib/python3.8/site-packages/airflow/example_dags/example_task_group_decorator.py for tasks to queue
[2024-01-29T13:11:04.837+0000] {logging_mixin.py:188} INFO - [2024-01-29T13:11:04.836+0000] {dagbag.py:538} INFO - Filling up the DagBag from /home/airflow/.local/lib/python3.8/site-packages/airflow/example_dags/example_task_group_decorator.py
[2024-01-29T13:11:04.851+0000] {processor.py:840} INFO - DAG(s) 'example_task_group_decorator' retrieved from /home/airflow/.local/lib/python3.8/site-packages/airflow/example_dags/example_task_group_decorator.py
[2024-01-29T13:11:04.874+0000] {logging_mixin.py:188} INFO - [2024-01-29T13:11:04.874+0000] {dag.py:3036} INFO - Sync 1 DAGs
[2024-01-29T13:11:04.896+0000] {logging_mixin.py:188} INFO - [2024-01-29T13:11:04.896+0000] {dag.py:3823} INFO - Setting next_dagrun for example_task_group_decorator to 2024-01-28 00:00:00+00:00, run_after=2024-01-29 00:00:00+00:00
[2024-01-29T13:11:04.913+0000] {processor.py:183} INFO - Processing /home/airflow/.local/lib/python3.8/site-packages/airflow/example_dags/example_task_group_decorator.py took 0.082 seconds
[2024-01-29T13:11:34.983+0000] {processor.py:161} INFO - Started process (PID=2305) to work on /home/airflow/.local/lib/python3.8/site-packages/airflow/example_dags/example_task_group_decorator.py
[2024-01-29T13:11:34.984+0000] {processor.py:830} INFO - Processing file /home/airflow/.local/lib/python3.8/site-packages/airflow/example_dags/example_task_group_decorator.py for tasks to queue
[2024-01-29T13:11:34.985+0000] {logging_mixin.py:188} INFO - [2024-01-29T13:11:34.985+0000] {dagbag.py:538} INFO - Filling up the DagBag from /home/airflow/.local/lib/python3.8/site-packages/airflow/example_dags/example_task_group_decorator.py
[2024-01-29T13:11:35.000+0000] {processor.py:840} INFO - DAG(s) 'example_task_group_decorator' retrieved from /home/airflow/.local/lib/python3.8/site-packages/airflow/example_dags/example_task_group_decorator.py
[2024-01-29T13:11:35.032+0000] {logging_mixin.py:188} INFO - [2024-01-29T13:11:35.032+0000] {dag.py:3036} INFO - Sync 1 DAGs
[2024-01-29T13:11:35.066+0000] {logging_mixin.py:188} INFO - [2024-01-29T13:11:35.066+0000] {dag.py:3823} INFO - Setting next_dagrun for example_task_group_decorator to 2024-01-28 00:00:00+00:00, run_after=2024-01-29 00:00:00+00:00
[2024-01-29T13:11:35.086+0000] {processor.py:183} INFO - Processing /home/airflow/.local/lib/python3.8/site-packages/airflow/example_dags/example_task_group_decorator.py took 0.106 seconds
[2024-01-29T13:12:06.093+0000] {processor.py:161} INFO - Started process (PID=2361) to work on /home/airflow/.local/lib/python3.8/site-packages/airflow/example_dags/example_task_group_decorator.py
[2024-01-29T13:12:06.095+0000] {processor.py:830} INFO - Processing file /home/airflow/.local/lib/python3.8/site-packages/airflow/example_dags/example_task_group_decorator.py for tasks to queue
[2024-01-29T13:12:06.096+0000] {logging_mixin.py:188} INFO - [2024-01-29T13:12:06.096+0000] {dagbag.py:538} INFO - Filling up the DagBag from /home/airflow/.local/lib/python3.8/site-packages/airflow/example_dags/example_task_group_decorator.py
[2024-01-29T13:12:06.111+0000] {processor.py:840} INFO - DAG(s) 'example_task_group_decorator' retrieved from /home/airflow/.local/lib/python3.8/site-packages/airflow/example_dags/example_task_group_decorator.py
[2024-01-29T13:12:06.136+0000] {logging_mixin.py:188} INFO - [2024-01-29T13:12:06.136+0000] {dag.py:3036} INFO - Sync 1 DAGs
[2024-01-29T13:12:06.159+0000] {logging_mixin.py:188} INFO - [2024-01-29T13:12:06.159+0000] {dag.py:3823} INFO - Setting next_dagrun for example_task_group_decorator to 2024-01-28 00:00:00+00:00, run_after=2024-01-29 00:00:00+00:00
[2024-01-29T13:12:06.177+0000] {processor.py:183} INFO - Processing /home/airflow/.local/lib/python3.8/site-packages/airflow/example_dags/example_task_group_decorator.py took 0.087 seconds
[2024-01-29T13:17:25.408+0000] {processor.py:161} INFO - Started process (PID=2408) to work on /home/airflow/.local/lib/python3.8/site-packages/airflow/example_dags/example_task_group_decorator.py
[2024-01-29T13:17:25.409+0000] {processor.py:830} INFO - Processing file /home/airflow/.local/lib/python3.8/site-packages/airflow/example_dags/example_task_group_decorator.py for tasks to queue
[2024-01-29T13:17:25.411+0000] {logging_mixin.py:188} INFO - [2024-01-29T13:17:25.411+0000] {dagbag.py:538} INFO - Filling up the DagBag from /home/airflow/.local/lib/python3.8/site-packages/airflow/example_dags/example_task_group_decorator.py
[2024-01-29T13:17:25.431+0000] {processor.py:840} INFO - DAG(s) 'example_task_group_decorator' retrieved from /home/airflow/.local/lib/python3.8/site-packages/airflow/example_dags/example_task_group_decorator.py
[2024-01-29T13:17:25.465+0000] {logging_mixin.py:188} INFO - [2024-01-29T13:17:25.465+0000] {dag.py:3036} INFO - Sync 1 DAGs
[2024-01-29T13:17:25.494+0000] {logging_mixin.py:188} INFO - [2024-01-29T13:17:25.494+0000] {dag.py:3823} INFO - Setting next_dagrun for example_task_group_decorator to 2024-01-28 00:00:00+00:00, run_after=2024-01-29 00:00:00+00:00
[2024-01-29T13:17:25.516+0000] {processor.py:183} INFO - Processing /home/airflow/.local/lib/python3.8/site-packages/airflow/example_dags/example_task_group_decorator.py took 0.113 seconds
[2024-01-29T13:17:55.716+0000] {processor.py:161} INFO - Started process (PID=2464) to work on /home/airflow/.local/lib/python3.8/site-packages/airflow/example_dags/example_task_group_decorator.py
[2024-01-29T13:17:55.717+0000] {processor.py:830} INFO - Processing file /home/airflow/.local/lib/python3.8/site-packages/airflow/example_dags/example_task_group_decorator.py for tasks to queue
[2024-01-29T13:17:55.718+0000] {logging_mixin.py:188} INFO - [2024-01-29T13:17:55.718+0000] {dagbag.py:538} INFO - Filling up the DagBag from /home/airflow/.local/lib/python3.8/site-packages/airflow/example_dags/example_task_group_decorator.py
[2024-01-29T13:17:55.732+0000] {processor.py:840} INFO - DAG(s) 'example_task_group_decorator' retrieved from /home/airflow/.local/lib/python3.8/site-packages/airflow/example_dags/example_task_group_decorator.py
[2024-01-29T13:17:55.756+0000] {logging_mixin.py:188} INFO - [2024-01-29T13:17:55.756+0000] {dag.py:3036} INFO - Sync 1 DAGs
[2024-01-29T13:17:55.778+0000] {logging_mixin.py:188} INFO - [2024-01-29T13:17:55.778+0000] {dag.py:3823} INFO - Setting next_dagrun for example_task_group_decorator to 2024-01-28 00:00:00+00:00, run_after=2024-01-29 00:00:00+00:00
[2024-01-29T13:17:55.796+0000] {processor.py:183} INFO - Processing /home/airflow/.local/lib/python3.8/site-packages/airflow/example_dags/example_task_group_decorator.py took 0.083 seconds
[2024-01-29T13:18:26.584+0000] {processor.py:161} INFO - Started process (PID=2520) to work on /home/airflow/.local/lib/python3.8/site-packages/airflow/example_dags/example_task_group_decorator.py
[2024-01-29T13:18:26.585+0000] {processor.py:830} INFO - Processing file /home/airflow/.local/lib/python3.8/site-packages/airflow/example_dags/example_task_group_decorator.py for tasks to queue
[2024-01-29T13:18:26.587+0000] {logging_mixin.py:188} INFO - [2024-01-29T13:18:26.587+0000] {dagbag.py:538} INFO - Filling up the DagBag from /home/airflow/.local/lib/python3.8/site-packages/airflow/example_dags/example_task_group_decorator.py
[2024-01-29T13:18:26.608+0000] {processor.py:840} INFO - DAG(s) 'example_task_group_decorator' retrieved from /home/airflow/.local/lib/python3.8/site-packages/airflow/example_dags/example_task_group_decorator.py
[2024-01-29T13:18:26.642+0000] {logging_mixin.py:188} INFO - [2024-01-29T13:18:26.641+0000] {dag.py:3036} INFO - Sync 1 DAGs
[2024-01-29T13:18:26.684+0000] {logging_mixin.py:188} INFO - [2024-01-29T13:18:26.683+0000] {dag.py:3823} INFO - Setting next_dagrun for example_task_group_decorator to 2024-01-28 00:00:00+00:00, run_after=2024-01-29 00:00:00+00:00
[2024-01-29T13:18:26.712+0000] {processor.py:183} INFO - Processing /home/airflow/.local/lib/python3.8/site-packages/airflow/example_dags/example_task_group_decorator.py took 0.132 seconds
