[2024-01-29T12:41:05.349+0000] {processor.py:161} INFO - Started process (PID=36) to work on /home/airflow/.local/lib/python3.8/site-packages/airflow/example_dags/example_setup_teardown_taskflow.py
[2024-01-29T12:41:05.350+0000] {processor.py:830} INFO - Processing file /home/airflow/.local/lib/python3.8/site-packages/airflow/example_dags/example_setup_teardown_taskflow.py for tasks to queue
[2024-01-29T12:41:05.353+0000] {logging_mixin.py:188} INFO - [2024-01-29T12:41:05.352+0000] {dagbag.py:538} INFO - Filling up the DagBag from /home/airflow/.local/lib/python3.8/site-packages/airflow/example_dags/example_setup_teardown_taskflow.py
[2024-01-29T12:41:05.378+0000] {processor.py:840} INFO - DAG(s) 'example_setup_teardown_taskflow' retrieved from /home/airflow/.local/lib/python3.8/site-packages/airflow/example_dags/example_setup_teardown_taskflow.py
[2024-01-29T12:41:05.524+0000] {logging_mixin.py:188} INFO - [2024-01-29T12:41:05.523+0000] {override.py:1769} INFO - Created Permission View: can read on DAG:example_setup_teardown_taskflow
[2024-01-29T12:41:05.533+0000] {logging_mixin.py:188} INFO - [2024-01-29T12:41:05.533+0000] {override.py:1769} INFO - Created Permission View: can edit on DAG:example_setup_teardown_taskflow
[2024-01-29T12:41:05.540+0000] {logging_mixin.py:188} INFO - [2024-01-29T12:41:05.540+0000] {override.py:1769} INFO - Created Permission View: can delete on DAG:example_setup_teardown_taskflow
[2024-01-29T12:41:05.541+0000] {logging_mixin.py:188} INFO - [2024-01-29T12:41:05.540+0000] {dag.py:3036} INFO - Sync 1 DAGs
[2024-01-29T12:41:05.551+0000] {logging_mixin.py:188} INFO - [2024-01-29T12:41:05.551+0000] {dag.py:3058} INFO - Creating ORM DAG for example_setup_teardown_taskflow
[2024-01-29T12:41:05.562+0000] {logging_mixin.py:188} INFO - [2024-01-29T12:41:05.562+0000] {dag.py:3823} INFO - Setting next_dagrun for example_setup_teardown_taskflow to 2024-01-28 00:00:00+00:00, run_after=2024-01-29 00:00:00+00:00
[2024-01-29T12:41:05.579+0000] {processor.py:183} INFO - Processing /home/airflow/.local/lib/python3.8/site-packages/airflow/example_dags/example_setup_teardown_taskflow.py took 0.237 seconds
[2024-01-29T12:41:35.642+0000] {processor.py:161} INFO - Started process (PID=91) to work on /home/airflow/.local/lib/python3.8/site-packages/airflow/example_dags/example_setup_teardown_taskflow.py
[2024-01-29T12:41:35.644+0000] {processor.py:830} INFO - Processing file /home/airflow/.local/lib/python3.8/site-packages/airflow/example_dags/example_setup_teardown_taskflow.py for tasks to queue
[2024-01-29T12:41:35.648+0000] {logging_mixin.py:188} INFO - [2024-01-29T12:41:35.647+0000] {dagbag.py:538} INFO - Filling up the DagBag from /home/airflow/.local/lib/python3.8/site-packages/airflow/example_dags/example_setup_teardown_taskflow.py
[2024-01-29T12:41:35.673+0000] {processor.py:840} INFO - DAG(s) 'example_setup_teardown_taskflow' retrieved from /home/airflow/.local/lib/python3.8/site-packages/airflow/example_dags/example_setup_teardown_taskflow.py
[2024-01-29T12:41:35.712+0000] {logging_mixin.py:188} INFO - [2024-01-29T12:41:35.712+0000] {dag.py:3036} INFO - Sync 1 DAGs
[2024-01-29T12:41:35.749+0000] {logging_mixin.py:188} INFO - [2024-01-29T12:41:35.749+0000] {dag.py:3823} INFO - Setting next_dagrun for example_setup_teardown_taskflow to 2024-01-28 00:00:00+00:00, run_after=2024-01-29 00:00:00+00:00
[2024-01-29T12:41:35.780+0000] {processor.py:183} INFO - Processing /home/airflow/.local/lib/python3.8/site-packages/airflow/example_dags/example_setup_teardown_taskflow.py took 0.145 seconds
[2024-01-29T12:51:13.723+0000] {processor.py:161} INFO - Started process (PID=37) to work on /home/airflow/.local/lib/python3.8/site-packages/airflow/example_dags/example_setup_teardown_taskflow.py
[2024-01-29T12:51:13.723+0000] {processor.py:830} INFO - Processing file /home/airflow/.local/lib/python3.8/site-packages/airflow/example_dags/example_setup_teardown_taskflow.py for tasks to queue
[2024-01-29T12:51:13.725+0000] {logging_mixin.py:188} INFO - [2024-01-29T12:51:13.725+0000] {dagbag.py:538} INFO - Filling up the DagBag from /home/airflow/.local/lib/python3.8/site-packages/airflow/example_dags/example_setup_teardown_taskflow.py
[2024-01-29T12:51:13.737+0000] {processor.py:840} INFO - DAG(s) 'example_setup_teardown_taskflow' retrieved from /home/airflow/.local/lib/python3.8/site-packages/airflow/example_dags/example_setup_teardown_taskflow.py
[2024-01-29T12:51:13.749+0000] {logging_mixin.py:188} INFO - [2024-01-29T12:51:13.749+0000] {dag.py:3036} INFO - Sync 1 DAGs
[2024-01-29T12:51:13.774+0000] {logging_mixin.py:188} INFO - [2024-01-29T12:51:13.774+0000] {dag.py:3823} INFO - Setting next_dagrun for example_setup_teardown_taskflow to 2024-01-28 00:00:00+00:00, run_after=2024-01-29 00:00:00+00:00
[2024-01-29T12:51:13.808+0000] {processor.py:183} INFO - Processing /home/airflow/.local/lib/python3.8/site-packages/airflow/example_dags/example_setup_teardown_taskflow.py took 0.088 seconds
[2024-01-29T12:51:44.253+0000] {processor.py:161} INFO - Started process (PID=93) to work on /home/airflow/.local/lib/python3.8/site-packages/airflow/example_dags/example_setup_teardown_taskflow.py
[2024-01-29T12:51:44.254+0000] {processor.py:830} INFO - Processing file /home/airflow/.local/lib/python3.8/site-packages/airflow/example_dags/example_setup_teardown_taskflow.py for tasks to queue
[2024-01-29T12:51:44.255+0000] {logging_mixin.py:188} INFO - [2024-01-29T12:51:44.255+0000] {dagbag.py:538} INFO - Filling up the DagBag from /home/airflow/.local/lib/python3.8/site-packages/airflow/example_dags/example_setup_teardown_taskflow.py
[2024-01-29T12:51:44.266+0000] {processor.py:840} INFO - DAG(s) 'example_setup_teardown_taskflow' retrieved from /home/airflow/.local/lib/python3.8/site-packages/airflow/example_dags/example_setup_teardown_taskflow.py
[2024-01-29T12:51:44.379+0000] {logging_mixin.py:188} INFO - [2024-01-29T12:51:44.378+0000] {dag.py:3036} INFO - Sync 1 DAGs
[2024-01-29T12:51:44.402+0000] {logging_mixin.py:188} INFO - [2024-01-29T12:51:44.402+0000] {dag.py:3823} INFO - Setting next_dagrun for example_setup_teardown_taskflow to 2024-01-28 00:00:00+00:00, run_after=2024-01-29 00:00:00+00:00
[2024-01-29T12:51:44.424+0000] {processor.py:183} INFO - Processing /home/airflow/.local/lib/python3.8/site-packages/airflow/example_dags/example_setup_teardown_taskflow.py took 0.175 seconds
[2024-01-29T12:52:14.613+0000] {processor.py:161} INFO - Started process (PID=149) to work on /home/airflow/.local/lib/python3.8/site-packages/airflow/example_dags/example_setup_teardown_taskflow.py
[2024-01-29T12:52:14.614+0000] {processor.py:830} INFO - Processing file /home/airflow/.local/lib/python3.8/site-packages/airflow/example_dags/example_setup_teardown_taskflow.py for tasks to queue
[2024-01-29T12:52:14.616+0000] {logging_mixin.py:188} INFO - [2024-01-29T12:52:14.616+0000] {dagbag.py:538} INFO - Filling up the DagBag from /home/airflow/.local/lib/python3.8/site-packages/airflow/example_dags/example_setup_teardown_taskflow.py
[2024-01-29T12:52:14.625+0000] {processor.py:840} INFO - DAG(s) 'example_setup_teardown_taskflow' retrieved from /home/airflow/.local/lib/python3.8/site-packages/airflow/example_dags/example_setup_teardown_taskflow.py
[2024-01-29T12:52:14.652+0000] {logging_mixin.py:188} INFO - [2024-01-29T12:52:14.652+0000] {dag.py:3036} INFO - Sync 1 DAGs
[2024-01-29T12:52:14.683+0000] {logging_mixin.py:188} INFO - [2024-01-29T12:52:14.683+0000] {dag.py:3823} INFO - Setting next_dagrun for example_setup_teardown_taskflow to 2024-01-28 00:00:00+00:00, run_after=2024-01-29 00:00:00+00:00
[2024-01-29T12:52:14.702+0000] {processor.py:183} INFO - Processing /home/airflow/.local/lib/python3.8/site-packages/airflow/example_dags/example_setup_teardown_taskflow.py took 0.091 seconds
[2024-01-29T12:52:45.588+0000] {processor.py:161} INFO - Started process (PID=205) to work on /home/airflow/.local/lib/python3.8/site-packages/airflow/example_dags/example_setup_teardown_taskflow.py
[2024-01-29T12:52:45.589+0000] {processor.py:830} INFO - Processing file /home/airflow/.local/lib/python3.8/site-packages/airflow/example_dags/example_setup_teardown_taskflow.py for tasks to queue
[2024-01-29T12:52:45.590+0000] {logging_mixin.py:188} INFO - [2024-01-29T12:52:45.590+0000] {dagbag.py:538} INFO - Filling up the DagBag from /home/airflow/.local/lib/python3.8/site-packages/airflow/example_dags/example_setup_teardown_taskflow.py
[2024-01-29T12:52:45.599+0000] {processor.py:840} INFO - DAG(s) 'example_setup_teardown_taskflow' retrieved from /home/airflow/.local/lib/python3.8/site-packages/airflow/example_dags/example_setup_teardown_taskflow.py
[2024-01-29T12:52:45.626+0000] {logging_mixin.py:188} INFO - [2024-01-29T12:52:45.626+0000] {dag.py:3036} INFO - Sync 1 DAGs
[2024-01-29T12:52:45.648+0000] {logging_mixin.py:188} INFO - [2024-01-29T12:52:45.648+0000] {dag.py:3823} INFO - Setting next_dagrun for example_setup_teardown_taskflow to 2024-01-28 00:00:00+00:00, run_after=2024-01-29 00:00:00+00:00
[2024-01-29T12:52:45.665+0000] {processor.py:183} INFO - Processing /home/airflow/.local/lib/python3.8/site-packages/airflow/example_dags/example_setup_teardown_taskflow.py took 0.081 seconds
[2024-01-29T12:53:16.661+0000] {processor.py:161} INFO - Started process (PID=261) to work on /home/airflow/.local/lib/python3.8/site-packages/airflow/example_dags/example_setup_teardown_taskflow.py
[2024-01-29T12:53:16.662+0000] {processor.py:830} INFO - Processing file /home/airflow/.local/lib/python3.8/site-packages/airflow/example_dags/example_setup_teardown_taskflow.py for tasks to queue
[2024-01-29T12:53:16.663+0000] {logging_mixin.py:188} INFO - [2024-01-29T12:53:16.663+0000] {dagbag.py:538} INFO - Filling up the DagBag from /home/airflow/.local/lib/python3.8/site-packages/airflow/example_dags/example_setup_teardown_taskflow.py
[2024-01-29T12:53:16.673+0000] {processor.py:840} INFO - DAG(s) 'example_setup_teardown_taskflow' retrieved from /home/airflow/.local/lib/python3.8/site-packages/airflow/example_dags/example_setup_teardown_taskflow.py
[2024-01-29T12:53:16.695+0000] {logging_mixin.py:188} INFO - [2024-01-29T12:53:16.695+0000] {dag.py:3036} INFO - Sync 1 DAGs
[2024-01-29T12:53:16.717+0000] {logging_mixin.py:188} INFO - [2024-01-29T12:53:16.717+0000] {dag.py:3823} INFO - Setting next_dagrun for example_setup_teardown_taskflow to 2024-01-28 00:00:00+00:00, run_after=2024-01-29 00:00:00+00:00
[2024-01-29T12:53:16.736+0000] {processor.py:183} INFO - Processing /home/airflow/.local/lib/python3.8/site-packages/airflow/example_dags/example_setup_teardown_taskflow.py took 0.079 seconds
[2024-01-29T12:53:46.811+0000] {processor.py:161} INFO - Started process (PID=317) to work on /home/airflow/.local/lib/python3.8/site-packages/airflow/example_dags/example_setup_teardown_taskflow.py
[2024-01-29T12:53:46.812+0000] {processor.py:830} INFO - Processing file /home/airflow/.local/lib/python3.8/site-packages/airflow/example_dags/example_setup_teardown_taskflow.py for tasks to queue
[2024-01-29T12:53:46.814+0000] {logging_mixin.py:188} INFO - [2024-01-29T12:53:46.813+0000] {dagbag.py:538} INFO - Filling up the DagBag from /home/airflow/.local/lib/python3.8/site-packages/airflow/example_dags/example_setup_teardown_taskflow.py
[2024-01-29T12:53:46.822+0000] {processor.py:840} INFO - DAG(s) 'example_setup_teardown_taskflow' retrieved from /home/airflow/.local/lib/python3.8/site-packages/airflow/example_dags/example_setup_teardown_taskflow.py
[2024-01-29T12:53:46.843+0000] {logging_mixin.py:188} INFO - [2024-01-29T12:53:46.843+0000] {dag.py:3036} INFO - Sync 1 DAGs
[2024-01-29T12:53:46.864+0000] {logging_mixin.py:188} INFO - [2024-01-29T12:53:46.864+0000] {dag.py:3823} INFO - Setting next_dagrun for example_setup_teardown_taskflow to 2024-01-28 00:00:00+00:00, run_after=2024-01-29 00:00:00+00:00
[2024-01-29T12:53:46.882+0000] {processor.py:183} INFO - Processing /home/airflow/.local/lib/python3.8/site-packages/airflow/example_dags/example_setup_teardown_taskflow.py took 0.074 seconds
[2024-01-29T12:54:17.117+0000] {processor.py:161} INFO - Started process (PID=373) to work on /home/airflow/.local/lib/python3.8/site-packages/airflow/example_dags/example_setup_teardown_taskflow.py
[2024-01-29T12:54:17.118+0000] {processor.py:830} INFO - Processing file /home/airflow/.local/lib/python3.8/site-packages/airflow/example_dags/example_setup_teardown_taskflow.py for tasks to queue
[2024-01-29T12:54:17.120+0000] {logging_mixin.py:188} INFO - [2024-01-29T12:54:17.119+0000] {dagbag.py:538} INFO - Filling up the DagBag from /home/airflow/.local/lib/python3.8/site-packages/airflow/example_dags/example_setup_teardown_taskflow.py
[2024-01-29T12:54:17.129+0000] {processor.py:840} INFO - DAG(s) 'example_setup_teardown_taskflow' retrieved from /home/airflow/.local/lib/python3.8/site-packages/airflow/example_dags/example_setup_teardown_taskflow.py
[2024-01-29T12:54:17.151+0000] {logging_mixin.py:188} INFO - [2024-01-29T12:54:17.150+0000] {dag.py:3036} INFO - Sync 1 DAGs
[2024-01-29T12:54:17.171+0000] {logging_mixin.py:188} INFO - [2024-01-29T12:54:17.171+0000] {dag.py:3823} INFO - Setting next_dagrun for example_setup_teardown_taskflow to 2024-01-28 00:00:00+00:00, run_after=2024-01-29 00:00:00+00:00
[2024-01-29T12:54:17.188+0000] {processor.py:183} INFO - Processing /home/airflow/.local/lib/python3.8/site-packages/airflow/example_dags/example_setup_teardown_taskflow.py took 0.074 seconds
[2024-01-29T12:54:47.368+0000] {processor.py:161} INFO - Started process (PID=429) to work on /home/airflow/.local/lib/python3.8/site-packages/airflow/example_dags/example_setup_teardown_taskflow.py
[2024-01-29T12:54:47.369+0000] {processor.py:830} INFO - Processing file /home/airflow/.local/lib/python3.8/site-packages/airflow/example_dags/example_setup_teardown_taskflow.py for tasks to queue
[2024-01-29T12:54:47.370+0000] {logging_mixin.py:188} INFO - [2024-01-29T12:54:47.370+0000] {dagbag.py:538} INFO - Filling up the DagBag from /home/airflow/.local/lib/python3.8/site-packages/airflow/example_dags/example_setup_teardown_taskflow.py
[2024-01-29T12:54:47.379+0000] {processor.py:840} INFO - DAG(s) 'example_setup_teardown_taskflow' retrieved from /home/airflow/.local/lib/python3.8/site-packages/airflow/example_dags/example_setup_teardown_taskflow.py
[2024-01-29T12:54:47.399+0000] {logging_mixin.py:188} INFO - [2024-01-29T12:54:47.399+0000] {dag.py:3036} INFO - Sync 1 DAGs
[2024-01-29T12:54:47.420+0000] {logging_mixin.py:188} INFO - [2024-01-29T12:54:47.420+0000] {dag.py:3823} INFO - Setting next_dagrun for example_setup_teardown_taskflow to 2024-01-28 00:00:00+00:00, run_after=2024-01-29 00:00:00+00:00
[2024-01-29T12:54:47.438+0000] {processor.py:183} INFO - Processing /home/airflow/.local/lib/python3.8/site-packages/airflow/example_dags/example_setup_teardown_taskflow.py took 0.073 seconds
[2024-01-29T12:55:17.650+0000] {processor.py:161} INFO - Started process (PID=485) to work on /home/airflow/.local/lib/python3.8/site-packages/airflow/example_dags/example_setup_teardown_taskflow.py
[2024-01-29T12:55:17.651+0000] {processor.py:830} INFO - Processing file /home/airflow/.local/lib/python3.8/site-packages/airflow/example_dags/example_setup_teardown_taskflow.py for tasks to queue
[2024-01-29T12:55:17.653+0000] {logging_mixin.py:188} INFO - [2024-01-29T12:55:17.653+0000] {dagbag.py:538} INFO - Filling up the DagBag from /home/airflow/.local/lib/python3.8/site-packages/airflow/example_dags/example_setup_teardown_taskflow.py
[2024-01-29T12:55:17.663+0000] {processor.py:840} INFO - DAG(s) 'example_setup_teardown_taskflow' retrieved from /home/airflow/.local/lib/python3.8/site-packages/airflow/example_dags/example_setup_teardown_taskflow.py
[2024-01-29T12:55:17.691+0000] {logging_mixin.py:188} INFO - [2024-01-29T12:55:17.691+0000] {dag.py:3036} INFO - Sync 1 DAGs
[2024-01-29T12:55:17.722+0000] {logging_mixin.py:188} INFO - [2024-01-29T12:55:17.722+0000] {dag.py:3823} INFO - Setting next_dagrun for example_setup_teardown_taskflow to 2024-01-28 00:00:00+00:00, run_after=2024-01-29 00:00:00+00:00
[2024-01-29T12:55:17.745+0000] {processor.py:183} INFO - Processing /home/airflow/.local/lib/python3.8/site-packages/airflow/example_dags/example_setup_teardown_taskflow.py took 0.098 seconds
[2024-01-29T12:55:47.924+0000] {processor.py:161} INFO - Started process (PID=541) to work on /home/airflow/.local/lib/python3.8/site-packages/airflow/example_dags/example_setup_teardown_taskflow.py
[2024-01-29T12:55:47.925+0000] {processor.py:830} INFO - Processing file /home/airflow/.local/lib/python3.8/site-packages/airflow/example_dags/example_setup_teardown_taskflow.py for tasks to queue
[2024-01-29T12:55:47.926+0000] {logging_mixin.py:188} INFO - [2024-01-29T12:55:47.926+0000] {dagbag.py:538} INFO - Filling up the DagBag from /home/airflow/.local/lib/python3.8/site-packages/airflow/example_dags/example_setup_teardown_taskflow.py
[2024-01-29T12:55:47.935+0000] {processor.py:840} INFO - DAG(s) 'example_setup_teardown_taskflow' retrieved from /home/airflow/.local/lib/python3.8/site-packages/airflow/example_dags/example_setup_teardown_taskflow.py
[2024-01-29T12:55:47.963+0000] {logging_mixin.py:188} INFO - [2024-01-29T12:55:47.963+0000] {dag.py:3036} INFO - Sync 1 DAGs
[2024-01-29T12:55:47.995+0000] {logging_mixin.py:188} INFO - [2024-01-29T12:55:47.995+0000] {dag.py:3823} INFO - Setting next_dagrun for example_setup_teardown_taskflow to 2024-01-28 00:00:00+00:00, run_after=2024-01-29 00:00:00+00:00
[2024-01-29T12:55:48.014+0000] {processor.py:183} INFO - Processing /home/airflow/.local/lib/python3.8/site-packages/airflow/example_dags/example_setup_teardown_taskflow.py took 0.093 seconds
[2024-01-29T12:56:18.377+0000] {processor.py:161} INFO - Started process (PID=597) to work on /home/airflow/.local/lib/python3.8/site-packages/airflow/example_dags/example_setup_teardown_taskflow.py
[2024-01-29T12:56:18.378+0000] {processor.py:830} INFO - Processing file /home/airflow/.local/lib/python3.8/site-packages/airflow/example_dags/example_setup_teardown_taskflow.py for tasks to queue
[2024-01-29T12:56:18.380+0000] {logging_mixin.py:188} INFO - [2024-01-29T12:56:18.379+0000] {dagbag.py:538} INFO - Filling up the DagBag from /home/airflow/.local/lib/python3.8/site-packages/airflow/example_dags/example_setup_teardown_taskflow.py
[2024-01-29T12:56:18.388+0000] {processor.py:840} INFO - DAG(s) 'example_setup_teardown_taskflow' retrieved from /home/airflow/.local/lib/python3.8/site-packages/airflow/example_dags/example_setup_teardown_taskflow.py
[2024-01-29T12:56:18.410+0000] {logging_mixin.py:188} INFO - [2024-01-29T12:56:18.409+0000] {dag.py:3036} INFO - Sync 1 DAGs
[2024-01-29T12:56:18.431+0000] {logging_mixin.py:188} INFO - [2024-01-29T12:56:18.431+0000] {dag.py:3823} INFO - Setting next_dagrun for example_setup_teardown_taskflow to 2024-01-28 00:00:00+00:00, run_after=2024-01-29 00:00:00+00:00
[2024-01-29T12:56:18.449+0000] {processor.py:183} INFO - Processing /home/airflow/.local/lib/python3.8/site-packages/airflow/example_dags/example_setup_teardown_taskflow.py took 0.075 seconds
[2024-01-29T12:56:48.618+0000] {processor.py:161} INFO - Started process (PID=653) to work on /home/airflow/.local/lib/python3.8/site-packages/airflow/example_dags/example_setup_teardown_taskflow.py
[2024-01-29T12:56:48.618+0000] {processor.py:830} INFO - Processing file /home/airflow/.local/lib/python3.8/site-packages/airflow/example_dags/example_setup_teardown_taskflow.py for tasks to queue
[2024-01-29T12:56:48.620+0000] {logging_mixin.py:188} INFO - [2024-01-29T12:56:48.620+0000] {dagbag.py:538} INFO - Filling up the DagBag from /home/airflow/.local/lib/python3.8/site-packages/airflow/example_dags/example_setup_teardown_taskflow.py
[2024-01-29T12:56:48.629+0000] {processor.py:840} INFO - DAG(s) 'example_setup_teardown_taskflow' retrieved from /home/airflow/.local/lib/python3.8/site-packages/airflow/example_dags/example_setup_teardown_taskflow.py
[2024-01-29T12:56:48.652+0000] {logging_mixin.py:188} INFO - [2024-01-29T12:56:48.652+0000] {dag.py:3036} INFO - Sync 1 DAGs
[2024-01-29T12:56:48.674+0000] {logging_mixin.py:188} INFO - [2024-01-29T12:56:48.674+0000] {dag.py:3823} INFO - Setting next_dagrun for example_setup_teardown_taskflow to 2024-01-28 00:00:00+00:00, run_after=2024-01-29 00:00:00+00:00
[2024-01-29T12:56:48.695+0000] {processor.py:183} INFO - Processing /home/airflow/.local/lib/python3.8/site-packages/airflow/example_dags/example_setup_teardown_taskflow.py took 0.081 seconds
[2024-01-29T12:57:18.784+0000] {processor.py:161} INFO - Started process (PID=709) to work on /home/airflow/.local/lib/python3.8/site-packages/airflow/example_dags/example_setup_teardown_taskflow.py
[2024-01-29T12:57:18.785+0000] {processor.py:830} INFO - Processing file /home/airflow/.local/lib/python3.8/site-packages/airflow/example_dags/example_setup_teardown_taskflow.py for tasks to queue
[2024-01-29T12:57:18.787+0000] {logging_mixin.py:188} INFO - [2024-01-29T12:57:18.786+0000] {dagbag.py:538} INFO - Filling up the DagBag from /home/airflow/.local/lib/python3.8/site-packages/airflow/example_dags/example_setup_teardown_taskflow.py
[2024-01-29T12:57:18.795+0000] {processor.py:840} INFO - DAG(s) 'example_setup_teardown_taskflow' retrieved from /home/airflow/.local/lib/python3.8/site-packages/airflow/example_dags/example_setup_teardown_taskflow.py
[2024-01-29T12:57:18.816+0000] {logging_mixin.py:188} INFO - [2024-01-29T12:57:18.816+0000] {dag.py:3036} INFO - Sync 1 DAGs
[2024-01-29T12:57:18.837+0000] {logging_mixin.py:188} INFO - [2024-01-29T12:57:18.837+0000] {dag.py:3823} INFO - Setting next_dagrun for example_setup_teardown_taskflow to 2024-01-28 00:00:00+00:00, run_after=2024-01-29 00:00:00+00:00
[2024-01-29T12:57:18.855+0000] {processor.py:183} INFO - Processing /home/airflow/.local/lib/python3.8/site-packages/airflow/example_dags/example_setup_teardown_taskflow.py took 0.074 seconds
[2024-01-29T12:57:48.993+0000] {processor.py:161} INFO - Started process (PID=765) to work on /home/airflow/.local/lib/python3.8/site-packages/airflow/example_dags/example_setup_teardown_taskflow.py
[2024-01-29T12:57:48.994+0000] {processor.py:830} INFO - Processing file /home/airflow/.local/lib/python3.8/site-packages/airflow/example_dags/example_setup_teardown_taskflow.py for tasks to queue
[2024-01-29T12:57:48.995+0000] {logging_mixin.py:188} INFO - [2024-01-29T12:57:48.995+0000] {dagbag.py:538} INFO - Filling up the DagBag from /home/airflow/.local/lib/python3.8/site-packages/airflow/example_dags/example_setup_teardown_taskflow.py
[2024-01-29T12:57:49.004+0000] {processor.py:840} INFO - DAG(s) 'example_setup_teardown_taskflow' retrieved from /home/airflow/.local/lib/python3.8/site-packages/airflow/example_dags/example_setup_teardown_taskflow.py
[2024-01-29T12:57:49.025+0000] {logging_mixin.py:188} INFO - [2024-01-29T12:57:49.025+0000] {dag.py:3036} INFO - Sync 1 DAGs
[2024-01-29T12:57:49.047+0000] {logging_mixin.py:188} INFO - [2024-01-29T12:57:49.047+0000] {dag.py:3823} INFO - Setting next_dagrun for example_setup_teardown_taskflow to 2024-01-28 00:00:00+00:00, run_after=2024-01-29 00:00:00+00:00
[2024-01-29T12:57:49.064+0000] {processor.py:183} INFO - Processing /home/airflow/.local/lib/python3.8/site-packages/airflow/example_dags/example_setup_teardown_taskflow.py took 0.075 seconds
[2024-01-29T12:58:19.220+0000] {processor.py:161} INFO - Started process (PID=821) to work on /home/airflow/.local/lib/python3.8/site-packages/airflow/example_dags/example_setup_teardown_taskflow.py
[2024-01-29T12:58:19.220+0000] {processor.py:830} INFO - Processing file /home/airflow/.local/lib/python3.8/site-packages/airflow/example_dags/example_setup_teardown_taskflow.py for tasks to queue
[2024-01-29T12:58:19.222+0000] {logging_mixin.py:188} INFO - [2024-01-29T12:58:19.222+0000] {dagbag.py:538} INFO - Filling up the DagBag from /home/airflow/.local/lib/python3.8/site-packages/airflow/example_dags/example_setup_teardown_taskflow.py
[2024-01-29T12:58:19.231+0000] {processor.py:840} INFO - DAG(s) 'example_setup_teardown_taskflow' retrieved from /home/airflow/.local/lib/python3.8/site-packages/airflow/example_dags/example_setup_teardown_taskflow.py
[2024-01-29T12:58:19.251+0000] {logging_mixin.py:188} INFO - [2024-01-29T12:58:19.251+0000] {dag.py:3036} INFO - Sync 1 DAGs
[2024-01-29T12:58:19.272+0000] {logging_mixin.py:188} INFO - [2024-01-29T12:58:19.272+0000] {dag.py:3823} INFO - Setting next_dagrun for example_setup_teardown_taskflow to 2024-01-28 00:00:00+00:00, run_after=2024-01-29 00:00:00+00:00
[2024-01-29T12:58:19.290+0000] {processor.py:183} INFO - Processing /home/airflow/.local/lib/python3.8/site-packages/airflow/example_dags/example_setup_teardown_taskflow.py took 0.074 seconds
[2024-01-29T12:58:49.790+0000] {processor.py:161} INFO - Started process (PID=877) to work on /home/airflow/.local/lib/python3.8/site-packages/airflow/example_dags/example_setup_teardown_taskflow.py
[2024-01-29T12:58:49.791+0000] {processor.py:830} INFO - Processing file /home/airflow/.local/lib/python3.8/site-packages/airflow/example_dags/example_setup_teardown_taskflow.py for tasks to queue
[2024-01-29T12:58:49.793+0000] {logging_mixin.py:188} INFO - [2024-01-29T12:58:49.793+0000] {dagbag.py:538} INFO - Filling up the DagBag from /home/airflow/.local/lib/python3.8/site-packages/airflow/example_dags/example_setup_teardown_taskflow.py
[2024-01-29T12:58:49.802+0000] {processor.py:840} INFO - DAG(s) 'example_setup_teardown_taskflow' retrieved from /home/airflow/.local/lib/python3.8/site-packages/airflow/example_dags/example_setup_teardown_taskflow.py
[2024-01-29T12:58:49.823+0000] {logging_mixin.py:188} INFO - [2024-01-29T12:58:49.822+0000] {dag.py:3036} INFO - Sync 1 DAGs
[2024-01-29T12:58:49.843+0000] {logging_mixin.py:188} INFO - [2024-01-29T12:58:49.843+0000] {dag.py:3823} INFO - Setting next_dagrun for example_setup_teardown_taskflow to 2024-01-28 00:00:00+00:00, run_after=2024-01-29 00:00:00+00:00
[2024-01-29T12:58:49.860+0000] {processor.py:183} INFO - Processing /home/airflow/.local/lib/python3.8/site-packages/airflow/example_dags/example_setup_teardown_taskflow.py took 0.073 seconds
[2024-01-29T12:59:19.981+0000] {processor.py:161} INFO - Started process (PID=933) to work on /home/airflow/.local/lib/python3.8/site-packages/airflow/example_dags/example_setup_teardown_taskflow.py
[2024-01-29T12:59:19.982+0000] {processor.py:830} INFO - Processing file /home/airflow/.local/lib/python3.8/site-packages/airflow/example_dags/example_setup_teardown_taskflow.py for tasks to queue
[2024-01-29T12:59:19.984+0000] {logging_mixin.py:188} INFO - [2024-01-29T12:59:19.983+0000] {dagbag.py:538} INFO - Filling up the DagBag from /home/airflow/.local/lib/python3.8/site-packages/airflow/example_dags/example_setup_teardown_taskflow.py
[2024-01-29T12:59:19.994+0000] {processor.py:840} INFO - DAG(s) 'example_setup_teardown_taskflow' retrieved from /home/airflow/.local/lib/python3.8/site-packages/airflow/example_dags/example_setup_teardown_taskflow.py
[2024-01-29T12:59:20.022+0000] {logging_mixin.py:188} INFO - [2024-01-29T12:59:20.021+0000] {dag.py:3036} INFO - Sync 1 DAGs
[2024-01-29T12:59:20.052+0000] {logging_mixin.py:188} INFO - [2024-01-29T12:59:20.052+0000] {dag.py:3823} INFO - Setting next_dagrun for example_setup_teardown_taskflow to 2024-01-28 00:00:00+00:00, run_after=2024-01-29 00:00:00+00:00
[2024-01-29T12:59:20.076+0000] {processor.py:183} INFO - Processing /home/airflow/.local/lib/python3.8/site-packages/airflow/example_dags/example_setup_teardown_taskflow.py took 0.099 seconds
[2024-01-29T12:59:50.196+0000] {processor.py:161} INFO - Started process (PID=989) to work on /home/airflow/.local/lib/python3.8/site-packages/airflow/example_dags/example_setup_teardown_taskflow.py
[2024-01-29T12:59:50.197+0000] {processor.py:830} INFO - Processing file /home/airflow/.local/lib/python3.8/site-packages/airflow/example_dags/example_setup_teardown_taskflow.py for tasks to queue
[2024-01-29T12:59:50.199+0000] {logging_mixin.py:188} INFO - [2024-01-29T12:59:50.198+0000] {dagbag.py:538} INFO - Filling up the DagBag from /home/airflow/.local/lib/python3.8/site-packages/airflow/example_dags/example_setup_teardown_taskflow.py
[2024-01-29T12:59:50.208+0000] {processor.py:840} INFO - DAG(s) 'example_setup_teardown_taskflow' retrieved from /home/airflow/.local/lib/python3.8/site-packages/airflow/example_dags/example_setup_teardown_taskflow.py
[2024-01-29T12:59:50.235+0000] {logging_mixin.py:188} INFO - [2024-01-29T12:59:50.235+0000] {dag.py:3036} INFO - Sync 1 DAGs
[2024-01-29T12:59:50.258+0000] {logging_mixin.py:188} INFO - [2024-01-29T12:59:50.258+0000] {dag.py:3823} INFO - Setting next_dagrun for example_setup_teardown_taskflow to 2024-01-28 00:00:00+00:00, run_after=2024-01-29 00:00:00+00:00
[2024-01-29T12:59:50.277+0000] {processor.py:183} INFO - Processing /home/airflow/.local/lib/python3.8/site-packages/airflow/example_dags/example_setup_teardown_taskflow.py took 0.084 seconds
[2024-01-29T13:00:20.348+0000] {processor.py:161} INFO - Started process (PID=1045) to work on /home/airflow/.local/lib/python3.8/site-packages/airflow/example_dags/example_setup_teardown_taskflow.py
[2024-01-29T13:00:20.349+0000] {processor.py:830} INFO - Processing file /home/airflow/.local/lib/python3.8/site-packages/airflow/example_dags/example_setup_teardown_taskflow.py for tasks to queue
[2024-01-29T13:00:20.351+0000] {logging_mixin.py:188} INFO - [2024-01-29T13:00:20.350+0000] {dagbag.py:538} INFO - Filling up the DagBag from /home/airflow/.local/lib/python3.8/site-packages/airflow/example_dags/example_setup_teardown_taskflow.py
[2024-01-29T13:00:20.359+0000] {processor.py:840} INFO - DAG(s) 'example_setup_teardown_taskflow' retrieved from /home/airflow/.local/lib/python3.8/site-packages/airflow/example_dags/example_setup_teardown_taskflow.py
[2024-01-29T13:00:20.381+0000] {logging_mixin.py:188} INFO - [2024-01-29T13:00:20.380+0000] {dag.py:3036} INFO - Sync 1 DAGs
[2024-01-29T13:00:20.401+0000] {logging_mixin.py:188} INFO - [2024-01-29T13:00:20.401+0000] {dag.py:3823} INFO - Setting next_dagrun for example_setup_teardown_taskflow to 2024-01-28 00:00:00+00:00, run_after=2024-01-29 00:00:00+00:00
[2024-01-29T13:00:20.419+0000] {processor.py:183} INFO - Processing /home/airflow/.local/lib/python3.8/site-packages/airflow/example_dags/example_setup_teardown_taskflow.py took 0.074 seconds
[2024-01-29T13:00:50.670+0000] {processor.py:161} INFO - Started process (PID=1101) to work on /home/airflow/.local/lib/python3.8/site-packages/airflow/example_dags/example_setup_teardown_taskflow.py
[2024-01-29T13:00:50.671+0000] {processor.py:830} INFO - Processing file /home/airflow/.local/lib/python3.8/site-packages/airflow/example_dags/example_setup_teardown_taskflow.py for tasks to queue
[2024-01-29T13:00:50.673+0000] {logging_mixin.py:188} INFO - [2024-01-29T13:00:50.672+0000] {dagbag.py:538} INFO - Filling up the DagBag from /home/airflow/.local/lib/python3.8/site-packages/airflow/example_dags/example_setup_teardown_taskflow.py
[2024-01-29T13:00:50.681+0000] {processor.py:840} INFO - DAG(s) 'example_setup_teardown_taskflow' retrieved from /home/airflow/.local/lib/python3.8/site-packages/airflow/example_dags/example_setup_teardown_taskflow.py
[2024-01-29T13:00:50.702+0000] {logging_mixin.py:188} INFO - [2024-01-29T13:00:50.702+0000] {dag.py:3036} INFO - Sync 1 DAGs
[2024-01-29T13:00:50.722+0000] {logging_mixin.py:188} INFO - [2024-01-29T13:00:50.721+0000] {dag.py:3823} INFO - Setting next_dagrun for example_setup_teardown_taskflow to 2024-01-28 00:00:00+00:00, run_after=2024-01-29 00:00:00+00:00
[2024-01-29T13:00:50.739+0000] {processor.py:183} INFO - Processing /home/airflow/.local/lib/python3.8/site-packages/airflow/example_dags/example_setup_teardown_taskflow.py took 0.072 seconds
[2024-01-29T13:01:21.076+0000] {processor.py:161} INFO - Started process (PID=1156) to work on /home/airflow/.local/lib/python3.8/site-packages/airflow/example_dags/example_setup_teardown_taskflow.py
[2024-01-29T13:01:21.077+0000] {processor.py:830} INFO - Processing file /home/airflow/.local/lib/python3.8/site-packages/airflow/example_dags/example_setup_teardown_taskflow.py for tasks to queue
[2024-01-29T13:01:21.078+0000] {logging_mixin.py:188} INFO - [2024-01-29T13:01:21.078+0000] {dagbag.py:538} INFO - Filling up the DagBag from /home/airflow/.local/lib/python3.8/site-packages/airflow/example_dags/example_setup_teardown_taskflow.py
[2024-01-29T13:01:21.087+0000] {processor.py:840} INFO - DAG(s) 'example_setup_teardown_taskflow' retrieved from /home/airflow/.local/lib/python3.8/site-packages/airflow/example_dags/example_setup_teardown_taskflow.py
[2024-01-29T13:01:21.111+0000] {logging_mixin.py:188} INFO - [2024-01-29T13:01:21.110+0000] {dag.py:3036} INFO - Sync 1 DAGs
[2024-01-29T13:01:21.132+0000] {logging_mixin.py:188} INFO - [2024-01-29T13:01:21.132+0000] {dag.py:3823} INFO - Setting next_dagrun for example_setup_teardown_taskflow to 2024-01-28 00:00:00+00:00, run_after=2024-01-29 00:00:00+00:00
[2024-01-29T13:01:21.150+0000] {processor.py:183} INFO - Processing /home/airflow/.local/lib/python3.8/site-packages/airflow/example_dags/example_setup_teardown_taskflow.py took 0.078 seconds
[2024-01-29T13:01:51.785+0000] {processor.py:161} INFO - Started process (PID=1212) to work on /home/airflow/.local/lib/python3.8/site-packages/airflow/example_dags/example_setup_teardown_taskflow.py
[2024-01-29T13:01:51.786+0000] {processor.py:830} INFO - Processing file /home/airflow/.local/lib/python3.8/site-packages/airflow/example_dags/example_setup_teardown_taskflow.py for tasks to queue
[2024-01-29T13:01:51.787+0000] {logging_mixin.py:188} INFO - [2024-01-29T13:01:51.787+0000] {dagbag.py:538} INFO - Filling up the DagBag from /home/airflow/.local/lib/python3.8/site-packages/airflow/example_dags/example_setup_teardown_taskflow.py
[2024-01-29T13:01:51.796+0000] {processor.py:840} INFO - DAG(s) 'example_setup_teardown_taskflow' retrieved from /home/airflow/.local/lib/python3.8/site-packages/airflow/example_dags/example_setup_teardown_taskflow.py
[2024-01-29T13:01:51.818+0000] {logging_mixin.py:188} INFO - [2024-01-29T13:01:51.818+0000] {dag.py:3036} INFO - Sync 1 DAGs
[2024-01-29T13:01:51.838+0000] {logging_mixin.py:188} INFO - [2024-01-29T13:01:51.838+0000] {dag.py:3823} INFO - Setting next_dagrun for example_setup_teardown_taskflow to 2024-01-28 00:00:00+00:00, run_after=2024-01-29 00:00:00+00:00
[2024-01-29T13:01:51.856+0000] {processor.py:183} INFO - Processing /home/airflow/.local/lib/python3.8/site-packages/airflow/example_dags/example_setup_teardown_taskflow.py took 0.074 seconds
[2024-01-29T13:02:21.915+0000] {processor.py:161} INFO - Started process (PID=1269) to work on /home/airflow/.local/lib/python3.8/site-packages/airflow/example_dags/example_setup_teardown_taskflow.py
[2024-01-29T13:02:21.916+0000] {processor.py:830} INFO - Processing file /home/airflow/.local/lib/python3.8/site-packages/airflow/example_dags/example_setup_teardown_taskflow.py for tasks to queue
[2024-01-29T13:02:21.918+0000] {logging_mixin.py:188} INFO - [2024-01-29T13:02:21.918+0000] {dagbag.py:538} INFO - Filling up the DagBag from /home/airflow/.local/lib/python3.8/site-packages/airflow/example_dags/example_setup_teardown_taskflow.py
[2024-01-29T13:02:21.927+0000] {processor.py:840} INFO - DAG(s) 'example_setup_teardown_taskflow' retrieved from /home/airflow/.local/lib/python3.8/site-packages/airflow/example_dags/example_setup_teardown_taskflow.py
[2024-01-29T13:02:21.948+0000] {logging_mixin.py:188} INFO - [2024-01-29T13:02:21.947+0000] {dag.py:3036} INFO - Sync 1 DAGs
[2024-01-29T13:02:21.968+0000] {logging_mixin.py:188} INFO - [2024-01-29T13:02:21.968+0000] {dag.py:3823} INFO - Setting next_dagrun for example_setup_teardown_taskflow to 2024-01-28 00:00:00+00:00, run_after=2024-01-29 00:00:00+00:00
[2024-01-29T13:02:21.987+0000] {processor.py:183} INFO - Processing /home/airflow/.local/lib/python3.8/site-packages/airflow/example_dags/example_setup_teardown_taskflow.py took 0.074 seconds
[2024-01-29T13:02:52.049+0000] {processor.py:161} INFO - Started process (PID=1325) to work on /home/airflow/.local/lib/python3.8/site-packages/airflow/example_dags/example_setup_teardown_taskflow.py
[2024-01-29T13:02:52.049+0000] {processor.py:830} INFO - Processing file /home/airflow/.local/lib/python3.8/site-packages/airflow/example_dags/example_setup_teardown_taskflow.py for tasks to queue
[2024-01-29T13:02:52.051+0000] {logging_mixin.py:188} INFO - [2024-01-29T13:02:52.051+0000] {dagbag.py:538} INFO - Filling up the DagBag from /home/airflow/.local/lib/python3.8/site-packages/airflow/example_dags/example_setup_teardown_taskflow.py
[2024-01-29T13:02:52.060+0000] {processor.py:840} INFO - DAG(s) 'example_setup_teardown_taskflow' retrieved from /home/airflow/.local/lib/python3.8/site-packages/airflow/example_dags/example_setup_teardown_taskflow.py
[2024-01-29T13:02:52.081+0000] {logging_mixin.py:188} INFO - [2024-01-29T13:02:52.081+0000] {dag.py:3036} INFO - Sync 1 DAGs
[2024-01-29T13:02:52.104+0000] {logging_mixin.py:188} INFO - [2024-01-29T13:02:52.104+0000] {dag.py:3823} INFO - Setting next_dagrun for example_setup_teardown_taskflow to 2024-01-28 00:00:00+00:00, run_after=2024-01-29 00:00:00+00:00
[2024-01-29T13:02:52.124+0000] {processor.py:183} INFO - Processing /home/airflow/.local/lib/python3.8/site-packages/airflow/example_dags/example_setup_teardown_taskflow.py took 0.079 seconds
[2024-01-29T13:03:22.535+0000] {processor.py:161} INFO - Started process (PID=1381) to work on /home/airflow/.local/lib/python3.8/site-packages/airflow/example_dags/example_setup_teardown_taskflow.py
[2024-01-29T13:03:22.536+0000] {processor.py:830} INFO - Processing file /home/airflow/.local/lib/python3.8/site-packages/airflow/example_dags/example_setup_teardown_taskflow.py for tasks to queue
[2024-01-29T13:03:22.538+0000] {logging_mixin.py:188} INFO - [2024-01-29T13:03:22.538+0000] {dagbag.py:538} INFO - Filling up the DagBag from /home/airflow/.local/lib/python3.8/site-packages/airflow/example_dags/example_setup_teardown_taskflow.py
[2024-01-29T13:03:22.547+0000] {processor.py:840} INFO - DAG(s) 'example_setup_teardown_taskflow' retrieved from /home/airflow/.local/lib/python3.8/site-packages/airflow/example_dags/example_setup_teardown_taskflow.py
[2024-01-29T13:03:22.568+0000] {logging_mixin.py:188} INFO - [2024-01-29T13:03:22.567+0000] {dag.py:3036} INFO - Sync 1 DAGs
[2024-01-29T13:03:22.593+0000] {logging_mixin.py:188} INFO - [2024-01-29T13:03:22.592+0000] {dag.py:3823} INFO - Setting next_dagrun for example_setup_teardown_taskflow to 2024-01-28 00:00:00+00:00, run_after=2024-01-29 00:00:00+00:00
[2024-01-29T13:03:22.611+0000] {processor.py:183} INFO - Processing /home/airflow/.local/lib/python3.8/site-packages/airflow/example_dags/example_setup_teardown_taskflow.py took 0.079 seconds
[2024-01-29T13:03:52.674+0000] {processor.py:161} INFO - Started process (PID=1437) to work on /home/airflow/.local/lib/python3.8/site-packages/airflow/example_dags/example_setup_teardown_taskflow.py
[2024-01-29T13:03:52.675+0000] {processor.py:830} INFO - Processing file /home/airflow/.local/lib/python3.8/site-packages/airflow/example_dags/example_setup_teardown_taskflow.py for tasks to queue
[2024-01-29T13:03:52.677+0000] {logging_mixin.py:188} INFO - [2024-01-29T13:03:52.676+0000] {dagbag.py:538} INFO - Filling up the DagBag from /home/airflow/.local/lib/python3.8/site-packages/airflow/example_dags/example_setup_teardown_taskflow.py
[2024-01-29T13:03:52.686+0000] {processor.py:840} INFO - DAG(s) 'example_setup_teardown_taskflow' retrieved from /home/airflow/.local/lib/python3.8/site-packages/airflow/example_dags/example_setup_teardown_taskflow.py
[2024-01-29T13:03:52.716+0000] {logging_mixin.py:188} INFO - [2024-01-29T13:03:52.715+0000] {dag.py:3036} INFO - Sync 1 DAGs
[2024-01-29T13:03:52.743+0000] {logging_mixin.py:188} INFO - [2024-01-29T13:03:52.743+0000] {dag.py:3823} INFO - Setting next_dagrun for example_setup_teardown_taskflow to 2024-01-28 00:00:00+00:00, run_after=2024-01-29 00:00:00+00:00
[2024-01-29T13:03:52.772+0000] {processor.py:183} INFO - Processing /home/airflow/.local/lib/python3.8/site-packages/airflow/example_dags/example_setup_teardown_taskflow.py took 0.101 seconds
[2024-01-29T13:04:22.812+0000] {processor.py:161} INFO - Started process (PID=1492) to work on /home/airflow/.local/lib/python3.8/site-packages/airflow/example_dags/example_setup_teardown_taskflow.py
[2024-01-29T13:04:22.813+0000] {processor.py:830} INFO - Processing file /home/airflow/.local/lib/python3.8/site-packages/airflow/example_dags/example_setup_teardown_taskflow.py for tasks to queue
[2024-01-29T13:04:22.815+0000] {logging_mixin.py:188} INFO - [2024-01-29T13:04:22.815+0000] {dagbag.py:538} INFO - Filling up the DagBag from /home/airflow/.local/lib/python3.8/site-packages/airflow/example_dags/example_setup_teardown_taskflow.py
[2024-01-29T13:04:22.824+0000] {processor.py:840} INFO - DAG(s) 'example_setup_teardown_taskflow' retrieved from /home/airflow/.local/lib/python3.8/site-packages/airflow/example_dags/example_setup_teardown_taskflow.py
[2024-01-29T13:04:22.845+0000] {logging_mixin.py:188} INFO - [2024-01-29T13:04:22.845+0000] {dag.py:3036} INFO - Sync 1 DAGs
[2024-01-29T13:04:22.866+0000] {logging_mixin.py:188} INFO - [2024-01-29T13:04:22.866+0000] {dag.py:3823} INFO - Setting next_dagrun for example_setup_teardown_taskflow to 2024-01-28 00:00:00+00:00, run_after=2024-01-29 00:00:00+00:00
[2024-01-29T13:04:22.884+0000] {processor.py:183} INFO - Processing /home/airflow/.local/lib/python3.8/site-packages/airflow/example_dags/example_setup_teardown_taskflow.py took 0.074 seconds
[2024-01-29T13:04:53.025+0000] {processor.py:161} INFO - Started process (PID=1548) to work on /home/airflow/.local/lib/python3.8/site-packages/airflow/example_dags/example_setup_teardown_taskflow.py
[2024-01-29T13:04:53.026+0000] {processor.py:830} INFO - Processing file /home/airflow/.local/lib/python3.8/site-packages/airflow/example_dags/example_setup_teardown_taskflow.py for tasks to queue
[2024-01-29T13:04:53.028+0000] {logging_mixin.py:188} INFO - [2024-01-29T13:04:53.027+0000] {dagbag.py:538} INFO - Filling up the DagBag from /home/airflow/.local/lib/python3.8/site-packages/airflow/example_dags/example_setup_teardown_taskflow.py
[2024-01-29T13:04:53.037+0000] {processor.py:840} INFO - DAG(s) 'example_setup_teardown_taskflow' retrieved from /home/airflow/.local/lib/python3.8/site-packages/airflow/example_dags/example_setup_teardown_taskflow.py
[2024-01-29T13:04:53.066+0000] {logging_mixin.py:188} INFO - [2024-01-29T13:04:53.065+0000] {dag.py:3036} INFO - Sync 1 DAGs
[2024-01-29T13:04:53.097+0000] {logging_mixin.py:188} INFO - [2024-01-29T13:04:53.097+0000] {dag.py:3823} INFO - Setting next_dagrun for example_setup_teardown_taskflow to 2024-01-28 00:00:00+00:00, run_after=2024-01-29 00:00:00+00:00
[2024-01-29T13:04:53.121+0000] {processor.py:183} INFO - Processing /home/airflow/.local/lib/python3.8/site-packages/airflow/example_dags/example_setup_teardown_taskflow.py took 0.099 seconds
[2024-01-29T13:05:23.158+0000] {processor.py:161} INFO - Started process (PID=1604) to work on /home/airflow/.local/lib/python3.8/site-packages/airflow/example_dags/example_setup_teardown_taskflow.py
[2024-01-29T13:05:23.159+0000] {processor.py:830} INFO - Processing file /home/airflow/.local/lib/python3.8/site-packages/airflow/example_dags/example_setup_teardown_taskflow.py for tasks to queue
[2024-01-29T13:05:23.160+0000] {logging_mixin.py:188} INFO - [2024-01-29T13:05:23.160+0000] {dagbag.py:538} INFO - Filling up the DagBag from /home/airflow/.local/lib/python3.8/site-packages/airflow/example_dags/example_setup_teardown_taskflow.py
[2024-01-29T13:05:23.169+0000] {processor.py:840} INFO - DAG(s) 'example_setup_teardown_taskflow' retrieved from /home/airflow/.local/lib/python3.8/site-packages/airflow/example_dags/example_setup_teardown_taskflow.py
[2024-01-29T13:05:23.191+0000] {logging_mixin.py:188} INFO - [2024-01-29T13:05:23.191+0000] {dag.py:3036} INFO - Sync 1 DAGs
[2024-01-29T13:05:23.212+0000] {logging_mixin.py:188} INFO - [2024-01-29T13:05:23.212+0000] {dag.py:3823} INFO - Setting next_dagrun for example_setup_teardown_taskflow to 2024-01-28 00:00:00+00:00, run_after=2024-01-29 00:00:00+00:00
[2024-01-29T13:05:23.230+0000] {processor.py:183} INFO - Processing /home/airflow/.local/lib/python3.8/site-packages/airflow/example_dags/example_setup_teardown_taskflow.py took 0.075 seconds
[2024-01-29T13:05:53.264+0000] {processor.py:161} INFO - Started process (PID=1660) to work on /home/airflow/.local/lib/python3.8/site-packages/airflow/example_dags/example_setup_teardown_taskflow.py
[2024-01-29T13:05:53.264+0000] {processor.py:830} INFO - Processing file /home/airflow/.local/lib/python3.8/site-packages/airflow/example_dags/example_setup_teardown_taskflow.py for tasks to queue
[2024-01-29T13:05:53.266+0000] {logging_mixin.py:188} INFO - [2024-01-29T13:05:53.266+0000] {dagbag.py:538} INFO - Filling up the DagBag from /home/airflow/.local/lib/python3.8/site-packages/airflow/example_dags/example_setup_teardown_taskflow.py
[2024-01-29T13:05:53.275+0000] {processor.py:840} INFO - DAG(s) 'example_setup_teardown_taskflow' retrieved from /home/airflow/.local/lib/python3.8/site-packages/airflow/example_dags/example_setup_teardown_taskflow.py
[2024-01-29T13:05:53.296+0000] {logging_mixin.py:188} INFO - [2024-01-29T13:05:53.296+0000] {dag.py:3036} INFO - Sync 1 DAGs
[2024-01-29T13:05:53.319+0000] {logging_mixin.py:188} INFO - [2024-01-29T13:05:53.319+0000] {dag.py:3823} INFO - Setting next_dagrun for example_setup_teardown_taskflow to 2024-01-28 00:00:00+00:00, run_after=2024-01-29 00:00:00+00:00
[2024-01-29T13:05:53.337+0000] {processor.py:183} INFO - Processing /home/airflow/.local/lib/python3.8/site-packages/airflow/example_dags/example_setup_teardown_taskflow.py took 0.077 seconds
[2024-01-29T13:06:23.516+0000] {processor.py:161} INFO - Started process (PID=1717) to work on /home/airflow/.local/lib/python3.8/site-packages/airflow/example_dags/example_setup_teardown_taskflow.py
[2024-01-29T13:06:23.517+0000] {processor.py:830} INFO - Processing file /home/airflow/.local/lib/python3.8/site-packages/airflow/example_dags/example_setup_teardown_taskflow.py for tasks to queue
[2024-01-29T13:06:23.518+0000] {logging_mixin.py:188} INFO - [2024-01-29T13:06:23.518+0000] {dagbag.py:538} INFO - Filling up the DagBag from /home/airflow/.local/lib/python3.8/site-packages/airflow/example_dags/example_setup_teardown_taskflow.py
[2024-01-29T13:06:23.527+0000] {processor.py:840} INFO - DAG(s) 'example_setup_teardown_taskflow' retrieved from /home/airflow/.local/lib/python3.8/site-packages/airflow/example_dags/example_setup_teardown_taskflow.py
[2024-01-29T13:06:23.549+0000] {logging_mixin.py:188} INFO - [2024-01-29T13:06:23.548+0000] {dag.py:3036} INFO - Sync 1 DAGs
[2024-01-29T13:06:23.569+0000] {logging_mixin.py:188} INFO - [2024-01-29T13:06:23.569+0000] {dag.py:3823} INFO - Setting next_dagrun for example_setup_teardown_taskflow to 2024-01-28 00:00:00+00:00, run_after=2024-01-29 00:00:00+00:00
[2024-01-29T13:06:23.588+0000] {processor.py:183} INFO - Processing /home/airflow/.local/lib/python3.8/site-packages/airflow/example_dags/example_setup_teardown_taskflow.py took 0.075 seconds
[2024-01-29T13:06:53.760+0000] {processor.py:161} INFO - Started process (PID=1773) to work on /home/airflow/.local/lib/python3.8/site-packages/airflow/example_dags/example_setup_teardown_taskflow.py
[2024-01-29T13:06:53.761+0000] {processor.py:830} INFO - Processing file /home/airflow/.local/lib/python3.8/site-packages/airflow/example_dags/example_setup_teardown_taskflow.py for tasks to queue
[2024-01-29T13:06:53.763+0000] {logging_mixin.py:188} INFO - [2024-01-29T13:06:53.762+0000] {dagbag.py:538} INFO - Filling up the DagBag from /home/airflow/.local/lib/python3.8/site-packages/airflow/example_dags/example_setup_teardown_taskflow.py
[2024-01-29T13:06:53.772+0000] {processor.py:840} INFO - DAG(s) 'example_setup_teardown_taskflow' retrieved from /home/airflow/.local/lib/python3.8/site-packages/airflow/example_dags/example_setup_teardown_taskflow.py
[2024-01-29T13:06:53.793+0000] {logging_mixin.py:188} INFO - [2024-01-29T13:06:53.793+0000] {dag.py:3036} INFO - Sync 1 DAGs
[2024-01-29T13:06:53.814+0000] {logging_mixin.py:188} INFO - [2024-01-29T13:06:53.813+0000] {dag.py:3823} INFO - Setting next_dagrun for example_setup_teardown_taskflow to 2024-01-28 00:00:00+00:00, run_after=2024-01-29 00:00:00+00:00
[2024-01-29T13:06:53.833+0000] {processor.py:183} INFO - Processing /home/airflow/.local/lib/python3.8/site-packages/airflow/example_dags/example_setup_teardown_taskflow.py took 0.076 seconds
[2024-01-29T13:07:24.673+0000] {processor.py:161} INFO - Started process (PID=1829) to work on /home/airflow/.local/lib/python3.8/site-packages/airflow/example_dags/example_setup_teardown_taskflow.py
[2024-01-29T13:07:24.674+0000] {processor.py:830} INFO - Processing file /home/airflow/.local/lib/python3.8/site-packages/airflow/example_dags/example_setup_teardown_taskflow.py for tasks to queue
[2024-01-29T13:07:24.675+0000] {logging_mixin.py:188} INFO - [2024-01-29T13:07:24.675+0000] {dagbag.py:538} INFO - Filling up the DagBag from /home/airflow/.local/lib/python3.8/site-packages/airflow/example_dags/example_setup_teardown_taskflow.py
[2024-01-29T13:07:24.684+0000] {processor.py:840} INFO - DAG(s) 'example_setup_teardown_taskflow' retrieved from /home/airflow/.local/lib/python3.8/site-packages/airflow/example_dags/example_setup_teardown_taskflow.py
[2024-01-29T13:07:24.705+0000] {logging_mixin.py:188} INFO - [2024-01-29T13:07:24.705+0000] {dag.py:3036} INFO - Sync 1 DAGs
[2024-01-29T13:07:24.726+0000] {logging_mixin.py:188} INFO - [2024-01-29T13:07:24.725+0000] {dag.py:3823} INFO - Setting next_dagrun for example_setup_teardown_taskflow to 2024-01-28 00:00:00+00:00, run_after=2024-01-29 00:00:00+00:00
[2024-01-29T13:07:24.742+0000] {processor.py:183} INFO - Processing /home/airflow/.local/lib/python3.8/site-packages/airflow/example_dags/example_setup_teardown_taskflow.py took 0.072 seconds
[2024-01-29T13:07:55.433+0000] {processor.py:161} INFO - Started process (PID=1886) to work on /home/airflow/.local/lib/python3.8/site-packages/airflow/example_dags/example_setup_teardown_taskflow.py
[2024-01-29T13:07:55.434+0000] {processor.py:830} INFO - Processing file /home/airflow/.local/lib/python3.8/site-packages/airflow/example_dags/example_setup_teardown_taskflow.py for tasks to queue
[2024-01-29T13:07:55.435+0000] {logging_mixin.py:188} INFO - [2024-01-29T13:07:55.435+0000] {dagbag.py:538} INFO - Filling up the DagBag from /home/airflow/.local/lib/python3.8/site-packages/airflow/example_dags/example_setup_teardown_taskflow.py
[2024-01-29T13:07:55.444+0000] {processor.py:840} INFO - DAG(s) 'example_setup_teardown_taskflow' retrieved from /home/airflow/.local/lib/python3.8/site-packages/airflow/example_dags/example_setup_teardown_taskflow.py
[2024-01-29T13:07:55.465+0000] {logging_mixin.py:188} INFO - [2024-01-29T13:07:55.465+0000] {dag.py:3036} INFO - Sync 1 DAGs
[2024-01-29T13:07:55.486+0000] {logging_mixin.py:188} INFO - [2024-01-29T13:07:55.485+0000] {dag.py:3823} INFO - Setting next_dagrun for example_setup_teardown_taskflow to 2024-01-28 00:00:00+00:00, run_after=2024-01-29 00:00:00+00:00
[2024-01-29T13:07:55.504+0000] {processor.py:183} INFO - Processing /home/airflow/.local/lib/python3.8/site-packages/airflow/example_dags/example_setup_teardown_taskflow.py took 0.074 seconds
[2024-01-29T13:08:26.155+0000] {processor.py:161} INFO - Started process (PID=1942) to work on /home/airflow/.local/lib/python3.8/site-packages/airflow/example_dags/example_setup_teardown_taskflow.py
[2024-01-29T13:08:26.156+0000] {processor.py:830} INFO - Processing file /home/airflow/.local/lib/python3.8/site-packages/airflow/example_dags/example_setup_teardown_taskflow.py for tasks to queue
[2024-01-29T13:08:26.158+0000] {logging_mixin.py:188} INFO - [2024-01-29T13:08:26.157+0000] {dagbag.py:538} INFO - Filling up the DagBag from /home/airflow/.local/lib/python3.8/site-packages/airflow/example_dags/example_setup_teardown_taskflow.py
[2024-01-29T13:08:26.167+0000] {processor.py:840} INFO - DAG(s) 'example_setup_teardown_taskflow' retrieved from /home/airflow/.local/lib/python3.8/site-packages/airflow/example_dags/example_setup_teardown_taskflow.py
[2024-01-29T13:08:26.188+0000] {logging_mixin.py:188} INFO - [2024-01-29T13:08:26.188+0000] {dag.py:3036} INFO - Sync 1 DAGs
[2024-01-29T13:08:26.209+0000] {logging_mixin.py:188} INFO - [2024-01-29T13:08:26.208+0000] {dag.py:3823} INFO - Setting next_dagrun for example_setup_teardown_taskflow to 2024-01-28 00:00:00+00:00, run_after=2024-01-29 00:00:00+00:00
[2024-01-29T13:08:26.227+0000] {processor.py:183} INFO - Processing /home/airflow/.local/lib/python3.8/site-packages/airflow/example_dags/example_setup_teardown_taskflow.py took 0.075 seconds
[2024-01-29T13:08:56.286+0000] {processor.py:161} INFO - Started process (PID=1998) to work on /home/airflow/.local/lib/python3.8/site-packages/airflow/example_dags/example_setup_teardown_taskflow.py
[2024-01-29T13:08:56.287+0000] {processor.py:830} INFO - Processing file /home/airflow/.local/lib/python3.8/site-packages/airflow/example_dags/example_setup_teardown_taskflow.py for tasks to queue
[2024-01-29T13:08:56.288+0000] {logging_mixin.py:188} INFO - [2024-01-29T13:08:56.288+0000] {dagbag.py:538} INFO - Filling up the DagBag from /home/airflow/.local/lib/python3.8/site-packages/airflow/example_dags/example_setup_teardown_taskflow.py
[2024-01-29T13:08:56.297+0000] {processor.py:840} INFO - DAG(s) 'example_setup_teardown_taskflow' retrieved from /home/airflow/.local/lib/python3.8/site-packages/airflow/example_dags/example_setup_teardown_taskflow.py
[2024-01-29T13:08:56.318+0000] {logging_mixin.py:188} INFO - [2024-01-29T13:08:56.318+0000] {dag.py:3036} INFO - Sync 1 DAGs
[2024-01-29T13:08:56.339+0000] {logging_mixin.py:188} INFO - [2024-01-29T13:08:56.338+0000] {dag.py:3823} INFO - Setting next_dagrun for example_setup_teardown_taskflow to 2024-01-28 00:00:00+00:00, run_after=2024-01-29 00:00:00+00:00
[2024-01-29T13:08:56.356+0000] {processor.py:183} INFO - Processing /home/airflow/.local/lib/python3.8/site-packages/airflow/example_dags/example_setup_teardown_taskflow.py took 0.074 seconds
[2024-01-29T13:09:27.165+0000] {processor.py:161} INFO - Started process (PID=2054) to work on /home/airflow/.local/lib/python3.8/site-packages/airflow/example_dags/example_setup_teardown_taskflow.py
[2024-01-29T13:09:27.166+0000] {processor.py:830} INFO - Processing file /home/airflow/.local/lib/python3.8/site-packages/airflow/example_dags/example_setup_teardown_taskflow.py for tasks to queue
[2024-01-29T13:09:27.167+0000] {logging_mixin.py:188} INFO - [2024-01-29T13:09:27.167+0000] {dagbag.py:538} INFO - Filling up the DagBag from /home/airflow/.local/lib/python3.8/site-packages/airflow/example_dags/example_setup_teardown_taskflow.py
[2024-01-29T13:09:27.176+0000] {processor.py:840} INFO - DAG(s) 'example_setup_teardown_taskflow' retrieved from /home/airflow/.local/lib/python3.8/site-packages/airflow/example_dags/example_setup_teardown_taskflow.py
[2024-01-29T13:09:27.196+0000] {logging_mixin.py:188} INFO - [2024-01-29T13:09:27.196+0000] {dag.py:3036} INFO - Sync 1 DAGs
[2024-01-29T13:09:27.217+0000] {logging_mixin.py:188} INFO - [2024-01-29T13:09:27.217+0000] {dag.py:3823} INFO - Setting next_dagrun for example_setup_teardown_taskflow to 2024-01-28 00:00:00+00:00, run_after=2024-01-29 00:00:00+00:00
[2024-01-29T13:09:27.234+0000] {processor.py:183} INFO - Processing /home/airflow/.local/lib/python3.8/site-packages/airflow/example_dags/example_setup_teardown_taskflow.py took 0.072 seconds
[2024-01-29T13:09:58.123+0000] {processor.py:161} INFO - Started process (PID=2110) to work on /home/airflow/.local/lib/python3.8/site-packages/airflow/example_dags/example_setup_teardown_taskflow.py
[2024-01-29T13:09:58.124+0000] {processor.py:830} INFO - Processing file /home/airflow/.local/lib/python3.8/site-packages/airflow/example_dags/example_setup_teardown_taskflow.py for tasks to queue
[2024-01-29T13:09:58.126+0000] {logging_mixin.py:188} INFO - [2024-01-29T13:09:58.126+0000] {dagbag.py:538} INFO - Filling up the DagBag from /home/airflow/.local/lib/python3.8/site-packages/airflow/example_dags/example_setup_teardown_taskflow.py
[2024-01-29T13:09:58.135+0000] {processor.py:840} INFO - DAG(s) 'example_setup_teardown_taskflow' retrieved from /home/airflow/.local/lib/python3.8/site-packages/airflow/example_dags/example_setup_teardown_taskflow.py
[2024-01-29T13:09:58.156+0000] {logging_mixin.py:188} INFO - [2024-01-29T13:09:58.156+0000] {dag.py:3036} INFO - Sync 1 DAGs
[2024-01-29T13:09:58.181+0000] {logging_mixin.py:188} INFO - [2024-01-29T13:09:58.180+0000] {dag.py:3823} INFO - Setting next_dagrun for example_setup_teardown_taskflow to 2024-01-28 00:00:00+00:00, run_after=2024-01-29 00:00:00+00:00
[2024-01-29T13:09:58.204+0000] {processor.py:183} INFO - Processing /home/airflow/.local/lib/python3.8/site-packages/airflow/example_dags/example_setup_teardown_taskflow.py took 0.084 seconds
[2024-01-29T13:10:28.951+0000] {processor.py:161} INFO - Started process (PID=2166) to work on /home/airflow/.local/lib/python3.8/site-packages/airflow/example_dags/example_setup_teardown_taskflow.py
[2024-01-29T13:10:28.952+0000] {processor.py:830} INFO - Processing file /home/airflow/.local/lib/python3.8/site-packages/airflow/example_dags/example_setup_teardown_taskflow.py for tasks to queue
[2024-01-29T13:10:28.953+0000] {logging_mixin.py:188} INFO - [2024-01-29T13:10:28.953+0000] {dagbag.py:538} INFO - Filling up the DagBag from /home/airflow/.local/lib/python3.8/site-packages/airflow/example_dags/example_setup_teardown_taskflow.py
[2024-01-29T13:10:28.964+0000] {processor.py:840} INFO - DAG(s) 'example_setup_teardown_taskflow' retrieved from /home/airflow/.local/lib/python3.8/site-packages/airflow/example_dags/example_setup_teardown_taskflow.py
[2024-01-29T13:10:28.985+0000] {logging_mixin.py:188} INFO - [2024-01-29T13:10:28.984+0000] {dag.py:3036} INFO - Sync 1 DAGs
[2024-01-29T13:10:29.014+0000] {logging_mixin.py:188} INFO - [2024-01-29T13:10:29.014+0000] {dag.py:3823} INFO - Setting next_dagrun for example_setup_teardown_taskflow to 2024-01-28 00:00:00+00:00, run_after=2024-01-29 00:00:00+00:00
[2024-01-29T13:10:29.034+0000] {processor.py:183} INFO - Processing /home/airflow/.local/lib/python3.8/site-packages/airflow/example_dags/example_setup_teardown_taskflow.py took 0.086 seconds
[2024-01-29T13:10:59.806+0000] {processor.py:161} INFO - Started process (PID=2222) to work on /home/airflow/.local/lib/python3.8/site-packages/airflow/example_dags/example_setup_teardown_taskflow.py
[2024-01-29T13:10:59.807+0000] {processor.py:830} INFO - Processing file /home/airflow/.local/lib/python3.8/site-packages/airflow/example_dags/example_setup_teardown_taskflow.py for tasks to queue
[2024-01-29T13:10:59.809+0000] {logging_mixin.py:188} INFO - [2024-01-29T13:10:59.808+0000] {dagbag.py:538} INFO - Filling up the DagBag from /home/airflow/.local/lib/python3.8/site-packages/airflow/example_dags/example_setup_teardown_taskflow.py
[2024-01-29T13:10:59.818+0000] {processor.py:840} INFO - DAG(s) 'example_setup_teardown_taskflow' retrieved from /home/airflow/.local/lib/python3.8/site-packages/airflow/example_dags/example_setup_teardown_taskflow.py
[2024-01-29T13:10:59.840+0000] {logging_mixin.py:188} INFO - [2024-01-29T13:10:59.840+0000] {dag.py:3036} INFO - Sync 1 DAGs
[2024-01-29T13:10:59.862+0000] {logging_mixin.py:188} INFO - [2024-01-29T13:10:59.861+0000] {dag.py:3823} INFO - Setting next_dagrun for example_setup_teardown_taskflow to 2024-01-28 00:00:00+00:00, run_after=2024-01-29 00:00:00+00:00
[2024-01-29T13:10:59.880+0000] {processor.py:183} INFO - Processing /home/airflow/.local/lib/python3.8/site-packages/airflow/example_dags/example_setup_teardown_taskflow.py took 0.078 seconds
[2024-01-29T13:11:29.949+0000] {processor.py:161} INFO - Started process (PID=2278) to work on /home/airflow/.local/lib/python3.8/site-packages/airflow/example_dags/example_setup_teardown_taskflow.py
[2024-01-29T13:11:29.950+0000] {processor.py:830} INFO - Processing file /home/airflow/.local/lib/python3.8/site-packages/airflow/example_dags/example_setup_teardown_taskflow.py for tasks to queue
[2024-01-29T13:11:29.952+0000] {logging_mixin.py:188} INFO - [2024-01-29T13:11:29.952+0000] {dagbag.py:538} INFO - Filling up the DagBag from /home/airflow/.local/lib/python3.8/site-packages/airflow/example_dags/example_setup_teardown_taskflow.py
[2024-01-29T13:11:29.961+0000] {processor.py:840} INFO - DAG(s) 'example_setup_teardown_taskflow' retrieved from /home/airflow/.local/lib/python3.8/site-packages/airflow/example_dags/example_setup_teardown_taskflow.py
[2024-01-29T13:11:29.982+0000] {logging_mixin.py:188} INFO - [2024-01-29T13:11:29.982+0000] {dag.py:3036} INFO - Sync 1 DAGs
[2024-01-29T13:11:30.002+0000] {logging_mixin.py:188} INFO - [2024-01-29T13:11:30.002+0000] {dag.py:3823} INFO - Setting next_dagrun for example_setup_teardown_taskflow to 2024-01-28 00:00:00+00:00, run_after=2024-01-29 00:00:00+00:00
[2024-01-29T13:11:30.020+0000] {processor.py:183} INFO - Processing /home/airflow/.local/lib/python3.8/site-packages/airflow/example_dags/example_setup_teardown_taskflow.py took 0.074 seconds
[2024-01-29T13:12:00.071+0000] {processor.py:161} INFO - Started process (PID=2334) to work on /home/airflow/.local/lib/python3.8/site-packages/airflow/example_dags/example_setup_teardown_taskflow.py
[2024-01-29T13:12:00.072+0000] {processor.py:830} INFO - Processing file /home/airflow/.local/lib/python3.8/site-packages/airflow/example_dags/example_setup_teardown_taskflow.py for tasks to queue
[2024-01-29T13:12:00.074+0000] {logging_mixin.py:188} INFO - [2024-01-29T13:12:00.074+0000] {dagbag.py:538} INFO - Filling up the DagBag from /home/airflow/.local/lib/python3.8/site-packages/airflow/example_dags/example_setup_teardown_taskflow.py
[2024-01-29T13:12:00.084+0000] {processor.py:840} INFO - DAG(s) 'example_setup_teardown_taskflow' retrieved from /home/airflow/.local/lib/python3.8/site-packages/airflow/example_dags/example_setup_teardown_taskflow.py
[2024-01-29T13:12:00.109+0000] {logging_mixin.py:188} INFO - [2024-01-29T13:12:00.109+0000] {dag.py:3036} INFO - Sync 1 DAGs
[2024-01-29T13:12:00.133+0000] {logging_mixin.py:188} INFO - [2024-01-29T13:12:00.132+0000] {dag.py:3823} INFO - Setting next_dagrun for example_setup_teardown_taskflow to 2024-01-28 00:00:00+00:00, run_after=2024-01-29 00:00:00+00:00
[2024-01-29T13:12:00.151+0000] {processor.py:183} INFO - Processing /home/airflow/.local/lib/python3.8/site-packages/airflow/example_dags/example_setup_teardown_taskflow.py took 0.083 seconds
[2024-01-29T13:17:23.636+0000] {processor.py:161} INFO - Started process (PID=2387) to work on /home/airflow/.local/lib/python3.8/site-packages/airflow/example_dags/example_setup_teardown_taskflow.py
[2024-01-29T13:17:23.636+0000] {processor.py:830} INFO - Processing file /home/airflow/.local/lib/python3.8/site-packages/airflow/example_dags/example_setup_teardown_taskflow.py for tasks to queue
[2024-01-29T13:17:23.638+0000] {logging_mixin.py:188} INFO - [2024-01-29T13:17:23.638+0000] {dagbag.py:538} INFO - Filling up the DagBag from /home/airflow/.local/lib/python3.8/site-packages/airflow/example_dags/example_setup_teardown_taskflow.py
[2024-01-29T13:17:23.650+0000] {processor.py:840} INFO - DAG(s) 'example_setup_teardown_taskflow' retrieved from /home/airflow/.local/lib/python3.8/site-packages/airflow/example_dags/example_setup_teardown_taskflow.py
[2024-01-29T13:17:23.676+0000] {logging_mixin.py:188} INFO - [2024-01-29T13:17:23.676+0000] {dag.py:3036} INFO - Sync 1 DAGs
[2024-01-29T13:17:23.699+0000] {logging_mixin.py:188} INFO - [2024-01-29T13:17:23.698+0000] {dag.py:3823} INFO - Setting next_dagrun for example_setup_teardown_taskflow to 2024-01-28 00:00:00+00:00, run_after=2024-01-29 00:00:00+00:00
[2024-01-29T13:17:23.718+0000] {processor.py:183} INFO - Processing /home/airflow/.local/lib/python3.8/site-packages/airflow/example_dags/example_setup_teardown_taskflow.py took 0.086 seconds
[2024-01-29T13:17:53.907+0000] {processor.py:161} INFO - Started process (PID=2443) to work on /home/airflow/.local/lib/python3.8/site-packages/airflow/example_dags/example_setup_teardown_taskflow.py
[2024-01-29T13:17:53.908+0000] {processor.py:830} INFO - Processing file /home/airflow/.local/lib/python3.8/site-packages/airflow/example_dags/example_setup_teardown_taskflow.py for tasks to queue
[2024-01-29T13:17:53.909+0000] {logging_mixin.py:188} INFO - [2024-01-29T13:17:53.909+0000] {dagbag.py:538} INFO - Filling up the DagBag from /home/airflow/.local/lib/python3.8/site-packages/airflow/example_dags/example_setup_teardown_taskflow.py
[2024-01-29T13:17:53.919+0000] {processor.py:840} INFO - DAG(s) 'example_setup_teardown_taskflow' retrieved from /home/airflow/.local/lib/python3.8/site-packages/airflow/example_dags/example_setup_teardown_taskflow.py
[2024-01-29T13:17:53.940+0000] {logging_mixin.py:188} INFO - [2024-01-29T13:17:53.940+0000] {dag.py:3036} INFO - Sync 1 DAGs
[2024-01-29T13:17:53.961+0000] {logging_mixin.py:188} INFO - [2024-01-29T13:17:53.961+0000] {dag.py:3823} INFO - Setting next_dagrun for example_setup_teardown_taskflow to 2024-01-28 00:00:00+00:00, run_after=2024-01-29 00:00:00+00:00
[2024-01-29T13:17:54.101+0000] {processor.py:183} INFO - Processing /home/airflow/.local/lib/python3.8/site-packages/airflow/example_dags/example_setup_teardown_taskflow.py took 0.198 seconds
[2024-01-29T13:18:24.794+0000] {processor.py:161} INFO - Started process (PID=2499) to work on /home/airflow/.local/lib/python3.8/site-packages/airflow/example_dags/example_setup_teardown_taskflow.py
[2024-01-29T13:18:24.795+0000] {processor.py:830} INFO - Processing file /home/airflow/.local/lib/python3.8/site-packages/airflow/example_dags/example_setup_teardown_taskflow.py for tasks to queue
[2024-01-29T13:18:24.797+0000] {logging_mixin.py:188} INFO - [2024-01-29T13:18:24.797+0000] {dagbag.py:538} INFO - Filling up the DagBag from /home/airflow/.local/lib/python3.8/site-packages/airflow/example_dags/example_setup_teardown_taskflow.py
[2024-01-29T13:18:24.809+0000] {processor.py:840} INFO - DAG(s) 'example_setup_teardown_taskflow' retrieved from /home/airflow/.local/lib/python3.8/site-packages/airflow/example_dags/example_setup_teardown_taskflow.py
[2024-01-29T13:18:24.831+0000] {logging_mixin.py:188} INFO - [2024-01-29T13:18:24.830+0000] {dag.py:3036} INFO - Sync 1 DAGs
[2024-01-29T13:18:24.853+0000] {logging_mixin.py:188} INFO - [2024-01-29T13:18:24.852+0000] {dag.py:3823} INFO - Setting next_dagrun for example_setup_teardown_taskflow to 2024-01-28 00:00:00+00:00, run_after=2024-01-29 00:00:00+00:00
[2024-01-29T13:18:24.870+0000] {processor.py:183} INFO - Processing /home/airflow/.local/lib/python3.8/site-packages/airflow/example_dags/example_setup_teardown_taskflow.py took 0.080 seconds
