[2024-01-29T12:41:08.897+0000] {processor.py:161} INFO - Started process (PID=60) to work on /home/airflow/.local/lib/python3.8/site-packages/airflow/example_dags/example_short_circuit_decorator.py
[2024-01-29T12:41:08.898+0000] {processor.py:830} INFO - Processing file /home/airflow/.local/lib/python3.8/site-packages/airflow/example_dags/example_short_circuit_decorator.py for tasks to queue
[2024-01-29T12:41:08.899+0000] {logging_mixin.py:188} INFO - [2024-01-29T12:41:08.899+0000] {dagbag.py:538} INFO - Filling up the DagBag from /home/airflow/.local/lib/python3.8/site-packages/airflow/example_dags/example_short_circuit_decorator.py
[2024-01-29T12:41:08.910+0000] {processor.py:840} INFO - DAG(s) 'example_short_circuit_decorator' retrieved from /home/airflow/.local/lib/python3.8/site-packages/airflow/example_dags/example_short_circuit_decorator.py
[2024-01-29T12:41:09.024+0000] {logging_mixin.py:188} INFO - [2024-01-29T12:41:09.024+0000] {override.py:1769} INFO - Created Permission View: can read on DAG:example_short_circuit_decorator
[2024-01-29T12:41:09.035+0000] {logging_mixin.py:188} INFO - [2024-01-29T12:41:09.034+0000] {override.py:1769} INFO - Created Permission View: can edit on DAG:example_short_circuit_decorator
[2024-01-29T12:41:09.041+0000] {logging_mixin.py:188} INFO - [2024-01-29T12:41:09.041+0000] {override.py:1769} INFO - Created Permission View: can delete on DAG:example_short_circuit_decorator
[2024-01-29T12:41:09.042+0000] {logging_mixin.py:188} INFO - [2024-01-29T12:41:09.042+0000] {dag.py:3036} INFO - Sync 1 DAGs
[2024-01-29T12:41:09.052+0000] {logging_mixin.py:188} INFO - [2024-01-29T12:41:09.052+0000] {dag.py:3058} INFO - Creating ORM DAG for example_short_circuit_decorator
[2024-01-29T12:41:09.063+0000] {logging_mixin.py:188} INFO - [2024-01-29T12:41:09.063+0000] {dag.py:3823} INFO - Setting next_dagrun for example_short_circuit_decorator to 2024-01-28 00:00:00+00:00, run_after=2024-01-29 00:00:00+00:00
[2024-01-29T12:41:09.081+0000] {processor.py:183} INFO - Processing /home/airflow/.local/lib/python3.8/site-packages/airflow/example_dags/example_short_circuit_decorator.py took 0.188 seconds
[2024-01-29T12:41:39.118+0000] {processor.py:161} INFO - Started process (PID=115) to work on /home/airflow/.local/lib/python3.8/site-packages/airflow/example_dags/example_short_circuit_decorator.py
[2024-01-29T12:41:39.119+0000] {processor.py:830} INFO - Processing file /home/airflow/.local/lib/python3.8/site-packages/airflow/example_dags/example_short_circuit_decorator.py for tasks to queue
[2024-01-29T12:41:39.121+0000] {logging_mixin.py:188} INFO - [2024-01-29T12:41:39.121+0000] {dagbag.py:538} INFO - Filling up the DagBag from /home/airflow/.local/lib/python3.8/site-packages/airflow/example_dags/example_short_circuit_decorator.py
[2024-01-29T12:41:39.134+0000] {processor.py:840} INFO - DAG(s) 'example_short_circuit_decorator' retrieved from /home/airflow/.local/lib/python3.8/site-packages/airflow/example_dags/example_short_circuit_decorator.py
[2024-01-29T12:41:39.160+0000] {logging_mixin.py:188} INFO - [2024-01-29T12:41:39.160+0000] {dag.py:3036} INFO - Sync 1 DAGs
[2024-01-29T12:41:39.187+0000] {logging_mixin.py:188} INFO - [2024-01-29T12:41:39.187+0000] {dag.py:3823} INFO - Setting next_dagrun for example_short_circuit_decorator to 2024-01-28 00:00:00+00:00, run_after=2024-01-29 00:00:00+00:00
[2024-01-29T12:41:39.209+0000] {processor.py:183} INFO - Processing /home/airflow/.local/lib/python3.8/site-packages/airflow/example_dags/example_short_circuit_decorator.py took 0.094 seconds
[2024-01-29T12:51:15.355+0000] {processor.py:161} INFO - Started process (PID=61) to work on /home/airflow/.local/lib/python3.8/site-packages/airflow/example_dags/example_short_circuit_decorator.py
[2024-01-29T12:51:15.357+0000] {processor.py:830} INFO - Processing file /home/airflow/.local/lib/python3.8/site-packages/airflow/example_dags/example_short_circuit_decorator.py for tasks to queue
[2024-01-29T12:51:15.359+0000] {logging_mixin.py:188} INFO - [2024-01-29T12:51:15.358+0000] {dagbag.py:538} INFO - Filling up the DagBag from /home/airflow/.local/lib/python3.8/site-packages/airflow/example_dags/example_short_circuit_decorator.py
[2024-01-29T12:51:15.369+0000] {processor.py:840} INFO - DAG(s) 'example_short_circuit_decorator' retrieved from /home/airflow/.local/lib/python3.8/site-packages/airflow/example_dags/example_short_circuit_decorator.py
[2024-01-29T12:51:15.383+0000] {logging_mixin.py:188} INFO - [2024-01-29T12:51:15.382+0000] {dag.py:3036} INFO - Sync 1 DAGs
[2024-01-29T12:51:15.436+0000] {logging_mixin.py:188} INFO - [2024-01-29T12:51:15.435+0000] {dag.py:3823} INFO - Setting next_dagrun for example_short_circuit_decorator to 2024-01-28 00:00:00+00:00, run_after=2024-01-29 00:00:00+00:00
[2024-01-29T12:51:15.478+0000] {processor.py:183} INFO - Processing /home/airflow/.local/lib/python3.8/site-packages/airflow/example_dags/example_short_circuit_decorator.py took 0.128 seconds
[2024-01-29T12:51:46.882+0000] {processor.py:161} INFO - Started process (PID=117) to work on /home/airflow/.local/lib/python3.8/site-packages/airflow/example_dags/example_short_circuit_decorator.py
[2024-01-29T12:51:46.883+0000] {processor.py:830} INFO - Processing file /home/airflow/.local/lib/python3.8/site-packages/airflow/example_dags/example_short_circuit_decorator.py for tasks to queue
[2024-01-29T12:51:46.885+0000] {logging_mixin.py:188} INFO - [2024-01-29T12:51:46.884+0000] {dagbag.py:538} INFO - Filling up the DagBag from /home/airflow/.local/lib/python3.8/site-packages/airflow/example_dags/example_short_circuit_decorator.py
[2024-01-29T12:51:46.894+0000] {processor.py:840} INFO - DAG(s) 'example_short_circuit_decorator' retrieved from /home/airflow/.local/lib/python3.8/site-packages/airflow/example_dags/example_short_circuit_decorator.py
[2024-01-29T12:51:47.026+0000] {logging_mixin.py:188} INFO - [2024-01-29T12:51:47.026+0000] {dag.py:3036} INFO - Sync 1 DAGs
[2024-01-29T12:51:47.049+0000] {logging_mixin.py:188} INFO - [2024-01-29T12:51:47.049+0000] {dag.py:3823} INFO - Setting next_dagrun for example_short_circuit_decorator to 2024-01-28 00:00:00+00:00, run_after=2024-01-29 00:00:00+00:00
[2024-01-29T12:51:47.069+0000] {processor.py:183} INFO - Processing /home/airflow/.local/lib/python3.8/site-packages/airflow/example_dags/example_short_circuit_decorator.py took 0.190 seconds
[2024-01-29T12:52:17.717+0000] {processor.py:161} INFO - Started process (PID=173) to work on /home/airflow/.local/lib/python3.8/site-packages/airflow/example_dags/example_short_circuit_decorator.py
[2024-01-29T12:52:17.717+0000] {processor.py:830} INFO - Processing file /home/airflow/.local/lib/python3.8/site-packages/airflow/example_dags/example_short_circuit_decorator.py for tasks to queue
[2024-01-29T12:52:17.719+0000] {logging_mixin.py:188} INFO - [2024-01-29T12:52:17.719+0000] {dagbag.py:538} INFO - Filling up the DagBag from /home/airflow/.local/lib/python3.8/site-packages/airflow/example_dags/example_short_circuit_decorator.py
[2024-01-29T12:52:17.727+0000] {processor.py:840} INFO - DAG(s) 'example_short_circuit_decorator' retrieved from /home/airflow/.local/lib/python3.8/site-packages/airflow/example_dags/example_short_circuit_decorator.py
[2024-01-29T12:52:17.750+0000] {logging_mixin.py:188} INFO - [2024-01-29T12:52:17.750+0000] {dag.py:3036} INFO - Sync 1 DAGs
[2024-01-29T12:52:17.771+0000] {logging_mixin.py:188} INFO - [2024-01-29T12:52:17.771+0000] {dag.py:3823} INFO - Setting next_dagrun for example_short_circuit_decorator to 2024-01-28 00:00:00+00:00, run_after=2024-01-29 00:00:00+00:00
[2024-01-29T12:52:17.789+0000] {processor.py:183} INFO - Processing /home/airflow/.local/lib/python3.8/site-packages/airflow/example_dags/example_short_circuit_decorator.py took 0.076 seconds
[2024-01-29T12:52:48.709+0000] {processor.py:161} INFO - Started process (PID=229) to work on /home/airflow/.local/lib/python3.8/site-packages/airflow/example_dags/example_short_circuit_decorator.py
[2024-01-29T12:52:48.710+0000] {processor.py:830} INFO - Processing file /home/airflow/.local/lib/python3.8/site-packages/airflow/example_dags/example_short_circuit_decorator.py for tasks to queue
[2024-01-29T12:52:48.712+0000] {logging_mixin.py:188} INFO - [2024-01-29T12:52:48.711+0000] {dagbag.py:538} INFO - Filling up the DagBag from /home/airflow/.local/lib/python3.8/site-packages/airflow/example_dags/example_short_circuit_decorator.py
[2024-01-29T12:52:48.720+0000] {processor.py:840} INFO - DAG(s) 'example_short_circuit_decorator' retrieved from /home/airflow/.local/lib/python3.8/site-packages/airflow/example_dags/example_short_circuit_decorator.py
[2024-01-29T12:52:48.742+0000] {logging_mixin.py:188} INFO - [2024-01-29T12:52:48.742+0000] {dag.py:3036} INFO - Sync 1 DAGs
[2024-01-29T12:52:48.764+0000] {logging_mixin.py:188} INFO - [2024-01-29T12:52:48.764+0000] {dag.py:3823} INFO - Setting next_dagrun for example_short_circuit_decorator to 2024-01-28 00:00:00+00:00, run_after=2024-01-29 00:00:00+00:00
[2024-01-29T12:52:48.783+0000] {processor.py:183} INFO - Processing /home/airflow/.local/lib/python3.8/site-packages/airflow/example_dags/example_short_circuit_decorator.py took 0.076 seconds
[2024-01-29T12:53:18.874+0000] {processor.py:161} INFO - Started process (PID=285) to work on /home/airflow/.local/lib/python3.8/site-packages/airflow/example_dags/example_short_circuit_decorator.py
[2024-01-29T12:53:18.875+0000] {processor.py:830} INFO - Processing file /home/airflow/.local/lib/python3.8/site-packages/airflow/example_dags/example_short_circuit_decorator.py for tasks to queue
[2024-01-29T12:53:18.876+0000] {logging_mixin.py:188} INFO - [2024-01-29T12:53:18.876+0000] {dagbag.py:538} INFO - Filling up the DagBag from /home/airflow/.local/lib/python3.8/site-packages/airflow/example_dags/example_short_circuit_decorator.py
[2024-01-29T12:53:18.888+0000] {processor.py:840} INFO - DAG(s) 'example_short_circuit_decorator' retrieved from /home/airflow/.local/lib/python3.8/site-packages/airflow/example_dags/example_short_circuit_decorator.py
[2024-01-29T12:53:18.911+0000] {logging_mixin.py:188} INFO - [2024-01-29T12:53:18.911+0000] {dag.py:3036} INFO - Sync 1 DAGs
[2024-01-29T12:53:18.932+0000] {logging_mixin.py:188} INFO - [2024-01-29T12:53:18.931+0000] {dag.py:3823} INFO - Setting next_dagrun for example_short_circuit_decorator to 2024-01-28 00:00:00+00:00, run_after=2024-01-29 00:00:00+00:00
[2024-01-29T12:53:18.950+0000] {processor.py:183} INFO - Processing /home/airflow/.local/lib/python3.8/site-packages/airflow/example_dags/example_short_circuit_decorator.py took 0.079 seconds
[2024-01-29T12:53:49.052+0000] {processor.py:161} INFO - Started process (PID=341) to work on /home/airflow/.local/lib/python3.8/site-packages/airflow/example_dags/example_short_circuit_decorator.py
[2024-01-29T12:53:49.053+0000] {processor.py:830} INFO - Processing file /home/airflow/.local/lib/python3.8/site-packages/airflow/example_dags/example_short_circuit_decorator.py for tasks to queue
[2024-01-29T12:53:49.055+0000] {logging_mixin.py:188} INFO - [2024-01-29T12:53:49.054+0000] {dagbag.py:538} INFO - Filling up the DagBag from /home/airflow/.local/lib/python3.8/site-packages/airflow/example_dags/example_short_circuit_decorator.py
[2024-01-29T12:53:49.063+0000] {processor.py:840} INFO - DAG(s) 'example_short_circuit_decorator' retrieved from /home/airflow/.local/lib/python3.8/site-packages/airflow/example_dags/example_short_circuit_decorator.py
[2024-01-29T12:53:49.085+0000] {logging_mixin.py:188} INFO - [2024-01-29T12:53:49.085+0000] {dag.py:3036} INFO - Sync 1 DAGs
[2024-01-29T12:53:49.116+0000] {logging_mixin.py:188} INFO - [2024-01-29T12:53:49.116+0000] {dag.py:3823} INFO - Setting next_dagrun for example_short_circuit_decorator to 2024-01-28 00:00:00+00:00, run_after=2024-01-29 00:00:00+00:00
[2024-01-29T12:53:49.135+0000] {processor.py:183} INFO - Processing /home/airflow/.local/lib/python3.8/site-packages/airflow/example_dags/example_short_circuit_decorator.py took 0.086 seconds
[2024-01-29T12:54:19.352+0000] {processor.py:161} INFO - Started process (PID=397) to work on /home/airflow/.local/lib/python3.8/site-packages/airflow/example_dags/example_short_circuit_decorator.py
[2024-01-29T12:54:19.352+0000] {processor.py:830} INFO - Processing file /home/airflow/.local/lib/python3.8/site-packages/airflow/example_dags/example_short_circuit_decorator.py for tasks to queue
[2024-01-29T12:54:19.354+0000] {logging_mixin.py:188} INFO - [2024-01-29T12:54:19.354+0000] {dagbag.py:538} INFO - Filling up the DagBag from /home/airflow/.local/lib/python3.8/site-packages/airflow/example_dags/example_short_circuit_decorator.py
[2024-01-29T12:54:19.363+0000] {processor.py:840} INFO - DAG(s) 'example_short_circuit_decorator' retrieved from /home/airflow/.local/lib/python3.8/site-packages/airflow/example_dags/example_short_circuit_decorator.py
[2024-01-29T12:54:19.385+0000] {logging_mixin.py:188} INFO - [2024-01-29T12:54:19.384+0000] {dag.py:3036} INFO - Sync 1 DAGs
[2024-01-29T12:54:19.409+0000] {logging_mixin.py:188} INFO - [2024-01-29T12:54:19.409+0000] {dag.py:3823} INFO - Setting next_dagrun for example_short_circuit_decorator to 2024-01-28 00:00:00+00:00, run_after=2024-01-29 00:00:00+00:00
[2024-01-29T12:54:19.427+0000] {processor.py:183} INFO - Processing /home/airflow/.local/lib/python3.8/site-packages/airflow/example_dags/example_short_circuit_decorator.py took 0.079 seconds
[2024-01-29T12:54:49.542+0000] {processor.py:161} INFO - Started process (PID=453) to work on /home/airflow/.local/lib/python3.8/site-packages/airflow/example_dags/example_short_circuit_decorator.py
[2024-01-29T12:54:49.543+0000] {processor.py:830} INFO - Processing file /home/airflow/.local/lib/python3.8/site-packages/airflow/example_dags/example_short_circuit_decorator.py for tasks to queue
[2024-01-29T12:54:49.545+0000] {logging_mixin.py:188} INFO - [2024-01-29T12:54:49.545+0000] {dagbag.py:538} INFO - Filling up the DagBag from /home/airflow/.local/lib/python3.8/site-packages/airflow/example_dags/example_short_circuit_decorator.py
[2024-01-29T12:54:49.553+0000] {processor.py:840} INFO - DAG(s) 'example_short_circuit_decorator' retrieved from /home/airflow/.local/lib/python3.8/site-packages/airflow/example_dags/example_short_circuit_decorator.py
[2024-01-29T12:54:49.575+0000] {logging_mixin.py:188} INFO - [2024-01-29T12:54:49.575+0000] {dag.py:3036} INFO - Sync 1 DAGs
[2024-01-29T12:54:49.595+0000] {logging_mixin.py:188} INFO - [2024-01-29T12:54:49.595+0000] {dag.py:3823} INFO - Setting next_dagrun for example_short_circuit_decorator to 2024-01-28 00:00:00+00:00, run_after=2024-01-29 00:00:00+00:00
[2024-01-29T12:54:49.615+0000] {processor.py:183} INFO - Processing /home/airflow/.local/lib/python3.8/site-packages/airflow/example_dags/example_short_circuit_decorator.py took 0.075 seconds
[2024-01-29T12:55:19.979+0000] {processor.py:161} INFO - Started process (PID=509) to work on /home/airflow/.local/lib/python3.8/site-packages/airflow/example_dags/example_short_circuit_decorator.py
[2024-01-29T12:55:19.980+0000] {processor.py:830} INFO - Processing file /home/airflow/.local/lib/python3.8/site-packages/airflow/example_dags/example_short_circuit_decorator.py for tasks to queue
[2024-01-29T12:55:19.981+0000] {logging_mixin.py:188} INFO - [2024-01-29T12:55:19.981+0000] {dagbag.py:538} INFO - Filling up the DagBag from /home/airflow/.local/lib/python3.8/site-packages/airflow/example_dags/example_short_circuit_decorator.py
[2024-01-29T12:55:19.990+0000] {processor.py:840} INFO - DAG(s) 'example_short_circuit_decorator' retrieved from /home/airflow/.local/lib/python3.8/site-packages/airflow/example_dags/example_short_circuit_decorator.py
[2024-01-29T12:55:20.012+0000] {logging_mixin.py:188} INFO - [2024-01-29T12:55:20.011+0000] {dag.py:3036} INFO - Sync 1 DAGs
[2024-01-29T12:55:20.033+0000] {logging_mixin.py:188} INFO - [2024-01-29T12:55:20.033+0000] {dag.py:3823} INFO - Setting next_dagrun for example_short_circuit_decorator to 2024-01-28 00:00:00+00:00, run_after=2024-01-29 00:00:00+00:00
[2024-01-29T12:55:20.052+0000] {processor.py:183} INFO - Processing /home/airflow/.local/lib/python3.8/site-packages/airflow/example_dags/example_short_circuit_decorator.py took 0.077 seconds
[2024-01-29T12:55:50.269+0000] {processor.py:161} INFO - Started process (PID=565) to work on /home/airflow/.local/lib/python3.8/site-packages/airflow/example_dags/example_short_circuit_decorator.py
[2024-01-29T12:55:50.270+0000] {processor.py:830} INFO - Processing file /home/airflow/.local/lib/python3.8/site-packages/airflow/example_dags/example_short_circuit_decorator.py for tasks to queue
[2024-01-29T12:55:50.271+0000] {logging_mixin.py:188} INFO - [2024-01-29T12:55:50.271+0000] {dagbag.py:538} INFO - Filling up the DagBag from /home/airflow/.local/lib/python3.8/site-packages/airflow/example_dags/example_short_circuit_decorator.py
[2024-01-29T12:55:50.280+0000] {processor.py:840} INFO - DAG(s) 'example_short_circuit_decorator' retrieved from /home/airflow/.local/lib/python3.8/site-packages/airflow/example_dags/example_short_circuit_decorator.py
[2024-01-29T12:55:50.303+0000] {logging_mixin.py:188} INFO - [2024-01-29T12:55:50.302+0000] {dag.py:3036} INFO - Sync 1 DAGs
[2024-01-29T12:55:50.323+0000] {logging_mixin.py:188} INFO - [2024-01-29T12:55:50.323+0000] {dag.py:3823} INFO - Setting next_dagrun for example_short_circuit_decorator to 2024-01-28 00:00:00+00:00, run_after=2024-01-29 00:00:00+00:00
[2024-01-29T12:55:50.343+0000] {processor.py:183} INFO - Processing /home/airflow/.local/lib/python3.8/site-packages/airflow/example_dags/example_short_circuit_decorator.py took 0.077 seconds
[2024-01-29T12:56:20.560+0000] {processor.py:161} INFO - Started process (PID=621) to work on /home/airflow/.local/lib/python3.8/site-packages/airflow/example_dags/example_short_circuit_decorator.py
[2024-01-29T12:56:20.561+0000] {processor.py:830} INFO - Processing file /home/airflow/.local/lib/python3.8/site-packages/airflow/example_dags/example_short_circuit_decorator.py for tasks to queue
[2024-01-29T12:56:20.563+0000] {logging_mixin.py:188} INFO - [2024-01-29T12:56:20.562+0000] {dagbag.py:538} INFO - Filling up the DagBag from /home/airflow/.local/lib/python3.8/site-packages/airflow/example_dags/example_short_circuit_decorator.py
[2024-01-29T12:56:20.572+0000] {processor.py:840} INFO - DAG(s) 'example_short_circuit_decorator' retrieved from /home/airflow/.local/lib/python3.8/site-packages/airflow/example_dags/example_short_circuit_decorator.py
[2024-01-29T12:56:20.603+0000] {logging_mixin.py:188} INFO - [2024-01-29T12:56:20.603+0000] {dag.py:3036} INFO - Sync 1 DAGs
[2024-01-29T12:56:20.634+0000] {logging_mixin.py:188} INFO - [2024-01-29T12:56:20.634+0000] {dag.py:3823} INFO - Setting next_dagrun for example_short_circuit_decorator to 2024-01-28 00:00:00+00:00, run_after=2024-01-29 00:00:00+00:00
[2024-01-29T12:56:20.653+0000] {processor.py:183} INFO - Processing /home/airflow/.local/lib/python3.8/site-packages/airflow/example_dags/example_short_circuit_decorator.py took 0.096 seconds
[2024-01-29T12:56:50.830+0000] {processor.py:161} INFO - Started process (PID=677) to work on /home/airflow/.local/lib/python3.8/site-packages/airflow/example_dags/example_short_circuit_decorator.py
[2024-01-29T12:56:50.830+0000] {processor.py:830} INFO - Processing file /home/airflow/.local/lib/python3.8/site-packages/airflow/example_dags/example_short_circuit_decorator.py for tasks to queue
[2024-01-29T12:56:50.832+0000] {logging_mixin.py:188} INFO - [2024-01-29T12:56:50.832+0000] {dagbag.py:538} INFO - Filling up the DagBag from /home/airflow/.local/lib/python3.8/site-packages/airflow/example_dags/example_short_circuit_decorator.py
[2024-01-29T12:56:50.841+0000] {processor.py:840} INFO - DAG(s) 'example_short_circuit_decorator' retrieved from /home/airflow/.local/lib/python3.8/site-packages/airflow/example_dags/example_short_circuit_decorator.py
[2024-01-29T12:56:50.862+0000] {logging_mixin.py:188} INFO - [2024-01-29T12:56:50.862+0000] {dag.py:3036} INFO - Sync 1 DAGs
[2024-01-29T12:56:50.883+0000] {logging_mixin.py:188} INFO - [2024-01-29T12:56:50.882+0000] {dag.py:3823} INFO - Setting next_dagrun for example_short_circuit_decorator to 2024-01-28 00:00:00+00:00, run_after=2024-01-29 00:00:00+00:00
[2024-01-29T12:56:50.906+0000] {processor.py:183} INFO - Processing /home/airflow/.local/lib/python3.8/site-packages/airflow/example_dags/example_short_circuit_decorator.py took 0.079 seconds
[2024-01-29T12:57:21.003+0000] {processor.py:161} INFO - Started process (PID=733) to work on /home/airflow/.local/lib/python3.8/site-packages/airflow/example_dags/example_short_circuit_decorator.py
[2024-01-29T12:57:21.004+0000] {processor.py:830} INFO - Processing file /home/airflow/.local/lib/python3.8/site-packages/airflow/example_dags/example_short_circuit_decorator.py for tasks to queue
[2024-01-29T12:57:21.005+0000] {logging_mixin.py:188} INFO - [2024-01-29T12:57:21.005+0000] {dagbag.py:538} INFO - Filling up the DagBag from /home/airflow/.local/lib/python3.8/site-packages/airflow/example_dags/example_short_circuit_decorator.py
[2024-01-29T12:57:21.014+0000] {processor.py:840} INFO - DAG(s) 'example_short_circuit_decorator' retrieved from /home/airflow/.local/lib/python3.8/site-packages/airflow/example_dags/example_short_circuit_decorator.py
[2024-01-29T12:57:21.037+0000] {logging_mixin.py:188} INFO - [2024-01-29T12:57:21.037+0000] {dag.py:3036} INFO - Sync 1 DAGs
[2024-01-29T12:57:21.058+0000] {logging_mixin.py:188} INFO - [2024-01-29T12:57:21.058+0000] {dag.py:3823} INFO - Setting next_dagrun for example_short_circuit_decorator to 2024-01-28 00:00:00+00:00, run_after=2024-01-29 00:00:00+00:00
[2024-01-29T12:57:21.076+0000] {processor.py:183} INFO - Processing /home/airflow/.local/lib/python3.8/site-packages/airflow/example_dags/example_short_circuit_decorator.py took 0.076 seconds
[2024-01-29T12:57:51.231+0000] {processor.py:161} INFO - Started process (PID=789) to work on /home/airflow/.local/lib/python3.8/site-packages/airflow/example_dags/example_short_circuit_decorator.py
[2024-01-29T12:57:51.232+0000] {processor.py:830} INFO - Processing file /home/airflow/.local/lib/python3.8/site-packages/airflow/example_dags/example_short_circuit_decorator.py for tasks to queue
[2024-01-29T12:57:51.233+0000] {logging_mixin.py:188} INFO - [2024-01-29T12:57:51.233+0000] {dagbag.py:538} INFO - Filling up the DagBag from /home/airflow/.local/lib/python3.8/site-packages/airflow/example_dags/example_short_circuit_decorator.py
[2024-01-29T12:57:51.242+0000] {processor.py:840} INFO - DAG(s) 'example_short_circuit_decorator' retrieved from /home/airflow/.local/lib/python3.8/site-packages/airflow/example_dags/example_short_circuit_decorator.py
[2024-01-29T12:57:51.263+0000] {logging_mixin.py:188} INFO - [2024-01-29T12:57:51.262+0000] {dag.py:3036} INFO - Sync 1 DAGs
[2024-01-29T12:57:51.284+0000] {logging_mixin.py:188} INFO - [2024-01-29T12:57:51.283+0000] {dag.py:3823} INFO - Setting next_dagrun for example_short_circuit_decorator to 2024-01-28 00:00:00+00:00, run_after=2024-01-29 00:00:00+00:00
[2024-01-29T12:57:51.301+0000] {processor.py:183} INFO - Processing /home/airflow/.local/lib/python3.8/site-packages/airflow/example_dags/example_short_circuit_decorator.py took 0.074 seconds
[2024-01-29T12:58:21.418+0000] {processor.py:161} INFO - Started process (PID=845) to work on /home/airflow/.local/lib/python3.8/site-packages/airflow/example_dags/example_short_circuit_decorator.py
[2024-01-29T12:58:21.419+0000] {processor.py:830} INFO - Processing file /home/airflow/.local/lib/python3.8/site-packages/airflow/example_dags/example_short_circuit_decorator.py for tasks to queue
[2024-01-29T12:58:21.420+0000] {logging_mixin.py:188} INFO - [2024-01-29T12:58:21.420+0000] {dagbag.py:538} INFO - Filling up the DagBag from /home/airflow/.local/lib/python3.8/site-packages/airflow/example_dags/example_short_circuit_decorator.py
[2024-01-29T12:58:21.429+0000] {processor.py:840} INFO - DAG(s) 'example_short_circuit_decorator' retrieved from /home/airflow/.local/lib/python3.8/site-packages/airflow/example_dags/example_short_circuit_decorator.py
[2024-01-29T12:58:21.451+0000] {logging_mixin.py:188} INFO - [2024-01-29T12:58:21.450+0000] {dag.py:3036} INFO - Sync 1 DAGs
[2024-01-29T12:58:21.472+0000] {logging_mixin.py:188} INFO - [2024-01-29T12:58:21.472+0000] {dag.py:3823} INFO - Setting next_dagrun for example_short_circuit_decorator to 2024-01-28 00:00:00+00:00, run_after=2024-01-29 00:00:00+00:00
[2024-01-29T12:58:21.490+0000] {processor.py:183} INFO - Processing /home/airflow/.local/lib/python3.8/site-packages/airflow/example_dags/example_short_circuit_decorator.py took 0.075 seconds
[2024-01-29T12:58:52.011+0000] {processor.py:161} INFO - Started process (PID=901) to work on /home/airflow/.local/lib/python3.8/site-packages/airflow/example_dags/example_short_circuit_decorator.py
[2024-01-29T12:58:52.011+0000] {processor.py:830} INFO - Processing file /home/airflow/.local/lib/python3.8/site-packages/airflow/example_dags/example_short_circuit_decorator.py for tasks to queue
[2024-01-29T12:58:52.013+0000] {logging_mixin.py:188} INFO - [2024-01-29T12:58:52.013+0000] {dagbag.py:538} INFO - Filling up the DagBag from /home/airflow/.local/lib/python3.8/site-packages/airflow/example_dags/example_short_circuit_decorator.py
[2024-01-29T12:58:52.022+0000] {processor.py:840} INFO - DAG(s) 'example_short_circuit_decorator' retrieved from /home/airflow/.local/lib/python3.8/site-packages/airflow/example_dags/example_short_circuit_decorator.py
[2024-01-29T12:58:52.043+0000] {logging_mixin.py:188} INFO - [2024-01-29T12:58:52.043+0000] {dag.py:3036} INFO - Sync 1 DAGs
[2024-01-29T12:58:52.065+0000] {logging_mixin.py:188} INFO - [2024-01-29T12:58:52.064+0000] {dag.py:3823} INFO - Setting next_dagrun for example_short_circuit_decorator to 2024-01-28 00:00:00+00:00, run_after=2024-01-29 00:00:00+00:00
[2024-01-29T12:58:52.083+0000] {processor.py:183} INFO - Processing /home/airflow/.local/lib/python3.8/site-packages/airflow/example_dags/example_short_circuit_decorator.py took 0.075 seconds
[2024-01-29T12:59:22.303+0000] {processor.py:161} INFO - Started process (PID=957) to work on /home/airflow/.local/lib/python3.8/site-packages/airflow/example_dags/example_short_circuit_decorator.py
[2024-01-29T12:59:22.304+0000] {processor.py:830} INFO - Processing file /home/airflow/.local/lib/python3.8/site-packages/airflow/example_dags/example_short_circuit_decorator.py for tasks to queue
[2024-01-29T12:59:22.305+0000] {logging_mixin.py:188} INFO - [2024-01-29T12:59:22.305+0000] {dagbag.py:538} INFO - Filling up the DagBag from /home/airflow/.local/lib/python3.8/site-packages/airflow/example_dags/example_short_circuit_decorator.py
[2024-01-29T12:59:22.314+0000] {processor.py:840} INFO - DAG(s) 'example_short_circuit_decorator' retrieved from /home/airflow/.local/lib/python3.8/site-packages/airflow/example_dags/example_short_circuit_decorator.py
[2024-01-29T12:59:22.336+0000] {logging_mixin.py:188} INFO - [2024-01-29T12:59:22.336+0000] {dag.py:3036} INFO - Sync 1 DAGs
[2024-01-29T12:59:22.357+0000] {logging_mixin.py:188} INFO - [2024-01-29T12:59:22.357+0000] {dag.py:3823} INFO - Setting next_dagrun for example_short_circuit_decorator to 2024-01-28 00:00:00+00:00, run_after=2024-01-29 00:00:00+00:00
[2024-01-29T12:59:22.375+0000] {processor.py:183} INFO - Processing /home/airflow/.local/lib/python3.8/site-packages/airflow/example_dags/example_short_circuit_decorator.py took 0.075 seconds
[2024-01-29T12:59:52.410+0000] {processor.py:161} INFO - Started process (PID=1013) to work on /home/airflow/.local/lib/python3.8/site-packages/airflow/example_dags/example_short_circuit_decorator.py
[2024-01-29T12:59:52.411+0000] {processor.py:830} INFO - Processing file /home/airflow/.local/lib/python3.8/site-packages/airflow/example_dags/example_short_circuit_decorator.py for tasks to queue
[2024-01-29T12:59:52.412+0000] {logging_mixin.py:188} INFO - [2024-01-29T12:59:52.412+0000] {dagbag.py:538} INFO - Filling up the DagBag from /home/airflow/.local/lib/python3.8/site-packages/airflow/example_dags/example_short_circuit_decorator.py
[2024-01-29T12:59:52.421+0000] {processor.py:840} INFO - DAG(s) 'example_short_circuit_decorator' retrieved from /home/airflow/.local/lib/python3.8/site-packages/airflow/example_dags/example_short_circuit_decorator.py
[2024-01-29T12:59:52.444+0000] {logging_mixin.py:188} INFO - [2024-01-29T12:59:52.443+0000] {dag.py:3036} INFO - Sync 1 DAGs
[2024-01-29T12:59:52.471+0000] {logging_mixin.py:188} INFO - [2024-01-29T12:59:52.471+0000] {dag.py:3823} INFO - Setting next_dagrun for example_short_circuit_decorator to 2024-01-28 00:00:00+00:00, run_after=2024-01-29 00:00:00+00:00
[2024-01-29T12:59:52.489+0000] {processor.py:183} INFO - Processing /home/airflow/.local/lib/python3.8/site-packages/airflow/example_dags/example_short_circuit_decorator.py took 0.083 seconds
[2024-01-29T13:00:22.583+0000] {processor.py:161} INFO - Started process (PID=1069) to work on /home/airflow/.local/lib/python3.8/site-packages/airflow/example_dags/example_short_circuit_decorator.py
[2024-01-29T13:00:22.584+0000] {processor.py:830} INFO - Processing file /home/airflow/.local/lib/python3.8/site-packages/airflow/example_dags/example_short_circuit_decorator.py for tasks to queue
[2024-01-29T13:00:22.585+0000] {logging_mixin.py:188} INFO - [2024-01-29T13:00:22.585+0000] {dagbag.py:538} INFO - Filling up the DagBag from /home/airflow/.local/lib/python3.8/site-packages/airflow/example_dags/example_short_circuit_decorator.py
[2024-01-29T13:00:22.594+0000] {processor.py:840} INFO - DAG(s) 'example_short_circuit_decorator' retrieved from /home/airflow/.local/lib/python3.8/site-packages/airflow/example_dags/example_short_circuit_decorator.py
[2024-01-29T13:00:22.615+0000] {logging_mixin.py:188} INFO - [2024-01-29T13:00:22.615+0000] {dag.py:3036} INFO - Sync 1 DAGs
[2024-01-29T13:00:22.636+0000] {logging_mixin.py:188} INFO - [2024-01-29T13:00:22.636+0000] {dag.py:3823} INFO - Setting next_dagrun for example_short_circuit_decorator to 2024-01-28 00:00:00+00:00, run_after=2024-01-29 00:00:00+00:00
[2024-01-29T13:00:22.654+0000] {processor.py:183} INFO - Processing /home/airflow/.local/lib/python3.8/site-packages/airflow/example_dags/example_short_circuit_decorator.py took 0.074 seconds
[2024-01-29T13:00:52.872+0000] {processor.py:161} INFO - Started process (PID=1125) to work on /home/airflow/.local/lib/python3.8/site-packages/airflow/example_dags/example_short_circuit_decorator.py
[2024-01-29T13:00:52.873+0000] {processor.py:830} INFO - Processing file /home/airflow/.local/lib/python3.8/site-packages/airflow/example_dags/example_short_circuit_decorator.py for tasks to queue
[2024-01-29T13:00:52.874+0000] {logging_mixin.py:188} INFO - [2024-01-29T13:00:52.874+0000] {dagbag.py:538} INFO - Filling up the DagBag from /home/airflow/.local/lib/python3.8/site-packages/airflow/example_dags/example_short_circuit_decorator.py
[2024-01-29T13:00:52.882+0000] {processor.py:840} INFO - DAG(s) 'example_short_circuit_decorator' retrieved from /home/airflow/.local/lib/python3.8/site-packages/airflow/example_dags/example_short_circuit_decorator.py
[2024-01-29T13:00:52.904+0000] {logging_mixin.py:188} INFO - [2024-01-29T13:00:52.904+0000] {dag.py:3036} INFO - Sync 1 DAGs
[2024-01-29T13:00:52.927+0000] {logging_mixin.py:188} INFO - [2024-01-29T13:00:52.927+0000] {dag.py:3823} INFO - Setting next_dagrun for example_short_circuit_decorator to 2024-01-28 00:00:00+00:00, run_after=2024-01-29 00:00:00+00:00
[2024-01-29T13:00:52.945+0000] {processor.py:183} INFO - Processing /home/airflow/.local/lib/python3.8/site-packages/airflow/example_dags/example_short_circuit_decorator.py took 0.077 seconds
[2024-01-29T13:01:23.293+0000] {processor.py:161} INFO - Started process (PID=1180) to work on /home/airflow/.local/lib/python3.8/site-packages/airflow/example_dags/example_short_circuit_decorator.py
[2024-01-29T13:01:23.293+0000] {processor.py:830} INFO - Processing file /home/airflow/.local/lib/python3.8/site-packages/airflow/example_dags/example_short_circuit_decorator.py for tasks to queue
[2024-01-29T13:01:23.295+0000] {logging_mixin.py:188} INFO - [2024-01-29T13:01:23.295+0000] {dagbag.py:538} INFO - Filling up the DagBag from /home/airflow/.local/lib/python3.8/site-packages/airflow/example_dags/example_short_circuit_decorator.py
[2024-01-29T13:01:23.304+0000] {processor.py:840} INFO - DAG(s) 'example_short_circuit_decorator' retrieved from /home/airflow/.local/lib/python3.8/site-packages/airflow/example_dags/example_short_circuit_decorator.py
[2024-01-29T13:01:23.328+0000] {logging_mixin.py:188} INFO - [2024-01-29T13:01:23.328+0000] {dag.py:3036} INFO - Sync 1 DAGs
[2024-01-29T13:01:23.350+0000] {logging_mixin.py:188} INFO - [2024-01-29T13:01:23.350+0000] {dag.py:3823} INFO - Setting next_dagrun for example_short_circuit_decorator to 2024-01-28 00:00:00+00:00, run_after=2024-01-29 00:00:00+00:00
[2024-01-29T13:01:23.367+0000] {processor.py:183} INFO - Processing /home/airflow/.local/lib/python3.8/site-packages/airflow/example_dags/example_short_circuit_decorator.py took 0.078 seconds
[2024-01-29T13:01:53.995+0000] {processor.py:161} INFO - Started process (PID=1236) to work on /home/airflow/.local/lib/python3.8/site-packages/airflow/example_dags/example_short_circuit_decorator.py
[2024-01-29T13:01:53.996+0000] {processor.py:830} INFO - Processing file /home/airflow/.local/lib/python3.8/site-packages/airflow/example_dags/example_short_circuit_decorator.py for tasks to queue
[2024-01-29T13:01:53.998+0000] {logging_mixin.py:188} INFO - [2024-01-29T13:01:53.997+0000] {dagbag.py:538} INFO - Filling up the DagBag from /home/airflow/.local/lib/python3.8/site-packages/airflow/example_dags/example_short_circuit_decorator.py
[2024-01-29T13:01:54.011+0000] {processor.py:840} INFO - DAG(s) 'example_short_circuit_decorator' retrieved from /home/airflow/.local/lib/python3.8/site-packages/airflow/example_dags/example_short_circuit_decorator.py
[2024-01-29T13:01:54.052+0000] {logging_mixin.py:188} INFO - [2024-01-29T13:01:54.052+0000] {dag.py:3036} INFO - Sync 1 DAGs
[2024-01-29T13:01:54.077+0000] {logging_mixin.py:188} INFO - [2024-01-29T13:01:54.076+0000] {dag.py:3823} INFO - Setting next_dagrun for example_short_circuit_decorator to 2024-01-28 00:00:00+00:00, run_after=2024-01-29 00:00:00+00:00
[2024-01-29T13:01:54.099+0000] {processor.py:183} INFO - Processing /home/airflow/.local/lib/python3.8/site-packages/airflow/example_dags/example_short_circuit_decorator.py took 0.107 seconds
[2024-01-29T13:02:24.184+0000] {processor.py:161} INFO - Started process (PID=1293) to work on /home/airflow/.local/lib/python3.8/site-packages/airflow/example_dags/example_short_circuit_decorator.py
[2024-01-29T13:02:24.185+0000] {processor.py:830} INFO - Processing file /home/airflow/.local/lib/python3.8/site-packages/airflow/example_dags/example_short_circuit_decorator.py for tasks to queue
[2024-01-29T13:02:24.186+0000] {logging_mixin.py:188} INFO - [2024-01-29T13:02:24.186+0000] {dagbag.py:538} INFO - Filling up the DagBag from /home/airflow/.local/lib/python3.8/site-packages/airflow/example_dags/example_short_circuit_decorator.py
[2024-01-29T13:02:24.195+0000] {processor.py:840} INFO - DAG(s) 'example_short_circuit_decorator' retrieved from /home/airflow/.local/lib/python3.8/site-packages/airflow/example_dags/example_short_circuit_decorator.py
[2024-01-29T13:02:24.217+0000] {logging_mixin.py:188} INFO - [2024-01-29T13:02:24.217+0000] {dag.py:3036} INFO - Sync 1 DAGs
[2024-01-29T13:02:24.238+0000] {logging_mixin.py:188} INFO - [2024-01-29T13:02:24.238+0000] {dag.py:3823} INFO - Setting next_dagrun for example_short_circuit_decorator to 2024-01-28 00:00:00+00:00, run_after=2024-01-29 00:00:00+00:00
[2024-01-29T13:02:24.257+0000] {processor.py:183} INFO - Processing /home/airflow/.local/lib/python3.8/site-packages/airflow/example_dags/example_short_circuit_decorator.py took 0.076 seconds
[2024-01-29T13:02:54.349+0000] {processor.py:161} INFO - Started process (PID=1349) to work on /home/airflow/.local/lib/python3.8/site-packages/airflow/example_dags/example_short_circuit_decorator.py
[2024-01-29T13:02:54.350+0000] {processor.py:830} INFO - Processing file /home/airflow/.local/lib/python3.8/site-packages/airflow/example_dags/example_short_circuit_decorator.py for tasks to queue
[2024-01-29T13:02:54.352+0000] {logging_mixin.py:188} INFO - [2024-01-29T13:02:54.351+0000] {dagbag.py:538} INFO - Filling up the DagBag from /home/airflow/.local/lib/python3.8/site-packages/airflow/example_dags/example_short_circuit_decorator.py
[2024-01-29T13:02:54.360+0000] {processor.py:840} INFO - DAG(s) 'example_short_circuit_decorator' retrieved from /home/airflow/.local/lib/python3.8/site-packages/airflow/example_dags/example_short_circuit_decorator.py
[2024-01-29T13:02:54.390+0000] {logging_mixin.py:188} INFO - [2024-01-29T13:02:54.389+0000] {dag.py:3036} INFO - Sync 1 DAGs
[2024-01-29T13:02:54.422+0000] {logging_mixin.py:188} INFO - [2024-01-29T13:02:54.421+0000] {dag.py:3823} INFO - Setting next_dagrun for example_short_circuit_decorator to 2024-01-28 00:00:00+00:00, run_after=2024-01-29 00:00:00+00:00
[2024-01-29T13:02:54.445+0000] {processor.py:183} INFO - Processing /home/airflow/.local/lib/python3.8/site-packages/airflow/example_dags/example_short_circuit_decorator.py took 0.099 seconds
[2024-01-29T13:03:24.866+0000] {processor.py:161} INFO - Started process (PID=1405) to work on /home/airflow/.local/lib/python3.8/site-packages/airflow/example_dags/example_short_circuit_decorator.py
[2024-01-29T13:03:24.867+0000] {processor.py:830} INFO - Processing file /home/airflow/.local/lib/python3.8/site-packages/airflow/example_dags/example_short_circuit_decorator.py for tasks to queue
[2024-01-29T13:03:24.868+0000] {logging_mixin.py:188} INFO - [2024-01-29T13:03:24.868+0000] {dagbag.py:538} INFO - Filling up the DagBag from /home/airflow/.local/lib/python3.8/site-packages/airflow/example_dags/example_short_circuit_decorator.py
[2024-01-29T13:03:24.877+0000] {processor.py:840} INFO - DAG(s) 'example_short_circuit_decorator' retrieved from /home/airflow/.local/lib/python3.8/site-packages/airflow/example_dags/example_short_circuit_decorator.py
[2024-01-29T13:03:24.904+0000] {logging_mixin.py:188} INFO - [2024-01-29T13:03:24.904+0000] {dag.py:3036} INFO - Sync 1 DAGs
[2024-01-29T13:03:24.925+0000] {logging_mixin.py:188} INFO - [2024-01-29T13:03:24.925+0000] {dag.py:3823} INFO - Setting next_dagrun for example_short_circuit_decorator to 2024-01-28 00:00:00+00:00, run_after=2024-01-29 00:00:00+00:00
[2024-01-29T13:03:24.944+0000] {processor.py:183} INFO - Processing /home/airflow/.local/lib/python3.8/site-packages/airflow/example_dags/example_short_circuit_decorator.py took 0.081 seconds
[2024-01-29T13:03:55.033+0000] {processor.py:161} INFO - Started process (PID=1461) to work on /home/airflow/.local/lib/python3.8/site-packages/airflow/example_dags/example_short_circuit_decorator.py
[2024-01-29T13:03:55.033+0000] {processor.py:830} INFO - Processing file /home/airflow/.local/lib/python3.8/site-packages/airflow/example_dags/example_short_circuit_decorator.py for tasks to queue
[2024-01-29T13:03:55.035+0000] {logging_mixin.py:188} INFO - [2024-01-29T13:03:55.035+0000] {dagbag.py:538} INFO - Filling up the DagBag from /home/airflow/.local/lib/python3.8/site-packages/airflow/example_dags/example_short_circuit_decorator.py
[2024-01-29T13:03:55.047+0000] {processor.py:840} INFO - DAG(s) 'example_short_circuit_decorator' retrieved from /home/airflow/.local/lib/python3.8/site-packages/airflow/example_dags/example_short_circuit_decorator.py
[2024-01-29T13:03:55.070+0000] {logging_mixin.py:188} INFO - [2024-01-29T13:03:55.070+0000] {dag.py:3036} INFO - Sync 1 DAGs
[2024-01-29T13:03:55.094+0000] {logging_mixin.py:188} INFO - [2024-01-29T13:03:55.093+0000] {dag.py:3823} INFO - Setting next_dagrun for example_short_circuit_decorator to 2024-01-28 00:00:00+00:00, run_after=2024-01-29 00:00:00+00:00
[2024-01-29T13:03:55.115+0000] {processor.py:183} INFO - Processing /home/airflow/.local/lib/python3.8/site-packages/airflow/example_dags/example_short_circuit_decorator.py took 0.086 seconds
[2024-01-29T13:04:26.144+0000] {processor.py:161} INFO - Started process (PID=1516) to work on /home/airflow/.local/lib/python3.8/site-packages/airflow/example_dags/example_short_circuit_decorator.py
[2024-01-29T13:04:26.145+0000] {processor.py:830} INFO - Processing file /home/airflow/.local/lib/python3.8/site-packages/airflow/example_dags/example_short_circuit_decorator.py for tasks to queue
[2024-01-29T13:04:26.146+0000] {logging_mixin.py:188} INFO - [2024-01-29T13:04:26.146+0000] {dagbag.py:538} INFO - Filling up the DagBag from /home/airflow/.local/lib/python3.8/site-packages/airflow/example_dags/example_short_circuit_decorator.py
[2024-01-29T13:04:26.155+0000] {processor.py:840} INFO - DAG(s) 'example_short_circuit_decorator' retrieved from /home/airflow/.local/lib/python3.8/site-packages/airflow/example_dags/example_short_circuit_decorator.py
[2024-01-29T13:04:26.179+0000] {logging_mixin.py:188} INFO - [2024-01-29T13:04:26.179+0000] {dag.py:3036} INFO - Sync 1 DAGs
[2024-01-29T13:04:26.202+0000] {logging_mixin.py:188} INFO - [2024-01-29T13:04:26.202+0000] {dag.py:3823} INFO - Setting next_dagrun for example_short_circuit_decorator to 2024-01-28 00:00:00+00:00, run_after=2024-01-29 00:00:00+00:00
[2024-01-29T13:04:26.223+0000] {processor.py:183} INFO - Processing /home/airflow/.local/lib/python3.8/site-packages/airflow/example_dags/example_short_circuit_decorator.py took 0.082 seconds
[2024-01-29T13:04:56.257+0000] {processor.py:161} INFO - Started process (PID=1572) to work on /home/airflow/.local/lib/python3.8/site-packages/airflow/example_dags/example_short_circuit_decorator.py
[2024-01-29T13:04:56.258+0000] {processor.py:830} INFO - Processing file /home/airflow/.local/lib/python3.8/site-packages/airflow/example_dags/example_short_circuit_decorator.py for tasks to queue
[2024-01-29T13:04:56.260+0000] {logging_mixin.py:188} INFO - [2024-01-29T13:04:56.259+0000] {dagbag.py:538} INFO - Filling up the DagBag from /home/airflow/.local/lib/python3.8/site-packages/airflow/example_dags/example_short_circuit_decorator.py
[2024-01-29T13:04:56.268+0000] {processor.py:840} INFO - DAG(s) 'example_short_circuit_decorator' retrieved from /home/airflow/.local/lib/python3.8/site-packages/airflow/example_dags/example_short_circuit_decorator.py
[2024-01-29T13:04:56.290+0000] {logging_mixin.py:188} INFO - [2024-01-29T13:04:56.290+0000] {dag.py:3036} INFO - Sync 1 DAGs
[2024-01-29T13:04:56.311+0000] {logging_mixin.py:188} INFO - [2024-01-29T13:04:56.311+0000] {dag.py:3823} INFO - Setting next_dagrun for example_short_circuit_decorator to 2024-01-28 00:00:00+00:00, run_after=2024-01-29 00:00:00+00:00
[2024-01-29T13:04:56.330+0000] {processor.py:183} INFO - Processing /home/airflow/.local/lib/python3.8/site-packages/airflow/example_dags/example_short_circuit_decorator.py took 0.075 seconds
[2024-01-29T13:05:27.283+0000] {processor.py:161} INFO - Started process (PID=1628) to work on /home/airflow/.local/lib/python3.8/site-packages/airflow/example_dags/example_short_circuit_decorator.py
[2024-01-29T13:05:27.284+0000] {processor.py:830} INFO - Processing file /home/airflow/.local/lib/python3.8/site-packages/airflow/example_dags/example_short_circuit_decorator.py for tasks to queue
[2024-01-29T13:05:27.285+0000] {logging_mixin.py:188} INFO - [2024-01-29T13:05:27.285+0000] {dagbag.py:538} INFO - Filling up the DagBag from /home/airflow/.local/lib/python3.8/site-packages/airflow/example_dags/example_short_circuit_decorator.py
[2024-01-29T13:05:27.294+0000] {processor.py:840} INFO - DAG(s) 'example_short_circuit_decorator' retrieved from /home/airflow/.local/lib/python3.8/site-packages/airflow/example_dags/example_short_circuit_decorator.py
[2024-01-29T13:05:27.316+0000] {logging_mixin.py:188} INFO - [2024-01-29T13:05:27.316+0000] {dag.py:3036} INFO - Sync 1 DAGs
[2024-01-29T13:05:27.337+0000] {logging_mixin.py:188} INFO - [2024-01-29T13:05:27.337+0000] {dag.py:3823} INFO - Setting next_dagrun for example_short_circuit_decorator to 2024-01-28 00:00:00+00:00, run_after=2024-01-29 00:00:00+00:00
[2024-01-29T13:05:27.355+0000] {processor.py:183} INFO - Processing /home/airflow/.local/lib/python3.8/site-packages/airflow/example_dags/example_short_circuit_decorator.py took 0.075 seconds
[2024-01-29T13:05:57.544+0000] {processor.py:161} INFO - Started process (PID=1684) to work on /home/airflow/.local/lib/python3.8/site-packages/airflow/example_dags/example_short_circuit_decorator.py
[2024-01-29T13:05:57.545+0000] {processor.py:830} INFO - Processing file /home/airflow/.local/lib/python3.8/site-packages/airflow/example_dags/example_short_circuit_decorator.py for tasks to queue
[2024-01-29T13:05:57.546+0000] {logging_mixin.py:188} INFO - [2024-01-29T13:05:57.546+0000] {dagbag.py:538} INFO - Filling up the DagBag from /home/airflow/.local/lib/python3.8/site-packages/airflow/example_dags/example_short_circuit_decorator.py
[2024-01-29T13:05:57.555+0000] {processor.py:840} INFO - DAG(s) 'example_short_circuit_decorator' retrieved from /home/airflow/.local/lib/python3.8/site-packages/airflow/example_dags/example_short_circuit_decorator.py
[2024-01-29T13:05:57.578+0000] {logging_mixin.py:188} INFO - [2024-01-29T13:05:57.577+0000] {dag.py:3036} INFO - Sync 1 DAGs
[2024-01-29T13:05:57.599+0000] {logging_mixin.py:188} INFO - [2024-01-29T13:05:57.599+0000] {dag.py:3823} INFO - Setting next_dagrun for example_short_circuit_decorator to 2024-01-28 00:00:00+00:00, run_after=2024-01-29 00:00:00+00:00
[2024-01-29T13:05:57.617+0000] {processor.py:183} INFO - Processing /home/airflow/.local/lib/python3.8/site-packages/airflow/example_dags/example_short_circuit_decorator.py took 0.076 seconds
[2024-01-29T13:06:27.730+0000] {processor.py:161} INFO - Started process (PID=1741) to work on /home/airflow/.local/lib/python3.8/site-packages/airflow/example_dags/example_short_circuit_decorator.py
[2024-01-29T13:06:27.731+0000] {processor.py:830} INFO - Processing file /home/airflow/.local/lib/python3.8/site-packages/airflow/example_dags/example_short_circuit_decorator.py for tasks to queue
[2024-01-29T13:06:27.732+0000] {logging_mixin.py:188} INFO - [2024-01-29T13:06:27.732+0000] {dagbag.py:538} INFO - Filling up the DagBag from /home/airflow/.local/lib/python3.8/site-packages/airflow/example_dags/example_short_circuit_decorator.py
[2024-01-29T13:06:27.741+0000] {processor.py:840} INFO - DAG(s) 'example_short_circuit_decorator' retrieved from /home/airflow/.local/lib/python3.8/site-packages/airflow/example_dags/example_short_circuit_decorator.py
[2024-01-29T13:06:27.763+0000] {logging_mixin.py:188} INFO - [2024-01-29T13:06:27.763+0000] {dag.py:3036} INFO - Sync 1 DAGs
[2024-01-29T13:06:27.785+0000] {logging_mixin.py:188} INFO - [2024-01-29T13:06:27.784+0000] {dag.py:3823} INFO - Setting next_dagrun for example_short_circuit_decorator to 2024-01-28 00:00:00+00:00, run_after=2024-01-29 00:00:00+00:00
[2024-01-29T13:06:27.803+0000] {processor.py:183} INFO - Processing /home/airflow/.local/lib/python3.8/site-packages/airflow/example_dags/example_short_circuit_decorator.py took 0.077 seconds
[2024-01-29T13:06:57.883+0000] {processor.py:161} INFO - Started process (PID=1797) to work on /home/airflow/.local/lib/python3.8/site-packages/airflow/example_dags/example_short_circuit_decorator.py
[2024-01-29T13:06:57.884+0000] {processor.py:830} INFO - Processing file /home/airflow/.local/lib/python3.8/site-packages/airflow/example_dags/example_short_circuit_decorator.py for tasks to queue
[2024-01-29T13:06:57.886+0000] {logging_mixin.py:188} INFO - [2024-01-29T13:06:57.886+0000] {dagbag.py:538} INFO - Filling up the DagBag from /home/airflow/.local/lib/python3.8/site-packages/airflow/example_dags/example_short_circuit_decorator.py
[2024-01-29T13:06:57.898+0000] {processor.py:840} INFO - DAG(s) 'example_short_circuit_decorator' retrieved from /home/airflow/.local/lib/python3.8/site-packages/airflow/example_dags/example_short_circuit_decorator.py
[2024-01-29T13:06:57.920+0000] {logging_mixin.py:188} INFO - [2024-01-29T13:06:57.920+0000] {dag.py:3036} INFO - Sync 1 DAGs
[2024-01-29T13:06:57.941+0000] {logging_mixin.py:188} INFO - [2024-01-29T13:06:57.941+0000] {dag.py:3823} INFO - Setting next_dagrun for example_short_circuit_decorator to 2024-01-28 00:00:00+00:00, run_after=2024-01-29 00:00:00+00:00
[2024-01-29T13:06:57.959+0000] {processor.py:183} INFO - Processing /home/airflow/.local/lib/python3.8/site-packages/airflow/example_dags/example_short_circuit_decorator.py took 0.079 seconds
[2024-01-29T13:07:28.867+0000] {processor.py:161} INFO - Started process (PID=1853) to work on /home/airflow/.local/lib/python3.8/site-packages/airflow/example_dags/example_short_circuit_decorator.py
[2024-01-29T13:07:28.868+0000] {processor.py:830} INFO - Processing file /home/airflow/.local/lib/python3.8/site-packages/airflow/example_dags/example_short_circuit_decorator.py for tasks to queue
[2024-01-29T13:07:28.869+0000] {logging_mixin.py:188} INFO - [2024-01-29T13:07:28.869+0000] {dagbag.py:538} INFO - Filling up the DagBag from /home/airflow/.local/lib/python3.8/site-packages/airflow/example_dags/example_short_circuit_decorator.py
[2024-01-29T13:07:28.878+0000] {processor.py:840} INFO - DAG(s) 'example_short_circuit_decorator' retrieved from /home/airflow/.local/lib/python3.8/site-packages/airflow/example_dags/example_short_circuit_decorator.py
[2024-01-29T13:07:28.899+0000] {logging_mixin.py:188} INFO - [2024-01-29T13:07:28.899+0000] {dag.py:3036} INFO - Sync 1 DAGs
[2024-01-29T13:07:28.920+0000] {logging_mixin.py:188} INFO - [2024-01-29T13:07:28.920+0000] {dag.py:3823} INFO - Setting next_dagrun for example_short_circuit_decorator to 2024-01-28 00:00:00+00:00, run_after=2024-01-29 00:00:00+00:00
[2024-01-29T13:07:28.937+0000] {processor.py:183} INFO - Processing /home/airflow/.local/lib/python3.8/site-packages/airflow/example_dags/example_short_circuit_decorator.py took 0.073 seconds
[2024-01-29T13:07:59.561+0000] {processor.py:161} INFO - Started process (PID=1910) to work on /home/airflow/.local/lib/python3.8/site-packages/airflow/example_dags/example_short_circuit_decorator.py
[2024-01-29T13:07:59.562+0000] {processor.py:830} INFO - Processing file /home/airflow/.local/lib/python3.8/site-packages/airflow/example_dags/example_short_circuit_decorator.py for tasks to queue
[2024-01-29T13:07:59.563+0000] {logging_mixin.py:188} INFO - [2024-01-29T13:07:59.563+0000] {dagbag.py:538} INFO - Filling up the DagBag from /home/airflow/.local/lib/python3.8/site-packages/airflow/example_dags/example_short_circuit_decorator.py
[2024-01-29T13:07:59.572+0000] {processor.py:840} INFO - DAG(s) 'example_short_circuit_decorator' retrieved from /home/airflow/.local/lib/python3.8/site-packages/airflow/example_dags/example_short_circuit_decorator.py
[2024-01-29T13:07:59.594+0000] {logging_mixin.py:188} INFO - [2024-01-29T13:07:59.594+0000] {dag.py:3036} INFO - Sync 1 DAGs
[2024-01-29T13:07:59.616+0000] {logging_mixin.py:188} INFO - [2024-01-29T13:07:59.615+0000] {dag.py:3823} INFO - Setting next_dagrun for example_short_circuit_decorator to 2024-01-28 00:00:00+00:00, run_after=2024-01-29 00:00:00+00:00
[2024-01-29T13:07:59.633+0000] {processor.py:183} INFO - Processing /home/airflow/.local/lib/python3.8/site-packages/airflow/example_dags/example_short_circuit_decorator.py took 0.076 seconds
[2024-01-29T13:08:30.461+0000] {processor.py:161} INFO - Started process (PID=1966) to work on /home/airflow/.local/lib/python3.8/site-packages/airflow/example_dags/example_short_circuit_decorator.py
[2024-01-29T13:08:30.462+0000] {processor.py:830} INFO - Processing file /home/airflow/.local/lib/python3.8/site-packages/airflow/example_dags/example_short_circuit_decorator.py for tasks to queue
[2024-01-29T13:08:30.464+0000] {logging_mixin.py:188} INFO - [2024-01-29T13:08:30.463+0000] {dagbag.py:538} INFO - Filling up the DagBag from /home/airflow/.local/lib/python3.8/site-packages/airflow/example_dags/example_short_circuit_decorator.py
[2024-01-29T13:08:30.472+0000] {processor.py:840} INFO - DAG(s) 'example_short_circuit_decorator' retrieved from /home/airflow/.local/lib/python3.8/site-packages/airflow/example_dags/example_short_circuit_decorator.py
[2024-01-29T13:08:30.502+0000] {logging_mixin.py:188} INFO - [2024-01-29T13:08:30.502+0000] {dag.py:3036} INFO - Sync 1 DAGs
[2024-01-29T13:08:30.530+0000] {logging_mixin.py:188} INFO - [2024-01-29T13:08:30.530+0000] {dag.py:3823} INFO - Setting next_dagrun for example_short_circuit_decorator to 2024-01-28 00:00:00+00:00, run_after=2024-01-29 00:00:00+00:00
[2024-01-29T13:08:30.548+0000] {processor.py:183} INFO - Processing /home/airflow/.local/lib/python3.8/site-packages/airflow/example_dags/example_short_circuit_decorator.py took 0.090 seconds
[2024-01-29T13:09:01.402+0000] {processor.py:161} INFO - Started process (PID=2028) to work on /home/airflow/.local/lib/python3.8/site-packages/airflow/example_dags/example_short_circuit_decorator.py
[2024-01-29T13:09:01.403+0000] {processor.py:830} INFO - Processing file /home/airflow/.local/lib/python3.8/site-packages/airflow/example_dags/example_short_circuit_decorator.py for tasks to queue
[2024-01-29T13:09:01.404+0000] {logging_mixin.py:188} INFO - [2024-01-29T13:09:01.404+0000] {dagbag.py:538} INFO - Filling up the DagBag from /home/airflow/.local/lib/python3.8/site-packages/airflow/example_dags/example_short_circuit_decorator.py
[2024-01-29T13:09:01.412+0000] {processor.py:840} INFO - DAG(s) 'example_short_circuit_decorator' retrieved from /home/airflow/.local/lib/python3.8/site-packages/airflow/example_dags/example_short_circuit_decorator.py
[2024-01-29T13:09:01.443+0000] {logging_mixin.py:188} INFO - [2024-01-29T13:09:01.442+0000] {dag.py:3036} INFO - Sync 1 DAGs
[2024-01-29T13:09:01.467+0000] {logging_mixin.py:188} INFO - [2024-01-29T13:09:01.466+0000] {dag.py:3823} INFO - Setting next_dagrun for example_short_circuit_decorator to 2024-01-28 00:00:00+00:00, run_after=2024-01-29 00:00:00+00:00
[2024-01-29T13:09:01.485+0000] {processor.py:183} INFO - Processing /home/airflow/.local/lib/python3.8/site-packages/airflow/example_dags/example_short_circuit_decorator.py took 0.086 seconds
[2024-01-29T13:09:32.320+0000] {processor.py:161} INFO - Started process (PID=2084) to work on /home/airflow/.local/lib/python3.8/site-packages/airflow/example_dags/example_short_circuit_decorator.py
[2024-01-29T13:09:32.321+0000] {processor.py:830} INFO - Processing file /home/airflow/.local/lib/python3.8/site-packages/airflow/example_dags/example_short_circuit_decorator.py for tasks to queue
[2024-01-29T13:09:32.323+0000] {logging_mixin.py:188} INFO - [2024-01-29T13:09:32.323+0000] {dagbag.py:538} INFO - Filling up the DagBag from /home/airflow/.local/lib/python3.8/site-packages/airflow/example_dags/example_short_circuit_decorator.py
[2024-01-29T13:09:32.332+0000] {processor.py:840} INFO - DAG(s) 'example_short_circuit_decorator' retrieved from /home/airflow/.local/lib/python3.8/site-packages/airflow/example_dags/example_short_circuit_decorator.py
[2024-01-29T13:09:32.354+0000] {logging_mixin.py:188} INFO - [2024-01-29T13:09:32.354+0000] {dag.py:3036} INFO - Sync 1 DAGs
[2024-01-29T13:09:32.377+0000] {logging_mixin.py:188} INFO - [2024-01-29T13:09:32.377+0000] {dag.py:3823} INFO - Setting next_dagrun for example_short_circuit_decorator to 2024-01-28 00:00:00+00:00, run_after=2024-01-29 00:00:00+00:00
[2024-01-29T13:09:32.395+0000] {processor.py:183} INFO - Processing /home/airflow/.local/lib/python3.8/site-packages/airflow/example_dags/example_short_circuit_decorator.py took 0.078 seconds
[2024-01-29T13:10:03.303+0000] {processor.py:161} INFO - Started process (PID=2140) to work on /home/airflow/.local/lib/python3.8/site-packages/airflow/example_dags/example_short_circuit_decorator.py
[2024-01-29T13:10:03.304+0000] {processor.py:830} INFO - Processing file /home/airflow/.local/lib/python3.8/site-packages/airflow/example_dags/example_short_circuit_decorator.py for tasks to queue
[2024-01-29T13:10:03.305+0000] {logging_mixin.py:188} INFO - [2024-01-29T13:10:03.305+0000] {dagbag.py:538} INFO - Filling up the DagBag from /home/airflow/.local/lib/python3.8/site-packages/airflow/example_dags/example_short_circuit_decorator.py
[2024-01-29T13:10:03.314+0000] {processor.py:840} INFO - DAG(s) 'example_short_circuit_decorator' retrieved from /home/airflow/.local/lib/python3.8/site-packages/airflow/example_dags/example_short_circuit_decorator.py
[2024-01-29T13:10:03.336+0000] {logging_mixin.py:188} INFO - [2024-01-29T13:10:03.336+0000] {dag.py:3036} INFO - Sync 1 DAGs
[2024-01-29T13:10:03.361+0000] {logging_mixin.py:188} INFO - [2024-01-29T13:10:03.361+0000] {dag.py:3823} INFO - Setting next_dagrun for example_short_circuit_decorator to 2024-01-28 00:00:00+00:00, run_after=2024-01-29 00:00:00+00:00
[2024-01-29T13:10:03.383+0000] {processor.py:183} INFO - Processing /home/airflow/.local/lib/python3.8/site-packages/airflow/example_dags/example_short_circuit_decorator.py took 0.083 seconds
[2024-01-29T13:10:34.125+0000] {processor.py:161} INFO - Started process (PID=2196) to work on /home/airflow/.local/lib/python3.8/site-packages/airflow/example_dags/example_short_circuit_decorator.py
[2024-01-29T13:10:34.126+0000] {processor.py:830} INFO - Processing file /home/airflow/.local/lib/python3.8/site-packages/airflow/example_dags/example_short_circuit_decorator.py for tasks to queue
[2024-01-29T13:10:34.127+0000] {logging_mixin.py:188} INFO - [2024-01-29T13:10:34.127+0000] {dagbag.py:538} INFO - Filling up the DagBag from /home/airflow/.local/lib/python3.8/site-packages/airflow/example_dags/example_short_circuit_decorator.py
[2024-01-29T13:10:34.136+0000] {processor.py:840} INFO - DAG(s) 'example_short_circuit_decorator' retrieved from /home/airflow/.local/lib/python3.8/site-packages/airflow/example_dags/example_short_circuit_decorator.py
[2024-01-29T13:10:34.166+0000] {logging_mixin.py:188} INFO - [2024-01-29T13:10:34.166+0000] {dag.py:3036} INFO - Sync 1 DAGs
[2024-01-29T13:10:34.192+0000] {logging_mixin.py:188} INFO - [2024-01-29T13:10:34.192+0000] {dag.py:3823} INFO - Setting next_dagrun for example_short_circuit_decorator to 2024-01-28 00:00:00+00:00, run_after=2024-01-29 00:00:00+00:00
[2024-01-29T13:10:34.211+0000] {processor.py:183} INFO - Processing /home/airflow/.local/lib/python3.8/site-packages/airflow/example_dags/example_short_circuit_decorator.py took 0.089 seconds
[2024-01-29T13:11:04.987+0000] {processor.py:161} INFO - Started process (PID=2252) to work on /home/airflow/.local/lib/python3.8/site-packages/airflow/example_dags/example_short_circuit_decorator.py
[2024-01-29T13:11:04.988+0000] {processor.py:830} INFO - Processing file /home/airflow/.local/lib/python3.8/site-packages/airflow/example_dags/example_short_circuit_decorator.py for tasks to queue
[2024-01-29T13:11:04.990+0000] {logging_mixin.py:188} INFO - [2024-01-29T13:11:04.989+0000] {dagbag.py:538} INFO - Filling up the DagBag from /home/airflow/.local/lib/python3.8/site-packages/airflow/example_dags/example_short_circuit_decorator.py
[2024-01-29T13:11:04.998+0000] {processor.py:840} INFO - DAG(s) 'example_short_circuit_decorator' retrieved from /home/airflow/.local/lib/python3.8/site-packages/airflow/example_dags/example_short_circuit_decorator.py
[2024-01-29T13:11:05.020+0000] {logging_mixin.py:188} INFO - [2024-01-29T13:11:05.020+0000] {dag.py:3036} INFO - Sync 1 DAGs
[2024-01-29T13:11:05.041+0000] {logging_mixin.py:188} INFO - [2024-01-29T13:11:05.041+0000] {dag.py:3823} INFO - Setting next_dagrun for example_short_circuit_decorator to 2024-01-28 00:00:00+00:00, run_after=2024-01-29 00:00:00+00:00
[2024-01-29T13:11:05.059+0000] {processor.py:183} INFO - Processing /home/airflow/.local/lib/python3.8/site-packages/airflow/example_dags/example_short_circuit_decorator.py took 0.075 seconds
[2024-01-29T13:11:35.173+0000] {processor.py:161} INFO - Started process (PID=2308) to work on /home/airflow/.local/lib/python3.8/site-packages/airflow/example_dags/example_short_circuit_decorator.py
[2024-01-29T13:11:35.174+0000] {processor.py:830} INFO - Processing file /home/airflow/.local/lib/python3.8/site-packages/airflow/example_dags/example_short_circuit_decorator.py for tasks to queue
[2024-01-29T13:11:35.175+0000] {logging_mixin.py:188} INFO - [2024-01-29T13:11:35.175+0000] {dagbag.py:538} INFO - Filling up the DagBag from /home/airflow/.local/lib/python3.8/site-packages/airflow/example_dags/example_short_circuit_decorator.py
[2024-01-29T13:11:35.184+0000] {processor.py:840} INFO - DAG(s) 'example_short_circuit_decorator' retrieved from /home/airflow/.local/lib/python3.8/site-packages/airflow/example_dags/example_short_circuit_decorator.py
[2024-01-29T13:11:35.206+0000] {logging_mixin.py:188} INFO - [2024-01-29T13:11:35.206+0000] {dag.py:3036} INFO - Sync 1 DAGs
[2024-01-29T13:11:35.229+0000] {logging_mixin.py:188} INFO - [2024-01-29T13:11:35.229+0000] {dag.py:3823} INFO - Setting next_dagrun for example_short_circuit_decorator to 2024-01-28 00:00:00+00:00, run_after=2024-01-29 00:00:00+00:00
[2024-01-29T13:11:35.248+0000] {processor.py:183} INFO - Processing /home/airflow/.local/lib/python3.8/site-packages/airflow/example_dags/example_short_circuit_decorator.py took 0.078 seconds
[2024-01-29T13:12:06.251+0000] {processor.py:161} INFO - Started process (PID=2364) to work on /home/airflow/.local/lib/python3.8/site-packages/airflow/example_dags/example_short_circuit_decorator.py
[2024-01-29T13:12:06.252+0000] {processor.py:830} INFO - Processing file /home/airflow/.local/lib/python3.8/site-packages/airflow/example_dags/example_short_circuit_decorator.py for tasks to queue
[2024-01-29T13:12:06.253+0000] {logging_mixin.py:188} INFO - [2024-01-29T13:12:06.253+0000] {dagbag.py:538} INFO - Filling up the DagBag from /home/airflow/.local/lib/python3.8/site-packages/airflow/example_dags/example_short_circuit_decorator.py
[2024-01-29T13:12:06.262+0000] {processor.py:840} INFO - DAG(s) 'example_short_circuit_decorator' retrieved from /home/airflow/.local/lib/python3.8/site-packages/airflow/example_dags/example_short_circuit_decorator.py
[2024-01-29T13:12:06.294+0000] {logging_mixin.py:188} INFO - [2024-01-29T13:12:06.294+0000] {dag.py:3036} INFO - Sync 1 DAGs
[2024-01-29T13:12:06.315+0000] {logging_mixin.py:188} INFO - [2024-01-29T13:12:06.315+0000] {dag.py:3823} INFO - Setting next_dagrun for example_short_circuit_decorator to 2024-01-28 00:00:00+00:00, run_after=2024-01-29 00:00:00+00:00
[2024-01-29T13:12:06.333+0000] {processor.py:183} INFO - Processing /home/airflow/.local/lib/python3.8/site-packages/airflow/example_dags/example_short_circuit_decorator.py took 0.085 seconds
[2024-01-29T13:17:25.596+0000] {processor.py:161} INFO - Started process (PID=2411) to work on /home/airflow/.local/lib/python3.8/site-packages/airflow/example_dags/example_short_circuit_decorator.py
[2024-01-29T13:17:25.597+0000] {processor.py:830} INFO - Processing file /home/airflow/.local/lib/python3.8/site-packages/airflow/example_dags/example_short_circuit_decorator.py for tasks to queue
[2024-01-29T13:17:25.599+0000] {logging_mixin.py:188} INFO - [2024-01-29T13:17:25.599+0000] {dagbag.py:538} INFO - Filling up the DagBag from /home/airflow/.local/lib/python3.8/site-packages/airflow/example_dags/example_short_circuit_decorator.py
[2024-01-29T13:17:25.608+0000] {processor.py:840} INFO - DAG(s) 'example_short_circuit_decorator' retrieved from /home/airflow/.local/lib/python3.8/site-packages/airflow/example_dags/example_short_circuit_decorator.py
[2024-01-29T13:17:25.652+0000] {logging_mixin.py:188} INFO - [2024-01-29T13:17:25.651+0000] {dag.py:3036} INFO - Sync 1 DAGs
[2024-01-29T13:17:25.702+0000] {logging_mixin.py:188} INFO - [2024-01-29T13:17:25.701+0000] {dag.py:3823} INFO - Setting next_dagrun for example_short_circuit_decorator to 2024-01-28 00:00:00+00:00, run_after=2024-01-29 00:00:00+00:00
[2024-01-29T13:17:25.735+0000] {processor.py:183} INFO - Processing /home/airflow/.local/lib/python3.8/site-packages/airflow/example_dags/example_short_circuit_decorator.py took 0.142 seconds
[2024-01-29T13:17:55.845+0000] {processor.py:161} INFO - Started process (PID=2467) to work on /home/airflow/.local/lib/python3.8/site-packages/airflow/example_dags/example_short_circuit_decorator.py
[2024-01-29T13:17:55.845+0000] {processor.py:830} INFO - Processing file /home/airflow/.local/lib/python3.8/site-packages/airflow/example_dags/example_short_circuit_decorator.py for tasks to queue
[2024-01-29T13:17:55.847+0000] {logging_mixin.py:188} INFO - [2024-01-29T13:17:55.847+0000] {dagbag.py:538} INFO - Filling up the DagBag from /home/airflow/.local/lib/python3.8/site-packages/airflow/example_dags/example_short_circuit_decorator.py
[2024-01-29T13:17:55.855+0000] {processor.py:840} INFO - DAG(s) 'example_short_circuit_decorator' retrieved from /home/airflow/.local/lib/python3.8/site-packages/airflow/example_dags/example_short_circuit_decorator.py
[2024-01-29T13:17:55.878+0000] {logging_mixin.py:188} INFO - [2024-01-29T13:17:55.877+0000] {dag.py:3036} INFO - Sync 1 DAGs
[2024-01-29T13:17:55.898+0000] {logging_mixin.py:188} INFO - [2024-01-29T13:17:55.898+0000] {dag.py:3823} INFO - Setting next_dagrun for example_short_circuit_decorator to 2024-01-28 00:00:00+00:00, run_after=2024-01-29 00:00:00+00:00
[2024-01-29T13:17:55.915+0000] {processor.py:183} INFO - Processing /home/airflow/.local/lib/python3.8/site-packages/airflow/example_dags/example_short_circuit_decorator.py took 0.074 seconds
[2024-01-29T13:18:26.964+0000] {processor.py:161} INFO - Started process (PID=2523) to work on /home/airflow/.local/lib/python3.8/site-packages/airflow/example_dags/example_short_circuit_decorator.py
[2024-01-29T13:18:26.965+0000] {processor.py:830} INFO - Processing file /home/airflow/.local/lib/python3.8/site-packages/airflow/example_dags/example_short_circuit_decorator.py for tasks to queue
[2024-01-29T13:18:26.967+0000] {logging_mixin.py:188} INFO - [2024-01-29T13:18:26.967+0000] {dagbag.py:538} INFO - Filling up the DagBag from /home/airflow/.local/lib/python3.8/site-packages/airflow/example_dags/example_short_circuit_decorator.py
[2024-01-29T13:18:26.981+0000] {processor.py:840} INFO - DAG(s) 'example_short_circuit_decorator' retrieved from /home/airflow/.local/lib/python3.8/site-packages/airflow/example_dags/example_short_circuit_decorator.py
[2024-01-29T13:18:27.008+0000] {logging_mixin.py:188} INFO - [2024-01-29T13:18:27.008+0000] {dag.py:3036} INFO - Sync 1 DAGs
[2024-01-29T13:18:27.032+0000] {logging_mixin.py:188} INFO - [2024-01-29T13:18:27.031+0000] {dag.py:3823} INFO - Setting next_dagrun for example_short_circuit_decorator to 2024-01-28 00:00:00+00:00, run_after=2024-01-29 00:00:00+00:00
[2024-01-29T13:18:27.051+0000] {processor.py:183} INFO - Processing /home/airflow/.local/lib/python3.8/site-packages/airflow/example_dags/example_short_circuit_decorator.py took 0.092 seconds
