[2024-01-29T12:41:06.683+0000] {processor.py:161} INFO - Started process (PID=43) to work on /home/airflow/.local/lib/python3.8/site-packages/airflow/example_dags/example_xcomargs.py
[2024-01-29T12:41:06.684+0000] {processor.py:830} INFO - Processing file /home/airflow/.local/lib/python3.8/site-packages/airflow/example_dags/example_xcomargs.py for tasks to queue
[2024-01-29T12:41:06.686+0000] {logging_mixin.py:188} INFO - [2024-01-29T12:41:06.686+0000] {dagbag.py:538} INFO - Filling up the DagBag from /home/airflow/.local/lib/python3.8/site-packages/airflow/example_dags/example_xcomargs.py
[2024-01-29T12:41:06.702+0000] {processor.py:840} INFO - DAG(s) 'example_xcom_args_with_operators', 'example_xcom_args' retrieved from /home/airflow/.local/lib/python3.8/site-packages/airflow/example_dags/example_xcomargs.py
[2024-01-29T12:41:06.858+0000] {logging_mixin.py:188} INFO - [2024-01-29T12:41:06.857+0000] {override.py:1769} INFO - Created Permission View: can read on DAG:example_xcom_args_with_operators
[2024-01-29T12:41:06.869+0000] {logging_mixin.py:188} INFO - [2024-01-29T12:41:06.869+0000] {override.py:1769} INFO - Created Permission View: can edit on DAG:example_xcom_args_with_operators
[2024-01-29T12:41:06.877+0000] {logging_mixin.py:188} INFO - [2024-01-29T12:41:06.877+0000] {override.py:1769} INFO - Created Permission View: can delete on DAG:example_xcom_args_with_operators
[2024-01-29T12:41:06.892+0000] {logging_mixin.py:188} INFO - [2024-01-29T12:41:06.891+0000] {override.py:1769} INFO - Created Permission View: can read on DAG:example_xcom_args
[2024-01-29T12:41:06.900+0000] {logging_mixin.py:188} INFO - [2024-01-29T12:41:06.899+0000] {override.py:1769} INFO - Created Permission View: can edit on DAG:example_xcom_args
[2024-01-29T12:41:06.910+0000] {logging_mixin.py:188} INFO - [2024-01-29T12:41:06.909+0000] {override.py:1769} INFO - Created Permission View: can delete on DAG:example_xcom_args
[2024-01-29T12:41:06.911+0000] {logging_mixin.py:188} INFO - [2024-01-29T12:41:06.910+0000] {dag.py:3036} INFO - Sync 2 DAGs
[2024-01-29T12:41:06.932+0000] {logging_mixin.py:188} INFO - [2024-01-29T12:41:06.932+0000] {dag.py:3058} INFO - Creating ORM DAG for example_xcom_args_with_operators
[2024-01-29T12:41:06.934+0000] {logging_mixin.py:188} INFO - [2024-01-29T12:41:06.933+0000] {dag.py:3058} INFO - Creating ORM DAG for example_xcom_args
[2024-01-29T12:41:06.935+0000] {logging_mixin.py:188} INFO - [2024-01-29T12:41:06.934+0000] {dag.py:3823} INFO - Setting next_dagrun for example_xcom_args to None, run_after=None
[2024-01-29T12:41:06.936+0000] {logging_mixin.py:188} INFO - [2024-01-29T12:41:06.935+0000] {dag.py:3823} INFO - Setting next_dagrun for example_xcom_args_with_operators to None, run_after=None
[2024-01-29T12:41:06.969+0000] {processor.py:183} INFO - Processing /home/airflow/.local/lib/python3.8/site-packages/airflow/example_dags/example_xcomargs.py took 0.290 seconds
[2024-01-29T12:41:36.997+0000] {processor.py:161} INFO - Started process (PID=98) to work on /home/airflow/.local/lib/python3.8/site-packages/airflow/example_dags/example_xcomargs.py
[2024-01-29T12:41:36.998+0000] {processor.py:830} INFO - Processing file /home/airflow/.local/lib/python3.8/site-packages/airflow/example_dags/example_xcomargs.py for tasks to queue
[2024-01-29T12:41:37.000+0000] {logging_mixin.py:188} INFO - [2024-01-29T12:41:36.999+0000] {dagbag.py:538} INFO - Filling up the DagBag from /home/airflow/.local/lib/python3.8/site-packages/airflow/example_dags/example_xcomargs.py
[2024-01-29T12:41:37.009+0000] {processor.py:840} INFO - DAG(s) 'example_xcom_args', 'example_xcom_args_with_operators' retrieved from /home/airflow/.local/lib/python3.8/site-packages/airflow/example_dags/example_xcomargs.py
[2024-01-29T12:41:37.032+0000] {logging_mixin.py:188} INFO - [2024-01-29T12:41:37.032+0000] {dag.py:3036} INFO - Sync 2 DAGs
[2024-01-29T12:41:37.045+0000] {logging_mixin.py:188} INFO - [2024-01-29T12:41:37.044+0000] {dag.py:3823} INFO - Setting next_dagrun for example_xcom_args to None, run_after=None
[2024-01-29T12:41:37.048+0000] {logging_mixin.py:188} INFO - [2024-01-29T12:41:37.048+0000] {dag.py:3823} INFO - Setting next_dagrun for example_xcom_args_with_operators to None, run_after=None
[2024-01-29T12:41:37.068+0000] {processor.py:183} INFO - Processing /home/airflow/.local/lib/python3.8/site-packages/airflow/example_dags/example_xcomargs.py took 0.074 seconds
[2024-01-29T12:51:14.218+0000] {processor.py:161} INFO - Started process (PID=44) to work on /home/airflow/.local/lib/python3.8/site-packages/airflow/example_dags/example_xcomargs.py
[2024-01-29T12:51:14.219+0000] {processor.py:830} INFO - Processing file /home/airflow/.local/lib/python3.8/site-packages/airflow/example_dags/example_xcomargs.py for tasks to queue
[2024-01-29T12:51:14.220+0000] {logging_mixin.py:188} INFO - [2024-01-29T12:51:14.220+0000] {dagbag.py:538} INFO - Filling up the DagBag from /home/airflow/.local/lib/python3.8/site-packages/airflow/example_dags/example_xcomargs.py
[2024-01-29T12:51:14.232+0000] {processor.py:840} INFO - DAG(s) 'example_xcom_args', 'example_xcom_args_with_operators' retrieved from /home/airflow/.local/lib/python3.8/site-packages/airflow/example_dags/example_xcomargs.py
[2024-01-29T12:51:14.250+0000] {logging_mixin.py:188} INFO - [2024-01-29T12:51:14.250+0000] {dag.py:3036} INFO - Sync 2 DAGs
[2024-01-29T12:51:14.273+0000] {logging_mixin.py:188} INFO - [2024-01-29T12:51:14.273+0000] {dag.py:3823} INFO - Setting next_dagrun for example_xcom_args to None, run_after=None
[2024-01-29T12:51:14.280+0000] {logging_mixin.py:188} INFO - [2024-01-29T12:51:14.280+0000] {dag.py:3823} INFO - Setting next_dagrun for example_xcom_args_with_operators to None, run_after=None
[2024-01-29T12:51:14.310+0000] {processor.py:183} INFO - Processing /home/airflow/.local/lib/python3.8/site-packages/airflow/example_dags/example_xcomargs.py took 0.095 seconds
[2024-01-29T12:51:44.976+0000] {processor.py:161} INFO - Started process (PID=100) to work on /home/airflow/.local/lib/python3.8/site-packages/airflow/example_dags/example_xcomargs.py
[2024-01-29T12:51:44.977+0000] {processor.py:830} INFO - Processing file /home/airflow/.local/lib/python3.8/site-packages/airflow/example_dags/example_xcomargs.py for tasks to queue
[2024-01-29T12:51:44.978+0000] {logging_mixin.py:188} INFO - [2024-01-29T12:51:44.978+0000] {dagbag.py:538} INFO - Filling up the DagBag from /home/airflow/.local/lib/python3.8/site-packages/airflow/example_dags/example_xcomargs.py
[2024-01-29T12:51:44.986+0000] {processor.py:840} INFO - DAG(s) 'example_xcom_args_with_operators', 'example_xcom_args' retrieved from /home/airflow/.local/lib/python3.8/site-packages/airflow/example_dags/example_xcomargs.py
[2024-01-29T12:51:45.103+0000] {logging_mixin.py:188} INFO - [2024-01-29T12:51:45.102+0000] {dag.py:3036} INFO - Sync 2 DAGs
[2024-01-29T12:51:45.113+0000] {logging_mixin.py:188} INFO - [2024-01-29T12:51:45.113+0000] {dag.py:3823} INFO - Setting next_dagrun for example_xcom_args to None, run_after=None
[2024-01-29T12:51:45.116+0000] {logging_mixin.py:188} INFO - [2024-01-29T12:51:45.116+0000] {dag.py:3823} INFO - Setting next_dagrun for example_xcom_args_with_operators to None, run_after=None
[2024-01-29T12:51:45.134+0000] {processor.py:183} INFO - Processing /home/airflow/.local/lib/python3.8/site-packages/airflow/example_dags/example_xcomargs.py took 0.161 seconds
[2024-01-29T12:52:15.856+0000] {processor.py:161} INFO - Started process (PID=156) to work on /home/airflow/.local/lib/python3.8/site-packages/airflow/example_dags/example_xcomargs.py
[2024-01-29T12:52:15.857+0000] {processor.py:830} INFO - Processing file /home/airflow/.local/lib/python3.8/site-packages/airflow/example_dags/example_xcomargs.py for tasks to queue
[2024-01-29T12:52:15.859+0000] {logging_mixin.py:188} INFO - [2024-01-29T12:52:15.859+0000] {dagbag.py:538} INFO - Filling up the DagBag from /home/airflow/.local/lib/python3.8/site-packages/airflow/example_dags/example_xcomargs.py
[2024-01-29T12:52:15.867+0000] {processor.py:840} INFO - DAG(s) 'example_xcom_args_with_operators', 'example_xcom_args' retrieved from /home/airflow/.local/lib/python3.8/site-packages/airflow/example_dags/example_xcomargs.py
[2024-01-29T12:52:15.890+0000] {logging_mixin.py:188} INFO - [2024-01-29T12:52:15.889+0000] {dag.py:3036} INFO - Sync 2 DAGs
[2024-01-29T12:52:15.902+0000] {logging_mixin.py:188} INFO - [2024-01-29T12:52:15.901+0000] {dag.py:3823} INFO - Setting next_dagrun for example_xcom_args to None, run_after=None
[2024-01-29T12:52:15.905+0000] {logging_mixin.py:188} INFO - [2024-01-29T12:52:15.905+0000] {dag.py:3823} INFO - Setting next_dagrun for example_xcom_args_with_operators to None, run_after=None
[2024-01-29T12:52:15.922+0000] {processor.py:183} INFO - Processing /home/airflow/.local/lib/python3.8/site-packages/airflow/example_dags/example_xcomargs.py took 0.068 seconds
[2024-01-29T12:52:46.856+0000] {processor.py:161} INFO - Started process (PID=212) to work on /home/airflow/.local/lib/python3.8/site-packages/airflow/example_dags/example_xcomargs.py
[2024-01-29T12:52:46.857+0000] {processor.py:830} INFO - Processing file /home/airflow/.local/lib/python3.8/site-packages/airflow/example_dags/example_xcomargs.py for tasks to queue
[2024-01-29T12:52:46.858+0000] {logging_mixin.py:188} INFO - [2024-01-29T12:52:46.858+0000] {dagbag.py:538} INFO - Filling up the DagBag from /home/airflow/.local/lib/python3.8/site-packages/airflow/example_dags/example_xcomargs.py
[2024-01-29T12:52:46.866+0000] {processor.py:840} INFO - DAG(s) 'example_xcom_args_with_operators', 'example_xcom_args' retrieved from /home/airflow/.local/lib/python3.8/site-packages/airflow/example_dags/example_xcomargs.py
[2024-01-29T12:52:46.889+0000] {logging_mixin.py:188} INFO - [2024-01-29T12:52:46.889+0000] {dag.py:3036} INFO - Sync 2 DAGs
[2024-01-29T12:52:46.902+0000] {logging_mixin.py:188} INFO - [2024-01-29T12:52:46.901+0000] {dag.py:3823} INFO - Setting next_dagrun for example_xcom_args to None, run_after=None
[2024-01-29T12:52:46.905+0000] {logging_mixin.py:188} INFO - [2024-01-29T12:52:46.905+0000] {dag.py:3823} INFO - Setting next_dagrun for example_xcom_args_with_operators to None, run_after=None
[2024-01-29T12:52:46.922+0000] {processor.py:183} INFO - Processing /home/airflow/.local/lib/python3.8/site-packages/airflow/example_dags/example_xcomargs.py took 0.069 seconds
[2024-01-29T12:53:17.048+0000] {processor.py:161} INFO - Started process (PID=268) to work on /home/airflow/.local/lib/python3.8/site-packages/airflow/example_dags/example_xcomargs.py
[2024-01-29T12:53:17.049+0000] {processor.py:830} INFO - Processing file /home/airflow/.local/lib/python3.8/site-packages/airflow/example_dags/example_xcomargs.py for tasks to queue
[2024-01-29T12:53:17.050+0000] {logging_mixin.py:188} INFO - [2024-01-29T12:53:17.050+0000] {dagbag.py:538} INFO - Filling up the DagBag from /home/airflow/.local/lib/python3.8/site-packages/airflow/example_dags/example_xcomargs.py
[2024-01-29T12:53:17.058+0000] {processor.py:840} INFO - DAG(s) 'example_xcom_args', 'example_xcom_args_with_operators' retrieved from /home/airflow/.local/lib/python3.8/site-packages/airflow/example_dags/example_xcomargs.py
[2024-01-29T12:53:17.081+0000] {logging_mixin.py:188} INFO - [2024-01-29T12:53:17.081+0000] {dag.py:3036} INFO - Sync 2 DAGs
[2024-01-29T12:53:17.095+0000] {logging_mixin.py:188} INFO - [2024-01-29T12:53:17.095+0000] {dag.py:3823} INFO - Setting next_dagrun for example_xcom_args to None, run_after=None
[2024-01-29T12:53:17.099+0000] {logging_mixin.py:188} INFO - [2024-01-29T12:53:17.098+0000] {dag.py:3823} INFO - Setting next_dagrun for example_xcom_args_with_operators to None, run_after=None
[2024-01-29T12:53:17.117+0000] {processor.py:183} INFO - Processing /home/airflow/.local/lib/python3.8/site-packages/airflow/example_dags/example_xcomargs.py took 0.073 seconds
[2024-01-29T12:53:47.223+0000] {processor.py:161} INFO - Started process (PID=324) to work on /home/airflow/.local/lib/python3.8/site-packages/airflow/example_dags/example_xcomargs.py
[2024-01-29T12:53:47.224+0000] {processor.py:830} INFO - Processing file /home/airflow/.local/lib/python3.8/site-packages/airflow/example_dags/example_xcomargs.py for tasks to queue
[2024-01-29T12:53:47.226+0000] {logging_mixin.py:188} INFO - [2024-01-29T12:53:47.225+0000] {dagbag.py:538} INFO - Filling up the DagBag from /home/airflow/.local/lib/python3.8/site-packages/airflow/example_dags/example_xcomargs.py
[2024-01-29T12:53:47.234+0000] {processor.py:840} INFO - DAG(s) 'example_xcom_args', 'example_xcom_args_with_operators' retrieved from /home/airflow/.local/lib/python3.8/site-packages/airflow/example_dags/example_xcomargs.py
[2024-01-29T12:53:47.257+0000] {logging_mixin.py:188} INFO - [2024-01-29T12:53:47.256+0000] {dag.py:3036} INFO - Sync 2 DAGs
[2024-01-29T12:53:47.269+0000] {logging_mixin.py:188} INFO - [2024-01-29T12:53:47.269+0000] {dag.py:3823} INFO - Setting next_dagrun for example_xcom_args to None, run_after=None
[2024-01-29T12:53:47.273+0000] {logging_mixin.py:188} INFO - [2024-01-29T12:53:47.273+0000] {dag.py:3823} INFO - Setting next_dagrun for example_xcom_args_with_operators to None, run_after=None
[2024-01-29T12:53:47.289+0000] {processor.py:183} INFO - Processing /home/airflow/.local/lib/python3.8/site-packages/airflow/example_dags/example_xcomargs.py took 0.069 seconds
[2024-01-29T12:54:17.537+0000] {processor.py:161} INFO - Started process (PID=380) to work on /home/airflow/.local/lib/python3.8/site-packages/airflow/example_dags/example_xcomargs.py
[2024-01-29T12:54:17.538+0000] {processor.py:830} INFO - Processing file /home/airflow/.local/lib/python3.8/site-packages/airflow/example_dags/example_xcomargs.py for tasks to queue
[2024-01-29T12:54:17.540+0000] {logging_mixin.py:188} INFO - [2024-01-29T12:54:17.539+0000] {dagbag.py:538} INFO - Filling up the DagBag from /home/airflow/.local/lib/python3.8/site-packages/airflow/example_dags/example_xcomargs.py
[2024-01-29T12:54:17.547+0000] {processor.py:840} INFO - DAG(s) 'example_xcom_args_with_operators', 'example_xcom_args' retrieved from /home/airflow/.local/lib/python3.8/site-packages/airflow/example_dags/example_xcomargs.py
[2024-01-29T12:54:17.571+0000] {logging_mixin.py:188} INFO - [2024-01-29T12:54:17.571+0000] {dag.py:3036} INFO - Sync 2 DAGs
[2024-01-29T12:54:17.583+0000] {logging_mixin.py:188} INFO - [2024-01-29T12:54:17.583+0000] {dag.py:3823} INFO - Setting next_dagrun for example_xcom_args to None, run_after=None
[2024-01-29T12:54:17.587+0000] {logging_mixin.py:188} INFO - [2024-01-29T12:54:17.587+0000] {dag.py:3823} INFO - Setting next_dagrun for example_xcom_args_with_operators to None, run_after=None
[2024-01-29T12:54:17.603+0000] {processor.py:183} INFO - Processing /home/airflow/.local/lib/python3.8/site-packages/airflow/example_dags/example_xcomargs.py took 0.069 seconds
[2024-01-29T12:54:47.729+0000] {processor.py:161} INFO - Started process (PID=436) to work on /home/airflow/.local/lib/python3.8/site-packages/airflow/example_dags/example_xcomargs.py
[2024-01-29T12:54:47.730+0000] {processor.py:830} INFO - Processing file /home/airflow/.local/lib/python3.8/site-packages/airflow/example_dags/example_xcomargs.py for tasks to queue
[2024-01-29T12:54:47.731+0000] {logging_mixin.py:188} INFO - [2024-01-29T12:54:47.731+0000] {dagbag.py:538} INFO - Filling up the DagBag from /home/airflow/.local/lib/python3.8/site-packages/airflow/example_dags/example_xcomargs.py
[2024-01-29T12:54:47.739+0000] {processor.py:840} INFO - DAG(s) 'example_xcom_args_with_operators', 'example_xcom_args' retrieved from /home/airflow/.local/lib/python3.8/site-packages/airflow/example_dags/example_xcomargs.py
[2024-01-29T12:54:47.765+0000] {logging_mixin.py:188} INFO - [2024-01-29T12:54:47.765+0000] {dag.py:3036} INFO - Sync 2 DAGs
[2024-01-29T12:54:47.778+0000] {logging_mixin.py:188} INFO - [2024-01-29T12:54:47.778+0000] {dag.py:3823} INFO - Setting next_dagrun for example_xcom_args to None, run_after=None
[2024-01-29T12:54:47.781+0000] {logging_mixin.py:188} INFO - [2024-01-29T12:54:47.781+0000] {dag.py:3823} INFO - Setting next_dagrun for example_xcom_args_with_operators to None, run_after=None
[2024-01-29T12:54:47.798+0000] {processor.py:183} INFO - Processing /home/airflow/.local/lib/python3.8/site-packages/airflow/example_dags/example_xcomargs.py took 0.072 seconds
[2024-01-29T12:55:18.102+0000] {processor.py:161} INFO - Started process (PID=492) to work on /home/airflow/.local/lib/python3.8/site-packages/airflow/example_dags/example_xcomargs.py
[2024-01-29T12:55:18.103+0000] {processor.py:830} INFO - Processing file /home/airflow/.local/lib/python3.8/site-packages/airflow/example_dags/example_xcomargs.py for tasks to queue
[2024-01-29T12:55:18.104+0000] {logging_mixin.py:188} INFO - [2024-01-29T12:55:18.104+0000] {dagbag.py:538} INFO - Filling up the DagBag from /home/airflow/.local/lib/python3.8/site-packages/airflow/example_dags/example_xcomargs.py
[2024-01-29T12:55:18.114+0000] {processor.py:840} INFO - DAG(s) 'example_xcom_args', 'example_xcom_args_with_operators' retrieved from /home/airflow/.local/lib/python3.8/site-packages/airflow/example_dags/example_xcomargs.py
[2024-01-29T12:55:18.139+0000] {logging_mixin.py:188} INFO - [2024-01-29T12:55:18.139+0000] {dag.py:3036} INFO - Sync 2 DAGs
[2024-01-29T12:55:18.153+0000] {logging_mixin.py:188} INFO - [2024-01-29T12:55:18.153+0000] {dag.py:3823} INFO - Setting next_dagrun for example_xcom_args to None, run_after=None
[2024-01-29T12:55:18.157+0000] {logging_mixin.py:188} INFO - [2024-01-29T12:55:18.157+0000] {dag.py:3823} INFO - Setting next_dagrun for example_xcom_args_with_operators to None, run_after=None
[2024-01-29T12:55:18.174+0000] {processor.py:183} INFO - Processing /home/airflow/.local/lib/python3.8/site-packages/airflow/example_dags/example_xcomargs.py took 0.076 seconds
[2024-01-29T12:55:48.315+0000] {processor.py:161} INFO - Started process (PID=548) to work on /home/airflow/.local/lib/python3.8/site-packages/airflow/example_dags/example_xcomargs.py
[2024-01-29T12:55:48.316+0000] {processor.py:830} INFO - Processing file /home/airflow/.local/lib/python3.8/site-packages/airflow/example_dags/example_xcomargs.py for tasks to queue
[2024-01-29T12:55:48.317+0000] {logging_mixin.py:188} INFO - [2024-01-29T12:55:48.317+0000] {dagbag.py:538} INFO - Filling up the DagBag from /home/airflow/.local/lib/python3.8/site-packages/airflow/example_dags/example_xcomargs.py
[2024-01-29T12:55:48.325+0000] {processor.py:840} INFO - DAG(s) 'example_xcom_args_with_operators', 'example_xcom_args' retrieved from /home/airflow/.local/lib/python3.8/site-packages/airflow/example_dags/example_xcomargs.py
[2024-01-29T12:55:48.348+0000] {logging_mixin.py:188} INFO - [2024-01-29T12:55:48.348+0000] {dag.py:3036} INFO - Sync 2 DAGs
[2024-01-29T12:55:48.362+0000] {logging_mixin.py:188} INFO - [2024-01-29T12:55:48.362+0000] {dag.py:3823} INFO - Setting next_dagrun for example_xcom_args to None, run_after=None
[2024-01-29T12:55:48.366+0000] {logging_mixin.py:188} INFO - [2024-01-29T12:55:48.366+0000] {dag.py:3823} INFO - Setting next_dagrun for example_xcom_args_with_operators to None, run_after=None
[2024-01-29T12:55:48.384+0000] {processor.py:183} INFO - Processing /home/airflow/.local/lib/python3.8/site-packages/airflow/example_dags/example_xcomargs.py took 0.072 seconds
[2024-01-29T12:56:18.743+0000] {processor.py:161} INFO - Started process (PID=604) to work on /home/airflow/.local/lib/python3.8/site-packages/airflow/example_dags/example_xcomargs.py
[2024-01-29T12:56:18.744+0000] {processor.py:830} INFO - Processing file /home/airflow/.local/lib/python3.8/site-packages/airflow/example_dags/example_xcomargs.py for tasks to queue
[2024-01-29T12:56:18.746+0000] {logging_mixin.py:188} INFO - [2024-01-29T12:56:18.746+0000] {dagbag.py:538} INFO - Filling up the DagBag from /home/airflow/.local/lib/python3.8/site-packages/airflow/example_dags/example_xcomargs.py
[2024-01-29T12:56:18.754+0000] {processor.py:840} INFO - DAG(s) 'example_xcom_args_with_operators', 'example_xcom_args' retrieved from /home/airflow/.local/lib/python3.8/site-packages/airflow/example_dags/example_xcomargs.py
[2024-01-29T12:56:18.776+0000] {logging_mixin.py:188} INFO - [2024-01-29T12:56:18.776+0000] {dag.py:3036} INFO - Sync 2 DAGs
[2024-01-29T12:56:18.788+0000] {logging_mixin.py:188} INFO - [2024-01-29T12:56:18.788+0000] {dag.py:3823} INFO - Setting next_dagrun for example_xcom_args to None, run_after=None
[2024-01-29T12:56:18.792+0000] {logging_mixin.py:188} INFO - [2024-01-29T12:56:18.791+0000] {dag.py:3823} INFO - Setting next_dagrun for example_xcom_args_with_operators to None, run_after=None
[2024-01-29T12:56:18.807+0000] {processor.py:183} INFO - Processing /home/airflow/.local/lib/python3.8/site-packages/airflow/example_dags/example_xcomargs.py took 0.067 seconds
[2024-01-29T12:56:48.993+0000] {processor.py:161} INFO - Started process (PID=660) to work on /home/airflow/.local/lib/python3.8/site-packages/airflow/example_dags/example_xcomargs.py
[2024-01-29T12:56:48.994+0000] {processor.py:830} INFO - Processing file /home/airflow/.local/lib/python3.8/site-packages/airflow/example_dags/example_xcomargs.py for tasks to queue
[2024-01-29T12:56:48.996+0000] {logging_mixin.py:188} INFO - [2024-01-29T12:56:48.996+0000] {dagbag.py:538} INFO - Filling up the DagBag from /home/airflow/.local/lib/python3.8/site-packages/airflow/example_dags/example_xcomargs.py
[2024-01-29T12:56:49.004+0000] {processor.py:840} INFO - DAG(s) 'example_xcom_args_with_operators', 'example_xcom_args' retrieved from /home/airflow/.local/lib/python3.8/site-packages/airflow/example_dags/example_xcomargs.py
[2024-01-29T12:56:49.028+0000] {logging_mixin.py:188} INFO - [2024-01-29T12:56:49.028+0000] {dag.py:3036} INFO - Sync 2 DAGs
[2024-01-29T12:56:49.043+0000] {logging_mixin.py:188} INFO - [2024-01-29T12:56:49.042+0000] {dag.py:3823} INFO - Setting next_dagrun for example_xcom_args to None, run_after=None
[2024-01-29T12:56:49.046+0000] {logging_mixin.py:188} INFO - [2024-01-29T12:56:49.046+0000] {dag.py:3823} INFO - Setting next_dagrun for example_xcom_args_with_operators to None, run_after=None
[2024-01-29T12:56:49.063+0000] {processor.py:183} INFO - Processing /home/airflow/.local/lib/python3.8/site-packages/airflow/example_dags/example_xcomargs.py took 0.073 seconds
[2024-01-29T12:57:19.161+0000] {processor.py:161} INFO - Started process (PID=716) to work on /home/airflow/.local/lib/python3.8/site-packages/airflow/example_dags/example_xcomargs.py
[2024-01-29T12:57:19.162+0000] {processor.py:830} INFO - Processing file /home/airflow/.local/lib/python3.8/site-packages/airflow/example_dags/example_xcomargs.py for tasks to queue
[2024-01-29T12:57:19.164+0000] {logging_mixin.py:188} INFO - [2024-01-29T12:57:19.164+0000] {dagbag.py:538} INFO - Filling up the DagBag from /home/airflow/.local/lib/python3.8/site-packages/airflow/example_dags/example_xcomargs.py
[2024-01-29T12:57:19.172+0000] {processor.py:840} INFO - DAG(s) 'example_xcom_args_with_operators', 'example_xcom_args' retrieved from /home/airflow/.local/lib/python3.8/site-packages/airflow/example_dags/example_xcomargs.py
[2024-01-29T12:57:19.201+0000] {logging_mixin.py:188} INFO - [2024-01-29T12:57:19.201+0000] {dag.py:3036} INFO - Sync 2 DAGs
[2024-01-29T12:57:19.221+0000] {logging_mixin.py:188} INFO - [2024-01-29T12:57:19.221+0000] {dag.py:3823} INFO - Setting next_dagrun for example_xcom_args to None, run_after=None
[2024-01-29T12:57:19.224+0000] {logging_mixin.py:188} INFO - [2024-01-29T12:57:19.224+0000] {dag.py:3823} INFO - Setting next_dagrun for example_xcom_args_with_operators to None, run_after=None
[2024-01-29T12:57:19.241+0000] {processor.py:183} INFO - Processing /home/airflow/.local/lib/python3.8/site-packages/airflow/example_dags/example_xcomargs.py took 0.083 seconds
[2024-01-29T12:57:49.409+0000] {processor.py:161} INFO - Started process (PID=772) to work on /home/airflow/.local/lib/python3.8/site-packages/airflow/example_dags/example_xcomargs.py
[2024-01-29T12:57:49.410+0000] {processor.py:830} INFO - Processing file /home/airflow/.local/lib/python3.8/site-packages/airflow/example_dags/example_xcomargs.py for tasks to queue
[2024-01-29T12:57:49.412+0000] {logging_mixin.py:188} INFO - [2024-01-29T12:57:49.411+0000] {dagbag.py:538} INFO - Filling up the DagBag from /home/airflow/.local/lib/python3.8/site-packages/airflow/example_dags/example_xcomargs.py
[2024-01-29T12:57:49.419+0000] {processor.py:840} INFO - DAG(s) 'example_xcom_args_with_operators', 'example_xcom_args' retrieved from /home/airflow/.local/lib/python3.8/site-packages/airflow/example_dags/example_xcomargs.py
[2024-01-29T12:57:49.443+0000] {logging_mixin.py:188} INFO - [2024-01-29T12:57:49.442+0000] {dag.py:3036} INFO - Sync 2 DAGs
[2024-01-29T12:57:49.455+0000] {logging_mixin.py:188} INFO - [2024-01-29T12:57:49.455+0000] {dag.py:3823} INFO - Setting next_dagrun for example_xcom_args to None, run_after=None
[2024-01-29T12:57:49.459+0000] {logging_mixin.py:188} INFO - [2024-01-29T12:57:49.459+0000] {dag.py:3823} INFO - Setting next_dagrun for example_xcom_args_with_operators to None, run_after=None
[2024-01-29T12:57:49.475+0000] {processor.py:183} INFO - Processing /home/airflow/.local/lib/python3.8/site-packages/airflow/example_dags/example_xcomargs.py took 0.069 seconds
[2024-01-29T12:58:19.580+0000] {processor.py:161} INFO - Started process (PID=828) to work on /home/airflow/.local/lib/python3.8/site-packages/airflow/example_dags/example_xcomargs.py
[2024-01-29T12:58:19.581+0000] {processor.py:830} INFO - Processing file /home/airflow/.local/lib/python3.8/site-packages/airflow/example_dags/example_xcomargs.py for tasks to queue
[2024-01-29T12:58:19.582+0000] {logging_mixin.py:188} INFO - [2024-01-29T12:58:19.582+0000] {dagbag.py:538} INFO - Filling up the DagBag from /home/airflow/.local/lib/python3.8/site-packages/airflow/example_dags/example_xcomargs.py
[2024-01-29T12:58:19.590+0000] {processor.py:840} INFO - DAG(s) 'example_xcom_args_with_operators', 'example_xcom_args' retrieved from /home/airflow/.local/lib/python3.8/site-packages/airflow/example_dags/example_xcomargs.py
[2024-01-29T12:58:19.613+0000] {logging_mixin.py:188} INFO - [2024-01-29T12:58:19.612+0000] {dag.py:3036} INFO - Sync 2 DAGs
[2024-01-29T12:58:19.627+0000] {logging_mixin.py:188} INFO - [2024-01-29T12:58:19.627+0000] {dag.py:3823} INFO - Setting next_dagrun for example_xcom_args to None, run_after=None
[2024-01-29T12:58:19.631+0000] {logging_mixin.py:188} INFO - [2024-01-29T12:58:19.631+0000] {dag.py:3823} INFO - Setting next_dagrun for example_xcom_args_with_operators to None, run_after=None
[2024-01-29T12:58:19.648+0000] {processor.py:183} INFO - Processing /home/airflow/.local/lib/python3.8/site-packages/airflow/example_dags/example_xcomargs.py took 0.072 seconds
[2024-01-29T12:58:50.180+0000] {processor.py:161} INFO - Started process (PID=884) to work on /home/airflow/.local/lib/python3.8/site-packages/airflow/example_dags/example_xcomargs.py
[2024-01-29T12:58:50.181+0000] {processor.py:830} INFO - Processing file /home/airflow/.local/lib/python3.8/site-packages/airflow/example_dags/example_xcomargs.py for tasks to queue
[2024-01-29T12:58:50.182+0000] {logging_mixin.py:188} INFO - [2024-01-29T12:58:50.182+0000] {dagbag.py:538} INFO - Filling up the DagBag from /home/airflow/.local/lib/python3.8/site-packages/airflow/example_dags/example_xcomargs.py
[2024-01-29T12:58:50.190+0000] {processor.py:840} INFO - DAG(s) 'example_xcom_args', 'example_xcom_args_with_operators' retrieved from /home/airflow/.local/lib/python3.8/site-packages/airflow/example_dags/example_xcomargs.py
[2024-01-29T12:58:50.214+0000] {logging_mixin.py:188} INFO - [2024-01-29T12:58:50.214+0000] {dag.py:3036} INFO - Sync 2 DAGs
[2024-01-29T12:58:50.227+0000] {logging_mixin.py:188} INFO - [2024-01-29T12:58:50.227+0000] {dag.py:3823} INFO - Setting next_dagrun for example_xcom_args to None, run_after=None
[2024-01-29T12:58:50.231+0000] {logging_mixin.py:188} INFO - [2024-01-29T12:58:50.231+0000] {dag.py:3823} INFO - Setting next_dagrun for example_xcom_args_with_operators to None, run_after=None
[2024-01-29T12:58:50.248+0000] {processor.py:183} INFO - Processing /home/airflow/.local/lib/python3.8/site-packages/airflow/example_dags/example_xcomargs.py took 0.071 seconds
[2024-01-29T12:59:20.426+0000] {processor.py:161} INFO - Started process (PID=940) to work on /home/airflow/.local/lib/python3.8/site-packages/airflow/example_dags/example_xcomargs.py
[2024-01-29T12:59:20.427+0000] {processor.py:830} INFO - Processing file /home/airflow/.local/lib/python3.8/site-packages/airflow/example_dags/example_xcomargs.py for tasks to queue
[2024-01-29T12:59:20.428+0000] {logging_mixin.py:188} INFO - [2024-01-29T12:59:20.428+0000] {dagbag.py:538} INFO - Filling up the DagBag from /home/airflow/.local/lib/python3.8/site-packages/airflow/example_dags/example_xcomargs.py
[2024-01-29T12:59:20.436+0000] {processor.py:840} INFO - DAG(s) 'example_xcom_args', 'example_xcom_args_with_operators' retrieved from /home/airflow/.local/lib/python3.8/site-packages/airflow/example_dags/example_xcomargs.py
[2024-01-29T12:59:20.459+0000] {logging_mixin.py:188} INFO - [2024-01-29T12:59:20.459+0000] {dag.py:3036} INFO - Sync 2 DAGs
[2024-01-29T12:59:20.471+0000] {logging_mixin.py:188} INFO - [2024-01-29T12:59:20.471+0000] {dag.py:3823} INFO - Setting next_dagrun for example_xcom_args to None, run_after=None
[2024-01-29T12:59:20.475+0000] {logging_mixin.py:188} INFO - [2024-01-29T12:59:20.475+0000] {dag.py:3823} INFO - Setting next_dagrun for example_xcom_args_with_operators to None, run_after=None
[2024-01-29T12:59:20.493+0000] {processor.py:183} INFO - Processing /home/airflow/.local/lib/python3.8/site-packages/airflow/example_dags/example_xcomargs.py took 0.070 seconds
[2024-01-29T12:59:50.587+0000] {processor.py:161} INFO - Started process (PID=996) to work on /home/airflow/.local/lib/python3.8/site-packages/airflow/example_dags/example_xcomargs.py
[2024-01-29T12:59:50.588+0000] {processor.py:830} INFO - Processing file /home/airflow/.local/lib/python3.8/site-packages/airflow/example_dags/example_xcomargs.py for tasks to queue
[2024-01-29T12:59:50.590+0000] {logging_mixin.py:188} INFO - [2024-01-29T12:59:50.589+0000] {dagbag.py:538} INFO - Filling up the DagBag from /home/airflow/.local/lib/python3.8/site-packages/airflow/example_dags/example_xcomargs.py
[2024-01-29T12:59:50.597+0000] {processor.py:840} INFO - DAG(s) 'example_xcom_args', 'example_xcom_args_with_operators' retrieved from /home/airflow/.local/lib/python3.8/site-packages/airflow/example_dags/example_xcomargs.py
[2024-01-29T12:59:50.621+0000] {logging_mixin.py:188} INFO - [2024-01-29T12:59:50.621+0000] {dag.py:3036} INFO - Sync 2 DAGs
[2024-01-29T12:59:50.633+0000] {logging_mixin.py:188} INFO - [2024-01-29T12:59:50.633+0000] {dag.py:3823} INFO - Setting next_dagrun for example_xcom_args to None, run_after=None
[2024-01-29T12:59:50.637+0000] {logging_mixin.py:188} INFO - [2024-01-29T12:59:50.637+0000] {dag.py:3823} INFO - Setting next_dagrun for example_xcom_args_with_operators to None, run_after=None
[2024-01-29T12:59:50.653+0000] {processor.py:183} INFO - Processing /home/airflow/.local/lib/python3.8/site-packages/airflow/example_dags/example_xcomargs.py took 0.069 seconds
[2024-01-29T13:00:20.729+0000] {processor.py:161} INFO - Started process (PID=1052) to work on /home/airflow/.local/lib/python3.8/site-packages/airflow/example_dags/example_xcomargs.py
[2024-01-29T13:00:20.730+0000] {processor.py:830} INFO - Processing file /home/airflow/.local/lib/python3.8/site-packages/airflow/example_dags/example_xcomargs.py for tasks to queue
[2024-01-29T13:00:20.731+0000] {logging_mixin.py:188} INFO - [2024-01-29T13:00:20.731+0000] {dagbag.py:538} INFO - Filling up the DagBag from /home/airflow/.local/lib/python3.8/site-packages/airflow/example_dags/example_xcomargs.py
[2024-01-29T13:00:20.740+0000] {processor.py:840} INFO - DAG(s) 'example_xcom_args_with_operators', 'example_xcom_args' retrieved from /home/airflow/.local/lib/python3.8/site-packages/airflow/example_dags/example_xcomargs.py
[2024-01-29T13:00:20.768+0000] {logging_mixin.py:188} INFO - [2024-01-29T13:00:20.768+0000] {dag.py:3036} INFO - Sync 2 DAGs
[2024-01-29T13:00:20.781+0000] {logging_mixin.py:188} INFO - [2024-01-29T13:00:20.781+0000] {dag.py:3823} INFO - Setting next_dagrun for example_xcom_args to None, run_after=None
[2024-01-29T13:00:20.785+0000] {logging_mixin.py:188} INFO - [2024-01-29T13:00:20.785+0000] {dag.py:3823} INFO - Setting next_dagrun for example_xcom_args_with_operators to None, run_after=None
[2024-01-29T13:00:20.801+0000] {processor.py:183} INFO - Processing /home/airflow/.local/lib/python3.8/site-packages/airflow/example_dags/example_xcomargs.py took 0.075 seconds
[2024-01-29T13:00:51.052+0000] {processor.py:161} INFO - Started process (PID=1108) to work on /home/airflow/.local/lib/python3.8/site-packages/airflow/example_dags/example_xcomargs.py
[2024-01-29T13:00:51.053+0000] {processor.py:830} INFO - Processing file /home/airflow/.local/lib/python3.8/site-packages/airflow/example_dags/example_xcomargs.py for tasks to queue
[2024-01-29T13:00:51.054+0000] {logging_mixin.py:188} INFO - [2024-01-29T13:00:51.054+0000] {dagbag.py:538} INFO - Filling up the DagBag from /home/airflow/.local/lib/python3.8/site-packages/airflow/example_dags/example_xcomargs.py
[2024-01-29T13:00:51.062+0000] {processor.py:840} INFO - DAG(s) 'example_xcom_args', 'example_xcom_args_with_operators' retrieved from /home/airflow/.local/lib/python3.8/site-packages/airflow/example_dags/example_xcomargs.py
[2024-01-29T13:00:51.088+0000] {logging_mixin.py:188} INFO - [2024-01-29T13:00:51.088+0000] {dag.py:3036} INFO - Sync 2 DAGs
[2024-01-29T13:00:51.105+0000] {logging_mixin.py:188} INFO - [2024-01-29T13:00:51.105+0000] {dag.py:3823} INFO - Setting next_dagrun for example_xcom_args to None, run_after=None
[2024-01-29T13:00:51.110+0000] {logging_mixin.py:188} INFO - [2024-01-29T13:00:51.109+0000] {dag.py:3823} INFO - Setting next_dagrun for example_xcom_args_with_operators to None, run_after=None
[2024-01-29T13:00:51.127+0000] {processor.py:183} INFO - Processing /home/airflow/.local/lib/python3.8/site-packages/airflow/example_dags/example_xcomargs.py took 0.078 seconds
[2024-01-29T13:01:21.461+0000] {processor.py:161} INFO - Started process (PID=1163) to work on /home/airflow/.local/lib/python3.8/site-packages/airflow/example_dags/example_xcomargs.py
[2024-01-29T13:01:21.462+0000] {processor.py:830} INFO - Processing file /home/airflow/.local/lib/python3.8/site-packages/airflow/example_dags/example_xcomargs.py for tasks to queue
[2024-01-29T13:01:21.464+0000] {logging_mixin.py:188} INFO - [2024-01-29T13:01:21.463+0000] {dagbag.py:538} INFO - Filling up the DagBag from /home/airflow/.local/lib/python3.8/site-packages/airflow/example_dags/example_xcomargs.py
[2024-01-29T13:01:21.471+0000] {processor.py:840} INFO - DAG(s) 'example_xcom_args_with_operators', 'example_xcom_args' retrieved from /home/airflow/.local/lib/python3.8/site-packages/airflow/example_dags/example_xcomargs.py
[2024-01-29T13:01:21.496+0000] {logging_mixin.py:188} INFO - [2024-01-29T13:01:21.496+0000] {dag.py:3036} INFO - Sync 2 DAGs
[2024-01-29T13:01:21.510+0000] {logging_mixin.py:188} INFO - [2024-01-29T13:01:21.509+0000] {dag.py:3823} INFO - Setting next_dagrun for example_xcom_args to None, run_after=None
[2024-01-29T13:01:21.514+0000] {logging_mixin.py:188} INFO - [2024-01-29T13:01:21.514+0000] {dag.py:3823} INFO - Setting next_dagrun for example_xcom_args_with_operators to None, run_after=None
[2024-01-29T13:01:21.529+0000] {processor.py:183} INFO - Processing /home/airflow/.local/lib/python3.8/site-packages/airflow/example_dags/example_xcomargs.py took 0.071 seconds
[2024-01-29T13:01:52.176+0000] {processor.py:161} INFO - Started process (PID=1219) to work on /home/airflow/.local/lib/python3.8/site-packages/airflow/example_dags/example_xcomargs.py
[2024-01-29T13:01:52.177+0000] {processor.py:830} INFO - Processing file /home/airflow/.local/lib/python3.8/site-packages/airflow/example_dags/example_xcomargs.py for tasks to queue
[2024-01-29T13:01:52.178+0000] {logging_mixin.py:188} INFO - [2024-01-29T13:01:52.178+0000] {dagbag.py:538} INFO - Filling up the DagBag from /home/airflow/.local/lib/python3.8/site-packages/airflow/example_dags/example_xcomargs.py
[2024-01-29T13:01:52.186+0000] {processor.py:840} INFO - DAG(s) 'example_xcom_args', 'example_xcom_args_with_operators' retrieved from /home/airflow/.local/lib/python3.8/site-packages/airflow/example_dags/example_xcomargs.py
[2024-01-29T13:01:52.209+0000] {logging_mixin.py:188} INFO - [2024-01-29T13:01:52.208+0000] {dag.py:3036} INFO - Sync 2 DAGs
[2024-01-29T13:01:52.221+0000] {logging_mixin.py:188} INFO - [2024-01-29T13:01:52.221+0000] {dag.py:3823} INFO - Setting next_dagrun for example_xcom_args to None, run_after=None
[2024-01-29T13:01:52.225+0000] {logging_mixin.py:188} INFO - [2024-01-29T13:01:52.224+0000] {dag.py:3823} INFO - Setting next_dagrun for example_xcom_args_with_operators to None, run_after=None
[2024-01-29T13:01:52.241+0000] {processor.py:183} INFO - Processing /home/airflow/.local/lib/python3.8/site-packages/airflow/example_dags/example_xcomargs.py took 0.068 seconds
[2024-01-29T13:02:22.315+0000] {processor.py:161} INFO - Started process (PID=1276) to work on /home/airflow/.local/lib/python3.8/site-packages/airflow/example_dags/example_xcomargs.py
[2024-01-29T13:02:22.316+0000] {processor.py:830} INFO - Processing file /home/airflow/.local/lib/python3.8/site-packages/airflow/example_dags/example_xcomargs.py for tasks to queue
[2024-01-29T13:02:22.318+0000] {logging_mixin.py:188} INFO - [2024-01-29T13:02:22.317+0000] {dagbag.py:538} INFO - Filling up the DagBag from /home/airflow/.local/lib/python3.8/site-packages/airflow/example_dags/example_xcomargs.py
[2024-01-29T13:02:22.327+0000] {processor.py:840} INFO - DAG(s) 'example_xcom_args_with_operators', 'example_xcom_args' retrieved from /home/airflow/.local/lib/python3.8/site-packages/airflow/example_dags/example_xcomargs.py
[2024-01-29T13:02:22.356+0000] {logging_mixin.py:188} INFO - [2024-01-29T13:02:22.356+0000] {dag.py:3036} INFO - Sync 2 DAGs
[2024-01-29T13:02:22.372+0000] {logging_mixin.py:188} INFO - [2024-01-29T13:02:22.372+0000] {dag.py:3823} INFO - Setting next_dagrun for example_xcom_args to None, run_after=None
[2024-01-29T13:02:22.378+0000] {logging_mixin.py:188} INFO - [2024-01-29T13:02:22.377+0000] {dag.py:3823} INFO - Setting next_dagrun for example_xcom_args_with_operators to None, run_after=None
[2024-01-29T13:02:22.397+0000] {processor.py:183} INFO - Processing /home/airflow/.local/lib/python3.8/site-packages/airflow/example_dags/example_xcomargs.py took 0.085 seconds
[2024-01-29T13:02:52.443+0000] {processor.py:161} INFO - Started process (PID=1332) to work on /home/airflow/.local/lib/python3.8/site-packages/airflow/example_dags/example_xcomargs.py
[2024-01-29T13:02:52.444+0000] {processor.py:830} INFO - Processing file /home/airflow/.local/lib/python3.8/site-packages/airflow/example_dags/example_xcomargs.py for tasks to queue
[2024-01-29T13:02:52.446+0000] {logging_mixin.py:188} INFO - [2024-01-29T13:02:52.445+0000] {dagbag.py:538} INFO - Filling up the DagBag from /home/airflow/.local/lib/python3.8/site-packages/airflow/example_dags/example_xcomargs.py
[2024-01-29T13:02:52.453+0000] {processor.py:840} INFO - DAG(s) 'example_xcom_args_with_operators', 'example_xcom_args' retrieved from /home/airflow/.local/lib/python3.8/site-packages/airflow/example_dags/example_xcomargs.py
[2024-01-29T13:02:52.476+0000] {logging_mixin.py:188} INFO - [2024-01-29T13:02:52.476+0000] {dag.py:3036} INFO - Sync 2 DAGs
[2024-01-29T13:02:52.488+0000] {logging_mixin.py:188} INFO - [2024-01-29T13:02:52.488+0000] {dag.py:3823} INFO - Setting next_dagrun for example_xcom_args to None, run_after=None
[2024-01-29T13:02:52.492+0000] {logging_mixin.py:188} INFO - [2024-01-29T13:02:52.492+0000] {dag.py:3823} INFO - Setting next_dagrun for example_xcom_args_with_operators to None, run_after=None
[2024-01-29T13:02:52.508+0000] {processor.py:183} INFO - Processing /home/airflow/.local/lib/python3.8/site-packages/airflow/example_dags/example_xcomargs.py took 0.068 seconds
[2024-01-29T13:03:22.954+0000] {processor.py:161} INFO - Started process (PID=1388) to work on /home/airflow/.local/lib/python3.8/site-packages/airflow/example_dags/example_xcomargs.py
[2024-01-29T13:03:22.955+0000] {processor.py:830} INFO - Processing file /home/airflow/.local/lib/python3.8/site-packages/airflow/example_dags/example_xcomargs.py for tasks to queue
[2024-01-29T13:03:22.956+0000] {logging_mixin.py:188} INFO - [2024-01-29T13:03:22.956+0000] {dagbag.py:538} INFO - Filling up the DagBag from /home/airflow/.local/lib/python3.8/site-packages/airflow/example_dags/example_xcomargs.py
[2024-01-29T13:03:22.965+0000] {processor.py:840} INFO - DAG(s) 'example_xcom_args', 'example_xcom_args_with_operators' retrieved from /home/airflow/.local/lib/python3.8/site-packages/airflow/example_dags/example_xcomargs.py
[2024-01-29T13:03:22.989+0000] {logging_mixin.py:188} INFO - [2024-01-29T13:03:22.989+0000] {dag.py:3036} INFO - Sync 2 DAGs
[2024-01-29T13:03:23.002+0000] {logging_mixin.py:188} INFO - [2024-01-29T13:03:23.001+0000] {dag.py:3823} INFO - Setting next_dagrun for example_xcom_args to None, run_after=None
[2024-01-29T13:03:23.005+0000] {logging_mixin.py:188} INFO - [2024-01-29T13:03:23.005+0000] {dag.py:3823} INFO - Setting next_dagrun for example_xcom_args_with_operators to None, run_after=None
[2024-01-29T13:03:23.022+0000] {processor.py:183} INFO - Processing /home/airflow/.local/lib/python3.8/site-packages/airflow/example_dags/example_xcomargs.py took 0.071 seconds
[2024-01-29T13:03:53.088+0000] {processor.py:161} INFO - Started process (PID=1444) to work on /home/airflow/.local/lib/python3.8/site-packages/airflow/example_dags/example_xcomargs.py
[2024-01-29T13:03:53.089+0000] {processor.py:830} INFO - Processing file /home/airflow/.local/lib/python3.8/site-packages/airflow/example_dags/example_xcomargs.py for tasks to queue
[2024-01-29T13:03:53.091+0000] {logging_mixin.py:188} INFO - [2024-01-29T13:03:53.090+0000] {dagbag.py:538} INFO - Filling up the DagBag from /home/airflow/.local/lib/python3.8/site-packages/airflow/example_dags/example_xcomargs.py
[2024-01-29T13:03:53.101+0000] {processor.py:840} INFO - DAG(s) 'example_xcom_args', 'example_xcom_args_with_operators' retrieved from /home/airflow/.local/lib/python3.8/site-packages/airflow/example_dags/example_xcomargs.py
[2024-01-29T13:03:53.127+0000] {logging_mixin.py:188} INFO - [2024-01-29T13:03:53.126+0000] {dag.py:3036} INFO - Sync 2 DAGs
[2024-01-29T13:03:53.140+0000] {logging_mixin.py:188} INFO - [2024-01-29T13:03:53.139+0000] {dag.py:3823} INFO - Setting next_dagrun for example_xcom_args to None, run_after=None
[2024-01-29T13:03:53.143+0000] {logging_mixin.py:188} INFO - [2024-01-29T13:03:53.143+0000] {dag.py:3823} INFO - Setting next_dagrun for example_xcom_args_with_operators to None, run_after=None
[2024-01-29T13:03:53.159+0000] {processor.py:183} INFO - Processing /home/airflow/.local/lib/python3.8/site-packages/airflow/example_dags/example_xcomargs.py took 0.074 seconds
[2024-01-29T13:04:24.156+0000] {processor.py:161} INFO - Started process (PID=1499) to work on /home/airflow/.local/lib/python3.8/site-packages/airflow/example_dags/example_xcomargs.py
[2024-01-29T13:04:24.157+0000] {processor.py:830} INFO - Processing file /home/airflow/.local/lib/python3.8/site-packages/airflow/example_dags/example_xcomargs.py for tasks to queue
[2024-01-29T13:04:24.159+0000] {logging_mixin.py:188} INFO - [2024-01-29T13:04:24.159+0000] {dagbag.py:538} INFO - Filling up the DagBag from /home/airflow/.local/lib/python3.8/site-packages/airflow/example_dags/example_xcomargs.py
[2024-01-29T13:04:24.167+0000] {processor.py:840} INFO - DAG(s) 'example_xcom_args_with_operators', 'example_xcom_args' retrieved from /home/airflow/.local/lib/python3.8/site-packages/airflow/example_dags/example_xcomargs.py
[2024-01-29T13:04:24.191+0000] {logging_mixin.py:188} INFO - [2024-01-29T13:04:24.190+0000] {dag.py:3036} INFO - Sync 2 DAGs
[2024-01-29T13:04:24.205+0000] {logging_mixin.py:188} INFO - [2024-01-29T13:04:24.205+0000] {dag.py:3823} INFO - Setting next_dagrun for example_xcom_args to None, run_after=None
[2024-01-29T13:04:24.210+0000] {logging_mixin.py:188} INFO - [2024-01-29T13:04:24.210+0000] {dag.py:3823} INFO - Setting next_dagrun for example_xcom_args_with_operators to None, run_after=None
[2024-01-29T13:04:24.226+0000] {processor.py:183} INFO - Processing /home/airflow/.local/lib/python3.8/site-packages/airflow/example_dags/example_xcomargs.py took 0.073 seconds
[2024-01-29T13:04:54.414+0000] {processor.py:161} INFO - Started process (PID=1555) to work on /home/airflow/.local/lib/python3.8/site-packages/airflow/example_dags/example_xcomargs.py
[2024-01-29T13:04:54.415+0000] {processor.py:830} INFO - Processing file /home/airflow/.local/lib/python3.8/site-packages/airflow/example_dags/example_xcomargs.py for tasks to queue
[2024-01-29T13:04:54.417+0000] {logging_mixin.py:188} INFO - [2024-01-29T13:04:54.417+0000] {dagbag.py:538} INFO - Filling up the DagBag from /home/airflow/.local/lib/python3.8/site-packages/airflow/example_dags/example_xcomargs.py
[2024-01-29T13:04:54.425+0000] {processor.py:840} INFO - DAG(s) 'example_xcom_args', 'example_xcom_args_with_operators' retrieved from /home/airflow/.local/lib/python3.8/site-packages/airflow/example_dags/example_xcomargs.py
[2024-01-29T13:04:54.448+0000] {logging_mixin.py:188} INFO - [2024-01-29T13:04:54.448+0000] {dag.py:3036} INFO - Sync 2 DAGs
[2024-01-29T13:04:54.460+0000] {logging_mixin.py:188} INFO - [2024-01-29T13:04:54.460+0000] {dag.py:3823} INFO - Setting next_dagrun for example_xcom_args to None, run_after=None
[2024-01-29T13:04:54.464+0000] {logging_mixin.py:188} INFO - [2024-01-29T13:04:54.464+0000] {dag.py:3823} INFO - Setting next_dagrun for example_xcom_args_with_operators to None, run_after=None
[2024-01-29T13:04:54.481+0000] {processor.py:183} INFO - Processing /home/airflow/.local/lib/python3.8/site-packages/airflow/example_dags/example_xcomargs.py took 0.070 seconds
[2024-01-29T13:05:25.427+0000] {processor.py:161} INFO - Started process (PID=1611) to work on /home/airflow/.local/lib/python3.8/site-packages/airflow/example_dags/example_xcomargs.py
[2024-01-29T13:05:25.427+0000] {processor.py:830} INFO - Processing file /home/airflow/.local/lib/python3.8/site-packages/airflow/example_dags/example_xcomargs.py for tasks to queue
[2024-01-29T13:05:25.429+0000] {logging_mixin.py:188} INFO - [2024-01-29T13:05:25.429+0000] {dagbag.py:538} INFO - Filling up the DagBag from /home/airflow/.local/lib/python3.8/site-packages/airflow/example_dags/example_xcomargs.py
[2024-01-29T13:05:25.437+0000] {processor.py:840} INFO - DAG(s) 'example_xcom_args', 'example_xcom_args_with_operators' retrieved from /home/airflow/.local/lib/python3.8/site-packages/airflow/example_dags/example_xcomargs.py
[2024-01-29T13:05:25.460+0000] {logging_mixin.py:188} INFO - [2024-01-29T13:05:25.460+0000] {dag.py:3036} INFO - Sync 2 DAGs
[2024-01-29T13:05:25.472+0000] {logging_mixin.py:188} INFO - [2024-01-29T13:05:25.472+0000] {dag.py:3823} INFO - Setting next_dagrun for example_xcom_args to None, run_after=None
[2024-01-29T13:05:25.476+0000] {logging_mixin.py:188} INFO - [2024-01-29T13:05:25.476+0000] {dag.py:3823} INFO - Setting next_dagrun for example_xcom_args_with_operators to None, run_after=None
[2024-01-29T13:05:25.492+0000] {processor.py:183} INFO - Processing /home/airflow/.local/lib/python3.8/site-packages/airflow/example_dags/example_xcomargs.py took 0.069 seconds
[2024-01-29T13:05:55.631+0000] {processor.py:161} INFO - Started process (PID=1667) to work on /home/airflow/.local/lib/python3.8/site-packages/airflow/example_dags/example_xcomargs.py
[2024-01-29T13:05:55.632+0000] {processor.py:830} INFO - Processing file /home/airflow/.local/lib/python3.8/site-packages/airflow/example_dags/example_xcomargs.py for tasks to queue
[2024-01-29T13:05:55.634+0000] {logging_mixin.py:188} INFO - [2024-01-29T13:05:55.633+0000] {dagbag.py:538} INFO - Filling up the DagBag from /home/airflow/.local/lib/python3.8/site-packages/airflow/example_dags/example_xcomargs.py
[2024-01-29T13:05:55.641+0000] {processor.py:840} INFO - DAG(s) 'example_xcom_args_with_operators', 'example_xcom_args' retrieved from /home/airflow/.local/lib/python3.8/site-packages/airflow/example_dags/example_xcomargs.py
[2024-01-29T13:05:55.665+0000] {logging_mixin.py:188} INFO - [2024-01-29T13:05:55.664+0000] {dag.py:3036} INFO - Sync 2 DAGs
[2024-01-29T13:05:55.677+0000] {logging_mixin.py:188} INFO - [2024-01-29T13:05:55.676+0000] {dag.py:3823} INFO - Setting next_dagrun for example_xcom_args to None, run_after=None
[2024-01-29T13:05:55.680+0000] {logging_mixin.py:188} INFO - [2024-01-29T13:05:55.680+0000] {dag.py:3823} INFO - Setting next_dagrun for example_xcom_args_with_operators to None, run_after=None
[2024-01-29T13:05:55.700+0000] {processor.py:183} INFO - Processing /home/airflow/.local/lib/python3.8/site-packages/airflow/example_dags/example_xcomargs.py took 0.072 seconds
[2024-01-29T13:06:25.870+0000] {processor.py:161} INFO - Started process (PID=1724) to work on /home/airflow/.local/lib/python3.8/site-packages/airflow/example_dags/example_xcomargs.py
[2024-01-29T13:06:25.871+0000] {processor.py:830} INFO - Processing file /home/airflow/.local/lib/python3.8/site-packages/airflow/example_dags/example_xcomargs.py for tasks to queue
[2024-01-29T13:06:25.872+0000] {logging_mixin.py:188} INFO - [2024-01-29T13:06:25.872+0000] {dagbag.py:538} INFO - Filling up the DagBag from /home/airflow/.local/lib/python3.8/site-packages/airflow/example_dags/example_xcomargs.py
[2024-01-29T13:06:25.880+0000] {processor.py:840} INFO - DAG(s) 'example_xcom_args_with_operators', 'example_xcom_args' retrieved from /home/airflow/.local/lib/python3.8/site-packages/airflow/example_dags/example_xcomargs.py
[2024-01-29T13:06:25.905+0000] {logging_mixin.py:188} INFO - [2024-01-29T13:06:25.905+0000] {dag.py:3036} INFO - Sync 2 DAGs
[2024-01-29T13:06:25.917+0000] {logging_mixin.py:188} INFO - [2024-01-29T13:06:25.917+0000] {dag.py:3823} INFO - Setting next_dagrun for example_xcom_args to None, run_after=None
[2024-01-29T13:06:25.921+0000] {logging_mixin.py:188} INFO - [2024-01-29T13:06:25.921+0000] {dag.py:3823} INFO - Setting next_dagrun for example_xcom_args_with_operators to None, run_after=None
[2024-01-29T13:06:25.939+0000] {processor.py:183} INFO - Processing /home/airflow/.local/lib/python3.8/site-packages/airflow/example_dags/example_xcomargs.py took 0.072 seconds
[2024-01-29T13:06:56.020+0000] {processor.py:161} INFO - Started process (PID=1780) to work on /home/airflow/.local/lib/python3.8/site-packages/airflow/example_dags/example_xcomargs.py
[2024-01-29T13:06:56.021+0000] {processor.py:830} INFO - Processing file /home/airflow/.local/lib/python3.8/site-packages/airflow/example_dags/example_xcomargs.py for tasks to queue
[2024-01-29T13:06:56.022+0000] {logging_mixin.py:188} INFO - [2024-01-29T13:06:56.022+0000] {dagbag.py:538} INFO - Filling up the DagBag from /home/airflow/.local/lib/python3.8/site-packages/airflow/example_dags/example_xcomargs.py
[2024-01-29T13:06:56.030+0000] {processor.py:840} INFO - DAG(s) 'example_xcom_args', 'example_xcom_args_with_operators' retrieved from /home/airflow/.local/lib/python3.8/site-packages/airflow/example_dags/example_xcomargs.py
[2024-01-29T13:06:56.054+0000] {logging_mixin.py:188} INFO - [2024-01-29T13:06:56.054+0000] {dag.py:3036} INFO - Sync 2 DAGs
[2024-01-29T13:06:56.066+0000] {logging_mixin.py:188} INFO - [2024-01-29T13:06:56.066+0000] {dag.py:3823} INFO - Setting next_dagrun for example_xcom_args to None, run_after=None
[2024-01-29T13:06:56.070+0000] {logging_mixin.py:188} INFO - [2024-01-29T13:06:56.070+0000] {dag.py:3823} INFO - Setting next_dagrun for example_xcom_args_with_operators to None, run_after=None
[2024-01-29T13:06:56.087+0000] {processor.py:183} INFO - Processing /home/airflow/.local/lib/python3.8/site-packages/airflow/example_dags/example_xcomargs.py took 0.071 seconds
[2024-01-29T13:07:27.009+0000] {processor.py:161} INFO - Started process (PID=1836) to work on /home/airflow/.local/lib/python3.8/site-packages/airflow/example_dags/example_xcomargs.py
[2024-01-29T13:07:27.010+0000] {processor.py:830} INFO - Processing file /home/airflow/.local/lib/python3.8/site-packages/airflow/example_dags/example_xcomargs.py for tasks to queue
[2024-01-29T13:07:27.012+0000] {logging_mixin.py:188} INFO - [2024-01-29T13:07:27.011+0000] {dagbag.py:538} INFO - Filling up the DagBag from /home/airflow/.local/lib/python3.8/site-packages/airflow/example_dags/example_xcomargs.py
[2024-01-29T13:07:27.020+0000] {processor.py:840} INFO - DAG(s) 'example_xcom_args', 'example_xcom_args_with_operators' retrieved from /home/airflow/.local/lib/python3.8/site-packages/airflow/example_dags/example_xcomargs.py
[2024-01-29T13:07:27.045+0000] {logging_mixin.py:188} INFO - [2024-01-29T13:07:27.045+0000] {dag.py:3036} INFO - Sync 2 DAGs
[2024-01-29T13:07:27.060+0000] {logging_mixin.py:188} INFO - [2024-01-29T13:07:27.060+0000] {dag.py:3823} INFO - Setting next_dagrun for example_xcom_args to None, run_after=None
[2024-01-29T13:07:27.064+0000] {logging_mixin.py:188} INFO - [2024-01-29T13:07:27.064+0000] {dag.py:3823} INFO - Setting next_dagrun for example_xcom_args_with_operators to None, run_after=None
[2024-01-29T13:07:27.082+0000] {processor.py:183} INFO - Processing /home/airflow/.local/lib/python3.8/site-packages/airflow/example_dags/example_xcomargs.py took 0.076 seconds
[2024-01-29T13:07:57.710+0000] {processor.py:161} INFO - Started process (PID=1893) to work on /home/airflow/.local/lib/python3.8/site-packages/airflow/example_dags/example_xcomargs.py
[2024-01-29T13:07:57.711+0000] {processor.py:830} INFO - Processing file /home/airflow/.local/lib/python3.8/site-packages/airflow/example_dags/example_xcomargs.py for tasks to queue
[2024-01-29T13:07:57.712+0000] {logging_mixin.py:188} INFO - [2024-01-29T13:07:57.712+0000] {dagbag.py:538} INFO - Filling up the DagBag from /home/airflow/.local/lib/python3.8/site-packages/airflow/example_dags/example_xcomargs.py
[2024-01-29T13:07:57.720+0000] {processor.py:840} INFO - DAG(s) 'example_xcom_args_with_operators', 'example_xcom_args' retrieved from /home/airflow/.local/lib/python3.8/site-packages/airflow/example_dags/example_xcomargs.py
[2024-01-29T13:07:57.743+0000] {logging_mixin.py:188} INFO - [2024-01-29T13:07:57.743+0000] {dag.py:3036} INFO - Sync 2 DAGs
[2024-01-29T13:07:57.756+0000] {logging_mixin.py:188} INFO - [2024-01-29T13:07:57.755+0000] {dag.py:3823} INFO - Setting next_dagrun for example_xcom_args to None, run_after=None
[2024-01-29T13:07:57.759+0000] {logging_mixin.py:188} INFO - [2024-01-29T13:07:57.759+0000] {dag.py:3823} INFO - Setting next_dagrun for example_xcom_args_with_operators to None, run_after=None
[2024-01-29T13:07:57.777+0000] {processor.py:183} INFO - Processing /home/airflow/.local/lib/python3.8/site-packages/airflow/example_dags/example_xcomargs.py took 0.071 seconds
[2024-01-29T13:08:28.518+0000] {processor.py:161} INFO - Started process (PID=1949) to work on /home/airflow/.local/lib/python3.8/site-packages/airflow/example_dags/example_xcomargs.py
[2024-01-29T13:08:28.519+0000] {processor.py:830} INFO - Processing file /home/airflow/.local/lib/python3.8/site-packages/airflow/example_dags/example_xcomargs.py for tasks to queue
[2024-01-29T13:08:28.520+0000] {logging_mixin.py:188} INFO - [2024-01-29T13:08:28.520+0000] {dagbag.py:538} INFO - Filling up the DagBag from /home/airflow/.local/lib/python3.8/site-packages/airflow/example_dags/example_xcomargs.py
[2024-01-29T13:08:28.530+0000] {processor.py:840} INFO - DAG(s) 'example_xcom_args', 'example_xcom_args_with_operators' retrieved from /home/airflow/.local/lib/python3.8/site-packages/airflow/example_dags/example_xcomargs.py
[2024-01-29T13:08:28.557+0000] {logging_mixin.py:188} INFO - [2024-01-29T13:08:28.557+0000] {dag.py:3036} INFO - Sync 2 DAGs
[2024-01-29T13:08:28.569+0000] {logging_mixin.py:188} INFO - [2024-01-29T13:08:28.568+0000] {dag.py:3823} INFO - Setting next_dagrun for example_xcom_args to None, run_after=None
[2024-01-29T13:08:28.572+0000] {logging_mixin.py:188} INFO - [2024-01-29T13:08:28.572+0000] {dag.py:3823} INFO - Setting next_dagrun for example_xcom_args_with_operators to None, run_after=None
[2024-01-29T13:08:28.588+0000] {processor.py:183} INFO - Processing /home/airflow/.local/lib/python3.8/site-packages/airflow/example_dags/example_xcomargs.py took 0.073 seconds
[2024-01-29T13:08:59.546+0000] {processor.py:161} INFO - Started process (PID=2005) to work on /home/airflow/.local/lib/python3.8/site-packages/airflow/example_dags/example_xcomargs.py
[2024-01-29T13:08:59.547+0000] {processor.py:830} INFO - Processing file /home/airflow/.local/lib/python3.8/site-packages/airflow/example_dags/example_xcomargs.py for tasks to queue
[2024-01-29T13:08:59.548+0000] {logging_mixin.py:188} INFO - [2024-01-29T13:08:59.548+0000] {dagbag.py:538} INFO - Filling up the DagBag from /home/airflow/.local/lib/python3.8/site-packages/airflow/example_dags/example_xcomargs.py
[2024-01-29T13:08:59.556+0000] {processor.py:840} INFO - DAG(s) 'example_xcom_args_with_operators', 'example_xcom_args' retrieved from /home/airflow/.local/lib/python3.8/site-packages/airflow/example_dags/example_xcomargs.py
[2024-01-29T13:08:59.581+0000] {logging_mixin.py:188} INFO - [2024-01-29T13:08:59.580+0000] {dag.py:3036} INFO - Sync 2 DAGs
[2024-01-29T13:08:59.593+0000] {logging_mixin.py:188} INFO - [2024-01-29T13:08:59.593+0000] {dag.py:3823} INFO - Setting next_dagrun for example_xcom_args to None, run_after=None
[2024-01-29T13:08:59.597+0000] {logging_mixin.py:188} INFO - [2024-01-29T13:08:59.597+0000] {dag.py:3823} INFO - Setting next_dagrun for example_xcom_args_with_operators to None, run_after=None
[2024-01-29T13:08:59.615+0000] {processor.py:183} INFO - Processing /home/airflow/.local/lib/python3.8/site-packages/airflow/example_dags/example_xcomargs.py took 0.072 seconds
[2024-01-29T13:09:30.448+0000] {processor.py:161} INFO - Started process (PID=2061) to work on /home/airflow/.local/lib/python3.8/site-packages/airflow/example_dags/example_xcomargs.py
[2024-01-29T13:09:30.449+0000] {processor.py:830} INFO - Processing file /home/airflow/.local/lib/python3.8/site-packages/airflow/example_dags/example_xcomargs.py for tasks to queue
[2024-01-29T13:09:30.451+0000] {logging_mixin.py:188} INFO - [2024-01-29T13:09:30.450+0000] {dagbag.py:538} INFO - Filling up the DagBag from /home/airflow/.local/lib/python3.8/site-packages/airflow/example_dags/example_xcomargs.py
[2024-01-29T13:09:30.458+0000] {processor.py:840} INFO - DAG(s) 'example_xcom_args', 'example_xcom_args_with_operators' retrieved from /home/airflow/.local/lib/python3.8/site-packages/airflow/example_dags/example_xcomargs.py
[2024-01-29T13:09:30.482+0000] {logging_mixin.py:188} INFO - [2024-01-29T13:09:30.482+0000] {dag.py:3036} INFO - Sync 2 DAGs
[2024-01-29T13:09:30.494+0000] {logging_mixin.py:188} INFO - [2024-01-29T13:09:30.494+0000] {dag.py:3823} INFO - Setting next_dagrun for example_xcom_args to None, run_after=None
[2024-01-29T13:09:30.498+0000] {logging_mixin.py:188} INFO - [2024-01-29T13:09:30.497+0000] {dag.py:3823} INFO - Setting next_dagrun for example_xcom_args_with_operators to None, run_after=None
[2024-01-29T13:09:30.515+0000] {processor.py:183} INFO - Processing /home/airflow/.local/lib/python3.8/site-packages/airflow/example_dags/example_xcomargs.py took 0.070 seconds
[2024-01-29T13:10:01.440+0000] {processor.py:161} INFO - Started process (PID=2123) to work on /home/airflow/.local/lib/python3.8/site-packages/airflow/example_dags/example_xcomargs.py
[2024-01-29T13:10:01.441+0000] {processor.py:830} INFO - Processing file /home/airflow/.local/lib/python3.8/site-packages/airflow/example_dags/example_xcomargs.py for tasks to queue
[2024-01-29T13:10:01.443+0000] {logging_mixin.py:188} INFO - [2024-01-29T13:10:01.443+0000] {dagbag.py:538} INFO - Filling up the DagBag from /home/airflow/.local/lib/python3.8/site-packages/airflow/example_dags/example_xcomargs.py
[2024-01-29T13:10:01.451+0000] {processor.py:840} INFO - DAG(s) 'example_xcom_args_with_operators', 'example_xcom_args' retrieved from /home/airflow/.local/lib/python3.8/site-packages/airflow/example_dags/example_xcomargs.py
[2024-01-29T13:10:01.473+0000] {logging_mixin.py:188} INFO - [2024-01-29T13:10:01.473+0000] {dag.py:3036} INFO - Sync 2 DAGs
[2024-01-29T13:10:01.485+0000] {logging_mixin.py:188} INFO - [2024-01-29T13:10:01.485+0000] {dag.py:3823} INFO - Setting next_dagrun for example_xcom_args to None, run_after=None
[2024-01-29T13:10:01.489+0000] {logging_mixin.py:188} INFO - [2024-01-29T13:10:01.489+0000] {dag.py:3823} INFO - Setting next_dagrun for example_xcom_args_with_operators to None, run_after=None
[2024-01-29T13:10:01.506+0000] {processor.py:183} INFO - Processing /home/airflow/.local/lib/python3.8/site-packages/airflow/example_dags/example_xcomargs.py took 0.068 seconds
[2024-01-29T13:10:32.309+0000] {processor.py:161} INFO - Started process (PID=2179) to work on /home/airflow/.local/lib/python3.8/site-packages/airflow/example_dags/example_xcomargs.py
[2024-01-29T13:10:32.310+0000] {processor.py:830} INFO - Processing file /home/airflow/.local/lib/python3.8/site-packages/airflow/example_dags/example_xcomargs.py for tasks to queue
[2024-01-29T13:10:32.311+0000] {logging_mixin.py:188} INFO - [2024-01-29T13:10:32.311+0000] {dagbag.py:538} INFO - Filling up the DagBag from /home/airflow/.local/lib/python3.8/site-packages/airflow/example_dags/example_xcomargs.py
[2024-01-29T13:10:32.319+0000] {processor.py:840} INFO - DAG(s) 'example_xcom_args', 'example_xcom_args_with_operators' retrieved from /home/airflow/.local/lib/python3.8/site-packages/airflow/example_dags/example_xcomargs.py
[2024-01-29T13:10:32.342+0000] {logging_mixin.py:188} INFO - [2024-01-29T13:10:32.341+0000] {dag.py:3036} INFO - Sync 2 DAGs
[2024-01-29T13:10:32.353+0000] {logging_mixin.py:188} INFO - [2024-01-29T13:10:32.353+0000] {dag.py:3823} INFO - Setting next_dagrun for example_xcom_args to None, run_after=None
[2024-01-29T13:10:32.357+0000] {logging_mixin.py:188} INFO - [2024-01-29T13:10:32.356+0000] {dag.py:3823} INFO - Setting next_dagrun for example_xcom_args_with_operators to None, run_after=None
[2024-01-29T13:10:32.373+0000] {processor.py:183} INFO - Processing /home/airflow/.local/lib/python3.8/site-packages/airflow/example_dags/example_xcomargs.py took 0.067 seconds
[2024-01-29T13:11:03.060+0000] {processor.py:161} INFO - Started process (PID=2235) to work on /home/airflow/.local/lib/python3.8/site-packages/airflow/example_dags/example_xcomargs.py
[2024-01-29T13:11:03.061+0000] {processor.py:830} INFO - Processing file /home/airflow/.local/lib/python3.8/site-packages/airflow/example_dags/example_xcomargs.py for tasks to queue
[2024-01-29T13:11:03.063+0000] {logging_mixin.py:188} INFO - [2024-01-29T13:11:03.062+0000] {dagbag.py:538} INFO - Filling up the DagBag from /home/airflow/.local/lib/python3.8/site-packages/airflow/example_dags/example_xcomargs.py
[2024-01-29T13:11:03.070+0000] {processor.py:840} INFO - DAG(s) 'example_xcom_args_with_operators', 'example_xcom_args' retrieved from /home/airflow/.local/lib/python3.8/site-packages/airflow/example_dags/example_xcomargs.py
[2024-01-29T13:11:03.094+0000] {logging_mixin.py:188} INFO - [2024-01-29T13:11:03.094+0000] {dag.py:3036} INFO - Sync 2 DAGs
[2024-01-29T13:11:03.109+0000] {logging_mixin.py:188} INFO - [2024-01-29T13:11:03.108+0000] {dag.py:3823} INFO - Setting next_dagrun for example_xcom_args to None, run_after=None
[2024-01-29T13:11:03.112+0000] {logging_mixin.py:188} INFO - [2024-01-29T13:11:03.112+0000] {dag.py:3823} INFO - Setting next_dagrun for example_xcom_args_with_operators to None, run_after=None
[2024-01-29T13:11:03.129+0000] {processor.py:183} INFO - Processing /home/airflow/.local/lib/python3.8/site-packages/airflow/example_dags/example_xcomargs.py took 0.072 seconds
[2024-01-29T13:11:33.301+0000] {processor.py:161} INFO - Started process (PID=2291) to work on /home/airflow/.local/lib/python3.8/site-packages/airflow/example_dags/example_xcomargs.py
[2024-01-29T13:11:33.302+0000] {processor.py:830} INFO - Processing file /home/airflow/.local/lib/python3.8/site-packages/airflow/example_dags/example_xcomargs.py for tasks to queue
[2024-01-29T13:11:33.304+0000] {logging_mixin.py:188} INFO - [2024-01-29T13:11:33.304+0000] {dagbag.py:538} INFO - Filling up the DagBag from /home/airflow/.local/lib/python3.8/site-packages/airflow/example_dags/example_xcomargs.py
[2024-01-29T13:11:33.312+0000] {processor.py:840} INFO - DAG(s) 'example_xcom_args', 'example_xcom_args_with_operators' retrieved from /home/airflow/.local/lib/python3.8/site-packages/airflow/example_dags/example_xcomargs.py
[2024-01-29T13:11:33.335+0000] {logging_mixin.py:188} INFO - [2024-01-29T13:11:33.334+0000] {dag.py:3036} INFO - Sync 2 DAGs
[2024-01-29T13:11:33.347+0000] {logging_mixin.py:188} INFO - [2024-01-29T13:11:33.346+0000] {dag.py:3823} INFO - Setting next_dagrun for example_xcom_args to None, run_after=None
[2024-01-29T13:11:33.351+0000] {logging_mixin.py:188} INFO - [2024-01-29T13:11:33.350+0000] {dag.py:3823} INFO - Setting next_dagrun for example_xcom_args_with_operators to None, run_after=None
[2024-01-29T13:11:33.367+0000] {processor.py:183} INFO - Processing /home/airflow/.local/lib/python3.8/site-packages/airflow/example_dags/example_xcomargs.py took 0.069 seconds
[2024-01-29T13:12:04.361+0000] {processor.py:161} INFO - Started process (PID=2347) to work on /home/airflow/.local/lib/python3.8/site-packages/airflow/example_dags/example_xcomargs.py
[2024-01-29T13:12:04.362+0000] {processor.py:830} INFO - Processing file /home/airflow/.local/lib/python3.8/site-packages/airflow/example_dags/example_xcomargs.py for tasks to queue
[2024-01-29T13:12:04.364+0000] {logging_mixin.py:188} INFO - [2024-01-29T13:12:04.363+0000] {dagbag.py:538} INFO - Filling up the DagBag from /home/airflow/.local/lib/python3.8/site-packages/airflow/example_dags/example_xcomargs.py
[2024-01-29T13:12:04.371+0000] {processor.py:840} INFO - DAG(s) 'example_xcom_args_with_operators', 'example_xcom_args' retrieved from /home/airflow/.local/lib/python3.8/site-packages/airflow/example_dags/example_xcomargs.py
[2024-01-29T13:12:04.395+0000] {logging_mixin.py:188} INFO - [2024-01-29T13:12:04.395+0000] {dag.py:3036} INFO - Sync 2 DAGs
[2024-01-29T13:12:04.408+0000] {logging_mixin.py:188} INFO - [2024-01-29T13:12:04.408+0000] {dag.py:3823} INFO - Setting next_dagrun for example_xcom_args to None, run_after=None
[2024-01-29T13:12:04.412+0000] {logging_mixin.py:188} INFO - [2024-01-29T13:12:04.411+0000] {dag.py:3823} INFO - Setting next_dagrun for example_xcom_args_with_operators to None, run_after=None
[2024-01-29T13:12:04.430+0000] {processor.py:183} INFO - Processing /home/airflow/.local/lib/python3.8/site-packages/airflow/example_dags/example_xcomargs.py took 0.072 seconds
[2024-01-29T13:17:24.041+0000] {processor.py:161} INFO - Started process (PID=2394) to work on /home/airflow/.local/lib/python3.8/site-packages/airflow/example_dags/example_xcomargs.py
[2024-01-29T13:17:24.042+0000] {processor.py:830} INFO - Processing file /home/airflow/.local/lib/python3.8/site-packages/airflow/example_dags/example_xcomargs.py for tasks to queue
[2024-01-29T13:17:24.045+0000] {logging_mixin.py:188} INFO - [2024-01-29T13:17:24.044+0000] {dagbag.py:538} INFO - Filling up the DagBag from /home/airflow/.local/lib/python3.8/site-packages/airflow/example_dags/example_xcomargs.py
[2024-01-29T13:17:24.060+0000] {processor.py:840} INFO - DAG(s) 'example_xcom_args_with_operators', 'example_xcom_args' retrieved from /home/airflow/.local/lib/python3.8/site-packages/airflow/example_dags/example_xcomargs.py
[2024-01-29T13:17:24.110+0000] {logging_mixin.py:188} INFO - [2024-01-29T13:17:24.110+0000] {dag.py:3036} INFO - Sync 2 DAGs
[2024-01-29T13:17:24.131+0000] {logging_mixin.py:188} INFO - [2024-01-29T13:17:24.131+0000] {dag.py:3823} INFO - Setting next_dagrun for example_xcom_args to None, run_after=None
[2024-01-29T13:17:24.137+0000] {logging_mixin.py:188} INFO - [2024-01-29T13:17:24.137+0000] {dag.py:3823} INFO - Setting next_dagrun for example_xcom_args_with_operators to None, run_after=None
[2024-01-29T13:17:24.163+0000] {processor.py:183} INFO - Processing /home/airflow/.local/lib/python3.8/site-packages/airflow/example_dags/example_xcomargs.py took 0.127 seconds
[2024-01-29T13:17:54.485+0000] {processor.py:161} INFO - Started process (PID=2450) to work on /home/airflow/.local/lib/python3.8/site-packages/airflow/example_dags/example_xcomargs.py
[2024-01-29T13:17:54.486+0000] {processor.py:830} INFO - Processing file /home/airflow/.local/lib/python3.8/site-packages/airflow/example_dags/example_xcomargs.py for tasks to queue
[2024-01-29T13:17:54.487+0000] {logging_mixin.py:188} INFO - [2024-01-29T13:17:54.487+0000] {dagbag.py:538} INFO - Filling up the DagBag from /home/airflow/.local/lib/python3.8/site-packages/airflow/example_dags/example_xcomargs.py
[2024-01-29T13:17:54.495+0000] {processor.py:840} INFO - DAG(s) 'example_xcom_args_with_operators', 'example_xcom_args' retrieved from /home/airflow/.local/lib/python3.8/site-packages/airflow/example_dags/example_xcomargs.py
[2024-01-29T13:17:54.523+0000] {logging_mixin.py:188} INFO - [2024-01-29T13:17:54.522+0000] {dag.py:3036} INFO - Sync 2 DAGs
[2024-01-29T13:17:54.538+0000] {logging_mixin.py:188} INFO - [2024-01-29T13:17:54.537+0000] {dag.py:3823} INFO - Setting next_dagrun for example_xcom_args to None, run_after=None
[2024-01-29T13:17:54.543+0000] {logging_mixin.py:188} INFO - [2024-01-29T13:17:54.542+0000] {dag.py:3823} INFO - Setting next_dagrun for example_xcom_args_with_operators to None, run_after=None
[2024-01-29T13:17:54.691+0000] {processor.py:183} INFO - Processing /home/airflow/.local/lib/python3.8/site-packages/airflow/example_dags/example_xcomargs.py took 0.210 seconds
[2024-01-29T13:18:25.366+0000] {processor.py:161} INFO - Started process (PID=2506) to work on /home/airflow/.local/lib/python3.8/site-packages/airflow/example_dags/example_xcomargs.py
[2024-01-29T13:18:25.367+0000] {processor.py:830} INFO - Processing file /home/airflow/.local/lib/python3.8/site-packages/airflow/example_dags/example_xcomargs.py for tasks to queue
[2024-01-29T13:18:25.369+0000] {logging_mixin.py:188} INFO - [2024-01-29T13:18:25.369+0000] {dagbag.py:538} INFO - Filling up the DagBag from /home/airflow/.local/lib/python3.8/site-packages/airflow/example_dags/example_xcomargs.py
[2024-01-29T13:18:25.379+0000] {processor.py:840} INFO - DAG(s) 'example_xcom_args_with_operators', 'example_xcom_args' retrieved from /home/airflow/.local/lib/python3.8/site-packages/airflow/example_dags/example_xcomargs.py
[2024-01-29T13:18:25.404+0000] {logging_mixin.py:188} INFO - [2024-01-29T13:18:25.404+0000] {dag.py:3036} INFO - Sync 2 DAGs
[2024-01-29T13:18:25.418+0000] {logging_mixin.py:188} INFO - [2024-01-29T13:18:25.418+0000] {dag.py:3823} INFO - Setting next_dagrun for example_xcom_args to None, run_after=None
[2024-01-29T13:18:25.422+0000] {logging_mixin.py:188} INFO - [2024-01-29T13:18:25.422+0000] {dag.py:3823} INFO - Setting next_dagrun for example_xcom_args_with_operators to None, run_after=None
[2024-01-29T13:18:25.440+0000] {processor.py:183} INFO - Processing /home/airflow/.local/lib/python3.8/site-packages/airflow/example_dags/example_xcomargs.py took 0.077 seconds
