[2024-01-29T12:41:05.854+0000] {processor.py:161} INFO - Started process (PID=39) to work on /home/airflow/.local/lib/python3.8/site-packages/airflow/example_dags/example_branch_operator_decorator.py
[2024-01-29T12:41:05.855+0000] {processor.py:830} INFO - Processing file /home/airflow/.local/lib/python3.8/site-packages/airflow/example_dags/example_branch_operator_decorator.py for tasks to queue
[2024-01-29T12:41:05.858+0000] {logging_mixin.py:188} INFO - [2024-01-29T12:41:05.857+0000] {dagbag.py:538} INFO - Filling up the DagBag from /home/airflow/.local/lib/python3.8/site-packages/airflow/example_dags/example_branch_operator_decorator.py
[2024-01-29T12:41:05.896+0000] {processor.py:840} INFO - DAG(s) 'example_branch_python_operator_decorator' retrieved from /home/airflow/.local/lib/python3.8/site-packages/airflow/example_dags/example_branch_operator_decorator.py
[2024-01-29T12:41:06.108+0000] {logging_mixin.py:188} INFO - [2024-01-29T12:41:06.107+0000] {override.py:1769} INFO - Created Permission View: can read on DAG:example_branch_python_operator_decorator
[2024-01-29T12:41:06.127+0000] {logging_mixin.py:188} INFO - [2024-01-29T12:41:06.126+0000] {override.py:1769} INFO - Created Permission View: can edit on DAG:example_branch_python_operator_decorator
[2024-01-29T12:41:06.139+0000] {logging_mixin.py:188} INFO - [2024-01-29T12:41:06.139+0000] {override.py:1769} INFO - Created Permission View: can delete on DAG:example_branch_python_operator_decorator
[2024-01-29T12:41:06.140+0000] {logging_mixin.py:188} INFO - [2024-01-29T12:41:06.140+0000] {dag.py:3036} INFO - Sync 1 DAGs
[2024-01-29T12:41:06.164+0000] {logging_mixin.py:188} INFO - [2024-01-29T12:41:06.163+0000] {dag.py:3058} INFO - Creating ORM DAG for example_branch_python_operator_decorator
[2024-01-29T12:41:06.186+0000] {logging_mixin.py:188} INFO - [2024-01-29T12:41:06.186+0000] {dag.py:3823} INFO - Setting next_dagrun for example_branch_python_operator_decorator to 2024-01-28 00:00:00+00:00, run_after=2024-01-29 00:00:00+00:00
[2024-01-29T12:41:06.216+0000] {processor.py:183} INFO - Processing /home/airflow/.local/lib/python3.8/site-packages/airflow/example_dags/example_branch_operator_decorator.py took 0.366 seconds
[2024-01-29T12:41:36.794+0000] {processor.py:161} INFO - Started process (PID=94) to work on /home/airflow/.local/lib/python3.8/site-packages/airflow/example_dags/example_branch_operator_decorator.py
[2024-01-29T12:41:36.795+0000] {processor.py:830} INFO - Processing file /home/airflow/.local/lib/python3.8/site-packages/airflow/example_dags/example_branch_operator_decorator.py for tasks to queue
[2024-01-29T12:41:36.798+0000] {logging_mixin.py:188} INFO - [2024-01-29T12:41:36.797+0000] {dagbag.py:538} INFO - Filling up the DagBag from /home/airflow/.local/lib/python3.8/site-packages/airflow/example_dags/example_branch_operator_decorator.py
[2024-01-29T12:41:36.823+0000] {processor.py:840} INFO - DAG(s) 'example_branch_python_operator_decorator' retrieved from /home/airflow/.local/lib/python3.8/site-packages/airflow/example_dags/example_branch_operator_decorator.py
[2024-01-29T12:41:36.851+0000] {logging_mixin.py:188} INFO - [2024-01-29T12:41:36.850+0000] {dag.py:3036} INFO - Sync 1 DAGs
[2024-01-29T12:41:36.875+0000] {logging_mixin.py:188} INFO - [2024-01-29T12:41:36.875+0000] {dag.py:3823} INFO - Setting next_dagrun for example_branch_python_operator_decorator to 2024-01-28 00:00:00+00:00, run_after=2024-01-29 00:00:00+00:00
[2024-01-29T12:41:36.893+0000] {processor.py:183} INFO - Processing /home/airflow/.local/lib/python3.8/site-packages/airflow/example_dags/example_branch_operator_decorator.py took 0.103 seconds
[2024-01-29T12:51:13.901+0000] {processor.py:161} INFO - Started process (PID=40) to work on /home/airflow/.local/lib/python3.8/site-packages/airflow/example_dags/example_branch_operator_decorator.py
[2024-01-29T12:51:13.903+0000] {processor.py:830} INFO - Processing file /home/airflow/.local/lib/python3.8/site-packages/airflow/example_dags/example_branch_operator_decorator.py for tasks to queue
[2024-01-29T12:51:13.912+0000] {logging_mixin.py:188} INFO - [2024-01-29T12:51:13.911+0000] {dagbag.py:538} INFO - Filling up the DagBag from /home/airflow/.local/lib/python3.8/site-packages/airflow/example_dags/example_branch_operator_decorator.py
[2024-01-29T12:51:13.949+0000] {processor.py:840} INFO - DAG(s) 'example_branch_python_operator_decorator' retrieved from /home/airflow/.local/lib/python3.8/site-packages/airflow/example_dags/example_branch_operator_decorator.py
[2024-01-29T12:51:13.961+0000] {logging_mixin.py:188} INFO - [2024-01-29T12:51:13.960+0000] {dag.py:3036} INFO - Sync 1 DAGs
[2024-01-29T12:51:13.985+0000] {logging_mixin.py:188} INFO - [2024-01-29T12:51:13.985+0000] {dag.py:3823} INFO - Setting next_dagrun for example_branch_python_operator_decorator to 2024-01-28 00:00:00+00:00, run_after=2024-01-29 00:00:00+00:00
[2024-01-29T12:51:14.006+0000] {processor.py:183} INFO - Processing /home/airflow/.local/lib/python3.8/site-packages/airflow/example_dags/example_branch_operator_decorator.py took 0.112 seconds
[2024-01-29T12:51:44.564+0000] {processor.py:161} INFO - Started process (PID=96) to work on /home/airflow/.local/lib/python3.8/site-packages/airflow/example_dags/example_branch_operator_decorator.py
[2024-01-29T12:51:44.565+0000] {processor.py:830} INFO - Processing file /home/airflow/.local/lib/python3.8/site-packages/airflow/example_dags/example_branch_operator_decorator.py for tasks to queue
[2024-01-29T12:51:44.567+0000] {logging_mixin.py:188} INFO - [2024-01-29T12:51:44.567+0000] {dagbag.py:538} INFO - Filling up the DagBag from /home/airflow/.local/lib/python3.8/site-packages/airflow/example_dags/example_branch_operator_decorator.py
[2024-01-29T12:51:44.598+0000] {processor.py:840} INFO - DAG(s) 'example_branch_python_operator_decorator' retrieved from /home/airflow/.local/lib/python3.8/site-packages/airflow/example_dags/example_branch_operator_decorator.py
[2024-01-29T12:51:44.734+0000] {logging_mixin.py:188} INFO - [2024-01-29T12:51:44.733+0000] {dag.py:3036} INFO - Sync 1 DAGs
[2024-01-29T12:51:44.760+0000] {logging_mixin.py:188} INFO - [2024-01-29T12:51:44.759+0000] {dag.py:3823} INFO - Setting next_dagrun for example_branch_python_operator_decorator to 2024-01-28 00:00:00+00:00, run_after=2024-01-29 00:00:00+00:00
[2024-01-29T12:51:44.783+0000] {processor.py:183} INFO - Processing /home/airflow/.local/lib/python3.8/site-packages/airflow/example_dags/example_branch_operator_decorator.py took 0.223 seconds
[2024-01-29T12:52:15.647+0000] {processor.py:161} INFO - Started process (PID=152) to work on /home/airflow/.local/lib/python3.8/site-packages/airflow/example_dags/example_branch_operator_decorator.py
[2024-01-29T12:52:15.648+0000] {processor.py:830} INFO - Processing file /home/airflow/.local/lib/python3.8/site-packages/airflow/example_dags/example_branch_operator_decorator.py for tasks to queue
[2024-01-29T12:52:15.650+0000] {logging_mixin.py:188} INFO - [2024-01-29T12:52:15.649+0000] {dagbag.py:538} INFO - Filling up the DagBag from /home/airflow/.local/lib/python3.8/site-packages/airflow/example_dags/example_branch_operator_decorator.py
[2024-01-29T12:52:15.673+0000] {processor.py:840} INFO - DAG(s) 'example_branch_python_operator_decorator' retrieved from /home/airflow/.local/lib/python3.8/site-packages/airflow/example_dags/example_branch_operator_decorator.py
[2024-01-29T12:52:15.702+0000] {logging_mixin.py:188} INFO - [2024-01-29T12:52:15.702+0000] {dag.py:3036} INFO - Sync 1 DAGs
[2024-01-29T12:52:15.724+0000] {logging_mixin.py:188} INFO - [2024-01-29T12:52:15.724+0000] {dag.py:3823} INFO - Setting next_dagrun for example_branch_python_operator_decorator to 2024-01-28 00:00:00+00:00, run_after=2024-01-29 00:00:00+00:00
[2024-01-29T12:52:15.743+0000] {processor.py:183} INFO - Processing /home/airflow/.local/lib/python3.8/site-packages/airflow/example_dags/example_branch_operator_decorator.py took 0.100 seconds
[2024-01-29T12:52:46.643+0000] {processor.py:161} INFO - Started process (PID=208) to work on /home/airflow/.local/lib/python3.8/site-packages/airflow/example_dags/example_branch_operator_decorator.py
[2024-01-29T12:52:46.644+0000] {processor.py:830} INFO - Processing file /home/airflow/.local/lib/python3.8/site-packages/airflow/example_dags/example_branch_operator_decorator.py for tasks to queue
[2024-01-29T12:52:46.646+0000] {logging_mixin.py:188} INFO - [2024-01-29T12:52:46.645+0000] {dagbag.py:538} INFO - Filling up the DagBag from /home/airflow/.local/lib/python3.8/site-packages/airflow/example_dags/example_branch_operator_decorator.py
[2024-01-29T12:52:46.669+0000] {processor.py:840} INFO - DAG(s) 'example_branch_python_operator_decorator' retrieved from /home/airflow/.local/lib/python3.8/site-packages/airflow/example_dags/example_branch_operator_decorator.py
[2024-01-29T12:52:46.697+0000] {logging_mixin.py:188} INFO - [2024-01-29T12:52:46.697+0000] {dag.py:3036} INFO - Sync 1 DAGs
[2024-01-29T12:52:46.720+0000] {logging_mixin.py:188} INFO - [2024-01-29T12:52:46.719+0000] {dag.py:3823} INFO - Setting next_dagrun for example_branch_python_operator_decorator to 2024-01-28 00:00:00+00:00, run_after=2024-01-29 00:00:00+00:00
[2024-01-29T12:52:46.739+0000] {processor.py:183} INFO - Processing /home/airflow/.local/lib/python3.8/site-packages/airflow/example_dags/example_branch_operator_decorator.py took 0.100 seconds
[2024-01-29T12:53:16.758+0000] {processor.py:161} INFO - Started process (PID=263) to work on /home/airflow/.local/lib/python3.8/site-packages/airflow/example_dags/example_branch_operator_decorator.py
[2024-01-29T12:53:16.759+0000] {processor.py:830} INFO - Processing file /home/airflow/.local/lib/python3.8/site-packages/airflow/example_dags/example_branch_operator_decorator.py for tasks to queue
[2024-01-29T12:53:16.761+0000] {logging_mixin.py:188} INFO - [2024-01-29T12:53:16.760+0000] {dagbag.py:538} INFO - Filling up the DagBag from /home/airflow/.local/lib/python3.8/site-packages/airflow/example_dags/example_branch_operator_decorator.py
[2024-01-29T12:53:16.781+0000] {processor.py:840} INFO - DAG(s) 'example_branch_python_operator_decorator' retrieved from /home/airflow/.local/lib/python3.8/site-packages/airflow/example_dags/example_branch_operator_decorator.py
[2024-01-29T12:53:16.808+0000] {logging_mixin.py:188} INFO - [2024-01-29T12:53:16.807+0000] {dag.py:3036} INFO - Sync 1 DAGs
[2024-01-29T12:53:16.830+0000] {logging_mixin.py:188} INFO - [2024-01-29T12:53:16.829+0000] {dag.py:3823} INFO - Setting next_dagrun for example_branch_python_operator_decorator to 2024-01-28 00:00:00+00:00, run_after=2024-01-29 00:00:00+00:00
[2024-01-29T12:53:16.857+0000] {processor.py:183} INFO - Processing /home/airflow/.local/lib/python3.8/site-packages/airflow/example_dags/example_branch_operator_decorator.py took 0.101 seconds
[2024-01-29T12:53:46.904+0000] {processor.py:161} INFO - Started process (PID=319) to work on /home/airflow/.local/lib/python3.8/site-packages/airflow/example_dags/example_branch_operator_decorator.py
[2024-01-29T12:53:46.905+0000] {processor.py:830} INFO - Processing file /home/airflow/.local/lib/python3.8/site-packages/airflow/example_dags/example_branch_operator_decorator.py for tasks to queue
[2024-01-29T12:53:46.906+0000] {logging_mixin.py:188} INFO - [2024-01-29T12:53:46.906+0000] {dagbag.py:538} INFO - Filling up the DagBag from /home/airflow/.local/lib/python3.8/site-packages/airflow/example_dags/example_branch_operator_decorator.py
[2024-01-29T12:53:46.927+0000] {processor.py:840} INFO - DAG(s) 'example_branch_python_operator_decorator' retrieved from /home/airflow/.local/lib/python3.8/site-packages/airflow/example_dags/example_branch_operator_decorator.py
[2024-01-29T12:53:46.953+0000] {logging_mixin.py:188} INFO - [2024-01-29T12:53:46.953+0000] {dag.py:3036} INFO - Sync 1 DAGs
[2024-01-29T12:53:46.976+0000] {logging_mixin.py:188} INFO - [2024-01-29T12:53:46.976+0000] {dag.py:3823} INFO - Setting next_dagrun for example_branch_python_operator_decorator to 2024-01-28 00:00:00+00:00, run_after=2024-01-29 00:00:00+00:00
[2024-01-29T12:53:46.993+0000] {processor.py:183} INFO - Processing /home/airflow/.local/lib/python3.8/site-packages/airflow/example_dags/example_branch_operator_decorator.py took 0.092 seconds
[2024-01-29T12:54:17.210+0000] {processor.py:161} INFO - Started process (PID=375) to work on /home/airflow/.local/lib/python3.8/site-packages/airflow/example_dags/example_branch_operator_decorator.py
[2024-01-29T12:54:17.211+0000] {processor.py:830} INFO - Processing file /home/airflow/.local/lib/python3.8/site-packages/airflow/example_dags/example_branch_operator_decorator.py for tasks to queue
[2024-01-29T12:54:17.212+0000] {logging_mixin.py:188} INFO - [2024-01-29T12:54:17.212+0000] {dagbag.py:538} INFO - Filling up the DagBag from /home/airflow/.local/lib/python3.8/site-packages/airflow/example_dags/example_branch_operator_decorator.py
[2024-01-29T12:54:17.233+0000] {processor.py:840} INFO - DAG(s) 'example_branch_python_operator_decorator' retrieved from /home/airflow/.local/lib/python3.8/site-packages/airflow/example_dags/example_branch_operator_decorator.py
[2024-01-29T12:54:17.259+0000] {logging_mixin.py:188} INFO - [2024-01-29T12:54:17.258+0000] {dag.py:3036} INFO - Sync 1 DAGs
[2024-01-29T12:54:17.280+0000] {logging_mixin.py:188} INFO - [2024-01-29T12:54:17.280+0000] {dag.py:3823} INFO - Setting next_dagrun for example_branch_python_operator_decorator to 2024-01-28 00:00:00+00:00, run_after=2024-01-29 00:00:00+00:00
[2024-01-29T12:54:17.307+0000] {processor.py:183} INFO - Processing /home/airflow/.local/lib/python3.8/site-packages/airflow/example_dags/example_branch_operator_decorator.py took 0.100 seconds
[2024-01-29T12:54:47.461+0000] {processor.py:161} INFO - Started process (PID=431) to work on /home/airflow/.local/lib/python3.8/site-packages/airflow/example_dags/example_branch_operator_decorator.py
[2024-01-29T12:54:47.462+0000] {processor.py:830} INFO - Processing file /home/airflow/.local/lib/python3.8/site-packages/airflow/example_dags/example_branch_operator_decorator.py for tasks to queue
[2024-01-29T12:54:47.463+0000] {logging_mixin.py:188} INFO - [2024-01-29T12:54:47.463+0000] {dagbag.py:538} INFO - Filling up the DagBag from /home/airflow/.local/lib/python3.8/site-packages/airflow/example_dags/example_branch_operator_decorator.py
[2024-01-29T12:54:47.483+0000] {processor.py:840} INFO - DAG(s) 'example_branch_python_operator_decorator' retrieved from /home/airflow/.local/lib/python3.8/site-packages/airflow/example_dags/example_branch_operator_decorator.py
[2024-01-29T12:54:47.508+0000] {logging_mixin.py:188} INFO - [2024-01-29T12:54:47.508+0000] {dag.py:3036} INFO - Sync 1 DAGs
[2024-01-29T12:54:47.529+0000] {logging_mixin.py:188} INFO - [2024-01-29T12:54:47.529+0000] {dag.py:3823} INFO - Setting next_dagrun for example_branch_python_operator_decorator to 2024-01-28 00:00:00+00:00, run_after=2024-01-29 00:00:00+00:00
[2024-01-29T12:54:47.546+0000] {processor.py:183} INFO - Processing /home/airflow/.local/lib/python3.8/site-packages/airflow/example_dags/example_branch_operator_decorator.py took 0.088 seconds
[2024-01-29T12:55:17.768+0000] {processor.py:161} INFO - Started process (PID=487) to work on /home/airflow/.local/lib/python3.8/site-packages/airflow/example_dags/example_branch_operator_decorator.py
[2024-01-29T12:55:17.768+0000] {processor.py:830} INFO - Processing file /home/airflow/.local/lib/python3.8/site-packages/airflow/example_dags/example_branch_operator_decorator.py for tasks to queue
[2024-01-29T12:55:17.770+0000] {logging_mixin.py:188} INFO - [2024-01-29T12:55:17.770+0000] {dagbag.py:538} INFO - Filling up the DagBag from /home/airflow/.local/lib/python3.8/site-packages/airflow/example_dags/example_branch_operator_decorator.py
[2024-01-29T12:55:17.790+0000] {processor.py:840} INFO - DAG(s) 'example_branch_python_operator_decorator' retrieved from /home/airflow/.local/lib/python3.8/site-packages/airflow/example_dags/example_branch_operator_decorator.py
[2024-01-29T12:55:17.816+0000] {logging_mixin.py:188} INFO - [2024-01-29T12:55:17.816+0000] {dag.py:3036} INFO - Sync 1 DAGs
[2024-01-29T12:55:17.837+0000] {logging_mixin.py:188} INFO - [2024-01-29T12:55:17.837+0000] {dag.py:3823} INFO - Setting next_dagrun for example_branch_python_operator_decorator to 2024-01-28 00:00:00+00:00, run_after=2024-01-29 00:00:00+00:00
[2024-01-29T12:55:17.855+0000] {processor.py:183} INFO - Processing /home/airflow/.local/lib/python3.8/site-packages/airflow/example_dags/example_branch_operator_decorator.py took 0.090 seconds
[2024-01-29T12:55:48.035+0000] {processor.py:161} INFO - Started process (PID=543) to work on /home/airflow/.local/lib/python3.8/site-packages/airflow/example_dags/example_branch_operator_decorator.py
[2024-01-29T12:55:48.036+0000] {processor.py:830} INFO - Processing file /home/airflow/.local/lib/python3.8/site-packages/airflow/example_dags/example_branch_operator_decorator.py for tasks to queue
[2024-01-29T12:55:48.038+0000] {logging_mixin.py:188} INFO - [2024-01-29T12:55:48.037+0000] {dagbag.py:538} INFO - Filling up the DagBag from /home/airflow/.local/lib/python3.8/site-packages/airflow/example_dags/example_branch_operator_decorator.py
[2024-01-29T12:55:48.062+0000] {processor.py:840} INFO - DAG(s) 'example_branch_python_operator_decorator' retrieved from /home/airflow/.local/lib/python3.8/site-packages/airflow/example_dags/example_branch_operator_decorator.py
[2024-01-29T12:55:48.088+0000] {logging_mixin.py:188} INFO - [2024-01-29T12:55:48.087+0000] {dag.py:3036} INFO - Sync 1 DAGs
[2024-01-29T12:55:48.111+0000] {logging_mixin.py:188} INFO - [2024-01-29T12:55:48.111+0000] {dag.py:3823} INFO - Setting next_dagrun for example_branch_python_operator_decorator to 2024-01-28 00:00:00+00:00, run_after=2024-01-29 00:00:00+00:00
[2024-01-29T12:55:48.128+0000] {processor.py:183} INFO - Processing /home/airflow/.local/lib/python3.8/site-packages/airflow/example_dags/example_branch_operator_decorator.py took 0.096 seconds
[2024-01-29T12:56:18.470+0000] {processor.py:161} INFO - Started process (PID=599) to work on /home/airflow/.local/lib/python3.8/site-packages/airflow/example_dags/example_branch_operator_decorator.py
[2024-01-29T12:56:18.471+0000] {processor.py:830} INFO - Processing file /home/airflow/.local/lib/python3.8/site-packages/airflow/example_dags/example_branch_operator_decorator.py for tasks to queue
[2024-01-29T12:56:18.472+0000] {logging_mixin.py:188} INFO - [2024-01-29T12:56:18.472+0000] {dagbag.py:538} INFO - Filling up the DagBag from /home/airflow/.local/lib/python3.8/site-packages/airflow/example_dags/example_branch_operator_decorator.py
[2024-01-29T12:56:18.493+0000] {processor.py:840} INFO - DAG(s) 'example_branch_python_operator_decorator' retrieved from /home/airflow/.local/lib/python3.8/site-packages/airflow/example_dags/example_branch_operator_decorator.py
[2024-01-29T12:56:18.520+0000] {logging_mixin.py:188} INFO - [2024-01-29T12:56:18.519+0000] {dag.py:3036} INFO - Sync 1 DAGs
[2024-01-29T12:56:18.541+0000] {logging_mixin.py:188} INFO - [2024-01-29T12:56:18.541+0000] {dag.py:3823} INFO - Setting next_dagrun for example_branch_python_operator_decorator to 2024-01-28 00:00:00+00:00, run_after=2024-01-29 00:00:00+00:00
[2024-01-29T12:56:18.558+0000] {processor.py:183} INFO - Processing /home/airflow/.local/lib/python3.8/site-packages/airflow/example_dags/example_branch_operator_decorator.py took 0.091 seconds
[2024-01-29T12:56:48.715+0000] {processor.py:161} INFO - Started process (PID=655) to work on /home/airflow/.local/lib/python3.8/site-packages/airflow/example_dags/example_branch_operator_decorator.py
[2024-01-29T12:56:48.716+0000] {processor.py:830} INFO - Processing file /home/airflow/.local/lib/python3.8/site-packages/airflow/example_dags/example_branch_operator_decorator.py for tasks to queue
[2024-01-29T12:56:48.717+0000] {logging_mixin.py:188} INFO - [2024-01-29T12:56:48.717+0000] {dagbag.py:538} INFO - Filling up the DagBag from /home/airflow/.local/lib/python3.8/site-packages/airflow/example_dags/example_branch_operator_decorator.py
[2024-01-29T12:56:48.738+0000] {processor.py:840} INFO - DAG(s) 'example_branch_python_operator_decorator' retrieved from /home/airflow/.local/lib/python3.8/site-packages/airflow/example_dags/example_branch_operator_decorator.py
[2024-01-29T12:56:48.765+0000] {logging_mixin.py:188} INFO - [2024-01-29T12:56:48.765+0000] {dag.py:3036} INFO - Sync 1 DAGs
[2024-01-29T12:56:48.787+0000] {logging_mixin.py:188} INFO - [2024-01-29T12:56:48.787+0000] {dag.py:3823} INFO - Setting next_dagrun for example_branch_python_operator_decorator to 2024-01-28 00:00:00+00:00, run_after=2024-01-29 00:00:00+00:00
[2024-01-29T12:56:48.806+0000] {processor.py:183} INFO - Processing /home/airflow/.local/lib/python3.8/site-packages/airflow/example_dags/example_branch_operator_decorator.py took 0.095 seconds
[2024-01-29T12:57:18.876+0000] {processor.py:161} INFO - Started process (PID=711) to work on /home/airflow/.local/lib/python3.8/site-packages/airflow/example_dags/example_branch_operator_decorator.py
[2024-01-29T12:57:18.877+0000] {processor.py:830} INFO - Processing file /home/airflow/.local/lib/python3.8/site-packages/airflow/example_dags/example_branch_operator_decorator.py for tasks to queue
[2024-01-29T12:57:18.879+0000] {logging_mixin.py:188} INFO - [2024-01-29T12:57:18.878+0000] {dagbag.py:538} INFO - Filling up the DagBag from /home/airflow/.local/lib/python3.8/site-packages/airflow/example_dags/example_branch_operator_decorator.py
[2024-01-29T12:57:18.905+0000] {processor.py:840} INFO - DAG(s) 'example_branch_python_operator_decorator' retrieved from /home/airflow/.local/lib/python3.8/site-packages/airflow/example_dags/example_branch_operator_decorator.py
[2024-01-29T12:57:18.932+0000] {logging_mixin.py:188} INFO - [2024-01-29T12:57:18.932+0000] {dag.py:3036} INFO - Sync 1 DAGs
[2024-01-29T12:57:18.953+0000] {logging_mixin.py:188} INFO - [2024-01-29T12:57:18.953+0000] {dag.py:3823} INFO - Setting next_dagrun for example_branch_python_operator_decorator to 2024-01-28 00:00:00+00:00, run_after=2024-01-29 00:00:00+00:00
[2024-01-29T12:57:18.971+0000] {processor.py:183} INFO - Processing /home/airflow/.local/lib/python3.8/site-packages/airflow/example_dags/example_branch_operator_decorator.py took 0.097 seconds
[2024-01-29T12:57:49.086+0000] {processor.py:161} INFO - Started process (PID=767) to work on /home/airflow/.local/lib/python3.8/site-packages/airflow/example_dags/example_branch_operator_decorator.py
[2024-01-29T12:57:49.087+0000] {processor.py:830} INFO - Processing file /home/airflow/.local/lib/python3.8/site-packages/airflow/example_dags/example_branch_operator_decorator.py for tasks to queue
[2024-01-29T12:57:49.089+0000] {logging_mixin.py:188} INFO - [2024-01-29T12:57:49.088+0000] {dagbag.py:538} INFO - Filling up the DagBag from /home/airflow/.local/lib/python3.8/site-packages/airflow/example_dags/example_branch_operator_decorator.py
[2024-01-29T12:57:49.113+0000] {processor.py:840} INFO - DAG(s) 'example_branch_python_operator_decorator' retrieved from /home/airflow/.local/lib/python3.8/site-packages/airflow/example_dags/example_branch_operator_decorator.py
[2024-01-29T12:57:49.139+0000] {logging_mixin.py:188} INFO - [2024-01-29T12:57:49.139+0000] {dag.py:3036} INFO - Sync 1 DAGs
[2024-01-29T12:57:49.161+0000] {logging_mixin.py:188} INFO - [2024-01-29T12:57:49.161+0000] {dag.py:3823} INFO - Setting next_dagrun for example_branch_python_operator_decorator to 2024-01-28 00:00:00+00:00, run_after=2024-01-29 00:00:00+00:00
[2024-01-29T12:57:49.178+0000] {processor.py:183} INFO - Processing /home/airflow/.local/lib/python3.8/site-packages/airflow/example_dags/example_branch_operator_decorator.py took 0.095 seconds
[2024-01-29T12:58:19.311+0000] {processor.py:161} INFO - Started process (PID=823) to work on /home/airflow/.local/lib/python3.8/site-packages/airflow/example_dags/example_branch_operator_decorator.py
[2024-01-29T12:58:19.312+0000] {processor.py:830} INFO - Processing file /home/airflow/.local/lib/python3.8/site-packages/airflow/example_dags/example_branch_operator_decorator.py for tasks to queue
[2024-01-29T12:58:19.314+0000] {logging_mixin.py:188} INFO - [2024-01-29T12:58:19.314+0000] {dagbag.py:538} INFO - Filling up the DagBag from /home/airflow/.local/lib/python3.8/site-packages/airflow/example_dags/example_branch_operator_decorator.py
[2024-01-29T12:58:19.334+0000] {processor.py:840} INFO - DAG(s) 'example_branch_python_operator_decorator' retrieved from /home/airflow/.local/lib/python3.8/site-packages/airflow/example_dags/example_branch_operator_decorator.py
[2024-01-29T12:58:19.360+0000] {logging_mixin.py:188} INFO - [2024-01-29T12:58:19.360+0000] {dag.py:3036} INFO - Sync 1 DAGs
[2024-01-29T12:58:19.382+0000] {logging_mixin.py:188} INFO - [2024-01-29T12:58:19.382+0000] {dag.py:3823} INFO - Setting next_dagrun for example_branch_python_operator_decorator to 2024-01-28 00:00:00+00:00, run_after=2024-01-29 00:00:00+00:00
[2024-01-29T12:58:19.399+0000] {processor.py:183} INFO - Processing /home/airflow/.local/lib/python3.8/site-packages/airflow/example_dags/example_branch_operator_decorator.py took 0.091 seconds
[2024-01-29T12:58:50.009+0000] {processor.py:161} INFO - Started process (PID=880) to work on /home/airflow/.local/lib/python3.8/site-packages/airflow/example_dags/example_branch_operator_decorator.py
[2024-01-29T12:58:50.010+0000] {processor.py:830} INFO - Processing file /home/airflow/.local/lib/python3.8/site-packages/airflow/example_dags/example_branch_operator_decorator.py for tasks to queue
[2024-01-29T12:58:50.012+0000] {logging_mixin.py:188} INFO - [2024-01-29T12:58:50.012+0000] {dagbag.py:538} INFO - Filling up the DagBag from /home/airflow/.local/lib/python3.8/site-packages/airflow/example_dags/example_branch_operator_decorator.py
[2024-01-29T12:58:50.033+0000] {processor.py:840} INFO - DAG(s) 'example_branch_python_operator_decorator' retrieved from /home/airflow/.local/lib/python3.8/site-packages/airflow/example_dags/example_branch_operator_decorator.py
[2024-01-29T12:58:50.059+0000] {logging_mixin.py:188} INFO - [2024-01-29T12:58:50.059+0000] {dag.py:3036} INFO - Sync 1 DAGs
[2024-01-29T12:58:50.081+0000] {logging_mixin.py:188} INFO - [2024-01-29T12:58:50.081+0000] {dag.py:3823} INFO - Setting next_dagrun for example_branch_python_operator_decorator to 2024-01-28 00:00:00+00:00, run_after=2024-01-29 00:00:00+00:00
[2024-01-29T12:58:50.104+0000] {processor.py:183} INFO - Processing /home/airflow/.local/lib/python3.8/site-packages/airflow/example_dags/example_branch_operator_decorator.py took 0.098 seconds
[2024-01-29T12:59:20.308+0000] {processor.py:161} INFO - Started process (PID=937) to work on /home/airflow/.local/lib/python3.8/site-packages/airflow/example_dags/example_branch_operator_decorator.py
[2024-01-29T12:59:20.309+0000] {processor.py:830} INFO - Processing file /home/airflow/.local/lib/python3.8/site-packages/airflow/example_dags/example_branch_operator_decorator.py for tasks to queue
[2024-01-29T12:59:20.310+0000] {logging_mixin.py:188} INFO - [2024-01-29T12:59:20.310+0000] {dagbag.py:538} INFO - Filling up the DagBag from /home/airflow/.local/lib/python3.8/site-packages/airflow/example_dags/example_branch_operator_decorator.py
[2024-01-29T12:59:20.332+0000] {processor.py:840} INFO - DAG(s) 'example_branch_python_operator_decorator' retrieved from /home/airflow/.local/lib/python3.8/site-packages/airflow/example_dags/example_branch_operator_decorator.py
[2024-01-29T12:59:20.358+0000] {logging_mixin.py:188} INFO - [2024-01-29T12:59:20.358+0000] {dag.py:3036} INFO - Sync 1 DAGs
[2024-01-29T12:59:20.384+0000] {logging_mixin.py:188} INFO - [2024-01-29T12:59:20.383+0000] {dag.py:3823} INFO - Setting next_dagrun for example_branch_python_operator_decorator to 2024-01-28 00:00:00+00:00, run_after=2024-01-29 00:00:00+00:00
[2024-01-29T12:59:20.404+0000] {processor.py:183} INFO - Processing /home/airflow/.local/lib/python3.8/site-packages/airflow/example_dags/example_branch_operator_decorator.py took 0.100 seconds
[2024-01-29T12:59:50.427+0000] {processor.py:161} INFO - Started process (PID=992) to work on /home/airflow/.local/lib/python3.8/site-packages/airflow/example_dags/example_branch_operator_decorator.py
[2024-01-29T12:59:50.428+0000] {processor.py:830} INFO - Processing file /home/airflow/.local/lib/python3.8/site-packages/airflow/example_dags/example_branch_operator_decorator.py for tasks to queue
[2024-01-29T12:59:50.430+0000] {logging_mixin.py:188} INFO - [2024-01-29T12:59:50.430+0000] {dagbag.py:538} INFO - Filling up the DagBag from /home/airflow/.local/lib/python3.8/site-packages/airflow/example_dags/example_branch_operator_decorator.py
[2024-01-29T12:59:50.451+0000] {processor.py:840} INFO - DAG(s) 'example_branch_python_operator_decorator' retrieved from /home/airflow/.local/lib/python3.8/site-packages/airflow/example_dags/example_branch_operator_decorator.py
[2024-01-29T12:59:50.477+0000] {logging_mixin.py:188} INFO - [2024-01-29T12:59:50.477+0000] {dag.py:3036} INFO - Sync 1 DAGs
[2024-01-29T12:59:50.499+0000] {logging_mixin.py:188} INFO - [2024-01-29T12:59:50.499+0000] {dag.py:3823} INFO - Setting next_dagrun for example_branch_python_operator_decorator to 2024-01-28 00:00:00+00:00, run_after=2024-01-29 00:00:00+00:00
[2024-01-29T12:59:50.520+0000] {processor.py:183} INFO - Processing /home/airflow/.local/lib/python3.8/site-packages/airflow/example_dags/example_branch_operator_decorator.py took 0.095 seconds
[2024-01-29T13:00:20.566+0000] {processor.py:161} INFO - Started process (PID=1048) to work on /home/airflow/.local/lib/python3.8/site-packages/airflow/example_dags/example_branch_operator_decorator.py
[2024-01-29T13:00:20.567+0000] {processor.py:830} INFO - Processing file /home/airflow/.local/lib/python3.8/site-packages/airflow/example_dags/example_branch_operator_decorator.py for tasks to queue
[2024-01-29T13:00:20.568+0000] {logging_mixin.py:188} INFO - [2024-01-29T13:00:20.568+0000] {dagbag.py:538} INFO - Filling up the DagBag from /home/airflow/.local/lib/python3.8/site-packages/airflow/example_dags/example_branch_operator_decorator.py
[2024-01-29T13:00:20.589+0000] {processor.py:840} INFO - DAG(s) 'example_branch_python_operator_decorator' retrieved from /home/airflow/.local/lib/python3.8/site-packages/airflow/example_dags/example_branch_operator_decorator.py
[2024-01-29T13:00:20.615+0000] {logging_mixin.py:188} INFO - [2024-01-29T13:00:20.614+0000] {dag.py:3036} INFO - Sync 1 DAGs
[2024-01-29T13:00:20.637+0000] {logging_mixin.py:188} INFO - [2024-01-29T13:00:20.637+0000] {dag.py:3823} INFO - Setting next_dagrun for example_branch_python_operator_decorator to 2024-01-28 00:00:00+00:00, run_after=2024-01-29 00:00:00+00:00
[2024-01-29T13:00:20.655+0000] {processor.py:183} INFO - Processing /home/airflow/.local/lib/python3.8/site-packages/airflow/example_dags/example_branch_operator_decorator.py took 0.092 seconds
[2024-01-29T13:00:50.887+0000] {processor.py:161} INFO - Started process (PID=1104) to work on /home/airflow/.local/lib/python3.8/site-packages/airflow/example_dags/example_branch_operator_decorator.py
[2024-01-29T13:00:50.888+0000] {processor.py:830} INFO - Processing file /home/airflow/.local/lib/python3.8/site-packages/airflow/example_dags/example_branch_operator_decorator.py for tasks to queue
[2024-01-29T13:00:50.890+0000] {logging_mixin.py:188} INFO - [2024-01-29T13:00:50.890+0000] {dagbag.py:538} INFO - Filling up the DagBag from /home/airflow/.local/lib/python3.8/site-packages/airflow/example_dags/example_branch_operator_decorator.py
[2024-01-29T13:00:50.911+0000] {processor.py:840} INFO - DAG(s) 'example_branch_python_operator_decorator' retrieved from /home/airflow/.local/lib/python3.8/site-packages/airflow/example_dags/example_branch_operator_decorator.py
[2024-01-29T13:00:50.937+0000] {logging_mixin.py:188} INFO - [2024-01-29T13:00:50.937+0000] {dag.py:3036} INFO - Sync 1 DAGs
[2024-01-29T13:00:50.960+0000] {logging_mixin.py:188} INFO - [2024-01-29T13:00:50.960+0000] {dag.py:3823} INFO - Setting next_dagrun for example_branch_python_operator_decorator to 2024-01-28 00:00:00+00:00, run_after=2024-01-29 00:00:00+00:00
[2024-01-29T13:00:50.979+0000] {processor.py:183} INFO - Processing /home/airflow/.local/lib/python3.8/site-packages/airflow/example_dags/example_branch_operator_decorator.py took 0.095 seconds
[2024-01-29T13:01:21.297+0000] {processor.py:161} INFO - Started process (PID=1159) to work on /home/airflow/.local/lib/python3.8/site-packages/airflow/example_dags/example_branch_operator_decorator.py
[2024-01-29T13:01:21.298+0000] {processor.py:830} INFO - Processing file /home/airflow/.local/lib/python3.8/site-packages/airflow/example_dags/example_branch_operator_decorator.py for tasks to queue
[2024-01-29T13:01:21.299+0000] {logging_mixin.py:188} INFO - [2024-01-29T13:01:21.299+0000] {dagbag.py:538} INFO - Filling up the DagBag from /home/airflow/.local/lib/python3.8/site-packages/airflow/example_dags/example_branch_operator_decorator.py
[2024-01-29T13:01:21.321+0000] {processor.py:840} INFO - DAG(s) 'example_branch_python_operator_decorator' retrieved from /home/airflow/.local/lib/python3.8/site-packages/airflow/example_dags/example_branch_operator_decorator.py
[2024-01-29T13:01:21.347+0000] {logging_mixin.py:188} INFO - [2024-01-29T13:01:21.346+0000] {dag.py:3036} INFO - Sync 1 DAGs
[2024-01-29T13:01:21.368+0000] {logging_mixin.py:188} INFO - [2024-01-29T13:01:21.368+0000] {dag.py:3823} INFO - Setting next_dagrun for example_branch_python_operator_decorator to 2024-01-28 00:00:00+00:00, run_after=2024-01-29 00:00:00+00:00
[2024-01-29T13:01:21.387+0000] {processor.py:183} INFO - Processing /home/airflow/.local/lib/python3.8/site-packages/airflow/example_dags/example_branch_operator_decorator.py took 0.093 seconds
[2024-01-29T13:01:52.009+0000] {processor.py:161} INFO - Started process (PID=1215) to work on /home/airflow/.local/lib/python3.8/site-packages/airflow/example_dags/example_branch_operator_decorator.py
[2024-01-29T13:01:52.009+0000] {processor.py:830} INFO - Processing file /home/airflow/.local/lib/python3.8/site-packages/airflow/example_dags/example_branch_operator_decorator.py for tasks to queue
[2024-01-29T13:01:52.011+0000] {logging_mixin.py:188} INFO - [2024-01-29T13:01:52.011+0000] {dagbag.py:538} INFO - Filling up the DagBag from /home/airflow/.local/lib/python3.8/site-packages/airflow/example_dags/example_branch_operator_decorator.py
[2024-01-29T13:01:52.032+0000] {processor.py:840} INFO - DAG(s) 'example_branch_python_operator_decorator' retrieved from /home/airflow/.local/lib/python3.8/site-packages/airflow/example_dags/example_branch_operator_decorator.py
[2024-01-29T13:01:52.058+0000] {logging_mixin.py:188} INFO - [2024-01-29T13:01:52.058+0000] {dag.py:3036} INFO - Sync 1 DAGs
[2024-01-29T13:01:52.080+0000] {logging_mixin.py:188} INFO - [2024-01-29T13:01:52.080+0000] {dag.py:3823} INFO - Setting next_dagrun for example_branch_python_operator_decorator to 2024-01-28 00:00:00+00:00, run_after=2024-01-29 00:00:00+00:00
[2024-01-29T13:01:52.101+0000] {processor.py:183} INFO - Processing /home/airflow/.local/lib/python3.8/site-packages/airflow/example_dags/example_branch_operator_decorator.py took 0.095 seconds
[2024-01-29T13:02:22.139+0000] {processor.py:161} INFO - Started process (PID=1272) to work on /home/airflow/.local/lib/python3.8/site-packages/airflow/example_dags/example_branch_operator_decorator.py
[2024-01-29T13:02:22.140+0000] {processor.py:830} INFO - Processing file /home/airflow/.local/lib/python3.8/site-packages/airflow/example_dags/example_branch_operator_decorator.py for tasks to queue
[2024-01-29T13:02:22.141+0000] {logging_mixin.py:188} INFO - [2024-01-29T13:02:22.141+0000] {dagbag.py:538} INFO - Filling up the DagBag from /home/airflow/.local/lib/python3.8/site-packages/airflow/example_dags/example_branch_operator_decorator.py
[2024-01-29T13:02:22.162+0000] {processor.py:840} INFO - DAG(s) 'example_branch_python_operator_decorator' retrieved from /home/airflow/.local/lib/python3.8/site-packages/airflow/example_dags/example_branch_operator_decorator.py
[2024-01-29T13:02:22.189+0000] {logging_mixin.py:188} INFO - [2024-01-29T13:02:22.189+0000] {dag.py:3036} INFO - Sync 1 DAGs
[2024-01-29T13:02:22.222+0000] {logging_mixin.py:188} INFO - [2024-01-29T13:02:22.222+0000] {dag.py:3823} INFO - Setting next_dagrun for example_branch_python_operator_decorator to 2024-01-28 00:00:00+00:00, run_after=2024-01-29 00:00:00+00:00
[2024-01-29T13:02:22.242+0000] {processor.py:183} INFO - Processing /home/airflow/.local/lib/python3.8/site-packages/airflow/example_dags/example_branch_operator_decorator.py took 0.106 seconds
[2024-01-29T13:02:52.282+0000] {processor.py:161} INFO - Started process (PID=1328) to work on /home/airflow/.local/lib/python3.8/site-packages/airflow/example_dags/example_branch_operator_decorator.py
[2024-01-29T13:02:52.283+0000] {processor.py:830} INFO - Processing file /home/airflow/.local/lib/python3.8/site-packages/airflow/example_dags/example_branch_operator_decorator.py for tasks to queue
[2024-01-29T13:02:52.284+0000] {logging_mixin.py:188} INFO - [2024-01-29T13:02:52.284+0000] {dagbag.py:538} INFO - Filling up the DagBag from /home/airflow/.local/lib/python3.8/site-packages/airflow/example_dags/example_branch_operator_decorator.py
[2024-01-29T13:02:52.305+0000] {processor.py:840} INFO - DAG(s) 'example_branch_python_operator_decorator' retrieved from /home/airflow/.local/lib/python3.8/site-packages/airflow/example_dags/example_branch_operator_decorator.py
[2024-01-29T13:02:52.332+0000] {logging_mixin.py:188} INFO - [2024-01-29T13:02:52.331+0000] {dag.py:3036} INFO - Sync 1 DAGs
[2024-01-29T13:02:52.356+0000] {logging_mixin.py:188} INFO - [2024-01-29T13:02:52.356+0000] {dag.py:3823} INFO - Setting next_dagrun for example_branch_python_operator_decorator to 2024-01-28 00:00:00+00:00, run_after=2024-01-29 00:00:00+00:00
[2024-01-29T13:02:52.375+0000] {processor.py:183} INFO - Processing /home/airflow/.local/lib/python3.8/site-packages/airflow/example_dags/example_branch_operator_decorator.py took 0.096 seconds
[2024-01-29T13:03:22.785+0000] {processor.py:161} INFO - Started process (PID=1384) to work on /home/airflow/.local/lib/python3.8/site-packages/airflow/example_dags/example_branch_operator_decorator.py
[2024-01-29T13:03:22.786+0000] {processor.py:830} INFO - Processing file /home/airflow/.local/lib/python3.8/site-packages/airflow/example_dags/example_branch_operator_decorator.py for tasks to queue
[2024-01-29T13:03:22.788+0000] {logging_mixin.py:188} INFO - [2024-01-29T13:03:22.788+0000] {dagbag.py:538} INFO - Filling up the DagBag from /home/airflow/.local/lib/python3.8/site-packages/airflow/example_dags/example_branch_operator_decorator.py
[2024-01-29T13:03:22.813+0000] {processor.py:840} INFO - DAG(s) 'example_branch_python_operator_decorator' retrieved from /home/airflow/.local/lib/python3.8/site-packages/airflow/example_dags/example_branch_operator_decorator.py
[2024-01-29T13:03:22.840+0000] {logging_mixin.py:188} INFO - [2024-01-29T13:03:22.840+0000] {dag.py:3036} INFO - Sync 1 DAGs
[2024-01-29T13:03:22.866+0000] {logging_mixin.py:188} INFO - [2024-01-29T13:03:22.866+0000] {dag.py:3823} INFO - Setting next_dagrun for example_branch_python_operator_decorator to 2024-01-28 00:00:00+00:00, run_after=2024-01-29 00:00:00+00:00
[2024-01-29T13:03:22.887+0000] {processor.py:183} INFO - Processing /home/airflow/.local/lib/python3.8/site-packages/airflow/example_dags/example_branch_operator_decorator.py took 0.106 seconds
[2024-01-29T13:03:52.920+0000] {processor.py:161} INFO - Started process (PID=1440) to work on /home/airflow/.local/lib/python3.8/site-packages/airflow/example_dags/example_branch_operator_decorator.py
[2024-01-29T13:03:52.920+0000] {processor.py:830} INFO - Processing file /home/airflow/.local/lib/python3.8/site-packages/airflow/example_dags/example_branch_operator_decorator.py for tasks to queue
[2024-01-29T13:03:52.922+0000] {logging_mixin.py:188} INFO - [2024-01-29T13:03:52.922+0000] {dagbag.py:538} INFO - Filling up the DagBag from /home/airflow/.local/lib/python3.8/site-packages/airflow/example_dags/example_branch_operator_decorator.py
[2024-01-29T13:03:52.943+0000] {processor.py:840} INFO - DAG(s) 'example_branch_python_operator_decorator' retrieved from /home/airflow/.local/lib/python3.8/site-packages/airflow/example_dags/example_branch_operator_decorator.py
[2024-01-29T13:03:52.969+0000] {logging_mixin.py:188} INFO - [2024-01-29T13:03:52.969+0000] {dag.py:3036} INFO - Sync 1 DAGs
[2024-01-29T13:03:52.996+0000] {logging_mixin.py:188} INFO - [2024-01-29T13:03:52.996+0000] {dag.py:3823} INFO - Setting next_dagrun for example_branch_python_operator_decorator to 2024-01-28 00:00:00+00:00, run_after=2024-01-29 00:00:00+00:00
[2024-01-29T13:03:53.016+0000] {processor.py:183} INFO - Processing /home/airflow/.local/lib/python3.8/site-packages/airflow/example_dags/example_branch_operator_decorator.py took 0.099 seconds
[2024-01-29T13:04:23.942+0000] {processor.py:161} INFO - Started process (PID=1495) to work on /home/airflow/.local/lib/python3.8/site-packages/airflow/example_dags/example_branch_operator_decorator.py
[2024-01-29T13:04:23.943+0000] {processor.py:830} INFO - Processing file /home/airflow/.local/lib/python3.8/site-packages/airflow/example_dags/example_branch_operator_decorator.py for tasks to queue
[2024-01-29T13:04:23.945+0000] {logging_mixin.py:188} INFO - [2024-01-29T13:04:23.945+0000] {dagbag.py:538} INFO - Filling up the DagBag from /home/airflow/.local/lib/python3.8/site-packages/airflow/example_dags/example_branch_operator_decorator.py
[2024-01-29T13:04:23.968+0000] {processor.py:840} INFO - DAG(s) 'example_branch_python_operator_decorator' retrieved from /home/airflow/.local/lib/python3.8/site-packages/airflow/example_dags/example_branch_operator_decorator.py
[2024-01-29T13:04:23.994+0000] {logging_mixin.py:188} INFO - [2024-01-29T13:04:23.994+0000] {dag.py:3036} INFO - Sync 1 DAGs
[2024-01-29T13:04:24.015+0000] {logging_mixin.py:188} INFO - [2024-01-29T13:04:24.015+0000] {dag.py:3823} INFO - Setting next_dagrun for example_branch_python_operator_decorator to 2024-01-28 00:00:00+00:00, run_after=2024-01-29 00:00:00+00:00
[2024-01-29T13:04:24.033+0000] {processor.py:183} INFO - Processing /home/airflow/.local/lib/python3.8/site-packages/airflow/example_dags/example_branch_operator_decorator.py took 0.095 seconds
[2024-01-29T13:04:54.186+0000] {processor.py:161} INFO - Started process (PID=1551) to work on /home/airflow/.local/lib/python3.8/site-packages/airflow/example_dags/example_branch_operator_decorator.py
[2024-01-29T13:04:54.187+0000] {processor.py:830} INFO - Processing file /home/airflow/.local/lib/python3.8/site-packages/airflow/example_dags/example_branch_operator_decorator.py for tasks to queue
[2024-01-29T13:04:54.189+0000] {logging_mixin.py:188} INFO - [2024-01-29T13:04:54.189+0000] {dagbag.py:538} INFO - Filling up the DagBag from /home/airflow/.local/lib/python3.8/site-packages/airflow/example_dags/example_branch_operator_decorator.py
[2024-01-29T13:04:54.222+0000] {processor.py:840} INFO - DAG(s) 'example_branch_python_operator_decorator' retrieved from /home/airflow/.local/lib/python3.8/site-packages/airflow/example_dags/example_branch_operator_decorator.py
[2024-01-29T13:04:54.252+0000] {logging_mixin.py:188} INFO - [2024-01-29T13:04:54.252+0000] {dag.py:3036} INFO - Sync 1 DAGs
[2024-01-29T13:04:54.275+0000] {logging_mixin.py:188} INFO - [2024-01-29T13:04:54.275+0000] {dag.py:3823} INFO - Setting next_dagrun for example_branch_python_operator_decorator to 2024-01-28 00:00:00+00:00, run_after=2024-01-29 00:00:00+00:00
[2024-01-29T13:04:54.293+0000] {processor.py:183} INFO - Processing /home/airflow/.local/lib/python3.8/site-packages/airflow/example_dags/example_branch_operator_decorator.py took 0.111 seconds
[2024-01-29T13:05:25.219+0000] {processor.py:161} INFO - Started process (PID=1607) to work on /home/airflow/.local/lib/python3.8/site-packages/airflow/example_dags/example_branch_operator_decorator.py
[2024-01-29T13:05:25.220+0000] {processor.py:830} INFO - Processing file /home/airflow/.local/lib/python3.8/site-packages/airflow/example_dags/example_branch_operator_decorator.py for tasks to queue
[2024-01-29T13:05:25.222+0000] {logging_mixin.py:188} INFO - [2024-01-29T13:05:25.221+0000] {dagbag.py:538} INFO - Filling up the DagBag from /home/airflow/.local/lib/python3.8/site-packages/airflow/example_dags/example_branch_operator_decorator.py
[2024-01-29T13:05:25.250+0000] {processor.py:840} INFO - DAG(s) 'example_branch_python_operator_decorator' retrieved from /home/airflow/.local/lib/python3.8/site-packages/airflow/example_dags/example_branch_operator_decorator.py
[2024-01-29T13:05:25.276+0000] {logging_mixin.py:188} INFO - [2024-01-29T13:05:25.276+0000] {dag.py:3036} INFO - Sync 1 DAGs
[2024-01-29T13:05:25.298+0000] {logging_mixin.py:188} INFO - [2024-01-29T13:05:25.297+0000] {dag.py:3823} INFO - Setting next_dagrun for example_branch_python_operator_decorator to 2024-01-28 00:00:00+00:00, run_after=2024-01-29 00:00:00+00:00
[2024-01-29T13:05:25.315+0000] {processor.py:183} INFO - Processing /home/airflow/.local/lib/python3.8/site-packages/airflow/example_dags/example_branch_operator_decorator.py took 0.100 seconds
[2024-01-29T13:05:55.402+0000] {processor.py:161} INFO - Started process (PID=1663) to work on /home/airflow/.local/lib/python3.8/site-packages/airflow/example_dags/example_branch_operator_decorator.py
[2024-01-29T13:05:55.403+0000] {processor.py:830} INFO - Processing file /home/airflow/.local/lib/python3.8/site-packages/airflow/example_dags/example_branch_operator_decorator.py for tasks to queue
[2024-01-29T13:05:55.405+0000] {logging_mixin.py:188} INFO - [2024-01-29T13:05:55.404+0000] {dagbag.py:538} INFO - Filling up the DagBag from /home/airflow/.local/lib/python3.8/site-packages/airflow/example_dags/example_branch_operator_decorator.py
[2024-01-29T13:05:55.429+0000] {processor.py:840} INFO - DAG(s) 'example_branch_python_operator_decorator' retrieved from /home/airflow/.local/lib/python3.8/site-packages/airflow/example_dags/example_branch_operator_decorator.py
[2024-01-29T13:05:55.457+0000] {logging_mixin.py:188} INFO - [2024-01-29T13:05:55.457+0000] {dag.py:3036} INFO - Sync 1 DAGs
[2024-01-29T13:05:55.482+0000] {logging_mixin.py:188} INFO - [2024-01-29T13:05:55.481+0000] {dag.py:3823} INFO - Setting next_dagrun for example_branch_python_operator_decorator to 2024-01-28 00:00:00+00:00, run_after=2024-01-29 00:00:00+00:00
[2024-01-29T13:05:55.501+0000] {processor.py:183} INFO - Processing /home/airflow/.local/lib/python3.8/site-packages/airflow/example_dags/example_branch_operator_decorator.py took 0.102 seconds
[2024-01-29T13:06:25.658+0000] {processor.py:161} INFO - Started process (PID=1720) to work on /home/airflow/.local/lib/python3.8/site-packages/airflow/example_dags/example_branch_operator_decorator.py
[2024-01-29T13:06:25.659+0000] {processor.py:830} INFO - Processing file /home/airflow/.local/lib/python3.8/site-packages/airflow/example_dags/example_branch_operator_decorator.py for tasks to queue
[2024-01-29T13:06:25.661+0000] {logging_mixin.py:188} INFO - [2024-01-29T13:06:25.660+0000] {dagbag.py:538} INFO - Filling up the DagBag from /home/airflow/.local/lib/python3.8/site-packages/airflow/example_dags/example_branch_operator_decorator.py
[2024-01-29T13:06:25.685+0000] {processor.py:840} INFO - DAG(s) 'example_branch_python_operator_decorator' retrieved from /home/airflow/.local/lib/python3.8/site-packages/airflow/example_dags/example_branch_operator_decorator.py
[2024-01-29T13:06:25.719+0000] {logging_mixin.py:188} INFO - [2024-01-29T13:06:25.719+0000] {dag.py:3036} INFO - Sync 1 DAGs
[2024-01-29T13:06:25.742+0000] {logging_mixin.py:188} INFO - [2024-01-29T13:06:25.742+0000] {dag.py:3823} INFO - Setting next_dagrun for example_branch_python_operator_decorator to 2024-01-28 00:00:00+00:00, run_after=2024-01-29 00:00:00+00:00
[2024-01-29T13:06:25.760+0000] {processor.py:183} INFO - Processing /home/airflow/.local/lib/python3.8/site-packages/airflow/example_dags/example_branch_operator_decorator.py took 0.106 seconds
[2024-01-29T13:06:55.803+0000] {processor.py:161} INFO - Started process (PID=1776) to work on /home/airflow/.local/lib/python3.8/site-packages/airflow/example_dags/example_branch_operator_decorator.py
[2024-01-29T13:06:55.804+0000] {processor.py:830} INFO - Processing file /home/airflow/.local/lib/python3.8/site-packages/airflow/example_dags/example_branch_operator_decorator.py for tasks to queue
[2024-01-29T13:06:55.806+0000] {logging_mixin.py:188} INFO - [2024-01-29T13:06:55.806+0000] {dagbag.py:538} INFO - Filling up the DagBag from /home/airflow/.local/lib/python3.8/site-packages/airflow/example_dags/example_branch_operator_decorator.py
[2024-01-29T13:06:55.829+0000] {processor.py:840} INFO - DAG(s) 'example_branch_python_operator_decorator' retrieved from /home/airflow/.local/lib/python3.8/site-packages/airflow/example_dags/example_branch_operator_decorator.py
[2024-01-29T13:06:55.856+0000] {logging_mixin.py:188} INFO - [2024-01-29T13:06:55.856+0000] {dag.py:3036} INFO - Sync 1 DAGs
[2024-01-29T13:06:55.880+0000] {logging_mixin.py:188} INFO - [2024-01-29T13:06:55.879+0000] {dag.py:3823} INFO - Setting next_dagrun for example_branch_python_operator_decorator to 2024-01-28 00:00:00+00:00, run_after=2024-01-29 00:00:00+00:00
[2024-01-29T13:06:55.899+0000] {processor.py:183} INFO - Processing /home/airflow/.local/lib/python3.8/site-packages/airflow/example_dags/example_branch_operator_decorator.py took 0.099 seconds
[2024-01-29T13:07:26.798+0000] {processor.py:161} INFO - Started process (PID=1832) to work on /home/airflow/.local/lib/python3.8/site-packages/airflow/example_dags/example_branch_operator_decorator.py
[2024-01-29T13:07:26.799+0000] {processor.py:830} INFO - Processing file /home/airflow/.local/lib/python3.8/site-packages/airflow/example_dags/example_branch_operator_decorator.py for tasks to queue
[2024-01-29T13:07:26.801+0000] {logging_mixin.py:188} INFO - [2024-01-29T13:07:26.801+0000] {dagbag.py:538} INFO - Filling up the DagBag from /home/airflow/.local/lib/python3.8/site-packages/airflow/example_dags/example_branch_operator_decorator.py
[2024-01-29T13:07:26.824+0000] {processor.py:840} INFO - DAG(s) 'example_branch_python_operator_decorator' retrieved from /home/airflow/.local/lib/python3.8/site-packages/airflow/example_dags/example_branch_operator_decorator.py
[2024-01-29T13:07:26.851+0000] {logging_mixin.py:188} INFO - [2024-01-29T13:07:26.851+0000] {dag.py:3036} INFO - Sync 1 DAGs
[2024-01-29T13:07:26.874+0000] {logging_mixin.py:188} INFO - [2024-01-29T13:07:26.873+0000] {dag.py:3823} INFO - Setting next_dagrun for example_branch_python_operator_decorator to 2024-01-28 00:00:00+00:00, run_after=2024-01-29 00:00:00+00:00
[2024-01-29T13:07:26.891+0000] {processor.py:183} INFO - Processing /home/airflow/.local/lib/python3.8/site-packages/airflow/example_dags/example_branch_operator_decorator.py took 0.096 seconds
[2024-01-29T13:07:57.495+0000] {processor.py:161} INFO - Started process (PID=1889) to work on /home/airflow/.local/lib/python3.8/site-packages/airflow/example_dags/example_branch_operator_decorator.py
[2024-01-29T13:07:57.496+0000] {processor.py:830} INFO - Processing file /home/airflow/.local/lib/python3.8/site-packages/airflow/example_dags/example_branch_operator_decorator.py for tasks to queue
[2024-01-29T13:07:57.498+0000] {logging_mixin.py:188} INFO - [2024-01-29T13:07:57.498+0000] {dagbag.py:538} INFO - Filling up the DagBag from /home/airflow/.local/lib/python3.8/site-packages/airflow/example_dags/example_branch_operator_decorator.py
[2024-01-29T13:07:57.522+0000] {processor.py:840} INFO - DAG(s) 'example_branch_python_operator_decorator' retrieved from /home/airflow/.local/lib/python3.8/site-packages/airflow/example_dags/example_branch_operator_decorator.py
[2024-01-29T13:07:57.550+0000] {logging_mixin.py:188} INFO - [2024-01-29T13:07:57.549+0000] {dag.py:3036} INFO - Sync 1 DAGs
[2024-01-29T13:07:57.573+0000] {logging_mixin.py:188} INFO - [2024-01-29T13:07:57.572+0000] {dag.py:3823} INFO - Setting next_dagrun for example_branch_python_operator_decorator to 2024-01-28 00:00:00+00:00, run_after=2024-01-29 00:00:00+00:00
[2024-01-29T13:07:57.592+0000] {processor.py:183} INFO - Processing /home/airflow/.local/lib/python3.8/site-packages/airflow/example_dags/example_branch_operator_decorator.py took 0.101 seconds
[2024-01-29T13:08:28.301+0000] {processor.py:161} INFO - Started process (PID=1945) to work on /home/airflow/.local/lib/python3.8/site-packages/airflow/example_dags/example_branch_operator_decorator.py
[2024-01-29T13:08:28.302+0000] {processor.py:830} INFO - Processing file /home/airflow/.local/lib/python3.8/site-packages/airflow/example_dags/example_branch_operator_decorator.py for tasks to queue
[2024-01-29T13:08:28.304+0000] {logging_mixin.py:188} INFO - [2024-01-29T13:08:28.303+0000] {dagbag.py:538} INFO - Filling up the DagBag from /home/airflow/.local/lib/python3.8/site-packages/airflow/example_dags/example_branch_operator_decorator.py
[2024-01-29T13:08:28.327+0000] {processor.py:840} INFO - DAG(s) 'example_branch_python_operator_decorator' retrieved from /home/airflow/.local/lib/python3.8/site-packages/airflow/example_dags/example_branch_operator_decorator.py
[2024-01-29T13:08:28.353+0000] {logging_mixin.py:188} INFO - [2024-01-29T13:08:28.353+0000] {dag.py:3036} INFO - Sync 1 DAGs
[2024-01-29T13:08:28.375+0000] {logging_mixin.py:188} INFO - [2024-01-29T13:08:28.375+0000] {dag.py:3823} INFO - Setting next_dagrun for example_branch_python_operator_decorator to 2024-01-28 00:00:00+00:00, run_after=2024-01-29 00:00:00+00:00
[2024-01-29T13:08:28.392+0000] {processor.py:183} INFO - Processing /home/airflow/.local/lib/python3.8/site-packages/airflow/example_dags/example_branch_operator_decorator.py took 0.095 seconds
[2024-01-29T13:08:59.338+0000] {processor.py:161} INFO - Started process (PID=2001) to work on /home/airflow/.local/lib/python3.8/site-packages/airflow/example_dags/example_branch_operator_decorator.py
[2024-01-29T13:08:59.339+0000] {processor.py:830} INFO - Processing file /home/airflow/.local/lib/python3.8/site-packages/airflow/example_dags/example_branch_operator_decorator.py for tasks to queue
[2024-01-29T13:08:59.341+0000] {logging_mixin.py:188} INFO - [2024-01-29T13:08:59.340+0000] {dagbag.py:538} INFO - Filling up the DagBag from /home/airflow/.local/lib/python3.8/site-packages/airflow/example_dags/example_branch_operator_decorator.py
[2024-01-29T13:08:59.364+0000] {processor.py:840} INFO - DAG(s) 'example_branch_python_operator_decorator' retrieved from /home/airflow/.local/lib/python3.8/site-packages/airflow/example_dags/example_branch_operator_decorator.py
[2024-01-29T13:08:59.390+0000] {logging_mixin.py:188} INFO - [2024-01-29T13:08:59.390+0000] {dag.py:3036} INFO - Sync 1 DAGs
[2024-01-29T13:08:59.412+0000] {logging_mixin.py:188} INFO - [2024-01-29T13:08:59.412+0000] {dag.py:3823} INFO - Setting next_dagrun for example_branch_python_operator_decorator to 2024-01-28 00:00:00+00:00, run_after=2024-01-29 00:00:00+00:00
[2024-01-29T13:08:59.430+0000] {processor.py:183} INFO - Processing /home/airflow/.local/lib/python3.8/site-packages/airflow/example_dags/example_branch_operator_decorator.py took 0.095 seconds
[2024-01-29T13:09:30.237+0000] {processor.py:161} INFO - Started process (PID=2057) to work on /home/airflow/.local/lib/python3.8/site-packages/airflow/example_dags/example_branch_operator_decorator.py
[2024-01-29T13:09:30.239+0000] {processor.py:830} INFO - Processing file /home/airflow/.local/lib/python3.8/site-packages/airflow/example_dags/example_branch_operator_decorator.py for tasks to queue
[2024-01-29T13:09:30.241+0000] {logging_mixin.py:188} INFO - [2024-01-29T13:09:30.241+0000] {dagbag.py:538} INFO - Filling up the DagBag from /home/airflow/.local/lib/python3.8/site-packages/airflow/example_dags/example_branch_operator_decorator.py
[2024-01-29T13:09:30.264+0000] {processor.py:840} INFO - DAG(s) 'example_branch_python_operator_decorator' retrieved from /home/airflow/.local/lib/python3.8/site-packages/airflow/example_dags/example_branch_operator_decorator.py
[2024-01-29T13:09:30.291+0000] {logging_mixin.py:188} INFO - [2024-01-29T13:09:30.291+0000] {dag.py:3036} INFO - Sync 1 DAGs
[2024-01-29T13:09:30.313+0000] {logging_mixin.py:188} INFO - [2024-01-29T13:09:30.313+0000] {dag.py:3823} INFO - Setting next_dagrun for example_branch_python_operator_decorator to 2024-01-28 00:00:00+00:00, run_after=2024-01-29 00:00:00+00:00
[2024-01-29T13:09:30.333+0000] {processor.py:183} INFO - Processing /home/airflow/.local/lib/python3.8/site-packages/airflow/example_dags/example_branch_operator_decorator.py took 0.100 seconds
[2024-01-29T13:10:01.199+0000] {processor.py:161} INFO - Started process (PID=2113) to work on /home/airflow/.local/lib/python3.8/site-packages/airflow/example_dags/example_branch_operator_decorator.py
[2024-01-29T13:10:01.200+0000] {processor.py:830} INFO - Processing file /home/airflow/.local/lib/python3.8/site-packages/airflow/example_dags/example_branch_operator_decorator.py for tasks to queue
[2024-01-29T13:10:01.202+0000] {logging_mixin.py:188} INFO - [2024-01-29T13:10:01.202+0000] {dagbag.py:538} INFO - Filling up the DagBag from /home/airflow/.local/lib/python3.8/site-packages/airflow/example_dags/example_branch_operator_decorator.py
[2024-01-29T13:10:01.225+0000] {processor.py:840} INFO - DAG(s) 'example_branch_python_operator_decorator' retrieved from /home/airflow/.local/lib/python3.8/site-packages/airflow/example_dags/example_branch_operator_decorator.py
[2024-01-29T13:10:01.252+0000] {logging_mixin.py:188} INFO - [2024-01-29T13:10:01.251+0000] {dag.py:3036} INFO - Sync 1 DAGs
[2024-01-29T13:10:01.278+0000] {logging_mixin.py:188} INFO - [2024-01-29T13:10:01.278+0000] {dag.py:3823} INFO - Setting next_dagrun for example_branch_python_operator_decorator to 2024-01-28 00:00:00+00:00, run_after=2024-01-29 00:00:00+00:00
[2024-01-29T13:10:01.307+0000] {processor.py:183} INFO - Processing /home/airflow/.local/lib/python3.8/site-packages/airflow/example_dags/example_branch_operator_decorator.py took 0.113 seconds
[2024-01-29T13:10:32.100+0000] {processor.py:161} INFO - Started process (PID=2175) to work on /home/airflow/.local/lib/python3.8/site-packages/airflow/example_dags/example_branch_operator_decorator.py
[2024-01-29T13:10:32.101+0000] {processor.py:830} INFO - Processing file /home/airflow/.local/lib/python3.8/site-packages/airflow/example_dags/example_branch_operator_decorator.py for tasks to queue
[2024-01-29T13:10:32.103+0000] {logging_mixin.py:188} INFO - [2024-01-29T13:10:32.103+0000] {dagbag.py:538} INFO - Filling up the DagBag from /home/airflow/.local/lib/python3.8/site-packages/airflow/example_dags/example_branch_operator_decorator.py
[2024-01-29T13:10:32.129+0000] {processor.py:840} INFO - DAG(s) 'example_branch_python_operator_decorator' retrieved from /home/airflow/.local/lib/python3.8/site-packages/airflow/example_dags/example_branch_operator_decorator.py
[2024-01-29T13:10:32.156+0000] {logging_mixin.py:188} INFO - [2024-01-29T13:10:32.155+0000] {dag.py:3036} INFO - Sync 1 DAGs
[2024-01-29T13:10:32.177+0000] {logging_mixin.py:188} INFO - [2024-01-29T13:10:32.176+0000] {dag.py:3823} INFO - Setting next_dagrun for example_branch_python_operator_decorator to 2024-01-28 00:00:00+00:00, run_after=2024-01-29 00:00:00+00:00
[2024-01-29T13:10:32.193+0000] {processor.py:183} INFO - Processing /home/airflow/.local/lib/python3.8/site-packages/airflow/example_dags/example_branch_operator_decorator.py took 0.097 seconds
[2024-01-29T13:11:02.843+0000] {processor.py:161} INFO - Started process (PID=2231) to work on /home/airflow/.local/lib/python3.8/site-packages/airflow/example_dags/example_branch_operator_decorator.py
[2024-01-29T13:11:02.844+0000] {processor.py:830} INFO - Processing file /home/airflow/.local/lib/python3.8/site-packages/airflow/example_dags/example_branch_operator_decorator.py for tasks to queue
[2024-01-29T13:11:02.846+0000] {logging_mixin.py:188} INFO - [2024-01-29T13:11:02.846+0000] {dagbag.py:538} INFO - Filling up the DagBag from /home/airflow/.local/lib/python3.8/site-packages/airflow/example_dags/example_branch_operator_decorator.py
[2024-01-29T13:11:02.867+0000] {processor.py:840} INFO - DAG(s) 'example_branch_python_operator_decorator' retrieved from /home/airflow/.local/lib/python3.8/site-packages/airflow/example_dags/example_branch_operator_decorator.py
[2024-01-29T13:11:02.893+0000] {logging_mixin.py:188} INFO - [2024-01-29T13:11:02.893+0000] {dag.py:3036} INFO - Sync 1 DAGs
[2024-01-29T13:11:02.917+0000] {logging_mixin.py:188} INFO - [2024-01-29T13:11:02.917+0000] {dag.py:3823} INFO - Setting next_dagrun for example_branch_python_operator_decorator to 2024-01-28 00:00:00+00:00, run_after=2024-01-29 00:00:00+00:00
[2024-01-29T13:11:02.935+0000] {processor.py:183} INFO - Processing /home/airflow/.local/lib/python3.8/site-packages/airflow/example_dags/example_branch_operator_decorator.py took 0.095 seconds
[2024-01-29T13:11:33.094+0000] {processor.py:161} INFO - Started process (PID=2287) to work on /home/airflow/.local/lib/python3.8/site-packages/airflow/example_dags/example_branch_operator_decorator.py
[2024-01-29T13:11:33.095+0000] {processor.py:830} INFO - Processing file /home/airflow/.local/lib/python3.8/site-packages/airflow/example_dags/example_branch_operator_decorator.py for tasks to queue
[2024-01-29T13:11:33.097+0000] {logging_mixin.py:188} INFO - [2024-01-29T13:11:33.097+0000] {dagbag.py:538} INFO - Filling up the DagBag from /home/airflow/.local/lib/python3.8/site-packages/airflow/example_dags/example_branch_operator_decorator.py
[2024-01-29T13:11:33.122+0000] {processor.py:840} INFO - DAG(s) 'example_branch_python_operator_decorator' retrieved from /home/airflow/.local/lib/python3.8/site-packages/airflow/example_dags/example_branch_operator_decorator.py
[2024-01-29T13:11:33.149+0000] {logging_mixin.py:188} INFO - [2024-01-29T13:11:33.148+0000] {dag.py:3036} INFO - Sync 1 DAGs
[2024-01-29T13:11:33.171+0000] {logging_mixin.py:188} INFO - [2024-01-29T13:11:33.171+0000] {dag.py:3823} INFO - Setting next_dagrun for example_branch_python_operator_decorator to 2024-01-28 00:00:00+00:00, run_after=2024-01-29 00:00:00+00:00
[2024-01-29T13:11:33.188+0000] {processor.py:183} INFO - Processing /home/airflow/.local/lib/python3.8/site-packages/airflow/example_dags/example_branch_operator_decorator.py took 0.098 seconds
[2024-01-29T13:12:04.155+0000] {processor.py:161} INFO - Started process (PID=2343) to work on /home/airflow/.local/lib/python3.8/site-packages/airflow/example_dags/example_branch_operator_decorator.py
[2024-01-29T13:12:04.156+0000] {processor.py:830} INFO - Processing file /home/airflow/.local/lib/python3.8/site-packages/airflow/example_dags/example_branch_operator_decorator.py for tasks to queue
[2024-01-29T13:12:04.157+0000] {logging_mixin.py:188} INFO - [2024-01-29T13:12:04.157+0000] {dagbag.py:538} INFO - Filling up the DagBag from /home/airflow/.local/lib/python3.8/site-packages/airflow/example_dags/example_branch_operator_decorator.py
[2024-01-29T13:12:04.180+0000] {processor.py:840} INFO - DAG(s) 'example_branch_python_operator_decorator' retrieved from /home/airflow/.local/lib/python3.8/site-packages/airflow/example_dags/example_branch_operator_decorator.py
[2024-01-29T13:12:04.208+0000] {logging_mixin.py:188} INFO - [2024-01-29T13:12:04.208+0000] {dag.py:3036} INFO - Sync 1 DAGs
[2024-01-29T13:12:04.230+0000] {logging_mixin.py:188} INFO - [2024-01-29T13:12:04.229+0000] {dag.py:3823} INFO - Setting next_dagrun for example_branch_python_operator_decorator to 2024-01-28 00:00:00+00:00, run_after=2024-01-29 00:00:00+00:00
[2024-01-29T13:12:04.247+0000] {processor.py:183} INFO - Processing /home/airflow/.local/lib/python3.8/site-packages/airflow/example_dags/example_branch_operator_decorator.py took 0.096 seconds
[2024-01-29T13:17:23.769+0000] {processor.py:161} INFO - Started process (PID=2390) to work on /home/airflow/.local/lib/python3.8/site-packages/airflow/example_dags/example_branch_operator_decorator.py
[2024-01-29T13:17:23.770+0000] {processor.py:830} INFO - Processing file /home/airflow/.local/lib/python3.8/site-packages/airflow/example_dags/example_branch_operator_decorator.py for tasks to queue
[2024-01-29T13:17:23.772+0000] {logging_mixin.py:188} INFO - [2024-01-29T13:17:23.771+0000] {dagbag.py:538} INFO - Filling up the DagBag from /home/airflow/.local/lib/python3.8/site-packages/airflow/example_dags/example_branch_operator_decorator.py
[2024-01-29T13:17:23.805+0000] {processor.py:840} INFO - DAG(s) 'example_branch_python_operator_decorator' retrieved from /home/airflow/.local/lib/python3.8/site-packages/airflow/example_dags/example_branch_operator_decorator.py
[2024-01-29T13:17:23.851+0000] {logging_mixin.py:188} INFO - [2024-01-29T13:17:23.851+0000] {dag.py:3036} INFO - Sync 1 DAGs
[2024-01-29T13:17:23.886+0000] {logging_mixin.py:188} INFO - [2024-01-29T13:17:23.886+0000] {dag.py:3823} INFO - Setting next_dagrun for example_branch_python_operator_decorator to 2024-01-28 00:00:00+00:00, run_after=2024-01-29 00:00:00+00:00
[2024-01-29T13:17:23.904+0000] {processor.py:183} INFO - Processing /home/airflow/.local/lib/python3.8/site-packages/airflow/example_dags/example_branch_operator_decorator.py took 0.139 seconds
[2024-01-29T13:17:54.132+0000] {processor.py:161} INFO - Started process (PID=2446) to work on /home/airflow/.local/lib/python3.8/site-packages/airflow/example_dags/example_branch_operator_decorator.py
[2024-01-29T13:17:54.134+0000] {processor.py:830} INFO - Processing file /home/airflow/.local/lib/python3.8/site-packages/airflow/example_dags/example_branch_operator_decorator.py for tasks to queue
[2024-01-29T13:17:54.136+0000] {logging_mixin.py:188} INFO - [2024-01-29T13:17:54.135+0000] {dagbag.py:538} INFO - Filling up the DagBag from /home/airflow/.local/lib/python3.8/site-packages/airflow/example_dags/example_branch_operator_decorator.py
[2024-01-29T13:17:54.160+0000] {processor.py:840} INFO - DAG(s) 'example_branch_python_operator_decorator' retrieved from /home/airflow/.local/lib/python3.8/site-packages/airflow/example_dags/example_branch_operator_decorator.py
[2024-01-29T13:17:54.192+0000] {logging_mixin.py:188} INFO - [2024-01-29T13:17:54.191+0000] {dag.py:3036} INFO - Sync 1 DAGs
[2024-01-29T13:17:54.354+0000] {logging_mixin.py:188} INFO - [2024-01-29T13:17:54.354+0000] {dag.py:3823} INFO - Setting next_dagrun for example_branch_python_operator_decorator to 2024-01-28 00:00:00+00:00, run_after=2024-01-29 00:00:00+00:00
[2024-01-29T13:17:54.375+0000] {processor.py:183} INFO - Processing /home/airflow/.local/lib/python3.8/site-packages/airflow/example_dags/example_branch_operator_decorator.py took 0.247 seconds
[2024-01-29T13:18:24.981+0000] {processor.py:161} INFO - Started process (PID=2502) to work on /home/airflow/.local/lib/python3.8/site-packages/airflow/example_dags/example_branch_operator_decorator.py
[2024-01-29T13:18:24.982+0000] {processor.py:830} INFO - Processing file /home/airflow/.local/lib/python3.8/site-packages/airflow/example_dags/example_branch_operator_decorator.py for tasks to queue
[2024-01-29T13:18:24.984+0000] {logging_mixin.py:188} INFO - [2024-01-29T13:18:24.983+0000] {dagbag.py:538} INFO - Filling up the DagBag from /home/airflow/.local/lib/python3.8/site-packages/airflow/example_dags/example_branch_operator_decorator.py
[2024-01-29T13:18:25.004+0000] {processor.py:840} INFO - DAG(s) 'example_branch_python_operator_decorator' retrieved from /home/airflow/.local/lib/python3.8/site-packages/airflow/example_dags/example_branch_operator_decorator.py
[2024-01-29T13:18:25.031+0000] {logging_mixin.py:188} INFO - [2024-01-29T13:18:25.031+0000] {dag.py:3036} INFO - Sync 1 DAGs
[2024-01-29T13:18:25.056+0000] {logging_mixin.py:188} INFO - [2024-01-29T13:18:25.056+0000] {dag.py:3823} INFO - Setting next_dagrun for example_branch_python_operator_decorator to 2024-01-28 00:00:00+00:00, run_after=2024-01-29 00:00:00+00:00
[2024-01-29T13:18:25.237+0000] {processor.py:183} INFO - Processing /home/airflow/.local/lib/python3.8/site-packages/airflow/example_dags/example_branch_operator_decorator.py took 0.259 seconds
