[2024-01-29T12:41:08.705+0000] {processor.py:161} INFO - Started process (PID=58) to work on /home/airflow/.local/lib/python3.8/site-packages/airflow/example_dags/example_sensors.py
[2024-01-29T12:41:08.706+0000] {processor.py:830} INFO - Processing file /home/airflow/.local/lib/python3.8/site-packages/airflow/example_dags/example_sensors.py for tasks to queue
[2024-01-29T12:41:08.708+0000] {logging_mixin.py:188} INFO - [2024-01-29T12:41:08.708+0000] {dagbag.py:538} INFO - Filling up the DagBag from /home/airflow/.local/lib/python3.8/site-packages/airflow/example_dags/example_sensors.py
[2024-01-29T12:41:08.717+0000] {processor.py:840} INFO - DAG(s) 'example_sensors' retrieved from /home/airflow/.local/lib/python3.8/site-packages/airflow/example_dags/example_sensors.py
[2024-01-29T12:41:08.828+0000] {logging_mixin.py:188} INFO - [2024-01-29T12:41:08.827+0000] {override.py:1769} INFO - Created Permission View: can read on DAG:example_sensors
[2024-01-29T12:41:08.838+0000] {logging_mixin.py:188} INFO - [2024-01-29T12:41:08.837+0000] {override.py:1769} INFO - Created Permission View: can edit on DAG:example_sensors
[2024-01-29T12:41:08.845+0000] {logging_mixin.py:188} INFO - [2024-01-29T12:41:08.844+0000] {override.py:1769} INFO - Created Permission View: can delete on DAG:example_sensors
[2024-01-29T12:41:08.845+0000] {logging_mixin.py:188} INFO - [2024-01-29T12:41:08.845+0000] {dag.py:3036} INFO - Sync 1 DAGs
[2024-01-29T12:41:08.856+0000] {logging_mixin.py:188} INFO - [2024-01-29T12:41:08.856+0000] {dag.py:3058} INFO - Creating ORM DAG for example_sensors
[2024-01-29T12:41:08.857+0000] {logging_mixin.py:188} INFO - [2024-01-29T12:41:08.856+0000] {dag.py:3823} INFO - Setting next_dagrun for example_sensors to None, run_after=None
[2024-01-29T12:41:08.875+0000] {processor.py:183} INFO - Processing /home/airflow/.local/lib/python3.8/site-packages/airflow/example_dags/example_sensors.py took 0.173 seconds
[2024-01-29T12:41:38.919+0000] {processor.py:161} INFO - Started process (PID=113) to work on /home/airflow/.local/lib/python3.8/site-packages/airflow/example_dags/example_sensors.py
[2024-01-29T12:41:38.920+0000] {processor.py:830} INFO - Processing file /home/airflow/.local/lib/python3.8/site-packages/airflow/example_dags/example_sensors.py for tasks to queue
[2024-01-29T12:41:38.922+0000] {logging_mixin.py:188} INFO - [2024-01-29T12:41:38.922+0000] {dagbag.py:538} INFO - Filling up the DagBag from /home/airflow/.local/lib/python3.8/site-packages/airflow/example_dags/example_sensors.py
[2024-01-29T12:41:38.931+0000] {processor.py:840} INFO - DAG(s) 'example_sensors' retrieved from /home/airflow/.local/lib/python3.8/site-packages/airflow/example_dags/example_sensors.py
[2024-01-29T12:41:38.954+0000] {logging_mixin.py:188} INFO - [2024-01-29T12:41:38.954+0000] {dag.py:3036} INFO - Sync 1 DAGs
[2024-01-29T12:41:38.965+0000] {logging_mixin.py:188} INFO - [2024-01-29T12:41:38.965+0000] {dag.py:3823} INFO - Setting next_dagrun for example_sensors to None, run_after=None
[2024-01-29T12:41:38.982+0000] {processor.py:183} INFO - Processing /home/airflow/.local/lib/python3.8/site-packages/airflow/example_dags/example_sensors.py took 0.066 seconds
[2024-01-29T12:51:15.148+0000] {processor.py:161} INFO - Started process (PID=59) to work on /home/airflow/.local/lib/python3.8/site-packages/airflow/example_dags/example_sensors.py
[2024-01-29T12:51:15.149+0000] {processor.py:830} INFO - Processing file /home/airflow/.local/lib/python3.8/site-packages/airflow/example_dags/example_sensors.py for tasks to queue
[2024-01-29T12:51:15.151+0000] {logging_mixin.py:188} INFO - [2024-01-29T12:51:15.151+0000] {dagbag.py:538} INFO - Filling up the DagBag from /home/airflow/.local/lib/python3.8/site-packages/airflow/example_dags/example_sensors.py
[2024-01-29T12:51:15.163+0000] {processor.py:840} INFO - DAG(s) 'example_sensors' retrieved from /home/airflow/.local/lib/python3.8/site-packages/airflow/example_dags/example_sensors.py
[2024-01-29T12:51:15.178+0000] {logging_mixin.py:188} INFO - [2024-01-29T12:51:15.177+0000] {dag.py:3036} INFO - Sync 1 DAGs
[2024-01-29T12:51:15.193+0000] {logging_mixin.py:188} INFO - [2024-01-29T12:51:15.193+0000] {dag.py:3823} INFO - Setting next_dagrun for example_sensors to None, run_after=None
[2024-01-29T12:51:15.215+0000] {processor.py:183} INFO - Processing /home/airflow/.local/lib/python3.8/site-packages/airflow/example_dags/example_sensors.py took 0.071 seconds
[2024-01-29T12:51:46.697+0000] {processor.py:161} INFO - Started process (PID=115) to work on /home/airflow/.local/lib/python3.8/site-packages/airflow/example_dags/example_sensors.py
[2024-01-29T12:51:46.698+0000] {processor.py:830} INFO - Processing file /home/airflow/.local/lib/python3.8/site-packages/airflow/example_dags/example_sensors.py for tasks to queue
[2024-01-29T12:51:46.699+0000] {logging_mixin.py:188} INFO - [2024-01-29T12:51:46.699+0000] {dagbag.py:538} INFO - Filling up the DagBag from /home/airflow/.local/lib/python3.8/site-packages/airflow/example_dags/example_sensors.py
[2024-01-29T12:51:46.710+0000] {processor.py:840} INFO - DAG(s) 'example_sensors' retrieved from /home/airflow/.local/lib/python3.8/site-packages/airflow/example_dags/example_sensors.py
[2024-01-29T12:51:46.826+0000] {logging_mixin.py:188} INFO - [2024-01-29T12:51:46.826+0000] {dag.py:3036} INFO - Sync 1 DAGs
[2024-01-29T12:51:46.838+0000] {logging_mixin.py:188} INFO - [2024-01-29T12:51:46.837+0000] {dag.py:3823} INFO - Setting next_dagrun for example_sensors to None, run_after=None
[2024-01-29T12:51:46.859+0000] {processor.py:183} INFO - Processing /home/airflow/.local/lib/python3.8/site-packages/airflow/example_dags/example_sensors.py took 0.166 seconds
[2024-01-29T12:52:17.631+0000] {processor.py:161} INFO - Started process (PID=171) to work on /home/airflow/.local/lib/python3.8/site-packages/airflow/example_dags/example_sensors.py
[2024-01-29T12:52:17.632+0000] {processor.py:830} INFO - Processing file /home/airflow/.local/lib/python3.8/site-packages/airflow/example_dags/example_sensors.py for tasks to queue
[2024-01-29T12:52:17.634+0000] {logging_mixin.py:188} INFO - [2024-01-29T12:52:17.634+0000] {dagbag.py:538} INFO - Filling up the DagBag from /home/airflow/.local/lib/python3.8/site-packages/airflow/example_dags/example_sensors.py
[2024-01-29T12:52:17.643+0000] {processor.py:840} INFO - DAG(s) 'example_sensors' retrieved from /home/airflow/.local/lib/python3.8/site-packages/airflow/example_dags/example_sensors.py
[2024-01-29T12:52:17.667+0000] {logging_mixin.py:188} INFO - [2024-01-29T12:52:17.667+0000] {dag.py:3036} INFO - Sync 1 DAGs
[2024-01-29T12:52:17.679+0000] {logging_mixin.py:188} INFO - [2024-01-29T12:52:17.679+0000] {dag.py:3823} INFO - Setting next_dagrun for example_sensors to None, run_after=None
[2024-01-29T12:52:17.696+0000] {processor.py:183} INFO - Processing /home/airflow/.local/lib/python3.8/site-packages/airflow/example_dags/example_sensors.py took 0.068 seconds
[2024-01-29T12:52:48.620+0000] {processor.py:161} INFO - Started process (PID=227) to work on /home/airflow/.local/lib/python3.8/site-packages/airflow/example_dags/example_sensors.py
[2024-01-29T12:52:48.621+0000] {processor.py:830} INFO - Processing file /home/airflow/.local/lib/python3.8/site-packages/airflow/example_dags/example_sensors.py for tasks to queue
[2024-01-29T12:52:48.622+0000] {logging_mixin.py:188} INFO - [2024-01-29T12:52:48.622+0000] {dagbag.py:538} INFO - Filling up the DagBag from /home/airflow/.local/lib/python3.8/site-packages/airflow/example_dags/example_sensors.py
[2024-01-29T12:52:48.631+0000] {processor.py:840} INFO - DAG(s) 'example_sensors' retrieved from /home/airflow/.local/lib/python3.8/site-packages/airflow/example_dags/example_sensors.py
[2024-01-29T12:52:48.655+0000] {logging_mixin.py:188} INFO - [2024-01-29T12:52:48.655+0000] {dag.py:3036} INFO - Sync 1 DAGs
[2024-01-29T12:52:48.667+0000] {logging_mixin.py:188} INFO - [2024-01-29T12:52:48.667+0000] {dag.py:3823} INFO - Setting next_dagrun for example_sensors to None, run_after=None
[2024-01-29T12:52:48.686+0000] {processor.py:183} INFO - Processing /home/airflow/.local/lib/python3.8/site-packages/airflow/example_dags/example_sensors.py took 0.070 seconds
[2024-01-29T12:53:18.787+0000] {processor.py:161} INFO - Started process (PID=283) to work on /home/airflow/.local/lib/python3.8/site-packages/airflow/example_dags/example_sensors.py
[2024-01-29T12:53:18.788+0000] {processor.py:830} INFO - Processing file /home/airflow/.local/lib/python3.8/site-packages/airflow/example_dags/example_sensors.py for tasks to queue
[2024-01-29T12:53:18.790+0000] {logging_mixin.py:188} INFO - [2024-01-29T12:53:18.789+0000] {dagbag.py:538} INFO - Filling up the DagBag from /home/airflow/.local/lib/python3.8/site-packages/airflow/example_dags/example_sensors.py
[2024-01-29T12:53:18.799+0000] {processor.py:840} INFO - DAG(s) 'example_sensors' retrieved from /home/airflow/.local/lib/python3.8/site-packages/airflow/example_dags/example_sensors.py
[2024-01-29T12:53:18.823+0000] {logging_mixin.py:188} INFO - [2024-01-29T12:53:18.823+0000] {dag.py:3036} INFO - Sync 1 DAGs
[2024-01-29T12:53:18.835+0000] {logging_mixin.py:188} INFO - [2024-01-29T12:53:18.835+0000] {dag.py:3823} INFO - Setting next_dagrun for example_sensors to None, run_after=None
[2024-01-29T12:53:18.853+0000] {processor.py:183} INFO - Processing /home/airflow/.local/lib/python3.8/site-packages/airflow/example_dags/example_sensors.py took 0.069 seconds
[2024-01-29T12:53:48.965+0000] {processor.py:161} INFO - Started process (PID=339) to work on /home/airflow/.local/lib/python3.8/site-packages/airflow/example_dags/example_sensors.py
[2024-01-29T12:53:48.966+0000] {processor.py:830} INFO - Processing file /home/airflow/.local/lib/python3.8/site-packages/airflow/example_dags/example_sensors.py for tasks to queue
[2024-01-29T12:53:48.968+0000] {logging_mixin.py:188} INFO - [2024-01-29T12:53:48.968+0000] {dagbag.py:538} INFO - Filling up the DagBag from /home/airflow/.local/lib/python3.8/site-packages/airflow/example_dags/example_sensors.py
[2024-01-29T12:53:48.977+0000] {processor.py:840} INFO - DAG(s) 'example_sensors' retrieved from /home/airflow/.local/lib/python3.8/site-packages/airflow/example_dags/example_sensors.py
[2024-01-29T12:53:49.002+0000] {logging_mixin.py:188} INFO - [2024-01-29T12:53:49.001+0000] {dag.py:3036} INFO - Sync 1 DAGs
[2024-01-29T12:53:49.014+0000] {logging_mixin.py:188} INFO - [2024-01-29T12:53:49.014+0000] {dag.py:3823} INFO - Setting next_dagrun for example_sensors to None, run_after=None
[2024-01-29T12:53:49.031+0000] {processor.py:183} INFO - Processing /home/airflow/.local/lib/python3.8/site-packages/airflow/example_dags/example_sensors.py took 0.069 seconds
[2024-01-29T12:54:19.267+0000] {processor.py:161} INFO - Started process (PID=395) to work on /home/airflow/.local/lib/python3.8/site-packages/airflow/example_dags/example_sensors.py
[2024-01-29T12:54:19.268+0000] {processor.py:830} INFO - Processing file /home/airflow/.local/lib/python3.8/site-packages/airflow/example_dags/example_sensors.py for tasks to queue
[2024-01-29T12:54:19.269+0000] {logging_mixin.py:188} INFO - [2024-01-29T12:54:19.269+0000] {dagbag.py:538} INFO - Filling up the DagBag from /home/airflow/.local/lib/python3.8/site-packages/airflow/example_dags/example_sensors.py
[2024-01-29T12:54:19.278+0000] {processor.py:840} INFO - DAG(s) 'example_sensors' retrieved from /home/airflow/.local/lib/python3.8/site-packages/airflow/example_dags/example_sensors.py
[2024-01-29T12:54:19.302+0000] {logging_mixin.py:188} INFO - [2024-01-29T12:54:19.301+0000] {dag.py:3036} INFO - Sync 1 DAGs
[2024-01-29T12:54:19.313+0000] {logging_mixin.py:188} INFO - [2024-01-29T12:54:19.313+0000] {dag.py:3823} INFO - Setting next_dagrun for example_sensors to None, run_after=None
[2024-01-29T12:54:19.331+0000] {processor.py:183} INFO - Processing /home/airflow/.local/lib/python3.8/site-packages/airflow/example_dags/example_sensors.py took 0.068 seconds
[2024-01-29T12:54:49.458+0000] {processor.py:161} INFO - Started process (PID=451) to work on /home/airflow/.local/lib/python3.8/site-packages/airflow/example_dags/example_sensors.py
[2024-01-29T12:54:49.459+0000] {processor.py:830} INFO - Processing file /home/airflow/.local/lib/python3.8/site-packages/airflow/example_dags/example_sensors.py for tasks to queue
[2024-01-29T12:54:49.461+0000] {logging_mixin.py:188} INFO - [2024-01-29T12:54:49.460+0000] {dagbag.py:538} INFO - Filling up the DagBag from /home/airflow/.local/lib/python3.8/site-packages/airflow/example_dags/example_sensors.py
[2024-01-29T12:54:49.469+0000] {processor.py:840} INFO - DAG(s) 'example_sensors' retrieved from /home/airflow/.local/lib/python3.8/site-packages/airflow/example_dags/example_sensors.py
[2024-01-29T12:54:49.492+0000] {logging_mixin.py:188} INFO - [2024-01-29T12:54:49.492+0000] {dag.py:3036} INFO - Sync 1 DAGs
[2024-01-29T12:54:49.504+0000] {logging_mixin.py:188} INFO - [2024-01-29T12:54:49.504+0000] {dag.py:3823} INFO - Setting next_dagrun for example_sensors to None, run_after=None
[2024-01-29T12:54:49.521+0000] {processor.py:183} INFO - Processing /home/airflow/.local/lib/python3.8/site-packages/airflow/example_dags/example_sensors.py took 0.066 seconds
[2024-01-29T12:55:19.895+0000] {processor.py:161} INFO - Started process (PID=507) to work on /home/airflow/.local/lib/python3.8/site-packages/airflow/example_dags/example_sensors.py
[2024-01-29T12:55:19.896+0000] {processor.py:830} INFO - Processing file /home/airflow/.local/lib/python3.8/site-packages/airflow/example_dags/example_sensors.py for tasks to queue
[2024-01-29T12:55:19.897+0000] {logging_mixin.py:188} INFO - [2024-01-29T12:55:19.897+0000] {dagbag.py:538} INFO - Filling up the DagBag from /home/airflow/.local/lib/python3.8/site-packages/airflow/example_dags/example_sensors.py
[2024-01-29T12:55:19.906+0000] {processor.py:840} INFO - DAG(s) 'example_sensors' retrieved from /home/airflow/.local/lib/python3.8/site-packages/airflow/example_dags/example_sensors.py
[2024-01-29T12:55:19.929+0000] {logging_mixin.py:188} INFO - [2024-01-29T12:55:19.929+0000] {dag.py:3036} INFO - Sync 1 DAGs
[2024-01-29T12:55:19.941+0000] {logging_mixin.py:188} INFO - [2024-01-29T12:55:19.940+0000] {dag.py:3823} INFO - Setting next_dagrun for example_sensors to None, run_after=None
[2024-01-29T12:55:19.958+0000] {processor.py:183} INFO - Processing /home/airflow/.local/lib/python3.8/site-packages/airflow/example_dags/example_sensors.py took 0.066 seconds
[2024-01-29T12:55:50.182+0000] {processor.py:161} INFO - Started process (PID=563) to work on /home/airflow/.local/lib/python3.8/site-packages/airflow/example_dags/example_sensors.py
[2024-01-29T12:55:50.183+0000] {processor.py:830} INFO - Processing file /home/airflow/.local/lib/python3.8/site-packages/airflow/example_dags/example_sensors.py for tasks to queue
[2024-01-29T12:55:50.185+0000] {logging_mixin.py:188} INFO - [2024-01-29T12:55:50.184+0000] {dagbag.py:538} INFO - Filling up the DagBag from /home/airflow/.local/lib/python3.8/site-packages/airflow/example_dags/example_sensors.py
[2024-01-29T12:55:50.194+0000] {processor.py:840} INFO - DAG(s) 'example_sensors' retrieved from /home/airflow/.local/lib/python3.8/site-packages/airflow/example_dags/example_sensors.py
[2024-01-29T12:55:50.218+0000] {logging_mixin.py:188} INFO - [2024-01-29T12:55:50.218+0000] {dag.py:3036} INFO - Sync 1 DAGs
[2024-01-29T12:55:50.230+0000] {logging_mixin.py:188} INFO - [2024-01-29T12:55:50.230+0000] {dag.py:3823} INFO - Setting next_dagrun for example_sensors to None, run_after=None
[2024-01-29T12:55:50.248+0000] {processor.py:183} INFO - Processing /home/airflow/.local/lib/python3.8/site-packages/airflow/example_dags/example_sensors.py took 0.070 seconds
[2024-01-29T12:56:20.466+0000] {processor.py:161} INFO - Started process (PID=619) to work on /home/airflow/.local/lib/python3.8/site-packages/airflow/example_dags/example_sensors.py
[2024-01-29T12:56:20.467+0000] {processor.py:830} INFO - Processing file /home/airflow/.local/lib/python3.8/site-packages/airflow/example_dags/example_sensors.py for tasks to queue
[2024-01-29T12:56:20.469+0000] {logging_mixin.py:188} INFO - [2024-01-29T12:56:20.468+0000] {dagbag.py:538} INFO - Filling up the DagBag from /home/airflow/.local/lib/python3.8/site-packages/airflow/example_dags/example_sensors.py
[2024-01-29T12:56:20.477+0000] {processor.py:840} INFO - DAG(s) 'example_sensors' retrieved from /home/airflow/.local/lib/python3.8/site-packages/airflow/example_dags/example_sensors.py
[2024-01-29T12:56:20.502+0000] {logging_mixin.py:188} INFO - [2024-01-29T12:56:20.502+0000] {dag.py:3036} INFO - Sync 1 DAGs
[2024-01-29T12:56:20.516+0000] {logging_mixin.py:188} INFO - [2024-01-29T12:56:20.516+0000] {dag.py:3823} INFO - Setting next_dagrun for example_sensors to None, run_after=None
[2024-01-29T12:56:20.538+0000] {processor.py:183} INFO - Processing /home/airflow/.local/lib/python3.8/site-packages/airflow/example_dags/example_sensors.py took 0.075 seconds
[2024-01-29T12:56:50.744+0000] {processor.py:161} INFO - Started process (PID=675) to work on /home/airflow/.local/lib/python3.8/site-packages/airflow/example_dags/example_sensors.py
[2024-01-29T12:56:50.745+0000] {processor.py:830} INFO - Processing file /home/airflow/.local/lib/python3.8/site-packages/airflow/example_dags/example_sensors.py for tasks to queue
[2024-01-29T12:56:50.747+0000] {logging_mixin.py:188} INFO - [2024-01-29T12:56:50.747+0000] {dagbag.py:538} INFO - Filling up the DagBag from /home/airflow/.local/lib/python3.8/site-packages/airflow/example_dags/example_sensors.py
[2024-01-29T12:56:50.755+0000] {processor.py:840} INFO - DAG(s) 'example_sensors' retrieved from /home/airflow/.local/lib/python3.8/site-packages/airflow/example_dags/example_sensors.py
[2024-01-29T12:56:50.779+0000] {logging_mixin.py:188} INFO - [2024-01-29T12:56:50.779+0000] {dag.py:3036} INFO - Sync 1 DAGs
[2024-01-29T12:56:50.790+0000] {logging_mixin.py:188} INFO - [2024-01-29T12:56:50.790+0000] {dag.py:3823} INFO - Setting next_dagrun for example_sensors to None, run_after=None
[2024-01-29T12:56:50.808+0000] {processor.py:183} INFO - Processing /home/airflow/.local/lib/python3.8/site-packages/airflow/example_dags/example_sensors.py took 0.066 seconds
[2024-01-29T12:57:20.914+0000] {processor.py:161} INFO - Started process (PID=731) to work on /home/airflow/.local/lib/python3.8/site-packages/airflow/example_dags/example_sensors.py
[2024-01-29T12:57:20.915+0000] {processor.py:830} INFO - Processing file /home/airflow/.local/lib/python3.8/site-packages/airflow/example_dags/example_sensors.py for tasks to queue
[2024-01-29T12:57:20.917+0000] {logging_mixin.py:188} INFO - [2024-01-29T12:57:20.916+0000] {dagbag.py:538} INFO - Filling up the DagBag from /home/airflow/.local/lib/python3.8/site-packages/airflow/example_dags/example_sensors.py
[2024-01-29T12:57:20.925+0000] {processor.py:840} INFO - DAG(s) 'example_sensors' retrieved from /home/airflow/.local/lib/python3.8/site-packages/airflow/example_dags/example_sensors.py
[2024-01-29T12:57:20.950+0000] {logging_mixin.py:188} INFO - [2024-01-29T12:57:20.950+0000] {dag.py:3036} INFO - Sync 1 DAGs
[2024-01-29T12:57:20.963+0000] {logging_mixin.py:188} INFO - [2024-01-29T12:57:20.963+0000] {dag.py:3823} INFO - Setting next_dagrun for example_sensors to None, run_after=None
[2024-01-29T12:57:20.982+0000] {processor.py:183} INFO - Processing /home/airflow/.local/lib/python3.8/site-packages/airflow/example_dags/example_sensors.py took 0.070 seconds
[2024-01-29T12:57:51.144+0000] {processor.py:161} INFO - Started process (PID=787) to work on /home/airflow/.local/lib/python3.8/site-packages/airflow/example_dags/example_sensors.py
[2024-01-29T12:57:51.145+0000] {processor.py:830} INFO - Processing file /home/airflow/.local/lib/python3.8/site-packages/airflow/example_dags/example_sensors.py for tasks to queue
[2024-01-29T12:57:51.147+0000] {logging_mixin.py:188} INFO - [2024-01-29T12:57:51.146+0000] {dagbag.py:538} INFO - Filling up the DagBag from /home/airflow/.local/lib/python3.8/site-packages/airflow/example_dags/example_sensors.py
[2024-01-29T12:57:51.155+0000] {processor.py:840} INFO - DAG(s) 'example_sensors' retrieved from /home/airflow/.local/lib/python3.8/site-packages/airflow/example_dags/example_sensors.py
[2024-01-29T12:57:51.180+0000] {logging_mixin.py:188} INFO - [2024-01-29T12:57:51.180+0000] {dag.py:3036} INFO - Sync 1 DAGs
[2024-01-29T12:57:51.192+0000] {logging_mixin.py:188} INFO - [2024-01-29T12:57:51.192+0000] {dag.py:3823} INFO - Setting next_dagrun for example_sensors to None, run_after=None
[2024-01-29T12:57:51.210+0000] {processor.py:183} INFO - Processing /home/airflow/.local/lib/python3.8/site-packages/airflow/example_dags/example_sensors.py took 0.069 seconds
[2024-01-29T12:58:21.332+0000] {processor.py:161} INFO - Started process (PID=843) to work on /home/airflow/.local/lib/python3.8/site-packages/airflow/example_dags/example_sensors.py
[2024-01-29T12:58:21.333+0000] {processor.py:830} INFO - Processing file /home/airflow/.local/lib/python3.8/site-packages/airflow/example_dags/example_sensors.py for tasks to queue
[2024-01-29T12:58:21.335+0000] {logging_mixin.py:188} INFO - [2024-01-29T12:58:21.334+0000] {dagbag.py:538} INFO - Filling up the DagBag from /home/airflow/.local/lib/python3.8/site-packages/airflow/example_dags/example_sensors.py
[2024-01-29T12:58:21.343+0000] {processor.py:840} INFO - DAG(s) 'example_sensors' retrieved from /home/airflow/.local/lib/python3.8/site-packages/airflow/example_dags/example_sensors.py
[2024-01-29T12:58:21.368+0000] {logging_mixin.py:188} INFO - [2024-01-29T12:58:21.367+0000] {dag.py:3036} INFO - Sync 1 DAGs
[2024-01-29T12:58:21.379+0000] {logging_mixin.py:188} INFO - [2024-01-29T12:58:21.379+0000] {dag.py:3823} INFO - Setting next_dagrun for example_sensors to None, run_after=None
[2024-01-29T12:58:21.397+0000] {processor.py:183} INFO - Processing /home/airflow/.local/lib/python3.8/site-packages/airflow/example_dags/example_sensors.py took 0.068 seconds
[2024-01-29T12:58:51.921+0000] {processor.py:161} INFO - Started process (PID=899) to work on /home/airflow/.local/lib/python3.8/site-packages/airflow/example_dags/example_sensors.py
[2024-01-29T12:58:51.922+0000] {processor.py:830} INFO - Processing file /home/airflow/.local/lib/python3.8/site-packages/airflow/example_dags/example_sensors.py for tasks to queue
[2024-01-29T12:58:51.924+0000] {logging_mixin.py:188} INFO - [2024-01-29T12:58:51.923+0000] {dagbag.py:538} INFO - Filling up the DagBag from /home/airflow/.local/lib/python3.8/site-packages/airflow/example_dags/example_sensors.py
[2024-01-29T12:58:51.932+0000] {processor.py:840} INFO - DAG(s) 'example_sensors' retrieved from /home/airflow/.local/lib/python3.8/site-packages/airflow/example_dags/example_sensors.py
[2024-01-29T12:58:51.956+0000] {logging_mixin.py:188} INFO - [2024-01-29T12:58:51.956+0000] {dag.py:3036} INFO - Sync 1 DAGs
[2024-01-29T12:58:51.970+0000] {logging_mixin.py:188} INFO - [2024-01-29T12:58:51.969+0000] {dag.py:3823} INFO - Setting next_dagrun for example_sensors to None, run_after=None
[2024-01-29T12:58:51.987+0000] {processor.py:183} INFO - Processing /home/airflow/.local/lib/python3.8/site-packages/airflow/example_dags/example_sensors.py took 0.069 seconds
[2024-01-29T12:59:22.217+0000] {processor.py:161} INFO - Started process (PID=955) to work on /home/airflow/.local/lib/python3.8/site-packages/airflow/example_dags/example_sensors.py
[2024-01-29T12:59:22.218+0000] {processor.py:830} INFO - Processing file /home/airflow/.local/lib/python3.8/site-packages/airflow/example_dags/example_sensors.py for tasks to queue
[2024-01-29T12:59:22.220+0000] {logging_mixin.py:188} INFO - [2024-01-29T12:59:22.220+0000] {dagbag.py:538} INFO - Filling up the DagBag from /home/airflow/.local/lib/python3.8/site-packages/airflow/example_dags/example_sensors.py
[2024-01-29T12:59:22.228+0000] {processor.py:840} INFO - DAG(s) 'example_sensors' retrieved from /home/airflow/.local/lib/python3.8/site-packages/airflow/example_dags/example_sensors.py
[2024-01-29T12:59:22.254+0000] {logging_mixin.py:188} INFO - [2024-01-29T12:59:22.253+0000] {dag.py:3036} INFO - Sync 1 DAGs
[2024-01-29T12:59:22.265+0000] {logging_mixin.py:188} INFO - [2024-01-29T12:59:22.265+0000] {dag.py:3823} INFO - Setting next_dagrun for example_sensors to None, run_after=None
[2024-01-29T12:59:22.282+0000] {processor.py:183} INFO - Processing /home/airflow/.local/lib/python3.8/site-packages/airflow/example_dags/example_sensors.py took 0.068 seconds
[2024-01-29T12:59:52.314+0000] {processor.py:161} INFO - Started process (PID=1011) to work on /home/airflow/.local/lib/python3.8/site-packages/airflow/example_dags/example_sensors.py
[2024-01-29T12:59:52.315+0000] {processor.py:830} INFO - Processing file /home/airflow/.local/lib/python3.8/site-packages/airflow/example_dags/example_sensors.py for tasks to queue
[2024-01-29T12:59:52.317+0000] {logging_mixin.py:188} INFO - [2024-01-29T12:59:52.317+0000] {dagbag.py:538} INFO - Filling up the DagBag from /home/airflow/.local/lib/python3.8/site-packages/airflow/example_dags/example_sensors.py
[2024-01-29T12:59:52.329+0000] {processor.py:840} INFO - DAG(s) 'example_sensors' retrieved from /home/airflow/.local/lib/python3.8/site-packages/airflow/example_dags/example_sensors.py
[2024-01-29T12:59:52.355+0000] {logging_mixin.py:188} INFO - [2024-01-29T12:59:52.355+0000] {dag.py:3036} INFO - Sync 1 DAGs
[2024-01-29T12:59:52.368+0000] {logging_mixin.py:188} INFO - [2024-01-29T12:59:52.368+0000] {dag.py:3823} INFO - Setting next_dagrun for example_sensors to None, run_after=None
[2024-01-29T12:59:52.388+0000] {processor.py:183} INFO - Processing /home/airflow/.local/lib/python3.8/site-packages/airflow/example_dags/example_sensors.py took 0.077 seconds
[2024-01-29T13:00:22.487+0000] {processor.py:161} INFO - Started process (PID=1067) to work on /home/airflow/.local/lib/python3.8/site-packages/airflow/example_dags/example_sensors.py
[2024-01-29T13:00:22.488+0000] {processor.py:830} INFO - Processing file /home/airflow/.local/lib/python3.8/site-packages/airflow/example_dags/example_sensors.py for tasks to queue
[2024-01-29T13:00:22.489+0000] {logging_mixin.py:188} INFO - [2024-01-29T13:00:22.489+0000] {dagbag.py:538} INFO - Filling up the DagBag from /home/airflow/.local/lib/python3.8/site-packages/airflow/example_dags/example_sensors.py
[2024-01-29T13:00:22.498+0000] {processor.py:840} INFO - DAG(s) 'example_sensors' retrieved from /home/airflow/.local/lib/python3.8/site-packages/airflow/example_dags/example_sensors.py
[2024-01-29T13:00:22.531+0000] {logging_mixin.py:188} INFO - [2024-01-29T13:00:22.531+0000] {dag.py:3036} INFO - Sync 1 DAGs
[2024-01-29T13:00:22.544+0000] {logging_mixin.py:188} INFO - [2024-01-29T13:00:22.543+0000] {dag.py:3823} INFO - Setting next_dagrun for example_sensors to None, run_after=None
[2024-01-29T13:00:22.562+0000] {processor.py:183} INFO - Processing /home/airflow/.local/lib/python3.8/site-packages/airflow/example_dags/example_sensors.py took 0.078 seconds
[2024-01-29T13:00:52.787+0000] {processor.py:161} INFO - Started process (PID=1123) to work on /home/airflow/.local/lib/python3.8/site-packages/airflow/example_dags/example_sensors.py
[2024-01-29T13:00:52.788+0000] {processor.py:830} INFO - Processing file /home/airflow/.local/lib/python3.8/site-packages/airflow/example_dags/example_sensors.py for tasks to queue
[2024-01-29T13:00:52.790+0000] {logging_mixin.py:188} INFO - [2024-01-29T13:00:52.789+0000] {dagbag.py:538} INFO - Filling up the DagBag from /home/airflow/.local/lib/python3.8/site-packages/airflow/example_dags/example_sensors.py
[2024-01-29T13:00:52.798+0000] {processor.py:840} INFO - DAG(s) 'example_sensors' retrieved from /home/airflow/.local/lib/python3.8/site-packages/airflow/example_dags/example_sensors.py
[2024-01-29T13:00:52.823+0000] {logging_mixin.py:188} INFO - [2024-01-29T13:00:52.823+0000] {dag.py:3036} INFO - Sync 1 DAGs
[2024-01-29T13:00:52.834+0000] {logging_mixin.py:188} INFO - [2024-01-29T13:00:52.834+0000] {dag.py:3823} INFO - Setting next_dagrun for example_sensors to None, run_after=None
[2024-01-29T13:00:52.852+0000] {processor.py:183} INFO - Processing /home/airflow/.local/lib/python3.8/site-packages/airflow/example_dags/example_sensors.py took 0.067 seconds
[2024-01-29T13:01:23.206+0000] {processor.py:161} INFO - Started process (PID=1178) to work on /home/airflow/.local/lib/python3.8/site-packages/airflow/example_dags/example_sensors.py
[2024-01-29T13:01:23.207+0000] {processor.py:830} INFO - Processing file /home/airflow/.local/lib/python3.8/site-packages/airflow/example_dags/example_sensors.py for tasks to queue
[2024-01-29T13:01:23.209+0000] {logging_mixin.py:188} INFO - [2024-01-29T13:01:23.208+0000] {dagbag.py:538} INFO - Filling up the DagBag from /home/airflow/.local/lib/python3.8/site-packages/airflow/example_dags/example_sensors.py
[2024-01-29T13:01:23.218+0000] {processor.py:840} INFO - DAG(s) 'example_sensors' retrieved from /home/airflow/.local/lib/python3.8/site-packages/airflow/example_dags/example_sensors.py
[2024-01-29T13:01:23.242+0000] {logging_mixin.py:188} INFO - [2024-01-29T13:01:23.242+0000] {dag.py:3036} INFO - Sync 1 DAGs
[2024-01-29T13:01:23.254+0000] {logging_mixin.py:188} INFO - [2024-01-29T13:01:23.254+0000] {dag.py:3823} INFO - Setting next_dagrun for example_sensors to None, run_after=None
[2024-01-29T13:01:23.272+0000] {processor.py:183} INFO - Processing /home/airflow/.local/lib/python3.8/site-packages/airflow/example_dags/example_sensors.py took 0.069 seconds
[2024-01-29T13:01:53.903+0000] {processor.py:161} INFO - Started process (PID=1234) to work on /home/airflow/.local/lib/python3.8/site-packages/airflow/example_dags/example_sensors.py
[2024-01-29T13:01:53.904+0000] {processor.py:830} INFO - Processing file /home/airflow/.local/lib/python3.8/site-packages/airflow/example_dags/example_sensors.py for tasks to queue
[2024-01-29T13:01:53.905+0000] {logging_mixin.py:188} INFO - [2024-01-29T13:01:53.905+0000] {dagbag.py:538} INFO - Filling up the DagBag from /home/airflow/.local/lib/python3.8/site-packages/airflow/example_dags/example_sensors.py
[2024-01-29T13:01:53.914+0000] {processor.py:840} INFO - DAG(s) 'example_sensors' retrieved from /home/airflow/.local/lib/python3.8/site-packages/airflow/example_dags/example_sensors.py
[2024-01-29T13:01:53.938+0000] {logging_mixin.py:188} INFO - [2024-01-29T13:01:53.938+0000] {dag.py:3036} INFO - Sync 1 DAGs
[2024-01-29T13:01:53.950+0000] {logging_mixin.py:188} INFO - [2024-01-29T13:01:53.949+0000] {dag.py:3823} INFO - Setting next_dagrun for example_sensors to None, run_after=None
[2024-01-29T13:01:53.970+0000] {processor.py:183} INFO - Processing /home/airflow/.local/lib/python3.8/site-packages/airflow/example_dags/example_sensors.py took 0.071 seconds
[2024-01-29T13:02:24.090+0000] {processor.py:161} INFO - Started process (PID=1291) to work on /home/airflow/.local/lib/python3.8/site-packages/airflow/example_dags/example_sensors.py
[2024-01-29T13:02:24.091+0000] {processor.py:830} INFO - Processing file /home/airflow/.local/lib/python3.8/site-packages/airflow/example_dags/example_sensors.py for tasks to queue
[2024-01-29T13:02:24.093+0000] {logging_mixin.py:188} INFO - [2024-01-29T13:02:24.093+0000] {dagbag.py:538} INFO - Filling up the DagBag from /home/airflow/.local/lib/python3.8/site-packages/airflow/example_dags/example_sensors.py
[2024-01-29T13:02:24.103+0000] {processor.py:840} INFO - DAG(s) 'example_sensors' retrieved from /home/airflow/.local/lib/python3.8/site-packages/airflow/example_dags/example_sensors.py
[2024-01-29T13:02:24.129+0000] {logging_mixin.py:188} INFO - [2024-01-29T13:02:24.128+0000] {dag.py:3036} INFO - Sync 1 DAGs
[2024-01-29T13:02:24.141+0000] {logging_mixin.py:188} INFO - [2024-01-29T13:02:24.140+0000] {dag.py:3823} INFO - Setting next_dagrun for example_sensors to None, run_after=None
[2024-01-29T13:02:24.161+0000] {processor.py:183} INFO - Processing /home/airflow/.local/lib/python3.8/site-packages/airflow/example_dags/example_sensors.py took 0.074 seconds
[2024-01-29T13:02:54.245+0000] {processor.py:161} INFO - Started process (PID=1347) to work on /home/airflow/.local/lib/python3.8/site-packages/airflow/example_dags/example_sensors.py
[2024-01-29T13:02:54.246+0000] {processor.py:830} INFO - Processing file /home/airflow/.local/lib/python3.8/site-packages/airflow/example_dags/example_sensors.py for tasks to queue
[2024-01-29T13:02:54.247+0000] {logging_mixin.py:188} INFO - [2024-01-29T13:02:54.247+0000] {dagbag.py:538} INFO - Filling up the DagBag from /home/airflow/.local/lib/python3.8/site-packages/airflow/example_dags/example_sensors.py
[2024-01-29T13:02:54.256+0000] {processor.py:840} INFO - DAG(s) 'example_sensors' retrieved from /home/airflow/.local/lib/python3.8/site-packages/airflow/example_dags/example_sensors.py
[2024-01-29T13:02:54.287+0000] {logging_mixin.py:188} INFO - [2024-01-29T13:02:54.287+0000] {dag.py:3036} INFO - Sync 1 DAGs
[2024-01-29T13:02:54.305+0000] {logging_mixin.py:188} INFO - [2024-01-29T13:02:54.305+0000] {dag.py:3823} INFO - Setting next_dagrun for example_sensors to None, run_after=None
[2024-01-29T13:02:54.325+0000] {processor.py:183} INFO - Processing /home/airflow/.local/lib/python3.8/site-packages/airflow/example_dags/example_sensors.py took 0.083 seconds
[2024-01-29T13:03:24.780+0000] {processor.py:161} INFO - Started process (PID=1403) to work on /home/airflow/.local/lib/python3.8/site-packages/airflow/example_dags/example_sensors.py
[2024-01-29T13:03:24.781+0000] {processor.py:830} INFO - Processing file /home/airflow/.local/lib/python3.8/site-packages/airflow/example_dags/example_sensors.py for tasks to queue
[2024-01-29T13:03:24.782+0000] {logging_mixin.py:188} INFO - [2024-01-29T13:03:24.782+0000] {dagbag.py:538} INFO - Filling up the DagBag from /home/airflow/.local/lib/python3.8/site-packages/airflow/example_dags/example_sensors.py
[2024-01-29T13:03:24.791+0000] {processor.py:840} INFO - DAG(s) 'example_sensors' retrieved from /home/airflow/.local/lib/python3.8/site-packages/airflow/example_dags/example_sensors.py
[2024-01-29T13:03:24.816+0000] {logging_mixin.py:188} INFO - [2024-01-29T13:03:24.816+0000] {dag.py:3036} INFO - Sync 1 DAGs
[2024-01-29T13:03:24.827+0000] {logging_mixin.py:188} INFO - [2024-01-29T13:03:24.827+0000] {dag.py:3823} INFO - Setting next_dagrun for example_sensors to None, run_after=None
[2024-01-29T13:03:24.845+0000] {processor.py:183} INFO - Processing /home/airflow/.local/lib/python3.8/site-packages/airflow/example_dags/example_sensors.py took 0.069 seconds
[2024-01-29T13:03:54.942+0000] {processor.py:161} INFO - Started process (PID=1459) to work on /home/airflow/.local/lib/python3.8/site-packages/airflow/example_dags/example_sensors.py
[2024-01-29T13:03:54.943+0000] {processor.py:830} INFO - Processing file /home/airflow/.local/lib/python3.8/site-packages/airflow/example_dags/example_sensors.py for tasks to queue
[2024-01-29T13:03:54.944+0000] {logging_mixin.py:188} INFO - [2024-01-29T13:03:54.944+0000] {dagbag.py:538} INFO - Filling up the DagBag from /home/airflow/.local/lib/python3.8/site-packages/airflow/example_dags/example_sensors.py
[2024-01-29T13:03:54.955+0000] {processor.py:840} INFO - DAG(s) 'example_sensors' retrieved from /home/airflow/.local/lib/python3.8/site-packages/airflow/example_dags/example_sensors.py
[2024-01-29T13:03:54.981+0000] {logging_mixin.py:188} INFO - [2024-01-29T13:03:54.981+0000] {dag.py:3036} INFO - Sync 1 DAGs
[2024-01-29T13:03:54.993+0000] {logging_mixin.py:188} INFO - [2024-01-29T13:03:54.992+0000] {dag.py:3823} INFO - Setting next_dagrun for example_sensors to None, run_after=None
[2024-01-29T13:03:55.011+0000] {processor.py:183} INFO - Processing /home/airflow/.local/lib/python3.8/site-packages/airflow/example_dags/example_sensors.py took 0.072 seconds
[2024-01-29T13:04:25.938+0000] {processor.py:161} INFO - Started process (PID=1514) to work on /home/airflow/.local/lib/python3.8/site-packages/airflow/example_dags/example_sensors.py
[2024-01-29T13:04:25.939+0000] {processor.py:830} INFO - Processing file /home/airflow/.local/lib/python3.8/site-packages/airflow/example_dags/example_sensors.py for tasks to queue
[2024-01-29T13:04:25.941+0000] {logging_mixin.py:188} INFO - [2024-01-29T13:04:25.940+0000] {dagbag.py:538} INFO - Filling up the DagBag from /home/airflow/.local/lib/python3.8/site-packages/airflow/example_dags/example_sensors.py
[2024-01-29T13:04:25.950+0000] {processor.py:840} INFO - DAG(s) 'example_sensors' retrieved from /home/airflow/.local/lib/python3.8/site-packages/airflow/example_dags/example_sensors.py
[2024-01-29T13:04:25.974+0000] {logging_mixin.py:188} INFO - [2024-01-29T13:04:25.974+0000] {dag.py:3036} INFO - Sync 1 DAGs
[2024-01-29T13:04:25.986+0000] {logging_mixin.py:188} INFO - [2024-01-29T13:04:25.986+0000] {dag.py:3823} INFO - Setting next_dagrun for example_sensors to None, run_after=None
[2024-01-29T13:04:26.005+0000] {processor.py:183} INFO - Processing /home/airflow/.local/lib/python3.8/site-packages/airflow/example_dags/example_sensors.py took 0.069 seconds
[2024-01-29T13:04:56.171+0000] {processor.py:161} INFO - Started process (PID=1570) to work on /home/airflow/.local/lib/python3.8/site-packages/airflow/example_dags/example_sensors.py
[2024-01-29T13:04:56.172+0000] {processor.py:830} INFO - Processing file /home/airflow/.local/lib/python3.8/site-packages/airflow/example_dags/example_sensors.py for tasks to queue
[2024-01-29T13:04:56.174+0000] {logging_mixin.py:188} INFO - [2024-01-29T13:04:56.173+0000] {dagbag.py:538} INFO - Filling up the DagBag from /home/airflow/.local/lib/python3.8/site-packages/airflow/example_dags/example_sensors.py
[2024-01-29T13:04:56.182+0000] {processor.py:840} INFO - DAG(s) 'example_sensors' retrieved from /home/airflow/.local/lib/python3.8/site-packages/airflow/example_dags/example_sensors.py
[2024-01-29T13:04:56.206+0000] {logging_mixin.py:188} INFO - [2024-01-29T13:04:56.206+0000] {dag.py:3036} INFO - Sync 1 DAGs
[2024-01-29T13:04:56.218+0000] {logging_mixin.py:188} INFO - [2024-01-29T13:04:56.218+0000] {dag.py:3823} INFO - Setting next_dagrun for example_sensors to None, run_after=None
[2024-01-29T13:04:56.236+0000] {processor.py:183} INFO - Processing /home/airflow/.local/lib/python3.8/site-packages/airflow/example_dags/example_sensors.py took 0.068 seconds
[2024-01-29T13:05:27.198+0000] {processor.py:161} INFO - Started process (PID=1626) to work on /home/airflow/.local/lib/python3.8/site-packages/airflow/example_dags/example_sensors.py
[2024-01-29T13:05:27.199+0000] {processor.py:830} INFO - Processing file /home/airflow/.local/lib/python3.8/site-packages/airflow/example_dags/example_sensors.py for tasks to queue
[2024-01-29T13:05:27.201+0000] {logging_mixin.py:188} INFO - [2024-01-29T13:05:27.201+0000] {dagbag.py:538} INFO - Filling up the DagBag from /home/airflow/.local/lib/python3.8/site-packages/airflow/example_dags/example_sensors.py
[2024-01-29T13:05:27.209+0000] {processor.py:840} INFO - DAG(s) 'example_sensors' retrieved from /home/airflow/.local/lib/python3.8/site-packages/airflow/example_dags/example_sensors.py
[2024-01-29T13:05:27.233+0000] {logging_mixin.py:188} INFO - [2024-01-29T13:05:27.233+0000] {dag.py:3036} INFO - Sync 1 DAGs
[2024-01-29T13:05:27.245+0000] {logging_mixin.py:188} INFO - [2024-01-29T13:05:27.245+0000] {dag.py:3823} INFO - Setting next_dagrun for example_sensors to None, run_after=None
[2024-01-29T13:05:27.263+0000] {processor.py:183} INFO - Processing /home/airflow/.local/lib/python3.8/site-packages/airflow/example_dags/example_sensors.py took 0.067 seconds
[2024-01-29T13:05:57.436+0000] {processor.py:161} INFO - Started process (PID=1682) to work on /home/airflow/.local/lib/python3.8/site-packages/airflow/example_dags/example_sensors.py
[2024-01-29T13:05:57.437+0000] {processor.py:830} INFO - Processing file /home/airflow/.local/lib/python3.8/site-packages/airflow/example_dags/example_sensors.py for tasks to queue
[2024-01-29T13:05:57.438+0000] {logging_mixin.py:188} INFO - [2024-01-29T13:05:57.438+0000] {dagbag.py:538} INFO - Filling up the DagBag from /home/airflow/.local/lib/python3.8/site-packages/airflow/example_dags/example_sensors.py
[2024-01-29T13:05:57.448+0000] {processor.py:840} INFO - DAG(s) 'example_sensors' retrieved from /home/airflow/.local/lib/python3.8/site-packages/airflow/example_dags/example_sensors.py
[2024-01-29T13:05:57.485+0000] {logging_mixin.py:188} INFO - [2024-01-29T13:05:57.485+0000] {dag.py:3036} INFO - Sync 1 DAGs
[2024-01-29T13:05:57.501+0000] {logging_mixin.py:188} INFO - [2024-01-29T13:05:57.501+0000] {dag.py:3823} INFO - Setting next_dagrun for example_sensors to None, run_after=None
[2024-01-29T13:05:57.522+0000] {processor.py:183} INFO - Processing /home/airflow/.local/lib/python3.8/site-packages/airflow/example_dags/example_sensors.py took 0.089 seconds
[2024-01-29T13:06:27.645+0000] {processor.py:161} INFO - Started process (PID=1739) to work on /home/airflow/.local/lib/python3.8/site-packages/airflow/example_dags/example_sensors.py
[2024-01-29T13:06:27.646+0000] {processor.py:830} INFO - Processing file /home/airflow/.local/lib/python3.8/site-packages/airflow/example_dags/example_sensors.py for tasks to queue
[2024-01-29T13:06:27.647+0000] {logging_mixin.py:188} INFO - [2024-01-29T13:06:27.647+0000] {dagbag.py:538} INFO - Filling up the DagBag from /home/airflow/.local/lib/python3.8/site-packages/airflow/example_dags/example_sensors.py
[2024-01-29T13:06:27.656+0000] {processor.py:840} INFO - DAG(s) 'example_sensors' retrieved from /home/airflow/.local/lib/python3.8/site-packages/airflow/example_dags/example_sensors.py
[2024-01-29T13:06:27.680+0000] {logging_mixin.py:188} INFO - [2024-01-29T13:06:27.680+0000] {dag.py:3036} INFO - Sync 1 DAGs
[2024-01-29T13:06:27.692+0000] {logging_mixin.py:188} INFO - [2024-01-29T13:06:27.692+0000] {dag.py:3823} INFO - Setting next_dagrun for example_sensors to None, run_after=None
[2024-01-29T13:06:27.709+0000] {processor.py:183} INFO - Processing /home/airflow/.local/lib/python3.8/site-packages/airflow/example_dags/example_sensors.py took 0.067 seconds
[2024-01-29T13:06:57.796+0000] {processor.py:161} INFO - Started process (PID=1795) to work on /home/airflow/.local/lib/python3.8/site-packages/airflow/example_dags/example_sensors.py
[2024-01-29T13:06:57.797+0000] {processor.py:830} INFO - Processing file /home/airflow/.local/lib/python3.8/site-packages/airflow/example_dags/example_sensors.py for tasks to queue
[2024-01-29T13:06:57.799+0000] {logging_mixin.py:188} INFO - [2024-01-29T13:06:57.798+0000] {dagbag.py:538} INFO - Filling up the DagBag from /home/airflow/.local/lib/python3.8/site-packages/airflow/example_dags/example_sensors.py
[2024-01-29T13:06:57.808+0000] {processor.py:840} INFO - DAG(s) 'example_sensors' retrieved from /home/airflow/.local/lib/python3.8/site-packages/airflow/example_dags/example_sensors.py
[2024-01-29T13:06:57.834+0000] {logging_mixin.py:188} INFO - [2024-01-29T13:06:57.834+0000] {dag.py:3036} INFO - Sync 1 DAGs
[2024-01-29T13:06:57.845+0000] {logging_mixin.py:188} INFO - [2024-01-29T13:06:57.845+0000] {dag.py:3823} INFO - Setting next_dagrun for example_sensors to None, run_after=None
[2024-01-29T13:06:57.863+0000] {processor.py:183} INFO - Processing /home/airflow/.local/lib/python3.8/site-packages/airflow/example_dags/example_sensors.py took 0.070 seconds
[2024-01-29T13:07:28.781+0000] {processor.py:161} INFO - Started process (PID=1851) to work on /home/airflow/.local/lib/python3.8/site-packages/airflow/example_dags/example_sensors.py
[2024-01-29T13:07:28.782+0000] {processor.py:830} INFO - Processing file /home/airflow/.local/lib/python3.8/site-packages/airflow/example_dags/example_sensors.py for tasks to queue
[2024-01-29T13:07:28.783+0000] {logging_mixin.py:188} INFO - [2024-01-29T13:07:28.783+0000] {dagbag.py:538} INFO - Filling up the DagBag from /home/airflow/.local/lib/python3.8/site-packages/airflow/example_dags/example_sensors.py
[2024-01-29T13:07:28.792+0000] {processor.py:840} INFO - DAG(s) 'example_sensors' retrieved from /home/airflow/.local/lib/python3.8/site-packages/airflow/example_dags/example_sensors.py
[2024-01-29T13:07:28.817+0000] {logging_mixin.py:188} INFO - [2024-01-29T13:07:28.817+0000] {dag.py:3036} INFO - Sync 1 DAGs
[2024-01-29T13:07:28.829+0000] {logging_mixin.py:188} INFO - [2024-01-29T13:07:28.829+0000] {dag.py:3823} INFO - Setting next_dagrun for example_sensors to None, run_after=None
[2024-01-29T13:07:28.847+0000] {processor.py:183} INFO - Processing /home/airflow/.local/lib/python3.8/site-packages/airflow/example_dags/example_sensors.py took 0.069 seconds
[2024-01-29T13:07:59.476+0000] {processor.py:161} INFO - Started process (PID=1908) to work on /home/airflow/.local/lib/python3.8/site-packages/airflow/example_dags/example_sensors.py
[2024-01-29T13:07:59.477+0000] {processor.py:830} INFO - Processing file /home/airflow/.local/lib/python3.8/site-packages/airflow/example_dags/example_sensors.py for tasks to queue
[2024-01-29T13:07:59.478+0000] {logging_mixin.py:188} INFO - [2024-01-29T13:07:59.478+0000] {dagbag.py:538} INFO - Filling up the DagBag from /home/airflow/.local/lib/python3.8/site-packages/airflow/example_dags/example_sensors.py
[2024-01-29T13:07:59.487+0000] {processor.py:840} INFO - DAG(s) 'example_sensors' retrieved from /home/airflow/.local/lib/python3.8/site-packages/airflow/example_dags/example_sensors.py
[2024-01-29T13:07:59.511+0000] {logging_mixin.py:188} INFO - [2024-01-29T13:07:59.511+0000] {dag.py:3036} INFO - Sync 1 DAGs
[2024-01-29T13:07:59.522+0000] {logging_mixin.py:188} INFO - [2024-01-29T13:07:59.522+0000] {dag.py:3823} INFO - Setting next_dagrun for example_sensors to None, run_after=None
[2024-01-29T13:07:59.540+0000] {processor.py:183} INFO - Processing /home/airflow/.local/lib/python3.8/site-packages/airflow/example_dags/example_sensors.py took 0.067 seconds
[2024-01-29T13:08:30.373+0000] {processor.py:161} INFO - Started process (PID=1964) to work on /home/airflow/.local/lib/python3.8/site-packages/airflow/example_dags/example_sensors.py
[2024-01-29T13:08:30.374+0000] {processor.py:830} INFO - Processing file /home/airflow/.local/lib/python3.8/site-packages/airflow/example_dags/example_sensors.py for tasks to queue
[2024-01-29T13:08:30.376+0000] {logging_mixin.py:188} INFO - [2024-01-29T13:08:30.375+0000] {dagbag.py:538} INFO - Filling up the DagBag from /home/airflow/.local/lib/python3.8/site-packages/airflow/example_dags/example_sensors.py
[2024-01-29T13:08:30.384+0000] {processor.py:840} INFO - DAG(s) 'example_sensors' retrieved from /home/airflow/.local/lib/python3.8/site-packages/airflow/example_dags/example_sensors.py
[2024-01-29T13:08:30.409+0000] {logging_mixin.py:188} INFO - [2024-01-29T13:08:30.408+0000] {dag.py:3036} INFO - Sync 1 DAGs
[2024-01-29T13:08:30.420+0000] {logging_mixin.py:188} INFO - [2024-01-29T13:08:30.420+0000] {dag.py:3823} INFO - Setting next_dagrun for example_sensors to None, run_after=None
[2024-01-29T13:08:30.439+0000] {processor.py:183} INFO - Processing /home/airflow/.local/lib/python3.8/site-packages/airflow/example_dags/example_sensors.py took 0.069 seconds
[2024-01-29T13:09:01.314+0000] {processor.py:161} INFO - Started process (PID=2026) to work on /home/airflow/.local/lib/python3.8/site-packages/airflow/example_dags/example_sensors.py
[2024-01-29T13:09:01.314+0000] {processor.py:830} INFO - Processing file /home/airflow/.local/lib/python3.8/site-packages/airflow/example_dags/example_sensors.py for tasks to queue
[2024-01-29T13:09:01.316+0000] {logging_mixin.py:188} INFO - [2024-01-29T13:09:01.316+0000] {dagbag.py:538} INFO - Filling up the DagBag from /home/airflow/.local/lib/python3.8/site-packages/airflow/example_dags/example_sensors.py
[2024-01-29T13:09:01.325+0000] {processor.py:840} INFO - DAG(s) 'example_sensors' retrieved from /home/airflow/.local/lib/python3.8/site-packages/airflow/example_dags/example_sensors.py
[2024-01-29T13:09:01.350+0000] {logging_mixin.py:188} INFO - [2024-01-29T13:09:01.349+0000] {dag.py:3036} INFO - Sync 1 DAGs
[2024-01-29T13:09:01.361+0000] {logging_mixin.py:188} INFO - [2024-01-29T13:09:01.361+0000] {dag.py:3823} INFO - Setting next_dagrun for example_sensors to None, run_after=None
[2024-01-29T13:09:01.379+0000] {processor.py:183} INFO - Processing /home/airflow/.local/lib/python3.8/site-packages/airflow/example_dags/example_sensors.py took 0.068 seconds
[2024-01-29T13:09:32.233+0000] {processor.py:161} INFO - Started process (PID=2082) to work on /home/airflow/.local/lib/python3.8/site-packages/airflow/example_dags/example_sensors.py
[2024-01-29T13:09:32.234+0000] {processor.py:830} INFO - Processing file /home/airflow/.local/lib/python3.8/site-packages/airflow/example_dags/example_sensors.py for tasks to queue
[2024-01-29T13:09:32.236+0000] {logging_mixin.py:188} INFO - [2024-01-29T13:09:32.236+0000] {dagbag.py:538} INFO - Filling up the DagBag from /home/airflow/.local/lib/python3.8/site-packages/airflow/example_dags/example_sensors.py
[2024-01-29T13:09:32.244+0000] {processor.py:840} INFO - DAG(s) 'example_sensors' retrieved from /home/airflow/.local/lib/python3.8/site-packages/airflow/example_dags/example_sensors.py
[2024-01-29T13:09:32.269+0000] {logging_mixin.py:188} INFO - [2024-01-29T13:09:32.269+0000] {dag.py:3036} INFO - Sync 1 DAGs
[2024-01-29T13:09:32.281+0000] {logging_mixin.py:188} INFO - [2024-01-29T13:09:32.281+0000] {dag.py:3823} INFO - Setting next_dagrun for example_sensors to None, run_after=None
[2024-01-29T13:09:32.300+0000] {processor.py:183} INFO - Processing /home/airflow/.local/lib/python3.8/site-packages/airflow/example_dags/example_sensors.py took 0.069 seconds
[2024-01-29T13:10:03.212+0000] {processor.py:161} INFO - Started process (PID=2138) to work on /home/airflow/.local/lib/python3.8/site-packages/airflow/example_dags/example_sensors.py
[2024-01-29T13:10:03.212+0000] {processor.py:830} INFO - Processing file /home/airflow/.local/lib/python3.8/site-packages/airflow/example_dags/example_sensors.py for tasks to queue
[2024-01-29T13:10:03.214+0000] {logging_mixin.py:188} INFO - [2024-01-29T13:10:03.214+0000] {dagbag.py:538} INFO - Filling up the DagBag from /home/airflow/.local/lib/python3.8/site-packages/airflow/example_dags/example_sensors.py
[2024-01-29T13:10:03.223+0000] {processor.py:840} INFO - DAG(s) 'example_sensors' retrieved from /home/airflow/.local/lib/python3.8/site-packages/airflow/example_dags/example_sensors.py
[2024-01-29T13:10:03.249+0000] {logging_mixin.py:188} INFO - [2024-01-29T13:10:03.248+0000] {dag.py:3036} INFO - Sync 1 DAGs
[2024-01-29T13:10:03.263+0000] {logging_mixin.py:188} INFO - [2024-01-29T13:10:03.263+0000] {dag.py:3823} INFO - Setting next_dagrun for example_sensors to None, run_after=None
[2024-01-29T13:10:03.282+0000] {processor.py:183} INFO - Processing /home/airflow/.local/lib/python3.8/site-packages/airflow/example_dags/example_sensors.py took 0.073 seconds
[2024-01-29T13:10:34.035+0000] {processor.py:161} INFO - Started process (PID=2194) to work on /home/airflow/.local/lib/python3.8/site-packages/airflow/example_dags/example_sensors.py
[2024-01-29T13:10:34.036+0000] {processor.py:830} INFO - Processing file /home/airflow/.local/lib/python3.8/site-packages/airflow/example_dags/example_sensors.py for tasks to queue
[2024-01-29T13:10:34.038+0000] {logging_mixin.py:188} INFO - [2024-01-29T13:10:34.037+0000] {dagbag.py:538} INFO - Filling up the DagBag from /home/airflow/.local/lib/python3.8/site-packages/airflow/example_dags/example_sensors.py
[2024-01-29T13:10:34.047+0000] {processor.py:840} INFO - DAG(s) 'example_sensors' retrieved from /home/airflow/.local/lib/python3.8/site-packages/airflow/example_dags/example_sensors.py
[2024-01-29T13:10:34.072+0000] {logging_mixin.py:188} INFO - [2024-01-29T13:10:34.072+0000] {dag.py:3036} INFO - Sync 1 DAGs
[2024-01-29T13:10:34.083+0000] {logging_mixin.py:188} INFO - [2024-01-29T13:10:34.083+0000] {dag.py:3823} INFO - Setting next_dagrun for example_sensors to None, run_after=None
[2024-01-29T13:10:34.103+0000] {processor.py:183} INFO - Processing /home/airflow/.local/lib/python3.8/site-packages/airflow/example_dags/example_sensors.py took 0.072 seconds
[2024-01-29T13:11:04.900+0000] {processor.py:161} INFO - Started process (PID=2250) to work on /home/airflow/.local/lib/python3.8/site-packages/airflow/example_dags/example_sensors.py
[2024-01-29T13:11:04.901+0000] {processor.py:830} INFO - Processing file /home/airflow/.local/lib/python3.8/site-packages/airflow/example_dags/example_sensors.py for tasks to queue
[2024-01-29T13:11:04.903+0000] {logging_mixin.py:188} INFO - [2024-01-29T13:11:04.903+0000] {dagbag.py:538} INFO - Filling up the DagBag from /home/airflow/.local/lib/python3.8/site-packages/airflow/example_dags/example_sensors.py
[2024-01-29T13:11:04.912+0000] {processor.py:840} INFO - DAG(s) 'example_sensors' retrieved from /home/airflow/.local/lib/python3.8/site-packages/airflow/example_dags/example_sensors.py
[2024-01-29T13:11:04.937+0000] {logging_mixin.py:188} INFO - [2024-01-29T13:11:04.937+0000] {dag.py:3036} INFO - Sync 1 DAGs
[2024-01-29T13:11:04.948+0000] {logging_mixin.py:188} INFO - [2024-01-29T13:11:04.948+0000] {dag.py:3823} INFO - Setting next_dagrun for example_sensors to None, run_after=None
[2024-01-29T13:11:04.966+0000] {processor.py:183} INFO - Processing /home/airflow/.local/lib/python3.8/site-packages/airflow/example_dags/example_sensors.py took 0.069 seconds
[2024-01-29T13:11:35.072+0000] {processor.py:161} INFO - Started process (PID=2306) to work on /home/airflow/.local/lib/python3.8/site-packages/airflow/example_dags/example_sensors.py
[2024-01-29T13:11:35.073+0000] {processor.py:830} INFO - Processing file /home/airflow/.local/lib/python3.8/site-packages/airflow/example_dags/example_sensors.py for tasks to queue
[2024-01-29T13:11:35.075+0000] {logging_mixin.py:188} INFO - [2024-01-29T13:11:35.075+0000] {dagbag.py:538} INFO - Filling up the DagBag from /home/airflow/.local/lib/python3.8/site-packages/airflow/example_dags/example_sensors.py
[2024-01-29T13:11:35.085+0000] {processor.py:840} INFO - DAG(s) 'example_sensors' retrieved from /home/airflow/.local/lib/python3.8/site-packages/airflow/example_dags/example_sensors.py
[2024-01-29T13:11:35.118+0000] {logging_mixin.py:188} INFO - [2024-01-29T13:11:35.117+0000] {dag.py:3036} INFO - Sync 1 DAGs
[2024-01-29T13:11:35.130+0000] {logging_mixin.py:188} INFO - [2024-01-29T13:11:35.130+0000] {dag.py:3823} INFO - Setting next_dagrun for example_sensors to None, run_after=None
[2024-01-29T13:11:35.149+0000] {processor.py:183} INFO - Processing /home/airflow/.local/lib/python3.8/site-packages/airflow/example_dags/example_sensors.py took 0.080 seconds
[2024-01-29T13:12:06.166+0000] {processor.py:161} INFO - Started process (PID=2362) to work on /home/airflow/.local/lib/python3.8/site-packages/airflow/example_dags/example_sensors.py
[2024-01-29T13:12:06.167+0000] {processor.py:830} INFO - Processing file /home/airflow/.local/lib/python3.8/site-packages/airflow/example_dags/example_sensors.py for tasks to queue
[2024-01-29T13:12:06.168+0000] {logging_mixin.py:188} INFO - [2024-01-29T13:12:06.168+0000] {dagbag.py:538} INFO - Filling up the DagBag from /home/airflow/.local/lib/python3.8/site-packages/airflow/example_dags/example_sensors.py
[2024-01-29T13:12:06.177+0000] {processor.py:840} INFO - DAG(s) 'example_sensors' retrieved from /home/airflow/.local/lib/python3.8/site-packages/airflow/example_dags/example_sensors.py
[2024-01-29T13:12:06.201+0000] {logging_mixin.py:188} INFO - [2024-01-29T13:12:06.201+0000] {dag.py:3036} INFO - Sync 1 DAGs
[2024-01-29T13:12:06.213+0000] {logging_mixin.py:188} INFO - [2024-01-29T13:12:06.213+0000] {dag.py:3823} INFO - Setting next_dagrun for example_sensors to None, run_after=None
[2024-01-29T13:12:06.230+0000] {processor.py:183} INFO - Processing /home/airflow/.local/lib/python3.8/site-packages/airflow/example_dags/example_sensors.py took 0.067 seconds
[2024-01-29T13:17:25.493+0000] {processor.py:161} INFO - Started process (PID=2409) to work on /home/airflow/.local/lib/python3.8/site-packages/airflow/example_dags/example_sensors.py
[2024-01-29T13:17:25.493+0000] {processor.py:830} INFO - Processing file /home/airflow/.local/lib/python3.8/site-packages/airflow/example_dags/example_sensors.py for tasks to queue
[2024-01-29T13:17:25.495+0000] {logging_mixin.py:188} INFO - [2024-01-29T13:17:25.495+0000] {dagbag.py:538} INFO - Filling up the DagBag from /home/airflow/.local/lib/python3.8/site-packages/airflow/example_dags/example_sensors.py
[2024-01-29T13:17:25.504+0000] {processor.py:840} INFO - DAG(s) 'example_sensors' retrieved from /home/airflow/.local/lib/python3.8/site-packages/airflow/example_dags/example_sensors.py
[2024-01-29T13:17:25.536+0000] {logging_mixin.py:188} INFO - [2024-01-29T13:17:25.536+0000] {dag.py:3036} INFO - Sync 1 DAGs
[2024-01-29T13:17:25.551+0000] {logging_mixin.py:188} INFO - [2024-01-29T13:17:25.551+0000] {dag.py:3823} INFO - Setting next_dagrun for example_sensors to None, run_after=None
[2024-01-29T13:17:25.572+0000] {processor.py:183} INFO - Processing /home/airflow/.local/lib/python3.8/site-packages/airflow/example_dags/example_sensors.py took 0.083 seconds
[2024-01-29T13:17:55.754+0000] {processor.py:161} INFO - Started process (PID=2465) to work on /home/airflow/.local/lib/python3.8/site-packages/airflow/example_dags/example_sensors.py
[2024-01-29T13:17:55.755+0000] {processor.py:830} INFO - Processing file /home/airflow/.local/lib/python3.8/site-packages/airflow/example_dags/example_sensors.py for tasks to queue
[2024-01-29T13:17:55.756+0000] {logging_mixin.py:188} INFO - [2024-01-29T13:17:55.756+0000] {dagbag.py:538} INFO - Filling up the DagBag from /home/airflow/.local/lib/python3.8/site-packages/airflow/example_dags/example_sensors.py
[2024-01-29T13:17:55.764+0000] {processor.py:840} INFO - DAG(s) 'example_sensors' retrieved from /home/airflow/.local/lib/python3.8/site-packages/airflow/example_dags/example_sensors.py
[2024-01-29T13:17:55.789+0000] {logging_mixin.py:188} INFO - [2024-01-29T13:17:55.789+0000] {dag.py:3036} INFO - Sync 1 DAGs
[2024-01-29T13:17:55.804+0000] {logging_mixin.py:188} INFO - [2024-01-29T13:17:55.803+0000] {dag.py:3823} INFO - Setting next_dagrun for example_sensors to None, run_after=None
[2024-01-29T13:17:55.824+0000] {processor.py:183} INFO - Processing /home/airflow/.local/lib/python3.8/site-packages/airflow/example_dags/example_sensors.py took 0.073 seconds
[2024-01-29T13:18:26.720+0000] {processor.py:161} INFO - Started process (PID=2521) to work on /home/airflow/.local/lib/python3.8/site-packages/airflow/example_dags/example_sensors.py
[2024-01-29T13:18:26.721+0000] {processor.py:830} INFO - Processing file /home/airflow/.local/lib/python3.8/site-packages/airflow/example_dags/example_sensors.py for tasks to queue
[2024-01-29T13:18:26.723+0000] {logging_mixin.py:188} INFO - [2024-01-29T13:18:26.723+0000] {dagbag.py:538} INFO - Filling up the DagBag from /home/airflow/.local/lib/python3.8/site-packages/airflow/example_dags/example_sensors.py
[2024-01-29T13:18:26.734+0000] {processor.py:840} INFO - DAG(s) 'example_sensors' retrieved from /home/airflow/.local/lib/python3.8/site-packages/airflow/example_dags/example_sensors.py
[2024-01-29T13:18:26.760+0000] {logging_mixin.py:188} INFO - [2024-01-29T13:18:26.760+0000] {dag.py:3036} INFO - Sync 1 DAGs
[2024-01-29T13:18:26.910+0000] {logging_mixin.py:188} INFO - [2024-01-29T13:18:26.909+0000] {dag.py:3823} INFO - Setting next_dagrun for example_sensors to None, run_after=None
[2024-01-29T13:18:26.933+0000] {processor.py:183} INFO - Processing /home/airflow/.local/lib/python3.8/site-packages/airflow/example_dags/example_sensors.py took 0.217 seconds
