[2024-01-29T12:41:10.462+0000] {processor.py:161} INFO - Started process (PID=74) to work on /home/airflow/.local/lib/python3.8/site-packages/airflow/example_dags/example_latest_only_with_trigger.py
[2024-01-29T12:41:10.463+0000] {processor.py:830} INFO - Processing file /home/airflow/.local/lib/python3.8/site-packages/airflow/example_dags/example_latest_only_with_trigger.py for tasks to queue
[2024-01-29T12:41:10.464+0000] {logging_mixin.py:188} INFO - [2024-01-29T12:41:10.464+0000] {dagbag.py:538} INFO - Filling up the DagBag from /home/airflow/.local/lib/python3.8/site-packages/airflow/example_dags/example_latest_only_with_trigger.py
[2024-01-29T12:41:10.470+0000] {processor.py:840} INFO - DAG(s) 'latest_only_with_trigger' retrieved from /home/airflow/.local/lib/python3.8/site-packages/airflow/example_dags/example_latest_only_with_trigger.py
[2024-01-29T12:41:10.599+0000] {logging_mixin.py:188} INFO - [2024-01-29T12:41:10.598+0000] {override.py:1769} INFO - Created Permission View: can read on DAG:latest_only_with_trigger
[2024-01-29T12:41:10.611+0000] {logging_mixin.py:188} INFO - [2024-01-29T12:41:10.611+0000] {override.py:1769} INFO - Created Permission View: can edit on DAG:latest_only_with_trigger
[2024-01-29T12:41:10.619+0000] {logging_mixin.py:188} INFO - [2024-01-29T12:41:10.619+0000] {override.py:1769} INFO - Created Permission View: can delete on DAG:latest_only_with_trigger
[2024-01-29T12:41:10.620+0000] {logging_mixin.py:188} INFO - [2024-01-29T12:41:10.620+0000] {dag.py:3036} INFO - Sync 1 DAGs
[2024-01-29T12:41:10.636+0000] {logging_mixin.py:188} INFO - [2024-01-29T12:41:10.636+0000] {dag.py:3058} INFO - Creating ORM DAG for latest_only_with_trigger
[2024-01-29T12:41:10.647+0000] {logging_mixin.py:188} INFO - [2024-01-29T12:41:10.647+0000] {dag.py:3823} INFO - Setting next_dagrun for latest_only_with_trigger to 2024-01-29 08:00:00+00:00, run_after=2024-01-29 12:00:00+00:00
[2024-01-29T12:41:10.664+0000] {processor.py:183} INFO - Processing /home/airflow/.local/lib/python3.8/site-packages/airflow/example_dags/example_latest_only_with_trigger.py took 0.205 seconds
[2024-01-29T12:41:41.125+0000] {processor.py:161} INFO - Started process (PID=129) to work on /home/airflow/.local/lib/python3.8/site-packages/airflow/example_dags/example_latest_only_with_trigger.py
[2024-01-29T12:41:41.126+0000] {processor.py:830} INFO - Processing file /home/airflow/.local/lib/python3.8/site-packages/airflow/example_dags/example_latest_only_with_trigger.py for tasks to queue
[2024-01-29T12:41:41.128+0000] {logging_mixin.py:188} INFO - [2024-01-29T12:41:41.128+0000] {dagbag.py:538} INFO - Filling up the DagBag from /home/airflow/.local/lib/python3.8/site-packages/airflow/example_dags/example_latest_only_with_trigger.py
[2024-01-29T12:41:41.137+0000] {processor.py:840} INFO - DAG(s) 'latest_only_with_trigger' retrieved from /home/airflow/.local/lib/python3.8/site-packages/airflow/example_dags/example_latest_only_with_trigger.py
[2024-01-29T12:41:41.159+0000] {logging_mixin.py:188} INFO - [2024-01-29T12:41:41.159+0000] {dag.py:3036} INFO - Sync 1 DAGs
[2024-01-29T12:41:41.181+0000] {logging_mixin.py:188} INFO - [2024-01-29T12:41:41.181+0000] {dag.py:3823} INFO - Setting next_dagrun for latest_only_with_trigger to 2024-01-29 08:00:00+00:00, run_after=2024-01-29 12:00:00+00:00
[2024-01-29T12:41:41.201+0000] {processor.py:183} INFO - Processing /home/airflow/.local/lib/python3.8/site-packages/airflow/example_dags/example_latest_only_with_trigger.py took 0.079 seconds
[2024-01-29T12:51:16.365+0000] {processor.py:161} INFO - Started process (PID=75) to work on /home/airflow/.local/lib/python3.8/site-packages/airflow/example_dags/example_latest_only_with_trigger.py
[2024-01-29T12:51:16.366+0000] {processor.py:830} INFO - Processing file /home/airflow/.local/lib/python3.8/site-packages/airflow/example_dags/example_latest_only_with_trigger.py for tasks to queue
[2024-01-29T12:51:16.368+0000] {logging_mixin.py:188} INFO - [2024-01-29T12:51:16.368+0000] {dagbag.py:538} INFO - Filling up the DagBag from /home/airflow/.local/lib/python3.8/site-packages/airflow/example_dags/example_latest_only_with_trigger.py
[2024-01-29T12:51:16.376+0000] {processor.py:840} INFO - DAG(s) 'latest_only_with_trigger' retrieved from /home/airflow/.local/lib/python3.8/site-packages/airflow/example_dags/example_latest_only_with_trigger.py
[2024-01-29T12:51:16.390+0000] {logging_mixin.py:188} INFO - [2024-01-29T12:51:16.390+0000] {dag.py:3036} INFO - Sync 1 DAGs
[2024-01-29T12:51:16.430+0000] {logging_mixin.py:188} INFO - [2024-01-29T12:51:16.430+0000] {dag.py:3823} INFO - Setting next_dagrun for latest_only_with_trigger to 2024-01-29 08:00:00+00:00, run_after=2024-01-29 12:00:00+00:00
[2024-01-29T12:51:16.459+0000] {processor.py:183} INFO - Processing /home/airflow/.local/lib/python3.8/site-packages/airflow/example_dags/example_latest_only_with_trigger.py took 0.098 seconds
[2024-01-29T12:51:48.313+0000] {processor.py:161} INFO - Started process (PID=131) to work on /home/airflow/.local/lib/python3.8/site-packages/airflow/example_dags/example_latest_only_with_trigger.py
[2024-01-29T12:51:48.314+0000] {processor.py:830} INFO - Processing file /home/airflow/.local/lib/python3.8/site-packages/airflow/example_dags/example_latest_only_with_trigger.py for tasks to queue
[2024-01-29T12:51:48.316+0000] {logging_mixin.py:188} INFO - [2024-01-29T12:51:48.316+0000] {dagbag.py:538} INFO - Filling up the DagBag from /home/airflow/.local/lib/python3.8/site-packages/airflow/example_dags/example_latest_only_with_trigger.py
[2024-01-29T12:51:48.324+0000] {processor.py:840} INFO - DAG(s) 'latest_only_with_trigger' retrieved from /home/airflow/.local/lib/python3.8/site-packages/airflow/example_dags/example_latest_only_with_trigger.py
[2024-01-29T12:51:48.437+0000] {logging_mixin.py:188} INFO - [2024-01-29T12:51:48.436+0000] {dag.py:3036} INFO - Sync 1 DAGs
[2024-01-29T12:51:48.456+0000] {logging_mixin.py:188} INFO - [2024-01-29T12:51:48.455+0000] {dag.py:3823} INFO - Setting next_dagrun for latest_only_with_trigger to 2024-01-29 08:00:00+00:00, run_after=2024-01-29 12:00:00+00:00
[2024-01-29T12:51:48.476+0000] {processor.py:183} INFO - Processing /home/airflow/.local/lib/python3.8/site-packages/airflow/example_dags/example_latest_only_with_trigger.py took 0.167 seconds
[2024-01-29T12:52:19.449+0000] {processor.py:161} INFO - Started process (PID=187) to work on /home/airflow/.local/lib/python3.8/site-packages/airflow/example_dags/example_latest_only_with_trigger.py
[2024-01-29T12:52:19.450+0000] {processor.py:830} INFO - Processing file /home/airflow/.local/lib/python3.8/site-packages/airflow/example_dags/example_latest_only_with_trigger.py for tasks to queue
[2024-01-29T12:52:19.452+0000] {logging_mixin.py:188} INFO - [2024-01-29T12:52:19.452+0000] {dagbag.py:538} INFO - Filling up the DagBag from /home/airflow/.local/lib/python3.8/site-packages/airflow/example_dags/example_latest_only_with_trigger.py
[2024-01-29T12:52:19.458+0000] {processor.py:840} INFO - DAG(s) 'latest_only_with_trigger' retrieved from /home/airflow/.local/lib/python3.8/site-packages/airflow/example_dags/example_latest_only_with_trigger.py
[2024-01-29T12:52:19.480+0000] {logging_mixin.py:188} INFO - [2024-01-29T12:52:19.479+0000] {dag.py:3036} INFO - Sync 1 DAGs
[2024-01-29T12:52:19.501+0000] {logging_mixin.py:188} INFO - [2024-01-29T12:52:19.501+0000] {dag.py:3823} INFO - Setting next_dagrun for latest_only_with_trigger to 2024-01-29 08:00:00+00:00, run_after=2024-01-29 12:00:00+00:00
[2024-01-29T12:52:19.519+0000] {processor.py:183} INFO - Processing /home/airflow/.local/lib/python3.8/site-packages/airflow/example_dags/example_latest_only_with_trigger.py took 0.074 seconds
[2024-01-29T12:52:50.483+0000] {processor.py:161} INFO - Started process (PID=243) to work on /home/airflow/.local/lib/python3.8/site-packages/airflow/example_dags/example_latest_only_with_trigger.py
[2024-01-29T12:52:50.485+0000] {processor.py:830} INFO - Processing file /home/airflow/.local/lib/python3.8/site-packages/airflow/example_dags/example_latest_only_with_trigger.py for tasks to queue
[2024-01-29T12:52:50.487+0000] {logging_mixin.py:188} INFO - [2024-01-29T12:52:50.487+0000] {dagbag.py:538} INFO - Filling up the DagBag from /home/airflow/.local/lib/python3.8/site-packages/airflow/example_dags/example_latest_only_with_trigger.py
[2024-01-29T12:52:50.495+0000] {processor.py:840} INFO - DAG(s) 'latest_only_with_trigger' retrieved from /home/airflow/.local/lib/python3.8/site-packages/airflow/example_dags/example_latest_only_with_trigger.py
[2024-01-29T12:52:50.518+0000] {logging_mixin.py:188} INFO - [2024-01-29T12:52:50.518+0000] {dag.py:3036} INFO - Sync 1 DAGs
[2024-01-29T12:52:50.539+0000] {logging_mixin.py:188} INFO - [2024-01-29T12:52:50.539+0000] {dag.py:3823} INFO - Setting next_dagrun for latest_only_with_trigger to 2024-01-29 08:00:00+00:00, run_after=2024-01-29 12:00:00+00:00
[2024-01-29T12:52:50.556+0000] {processor.py:183} INFO - Processing /home/airflow/.local/lib/python3.8/site-packages/airflow/example_dags/example_latest_only_with_trigger.py took 0.078 seconds
[2024-01-29T12:53:20.645+0000] {processor.py:161} INFO - Started process (PID=299) to work on /home/airflow/.local/lib/python3.8/site-packages/airflow/example_dags/example_latest_only_with_trigger.py
[2024-01-29T12:53:20.647+0000] {processor.py:830} INFO - Processing file /home/airflow/.local/lib/python3.8/site-packages/airflow/example_dags/example_latest_only_with_trigger.py for tasks to queue
[2024-01-29T12:53:20.650+0000] {logging_mixin.py:188} INFO - [2024-01-29T12:53:20.649+0000] {dagbag.py:538} INFO - Filling up the DagBag from /home/airflow/.local/lib/python3.8/site-packages/airflow/example_dags/example_latest_only_with_trigger.py
[2024-01-29T12:53:20.657+0000] {processor.py:840} INFO - DAG(s) 'latest_only_with_trigger' retrieved from /home/airflow/.local/lib/python3.8/site-packages/airflow/example_dags/example_latest_only_with_trigger.py
[2024-01-29T12:53:20.680+0000] {logging_mixin.py:188} INFO - [2024-01-29T12:53:20.680+0000] {dag.py:3036} INFO - Sync 1 DAGs
[2024-01-29T12:53:20.705+0000] {logging_mixin.py:188} INFO - [2024-01-29T12:53:20.704+0000] {dag.py:3823} INFO - Setting next_dagrun for latest_only_with_trigger to 2024-01-29 08:00:00+00:00, run_after=2024-01-29 12:00:00+00:00
[2024-01-29T12:53:20.724+0000] {processor.py:183} INFO - Processing /home/airflow/.local/lib/python3.8/site-packages/airflow/example_dags/example_latest_only_with_trigger.py took 0.085 seconds
[2024-01-29T12:53:50.945+0000] {processor.py:161} INFO - Started process (PID=355) to work on /home/airflow/.local/lib/python3.8/site-packages/airflow/example_dags/example_latest_only_with_trigger.py
[2024-01-29T12:53:50.946+0000] {processor.py:830} INFO - Processing file /home/airflow/.local/lib/python3.8/site-packages/airflow/example_dags/example_latest_only_with_trigger.py for tasks to queue
[2024-01-29T12:53:50.948+0000] {logging_mixin.py:188} INFO - [2024-01-29T12:53:50.948+0000] {dagbag.py:538} INFO - Filling up the DagBag from /home/airflow/.local/lib/python3.8/site-packages/airflow/example_dags/example_latest_only_with_trigger.py
[2024-01-29T12:53:50.953+0000] {processor.py:840} INFO - DAG(s) 'latest_only_with_trigger' retrieved from /home/airflow/.local/lib/python3.8/site-packages/airflow/example_dags/example_latest_only_with_trigger.py
[2024-01-29T12:53:50.973+0000] {logging_mixin.py:188} INFO - [2024-01-29T12:53:50.973+0000] {dag.py:3036} INFO - Sync 1 DAGs
[2024-01-29T12:53:50.993+0000] {logging_mixin.py:188} INFO - [2024-01-29T12:53:50.993+0000] {dag.py:3823} INFO - Setting next_dagrun for latest_only_with_trigger to 2024-01-29 08:00:00+00:00, run_after=2024-01-29 12:00:00+00:00
[2024-01-29T12:53:51.011+0000] {processor.py:183} INFO - Processing /home/airflow/.local/lib/python3.8/site-packages/airflow/example_dags/example_latest_only_with_trigger.py took 0.069 seconds
[2024-01-29T12:54:21.194+0000] {processor.py:161} INFO - Started process (PID=411) to work on /home/airflow/.local/lib/python3.8/site-packages/airflow/example_dags/example_latest_only_with_trigger.py
[2024-01-29T12:54:21.196+0000] {processor.py:830} INFO - Processing file /home/airflow/.local/lib/python3.8/site-packages/airflow/example_dags/example_latest_only_with_trigger.py for tasks to queue
[2024-01-29T12:54:21.198+0000] {logging_mixin.py:188} INFO - [2024-01-29T12:54:21.197+0000] {dagbag.py:538} INFO - Filling up the DagBag from /home/airflow/.local/lib/python3.8/site-packages/airflow/example_dags/example_latest_only_with_trigger.py
[2024-01-29T12:54:21.203+0000] {processor.py:840} INFO - DAG(s) 'latest_only_with_trigger' retrieved from /home/airflow/.local/lib/python3.8/site-packages/airflow/example_dags/example_latest_only_with_trigger.py
[2024-01-29T12:54:21.222+0000] {logging_mixin.py:188} INFO - [2024-01-29T12:54:21.222+0000] {dag.py:3036} INFO - Sync 1 DAGs
[2024-01-29T12:54:21.243+0000] {logging_mixin.py:188} INFO - [2024-01-29T12:54:21.243+0000] {dag.py:3823} INFO - Setting next_dagrun for latest_only_with_trigger to 2024-01-29 08:00:00+00:00, run_after=2024-01-29 12:00:00+00:00
[2024-01-29T12:54:21.262+0000] {processor.py:183} INFO - Processing /home/airflow/.local/lib/python3.8/site-packages/airflow/example_dags/example_latest_only_with_trigger.py took 0.071 seconds
[2024-01-29T12:54:51.281+0000] {processor.py:161} INFO - Started process (PID=467) to work on /home/airflow/.local/lib/python3.8/site-packages/airflow/example_dags/example_latest_only_with_trigger.py
[2024-01-29T12:54:51.282+0000] {processor.py:830} INFO - Processing file /home/airflow/.local/lib/python3.8/site-packages/airflow/example_dags/example_latest_only_with_trigger.py for tasks to queue
[2024-01-29T12:54:51.284+0000] {logging_mixin.py:188} INFO - [2024-01-29T12:54:51.283+0000] {dagbag.py:538} INFO - Filling up the DagBag from /home/airflow/.local/lib/python3.8/site-packages/airflow/example_dags/example_latest_only_with_trigger.py
[2024-01-29T12:54:51.289+0000] {processor.py:840} INFO - DAG(s) 'latest_only_with_trigger' retrieved from /home/airflow/.local/lib/python3.8/site-packages/airflow/example_dags/example_latest_only_with_trigger.py
[2024-01-29T12:54:51.309+0000] {logging_mixin.py:188} INFO - [2024-01-29T12:54:51.309+0000] {dag.py:3036} INFO - Sync 1 DAGs
[2024-01-29T12:54:51.330+0000] {logging_mixin.py:188} INFO - [2024-01-29T12:54:51.330+0000] {dag.py:3823} INFO - Setting next_dagrun for latest_only_with_trigger to 2024-01-29 08:00:00+00:00, run_after=2024-01-29 12:00:00+00:00
[2024-01-29T12:54:51.347+0000] {processor.py:183} INFO - Processing /home/airflow/.local/lib/python3.8/site-packages/airflow/example_dags/example_latest_only_with_trigger.py took 0.069 seconds
[2024-01-29T12:55:21.739+0000] {processor.py:161} INFO - Started process (PID=523) to work on /home/airflow/.local/lib/python3.8/site-packages/airflow/example_dags/example_latest_only_with_trigger.py
[2024-01-29T12:55:21.740+0000] {processor.py:830} INFO - Processing file /home/airflow/.local/lib/python3.8/site-packages/airflow/example_dags/example_latest_only_with_trigger.py for tasks to queue
[2024-01-29T12:55:21.741+0000] {logging_mixin.py:188} INFO - [2024-01-29T12:55:21.741+0000] {dagbag.py:538} INFO - Filling up the DagBag from /home/airflow/.local/lib/python3.8/site-packages/airflow/example_dags/example_latest_only_with_trigger.py
[2024-01-29T12:55:21.747+0000] {processor.py:840} INFO - DAG(s) 'latest_only_with_trigger' retrieved from /home/airflow/.local/lib/python3.8/site-packages/airflow/example_dags/example_latest_only_with_trigger.py
[2024-01-29T12:55:21.767+0000] {logging_mixin.py:188} INFO - [2024-01-29T12:55:21.767+0000] {dag.py:3036} INFO - Sync 1 DAGs
[2024-01-29T12:55:21.789+0000] {logging_mixin.py:188} INFO - [2024-01-29T12:55:21.789+0000] {dag.py:3823} INFO - Setting next_dagrun for latest_only_with_trigger to 2024-01-29 08:00:00+00:00, run_after=2024-01-29 12:00:00+00:00
[2024-01-29T12:55:21.807+0000] {processor.py:183} INFO - Processing /home/airflow/.local/lib/python3.8/site-packages/airflow/example_dags/example_latest_only_with_trigger.py took 0.072 seconds
[2024-01-29T12:55:52.074+0000] {processor.py:161} INFO - Started process (PID=579) to work on /home/airflow/.local/lib/python3.8/site-packages/airflow/example_dags/example_latest_only_with_trigger.py
[2024-01-29T12:55:52.075+0000] {processor.py:830} INFO - Processing file /home/airflow/.local/lib/python3.8/site-packages/airflow/example_dags/example_latest_only_with_trigger.py for tasks to queue
[2024-01-29T12:55:52.076+0000] {logging_mixin.py:188} INFO - [2024-01-29T12:55:52.076+0000] {dagbag.py:538} INFO - Filling up the DagBag from /home/airflow/.local/lib/python3.8/site-packages/airflow/example_dags/example_latest_only_with_trigger.py
[2024-01-29T12:55:52.081+0000] {processor.py:840} INFO - DAG(s) 'latest_only_with_trigger' retrieved from /home/airflow/.local/lib/python3.8/site-packages/airflow/example_dags/example_latest_only_with_trigger.py
[2024-01-29T12:55:52.108+0000] {logging_mixin.py:188} INFO - [2024-01-29T12:55:52.108+0000] {dag.py:3036} INFO - Sync 1 DAGs
[2024-01-29T12:55:52.138+0000] {logging_mixin.py:188} INFO - [2024-01-29T12:55:52.137+0000] {dag.py:3823} INFO - Setting next_dagrun for latest_only_with_trigger to 2024-01-29 08:00:00+00:00, run_after=2024-01-29 12:00:00+00:00
[2024-01-29T12:55:52.156+0000] {processor.py:183} INFO - Processing /home/airflow/.local/lib/python3.8/site-packages/airflow/example_dags/example_latest_only_with_trigger.py took 0.086 seconds
[2024-01-29T12:56:22.362+0000] {processor.py:161} INFO - Started process (PID=635) to work on /home/airflow/.local/lib/python3.8/site-packages/airflow/example_dags/example_latest_only_with_trigger.py
[2024-01-29T12:56:22.362+0000] {processor.py:830} INFO - Processing file /home/airflow/.local/lib/python3.8/site-packages/airflow/example_dags/example_latest_only_with_trigger.py for tasks to queue
[2024-01-29T12:56:22.364+0000] {logging_mixin.py:188} INFO - [2024-01-29T12:56:22.364+0000] {dagbag.py:538} INFO - Filling up the DagBag from /home/airflow/.local/lib/python3.8/site-packages/airflow/example_dags/example_latest_only_with_trigger.py
[2024-01-29T12:56:22.369+0000] {processor.py:840} INFO - DAG(s) 'latest_only_with_trigger' retrieved from /home/airflow/.local/lib/python3.8/site-packages/airflow/example_dags/example_latest_only_with_trigger.py
[2024-01-29T12:56:22.393+0000] {logging_mixin.py:188} INFO - [2024-01-29T12:56:22.392+0000] {dag.py:3036} INFO - Sync 1 DAGs
[2024-01-29T12:56:22.423+0000] {logging_mixin.py:188} INFO - [2024-01-29T12:56:22.423+0000] {dag.py:3823} INFO - Setting next_dagrun for latest_only_with_trigger to 2024-01-29 08:00:00+00:00, run_after=2024-01-29 12:00:00+00:00
[2024-01-29T12:56:22.446+0000] {processor.py:183} INFO - Processing /home/airflow/.local/lib/python3.8/site-packages/airflow/example_dags/example_latest_only_with_trigger.py took 0.087 seconds
[2024-01-29T12:56:52.618+0000] {processor.py:161} INFO - Started process (PID=691) to work on /home/airflow/.local/lib/python3.8/site-packages/airflow/example_dags/example_latest_only_with_trigger.py
[2024-01-29T12:56:52.619+0000] {processor.py:830} INFO - Processing file /home/airflow/.local/lib/python3.8/site-packages/airflow/example_dags/example_latest_only_with_trigger.py for tasks to queue
[2024-01-29T12:56:52.620+0000] {logging_mixin.py:188} INFO - [2024-01-29T12:56:52.620+0000] {dagbag.py:538} INFO - Filling up the DagBag from /home/airflow/.local/lib/python3.8/site-packages/airflow/example_dags/example_latest_only_with_trigger.py
[2024-01-29T12:56:52.626+0000] {processor.py:840} INFO - DAG(s) 'latest_only_with_trigger' retrieved from /home/airflow/.local/lib/python3.8/site-packages/airflow/example_dags/example_latest_only_with_trigger.py
[2024-01-29T12:56:52.646+0000] {logging_mixin.py:188} INFO - [2024-01-29T12:56:52.646+0000] {dag.py:3036} INFO - Sync 1 DAGs
[2024-01-29T12:56:52.667+0000] {logging_mixin.py:188} INFO - [2024-01-29T12:56:52.667+0000] {dag.py:3823} INFO - Setting next_dagrun for latest_only_with_trigger to 2024-01-29 08:00:00+00:00, run_after=2024-01-29 12:00:00+00:00
[2024-01-29T12:56:52.685+0000] {processor.py:183} INFO - Processing /home/airflow/.local/lib/python3.8/site-packages/airflow/example_dags/example_latest_only_with_trigger.py took 0.070 seconds
[2024-01-29T12:57:22.880+0000] {processor.py:161} INFO - Started process (PID=747) to work on /home/airflow/.local/lib/python3.8/site-packages/airflow/example_dags/example_latest_only_with_trigger.py
[2024-01-29T12:57:22.881+0000] {processor.py:830} INFO - Processing file /home/airflow/.local/lib/python3.8/site-packages/airflow/example_dags/example_latest_only_with_trigger.py for tasks to queue
[2024-01-29T12:57:22.882+0000] {logging_mixin.py:188} INFO - [2024-01-29T12:57:22.882+0000] {dagbag.py:538} INFO - Filling up the DagBag from /home/airflow/.local/lib/python3.8/site-packages/airflow/example_dags/example_latest_only_with_trigger.py
[2024-01-29T12:57:22.887+0000] {processor.py:840} INFO - DAG(s) 'latest_only_with_trigger' retrieved from /home/airflow/.local/lib/python3.8/site-packages/airflow/example_dags/example_latest_only_with_trigger.py
[2024-01-29T12:57:22.907+0000] {logging_mixin.py:188} INFO - [2024-01-29T12:57:22.907+0000] {dag.py:3036} INFO - Sync 1 DAGs
[2024-01-29T12:57:22.928+0000] {logging_mixin.py:188} INFO - [2024-01-29T12:57:22.927+0000] {dag.py:3823} INFO - Setting next_dagrun for latest_only_with_trigger to 2024-01-29 08:00:00+00:00, run_after=2024-01-29 12:00:00+00:00
[2024-01-29T12:57:22.945+0000] {processor.py:183} INFO - Processing /home/airflow/.local/lib/python3.8/site-packages/airflow/example_dags/example_latest_only_with_trigger.py took 0.069 seconds
[2024-01-29T12:57:53.962+0000] {processor.py:161} INFO - Started process (PID=803) to work on /home/airflow/.local/lib/python3.8/site-packages/airflow/example_dags/example_latest_only_with_trigger.py
[2024-01-29T12:57:53.963+0000] {processor.py:830} INFO - Processing file /home/airflow/.local/lib/python3.8/site-packages/airflow/example_dags/example_latest_only_with_trigger.py for tasks to queue
[2024-01-29T12:57:53.964+0000] {logging_mixin.py:188} INFO - [2024-01-29T12:57:53.964+0000] {dagbag.py:538} INFO - Filling up the DagBag from /home/airflow/.local/lib/python3.8/site-packages/airflow/example_dags/example_latest_only_with_trigger.py
[2024-01-29T12:57:53.969+0000] {processor.py:840} INFO - DAG(s) 'latest_only_with_trigger' retrieved from /home/airflow/.local/lib/python3.8/site-packages/airflow/example_dags/example_latest_only_with_trigger.py
[2024-01-29T12:57:53.989+0000] {logging_mixin.py:188} INFO - [2024-01-29T12:57:53.989+0000] {dag.py:3036} INFO - Sync 1 DAGs
[2024-01-29T12:57:54.009+0000] {logging_mixin.py:188} INFO - [2024-01-29T12:57:54.009+0000] {dag.py:3823} INFO - Setting next_dagrun for latest_only_with_trigger to 2024-01-29 08:00:00+00:00, run_after=2024-01-29 12:00:00+00:00
[2024-01-29T12:57:54.028+0000] {processor.py:183} INFO - Processing /home/airflow/.local/lib/python3.8/site-packages/airflow/example_dags/example_latest_only_with_trigger.py took 0.069 seconds
[2024-01-29T12:58:24.989+0000] {processor.py:161} INFO - Started process (PID=859) to work on /home/airflow/.local/lib/python3.8/site-packages/airflow/example_dags/example_latest_only_with_trigger.py
[2024-01-29T12:58:24.989+0000] {processor.py:830} INFO - Processing file /home/airflow/.local/lib/python3.8/site-packages/airflow/example_dags/example_latest_only_with_trigger.py for tasks to queue
[2024-01-29T12:58:24.991+0000] {logging_mixin.py:188} INFO - [2024-01-29T12:58:24.991+0000] {dagbag.py:538} INFO - Filling up the DagBag from /home/airflow/.local/lib/python3.8/site-packages/airflow/example_dags/example_latest_only_with_trigger.py
[2024-01-29T12:58:24.996+0000] {processor.py:840} INFO - DAG(s) 'latest_only_with_trigger' retrieved from /home/airflow/.local/lib/python3.8/site-packages/airflow/example_dags/example_latest_only_with_trigger.py
[2024-01-29T12:58:25.016+0000] {logging_mixin.py:188} INFO - [2024-01-29T12:58:25.016+0000] {dag.py:3036} INFO - Sync 1 DAGs
[2024-01-29T12:58:25.039+0000] {logging_mixin.py:188} INFO - [2024-01-29T12:58:25.039+0000] {dag.py:3823} INFO - Setting next_dagrun for latest_only_with_trigger to 2024-01-29 08:00:00+00:00, run_after=2024-01-29 12:00:00+00:00
[2024-01-29T12:58:25.057+0000] {processor.py:183} INFO - Processing /home/airflow/.local/lib/python3.8/site-packages/airflow/example_dags/example_latest_only_with_trigger.py took 0.071 seconds
[2024-01-29T12:58:55.730+0000] {processor.py:161} INFO - Started process (PID=915) to work on /home/airflow/.local/lib/python3.8/site-packages/airflow/example_dags/example_latest_only_with_trigger.py
[2024-01-29T12:58:55.731+0000] {processor.py:830} INFO - Processing file /home/airflow/.local/lib/python3.8/site-packages/airflow/example_dags/example_latest_only_with_trigger.py for tasks to queue
[2024-01-29T12:58:55.733+0000] {logging_mixin.py:188} INFO - [2024-01-29T12:58:55.732+0000] {dagbag.py:538} INFO - Filling up the DagBag from /home/airflow/.local/lib/python3.8/site-packages/airflow/example_dags/example_latest_only_with_trigger.py
[2024-01-29T12:58:55.739+0000] {processor.py:840} INFO - DAG(s) 'latest_only_with_trigger' retrieved from /home/airflow/.local/lib/python3.8/site-packages/airflow/example_dags/example_latest_only_with_trigger.py
[2024-01-29T12:58:55.759+0000] {logging_mixin.py:188} INFO - [2024-01-29T12:58:55.759+0000] {dag.py:3036} INFO - Sync 1 DAGs
[2024-01-29T12:58:55.781+0000] {logging_mixin.py:188} INFO - [2024-01-29T12:58:55.781+0000] {dag.py:3823} INFO - Setting next_dagrun for latest_only_with_trigger to 2024-01-29 08:00:00+00:00, run_after=2024-01-29 12:00:00+00:00
[2024-01-29T12:58:55.799+0000] {processor.py:183} INFO - Processing /home/airflow/.local/lib/python3.8/site-packages/airflow/example_dags/example_latest_only_with_trigger.py took 0.074 seconds
[2024-01-29T12:59:25.930+0000] {processor.py:161} INFO - Started process (PID=970) to work on /home/airflow/.local/lib/python3.8/site-packages/airflow/example_dags/example_latest_only_with_trigger.py
[2024-01-29T12:59:25.932+0000] {processor.py:830} INFO - Processing file /home/airflow/.local/lib/python3.8/site-packages/airflow/example_dags/example_latest_only_with_trigger.py for tasks to queue
[2024-01-29T12:59:25.934+0000] {logging_mixin.py:188} INFO - [2024-01-29T12:59:25.934+0000] {dagbag.py:538} INFO - Filling up the DagBag from /home/airflow/.local/lib/python3.8/site-packages/airflow/example_dags/example_latest_only_with_trigger.py
[2024-01-29T12:59:25.942+0000] {processor.py:840} INFO - DAG(s) 'latest_only_with_trigger' retrieved from /home/airflow/.local/lib/python3.8/site-packages/airflow/example_dags/example_latest_only_with_trigger.py
[2024-01-29T12:59:25.963+0000] {logging_mixin.py:188} INFO - [2024-01-29T12:59:25.963+0000] {dag.py:3036} INFO - Sync 1 DAGs
[2024-01-29T12:59:25.984+0000] {logging_mixin.py:188} INFO - [2024-01-29T12:59:25.984+0000] {dag.py:3823} INFO - Setting next_dagrun for latest_only_with_trigger to 2024-01-29 08:00:00+00:00, run_after=2024-01-29 12:00:00+00:00
[2024-01-29T12:59:26.002+0000] {processor.py:183} INFO - Processing /home/airflow/.local/lib/python3.8/site-packages/airflow/example_dags/example_latest_only_with_trigger.py took 0.078 seconds
[2024-01-29T12:59:56.166+0000] {processor.py:161} INFO - Started process (PID=1026) to work on /home/airflow/.local/lib/python3.8/site-packages/airflow/example_dags/example_latest_only_with_trigger.py
[2024-01-29T12:59:56.167+0000] {processor.py:830} INFO - Processing file /home/airflow/.local/lib/python3.8/site-packages/airflow/example_dags/example_latest_only_with_trigger.py for tasks to queue
[2024-01-29T12:59:56.169+0000] {logging_mixin.py:188} INFO - [2024-01-29T12:59:56.168+0000] {dagbag.py:538} INFO - Filling up the DagBag from /home/airflow/.local/lib/python3.8/site-packages/airflow/example_dags/example_latest_only_with_trigger.py
[2024-01-29T12:59:56.174+0000] {processor.py:840} INFO - DAG(s) 'latest_only_with_trigger' retrieved from /home/airflow/.local/lib/python3.8/site-packages/airflow/example_dags/example_latest_only_with_trigger.py
[2024-01-29T12:59:56.195+0000] {logging_mixin.py:188} INFO - [2024-01-29T12:59:56.195+0000] {dag.py:3036} INFO - Sync 1 DAGs
[2024-01-29T12:59:56.216+0000] {logging_mixin.py:188} INFO - [2024-01-29T12:59:56.216+0000] {dag.py:3823} INFO - Setting next_dagrun for latest_only_with_trigger to 2024-01-29 08:00:00+00:00, run_after=2024-01-29 12:00:00+00:00
[2024-01-29T12:59:56.233+0000] {processor.py:183} INFO - Processing /home/airflow/.local/lib/python3.8/site-packages/airflow/example_dags/example_latest_only_with_trigger.py took 0.070 seconds
[2024-01-29T13:00:26.301+0000] {processor.py:161} INFO - Started process (PID=1082) to work on /home/airflow/.local/lib/python3.8/site-packages/airflow/example_dags/example_latest_only_with_trigger.py
[2024-01-29T13:00:26.303+0000] {processor.py:830} INFO - Processing file /home/airflow/.local/lib/python3.8/site-packages/airflow/example_dags/example_latest_only_with_trigger.py for tasks to queue
[2024-01-29T13:00:26.305+0000] {logging_mixin.py:188} INFO - [2024-01-29T13:00:26.305+0000] {dagbag.py:538} INFO - Filling up the DagBag from /home/airflow/.local/lib/python3.8/site-packages/airflow/example_dags/example_latest_only_with_trigger.py
[2024-01-29T13:00:26.312+0000] {processor.py:840} INFO - DAG(s) 'latest_only_with_trigger' retrieved from /home/airflow/.local/lib/python3.8/site-packages/airflow/example_dags/example_latest_only_with_trigger.py
[2024-01-29T13:00:26.336+0000] {logging_mixin.py:188} INFO - [2024-01-29T13:00:26.335+0000] {dag.py:3036} INFO - Sync 1 DAGs
[2024-01-29T13:00:26.358+0000] {logging_mixin.py:188} INFO - [2024-01-29T13:00:26.358+0000] {dag.py:3823} INFO - Setting next_dagrun for latest_only_with_trigger to 2024-01-29 08:00:00+00:00, run_after=2024-01-29 12:00:00+00:00
[2024-01-29T13:00:26.375+0000] {processor.py:183} INFO - Processing /home/airflow/.local/lib/python3.8/site-packages/airflow/example_dags/example_latest_only_with_trigger.py took 0.078 seconds
[2024-01-29T13:00:56.571+0000] {processor.py:161} INFO - Started process (PID=1138) to work on /home/airflow/.local/lib/python3.8/site-packages/airflow/example_dags/example_latest_only_with_trigger.py
[2024-01-29T13:00:56.573+0000] {processor.py:830} INFO - Processing file /home/airflow/.local/lib/python3.8/site-packages/airflow/example_dags/example_latest_only_with_trigger.py for tasks to queue
[2024-01-29T13:00:56.576+0000] {logging_mixin.py:188} INFO - [2024-01-29T13:00:56.576+0000] {dagbag.py:538} INFO - Filling up the DagBag from /home/airflow/.local/lib/python3.8/site-packages/airflow/example_dags/example_latest_only_with_trigger.py
[2024-01-29T13:00:56.583+0000] {processor.py:840} INFO - DAG(s) 'latest_only_with_trigger' retrieved from /home/airflow/.local/lib/python3.8/site-packages/airflow/example_dags/example_latest_only_with_trigger.py
[2024-01-29T13:00:56.606+0000] {logging_mixin.py:188} INFO - [2024-01-29T13:00:56.606+0000] {dag.py:3036} INFO - Sync 1 DAGs
[2024-01-29T13:00:56.628+0000] {logging_mixin.py:188} INFO - [2024-01-29T13:00:56.628+0000] {dag.py:3823} INFO - Setting next_dagrun for latest_only_with_trigger to 2024-01-29 08:00:00+00:00, run_after=2024-01-29 12:00:00+00:00
[2024-01-29T13:00:56.647+0000] {processor.py:183} INFO - Processing /home/airflow/.local/lib/python3.8/site-packages/airflow/example_dags/example_latest_only_with_trigger.py took 0.082 seconds
[2024-01-29T13:01:26.918+0000] {processor.py:161} INFO - Started process (PID=1193) to work on /home/airflow/.local/lib/python3.8/site-packages/airflow/example_dags/example_latest_only_with_trigger.py
[2024-01-29T13:01:26.920+0000] {processor.py:830} INFO - Processing file /home/airflow/.local/lib/python3.8/site-packages/airflow/example_dags/example_latest_only_with_trigger.py for tasks to queue
[2024-01-29T13:01:26.923+0000] {logging_mixin.py:188} INFO - [2024-01-29T13:01:26.922+0000] {dagbag.py:538} INFO - Filling up the DagBag from /home/airflow/.local/lib/python3.8/site-packages/airflow/example_dags/example_latest_only_with_trigger.py
[2024-01-29T13:01:26.929+0000] {processor.py:840} INFO - DAG(s) 'latest_only_with_trigger' retrieved from /home/airflow/.local/lib/python3.8/site-packages/airflow/example_dags/example_latest_only_with_trigger.py
[2024-01-29T13:01:26.952+0000] {logging_mixin.py:188} INFO - [2024-01-29T13:01:26.952+0000] {dag.py:3036} INFO - Sync 1 DAGs
[2024-01-29T13:01:26.976+0000] {logging_mixin.py:188} INFO - [2024-01-29T13:01:26.975+0000] {dag.py:3823} INFO - Setting next_dagrun for latest_only_with_trigger to 2024-01-29 08:00:00+00:00, run_after=2024-01-29 12:00:00+00:00
[2024-01-29T13:01:26.994+0000] {processor.py:183} INFO - Processing /home/airflow/.local/lib/python3.8/site-packages/airflow/example_dags/example_latest_only_with_trigger.py took 0.083 seconds
[2024-01-29T13:01:57.745+0000] {processor.py:161} INFO - Started process (PID=1249) to work on /home/airflow/.local/lib/python3.8/site-packages/airflow/example_dags/example_latest_only_with_trigger.py
[2024-01-29T13:01:57.747+0000] {processor.py:830} INFO - Processing file /home/airflow/.local/lib/python3.8/site-packages/airflow/example_dags/example_latest_only_with_trigger.py for tasks to queue
[2024-01-29T13:01:57.749+0000] {logging_mixin.py:188} INFO - [2024-01-29T13:01:57.749+0000] {dagbag.py:538} INFO - Filling up the DagBag from /home/airflow/.local/lib/python3.8/site-packages/airflow/example_dags/example_latest_only_with_trigger.py
[2024-01-29T13:01:57.757+0000] {processor.py:840} INFO - DAG(s) 'latest_only_with_trigger' retrieved from /home/airflow/.local/lib/python3.8/site-packages/airflow/example_dags/example_latest_only_with_trigger.py
[2024-01-29T13:01:57.778+0000] {logging_mixin.py:188} INFO - [2024-01-29T13:01:57.778+0000] {dag.py:3036} INFO - Sync 1 DAGs
[2024-01-29T13:01:57.799+0000] {logging_mixin.py:188} INFO - [2024-01-29T13:01:57.799+0000] {dag.py:3823} INFO - Setting next_dagrun for latest_only_with_trigger to 2024-01-29 08:00:00+00:00, run_after=2024-01-29 12:00:00+00:00
[2024-01-29T13:01:57.817+0000] {processor.py:183} INFO - Processing /home/airflow/.local/lib/python3.8/site-packages/airflow/example_dags/example_latest_only_with_trigger.py took 0.079 seconds
[2024-01-29T13:02:27.862+0000] {processor.py:161} INFO - Started process (PID=1306) to work on /home/airflow/.local/lib/python3.8/site-packages/airflow/example_dags/example_latest_only_with_trigger.py
[2024-01-29T13:02:27.864+0000] {processor.py:830} INFO - Processing file /home/airflow/.local/lib/python3.8/site-packages/airflow/example_dags/example_latest_only_with_trigger.py for tasks to queue
[2024-01-29T13:02:27.866+0000] {logging_mixin.py:188} INFO - [2024-01-29T13:02:27.865+0000] {dagbag.py:538} INFO - Filling up the DagBag from /home/airflow/.local/lib/python3.8/site-packages/airflow/example_dags/example_latest_only_with_trigger.py
[2024-01-29T13:02:27.874+0000] {processor.py:840} INFO - DAG(s) 'latest_only_with_trigger' retrieved from /home/airflow/.local/lib/python3.8/site-packages/airflow/example_dags/example_latest_only_with_trigger.py
[2024-01-29T13:02:27.904+0000] {logging_mixin.py:188} INFO - [2024-01-29T13:02:27.904+0000] {dag.py:3036} INFO - Sync 1 DAGs
[2024-01-29T13:02:27.926+0000] {logging_mixin.py:188} INFO - [2024-01-29T13:02:27.926+0000] {dag.py:3823} INFO - Setting next_dagrun for latest_only_with_trigger to 2024-01-29 08:00:00+00:00, run_after=2024-01-29 12:00:00+00:00
[2024-01-29T13:02:27.944+0000] {processor.py:183} INFO - Processing /home/airflow/.local/lib/python3.8/site-packages/airflow/example_dags/example_latest_only_with_trigger.py took 0.085 seconds
[2024-01-29T13:02:58.098+0000] {processor.py:161} INFO - Started process (PID=1362) to work on /home/airflow/.local/lib/python3.8/site-packages/airflow/example_dags/example_latest_only_with_trigger.py
[2024-01-29T13:02:58.100+0000] {processor.py:830} INFO - Processing file /home/airflow/.local/lib/python3.8/site-packages/airflow/example_dags/example_latest_only_with_trigger.py for tasks to queue
[2024-01-29T13:02:58.103+0000] {logging_mixin.py:188} INFO - [2024-01-29T13:02:58.102+0000] {dagbag.py:538} INFO - Filling up the DagBag from /home/airflow/.local/lib/python3.8/site-packages/airflow/example_dags/example_latest_only_with_trigger.py
[2024-01-29T13:02:58.111+0000] {processor.py:840} INFO - DAG(s) 'latest_only_with_trigger' retrieved from /home/airflow/.local/lib/python3.8/site-packages/airflow/example_dags/example_latest_only_with_trigger.py
[2024-01-29T13:02:58.139+0000] {logging_mixin.py:188} INFO - [2024-01-29T13:02:58.139+0000] {dag.py:3036} INFO - Sync 1 DAGs
[2024-01-29T13:02:58.170+0000] {logging_mixin.py:188} INFO - [2024-01-29T13:02:58.170+0000] {dag.py:3823} INFO - Setting next_dagrun for latest_only_with_trigger to 2024-01-29 08:00:00+00:00, run_after=2024-01-29 12:00:00+00:00
[2024-01-29T13:02:58.194+0000] {processor.py:183} INFO - Processing /home/airflow/.local/lib/python3.8/site-packages/airflow/example_dags/example_latest_only_with_trigger.py took 0.104 seconds
[2024-01-29T13:03:28.511+0000] {processor.py:161} INFO - Started process (PID=1418) to work on /home/airflow/.local/lib/python3.8/site-packages/airflow/example_dags/example_latest_only_with_trigger.py
[2024-01-29T13:03:28.512+0000] {processor.py:830} INFO - Processing file /home/airflow/.local/lib/python3.8/site-packages/airflow/example_dags/example_latest_only_with_trigger.py for tasks to queue
[2024-01-29T13:03:28.514+0000] {logging_mixin.py:188} INFO - [2024-01-29T13:03:28.514+0000] {dagbag.py:538} INFO - Filling up the DagBag from /home/airflow/.local/lib/python3.8/site-packages/airflow/example_dags/example_latest_only_with_trigger.py
[2024-01-29T13:03:28.520+0000] {processor.py:840} INFO - DAG(s) 'latest_only_with_trigger' retrieved from /home/airflow/.local/lib/python3.8/site-packages/airflow/example_dags/example_latest_only_with_trigger.py
[2024-01-29T13:03:28.542+0000] {logging_mixin.py:188} INFO - [2024-01-29T13:03:28.542+0000] {dag.py:3036} INFO - Sync 1 DAGs
[2024-01-29T13:03:28.564+0000] {logging_mixin.py:188} INFO - [2024-01-29T13:03:28.563+0000] {dag.py:3823} INFO - Setting next_dagrun for latest_only_with_trigger to 2024-01-29 08:00:00+00:00, run_after=2024-01-29 12:00:00+00:00
[2024-01-29T13:03:28.581+0000] {processor.py:183} INFO - Processing /home/airflow/.local/lib/python3.8/site-packages/airflow/example_dags/example_latest_only_with_trigger.py took 0.074 seconds
[2024-01-29T13:03:58.699+0000] {processor.py:161} INFO - Started process (PID=1474) to work on /home/airflow/.local/lib/python3.8/site-packages/airflow/example_dags/example_latest_only_with_trigger.py
[2024-01-29T13:03:58.700+0000] {processor.py:830} INFO - Processing file /home/airflow/.local/lib/python3.8/site-packages/airflow/example_dags/example_latest_only_with_trigger.py for tasks to queue
[2024-01-29T13:03:58.702+0000] {logging_mixin.py:188} INFO - [2024-01-29T13:03:58.702+0000] {dagbag.py:538} INFO - Filling up the DagBag from /home/airflow/.local/lib/python3.8/site-packages/airflow/example_dags/example_latest_only_with_trigger.py
[2024-01-29T13:03:58.707+0000] {processor.py:840} INFO - DAG(s) 'latest_only_with_trigger' retrieved from /home/airflow/.local/lib/python3.8/site-packages/airflow/example_dags/example_latest_only_with_trigger.py
[2024-01-29T13:03:58.727+0000] {logging_mixin.py:188} INFO - [2024-01-29T13:03:58.727+0000] {dag.py:3036} INFO - Sync 1 DAGs
[2024-01-29T13:03:58.749+0000] {logging_mixin.py:188} INFO - [2024-01-29T13:03:58.749+0000] {dag.py:3823} INFO - Setting next_dagrun for latest_only_with_trigger to 2024-01-29 08:00:00+00:00, run_after=2024-01-29 12:00:00+00:00
[2024-01-29T13:03:58.768+0000] {processor.py:183} INFO - Processing /home/airflow/.local/lib/python3.8/site-packages/airflow/example_dags/example_latest_only_with_trigger.py took 0.072 seconds
[2024-01-29T13:04:28.902+0000] {processor.py:161} INFO - Started process (PID=1529) to work on /home/airflow/.local/lib/python3.8/site-packages/airflow/example_dags/example_latest_only_with_trigger.py
[2024-01-29T13:04:28.904+0000] {processor.py:830} INFO - Processing file /home/airflow/.local/lib/python3.8/site-packages/airflow/example_dags/example_latest_only_with_trigger.py for tasks to queue
[2024-01-29T13:04:28.908+0000] {logging_mixin.py:188} INFO - [2024-01-29T13:04:28.907+0000] {dagbag.py:538} INFO - Filling up the DagBag from /home/airflow/.local/lib/python3.8/site-packages/airflow/example_dags/example_latest_only_with_trigger.py
[2024-01-29T13:04:28.917+0000] {processor.py:840} INFO - DAG(s) 'latest_only_with_trigger' retrieved from /home/airflow/.local/lib/python3.8/site-packages/airflow/example_dags/example_latest_only_with_trigger.py
[2024-01-29T13:04:28.944+0000] {logging_mixin.py:188} INFO - [2024-01-29T13:04:28.943+0000] {dag.py:3036} INFO - Sync 1 DAGs
[2024-01-29T13:04:28.965+0000] {logging_mixin.py:188} INFO - [2024-01-29T13:04:28.965+0000] {dag.py:3823} INFO - Setting next_dagrun for latest_only_with_trigger to 2024-01-29 08:00:00+00:00, run_after=2024-01-29 12:00:00+00:00
[2024-01-29T13:04:28.983+0000] {processor.py:183} INFO - Processing /home/airflow/.local/lib/python3.8/site-packages/airflow/example_dags/example_latest_only_with_trigger.py took 0.089 seconds
[2024-01-29T13:04:59.976+0000] {processor.py:161} INFO - Started process (PID=1585) to work on /home/airflow/.local/lib/python3.8/site-packages/airflow/example_dags/example_latest_only_with_trigger.py
[2024-01-29T13:04:59.978+0000] {processor.py:830} INFO - Processing file /home/airflow/.local/lib/python3.8/site-packages/airflow/example_dags/example_latest_only_with_trigger.py for tasks to queue
[2024-01-29T13:04:59.979+0000] {logging_mixin.py:188} INFO - [2024-01-29T13:04:59.979+0000] {dagbag.py:538} INFO - Filling up the DagBag from /home/airflow/.local/lib/python3.8/site-packages/airflow/example_dags/example_latest_only_with_trigger.py
[2024-01-29T13:04:59.985+0000] {processor.py:840} INFO - DAG(s) 'latest_only_with_trigger' retrieved from /home/airflow/.local/lib/python3.8/site-packages/airflow/example_dags/example_latest_only_with_trigger.py
[2024-01-29T13:05:00.004+0000] {logging_mixin.py:188} INFO - [2024-01-29T13:05:00.004+0000] {dag.py:3036} INFO - Sync 1 DAGs
[2024-01-29T13:05:00.026+0000] {logging_mixin.py:188} INFO - [2024-01-29T13:05:00.026+0000] {dag.py:3823} INFO - Setting next_dagrun for latest_only_with_trigger to 2024-01-29 08:00:00+00:00, run_after=2024-01-29 12:00:00+00:00
[2024-01-29T13:05:00.043+0000] {processor.py:183} INFO - Processing /home/airflow/.local/lib/python3.8/site-packages/airflow/example_dags/example_latest_only_with_trigger.py took 0.069 seconds
[2024-01-29T13:05:30.122+0000] {processor.py:161} INFO - Started process (PID=1641) to work on /home/airflow/.local/lib/python3.8/site-packages/airflow/example_dags/example_latest_only_with_trigger.py
[2024-01-29T13:05:30.124+0000] {processor.py:830} INFO - Processing file /home/airflow/.local/lib/python3.8/site-packages/airflow/example_dags/example_latest_only_with_trigger.py for tasks to queue
[2024-01-29T13:05:30.127+0000] {logging_mixin.py:188} INFO - [2024-01-29T13:05:30.127+0000] {dagbag.py:538} INFO - Filling up the DagBag from /home/airflow/.local/lib/python3.8/site-packages/airflow/example_dags/example_latest_only_with_trigger.py
[2024-01-29T13:05:30.139+0000] {processor.py:840} INFO - DAG(s) 'latest_only_with_trigger' retrieved from /home/airflow/.local/lib/python3.8/site-packages/airflow/example_dags/example_latest_only_with_trigger.py
[2024-01-29T13:05:30.171+0000] {logging_mixin.py:188} INFO - [2024-01-29T13:05:30.171+0000] {dag.py:3036} INFO - Sync 1 DAGs
[2024-01-29T13:05:30.197+0000] {logging_mixin.py:188} INFO - [2024-01-29T13:05:30.197+0000] {dag.py:3823} INFO - Setting next_dagrun for latest_only_with_trigger to 2024-01-29 08:00:00+00:00, run_after=2024-01-29 12:00:00+00:00
[2024-01-29T13:05:30.215+0000] {processor.py:183} INFO - Processing /home/airflow/.local/lib/python3.8/site-packages/airflow/example_dags/example_latest_only_with_trigger.py took 0.101 seconds
[2024-01-29T13:06:00.271+0000] {processor.py:161} INFO - Started process (PID=1697) to work on /home/airflow/.local/lib/python3.8/site-packages/airflow/example_dags/example_latest_only_with_trigger.py
[2024-01-29T13:06:00.274+0000] {processor.py:830} INFO - Processing file /home/airflow/.local/lib/python3.8/site-packages/airflow/example_dags/example_latest_only_with_trigger.py for tasks to queue
[2024-01-29T13:06:00.279+0000] {logging_mixin.py:188} INFO - [2024-01-29T13:06:00.278+0000] {dagbag.py:538} INFO - Filling up the DagBag from /home/airflow/.local/lib/python3.8/site-packages/airflow/example_dags/example_latest_only_with_trigger.py
[2024-01-29T13:06:00.291+0000] {processor.py:840} INFO - DAG(s) 'latest_only_with_trigger' retrieved from /home/airflow/.local/lib/python3.8/site-packages/airflow/example_dags/example_latest_only_with_trigger.py
[2024-01-29T13:06:00.314+0000] {logging_mixin.py:188} INFO - [2024-01-29T13:06:00.314+0000] {dag.py:3036} INFO - Sync 1 DAGs
[2024-01-29T13:06:00.334+0000] {logging_mixin.py:188} INFO - [2024-01-29T13:06:00.334+0000] {dag.py:3823} INFO - Setting next_dagrun for latest_only_with_trigger to 2024-01-29 08:00:00+00:00, run_after=2024-01-29 12:00:00+00:00
[2024-01-29T13:06:00.351+0000] {processor.py:183} INFO - Processing /home/airflow/.local/lib/python3.8/site-packages/airflow/example_dags/example_latest_only_with_trigger.py took 0.090 seconds
[2024-01-29T13:06:30.391+0000] {processor.py:161} INFO - Started process (PID=1754) to work on /home/airflow/.local/lib/python3.8/site-packages/airflow/example_dags/example_latest_only_with_trigger.py
[2024-01-29T13:06:30.392+0000] {processor.py:830} INFO - Processing file /home/airflow/.local/lib/python3.8/site-packages/airflow/example_dags/example_latest_only_with_trigger.py for tasks to queue
[2024-01-29T13:06:30.394+0000] {logging_mixin.py:188} INFO - [2024-01-29T13:06:30.393+0000] {dagbag.py:538} INFO - Filling up the DagBag from /home/airflow/.local/lib/python3.8/site-packages/airflow/example_dags/example_latest_only_with_trigger.py
[2024-01-29T13:06:30.400+0000] {processor.py:840} INFO - DAG(s) 'latest_only_with_trigger' retrieved from /home/airflow/.local/lib/python3.8/site-packages/airflow/example_dags/example_latest_only_with_trigger.py
[2024-01-29T13:06:30.426+0000] {logging_mixin.py:188} INFO - [2024-01-29T13:06:30.426+0000] {dag.py:3036} INFO - Sync 1 DAGs
[2024-01-29T13:06:30.447+0000] {logging_mixin.py:188} INFO - [2024-01-29T13:06:30.447+0000] {dag.py:3823} INFO - Setting next_dagrun for latest_only_with_trigger to 2024-01-29 08:00:00+00:00, run_after=2024-01-29 12:00:00+00:00
[2024-01-29T13:06:30.464+0000] {processor.py:183} INFO - Processing /home/airflow/.local/lib/python3.8/site-packages/airflow/example_dags/example_latest_only_with_trigger.py took 0.077 seconds
[2024-01-29T13:07:00.571+0000] {processor.py:161} INFO - Started process (PID=1810) to work on /home/airflow/.local/lib/python3.8/site-packages/airflow/example_dags/example_latest_only_with_trigger.py
[2024-01-29T13:07:00.572+0000] {processor.py:830} INFO - Processing file /home/airflow/.local/lib/python3.8/site-packages/airflow/example_dags/example_latest_only_with_trigger.py for tasks to queue
[2024-01-29T13:07:00.574+0000] {logging_mixin.py:188} INFO - [2024-01-29T13:07:00.574+0000] {dagbag.py:538} INFO - Filling up the DagBag from /home/airflow/.local/lib/python3.8/site-packages/airflow/example_dags/example_latest_only_with_trigger.py
[2024-01-29T13:07:00.581+0000] {processor.py:840} INFO - DAG(s) 'latest_only_with_trigger' retrieved from /home/airflow/.local/lib/python3.8/site-packages/airflow/example_dags/example_latest_only_with_trigger.py
[2024-01-29T13:07:00.605+0000] {logging_mixin.py:188} INFO - [2024-01-29T13:07:00.605+0000] {dag.py:3036} INFO - Sync 1 DAGs
[2024-01-29T13:07:00.629+0000] {logging_mixin.py:188} INFO - [2024-01-29T13:07:00.628+0000] {dag.py:3823} INFO - Setting next_dagrun for latest_only_with_trigger to 2024-01-29 08:00:00+00:00, run_after=2024-01-29 12:00:00+00:00
[2024-01-29T13:07:00.647+0000] {processor.py:183} INFO - Processing /home/airflow/.local/lib/python3.8/site-packages/airflow/example_dags/example_latest_only_with_trigger.py took 0.080 seconds
[2024-01-29T13:07:31.542+0000] {processor.py:161} INFO - Started process (PID=1873) to work on /home/airflow/.local/lib/python3.8/site-packages/airflow/example_dags/example_latest_only_with_trigger.py
[2024-01-29T13:07:31.544+0000] {processor.py:830} INFO - Processing file /home/airflow/.local/lib/python3.8/site-packages/airflow/example_dags/example_latest_only_with_trigger.py for tasks to queue
[2024-01-29T13:07:31.546+0000] {logging_mixin.py:188} INFO - [2024-01-29T13:07:31.545+0000] {dagbag.py:538} INFO - Filling up the DagBag from /home/airflow/.local/lib/python3.8/site-packages/airflow/example_dags/example_latest_only_with_trigger.py
[2024-01-29T13:07:31.552+0000] {processor.py:840} INFO - DAG(s) 'latest_only_with_trigger' retrieved from /home/airflow/.local/lib/python3.8/site-packages/airflow/example_dags/example_latest_only_with_trigger.py
[2024-01-29T13:07:31.585+0000] {logging_mixin.py:188} INFO - [2024-01-29T13:07:31.585+0000] {dag.py:3036} INFO - Sync 1 DAGs
[2024-01-29T13:07:31.609+0000] {logging_mixin.py:188} INFO - [2024-01-29T13:07:31.608+0000] {dag.py:3823} INFO - Setting next_dagrun for latest_only_with_trigger to 2024-01-29 08:00:00+00:00, run_after=2024-01-29 12:00:00+00:00
[2024-01-29T13:07:31.631+0000] {processor.py:183} INFO - Processing /home/airflow/.local/lib/python3.8/site-packages/airflow/example_dags/example_latest_only_with_trigger.py took 0.093 seconds
[2024-01-29T13:08:02.278+0000] {processor.py:161} INFO - Started process (PID=1929) to work on /home/airflow/.local/lib/python3.8/site-packages/airflow/example_dags/example_latest_only_with_trigger.py
[2024-01-29T13:08:02.280+0000] {processor.py:830} INFO - Processing file /home/airflow/.local/lib/python3.8/site-packages/airflow/example_dags/example_latest_only_with_trigger.py for tasks to queue
[2024-01-29T13:08:02.283+0000] {logging_mixin.py:188} INFO - [2024-01-29T13:08:02.282+0000] {dagbag.py:538} INFO - Filling up the DagBag from /home/airflow/.local/lib/python3.8/site-packages/airflow/example_dags/example_latest_only_with_trigger.py
[2024-01-29T13:08:02.292+0000] {processor.py:840} INFO - DAG(s) 'latest_only_with_trigger' retrieved from /home/airflow/.local/lib/python3.8/site-packages/airflow/example_dags/example_latest_only_with_trigger.py
[2024-01-29T13:08:02.316+0000] {logging_mixin.py:188} INFO - [2024-01-29T13:08:02.316+0000] {dag.py:3036} INFO - Sync 1 DAGs
[2024-01-29T13:08:02.338+0000] {logging_mixin.py:188} INFO - [2024-01-29T13:08:02.338+0000] {dag.py:3823} INFO - Setting next_dagrun for latest_only_with_trigger to 2024-01-29 08:00:00+00:00, run_after=2024-01-29 12:00:00+00:00
[2024-01-29T13:08:02.356+0000] {processor.py:183} INFO - Processing /home/airflow/.local/lib/python3.8/site-packages/airflow/example_dags/example_latest_only_with_trigger.py took 0.087 seconds
[2024-01-29T13:08:33.169+0000] {processor.py:161} INFO - Started process (PID=1985) to work on /home/airflow/.local/lib/python3.8/site-packages/airflow/example_dags/example_latest_only_with_trigger.py
[2024-01-29T13:08:33.171+0000] {processor.py:830} INFO - Processing file /home/airflow/.local/lib/python3.8/site-packages/airflow/example_dags/example_latest_only_with_trigger.py for tasks to queue
[2024-01-29T13:08:33.173+0000] {logging_mixin.py:188} INFO - [2024-01-29T13:08:33.173+0000] {dagbag.py:538} INFO - Filling up the DagBag from /home/airflow/.local/lib/python3.8/site-packages/airflow/example_dags/example_latest_only_with_trigger.py
[2024-01-29T13:08:33.180+0000] {processor.py:840} INFO - DAG(s) 'latest_only_with_trigger' retrieved from /home/airflow/.local/lib/python3.8/site-packages/airflow/example_dags/example_latest_only_with_trigger.py
[2024-01-29T13:08:33.203+0000] {logging_mixin.py:188} INFO - [2024-01-29T13:08:33.203+0000] {dag.py:3036} INFO - Sync 1 DAGs
[2024-01-29T13:08:33.224+0000] {logging_mixin.py:188} INFO - [2024-01-29T13:08:33.224+0000] {dag.py:3823} INFO - Setting next_dagrun for latest_only_with_trigger to 2024-01-29 08:00:00+00:00, run_after=2024-01-29 12:00:00+00:00
[2024-01-29T13:08:33.244+0000] {processor.py:183} INFO - Processing /home/airflow/.local/lib/python3.8/site-packages/airflow/example_dags/example_latest_only_with_trigger.py took 0.080 seconds
[2024-01-29T13:09:04.084+0000] {processor.py:161} INFO - Started process (PID=2041) to work on /home/airflow/.local/lib/python3.8/site-packages/airflow/example_dags/example_latest_only_with_trigger.py
[2024-01-29T13:09:04.086+0000] {processor.py:830} INFO - Processing file /home/airflow/.local/lib/python3.8/site-packages/airflow/example_dags/example_latest_only_with_trigger.py for tasks to queue
[2024-01-29T13:09:04.088+0000] {logging_mixin.py:188} INFO - [2024-01-29T13:09:04.088+0000] {dagbag.py:538} INFO - Filling up the DagBag from /home/airflow/.local/lib/python3.8/site-packages/airflow/example_dags/example_latest_only_with_trigger.py
[2024-01-29T13:09:04.095+0000] {processor.py:840} INFO - DAG(s) 'latest_only_with_trigger' retrieved from /home/airflow/.local/lib/python3.8/site-packages/airflow/example_dags/example_latest_only_with_trigger.py
[2024-01-29T13:09:04.119+0000] {logging_mixin.py:188} INFO - [2024-01-29T13:09:04.118+0000] {dag.py:3036} INFO - Sync 1 DAGs
[2024-01-29T13:09:04.141+0000] {logging_mixin.py:188} INFO - [2024-01-29T13:09:04.141+0000] {dag.py:3823} INFO - Setting next_dagrun for latest_only_with_trigger to 2024-01-29 08:00:00+00:00, run_after=2024-01-29 12:00:00+00:00
[2024-01-29T13:09:04.159+0000] {processor.py:183} INFO - Processing /home/airflow/.local/lib/python3.8/site-packages/airflow/example_dags/example_latest_only_with_trigger.py took 0.082 seconds
[2024-01-29T13:09:35.019+0000] {processor.py:161} INFO - Started process (PID=2097) to work on /home/airflow/.local/lib/python3.8/site-packages/airflow/example_dags/example_latest_only_with_trigger.py
[2024-01-29T13:09:35.021+0000] {processor.py:830} INFO - Processing file /home/airflow/.local/lib/python3.8/site-packages/airflow/example_dags/example_latest_only_with_trigger.py for tasks to queue
[2024-01-29T13:09:35.023+0000] {logging_mixin.py:188} INFO - [2024-01-29T13:09:35.023+0000] {dagbag.py:538} INFO - Filling up the DagBag from /home/airflow/.local/lib/python3.8/site-packages/airflow/example_dags/example_latest_only_with_trigger.py
[2024-01-29T13:09:35.030+0000] {processor.py:840} INFO - DAG(s) 'latest_only_with_trigger' retrieved from /home/airflow/.local/lib/python3.8/site-packages/airflow/example_dags/example_latest_only_with_trigger.py
[2024-01-29T13:09:35.054+0000] {logging_mixin.py:188} INFO - [2024-01-29T13:09:35.054+0000] {dag.py:3036} INFO - Sync 1 DAGs
[2024-01-29T13:09:35.076+0000] {logging_mixin.py:188} INFO - [2024-01-29T13:09:35.076+0000] {dag.py:3823} INFO - Setting next_dagrun for latest_only_with_trigger to 2024-01-29 08:00:00+00:00, run_after=2024-01-29 12:00:00+00:00
[2024-01-29T13:09:35.096+0000] {processor.py:183} INFO - Processing /home/airflow/.local/lib/python3.8/site-packages/airflow/example_dags/example_latest_only_with_trigger.py took 0.086 seconds
[2024-01-29T13:10:05.990+0000] {processor.py:161} INFO - Started process (PID=2153) to work on /home/airflow/.local/lib/python3.8/site-packages/airflow/example_dags/example_latest_only_with_trigger.py
[2024-01-29T13:10:05.991+0000] {processor.py:830} INFO - Processing file /home/airflow/.local/lib/python3.8/site-packages/airflow/example_dags/example_latest_only_with_trigger.py for tasks to queue
[2024-01-29T13:10:05.993+0000] {logging_mixin.py:188} INFO - [2024-01-29T13:10:05.993+0000] {dagbag.py:538} INFO - Filling up the DagBag from /home/airflow/.local/lib/python3.8/site-packages/airflow/example_dags/example_latest_only_with_trigger.py
[2024-01-29T13:10:06.000+0000] {processor.py:840} INFO - DAG(s) 'latest_only_with_trigger' retrieved from /home/airflow/.local/lib/python3.8/site-packages/airflow/example_dags/example_latest_only_with_trigger.py
[2024-01-29T13:10:06.024+0000] {logging_mixin.py:188} INFO - [2024-01-29T13:10:06.024+0000] {dag.py:3036} INFO - Sync 1 DAGs
[2024-01-29T13:10:06.047+0000] {logging_mixin.py:188} INFO - [2024-01-29T13:10:06.046+0000] {dag.py:3823} INFO - Setting next_dagrun for latest_only_with_trigger to 2024-01-29 08:00:00+00:00, run_after=2024-01-29 12:00:00+00:00
[2024-01-29T13:10:06.066+0000] {processor.py:183} INFO - Processing /home/airflow/.local/lib/python3.8/site-packages/airflow/example_dags/example_latest_only_with_trigger.py took 0.080 seconds
[2024-01-29T13:10:36.807+0000] {processor.py:161} INFO - Started process (PID=2209) to work on /home/airflow/.local/lib/python3.8/site-packages/airflow/example_dags/example_latest_only_with_trigger.py
[2024-01-29T13:10:36.809+0000] {processor.py:830} INFO - Processing file /home/airflow/.local/lib/python3.8/site-packages/airflow/example_dags/example_latest_only_with_trigger.py for tasks to queue
[2024-01-29T13:10:36.811+0000] {logging_mixin.py:188} INFO - [2024-01-29T13:10:36.810+0000] {dagbag.py:538} INFO - Filling up the DagBag from /home/airflow/.local/lib/python3.8/site-packages/airflow/example_dags/example_latest_only_with_trigger.py
[2024-01-29T13:10:36.818+0000] {processor.py:840} INFO - DAG(s) 'latest_only_with_trigger' retrieved from /home/airflow/.local/lib/python3.8/site-packages/airflow/example_dags/example_latest_only_with_trigger.py
[2024-01-29T13:10:36.842+0000] {logging_mixin.py:188} INFO - [2024-01-29T13:10:36.842+0000] {dag.py:3036} INFO - Sync 1 DAGs
[2024-01-29T13:10:36.864+0000] {logging_mixin.py:188} INFO - [2024-01-29T13:10:36.864+0000] {dag.py:3823} INFO - Setting next_dagrun for latest_only_with_trigger to 2024-01-29 08:00:00+00:00, run_after=2024-01-29 12:00:00+00:00
[2024-01-29T13:10:36.882+0000] {processor.py:183} INFO - Processing /home/airflow/.local/lib/python3.8/site-packages/airflow/example_dags/example_latest_only_with_trigger.py took 0.079 seconds
[2024-01-29T13:11:07.685+0000] {processor.py:161} INFO - Started process (PID=2265) to work on /home/airflow/.local/lib/python3.8/site-packages/airflow/example_dags/example_latest_only_with_trigger.py
[2024-01-29T13:11:07.687+0000] {processor.py:830} INFO - Processing file /home/airflow/.local/lib/python3.8/site-packages/airflow/example_dags/example_latest_only_with_trigger.py for tasks to queue
[2024-01-29T13:11:07.689+0000] {logging_mixin.py:188} INFO - [2024-01-29T13:11:07.688+0000] {dagbag.py:538} INFO - Filling up the DagBag from /home/airflow/.local/lib/python3.8/site-packages/airflow/example_dags/example_latest_only_with_trigger.py
[2024-01-29T13:11:07.696+0000] {processor.py:840} INFO - DAG(s) 'latest_only_with_trigger' retrieved from /home/airflow/.local/lib/python3.8/site-packages/airflow/example_dags/example_latest_only_with_trigger.py
[2024-01-29T13:11:07.724+0000] {logging_mixin.py:188} INFO - [2024-01-29T13:11:07.724+0000] {dag.py:3036} INFO - Sync 1 DAGs
[2024-01-29T13:11:07.746+0000] {logging_mixin.py:188} INFO - [2024-01-29T13:11:07.745+0000] {dag.py:3823} INFO - Setting next_dagrun for latest_only_with_trigger to 2024-01-29 08:00:00+00:00, run_after=2024-01-29 12:00:00+00:00
[2024-01-29T13:11:07.764+0000] {processor.py:183} INFO - Processing /home/airflow/.local/lib/python3.8/site-packages/airflow/example_dags/example_latest_only_with_trigger.py took 0.083 seconds
[2024-01-29T13:11:37.906+0000] {processor.py:161} INFO - Started process (PID=2321) to work on /home/airflow/.local/lib/python3.8/site-packages/airflow/example_dags/example_latest_only_with_trigger.py
[2024-01-29T13:11:37.908+0000] {processor.py:830} INFO - Processing file /home/airflow/.local/lib/python3.8/site-packages/airflow/example_dags/example_latest_only_with_trigger.py for tasks to queue
[2024-01-29T13:11:37.911+0000] {logging_mixin.py:188} INFO - [2024-01-29T13:11:37.911+0000] {dagbag.py:538} INFO - Filling up the DagBag from /home/airflow/.local/lib/python3.8/site-packages/airflow/example_dags/example_latest_only_with_trigger.py
[2024-01-29T13:11:37.921+0000] {processor.py:840} INFO - DAG(s) 'latest_only_with_trigger' retrieved from /home/airflow/.local/lib/python3.8/site-packages/airflow/example_dags/example_latest_only_with_trigger.py
[2024-01-29T13:11:37.945+0000] {logging_mixin.py:188} INFO - [2024-01-29T13:11:37.944+0000] {dag.py:3036} INFO - Sync 1 DAGs
[2024-01-29T13:11:37.966+0000] {logging_mixin.py:188} INFO - [2024-01-29T13:11:37.966+0000] {dag.py:3823} INFO - Setting next_dagrun for latest_only_with_trigger to 2024-01-29 08:00:00+00:00, run_after=2024-01-29 12:00:00+00:00
[2024-01-29T13:11:37.985+0000] {processor.py:183} INFO - Processing /home/airflow/.local/lib/python3.8/site-packages/airflow/example_dags/example_latest_only_with_trigger.py took 0.087 seconds
[2024-01-29T13:12:08.085+0000] {processor.py:161} INFO - Started process (PID=2377) to work on /home/airflow/.local/lib/python3.8/site-packages/airflow/example_dags/example_latest_only_with_trigger.py
[2024-01-29T13:12:08.086+0000] {processor.py:830} INFO - Processing file /home/airflow/.local/lib/python3.8/site-packages/airflow/example_dags/example_latest_only_with_trigger.py for tasks to queue
[2024-01-29T13:12:08.088+0000] {logging_mixin.py:188} INFO - [2024-01-29T13:12:08.088+0000] {dagbag.py:538} INFO - Filling up the DagBag from /home/airflow/.local/lib/python3.8/site-packages/airflow/example_dags/example_latest_only_with_trigger.py
[2024-01-29T13:12:08.095+0000] {processor.py:840} INFO - DAG(s) 'latest_only_with_trigger' retrieved from /home/airflow/.local/lib/python3.8/site-packages/airflow/example_dags/example_latest_only_with_trigger.py
[2024-01-29T13:12:08.117+0000] {logging_mixin.py:188} INFO - [2024-01-29T13:12:08.117+0000] {dag.py:3036} INFO - Sync 1 DAGs
[2024-01-29T13:12:08.139+0000] {logging_mixin.py:188} INFO - [2024-01-29T13:12:08.139+0000] {dag.py:3823} INFO - Setting next_dagrun for latest_only_with_trigger to 2024-01-29 08:00:00+00:00, run_after=2024-01-29 12:00:00+00:00
[2024-01-29T13:12:08.158+0000] {processor.py:183} INFO - Processing /home/airflow/.local/lib/python3.8/site-packages/airflow/example_dags/example_latest_only_with_trigger.py took 0.076 seconds
[2024-01-29T13:17:26.643+0000] {processor.py:161} INFO - Started process (PID=2425) to work on /home/airflow/.local/lib/python3.8/site-packages/airflow/example_dags/example_latest_only_with_trigger.py
[2024-01-29T13:17:26.644+0000] {processor.py:830} INFO - Processing file /home/airflow/.local/lib/python3.8/site-packages/airflow/example_dags/example_latest_only_with_trigger.py for tasks to queue
[2024-01-29T13:17:26.646+0000] {logging_mixin.py:188} INFO - [2024-01-29T13:17:26.645+0000] {dagbag.py:538} INFO - Filling up the DagBag from /home/airflow/.local/lib/python3.8/site-packages/airflow/example_dags/example_latest_only_with_trigger.py
[2024-01-29T13:17:26.651+0000] {processor.py:840} INFO - DAG(s) 'latest_only_with_trigger' retrieved from /home/airflow/.local/lib/python3.8/site-packages/airflow/example_dags/example_latest_only_with_trigger.py
[2024-01-29T13:17:26.670+0000] {logging_mixin.py:188} INFO - [2024-01-29T13:17:26.670+0000] {dag.py:3036} INFO - Sync 1 DAGs
[2024-01-29T13:17:26.691+0000] {logging_mixin.py:188} INFO - [2024-01-29T13:17:26.690+0000] {dag.py:3823} INFO - Setting next_dagrun for latest_only_with_trigger to 2024-01-29 08:00:00+00:00, run_after=2024-01-29 12:00:00+00:00
[2024-01-29T13:17:26.707+0000] {processor.py:183} INFO - Processing /home/airflow/.local/lib/python3.8/site-packages/airflow/example_dags/example_latest_only_with_trigger.py took 0.067 seconds
[2024-01-29T13:17:57.739+0000] {processor.py:161} INFO - Started process (PID=2481) to work on /home/airflow/.local/lib/python3.8/site-packages/airflow/example_dags/example_latest_only_with_trigger.py
[2024-01-29T13:17:57.740+0000] {processor.py:830} INFO - Processing file /home/airflow/.local/lib/python3.8/site-packages/airflow/example_dags/example_latest_only_with_trigger.py for tasks to queue
[2024-01-29T13:17:57.742+0000] {logging_mixin.py:188} INFO - [2024-01-29T13:17:57.742+0000] {dagbag.py:538} INFO - Filling up the DagBag from /home/airflow/.local/lib/python3.8/site-packages/airflow/example_dags/example_latest_only_with_trigger.py
[2024-01-29T13:17:57.748+0000] {processor.py:840} INFO - DAG(s) 'latest_only_with_trigger' retrieved from /home/airflow/.local/lib/python3.8/site-packages/airflow/example_dags/example_latest_only_with_trigger.py
[2024-01-29T13:17:57.775+0000] {logging_mixin.py:188} INFO - [2024-01-29T13:17:57.775+0000] {dag.py:3036} INFO - Sync 1 DAGs
[2024-01-29T13:17:57.812+0000] {logging_mixin.py:188} INFO - [2024-01-29T13:17:57.811+0000] {dag.py:3823} INFO - Setting next_dagrun for latest_only_with_trigger to 2024-01-29 08:00:00+00:00, run_after=2024-01-29 12:00:00+00:00
[2024-01-29T13:17:57.835+0000] {processor.py:183} INFO - Processing /home/airflow/.local/lib/python3.8/site-packages/airflow/example_dags/example_latest_only_with_trigger.py took 0.100 seconds
[2024-01-29T13:18:28.226+0000] {processor.py:161} INFO - Started process (PID=2537) to work on /home/airflow/.local/lib/python3.8/site-packages/airflow/example_dags/example_latest_only_with_trigger.py
[2024-01-29T13:18:28.227+0000] {processor.py:830} INFO - Processing file /home/airflow/.local/lib/python3.8/site-packages/airflow/example_dags/example_latest_only_with_trigger.py for tasks to queue
[2024-01-29T13:18:28.229+0000] {logging_mixin.py:188} INFO - [2024-01-29T13:18:28.229+0000] {dagbag.py:538} INFO - Filling up the DagBag from /home/airflow/.local/lib/python3.8/site-packages/airflow/example_dags/example_latest_only_with_trigger.py
[2024-01-29T13:18:28.236+0000] {processor.py:840} INFO - DAG(s) 'latest_only_with_trigger' retrieved from /home/airflow/.local/lib/python3.8/site-packages/airflow/example_dags/example_latest_only_with_trigger.py
[2024-01-29T13:18:28.260+0000] {logging_mixin.py:188} INFO - [2024-01-29T13:18:28.259+0000] {dag.py:3036} INFO - Sync 1 DAGs
[2024-01-29T13:18:28.287+0000] {logging_mixin.py:188} INFO - [2024-01-29T13:18:28.286+0000] {dag.py:3823} INFO - Setting next_dagrun for latest_only_with_trigger to 2024-01-29 08:00:00+00:00, run_after=2024-01-29 12:00:00+00:00
[2024-01-29T13:18:28.310+0000] {processor.py:183} INFO - Processing /home/airflow/.local/lib/python3.8/site-packages/airflow/example_dags/example_latest_only_with_trigger.py took 0.088 seconds
