[2024-01-29T12:41:04.932+0000] {processor.py:161} INFO - Started process (PID=35) to work on /home/airflow/.local/lib/python3.8/site-packages/airflow/example_dags/example_branch_operator.py
[2024-01-29T12:41:04.934+0000] {processor.py:830} INFO - Processing file /home/airflow/.local/lib/python3.8/site-packages/airflow/example_dags/example_branch_operator.py for tasks to queue
[2024-01-29T12:41:04.937+0000] {logging_mixin.py:188} INFO - [2024-01-29T12:41:04.936+0000] {dagbag.py:538} INFO - Filling up the DagBag from /home/airflow/.local/lib/python3.8/site-packages/airflow/example_dags/example_branch_operator.py
[2024-01-29T12:41:04.985+0000] {processor.py:840} INFO - DAG(s) 'example_branch_operator' retrieved from /home/airflow/.local/lib/python3.8/site-packages/airflow/example_dags/example_branch_operator.py
[2024-01-29T12:41:05.213+0000] {logging_mixin.py:188} INFO - [2024-01-29T12:41:05.213+0000] {override.py:1769} INFO - Created Permission View: can read on DAG:example_branch_operator
[2024-01-29T12:41:05.224+0000] {logging_mixin.py:188} INFO - [2024-01-29T12:41:05.224+0000] {override.py:1769} INFO - Created Permission View: can edit on DAG:example_branch_operator
[2024-01-29T12:41:05.232+0000] {logging_mixin.py:188} INFO - [2024-01-29T12:41:05.231+0000] {override.py:1769} INFO - Created Permission View: can delete on DAG:example_branch_operator
[2024-01-29T12:41:05.232+0000] {logging_mixin.py:188} INFO - [2024-01-29T12:41:05.232+0000] {dag.py:3036} INFO - Sync 1 DAGs
[2024-01-29T12:41:05.244+0000] {logging_mixin.py:188} INFO - [2024-01-29T12:41:05.244+0000] {dag.py:3058} INFO - Creating ORM DAG for example_branch_operator
[2024-01-29T12:41:05.256+0000] {logging_mixin.py:188} INFO - [2024-01-29T12:41:05.256+0000] {dag.py:3823} INFO - Setting next_dagrun for example_branch_operator to 2024-01-28 00:00:00+00:00, run_after=2024-01-29 00:00:00+00:00
[2024-01-29T12:41:05.286+0000] {processor.py:183} INFO - Processing /home/airflow/.local/lib/python3.8/site-packages/airflow/example_dags/example_branch_operator.py took 0.359 seconds
[2024-01-29T12:41:35.341+0000] {processor.py:161} INFO - Started process (PID=89) to work on /home/airflow/.local/lib/python3.8/site-packages/airflow/example_dags/example_branch_operator.py
[2024-01-29T12:41:35.343+0000] {processor.py:830} INFO - Processing file /home/airflow/.local/lib/python3.8/site-packages/airflow/example_dags/example_branch_operator.py for tasks to queue
[2024-01-29T12:41:35.346+0000] {logging_mixin.py:188} INFO - [2024-01-29T12:41:35.345+0000] {dagbag.py:538} INFO - Filling up the DagBag from /home/airflow/.local/lib/python3.8/site-packages/airflow/example_dags/example_branch_operator.py
[2024-01-29T12:41:35.374+0000] {processor.py:840} INFO - DAG(s) 'example_branch_operator' retrieved from /home/airflow/.local/lib/python3.8/site-packages/airflow/example_dags/example_branch_operator.py
[2024-01-29T12:41:35.414+0000] {logging_mixin.py:188} INFO - [2024-01-29T12:41:35.414+0000] {dag.py:3036} INFO - Sync 1 DAGs
[2024-01-29T12:41:35.446+0000] {logging_mixin.py:188} INFO - [2024-01-29T12:41:35.446+0000] {dag.py:3823} INFO - Setting next_dagrun for example_branch_operator to 2024-01-28 00:00:00+00:00, run_after=2024-01-29 00:00:00+00:00
[2024-01-29T12:41:35.469+0000] {processor.py:183} INFO - Processing /home/airflow/.local/lib/python3.8/site-packages/airflow/example_dags/example_branch_operator.py took 0.132 seconds
[2024-01-29T12:51:13.587+0000] {processor.py:161} INFO - Started process (PID=36) to work on /home/airflow/.local/lib/python3.8/site-packages/airflow/example_dags/example_branch_operator.py
[2024-01-29T12:51:13.588+0000] {processor.py:830} INFO - Processing file /home/airflow/.local/lib/python3.8/site-packages/airflow/example_dags/example_branch_operator.py for tasks to queue
[2024-01-29T12:51:13.589+0000] {logging_mixin.py:188} INFO - [2024-01-29T12:51:13.589+0000] {dagbag.py:538} INFO - Filling up the DagBag from /home/airflow/.local/lib/python3.8/site-packages/airflow/example_dags/example_branch_operator.py
[2024-01-29T12:51:13.614+0000] {processor.py:840} INFO - DAG(s) 'example_branch_operator' retrieved from /home/airflow/.local/lib/python3.8/site-packages/airflow/example_dags/example_branch_operator.py
[2024-01-29T12:51:13.626+0000] {logging_mixin.py:188} INFO - [2024-01-29T12:51:13.625+0000] {dag.py:3036} INFO - Sync 1 DAGs
[2024-01-29T12:51:13.649+0000] {logging_mixin.py:188} INFO - [2024-01-29T12:51:13.649+0000] {dag.py:3823} INFO - Setting next_dagrun for example_branch_operator to 2024-01-28 00:00:00+00:00, run_after=2024-01-29 00:00:00+00:00
[2024-01-29T12:51:13.667+0000] {processor.py:183} INFO - Processing /home/airflow/.local/lib/python3.8/site-packages/airflow/example_dags/example_branch_operator.py took 0.083 seconds
[2024-01-29T12:51:44.103+0000] {processor.py:161} INFO - Started process (PID=92) to work on /home/airflow/.local/lib/python3.8/site-packages/airflow/example_dags/example_branch_operator.py
[2024-01-29T12:51:44.104+0000] {processor.py:830} INFO - Processing file /home/airflow/.local/lib/python3.8/site-packages/airflow/example_dags/example_branch_operator.py for tasks to queue
[2024-01-29T12:51:44.106+0000] {logging_mixin.py:188} INFO - [2024-01-29T12:51:44.105+0000] {dagbag.py:538} INFO - Filling up the DagBag from /home/airflow/.local/lib/python3.8/site-packages/airflow/example_dags/example_branch_operator.py
[2024-01-29T12:51:44.128+0000] {processor.py:840} INFO - DAG(s) 'example_branch_operator' retrieved from /home/airflow/.local/lib/python3.8/site-packages/airflow/example_dags/example_branch_operator.py
[2024-01-29T12:51:44.285+0000] {logging_mixin.py:188} INFO - [2024-01-29T12:51:44.285+0000] {dag.py:3036} INFO - Sync 1 DAGs
[2024-01-29T12:51:44.306+0000] {logging_mixin.py:188} INFO - [2024-01-29T12:51:44.305+0000] {dag.py:3823} INFO - Setting next_dagrun for example_branch_operator to 2024-01-28 00:00:00+00:00, run_after=2024-01-29 00:00:00+00:00
[2024-01-29T12:51:44.325+0000] {processor.py:183} INFO - Processing /home/airflow/.local/lib/python3.8/site-packages/airflow/example_dags/example_branch_operator.py took 0.226 seconds
[2024-01-29T12:52:14.511+0000] {processor.py:161} INFO - Started process (PID=148) to work on /home/airflow/.local/lib/python3.8/site-packages/airflow/example_dags/example_branch_operator.py
[2024-01-29T12:52:14.511+0000] {processor.py:830} INFO - Processing file /home/airflow/.local/lib/python3.8/site-packages/airflow/example_dags/example_branch_operator.py for tasks to queue
[2024-01-29T12:52:14.513+0000] {logging_mixin.py:188} INFO - [2024-01-29T12:52:14.513+0000] {dagbag.py:538} INFO - Filling up the DagBag from /home/airflow/.local/lib/python3.8/site-packages/airflow/example_dags/example_branch_operator.py
[2024-01-29T12:52:14.529+0000] {processor.py:840} INFO - DAG(s) 'example_branch_operator' retrieved from /home/airflow/.local/lib/python3.8/site-packages/airflow/example_dags/example_branch_operator.py
[2024-01-29T12:52:14.555+0000] {logging_mixin.py:188} INFO - [2024-01-29T12:52:14.555+0000] {dag.py:3036} INFO - Sync 1 DAGs
[2024-01-29T12:52:14.576+0000] {logging_mixin.py:188} INFO - [2024-01-29T12:52:14.576+0000] {dag.py:3823} INFO - Setting next_dagrun for example_branch_operator to 2024-01-28 00:00:00+00:00, run_after=2024-01-29 00:00:00+00:00
[2024-01-29T12:52:14.593+0000] {processor.py:183} INFO - Processing /home/airflow/.local/lib/python3.8/site-packages/airflow/example_dags/example_branch_operator.py took 0.086 seconds
[2024-01-29T12:52:45.484+0000] {processor.py:161} INFO - Started process (PID=204) to work on /home/airflow/.local/lib/python3.8/site-packages/airflow/example_dags/example_branch_operator.py
[2024-01-29T12:52:45.485+0000] {processor.py:830} INFO - Processing file /home/airflow/.local/lib/python3.8/site-packages/airflow/example_dags/example_branch_operator.py for tasks to queue
[2024-01-29T12:52:45.486+0000] {logging_mixin.py:188} INFO - [2024-01-29T12:52:45.486+0000] {dagbag.py:538} INFO - Filling up the DagBag from /home/airflow/.local/lib/python3.8/site-packages/airflow/example_dags/example_branch_operator.py
[2024-01-29T12:52:45.503+0000] {processor.py:840} INFO - DAG(s) 'example_branch_operator' retrieved from /home/airflow/.local/lib/python3.8/site-packages/airflow/example_dags/example_branch_operator.py
[2024-01-29T12:52:45.529+0000] {logging_mixin.py:188} INFO - [2024-01-29T12:52:45.529+0000] {dag.py:3036} INFO - Sync 1 DAGs
[2024-01-29T12:52:45.551+0000] {logging_mixin.py:188} INFO - [2024-01-29T12:52:45.551+0000] {dag.py:3823} INFO - Setting next_dagrun for example_branch_operator to 2024-01-28 00:00:00+00:00, run_after=2024-01-29 00:00:00+00:00
[2024-01-29T12:52:45.568+0000] {processor.py:183} INFO - Processing /home/airflow/.local/lib/python3.8/site-packages/airflow/example_dags/example_branch_operator.py took 0.087 seconds
[2024-01-29T12:53:16.556+0000] {processor.py:161} INFO - Started process (PID=260) to work on /home/airflow/.local/lib/python3.8/site-packages/airflow/example_dags/example_branch_operator.py
[2024-01-29T12:53:16.557+0000] {processor.py:830} INFO - Processing file /home/airflow/.local/lib/python3.8/site-packages/airflow/example_dags/example_branch_operator.py for tasks to queue
[2024-01-29T12:53:16.559+0000] {logging_mixin.py:188} INFO - [2024-01-29T12:53:16.558+0000] {dagbag.py:538} INFO - Filling up the DagBag from /home/airflow/.local/lib/python3.8/site-packages/airflow/example_dags/example_branch_operator.py
[2024-01-29T12:53:16.575+0000] {processor.py:840} INFO - DAG(s) 'example_branch_operator' retrieved from /home/airflow/.local/lib/python3.8/site-packages/airflow/example_dags/example_branch_operator.py
[2024-01-29T12:53:16.602+0000] {logging_mixin.py:188} INFO - [2024-01-29T12:53:16.602+0000] {dag.py:3036} INFO - Sync 1 DAGs
[2024-01-29T12:53:16.624+0000] {logging_mixin.py:188} INFO - [2024-01-29T12:53:16.624+0000] {dag.py:3823} INFO - Setting next_dagrun for example_branch_operator to 2024-01-28 00:00:00+00:00, run_after=2024-01-29 00:00:00+00:00
[2024-01-29T12:53:16.641+0000] {processor.py:183} INFO - Processing /home/airflow/.local/lib/python3.8/site-packages/airflow/example_dags/example_branch_operator.py took 0.087 seconds
[2024-01-29T12:53:46.707+0000] {processor.py:161} INFO - Started process (PID=316) to work on /home/airflow/.local/lib/python3.8/site-packages/airflow/example_dags/example_branch_operator.py
[2024-01-29T12:53:46.708+0000] {processor.py:830} INFO - Processing file /home/airflow/.local/lib/python3.8/site-packages/airflow/example_dags/example_branch_operator.py for tasks to queue
[2024-01-29T12:53:46.709+0000] {logging_mixin.py:188} INFO - [2024-01-29T12:53:46.709+0000] {dagbag.py:538} INFO - Filling up the DagBag from /home/airflow/.local/lib/python3.8/site-packages/airflow/example_dags/example_branch_operator.py
[2024-01-29T12:53:46.725+0000] {processor.py:840} INFO - DAG(s) 'example_branch_operator' retrieved from /home/airflow/.local/lib/python3.8/site-packages/airflow/example_dags/example_branch_operator.py
[2024-01-29T12:53:46.751+0000] {logging_mixin.py:188} INFO - [2024-01-29T12:53:46.751+0000] {dag.py:3036} INFO - Sync 1 DAGs
[2024-01-29T12:53:46.772+0000] {logging_mixin.py:188} INFO - [2024-01-29T12:53:46.772+0000] {dag.py:3823} INFO - Setting next_dagrun for example_branch_operator to 2024-01-28 00:00:00+00:00, run_after=2024-01-29 00:00:00+00:00
[2024-01-29T12:53:46.791+0000] {processor.py:183} INFO - Processing /home/airflow/.local/lib/python3.8/site-packages/airflow/example_dags/example_branch_operator.py took 0.087 seconds
[2024-01-29T12:54:17.008+0000] {processor.py:161} INFO - Started process (PID=372) to work on /home/airflow/.local/lib/python3.8/site-packages/airflow/example_dags/example_branch_operator.py
[2024-01-29T12:54:17.009+0000] {processor.py:830} INFO - Processing file /home/airflow/.local/lib/python3.8/site-packages/airflow/example_dags/example_branch_operator.py for tasks to queue
[2024-01-29T12:54:17.011+0000] {logging_mixin.py:188} INFO - [2024-01-29T12:54:17.010+0000] {dagbag.py:538} INFO - Filling up the DagBag from /home/airflow/.local/lib/python3.8/site-packages/airflow/example_dags/example_branch_operator.py
[2024-01-29T12:54:17.028+0000] {processor.py:840} INFO - DAG(s) 'example_branch_operator' retrieved from /home/airflow/.local/lib/python3.8/site-packages/airflow/example_dags/example_branch_operator.py
[2024-01-29T12:54:17.054+0000] {logging_mixin.py:188} INFO - [2024-01-29T12:54:17.054+0000] {dag.py:3036} INFO - Sync 1 DAGs
[2024-01-29T12:54:17.075+0000] {logging_mixin.py:188} INFO - [2024-01-29T12:54:17.075+0000] {dag.py:3823} INFO - Setting next_dagrun for example_branch_operator to 2024-01-28 00:00:00+00:00, run_after=2024-01-29 00:00:00+00:00
[2024-01-29T12:54:17.095+0000] {processor.py:183} INFO - Processing /home/airflow/.local/lib/python3.8/site-packages/airflow/example_dags/example_branch_operator.py took 0.090 seconds
[2024-01-29T12:54:47.267+0000] {processor.py:161} INFO - Started process (PID=428) to work on /home/airflow/.local/lib/python3.8/site-packages/airflow/example_dags/example_branch_operator.py
[2024-01-29T12:54:47.268+0000] {processor.py:830} INFO - Processing file /home/airflow/.local/lib/python3.8/site-packages/airflow/example_dags/example_branch_operator.py for tasks to queue
[2024-01-29T12:54:47.269+0000] {logging_mixin.py:188} INFO - [2024-01-29T12:54:47.269+0000] {dagbag.py:538} INFO - Filling up the DagBag from /home/airflow/.local/lib/python3.8/site-packages/airflow/example_dags/example_branch_operator.py
[2024-01-29T12:54:47.285+0000] {processor.py:840} INFO - DAG(s) 'example_branch_operator' retrieved from /home/airflow/.local/lib/python3.8/site-packages/airflow/example_dags/example_branch_operator.py
[2024-01-29T12:54:47.311+0000] {logging_mixin.py:188} INFO - [2024-01-29T12:54:47.311+0000] {dag.py:3036} INFO - Sync 1 DAGs
[2024-01-29T12:54:47.332+0000] {logging_mixin.py:188} INFO - [2024-01-29T12:54:47.331+0000] {dag.py:3823} INFO - Setting next_dagrun for example_branch_operator to 2024-01-28 00:00:00+00:00, run_after=2024-01-29 00:00:00+00:00
[2024-01-29T12:54:47.348+0000] {processor.py:183} INFO - Processing /home/airflow/.local/lib/python3.8/site-packages/airflow/example_dags/example_branch_operator.py took 0.084 seconds
[2024-01-29T12:55:17.498+0000] {processor.py:161} INFO - Started process (PID=484) to work on /home/airflow/.local/lib/python3.8/site-packages/airflow/example_dags/example_branch_operator.py
[2024-01-29T12:55:17.499+0000] {processor.py:830} INFO - Processing file /home/airflow/.local/lib/python3.8/site-packages/airflow/example_dags/example_branch_operator.py for tasks to queue
[2024-01-29T12:55:17.501+0000] {logging_mixin.py:188} INFO - [2024-01-29T12:55:17.500+0000] {dagbag.py:538} INFO - Filling up the DagBag from /home/airflow/.local/lib/python3.8/site-packages/airflow/example_dags/example_branch_operator.py
[2024-01-29T12:55:17.532+0000] {processor.py:840} INFO - DAG(s) 'example_branch_operator' retrieved from /home/airflow/.local/lib/python3.8/site-packages/airflow/example_dags/example_branch_operator.py
[2024-01-29T12:55:17.569+0000] {logging_mixin.py:188} INFO - [2024-01-29T12:55:17.569+0000] {dag.py:3036} INFO - Sync 1 DAGs
[2024-01-29T12:55:17.601+0000] {logging_mixin.py:188} INFO - [2024-01-29T12:55:17.601+0000] {dag.py:3823} INFO - Setting next_dagrun for example_branch_operator to 2024-01-28 00:00:00+00:00, run_after=2024-01-29 00:00:00+00:00
[2024-01-29T12:55:17.625+0000] {processor.py:183} INFO - Processing /home/airflow/.local/lib/python3.8/site-packages/airflow/example_dags/example_branch_operator.py took 0.131 seconds
[2024-01-29T12:55:47.818+0000] {processor.py:161} INFO - Started process (PID=540) to work on /home/airflow/.local/lib/python3.8/site-packages/airflow/example_dags/example_branch_operator.py
[2024-01-29T12:55:47.819+0000] {processor.py:830} INFO - Processing file /home/airflow/.local/lib/python3.8/site-packages/airflow/example_dags/example_branch_operator.py for tasks to queue
[2024-01-29T12:55:47.821+0000] {logging_mixin.py:188} INFO - [2024-01-29T12:55:47.821+0000] {dagbag.py:538} INFO - Filling up the DagBag from /home/airflow/.local/lib/python3.8/site-packages/airflow/example_dags/example_branch_operator.py
[2024-01-29T12:55:47.837+0000] {processor.py:840} INFO - DAG(s) 'example_branch_operator' retrieved from /home/airflow/.local/lib/python3.8/site-packages/airflow/example_dags/example_branch_operator.py
[2024-01-29T12:55:47.864+0000] {logging_mixin.py:188} INFO - [2024-01-29T12:55:47.864+0000] {dag.py:3036} INFO - Sync 1 DAGs
[2024-01-29T12:55:47.886+0000] {logging_mixin.py:188} INFO - [2024-01-29T12:55:47.886+0000] {dag.py:3823} INFO - Setting next_dagrun for example_branch_operator to 2024-01-28 00:00:00+00:00, run_after=2024-01-29 00:00:00+00:00
[2024-01-29T12:55:47.904+0000] {processor.py:183} INFO - Processing /home/airflow/.local/lib/python3.8/site-packages/airflow/example_dags/example_branch_operator.py took 0.089 seconds
[2024-01-29T12:56:18.272+0000] {processor.py:161} INFO - Started process (PID=596) to work on /home/airflow/.local/lib/python3.8/site-packages/airflow/example_dags/example_branch_operator.py
[2024-01-29T12:56:18.274+0000] {processor.py:830} INFO - Processing file /home/airflow/.local/lib/python3.8/site-packages/airflow/example_dags/example_branch_operator.py for tasks to queue
[2024-01-29T12:56:18.275+0000] {logging_mixin.py:188} INFO - [2024-01-29T12:56:18.275+0000] {dagbag.py:538} INFO - Filling up the DagBag from /home/airflow/.local/lib/python3.8/site-packages/airflow/example_dags/example_branch_operator.py
[2024-01-29T12:56:18.292+0000] {processor.py:840} INFO - DAG(s) 'example_branch_operator' retrieved from /home/airflow/.local/lib/python3.8/site-packages/airflow/example_dags/example_branch_operator.py
[2024-01-29T12:56:18.318+0000] {logging_mixin.py:188} INFO - [2024-01-29T12:56:18.317+0000] {dag.py:3036} INFO - Sync 1 DAGs
[2024-01-29T12:56:18.339+0000] {logging_mixin.py:188} INFO - [2024-01-29T12:56:18.339+0000] {dag.py:3823} INFO - Setting next_dagrun for example_branch_operator to 2024-01-28 00:00:00+00:00, run_after=2024-01-29 00:00:00+00:00
[2024-01-29T12:56:18.357+0000] {processor.py:183} INFO - Processing /home/airflow/.local/lib/python3.8/site-packages/airflow/example_dags/example_branch_operator.py took 0.088 seconds
[2024-01-29T12:56:48.513+0000] {processor.py:161} INFO - Started process (PID=652) to work on /home/airflow/.local/lib/python3.8/site-packages/airflow/example_dags/example_branch_operator.py
[2024-01-29T12:56:48.514+0000] {processor.py:830} INFO - Processing file /home/airflow/.local/lib/python3.8/site-packages/airflow/example_dags/example_branch_operator.py for tasks to queue
[2024-01-29T12:56:48.516+0000] {logging_mixin.py:188} INFO - [2024-01-29T12:56:48.515+0000] {dagbag.py:538} INFO - Filling up the DagBag from /home/airflow/.local/lib/python3.8/site-packages/airflow/example_dags/example_branch_operator.py
[2024-01-29T12:56:48.533+0000] {processor.py:840} INFO - DAG(s) 'example_branch_operator' retrieved from /home/airflow/.local/lib/python3.8/site-packages/airflow/example_dags/example_branch_operator.py
[2024-01-29T12:56:48.559+0000] {logging_mixin.py:188} INFO - [2024-01-29T12:56:48.559+0000] {dag.py:3036} INFO - Sync 1 DAGs
[2024-01-29T12:56:48.580+0000] {logging_mixin.py:188} INFO - [2024-01-29T12:56:48.580+0000] {dag.py:3823} INFO - Setting next_dagrun for example_branch_operator to 2024-01-28 00:00:00+00:00, run_after=2024-01-29 00:00:00+00:00
[2024-01-29T12:56:48.597+0000] {processor.py:183} INFO - Processing /home/airflow/.local/lib/python3.8/site-packages/airflow/example_dags/example_branch_operator.py took 0.087 seconds
[2024-01-29T12:57:18.679+0000] {processor.py:161} INFO - Started process (PID=708) to work on /home/airflow/.local/lib/python3.8/site-packages/airflow/example_dags/example_branch_operator.py
[2024-01-29T12:57:18.680+0000] {processor.py:830} INFO - Processing file /home/airflow/.local/lib/python3.8/site-packages/airflow/example_dags/example_branch_operator.py for tasks to queue
[2024-01-29T12:57:18.681+0000] {logging_mixin.py:188} INFO - [2024-01-29T12:57:18.681+0000] {dagbag.py:538} INFO - Filling up the DagBag from /home/airflow/.local/lib/python3.8/site-packages/airflow/example_dags/example_branch_operator.py
[2024-01-29T12:57:18.697+0000] {processor.py:840} INFO - DAG(s) 'example_branch_operator' retrieved from /home/airflow/.local/lib/python3.8/site-packages/airflow/example_dags/example_branch_operator.py
[2024-01-29T12:57:18.724+0000] {logging_mixin.py:188} INFO - [2024-01-29T12:57:18.724+0000] {dag.py:3036} INFO - Sync 1 DAGs
[2024-01-29T12:57:18.745+0000] {logging_mixin.py:188} INFO - [2024-01-29T12:57:18.745+0000] {dag.py:3823} INFO - Setting next_dagrun for example_branch_operator to 2024-01-28 00:00:00+00:00, run_after=2024-01-29 00:00:00+00:00
[2024-01-29T12:57:18.764+0000] {processor.py:183} INFO - Processing /home/airflow/.local/lib/python3.8/site-packages/airflow/example_dags/example_branch_operator.py took 0.088 seconds
[2024-01-29T12:57:48.888+0000] {processor.py:161} INFO - Started process (PID=764) to work on /home/airflow/.local/lib/python3.8/site-packages/airflow/example_dags/example_branch_operator.py
[2024-01-29T12:57:48.889+0000] {processor.py:830} INFO - Processing file /home/airflow/.local/lib/python3.8/site-packages/airflow/example_dags/example_branch_operator.py for tasks to queue
[2024-01-29T12:57:48.890+0000] {logging_mixin.py:188} INFO - [2024-01-29T12:57:48.890+0000] {dagbag.py:538} INFO - Filling up the DagBag from /home/airflow/.local/lib/python3.8/site-packages/airflow/example_dags/example_branch_operator.py
[2024-01-29T12:57:48.908+0000] {processor.py:840} INFO - DAG(s) 'example_branch_operator' retrieved from /home/airflow/.local/lib/python3.8/site-packages/airflow/example_dags/example_branch_operator.py
[2024-01-29T12:57:48.934+0000] {logging_mixin.py:188} INFO - [2024-01-29T12:57:48.934+0000] {dag.py:3036} INFO - Sync 1 DAGs
[2024-01-29T12:57:48.956+0000] {logging_mixin.py:188} INFO - [2024-01-29T12:57:48.956+0000] {dag.py:3823} INFO - Setting next_dagrun for example_branch_operator to 2024-01-28 00:00:00+00:00, run_after=2024-01-29 00:00:00+00:00
[2024-01-29T12:57:48.973+0000] {processor.py:183} INFO - Processing /home/airflow/.local/lib/python3.8/site-packages/airflow/example_dags/example_branch_operator.py took 0.088 seconds
[2024-01-29T12:58:19.115+0000] {processor.py:161} INFO - Started process (PID=820) to work on /home/airflow/.local/lib/python3.8/site-packages/airflow/example_dags/example_branch_operator.py
[2024-01-29T12:58:19.116+0000] {processor.py:830} INFO - Processing file /home/airflow/.local/lib/python3.8/site-packages/airflow/example_dags/example_branch_operator.py for tasks to queue
[2024-01-29T12:58:19.117+0000] {logging_mixin.py:188} INFO - [2024-01-29T12:58:19.117+0000] {dagbag.py:538} INFO - Filling up the DagBag from /home/airflow/.local/lib/python3.8/site-packages/airflow/example_dags/example_branch_operator.py
[2024-01-29T12:58:19.134+0000] {processor.py:840} INFO - DAG(s) 'example_branch_operator' retrieved from /home/airflow/.local/lib/python3.8/site-packages/airflow/example_dags/example_branch_operator.py
[2024-01-29T12:58:19.161+0000] {logging_mixin.py:188} INFO - [2024-01-29T12:58:19.161+0000] {dag.py:3036} INFO - Sync 1 DAGs
[2024-01-29T12:58:19.183+0000] {logging_mixin.py:188} INFO - [2024-01-29T12:58:19.182+0000] {dag.py:3823} INFO - Setting next_dagrun for example_branch_operator to 2024-01-28 00:00:00+00:00, run_after=2024-01-29 00:00:00+00:00
[2024-01-29T12:58:19.199+0000] {processor.py:183} INFO - Processing /home/airflow/.local/lib/python3.8/site-packages/airflow/example_dags/example_branch_operator.py took 0.087 seconds
[2024-01-29T12:58:49.687+0000] {processor.py:161} INFO - Started process (PID=876) to work on /home/airflow/.local/lib/python3.8/site-packages/airflow/example_dags/example_branch_operator.py
[2024-01-29T12:58:49.688+0000] {processor.py:830} INFO - Processing file /home/airflow/.local/lib/python3.8/site-packages/airflow/example_dags/example_branch_operator.py for tasks to queue
[2024-01-29T12:58:49.689+0000] {logging_mixin.py:188} INFO - [2024-01-29T12:58:49.689+0000] {dagbag.py:538} INFO - Filling up the DagBag from /home/airflow/.local/lib/python3.8/site-packages/airflow/example_dags/example_branch_operator.py
[2024-01-29T12:58:49.706+0000] {processor.py:840} INFO - DAG(s) 'example_branch_operator' retrieved from /home/airflow/.local/lib/python3.8/site-packages/airflow/example_dags/example_branch_operator.py
[2024-01-29T12:58:49.732+0000] {logging_mixin.py:188} INFO - [2024-01-29T12:58:49.732+0000] {dag.py:3036} INFO - Sync 1 DAGs
[2024-01-29T12:58:49.754+0000] {logging_mixin.py:188} INFO - [2024-01-29T12:58:49.754+0000] {dag.py:3823} INFO - Setting next_dagrun for example_branch_operator to 2024-01-28 00:00:00+00:00, run_after=2024-01-29 00:00:00+00:00
[2024-01-29T12:58:49.771+0000] {processor.py:183} INFO - Processing /home/airflow/.local/lib/python3.8/site-packages/airflow/example_dags/example_branch_operator.py took 0.087 seconds
[2024-01-29T12:59:19.873+0000] {processor.py:161} INFO - Started process (PID=932) to work on /home/airflow/.local/lib/python3.8/site-packages/airflow/example_dags/example_branch_operator.py
[2024-01-29T12:59:19.874+0000] {processor.py:830} INFO - Processing file /home/airflow/.local/lib/python3.8/site-packages/airflow/example_dags/example_branch_operator.py for tasks to queue
[2024-01-29T12:59:19.876+0000] {logging_mixin.py:188} INFO - [2024-01-29T12:59:19.875+0000] {dagbag.py:538} INFO - Filling up the DagBag from /home/airflow/.local/lib/python3.8/site-packages/airflow/example_dags/example_branch_operator.py
[2024-01-29T12:59:19.893+0000] {processor.py:840} INFO - DAG(s) 'example_branch_operator' retrieved from /home/airflow/.local/lib/python3.8/site-packages/airflow/example_dags/example_branch_operator.py
[2024-01-29T12:59:19.921+0000] {logging_mixin.py:188} INFO - [2024-01-29T12:59:19.920+0000] {dag.py:3036} INFO - Sync 1 DAGs
[2024-01-29T12:59:19.943+0000] {logging_mixin.py:188} INFO - [2024-01-29T12:59:19.943+0000] {dag.py:3823} INFO - Setting next_dagrun for example_branch_operator to 2024-01-28 00:00:00+00:00, run_after=2024-01-29 00:00:00+00:00
[2024-01-29T12:59:19.960+0000] {processor.py:183} INFO - Processing /home/airflow/.local/lib/python3.8/site-packages/airflow/example_dags/example_branch_operator.py took 0.090 seconds
[2024-01-29T12:59:50.090+0000] {processor.py:161} INFO - Started process (PID=988) to work on /home/airflow/.local/lib/python3.8/site-packages/airflow/example_dags/example_branch_operator.py
[2024-01-29T12:59:50.090+0000] {processor.py:830} INFO - Processing file /home/airflow/.local/lib/python3.8/site-packages/airflow/example_dags/example_branch_operator.py for tasks to queue
[2024-01-29T12:59:50.092+0000] {logging_mixin.py:188} INFO - [2024-01-29T12:59:50.092+0000] {dagbag.py:538} INFO - Filling up the DagBag from /home/airflow/.local/lib/python3.8/site-packages/airflow/example_dags/example_branch_operator.py
[2024-01-29T12:59:50.111+0000] {processor.py:840} INFO - DAG(s) 'example_branch_operator' retrieved from /home/airflow/.local/lib/python3.8/site-packages/airflow/example_dags/example_branch_operator.py
[2024-01-29T12:59:50.137+0000] {logging_mixin.py:188} INFO - [2024-01-29T12:59:50.137+0000] {dag.py:3036} INFO - Sync 1 DAGs
[2024-01-29T12:59:50.159+0000] {logging_mixin.py:188} INFO - [2024-01-29T12:59:50.158+0000] {dag.py:3823} INFO - Setting next_dagrun for example_branch_operator to 2024-01-28 00:00:00+00:00, run_after=2024-01-29 00:00:00+00:00
[2024-01-29T12:59:50.176+0000] {processor.py:183} INFO - Processing /home/airflow/.local/lib/python3.8/site-packages/airflow/example_dags/example_branch_operator.py took 0.089 seconds
[2024-01-29T13:00:20.242+0000] {processor.py:161} INFO - Started process (PID=1044) to work on /home/airflow/.local/lib/python3.8/site-packages/airflow/example_dags/example_branch_operator.py
[2024-01-29T13:00:20.243+0000] {processor.py:830} INFO - Processing file /home/airflow/.local/lib/python3.8/site-packages/airflow/example_dags/example_branch_operator.py for tasks to queue
[2024-01-29T13:00:20.245+0000] {logging_mixin.py:188} INFO - [2024-01-29T13:00:20.244+0000] {dagbag.py:538} INFO - Filling up the DagBag from /home/airflow/.local/lib/python3.8/site-packages/airflow/example_dags/example_branch_operator.py
[2024-01-29T13:00:20.261+0000] {processor.py:840} INFO - DAG(s) 'example_branch_operator' retrieved from /home/airflow/.local/lib/python3.8/site-packages/airflow/example_dags/example_branch_operator.py
[2024-01-29T13:00:20.287+0000] {logging_mixin.py:188} INFO - [2024-01-29T13:00:20.286+0000] {dag.py:3036} INFO - Sync 1 DAGs
[2024-01-29T13:00:20.311+0000] {logging_mixin.py:188} INFO - [2024-01-29T13:00:20.310+0000] {dag.py:3823} INFO - Setting next_dagrun for example_branch_operator to 2024-01-28 00:00:00+00:00, run_after=2024-01-29 00:00:00+00:00
[2024-01-29T13:00:20.328+0000] {processor.py:183} INFO - Processing /home/airflow/.local/lib/python3.8/site-packages/airflow/example_dags/example_branch_operator.py took 0.088 seconds
[2024-01-29T13:00:50.568+0000] {processor.py:161} INFO - Started process (PID=1100) to work on /home/airflow/.local/lib/python3.8/site-packages/airflow/example_dags/example_branch_operator.py
[2024-01-29T13:00:50.569+0000] {processor.py:830} INFO - Processing file /home/airflow/.local/lib/python3.8/site-packages/airflow/example_dags/example_branch_operator.py for tasks to queue
[2024-01-29T13:00:50.570+0000] {logging_mixin.py:188} INFO - [2024-01-29T13:00:50.570+0000] {dagbag.py:538} INFO - Filling up the DagBag from /home/airflow/.local/lib/python3.8/site-packages/airflow/example_dags/example_branch_operator.py
[2024-01-29T13:00:50.587+0000] {processor.py:840} INFO - DAG(s) 'example_branch_operator' retrieved from /home/airflow/.local/lib/python3.8/site-packages/airflow/example_dags/example_branch_operator.py
[2024-01-29T13:00:50.613+0000] {logging_mixin.py:188} INFO - [2024-01-29T13:00:50.612+0000] {dag.py:3036} INFO - Sync 1 DAGs
[2024-01-29T13:00:50.634+0000] {logging_mixin.py:188} INFO - [2024-01-29T13:00:50.634+0000] {dag.py:3823} INFO - Setting next_dagrun for example_branch_operator to 2024-01-28 00:00:00+00:00, run_after=2024-01-29 00:00:00+00:00
[2024-01-29T13:00:50.651+0000] {processor.py:183} INFO - Processing /home/airflow/.local/lib/python3.8/site-packages/airflow/example_dags/example_branch_operator.py took 0.086 seconds
[2024-01-29T13:01:20.973+0000] {processor.py:161} INFO - Started process (PID=1155) to work on /home/airflow/.local/lib/python3.8/site-packages/airflow/example_dags/example_branch_operator.py
[2024-01-29T13:01:20.973+0000] {processor.py:830} INFO - Processing file /home/airflow/.local/lib/python3.8/site-packages/airflow/example_dags/example_branch_operator.py for tasks to queue
[2024-01-29T13:01:20.975+0000] {logging_mixin.py:188} INFO - [2024-01-29T13:01:20.975+0000] {dagbag.py:538} INFO - Filling up the DagBag from /home/airflow/.local/lib/python3.8/site-packages/airflow/example_dags/example_branch_operator.py
[2024-01-29T13:01:20.991+0000] {processor.py:840} INFO - DAG(s) 'example_branch_operator' retrieved from /home/airflow/.local/lib/python3.8/site-packages/airflow/example_dags/example_branch_operator.py
[2024-01-29T13:01:21.017+0000] {logging_mixin.py:188} INFO - [2024-01-29T13:01:21.017+0000] {dag.py:3036} INFO - Sync 1 DAGs
[2024-01-29T13:01:21.039+0000] {logging_mixin.py:188} INFO - [2024-01-29T13:01:21.039+0000] {dag.py:3823} INFO - Setting next_dagrun for example_branch_operator to 2024-01-28 00:00:00+00:00, run_after=2024-01-29 00:00:00+00:00
[2024-01-29T13:01:21.057+0000] {processor.py:183} INFO - Processing /home/airflow/.local/lib/python3.8/site-packages/airflow/example_dags/example_branch_operator.py took 0.087 seconds
[2024-01-29T13:01:51.682+0000] {processor.py:161} INFO - Started process (PID=1211) to work on /home/airflow/.local/lib/python3.8/site-packages/airflow/example_dags/example_branch_operator.py
[2024-01-29T13:01:51.683+0000] {processor.py:830} INFO - Processing file /home/airflow/.local/lib/python3.8/site-packages/airflow/example_dags/example_branch_operator.py for tasks to queue
[2024-01-29T13:01:51.684+0000] {logging_mixin.py:188} INFO - [2024-01-29T13:01:51.684+0000] {dagbag.py:538} INFO - Filling up the DagBag from /home/airflow/.local/lib/python3.8/site-packages/airflow/example_dags/example_branch_operator.py
[2024-01-29T13:01:51.701+0000] {processor.py:840} INFO - DAG(s) 'example_branch_operator' retrieved from /home/airflow/.local/lib/python3.8/site-packages/airflow/example_dags/example_branch_operator.py
[2024-01-29T13:01:51.727+0000] {logging_mixin.py:188} INFO - [2024-01-29T13:01:51.727+0000] {dag.py:3036} INFO - Sync 1 DAGs
[2024-01-29T13:01:51.749+0000] {logging_mixin.py:188} INFO - [2024-01-29T13:01:51.748+0000] {dag.py:3823} INFO - Setting next_dagrun for example_branch_operator to 2024-01-28 00:00:00+00:00, run_after=2024-01-29 00:00:00+00:00
[2024-01-29T13:01:51.766+0000] {processor.py:183} INFO - Processing /home/airflow/.local/lib/python3.8/site-packages/airflow/example_dags/example_branch_operator.py took 0.087 seconds
[2024-01-29T13:02:21.806+0000] {processor.py:161} INFO - Started process (PID=1268) to work on /home/airflow/.local/lib/python3.8/site-packages/airflow/example_dags/example_branch_operator.py
[2024-01-29T13:02:21.806+0000] {processor.py:830} INFO - Processing file /home/airflow/.local/lib/python3.8/site-packages/airflow/example_dags/example_branch_operator.py for tasks to queue
[2024-01-29T13:02:21.808+0000] {logging_mixin.py:188} INFO - [2024-01-29T13:02:21.808+0000] {dagbag.py:538} INFO - Filling up the DagBag from /home/airflow/.local/lib/python3.8/site-packages/airflow/example_dags/example_branch_operator.py
[2024-01-29T13:02:21.824+0000] {processor.py:840} INFO - DAG(s) 'example_branch_operator' retrieved from /home/airflow/.local/lib/python3.8/site-packages/airflow/example_dags/example_branch_operator.py
[2024-01-29T13:02:21.854+0000] {logging_mixin.py:188} INFO - [2024-01-29T13:02:21.853+0000] {dag.py:3036} INFO - Sync 1 DAGs
[2024-01-29T13:02:21.877+0000] {logging_mixin.py:188} INFO - [2024-01-29T13:02:21.877+0000] {dag.py:3823} INFO - Setting next_dagrun for example_branch_operator to 2024-01-28 00:00:00+00:00, run_after=2024-01-29 00:00:00+00:00
[2024-01-29T13:02:21.896+0000] {processor.py:183} INFO - Processing /home/airflow/.local/lib/python3.8/site-packages/airflow/example_dags/example_branch_operator.py took 0.093 seconds
[2024-01-29T13:02:51.942+0000] {processor.py:161} INFO - Started process (PID=1324) to work on /home/airflow/.local/lib/python3.8/site-packages/airflow/example_dags/example_branch_operator.py
[2024-01-29T13:02:51.943+0000] {processor.py:830} INFO - Processing file /home/airflow/.local/lib/python3.8/site-packages/airflow/example_dags/example_branch_operator.py for tasks to queue
[2024-01-29T13:02:51.944+0000] {logging_mixin.py:188} INFO - [2024-01-29T13:02:51.944+0000] {dagbag.py:538} INFO - Filling up the DagBag from /home/airflow/.local/lib/python3.8/site-packages/airflow/example_dags/example_branch_operator.py
[2024-01-29T13:02:51.961+0000] {processor.py:840} INFO - DAG(s) 'example_branch_operator' retrieved from /home/airflow/.local/lib/python3.8/site-packages/airflow/example_dags/example_branch_operator.py
[2024-01-29T13:02:51.987+0000] {logging_mixin.py:188} INFO - [2024-01-29T13:02:51.987+0000] {dag.py:3036} INFO - Sync 1 DAGs
[2024-01-29T13:02:52.010+0000] {logging_mixin.py:188} INFO - [2024-01-29T13:02:52.009+0000] {dag.py:3823} INFO - Setting next_dagrun for example_branch_operator to 2024-01-28 00:00:00+00:00, run_after=2024-01-29 00:00:00+00:00
[2024-01-29T13:02:52.028+0000] {processor.py:183} INFO - Processing /home/airflow/.local/lib/python3.8/site-packages/airflow/example_dags/example_branch_operator.py took 0.089 seconds
[2024-01-29T13:03:22.432+0000] {processor.py:161} INFO - Started process (PID=1380) to work on /home/airflow/.local/lib/python3.8/site-packages/airflow/example_dags/example_branch_operator.py
[2024-01-29T13:03:22.433+0000] {processor.py:830} INFO - Processing file /home/airflow/.local/lib/python3.8/site-packages/airflow/example_dags/example_branch_operator.py for tasks to queue
[2024-01-29T13:03:22.434+0000] {logging_mixin.py:188} INFO - [2024-01-29T13:03:22.434+0000] {dagbag.py:538} INFO - Filling up the DagBag from /home/airflow/.local/lib/python3.8/site-packages/airflow/example_dags/example_branch_operator.py
[2024-01-29T13:03:22.451+0000] {processor.py:840} INFO - DAG(s) 'example_branch_operator' retrieved from /home/airflow/.local/lib/python3.8/site-packages/airflow/example_dags/example_branch_operator.py
[2024-01-29T13:03:22.476+0000] {logging_mixin.py:188} INFO - [2024-01-29T13:03:22.476+0000] {dag.py:3036} INFO - Sync 1 DAGs
[2024-01-29T13:03:22.499+0000] {logging_mixin.py:188} INFO - [2024-01-29T13:03:22.498+0000] {dag.py:3823} INFO - Setting next_dagrun for example_branch_operator to 2024-01-28 00:00:00+00:00, run_after=2024-01-29 00:00:00+00:00
[2024-01-29T13:03:22.516+0000] {processor.py:183} INFO - Processing /home/airflow/.local/lib/python3.8/site-packages/airflow/example_dags/example_branch_operator.py took 0.087 seconds
[2024-01-29T13:03:52.555+0000] {processor.py:161} INFO - Started process (PID=1436) to work on /home/airflow/.local/lib/python3.8/site-packages/airflow/example_dags/example_branch_operator.py
[2024-01-29T13:03:52.556+0000] {processor.py:830} INFO - Processing file /home/airflow/.local/lib/python3.8/site-packages/airflow/example_dags/example_branch_operator.py for tasks to queue
[2024-01-29T13:03:52.557+0000] {logging_mixin.py:188} INFO - [2024-01-29T13:03:52.557+0000] {dagbag.py:538} INFO - Filling up the DagBag from /home/airflow/.local/lib/python3.8/site-packages/airflow/example_dags/example_branch_operator.py
[2024-01-29T13:03:52.574+0000] {processor.py:840} INFO - DAG(s) 'example_branch_operator' retrieved from /home/airflow/.local/lib/python3.8/site-packages/airflow/example_dags/example_branch_operator.py
[2024-01-29T13:03:52.603+0000] {logging_mixin.py:188} INFO - [2024-01-29T13:03:52.603+0000] {dag.py:3036} INFO - Sync 1 DAGs
[2024-01-29T13:03:52.624+0000] {logging_mixin.py:188} INFO - [2024-01-29T13:03:52.624+0000] {dag.py:3823} INFO - Setting next_dagrun for example_branch_operator to 2024-01-28 00:00:00+00:00, run_after=2024-01-29 00:00:00+00:00
[2024-01-29T13:03:52.650+0000] {processor.py:183} INFO - Processing /home/airflow/.local/lib/python3.8/site-packages/airflow/example_dags/example_branch_operator.py took 0.098 seconds
[2024-01-29T13:04:22.709+0000] {processor.py:161} INFO - Started process (PID=1491) to work on /home/airflow/.local/lib/python3.8/site-packages/airflow/example_dags/example_branch_operator.py
[2024-01-29T13:04:22.710+0000] {processor.py:830} INFO - Processing file /home/airflow/.local/lib/python3.8/site-packages/airflow/example_dags/example_branch_operator.py for tasks to queue
[2024-01-29T13:04:22.712+0000] {logging_mixin.py:188} INFO - [2024-01-29T13:04:22.712+0000] {dagbag.py:538} INFO - Filling up the DagBag from /home/airflow/.local/lib/python3.8/site-packages/airflow/example_dags/example_branch_operator.py
[2024-01-29T13:04:22.728+0000] {processor.py:840} INFO - DAG(s) 'example_branch_operator' retrieved from /home/airflow/.local/lib/python3.8/site-packages/airflow/example_dags/example_branch_operator.py
[2024-01-29T13:04:22.754+0000] {logging_mixin.py:188} INFO - [2024-01-29T13:04:22.754+0000] {dag.py:3036} INFO - Sync 1 DAGs
[2024-01-29T13:04:22.776+0000] {logging_mixin.py:188} INFO - [2024-01-29T13:04:22.775+0000] {dag.py:3823} INFO - Setting next_dagrun for example_branch_operator to 2024-01-28 00:00:00+00:00, run_after=2024-01-29 00:00:00+00:00
[2024-01-29T13:04:22.792+0000] {processor.py:183} INFO - Processing /home/airflow/.local/lib/python3.8/site-packages/airflow/example_dags/example_branch_operator.py took 0.086 seconds
[2024-01-29T13:04:52.919+0000] {processor.py:161} INFO - Started process (PID=1547) to work on /home/airflow/.local/lib/python3.8/site-packages/airflow/example_dags/example_branch_operator.py
[2024-01-29T13:04:52.920+0000] {processor.py:830} INFO - Processing file /home/airflow/.local/lib/python3.8/site-packages/airflow/example_dags/example_branch_operator.py for tasks to queue
[2024-01-29T13:04:52.921+0000] {logging_mixin.py:188} INFO - [2024-01-29T13:04:52.921+0000] {dagbag.py:538} INFO - Filling up the DagBag from /home/airflow/.local/lib/python3.8/site-packages/airflow/example_dags/example_branch_operator.py
[2024-01-29T13:04:52.938+0000] {processor.py:840} INFO - DAG(s) 'example_branch_operator' retrieved from /home/airflow/.local/lib/python3.8/site-packages/airflow/example_dags/example_branch_operator.py
[2024-01-29T13:04:52.964+0000] {logging_mixin.py:188} INFO - [2024-01-29T13:04:52.964+0000] {dag.py:3036} INFO - Sync 1 DAGs
[2024-01-29T13:04:52.986+0000] {logging_mixin.py:188} INFO - [2024-01-29T13:04:52.986+0000] {dag.py:3823} INFO - Setting next_dagrun for example_branch_operator to 2024-01-28 00:00:00+00:00, run_after=2024-01-29 00:00:00+00:00
[2024-01-29T13:04:53.004+0000] {processor.py:183} INFO - Processing /home/airflow/.local/lib/python3.8/site-packages/airflow/example_dags/example_branch_operator.py took 0.088 seconds
[2024-01-29T13:05:23.044+0000] {processor.py:161} INFO - Started process (PID=1603) to work on /home/airflow/.local/lib/python3.8/site-packages/airflow/example_dags/example_branch_operator.py
[2024-01-29T13:05:23.045+0000] {processor.py:830} INFO - Processing file /home/airflow/.local/lib/python3.8/site-packages/airflow/example_dags/example_branch_operator.py for tasks to queue
[2024-01-29T13:05:23.047+0000] {logging_mixin.py:188} INFO - [2024-01-29T13:05:23.046+0000] {dagbag.py:538} INFO - Filling up the DagBag from /home/airflow/.local/lib/python3.8/site-packages/airflow/example_dags/example_branch_operator.py
[2024-01-29T13:05:23.064+0000] {processor.py:840} INFO - DAG(s) 'example_branch_operator' retrieved from /home/airflow/.local/lib/python3.8/site-packages/airflow/example_dags/example_branch_operator.py
[2024-01-29T13:05:23.092+0000] {logging_mixin.py:188} INFO - [2024-01-29T13:05:23.092+0000] {dag.py:3036} INFO - Sync 1 DAGs
[2024-01-29T13:05:23.120+0000] {logging_mixin.py:188} INFO - [2024-01-29T13:05:23.120+0000] {dag.py:3823} INFO - Setting next_dagrun for example_branch_operator to 2024-01-28 00:00:00+00:00, run_after=2024-01-29 00:00:00+00:00
[2024-01-29T13:05:23.138+0000] {processor.py:183} INFO - Processing /home/airflow/.local/lib/python3.8/site-packages/airflow/example_dags/example_branch_operator.py took 0.097 seconds
[2024-01-29T13:05:53.177+0000] {processor.py:161} INFO - Started process (PID=1659) to work on /home/airflow/.local/lib/python3.8/site-packages/airflow/example_dags/example_branch_operator.py
[2024-01-29T13:05:53.178+0000] {processor.py:830} INFO - Processing file /home/airflow/.local/lib/python3.8/site-packages/airflow/example_dags/example_branch_operator.py for tasks to queue
[2024-01-29T13:05:53.180+0000] {logging_mixin.py:188} INFO - [2024-01-29T13:05:53.179+0000] {dagbag.py:538} INFO - Filling up the DagBag from /home/airflow/.local/lib/python3.8/site-packages/airflow/example_dags/example_branch_operator.py
[2024-01-29T13:05:53.197+0000] {processor.py:840} INFO - DAG(s) 'example_branch_operator' retrieved from /home/airflow/.local/lib/python3.8/site-packages/airflow/example_dags/example_branch_operator.py
[2024-01-29T13:05:53.224+0000] {logging_mixin.py:188} INFO - [2024-01-29T13:05:53.224+0000] {dag.py:3036} INFO - Sync 1 DAGs
[2024-01-29T13:05:53.247+0000] {logging_mixin.py:188} INFO - [2024-01-29T13:05:53.246+0000] {dag.py:3823} INFO - Setting next_dagrun for example_branch_operator to 2024-01-28 00:00:00+00:00, run_after=2024-01-29 00:00:00+00:00
[2024-01-29T13:05:53.265+0000] {processor.py:183} INFO - Processing /home/airflow/.local/lib/python3.8/site-packages/airflow/example_dags/example_branch_operator.py took 0.091 seconds
[2024-01-29T13:06:23.413+0000] {processor.py:161} INFO - Started process (PID=1716) to work on /home/airflow/.local/lib/python3.8/site-packages/airflow/example_dags/example_branch_operator.py
[2024-01-29T13:06:23.413+0000] {processor.py:830} INFO - Processing file /home/airflow/.local/lib/python3.8/site-packages/airflow/example_dags/example_branch_operator.py for tasks to queue
[2024-01-29T13:06:23.415+0000] {logging_mixin.py:188} INFO - [2024-01-29T13:06:23.415+0000] {dagbag.py:538} INFO - Filling up the DagBag from /home/airflow/.local/lib/python3.8/site-packages/airflow/example_dags/example_branch_operator.py
[2024-01-29T13:06:23.432+0000] {processor.py:840} INFO - DAG(s) 'example_branch_operator' retrieved from /home/airflow/.local/lib/python3.8/site-packages/airflow/example_dags/example_branch_operator.py
[2024-01-29T13:06:23.458+0000] {logging_mixin.py:188} INFO - [2024-01-29T13:06:23.458+0000] {dag.py:3036} INFO - Sync 1 DAGs
[2024-01-29T13:06:23.479+0000] {logging_mixin.py:188} INFO - [2024-01-29T13:06:23.479+0000] {dag.py:3823} INFO - Setting next_dagrun for example_branch_operator to 2024-01-28 00:00:00+00:00, run_after=2024-01-29 00:00:00+00:00
[2024-01-29T13:06:23.496+0000] {processor.py:183} INFO - Processing /home/airflow/.local/lib/python3.8/site-packages/airflow/example_dags/example_branch_operator.py took 0.086 seconds
[2024-01-29T13:06:53.656+0000] {processor.py:161} INFO - Started process (PID=1772) to work on /home/airflow/.local/lib/python3.8/site-packages/airflow/example_dags/example_branch_operator.py
[2024-01-29T13:06:53.658+0000] {processor.py:830} INFO - Processing file /home/airflow/.local/lib/python3.8/site-packages/airflow/example_dags/example_branch_operator.py for tasks to queue
[2024-01-29T13:06:53.659+0000] {logging_mixin.py:188} INFO - [2024-01-29T13:06:53.659+0000] {dagbag.py:538} INFO - Filling up the DagBag from /home/airflow/.local/lib/python3.8/site-packages/airflow/example_dags/example_branch_operator.py
[2024-01-29T13:06:53.675+0000] {processor.py:840} INFO - DAG(s) 'example_branch_operator' retrieved from /home/airflow/.local/lib/python3.8/site-packages/airflow/example_dags/example_branch_operator.py
[2024-01-29T13:06:53.701+0000] {logging_mixin.py:188} INFO - [2024-01-29T13:06:53.701+0000] {dag.py:3036} INFO - Sync 1 DAGs
[2024-01-29T13:06:53.723+0000] {logging_mixin.py:188} INFO - [2024-01-29T13:06:53.723+0000] {dag.py:3823} INFO - Setting next_dagrun for example_branch_operator to 2024-01-28 00:00:00+00:00, run_after=2024-01-29 00:00:00+00:00
[2024-01-29T13:06:53.740+0000] {processor.py:183} INFO - Processing /home/airflow/.local/lib/python3.8/site-packages/airflow/example_dags/example_branch_operator.py took 0.087 seconds
[2024-01-29T13:07:24.570+0000] {processor.py:161} INFO - Started process (PID=1828) to work on /home/airflow/.local/lib/python3.8/site-packages/airflow/example_dags/example_branch_operator.py
[2024-01-29T13:07:24.570+0000] {processor.py:830} INFO - Processing file /home/airflow/.local/lib/python3.8/site-packages/airflow/example_dags/example_branch_operator.py for tasks to queue
[2024-01-29T13:07:24.572+0000] {logging_mixin.py:188} INFO - [2024-01-29T13:07:24.572+0000] {dagbag.py:538} INFO - Filling up the DagBag from /home/airflow/.local/lib/python3.8/site-packages/airflow/example_dags/example_branch_operator.py
[2024-01-29T13:07:24.588+0000] {processor.py:840} INFO - DAG(s) 'example_branch_operator' retrieved from /home/airflow/.local/lib/python3.8/site-packages/airflow/example_dags/example_branch_operator.py
[2024-01-29T13:07:24.615+0000] {logging_mixin.py:188} INFO - [2024-01-29T13:07:24.614+0000] {dag.py:3036} INFO - Sync 1 DAGs
[2024-01-29T13:07:24.637+0000] {logging_mixin.py:188} INFO - [2024-01-29T13:07:24.636+0000] {dag.py:3823} INFO - Setting next_dagrun for example_branch_operator to 2024-01-28 00:00:00+00:00, run_after=2024-01-29 00:00:00+00:00
[2024-01-29T13:07:24.654+0000] {processor.py:183} INFO - Processing /home/airflow/.local/lib/python3.8/site-packages/airflow/example_dags/example_branch_operator.py took 0.087 seconds
[2024-01-29T13:07:55.330+0000] {processor.py:161} INFO - Started process (PID=1885) to work on /home/airflow/.local/lib/python3.8/site-packages/airflow/example_dags/example_branch_operator.py
[2024-01-29T13:07:55.331+0000] {processor.py:830} INFO - Processing file /home/airflow/.local/lib/python3.8/site-packages/airflow/example_dags/example_branch_operator.py for tasks to queue
[2024-01-29T13:07:55.332+0000] {logging_mixin.py:188} INFO - [2024-01-29T13:07:55.332+0000] {dagbag.py:538} INFO - Filling up the DagBag from /home/airflow/.local/lib/python3.8/site-packages/airflow/example_dags/example_branch_operator.py
[2024-01-29T13:07:55.348+0000] {processor.py:840} INFO - DAG(s) 'example_branch_operator' retrieved from /home/airflow/.local/lib/python3.8/site-packages/airflow/example_dags/example_branch_operator.py
[2024-01-29T13:07:55.374+0000] {logging_mixin.py:188} INFO - [2024-01-29T13:07:55.374+0000] {dag.py:3036} INFO - Sync 1 DAGs
[2024-01-29T13:07:55.396+0000] {logging_mixin.py:188} INFO - [2024-01-29T13:07:55.396+0000] {dag.py:3823} INFO - Setting next_dagrun for example_branch_operator to 2024-01-28 00:00:00+00:00, run_after=2024-01-29 00:00:00+00:00
[2024-01-29T13:07:55.413+0000] {processor.py:183} INFO - Processing /home/airflow/.local/lib/python3.8/site-packages/airflow/example_dags/example_branch_operator.py took 0.086 seconds
[2024-01-29T13:08:26.049+0000] {processor.py:161} INFO - Started process (PID=1941) to work on /home/airflow/.local/lib/python3.8/site-packages/airflow/example_dags/example_branch_operator.py
[2024-01-29T13:08:26.050+0000] {processor.py:830} INFO - Processing file /home/airflow/.local/lib/python3.8/site-packages/airflow/example_dags/example_branch_operator.py for tasks to queue
[2024-01-29T13:08:26.052+0000] {logging_mixin.py:188} INFO - [2024-01-29T13:08:26.052+0000] {dagbag.py:538} INFO - Filling up the DagBag from /home/airflow/.local/lib/python3.8/site-packages/airflow/example_dags/example_branch_operator.py
[2024-01-29T13:08:26.068+0000] {processor.py:840} INFO - DAG(s) 'example_branch_operator' retrieved from /home/airflow/.local/lib/python3.8/site-packages/airflow/example_dags/example_branch_operator.py
[2024-01-29T13:08:26.095+0000] {logging_mixin.py:188} INFO - [2024-01-29T13:08:26.094+0000] {dag.py:3036} INFO - Sync 1 DAGs
[2024-01-29T13:08:26.118+0000] {logging_mixin.py:188} INFO - [2024-01-29T13:08:26.117+0000] {dag.py:3823} INFO - Setting next_dagrun for example_branch_operator to 2024-01-28 00:00:00+00:00, run_after=2024-01-29 00:00:00+00:00
[2024-01-29T13:08:26.135+0000] {processor.py:183} INFO - Processing /home/airflow/.local/lib/python3.8/site-packages/airflow/example_dags/example_branch_operator.py took 0.089 seconds
[2024-01-29T13:08:56.182+0000] {processor.py:161} INFO - Started process (PID=1997) to work on /home/airflow/.local/lib/python3.8/site-packages/airflow/example_dags/example_branch_operator.py
[2024-01-29T13:08:56.183+0000] {processor.py:830} INFO - Processing file /home/airflow/.local/lib/python3.8/site-packages/airflow/example_dags/example_branch_operator.py for tasks to queue
[2024-01-29T13:08:56.184+0000] {logging_mixin.py:188} INFO - [2024-01-29T13:08:56.184+0000] {dagbag.py:538} INFO - Filling up the DagBag from /home/airflow/.local/lib/python3.8/site-packages/airflow/example_dags/example_branch_operator.py
[2024-01-29T13:08:56.200+0000] {processor.py:840} INFO - DAG(s) 'example_branch_operator' retrieved from /home/airflow/.local/lib/python3.8/site-packages/airflow/example_dags/example_branch_operator.py
[2024-01-29T13:08:56.227+0000] {logging_mixin.py:188} INFO - [2024-01-29T13:08:56.226+0000] {dag.py:3036} INFO - Sync 1 DAGs
[2024-01-29T13:08:56.248+0000] {logging_mixin.py:188} INFO - [2024-01-29T13:08:56.248+0000] {dag.py:3823} INFO - Setting next_dagrun for example_branch_operator to 2024-01-28 00:00:00+00:00, run_after=2024-01-29 00:00:00+00:00
[2024-01-29T13:08:56.266+0000] {processor.py:183} INFO - Processing /home/airflow/.local/lib/python3.8/site-packages/airflow/example_dags/example_branch_operator.py took 0.087 seconds
[2024-01-29T13:09:27.060+0000] {processor.py:161} INFO - Started process (PID=2053) to work on /home/airflow/.local/lib/python3.8/site-packages/airflow/example_dags/example_branch_operator.py
[2024-01-29T13:09:27.061+0000] {processor.py:830} INFO - Processing file /home/airflow/.local/lib/python3.8/site-packages/airflow/example_dags/example_branch_operator.py for tasks to queue
[2024-01-29T13:09:27.062+0000] {logging_mixin.py:188} INFO - [2024-01-29T13:09:27.062+0000] {dagbag.py:538} INFO - Filling up the DagBag from /home/airflow/.local/lib/python3.8/site-packages/airflow/example_dags/example_branch_operator.py
[2024-01-29T13:09:27.078+0000] {processor.py:840} INFO - DAG(s) 'example_branch_operator' retrieved from /home/airflow/.local/lib/python3.8/site-packages/airflow/example_dags/example_branch_operator.py
[2024-01-29T13:09:27.107+0000] {logging_mixin.py:188} INFO - [2024-01-29T13:09:27.106+0000] {dag.py:3036} INFO - Sync 1 DAGs
[2024-01-29T13:09:27.128+0000] {logging_mixin.py:188} INFO - [2024-01-29T13:09:27.128+0000] {dag.py:3823} INFO - Setting next_dagrun for example_branch_operator to 2024-01-28 00:00:00+00:00, run_after=2024-01-29 00:00:00+00:00
[2024-01-29T13:09:27.146+0000] {processor.py:183} INFO - Processing /home/airflow/.local/lib/python3.8/site-packages/airflow/example_dags/example_branch_operator.py took 0.089 seconds
[2024-01-29T13:09:58.014+0000] {processor.py:161} INFO - Started process (PID=2109) to work on /home/airflow/.local/lib/python3.8/site-packages/airflow/example_dags/example_branch_operator.py
[2024-01-29T13:09:58.014+0000] {processor.py:830} INFO - Processing file /home/airflow/.local/lib/python3.8/site-packages/airflow/example_dags/example_branch_operator.py for tasks to queue
[2024-01-29T13:09:58.016+0000] {logging_mixin.py:188} INFO - [2024-01-29T13:09:58.016+0000] {dagbag.py:538} INFO - Filling up the DagBag from /home/airflow/.local/lib/python3.8/site-packages/airflow/example_dags/example_branch_operator.py
[2024-01-29T13:09:58.032+0000] {processor.py:840} INFO - DAG(s) 'example_branch_operator' retrieved from /home/airflow/.local/lib/python3.8/site-packages/airflow/example_dags/example_branch_operator.py
[2024-01-29T13:09:58.059+0000] {logging_mixin.py:188} INFO - [2024-01-29T13:09:58.059+0000] {dag.py:3036} INFO - Sync 1 DAGs
[2024-01-29T13:09:58.082+0000] {logging_mixin.py:188} INFO - [2024-01-29T13:09:58.082+0000] {dag.py:3823} INFO - Setting next_dagrun for example_branch_operator to 2024-01-28 00:00:00+00:00, run_after=2024-01-29 00:00:00+00:00
[2024-01-29T13:09:58.102+0000] {processor.py:183} INFO - Processing /home/airflow/.local/lib/python3.8/site-packages/airflow/example_dags/example_branch_operator.py took 0.092 seconds
[2024-01-29T13:10:28.934+0000] {processor.py:161} INFO - Started process (PID=2165) to work on /home/airflow/.local/lib/python3.8/site-packages/airflow/example_dags/example_branch_operator.py
[2024-01-29T13:10:28.935+0000] {processor.py:830} INFO - Processing file /home/airflow/.local/lib/python3.8/site-packages/airflow/example_dags/example_branch_operator.py for tasks to queue
[2024-01-29T13:10:28.938+0000] {logging_mixin.py:188} INFO - [2024-01-29T13:10:28.937+0000] {dagbag.py:538} INFO - Filling up the DagBag from /home/airflow/.local/lib/python3.8/site-packages/airflow/example_dags/example_branch_operator.py
[2024-01-29T13:10:28.958+0000] {processor.py:840} INFO - DAG(s) 'example_branch_operator' retrieved from /home/airflow/.local/lib/python3.8/site-packages/airflow/example_dags/example_branch_operator.py
[2024-01-29T13:10:28.985+0000] {logging_mixin.py:188} INFO - [2024-01-29T13:10:28.984+0000] {dag.py:3036} INFO - Sync 1 DAGs
[2024-01-29T13:10:29.016+0000] {logging_mixin.py:188} INFO - [2024-01-29T13:10:29.016+0000] {dag.py:3823} INFO - Setting next_dagrun for example_branch_operator to 2024-01-28 00:00:00+00:00, run_after=2024-01-29 00:00:00+00:00
[2024-01-29T13:10:29.034+0000] {processor.py:183} INFO - Processing /home/airflow/.local/lib/python3.8/site-packages/airflow/example_dags/example_branch_operator.py took 0.105 seconds
[2024-01-29T13:10:59.703+0000] {processor.py:161} INFO - Started process (PID=2221) to work on /home/airflow/.local/lib/python3.8/site-packages/airflow/example_dags/example_branch_operator.py
[2024-01-29T13:10:59.704+0000] {processor.py:830} INFO - Processing file /home/airflow/.local/lib/python3.8/site-packages/airflow/example_dags/example_branch_operator.py for tasks to queue
[2024-01-29T13:10:59.705+0000] {logging_mixin.py:188} INFO - [2024-01-29T13:10:59.705+0000] {dagbag.py:538} INFO - Filling up the DagBag from /home/airflow/.local/lib/python3.8/site-packages/airflow/example_dags/example_branch_operator.py
[2024-01-29T13:10:59.722+0000] {processor.py:840} INFO - DAG(s) 'example_branch_operator' retrieved from /home/airflow/.local/lib/python3.8/site-packages/airflow/example_dags/example_branch_operator.py
[2024-01-29T13:10:59.748+0000] {logging_mixin.py:188} INFO - [2024-01-29T13:10:59.748+0000] {dag.py:3036} INFO - Sync 1 DAGs
[2024-01-29T13:10:59.769+0000] {logging_mixin.py:188} INFO - [2024-01-29T13:10:59.769+0000] {dag.py:3823} INFO - Setting next_dagrun for example_branch_operator to 2024-01-28 00:00:00+00:00, run_after=2024-01-29 00:00:00+00:00
[2024-01-29T13:10:59.786+0000] {processor.py:183} INFO - Processing /home/airflow/.local/lib/python3.8/site-packages/airflow/example_dags/example_branch_operator.py took 0.086 seconds
[2024-01-29T13:11:29.846+0000] {processor.py:161} INFO - Started process (PID=2277) to work on /home/airflow/.local/lib/python3.8/site-packages/airflow/example_dags/example_branch_operator.py
[2024-01-29T13:11:29.846+0000] {processor.py:830} INFO - Processing file /home/airflow/.local/lib/python3.8/site-packages/airflow/example_dags/example_branch_operator.py for tasks to queue
[2024-01-29T13:11:29.848+0000] {logging_mixin.py:188} INFO - [2024-01-29T13:11:29.848+0000] {dagbag.py:538} INFO - Filling up the DagBag from /home/airflow/.local/lib/python3.8/site-packages/airflow/example_dags/example_branch_operator.py
[2024-01-29T13:11:29.864+0000] {processor.py:840} INFO - DAG(s) 'example_branch_operator' retrieved from /home/airflow/.local/lib/python3.8/site-packages/airflow/example_dags/example_branch_operator.py
[2024-01-29T13:11:29.891+0000] {logging_mixin.py:188} INFO - [2024-01-29T13:11:29.890+0000] {dag.py:3036} INFO - Sync 1 DAGs
[2024-01-29T13:11:29.912+0000] {logging_mixin.py:188} INFO - [2024-01-29T13:11:29.912+0000] {dag.py:3823} INFO - Setting next_dagrun for example_branch_operator to 2024-01-28 00:00:00+00:00, run_after=2024-01-29 00:00:00+00:00
[2024-01-29T13:11:29.930+0000] {processor.py:183} INFO - Processing /home/airflow/.local/lib/python3.8/site-packages/airflow/example_dags/example_branch_operator.py took 0.087 seconds
[2024-01-29T13:11:59.958+0000] {processor.py:161} INFO - Started process (PID=2333) to work on /home/airflow/.local/lib/python3.8/site-packages/airflow/example_dags/example_branch_operator.py
[2024-01-29T13:11:59.959+0000] {processor.py:830} INFO - Processing file /home/airflow/.local/lib/python3.8/site-packages/airflow/example_dags/example_branch_operator.py for tasks to queue
[2024-01-29T13:11:59.961+0000] {logging_mixin.py:188} INFO - [2024-01-29T13:11:59.961+0000] {dagbag.py:538} INFO - Filling up the DagBag from /home/airflow/.local/lib/python3.8/site-packages/airflow/example_dags/example_branch_operator.py
[2024-01-29T13:11:59.983+0000] {processor.py:840} INFO - DAG(s) 'example_branch_operator' retrieved from /home/airflow/.local/lib/python3.8/site-packages/airflow/example_dags/example_branch_operator.py
[2024-01-29T13:12:00.012+0000] {logging_mixin.py:188} INFO - [2024-01-29T13:12:00.012+0000] {dag.py:3036} INFO - Sync 1 DAGs
[2024-01-29T13:12:00.034+0000] {logging_mixin.py:188} INFO - [2024-01-29T13:12:00.034+0000] {dag.py:3823} INFO - Setting next_dagrun for example_branch_operator to 2024-01-28 00:00:00+00:00, run_after=2024-01-29 00:00:00+00:00
[2024-01-29T13:12:00.051+0000] {processor.py:183} INFO - Processing /home/airflow/.local/lib/python3.8/site-packages/airflow/example_dags/example_branch_operator.py took 0.096 seconds
[2024-01-29T13:17:23.518+0000] {processor.py:161} INFO - Started process (PID=2386) to work on /home/airflow/.local/lib/python3.8/site-packages/airflow/example_dags/example_branch_operator.py
[2024-01-29T13:17:23.519+0000] {processor.py:830} INFO - Processing file /home/airflow/.local/lib/python3.8/site-packages/airflow/example_dags/example_branch_operator.py for tasks to queue
[2024-01-29T13:17:23.521+0000] {logging_mixin.py:188} INFO - [2024-01-29T13:17:23.521+0000] {dagbag.py:538} INFO - Filling up the DagBag from /home/airflow/.local/lib/python3.8/site-packages/airflow/example_dags/example_branch_operator.py
[2024-01-29T13:17:23.545+0000] {processor.py:840} INFO - DAG(s) 'example_branch_operator' retrieved from /home/airflow/.local/lib/python3.8/site-packages/airflow/example_dags/example_branch_operator.py
[2024-01-29T13:17:23.575+0000] {logging_mixin.py:188} INFO - [2024-01-29T13:17:23.574+0000] {dag.py:3036} INFO - Sync 1 DAGs
[2024-01-29T13:17:23.599+0000] {logging_mixin.py:188} INFO - [2024-01-29T13:17:23.598+0000] {dag.py:3823} INFO - Setting next_dagrun for example_branch_operator to 2024-01-28 00:00:00+00:00, run_after=2024-01-29 00:00:00+00:00
[2024-01-29T13:17:23.616+0000] {processor.py:183} INFO - Processing /home/airflow/.local/lib/python3.8/site-packages/airflow/example_dags/example_branch_operator.py took 0.100 seconds
[2024-01-29T13:17:53.660+0000] {processor.py:161} INFO - Started process (PID=2442) to work on /home/airflow/.local/lib/python3.8/site-packages/airflow/example_dags/example_branch_operator.py
[2024-01-29T13:17:53.661+0000] {processor.py:830} INFO - Processing file /home/airflow/.local/lib/python3.8/site-packages/airflow/example_dags/example_branch_operator.py for tasks to queue
[2024-01-29T13:17:53.663+0000] {logging_mixin.py:188} INFO - [2024-01-29T13:17:53.662+0000] {dagbag.py:538} INFO - Filling up the DagBag from /home/airflow/.local/lib/python3.8/site-packages/airflow/example_dags/example_branch_operator.py
[2024-01-29T13:17:53.679+0000] {processor.py:840} INFO - DAG(s) 'example_branch_operator' retrieved from /home/airflow/.local/lib/python3.8/site-packages/airflow/example_dags/example_branch_operator.py
[2024-01-29T13:17:53.705+0000] {logging_mixin.py:188} INFO - [2024-01-29T13:17:53.705+0000] {dag.py:3036} INFO - Sync 1 DAGs
[2024-01-29T13:17:53.860+0000] {logging_mixin.py:188} INFO - [2024-01-29T13:17:53.860+0000] {dag.py:3823} INFO - Setting next_dagrun for example_branch_operator to 2024-01-28 00:00:00+00:00, run_after=2024-01-29 00:00:00+00:00
[2024-01-29T13:17:53.880+0000] {processor.py:183} INFO - Processing /home/airflow/.local/lib/python3.8/site-packages/airflow/example_dags/example_branch_operator.py took 0.223 seconds
[2024-01-29T13:18:24.786+0000] {processor.py:161} INFO - Started process (PID=2498) to work on /home/airflow/.local/lib/python3.8/site-packages/airflow/example_dags/example_branch_operator.py
[2024-01-29T13:18:24.787+0000] {processor.py:830} INFO - Processing file /home/airflow/.local/lib/python3.8/site-packages/airflow/example_dags/example_branch_operator.py for tasks to queue
[2024-01-29T13:18:24.789+0000] {logging_mixin.py:188} INFO - [2024-01-29T13:18:24.789+0000] {dagbag.py:538} INFO - Filling up the DagBag from /home/airflow/.local/lib/python3.8/site-packages/airflow/example_dags/example_branch_operator.py
[2024-01-29T13:18:24.810+0000] {processor.py:840} INFO - DAG(s) 'example_branch_operator' retrieved from /home/airflow/.local/lib/python3.8/site-packages/airflow/example_dags/example_branch_operator.py
[2024-01-29T13:18:24.837+0000] {logging_mixin.py:188} INFO - [2024-01-29T13:18:24.837+0000] {dag.py:3036} INFO - Sync 1 DAGs
[2024-01-29T13:18:24.861+0000] {logging_mixin.py:188} INFO - [2024-01-29T13:18:24.861+0000] {dag.py:3823} INFO - Setting next_dagrun for example_branch_operator to 2024-01-28 00:00:00+00:00, run_after=2024-01-29 00:00:00+00:00
[2024-01-29T13:18:24.881+0000] {processor.py:183} INFO - Processing /home/airflow/.local/lib/python3.8/site-packages/airflow/example_dags/example_branch_operator.py took 0.100 seconds
