[2024-01-29T12:41:07.176+0000] {processor.py:161} INFO - Started process (PID=46) to work on /home/airflow/.local/lib/python3.8/site-packages/airflow/example_dags/example_task_group.py
[2024-01-29T12:41:07.177+0000] {processor.py:830} INFO - Processing file /home/airflow/.local/lib/python3.8/site-packages/airflow/example_dags/example_task_group.py for tasks to queue
[2024-01-29T12:41:07.179+0000] {logging_mixin.py:188} INFO - [2024-01-29T12:41:07.179+0000] {dagbag.py:538} INFO - Filling up the DagBag from /home/airflow/.local/lib/python3.8/site-packages/airflow/example_dags/example_task_group.py
[2024-01-29T12:41:07.192+0000] {processor.py:840} INFO - DAG(s) 'example_task_group' retrieved from /home/airflow/.local/lib/python3.8/site-packages/airflow/example_dags/example_task_group.py
[2024-01-29T12:41:07.323+0000] {logging_mixin.py:188} INFO - [2024-01-29T12:41:07.322+0000] {override.py:1769} INFO - Created Permission View: can read on DAG:example_task_group
[2024-01-29T12:41:07.338+0000] {logging_mixin.py:188} INFO - [2024-01-29T12:41:07.337+0000] {override.py:1769} INFO - Created Permission View: can edit on DAG:example_task_group
[2024-01-29T12:41:07.347+0000] {logging_mixin.py:188} INFO - [2024-01-29T12:41:07.347+0000] {override.py:1769} INFO - Created Permission View: can delete on DAG:example_task_group
[2024-01-29T12:41:07.348+0000] {logging_mixin.py:188} INFO - [2024-01-29T12:41:07.347+0000] {dag.py:3036} INFO - Sync 1 DAGs
[2024-01-29T12:41:07.365+0000] {logging_mixin.py:188} INFO - [2024-01-29T12:41:07.364+0000] {dag.py:3058} INFO - Creating ORM DAG for example_task_group
[2024-01-29T12:41:07.380+0000] {logging_mixin.py:188} INFO - [2024-01-29T12:41:07.380+0000] {dag.py:3823} INFO - Setting next_dagrun for example_task_group to 2024-01-28 00:00:00+00:00, run_after=2024-01-29 00:00:00+00:00
[2024-01-29T12:41:07.406+0000] {processor.py:183} INFO - Processing /home/airflow/.local/lib/python3.8/site-packages/airflow/example_dags/example_task_group.py took 0.233 seconds
[2024-01-29T12:41:38.217+0000] {processor.py:161} INFO - Started process (PID=101) to work on /home/airflow/.local/lib/python3.8/site-packages/airflow/example_dags/example_task_group.py
[2024-01-29T12:41:38.218+0000] {processor.py:830} INFO - Processing file /home/airflow/.local/lib/python3.8/site-packages/airflow/example_dags/example_task_group.py for tasks to queue
[2024-01-29T12:41:38.219+0000] {logging_mixin.py:188} INFO - [2024-01-29T12:41:38.219+0000] {dagbag.py:538} INFO - Filling up the DagBag from /home/airflow/.local/lib/python3.8/site-packages/airflow/example_dags/example_task_group.py
[2024-01-29T12:41:38.228+0000] {processor.py:840} INFO - DAG(s) 'example_task_group' retrieved from /home/airflow/.local/lib/python3.8/site-packages/airflow/example_dags/example_task_group.py
[2024-01-29T12:41:38.257+0000] {logging_mixin.py:188} INFO - [2024-01-29T12:41:38.257+0000] {dag.py:3036} INFO - Sync 1 DAGs
[2024-01-29T12:41:38.279+0000] {logging_mixin.py:188} INFO - [2024-01-29T12:41:38.279+0000] {dag.py:3823} INFO - Setting next_dagrun for example_task_group to 2024-01-28 00:00:00+00:00, run_after=2024-01-29 00:00:00+00:00
[2024-01-29T12:41:38.297+0000] {processor.py:183} INFO - Processing /home/airflow/.local/lib/python3.8/site-packages/airflow/example_dags/example_task_group.py took 0.083 seconds
[2024-01-29T12:51:14.424+0000] {processor.py:161} INFO - Started process (PID=47) to work on /home/airflow/.local/lib/python3.8/site-packages/airflow/example_dags/example_task_group.py
[2024-01-29T12:51:14.425+0000] {processor.py:830} INFO - Processing file /home/airflow/.local/lib/python3.8/site-packages/airflow/example_dags/example_task_group.py for tasks to queue
[2024-01-29T12:51:14.427+0000] {logging_mixin.py:188} INFO - [2024-01-29T12:51:14.426+0000] {dagbag.py:538} INFO - Filling up the DagBag from /home/airflow/.local/lib/python3.8/site-packages/airflow/example_dags/example_task_group.py
[2024-01-29T12:51:14.441+0000] {processor.py:840} INFO - DAG(s) 'example_task_group' retrieved from /home/airflow/.local/lib/python3.8/site-packages/airflow/example_dags/example_task_group.py
[2024-01-29T12:51:14.458+0000] {logging_mixin.py:188} INFO - [2024-01-29T12:51:14.458+0000] {dag.py:3036} INFO - Sync 1 DAGs
[2024-01-29T12:51:14.496+0000] {logging_mixin.py:188} INFO - [2024-01-29T12:51:14.496+0000] {dag.py:3823} INFO - Setting next_dagrun for example_task_group to 2024-01-28 00:00:00+00:00, run_after=2024-01-29 00:00:00+00:00
[2024-01-29T12:51:14.523+0000] {processor.py:183} INFO - Processing /home/airflow/.local/lib/python3.8/site-packages/airflow/example_dags/example_task_group.py took 0.102 seconds
[2024-01-29T12:51:45.300+0000] {processor.py:161} INFO - Started process (PID=103) to work on /home/airflow/.local/lib/python3.8/site-packages/airflow/example_dags/example_task_group.py
[2024-01-29T12:51:45.301+0000] {processor.py:830} INFO - Processing file /home/airflow/.local/lib/python3.8/site-packages/airflow/example_dags/example_task_group.py for tasks to queue
[2024-01-29T12:51:45.302+0000] {logging_mixin.py:188} INFO - [2024-01-29T12:51:45.302+0000] {dagbag.py:538} INFO - Filling up the DagBag from /home/airflow/.local/lib/python3.8/site-packages/airflow/example_dags/example_task_group.py
[2024-01-29T12:51:45.310+0000] {processor.py:840} INFO - DAG(s) 'example_task_group' retrieved from /home/airflow/.local/lib/python3.8/site-packages/airflow/example_dags/example_task_group.py
[2024-01-29T12:51:45.413+0000] {logging_mixin.py:188} INFO - [2024-01-29T12:51:45.413+0000] {dag.py:3036} INFO - Sync 1 DAGs
[2024-01-29T12:51:45.433+0000] {logging_mixin.py:188} INFO - [2024-01-29T12:51:45.432+0000] {dag.py:3823} INFO - Setting next_dagrun for example_task_group to 2024-01-28 00:00:00+00:00, run_after=2024-01-29 00:00:00+00:00
[2024-01-29T12:51:45.452+0000] {processor.py:183} INFO - Processing /home/airflow/.local/lib/python3.8/site-packages/airflow/example_dags/example_task_group.py took 0.155 seconds
[2024-01-29T12:52:16.004+0000] {processor.py:161} INFO - Started process (PID=159) to work on /home/airflow/.local/lib/python3.8/site-packages/airflow/example_dags/example_task_group.py
[2024-01-29T12:52:16.005+0000] {processor.py:830} INFO - Processing file /home/airflow/.local/lib/python3.8/site-packages/airflow/example_dags/example_task_group.py for tasks to queue
[2024-01-29T12:52:16.007+0000] {logging_mixin.py:188} INFO - [2024-01-29T12:52:16.006+0000] {dagbag.py:538} INFO - Filling up the DagBag from /home/airflow/.local/lib/python3.8/site-packages/airflow/example_dags/example_task_group.py
[2024-01-29T12:52:16.014+0000] {processor.py:840} INFO - DAG(s) 'example_task_group' retrieved from /home/airflow/.local/lib/python3.8/site-packages/airflow/example_dags/example_task_group.py
[2024-01-29T12:52:16.036+0000] {logging_mixin.py:188} INFO - [2024-01-29T12:52:16.035+0000] {dag.py:3036} INFO - Sync 1 DAGs
[2024-01-29T12:52:16.062+0000] {logging_mixin.py:188} INFO - [2024-01-29T12:52:16.062+0000] {dag.py:3823} INFO - Setting next_dagrun for example_task_group to 2024-01-28 00:00:00+00:00, run_after=2024-01-29 00:00:00+00:00
[2024-01-29T12:52:16.080+0000] {processor.py:183} INFO - Processing /home/airflow/.local/lib/python3.8/site-packages/airflow/example_dags/example_task_group.py took 0.079 seconds
[2024-01-29T12:52:47.005+0000] {processor.py:161} INFO - Started process (PID=215) to work on /home/airflow/.local/lib/python3.8/site-packages/airflow/example_dags/example_task_group.py
[2024-01-29T12:52:47.005+0000] {processor.py:830} INFO - Processing file /home/airflow/.local/lib/python3.8/site-packages/airflow/example_dags/example_task_group.py for tasks to queue
[2024-01-29T12:52:47.007+0000] {logging_mixin.py:188} INFO - [2024-01-29T12:52:47.007+0000] {dagbag.py:538} INFO - Filling up the DagBag from /home/airflow/.local/lib/python3.8/site-packages/airflow/example_dags/example_task_group.py
[2024-01-29T12:52:47.014+0000] {processor.py:840} INFO - DAG(s) 'example_task_group' retrieved from /home/airflow/.local/lib/python3.8/site-packages/airflow/example_dags/example_task_group.py
[2024-01-29T12:52:47.040+0000] {logging_mixin.py:188} INFO - [2024-01-29T12:52:47.040+0000] {dag.py:3036} INFO - Sync 1 DAGs
[2024-01-29T12:52:47.062+0000] {logging_mixin.py:188} INFO - [2024-01-29T12:52:47.062+0000] {dag.py:3823} INFO - Setting next_dagrun for example_task_group to 2024-01-28 00:00:00+00:00, run_after=2024-01-29 00:00:00+00:00
[2024-01-29T12:52:47.080+0000] {processor.py:183} INFO - Processing /home/airflow/.local/lib/python3.8/site-packages/airflow/example_dags/example_task_group.py took 0.079 seconds
[2024-01-29T12:53:17.192+0000] {processor.py:161} INFO - Started process (PID=271) to work on /home/airflow/.local/lib/python3.8/site-packages/airflow/example_dags/example_task_group.py
[2024-01-29T12:53:17.193+0000] {processor.py:830} INFO - Processing file /home/airflow/.local/lib/python3.8/site-packages/airflow/example_dags/example_task_group.py for tasks to queue
[2024-01-29T12:53:17.195+0000] {logging_mixin.py:188} INFO - [2024-01-29T12:53:17.195+0000] {dagbag.py:538} INFO - Filling up the DagBag from /home/airflow/.local/lib/python3.8/site-packages/airflow/example_dags/example_task_group.py
[2024-01-29T12:53:17.201+0000] {processor.py:840} INFO - DAG(s) 'example_task_group' retrieved from /home/airflow/.local/lib/python3.8/site-packages/airflow/example_dags/example_task_group.py
[2024-01-29T12:53:17.222+0000] {logging_mixin.py:188} INFO - [2024-01-29T12:53:17.222+0000] {dag.py:3036} INFO - Sync 1 DAGs
[2024-01-29T12:53:17.245+0000] {logging_mixin.py:188} INFO - [2024-01-29T12:53:17.244+0000] {dag.py:3823} INFO - Setting next_dagrun for example_task_group to 2024-01-28 00:00:00+00:00, run_after=2024-01-29 00:00:00+00:00
[2024-01-29T12:53:17.262+0000] {processor.py:183} INFO - Processing /home/airflow/.local/lib/python3.8/site-packages/airflow/example_dags/example_task_group.py took 0.073 seconds
[2024-01-29T12:53:47.344+0000] {processor.py:161} INFO - Started process (PID=327) to work on /home/airflow/.local/lib/python3.8/site-packages/airflow/example_dags/example_task_group.py
[2024-01-29T12:53:47.345+0000] {processor.py:830} INFO - Processing file /home/airflow/.local/lib/python3.8/site-packages/airflow/example_dags/example_task_group.py for tasks to queue
[2024-01-29T12:53:47.346+0000] {logging_mixin.py:188} INFO - [2024-01-29T12:53:47.346+0000] {dagbag.py:538} INFO - Filling up the DagBag from /home/airflow/.local/lib/python3.8/site-packages/airflow/example_dags/example_task_group.py
[2024-01-29T12:53:47.353+0000] {processor.py:840} INFO - DAG(s) 'example_task_group' retrieved from /home/airflow/.local/lib/python3.8/site-packages/airflow/example_dags/example_task_group.py
[2024-01-29T12:53:47.374+0000] {logging_mixin.py:188} INFO - [2024-01-29T12:53:47.374+0000] {dag.py:3036} INFO - Sync 1 DAGs
[2024-01-29T12:53:47.396+0000] {logging_mixin.py:188} INFO - [2024-01-29T12:53:47.396+0000] {dag.py:3823} INFO - Setting next_dagrun for example_task_group to 2024-01-28 00:00:00+00:00, run_after=2024-01-29 00:00:00+00:00
[2024-01-29T12:53:47.415+0000] {processor.py:183} INFO - Processing /home/airflow/.local/lib/python3.8/site-packages/airflow/example_dags/example_task_group.py took 0.075 seconds
[2024-01-29T12:54:17.660+0000] {processor.py:161} INFO - Started process (PID=383) to work on /home/airflow/.local/lib/python3.8/site-packages/airflow/example_dags/example_task_group.py
[2024-01-29T12:54:17.660+0000] {processor.py:830} INFO - Processing file /home/airflow/.local/lib/python3.8/site-packages/airflow/example_dags/example_task_group.py for tasks to queue
[2024-01-29T12:54:17.662+0000] {logging_mixin.py:188} INFO - [2024-01-29T12:54:17.662+0000] {dagbag.py:538} INFO - Filling up the DagBag from /home/airflow/.local/lib/python3.8/site-packages/airflow/example_dags/example_task_group.py
[2024-01-29T12:54:17.669+0000] {processor.py:840} INFO - DAG(s) 'example_task_group' retrieved from /home/airflow/.local/lib/python3.8/site-packages/airflow/example_dags/example_task_group.py
[2024-01-29T12:54:17.689+0000] {logging_mixin.py:188} INFO - [2024-01-29T12:54:17.689+0000] {dag.py:3036} INFO - Sync 1 DAGs
[2024-01-29T12:54:17.710+0000] {logging_mixin.py:188} INFO - [2024-01-29T12:54:17.710+0000] {dag.py:3823} INFO - Setting next_dagrun for example_task_group to 2024-01-28 00:00:00+00:00, run_after=2024-01-29 00:00:00+00:00
[2024-01-29T12:54:17.728+0000] {processor.py:183} INFO - Processing /home/airflow/.local/lib/python3.8/site-packages/airflow/example_dags/example_task_group.py took 0.071 seconds
[2024-01-29T12:54:47.863+0000] {processor.py:161} INFO - Started process (PID=439) to work on /home/airflow/.local/lib/python3.8/site-packages/airflow/example_dags/example_task_group.py
[2024-01-29T12:54:47.864+0000] {processor.py:830} INFO - Processing file /home/airflow/.local/lib/python3.8/site-packages/airflow/example_dags/example_task_group.py for tasks to queue
[2024-01-29T12:54:47.866+0000] {logging_mixin.py:188} INFO - [2024-01-29T12:54:47.866+0000] {dagbag.py:538} INFO - Filling up the DagBag from /home/airflow/.local/lib/python3.8/site-packages/airflow/example_dags/example_task_group.py
[2024-01-29T12:54:47.872+0000] {processor.py:840} INFO - DAG(s) 'example_task_group' retrieved from /home/airflow/.local/lib/python3.8/site-packages/airflow/example_dags/example_task_group.py
[2024-01-29T12:54:47.893+0000] {logging_mixin.py:188} INFO - [2024-01-29T12:54:47.893+0000] {dag.py:3036} INFO - Sync 1 DAGs
[2024-01-29T12:54:47.915+0000] {logging_mixin.py:188} INFO - [2024-01-29T12:54:47.914+0000] {dag.py:3823} INFO - Setting next_dagrun for example_task_group to 2024-01-28 00:00:00+00:00, run_after=2024-01-29 00:00:00+00:00
[2024-01-29T12:54:47.932+0000] {processor.py:183} INFO - Processing /home/airflow/.local/lib/python3.8/site-packages/airflow/example_dags/example_task_group.py took 0.071 seconds
[2024-01-29T12:55:18.230+0000] {processor.py:161} INFO - Started process (PID=495) to work on /home/airflow/.local/lib/python3.8/site-packages/airflow/example_dags/example_task_group.py
[2024-01-29T12:55:18.231+0000] {processor.py:830} INFO - Processing file /home/airflow/.local/lib/python3.8/site-packages/airflow/example_dags/example_task_group.py for tasks to queue
[2024-01-29T12:55:18.232+0000] {logging_mixin.py:188} INFO - [2024-01-29T12:55:18.232+0000] {dagbag.py:538} INFO - Filling up the DagBag from /home/airflow/.local/lib/python3.8/site-packages/airflow/example_dags/example_task_group.py
[2024-01-29T12:55:18.240+0000] {processor.py:840} INFO - DAG(s) 'example_task_group' retrieved from /home/airflow/.local/lib/python3.8/site-packages/airflow/example_dags/example_task_group.py
[2024-01-29T12:55:18.261+0000] {logging_mixin.py:188} INFO - [2024-01-29T12:55:18.261+0000] {dag.py:3036} INFO - Sync 1 DAGs
[2024-01-29T12:55:18.283+0000] {logging_mixin.py:188} INFO - [2024-01-29T12:55:18.282+0000] {dag.py:3823} INFO - Setting next_dagrun for example_task_group to 2024-01-28 00:00:00+00:00, run_after=2024-01-29 00:00:00+00:00
[2024-01-29T12:55:18.301+0000] {processor.py:183} INFO - Processing /home/airflow/.local/lib/python3.8/site-packages/airflow/example_dags/example_task_group.py took 0.074 seconds
[2024-01-29T12:55:48.454+0000] {processor.py:161} INFO - Started process (PID=551) to work on /home/airflow/.local/lib/python3.8/site-packages/airflow/example_dags/example_task_group.py
[2024-01-29T12:55:48.455+0000] {processor.py:830} INFO - Processing file /home/airflow/.local/lib/python3.8/site-packages/airflow/example_dags/example_task_group.py for tasks to queue
[2024-01-29T12:55:48.456+0000] {logging_mixin.py:188} INFO - [2024-01-29T12:55:48.456+0000] {dagbag.py:538} INFO - Filling up the DagBag from /home/airflow/.local/lib/python3.8/site-packages/airflow/example_dags/example_task_group.py
[2024-01-29T12:55:48.463+0000] {processor.py:840} INFO - DAG(s) 'example_task_group' retrieved from /home/airflow/.local/lib/python3.8/site-packages/airflow/example_dags/example_task_group.py
[2024-01-29T12:55:48.484+0000] {logging_mixin.py:188} INFO - [2024-01-29T12:55:48.483+0000] {dag.py:3036} INFO - Sync 1 DAGs
[2024-01-29T12:55:48.511+0000] {logging_mixin.py:188} INFO - [2024-01-29T12:55:48.511+0000] {dag.py:3823} INFO - Setting next_dagrun for example_task_group to 2024-01-28 00:00:00+00:00, run_after=2024-01-29 00:00:00+00:00
[2024-01-29T12:55:48.531+0000] {processor.py:183} INFO - Processing /home/airflow/.local/lib/python3.8/site-packages/airflow/example_dags/example_task_group.py took 0.080 seconds
[2024-01-29T12:56:18.877+0000] {processor.py:161} INFO - Started process (PID=607) to work on /home/airflow/.local/lib/python3.8/site-packages/airflow/example_dags/example_task_group.py
[2024-01-29T12:56:18.877+0000] {processor.py:830} INFO - Processing file /home/airflow/.local/lib/python3.8/site-packages/airflow/example_dags/example_task_group.py for tasks to queue
[2024-01-29T12:56:18.879+0000] {logging_mixin.py:188} INFO - [2024-01-29T12:56:18.879+0000] {dagbag.py:538} INFO - Filling up the DagBag from /home/airflow/.local/lib/python3.8/site-packages/airflow/example_dags/example_task_group.py
[2024-01-29T12:56:18.886+0000] {processor.py:840} INFO - DAG(s) 'example_task_group' retrieved from /home/airflow/.local/lib/python3.8/site-packages/airflow/example_dags/example_task_group.py
[2024-01-29T12:56:18.906+0000] {logging_mixin.py:188} INFO - [2024-01-29T12:56:18.906+0000] {dag.py:3036} INFO - Sync 1 DAGs
[2024-01-29T12:56:18.928+0000] {logging_mixin.py:188} INFO - [2024-01-29T12:56:18.928+0000] {dag.py:3823} INFO - Setting next_dagrun for example_task_group to 2024-01-28 00:00:00+00:00, run_after=2024-01-29 00:00:00+00:00
[2024-01-29T12:56:18.947+0000] {processor.py:183} INFO - Processing /home/airflow/.local/lib/python3.8/site-packages/airflow/example_dags/example_task_group.py took 0.074 seconds
[2024-01-29T12:56:49.142+0000] {processor.py:161} INFO - Started process (PID=663) to work on /home/airflow/.local/lib/python3.8/site-packages/airflow/example_dags/example_task_group.py
[2024-01-29T12:56:49.143+0000] {processor.py:830} INFO - Processing file /home/airflow/.local/lib/python3.8/site-packages/airflow/example_dags/example_task_group.py for tasks to queue
[2024-01-29T12:56:49.144+0000] {logging_mixin.py:188} INFO - [2024-01-29T12:56:49.144+0000] {dagbag.py:538} INFO - Filling up the DagBag from /home/airflow/.local/lib/python3.8/site-packages/airflow/example_dags/example_task_group.py
[2024-01-29T12:56:49.151+0000] {processor.py:840} INFO - DAG(s) 'example_task_group' retrieved from /home/airflow/.local/lib/python3.8/site-packages/airflow/example_dags/example_task_group.py
[2024-01-29T12:56:49.173+0000] {logging_mixin.py:188} INFO - [2024-01-29T12:56:49.172+0000] {dag.py:3036} INFO - Sync 1 DAGs
[2024-01-29T12:56:49.194+0000] {logging_mixin.py:188} INFO - [2024-01-29T12:56:49.194+0000] {dag.py:3823} INFO - Setting next_dagrun for example_task_group to 2024-01-28 00:00:00+00:00, run_after=2024-01-29 00:00:00+00:00
[2024-01-29T12:56:49.212+0000] {processor.py:183} INFO - Processing /home/airflow/.local/lib/python3.8/site-packages/airflow/example_dags/example_task_group.py took 0.074 seconds
[2024-01-29T12:57:19.315+0000] {processor.py:161} INFO - Started process (PID=719) to work on /home/airflow/.local/lib/python3.8/site-packages/airflow/example_dags/example_task_group.py
[2024-01-29T12:57:19.316+0000] {processor.py:830} INFO - Processing file /home/airflow/.local/lib/python3.8/site-packages/airflow/example_dags/example_task_group.py for tasks to queue
[2024-01-29T12:57:19.318+0000] {logging_mixin.py:188} INFO - [2024-01-29T12:57:19.318+0000] {dagbag.py:538} INFO - Filling up the DagBag from /home/airflow/.local/lib/python3.8/site-packages/airflow/example_dags/example_task_group.py
[2024-01-29T12:57:19.325+0000] {processor.py:840} INFO - DAG(s) 'example_task_group' retrieved from /home/airflow/.local/lib/python3.8/site-packages/airflow/example_dags/example_task_group.py
[2024-01-29T12:57:19.346+0000] {logging_mixin.py:188} INFO - [2024-01-29T12:57:19.346+0000] {dag.py:3036} INFO - Sync 1 DAGs
[2024-01-29T12:57:19.367+0000] {logging_mixin.py:188} INFO - [2024-01-29T12:57:19.367+0000] {dag.py:3823} INFO - Setting next_dagrun for example_task_group to 2024-01-28 00:00:00+00:00, run_after=2024-01-29 00:00:00+00:00
[2024-01-29T12:57:19.385+0000] {processor.py:183} INFO - Processing /home/airflow/.local/lib/python3.8/site-packages/airflow/example_dags/example_task_group.py took 0.073 seconds
[2024-01-29T12:57:49.533+0000] {processor.py:161} INFO - Started process (PID=775) to work on /home/airflow/.local/lib/python3.8/site-packages/airflow/example_dags/example_task_group.py
[2024-01-29T12:57:49.533+0000] {processor.py:830} INFO - Processing file /home/airflow/.local/lib/python3.8/site-packages/airflow/example_dags/example_task_group.py for tasks to queue
[2024-01-29T12:57:49.535+0000] {logging_mixin.py:188} INFO - [2024-01-29T12:57:49.535+0000] {dagbag.py:538} INFO - Filling up the DagBag from /home/airflow/.local/lib/python3.8/site-packages/airflow/example_dags/example_task_group.py
[2024-01-29T12:57:49.542+0000] {processor.py:840} INFO - DAG(s) 'example_task_group' retrieved from /home/airflow/.local/lib/python3.8/site-packages/airflow/example_dags/example_task_group.py
[2024-01-29T12:57:49.563+0000] {logging_mixin.py:188} INFO - [2024-01-29T12:57:49.563+0000] {dag.py:3036} INFO - Sync 1 DAGs
[2024-01-29T12:57:49.585+0000] {logging_mixin.py:188} INFO - [2024-01-29T12:57:49.585+0000] {dag.py:3823} INFO - Setting next_dagrun for example_task_group to 2024-01-28 00:00:00+00:00, run_after=2024-01-29 00:00:00+00:00
[2024-01-29T12:57:49.603+0000] {processor.py:183} INFO - Processing /home/airflow/.local/lib/python3.8/site-packages/airflow/example_dags/example_task_group.py took 0.074 seconds
[2024-01-29T12:58:19.722+0000] {processor.py:161} INFO - Started process (PID=831) to work on /home/airflow/.local/lib/python3.8/site-packages/airflow/example_dags/example_task_group.py
[2024-01-29T12:58:19.723+0000] {processor.py:830} INFO - Processing file /home/airflow/.local/lib/python3.8/site-packages/airflow/example_dags/example_task_group.py for tasks to queue
[2024-01-29T12:58:19.725+0000] {logging_mixin.py:188} INFO - [2024-01-29T12:58:19.724+0000] {dagbag.py:538} INFO - Filling up the DagBag from /home/airflow/.local/lib/python3.8/site-packages/airflow/example_dags/example_task_group.py
[2024-01-29T12:58:19.732+0000] {processor.py:840} INFO - DAG(s) 'example_task_group' retrieved from /home/airflow/.local/lib/python3.8/site-packages/airflow/example_dags/example_task_group.py
[2024-01-29T12:58:19.752+0000] {logging_mixin.py:188} INFO - [2024-01-29T12:58:19.752+0000] {dag.py:3036} INFO - Sync 1 DAGs
[2024-01-29T12:58:19.774+0000] {logging_mixin.py:188} INFO - [2024-01-29T12:58:19.774+0000] {dag.py:3823} INFO - Setting next_dagrun for example_task_group to 2024-01-28 00:00:00+00:00, run_after=2024-01-29 00:00:00+00:00
[2024-01-29T12:58:19.791+0000] {processor.py:183} INFO - Processing /home/airflow/.local/lib/python3.8/site-packages/airflow/example_dags/example_task_group.py took 0.072 seconds
[2024-01-29T12:58:50.300+0000] {processor.py:161} INFO - Started process (PID=887) to work on /home/airflow/.local/lib/python3.8/site-packages/airflow/example_dags/example_task_group.py
[2024-01-29T12:58:50.301+0000] {processor.py:830} INFO - Processing file /home/airflow/.local/lib/python3.8/site-packages/airflow/example_dags/example_task_group.py for tasks to queue
[2024-01-29T12:58:50.303+0000] {logging_mixin.py:188} INFO - [2024-01-29T12:58:50.303+0000] {dagbag.py:538} INFO - Filling up the DagBag from /home/airflow/.local/lib/python3.8/site-packages/airflow/example_dags/example_task_group.py
[2024-01-29T12:58:50.310+0000] {processor.py:840} INFO - DAG(s) 'example_task_group' retrieved from /home/airflow/.local/lib/python3.8/site-packages/airflow/example_dags/example_task_group.py
[2024-01-29T12:58:50.331+0000] {logging_mixin.py:188} INFO - [2024-01-29T12:58:50.331+0000] {dag.py:3036} INFO - Sync 1 DAGs
[2024-01-29T12:58:50.356+0000] {logging_mixin.py:188} INFO - [2024-01-29T12:58:50.355+0000] {dag.py:3823} INFO - Setting next_dagrun for example_task_group to 2024-01-28 00:00:00+00:00, run_after=2024-01-29 00:00:00+00:00
[2024-01-29T12:58:50.374+0000] {processor.py:183} INFO - Processing /home/airflow/.local/lib/python3.8/site-packages/airflow/example_dags/example_task_group.py took 0.077 seconds
[2024-01-29T12:59:20.574+0000] {processor.py:161} INFO - Started process (PID=943) to work on /home/airflow/.local/lib/python3.8/site-packages/airflow/example_dags/example_task_group.py
[2024-01-29T12:59:20.575+0000] {processor.py:830} INFO - Processing file /home/airflow/.local/lib/python3.8/site-packages/airflow/example_dags/example_task_group.py for tasks to queue
[2024-01-29T12:59:20.577+0000] {logging_mixin.py:188} INFO - [2024-01-29T12:59:20.576+0000] {dagbag.py:538} INFO - Filling up the DagBag from /home/airflow/.local/lib/python3.8/site-packages/airflow/example_dags/example_task_group.py
[2024-01-29T12:59:20.583+0000] {processor.py:840} INFO - DAG(s) 'example_task_group' retrieved from /home/airflow/.local/lib/python3.8/site-packages/airflow/example_dags/example_task_group.py
[2024-01-29T12:59:20.606+0000] {logging_mixin.py:188} INFO - [2024-01-29T12:59:20.605+0000] {dag.py:3036} INFO - Sync 1 DAGs
[2024-01-29T12:59:20.628+0000] {logging_mixin.py:188} INFO - [2024-01-29T12:59:20.628+0000] {dag.py:3823} INFO - Setting next_dagrun for example_task_group to 2024-01-28 00:00:00+00:00, run_after=2024-01-29 00:00:00+00:00
[2024-01-29T12:59:20.648+0000] {processor.py:183} INFO - Processing /home/airflow/.local/lib/python3.8/site-packages/airflow/example_dags/example_task_group.py took 0.077 seconds
[2024-01-29T12:59:50.709+0000] {processor.py:161} INFO - Started process (PID=999) to work on /home/airflow/.local/lib/python3.8/site-packages/airflow/example_dags/example_task_group.py
[2024-01-29T12:59:50.710+0000] {processor.py:830} INFO - Processing file /home/airflow/.local/lib/python3.8/site-packages/airflow/example_dags/example_task_group.py for tasks to queue
[2024-01-29T12:59:50.711+0000] {logging_mixin.py:188} INFO - [2024-01-29T12:59:50.711+0000] {dagbag.py:538} INFO - Filling up the DagBag from /home/airflow/.local/lib/python3.8/site-packages/airflow/example_dags/example_task_group.py
[2024-01-29T12:59:50.718+0000] {processor.py:840} INFO - DAG(s) 'example_task_group' retrieved from /home/airflow/.local/lib/python3.8/site-packages/airflow/example_dags/example_task_group.py
[2024-01-29T12:59:50.738+0000] {logging_mixin.py:188} INFO - [2024-01-29T12:59:50.738+0000] {dag.py:3036} INFO - Sync 1 DAGs
[2024-01-29T12:59:50.760+0000] {logging_mixin.py:188} INFO - [2024-01-29T12:59:50.759+0000] {dag.py:3823} INFO - Setting next_dagrun for example_task_group to 2024-01-28 00:00:00+00:00, run_after=2024-01-29 00:00:00+00:00
[2024-01-29T12:59:50.778+0000] {processor.py:183} INFO - Processing /home/airflow/.local/lib/python3.8/site-packages/airflow/example_dags/example_task_group.py took 0.072 seconds
[2024-01-29T13:00:20.850+0000] {processor.py:161} INFO - Started process (PID=1055) to work on /home/airflow/.local/lib/python3.8/site-packages/airflow/example_dags/example_task_group.py
[2024-01-29T13:00:20.851+0000] {processor.py:830} INFO - Processing file /home/airflow/.local/lib/python3.8/site-packages/airflow/example_dags/example_task_group.py for tasks to queue
[2024-01-29T13:00:20.853+0000] {logging_mixin.py:188} INFO - [2024-01-29T13:00:20.852+0000] {dagbag.py:538} INFO - Filling up the DagBag from /home/airflow/.local/lib/python3.8/site-packages/airflow/example_dags/example_task_group.py
[2024-01-29T13:00:20.860+0000] {processor.py:840} INFO - DAG(s) 'example_task_group' retrieved from /home/airflow/.local/lib/python3.8/site-packages/airflow/example_dags/example_task_group.py
[2024-01-29T13:00:20.880+0000] {logging_mixin.py:188} INFO - [2024-01-29T13:00:20.880+0000] {dag.py:3036} INFO - Sync 1 DAGs
[2024-01-29T13:00:20.903+0000] {logging_mixin.py:188} INFO - [2024-01-29T13:00:20.902+0000] {dag.py:3823} INFO - Setting next_dagrun for example_task_group to 2024-01-28 00:00:00+00:00, run_after=2024-01-29 00:00:00+00:00
[2024-01-29T13:00:20.920+0000] {processor.py:183} INFO - Processing /home/airflow/.local/lib/python3.8/site-packages/airflow/example_dags/example_task_group.py took 0.073 seconds
[2024-01-29T13:00:51.185+0000] {processor.py:161} INFO - Started process (PID=1111) to work on /home/airflow/.local/lib/python3.8/site-packages/airflow/example_dags/example_task_group.py
[2024-01-29T13:00:51.186+0000] {processor.py:830} INFO - Processing file /home/airflow/.local/lib/python3.8/site-packages/airflow/example_dags/example_task_group.py for tasks to queue
[2024-01-29T13:00:51.188+0000] {logging_mixin.py:188} INFO - [2024-01-29T13:00:51.187+0000] {dagbag.py:538} INFO - Filling up the DagBag from /home/airflow/.local/lib/python3.8/site-packages/airflow/example_dags/example_task_group.py
[2024-01-29T13:00:51.194+0000] {processor.py:840} INFO - DAG(s) 'example_task_group' retrieved from /home/airflow/.local/lib/python3.8/site-packages/airflow/example_dags/example_task_group.py
[2024-01-29T13:00:51.216+0000] {logging_mixin.py:188} INFO - [2024-01-29T13:00:51.215+0000] {dag.py:3036} INFO - Sync 1 DAGs
[2024-01-29T13:00:51.237+0000] {logging_mixin.py:188} INFO - [2024-01-29T13:00:51.237+0000] {dag.py:3823} INFO - Setting next_dagrun for example_task_group to 2024-01-28 00:00:00+00:00, run_after=2024-01-29 00:00:00+00:00
[2024-01-29T13:00:51.256+0000] {processor.py:183} INFO - Processing /home/airflow/.local/lib/python3.8/site-packages/airflow/example_dags/example_task_group.py took 0.074 seconds
[2024-01-29T13:01:21.583+0000] {processor.py:161} INFO - Started process (PID=1166) to work on /home/airflow/.local/lib/python3.8/site-packages/airflow/example_dags/example_task_group.py
[2024-01-29T13:01:21.584+0000] {processor.py:830} INFO - Processing file /home/airflow/.local/lib/python3.8/site-packages/airflow/example_dags/example_task_group.py for tasks to queue
[2024-01-29T13:01:21.585+0000] {logging_mixin.py:188} INFO - [2024-01-29T13:01:21.585+0000] {dagbag.py:538} INFO - Filling up the DagBag from /home/airflow/.local/lib/python3.8/site-packages/airflow/example_dags/example_task_group.py
[2024-01-29T13:01:21.592+0000] {processor.py:840} INFO - DAG(s) 'example_task_group' retrieved from /home/airflow/.local/lib/python3.8/site-packages/airflow/example_dags/example_task_group.py
[2024-01-29T13:01:21.612+0000] {logging_mixin.py:188} INFO - [2024-01-29T13:01:21.612+0000] {dag.py:3036} INFO - Sync 1 DAGs
[2024-01-29T13:01:21.633+0000] {logging_mixin.py:188} INFO - [2024-01-29T13:01:21.633+0000] {dag.py:3823} INFO - Setting next_dagrun for example_task_group to 2024-01-28 00:00:00+00:00, run_after=2024-01-29 00:00:00+00:00
[2024-01-29T13:01:21.651+0000] {processor.py:183} INFO - Processing /home/airflow/.local/lib/python3.8/site-packages/airflow/example_dags/example_task_group.py took 0.072 seconds
[2024-01-29T13:01:52.299+0000] {processor.py:161} INFO - Started process (PID=1222) to work on /home/airflow/.local/lib/python3.8/site-packages/airflow/example_dags/example_task_group.py
[2024-01-29T13:01:52.300+0000] {processor.py:830} INFO - Processing file /home/airflow/.local/lib/python3.8/site-packages/airflow/example_dags/example_task_group.py for tasks to queue
[2024-01-29T13:01:52.302+0000] {logging_mixin.py:188} INFO - [2024-01-29T13:01:52.302+0000] {dagbag.py:538} INFO - Filling up the DagBag from /home/airflow/.local/lib/python3.8/site-packages/airflow/example_dags/example_task_group.py
[2024-01-29T13:01:52.309+0000] {processor.py:840} INFO - DAG(s) 'example_task_group' retrieved from /home/airflow/.local/lib/python3.8/site-packages/airflow/example_dags/example_task_group.py
[2024-01-29T13:01:52.330+0000] {logging_mixin.py:188} INFO - [2024-01-29T13:01:52.329+0000] {dag.py:3036} INFO - Sync 1 DAGs
[2024-01-29T13:01:52.353+0000] {logging_mixin.py:188} INFO - [2024-01-29T13:01:52.353+0000] {dag.py:3823} INFO - Setting next_dagrun for example_task_group to 2024-01-28 00:00:00+00:00, run_after=2024-01-29 00:00:00+00:00
[2024-01-29T13:01:52.371+0000] {processor.py:183} INFO - Processing /home/airflow/.local/lib/python3.8/site-packages/airflow/example_dags/example_task_group.py took 0.074 seconds
[2024-01-29T13:02:22.460+0000] {processor.py:161} INFO - Started process (PID=1279) to work on /home/airflow/.local/lib/python3.8/site-packages/airflow/example_dags/example_task_group.py
[2024-01-29T13:02:22.461+0000] {processor.py:830} INFO - Processing file /home/airflow/.local/lib/python3.8/site-packages/airflow/example_dags/example_task_group.py for tasks to queue
[2024-01-29T13:02:22.463+0000] {logging_mixin.py:188} INFO - [2024-01-29T13:02:22.462+0000] {dagbag.py:538} INFO - Filling up the DagBag from /home/airflow/.local/lib/python3.8/site-packages/airflow/example_dags/example_task_group.py
[2024-01-29T13:02:22.469+0000] {processor.py:840} INFO - DAG(s) 'example_task_group' retrieved from /home/airflow/.local/lib/python3.8/site-packages/airflow/example_dags/example_task_group.py
[2024-01-29T13:02:22.491+0000] {logging_mixin.py:188} INFO - [2024-01-29T13:02:22.491+0000] {dag.py:3036} INFO - Sync 1 DAGs
[2024-01-29T13:02:22.514+0000] {logging_mixin.py:188} INFO - [2024-01-29T13:02:22.514+0000] {dag.py:3823} INFO - Setting next_dagrun for example_task_group to 2024-01-28 00:00:00+00:00, run_after=2024-01-29 00:00:00+00:00
[2024-01-29T13:02:22.532+0000] {processor.py:183} INFO - Processing /home/airflow/.local/lib/python3.8/site-packages/airflow/example_dags/example_task_group.py took 0.074 seconds
[2024-01-29T13:02:52.568+0000] {processor.py:161} INFO - Started process (PID=1335) to work on /home/airflow/.local/lib/python3.8/site-packages/airflow/example_dags/example_task_group.py
[2024-01-29T13:02:52.569+0000] {processor.py:830} INFO - Processing file /home/airflow/.local/lib/python3.8/site-packages/airflow/example_dags/example_task_group.py for tasks to queue
[2024-01-29T13:02:52.570+0000] {logging_mixin.py:188} INFO - [2024-01-29T13:02:52.570+0000] {dagbag.py:538} INFO - Filling up the DagBag from /home/airflow/.local/lib/python3.8/site-packages/airflow/example_dags/example_task_group.py
[2024-01-29T13:02:52.577+0000] {processor.py:840} INFO - DAG(s) 'example_task_group' retrieved from /home/airflow/.local/lib/python3.8/site-packages/airflow/example_dags/example_task_group.py
[2024-01-29T13:02:52.599+0000] {logging_mixin.py:188} INFO - [2024-01-29T13:02:52.599+0000] {dag.py:3036} INFO - Sync 1 DAGs
[2024-01-29T13:02:52.621+0000] {logging_mixin.py:188} INFO - [2024-01-29T13:02:52.621+0000] {dag.py:3823} INFO - Setting next_dagrun for example_task_group to 2024-01-28 00:00:00+00:00, run_after=2024-01-29 00:00:00+00:00
[2024-01-29T13:02:52.640+0000] {processor.py:183} INFO - Processing /home/airflow/.local/lib/python3.8/site-packages/airflow/example_dags/example_task_group.py took 0.076 seconds
[2024-01-29T13:03:23.104+0000] {processor.py:161} INFO - Started process (PID=1391) to work on /home/airflow/.local/lib/python3.8/site-packages/airflow/example_dags/example_task_group.py
[2024-01-29T13:03:23.105+0000] {processor.py:830} INFO - Processing file /home/airflow/.local/lib/python3.8/site-packages/airflow/example_dags/example_task_group.py for tasks to queue
[2024-01-29T13:03:23.108+0000] {logging_mixin.py:188} INFO - [2024-01-29T13:03:23.107+0000] {dagbag.py:538} INFO - Filling up the DagBag from /home/airflow/.local/lib/python3.8/site-packages/airflow/example_dags/example_task_group.py
[2024-01-29T13:03:23.118+0000] {processor.py:840} INFO - DAG(s) 'example_task_group' retrieved from /home/airflow/.local/lib/python3.8/site-packages/airflow/example_dags/example_task_group.py
[2024-01-29T13:03:23.147+0000] {logging_mixin.py:188} INFO - [2024-01-29T13:03:23.147+0000] {dag.py:3036} INFO - Sync 1 DAGs
[2024-01-29T13:03:23.178+0000] {logging_mixin.py:188} INFO - [2024-01-29T13:03:23.178+0000] {dag.py:3823} INFO - Setting next_dagrun for example_task_group to 2024-01-28 00:00:00+00:00, run_after=2024-01-29 00:00:00+00:00
[2024-01-29T13:03:23.201+0000] {processor.py:183} INFO - Processing /home/airflow/.local/lib/python3.8/site-packages/airflow/example_dags/example_task_group.py took 0.101 seconds
[2024-01-29T13:03:53.273+0000] {processor.py:161} INFO - Started process (PID=1447) to work on /home/airflow/.local/lib/python3.8/site-packages/airflow/example_dags/example_task_group.py
[2024-01-29T13:03:53.274+0000] {processor.py:830} INFO - Processing file /home/airflow/.local/lib/python3.8/site-packages/airflow/example_dags/example_task_group.py for tasks to queue
[2024-01-29T13:03:53.275+0000] {logging_mixin.py:188} INFO - [2024-01-29T13:03:53.275+0000] {dagbag.py:538} INFO - Filling up the DagBag from /home/airflow/.local/lib/python3.8/site-packages/airflow/example_dags/example_task_group.py
[2024-01-29T13:03:53.282+0000] {processor.py:840} INFO - DAG(s) 'example_task_group' retrieved from /home/airflow/.local/lib/python3.8/site-packages/airflow/example_dags/example_task_group.py
[2024-01-29T13:03:53.303+0000] {logging_mixin.py:188} INFO - [2024-01-29T13:03:53.303+0000] {dag.py:3036} INFO - Sync 1 DAGs
[2024-01-29T13:03:53.324+0000] {logging_mixin.py:188} INFO - [2024-01-29T13:03:53.323+0000] {dag.py:3823} INFO - Setting next_dagrun for example_task_group to 2024-01-28 00:00:00+00:00, run_after=2024-01-29 00:00:00+00:00
[2024-01-29T13:03:53.343+0000] {processor.py:183} INFO - Processing /home/airflow/.local/lib/python3.8/site-packages/airflow/example_dags/example_task_group.py took 0.072 seconds
[2024-01-29T13:04:24.308+0000] {processor.py:161} INFO - Started process (PID=1502) to work on /home/airflow/.local/lib/python3.8/site-packages/airflow/example_dags/example_task_group.py
[2024-01-29T13:04:24.309+0000] {processor.py:830} INFO - Processing file /home/airflow/.local/lib/python3.8/site-packages/airflow/example_dags/example_task_group.py for tasks to queue
[2024-01-29T13:04:24.311+0000] {logging_mixin.py:188} INFO - [2024-01-29T13:04:24.310+0000] {dagbag.py:538} INFO - Filling up the DagBag from /home/airflow/.local/lib/python3.8/site-packages/airflow/example_dags/example_task_group.py
[2024-01-29T13:04:24.318+0000] {processor.py:840} INFO - DAG(s) 'example_task_group' retrieved from /home/airflow/.local/lib/python3.8/site-packages/airflow/example_dags/example_task_group.py
[2024-01-29T13:04:24.339+0000] {logging_mixin.py:188} INFO - [2024-01-29T13:04:24.339+0000] {dag.py:3036} INFO - Sync 1 DAGs
[2024-01-29T13:04:24.361+0000] {logging_mixin.py:188} INFO - [2024-01-29T13:04:24.360+0000] {dag.py:3823} INFO - Setting next_dagrun for example_task_group to 2024-01-28 00:00:00+00:00, run_after=2024-01-29 00:00:00+00:00
[2024-01-29T13:04:24.378+0000] {processor.py:183} INFO - Processing /home/airflow/.local/lib/python3.8/site-packages/airflow/example_dags/example_task_group.py took 0.073 seconds
[2024-01-29T13:04:54.563+0000] {processor.py:161} INFO - Started process (PID=1558) to work on /home/airflow/.local/lib/python3.8/site-packages/airflow/example_dags/example_task_group.py
[2024-01-29T13:04:54.564+0000] {processor.py:830} INFO - Processing file /home/airflow/.local/lib/python3.8/site-packages/airflow/example_dags/example_task_group.py for tasks to queue
[2024-01-29T13:04:54.566+0000] {logging_mixin.py:188} INFO - [2024-01-29T13:04:54.565+0000] {dagbag.py:538} INFO - Filling up the DagBag from /home/airflow/.local/lib/python3.8/site-packages/airflow/example_dags/example_task_group.py
[2024-01-29T13:04:54.573+0000] {processor.py:840} INFO - DAG(s) 'example_task_group' retrieved from /home/airflow/.local/lib/python3.8/site-packages/airflow/example_dags/example_task_group.py
[2024-01-29T13:04:54.595+0000] {logging_mixin.py:188} INFO - [2024-01-29T13:04:54.594+0000] {dag.py:3036} INFO - Sync 1 DAGs
[2024-01-29T13:04:54.617+0000] {logging_mixin.py:188} INFO - [2024-01-29T13:04:54.617+0000] {dag.py:3823} INFO - Setting next_dagrun for example_task_group to 2024-01-28 00:00:00+00:00, run_after=2024-01-29 00:00:00+00:00
[2024-01-29T13:04:54.635+0000] {processor.py:183} INFO - Processing /home/airflow/.local/lib/python3.8/site-packages/airflow/example_dags/example_task_group.py took 0.075 seconds
[2024-01-29T13:05:25.588+0000] {processor.py:161} INFO - Started process (PID=1614) to work on /home/airflow/.local/lib/python3.8/site-packages/airflow/example_dags/example_task_group.py
[2024-01-29T13:05:25.589+0000] {processor.py:830} INFO - Processing file /home/airflow/.local/lib/python3.8/site-packages/airflow/example_dags/example_task_group.py for tasks to queue
[2024-01-29T13:05:25.590+0000] {logging_mixin.py:188} INFO - [2024-01-29T13:05:25.590+0000] {dagbag.py:538} INFO - Filling up the DagBag from /home/airflow/.local/lib/python3.8/site-packages/airflow/example_dags/example_task_group.py
[2024-01-29T13:05:25.598+0000] {processor.py:840} INFO - DAG(s) 'example_task_group' retrieved from /home/airflow/.local/lib/python3.8/site-packages/airflow/example_dags/example_task_group.py
[2024-01-29T13:05:25.619+0000] {logging_mixin.py:188} INFO - [2024-01-29T13:05:25.619+0000] {dag.py:3036} INFO - Sync 1 DAGs
[2024-01-29T13:05:25.641+0000] {logging_mixin.py:188} INFO - [2024-01-29T13:05:25.641+0000] {dag.py:3823} INFO - Setting next_dagrun for example_task_group to 2024-01-28 00:00:00+00:00, run_after=2024-01-29 00:00:00+00:00
[2024-01-29T13:05:25.659+0000] {processor.py:183} INFO - Processing /home/airflow/.local/lib/python3.8/site-packages/airflow/example_dags/example_task_group.py took 0.074 seconds
[2024-01-29T13:05:55.784+0000] {processor.py:161} INFO - Started process (PID=1670) to work on /home/airflow/.local/lib/python3.8/site-packages/airflow/example_dags/example_task_group.py
[2024-01-29T13:05:55.785+0000] {processor.py:830} INFO - Processing file /home/airflow/.local/lib/python3.8/site-packages/airflow/example_dags/example_task_group.py for tasks to queue
[2024-01-29T13:05:55.786+0000] {logging_mixin.py:188} INFO - [2024-01-29T13:05:55.786+0000] {dagbag.py:538} INFO - Filling up the DagBag from /home/airflow/.local/lib/python3.8/site-packages/airflow/example_dags/example_task_group.py
[2024-01-29T13:05:55.793+0000] {processor.py:840} INFO - DAG(s) 'example_task_group' retrieved from /home/airflow/.local/lib/python3.8/site-packages/airflow/example_dags/example_task_group.py
[2024-01-29T13:05:55.820+0000] {logging_mixin.py:188} INFO - [2024-01-29T13:05:55.819+0000] {dag.py:3036} INFO - Sync 1 DAGs
[2024-01-29T13:05:55.843+0000] {logging_mixin.py:188} INFO - [2024-01-29T13:05:55.843+0000] {dag.py:3823} INFO - Setting next_dagrun for example_task_group to 2024-01-28 00:00:00+00:00, run_after=2024-01-29 00:00:00+00:00
[2024-01-29T13:05:55.861+0000] {processor.py:183} INFO - Processing /home/airflow/.local/lib/python3.8/site-packages/airflow/example_dags/example_task_group.py took 0.080 seconds
[2024-01-29T13:06:26.025+0000] {processor.py:161} INFO - Started process (PID=1727) to work on /home/airflow/.local/lib/python3.8/site-packages/airflow/example_dags/example_task_group.py
[2024-01-29T13:06:26.026+0000] {processor.py:830} INFO - Processing file /home/airflow/.local/lib/python3.8/site-packages/airflow/example_dags/example_task_group.py for tasks to queue
[2024-01-29T13:06:26.027+0000] {logging_mixin.py:188} INFO - [2024-01-29T13:06:26.027+0000] {dagbag.py:538} INFO - Filling up the DagBag from /home/airflow/.local/lib/python3.8/site-packages/airflow/example_dags/example_task_group.py
[2024-01-29T13:06:26.034+0000] {processor.py:840} INFO - DAG(s) 'example_task_group' retrieved from /home/airflow/.local/lib/python3.8/site-packages/airflow/example_dags/example_task_group.py
[2024-01-29T13:06:26.057+0000] {logging_mixin.py:188} INFO - [2024-01-29T13:06:26.057+0000] {dag.py:3036} INFO - Sync 1 DAGs
[2024-01-29T13:06:26.079+0000] {logging_mixin.py:188} INFO - [2024-01-29T13:06:26.078+0000] {dag.py:3823} INFO - Setting next_dagrun for example_task_group to 2024-01-28 00:00:00+00:00, run_after=2024-01-29 00:00:00+00:00
[2024-01-29T13:06:26.098+0000] {processor.py:183} INFO - Processing /home/airflow/.local/lib/python3.8/site-packages/airflow/example_dags/example_task_group.py took 0.076 seconds
[2024-01-29T13:06:56.177+0000] {processor.py:161} INFO - Started process (PID=1783) to work on /home/airflow/.local/lib/python3.8/site-packages/airflow/example_dags/example_task_group.py
[2024-01-29T13:06:56.178+0000] {processor.py:830} INFO - Processing file /home/airflow/.local/lib/python3.8/site-packages/airflow/example_dags/example_task_group.py for tasks to queue
[2024-01-29T13:06:56.179+0000] {logging_mixin.py:188} INFO - [2024-01-29T13:06:56.179+0000] {dagbag.py:538} INFO - Filling up the DagBag from /home/airflow/.local/lib/python3.8/site-packages/airflow/example_dags/example_task_group.py
[2024-01-29T13:06:56.186+0000] {processor.py:840} INFO - DAG(s) 'example_task_group' retrieved from /home/airflow/.local/lib/python3.8/site-packages/airflow/example_dags/example_task_group.py
[2024-01-29T13:06:56.207+0000] {logging_mixin.py:188} INFO - [2024-01-29T13:06:56.207+0000] {dag.py:3036} INFO - Sync 1 DAGs
[2024-01-29T13:06:56.229+0000] {logging_mixin.py:188} INFO - [2024-01-29T13:06:56.228+0000] {dag.py:3823} INFO - Setting next_dagrun for example_task_group to 2024-01-28 00:00:00+00:00, run_after=2024-01-29 00:00:00+00:00
[2024-01-29T13:06:56.250+0000] {processor.py:183} INFO - Processing /home/airflow/.local/lib/python3.8/site-packages/airflow/example_dags/example_task_group.py took 0.076 seconds
[2024-01-29T13:07:27.167+0000] {processor.py:161} INFO - Started process (PID=1839) to work on /home/airflow/.local/lib/python3.8/site-packages/airflow/example_dags/example_task_group.py
[2024-01-29T13:07:27.168+0000] {processor.py:830} INFO - Processing file /home/airflow/.local/lib/python3.8/site-packages/airflow/example_dags/example_task_group.py for tasks to queue
[2024-01-29T13:07:27.169+0000] {logging_mixin.py:188} INFO - [2024-01-29T13:07:27.169+0000] {dagbag.py:538} INFO - Filling up the DagBag from /home/airflow/.local/lib/python3.8/site-packages/airflow/example_dags/example_task_group.py
[2024-01-29T13:07:27.176+0000] {processor.py:840} INFO - DAG(s) 'example_task_group' retrieved from /home/airflow/.local/lib/python3.8/site-packages/airflow/example_dags/example_task_group.py
[2024-01-29T13:07:27.198+0000] {logging_mixin.py:188} INFO - [2024-01-29T13:07:27.198+0000] {dag.py:3036} INFO - Sync 1 DAGs
[2024-01-29T13:07:27.220+0000] {logging_mixin.py:188} INFO - [2024-01-29T13:07:27.220+0000] {dag.py:3823} INFO - Setting next_dagrun for example_task_group to 2024-01-28 00:00:00+00:00, run_after=2024-01-29 00:00:00+00:00
[2024-01-29T13:07:27.239+0000] {processor.py:183} INFO - Processing /home/airflow/.local/lib/python3.8/site-packages/airflow/example_dags/example_task_group.py took 0.075 seconds
[2024-01-29T13:07:57.860+0000] {processor.py:161} INFO - Started process (PID=1896) to work on /home/airflow/.local/lib/python3.8/site-packages/airflow/example_dags/example_task_group.py
[2024-01-29T13:07:57.861+0000] {processor.py:830} INFO - Processing file /home/airflow/.local/lib/python3.8/site-packages/airflow/example_dags/example_task_group.py for tasks to queue
[2024-01-29T13:07:57.863+0000] {logging_mixin.py:188} INFO - [2024-01-29T13:07:57.862+0000] {dagbag.py:538} INFO - Filling up the DagBag from /home/airflow/.local/lib/python3.8/site-packages/airflow/example_dags/example_task_group.py
[2024-01-29T13:07:57.870+0000] {processor.py:840} INFO - DAG(s) 'example_task_group' retrieved from /home/airflow/.local/lib/python3.8/site-packages/airflow/example_dags/example_task_group.py
[2024-01-29T13:07:57.891+0000] {logging_mixin.py:188} INFO - [2024-01-29T13:07:57.890+0000] {dag.py:3036} INFO - Sync 1 DAGs
[2024-01-29T13:07:57.912+0000] {logging_mixin.py:188} INFO - [2024-01-29T13:07:57.912+0000] {dag.py:3823} INFO - Setting next_dagrun for example_task_group to 2024-01-28 00:00:00+00:00, run_after=2024-01-29 00:00:00+00:00
[2024-01-29T13:07:57.929+0000] {processor.py:183} INFO - Processing /home/airflow/.local/lib/python3.8/site-packages/airflow/example_dags/example_task_group.py took 0.072 seconds
[2024-01-29T13:08:28.686+0000] {processor.py:161} INFO - Started process (PID=1952) to work on /home/airflow/.local/lib/python3.8/site-packages/airflow/example_dags/example_task_group.py
[2024-01-29T13:08:28.687+0000] {processor.py:830} INFO - Processing file /home/airflow/.local/lib/python3.8/site-packages/airflow/example_dags/example_task_group.py for tasks to queue
[2024-01-29T13:08:28.688+0000] {logging_mixin.py:188} INFO - [2024-01-29T13:08:28.688+0000] {dagbag.py:538} INFO - Filling up the DagBag from /home/airflow/.local/lib/python3.8/site-packages/airflow/example_dags/example_task_group.py
[2024-01-29T13:08:28.695+0000] {processor.py:840} INFO - DAG(s) 'example_task_group' retrieved from /home/airflow/.local/lib/python3.8/site-packages/airflow/example_dags/example_task_group.py
[2024-01-29T13:08:28.716+0000] {logging_mixin.py:188} INFO - [2024-01-29T13:08:28.716+0000] {dag.py:3036} INFO - Sync 1 DAGs
[2024-01-29T13:08:28.737+0000] {logging_mixin.py:188} INFO - [2024-01-29T13:08:28.737+0000] {dag.py:3823} INFO - Setting next_dagrun for example_task_group to 2024-01-28 00:00:00+00:00, run_after=2024-01-29 00:00:00+00:00
[2024-01-29T13:08:28.754+0000] {processor.py:183} INFO - Processing /home/airflow/.local/lib/python3.8/site-packages/airflow/example_dags/example_task_group.py took 0.071 seconds
[2024-01-29T13:08:59.704+0000] {processor.py:161} INFO - Started process (PID=2008) to work on /home/airflow/.local/lib/python3.8/site-packages/airflow/example_dags/example_task_group.py
[2024-01-29T13:08:59.705+0000] {processor.py:830} INFO - Processing file /home/airflow/.local/lib/python3.8/site-packages/airflow/example_dags/example_task_group.py for tasks to queue
[2024-01-29T13:08:59.706+0000] {logging_mixin.py:188} INFO - [2024-01-29T13:08:59.706+0000] {dagbag.py:538} INFO - Filling up the DagBag from /home/airflow/.local/lib/python3.8/site-packages/airflow/example_dags/example_task_group.py
[2024-01-29T13:08:59.713+0000] {processor.py:840} INFO - DAG(s) 'example_task_group' retrieved from /home/airflow/.local/lib/python3.8/site-packages/airflow/example_dags/example_task_group.py
[2024-01-29T13:08:59.737+0000] {logging_mixin.py:188} INFO - [2024-01-29T13:08:59.737+0000] {dag.py:3036} INFO - Sync 1 DAGs
[2024-01-29T13:08:59.759+0000] {logging_mixin.py:188} INFO - [2024-01-29T13:08:59.759+0000] {dag.py:3823} INFO - Setting next_dagrun for example_task_group to 2024-01-28 00:00:00+00:00, run_after=2024-01-29 00:00:00+00:00
[2024-01-29T13:08:59.778+0000] {processor.py:183} INFO - Processing /home/airflow/.local/lib/python3.8/site-packages/airflow/example_dags/example_task_group.py took 0.078 seconds
[2024-01-29T13:09:30.600+0000] {processor.py:161} INFO - Started process (PID=2064) to work on /home/airflow/.local/lib/python3.8/site-packages/airflow/example_dags/example_task_group.py
[2024-01-29T13:09:30.601+0000] {processor.py:830} INFO - Processing file /home/airflow/.local/lib/python3.8/site-packages/airflow/example_dags/example_task_group.py for tasks to queue
[2024-01-29T13:09:30.602+0000] {logging_mixin.py:188} INFO - [2024-01-29T13:09:30.602+0000] {dagbag.py:538} INFO - Filling up the DagBag from /home/airflow/.local/lib/python3.8/site-packages/airflow/example_dags/example_task_group.py
[2024-01-29T13:09:30.609+0000] {processor.py:840} INFO - DAG(s) 'example_task_group' retrieved from /home/airflow/.local/lib/python3.8/site-packages/airflow/example_dags/example_task_group.py
[2024-01-29T13:09:30.631+0000] {logging_mixin.py:188} INFO - [2024-01-29T13:09:30.630+0000] {dag.py:3036} INFO - Sync 1 DAGs
[2024-01-29T13:09:30.652+0000] {logging_mixin.py:188} INFO - [2024-01-29T13:09:30.651+0000] {dag.py:3823} INFO - Setting next_dagrun for example_task_group to 2024-01-28 00:00:00+00:00, run_after=2024-01-29 00:00:00+00:00
[2024-01-29T13:09:30.669+0000] {processor.py:183} INFO - Processing /home/airflow/.local/lib/python3.8/site-packages/airflow/example_dags/example_task_group.py took 0.072 seconds
[2024-01-29T13:10:01.599+0000] {processor.py:161} INFO - Started process (PID=2126) to work on /home/airflow/.local/lib/python3.8/site-packages/airflow/example_dags/example_task_group.py
[2024-01-29T13:10:01.600+0000] {processor.py:830} INFO - Processing file /home/airflow/.local/lib/python3.8/site-packages/airflow/example_dags/example_task_group.py for tasks to queue
[2024-01-29T13:10:01.602+0000] {logging_mixin.py:188} INFO - [2024-01-29T13:10:01.601+0000] {dagbag.py:538} INFO - Filling up the DagBag from /home/airflow/.local/lib/python3.8/site-packages/airflow/example_dags/example_task_group.py
[2024-01-29T13:10:01.609+0000] {processor.py:840} INFO - DAG(s) 'example_task_group' retrieved from /home/airflow/.local/lib/python3.8/site-packages/airflow/example_dags/example_task_group.py
[2024-01-29T13:10:01.632+0000] {logging_mixin.py:188} INFO - [2024-01-29T13:10:01.632+0000] {dag.py:3036} INFO - Sync 1 DAGs
[2024-01-29T13:10:01.653+0000] {logging_mixin.py:188} INFO - [2024-01-29T13:10:01.653+0000] {dag.py:3823} INFO - Setting next_dagrun for example_task_group to 2024-01-28 00:00:00+00:00, run_after=2024-01-29 00:00:00+00:00
[2024-01-29T13:10:01.670+0000] {processor.py:183} INFO - Processing /home/airflow/.local/lib/python3.8/site-packages/airflow/example_dags/example_task_group.py took 0.074 seconds
[2024-01-29T13:10:32.455+0000] {processor.py:161} INFO - Started process (PID=2182) to work on /home/airflow/.local/lib/python3.8/site-packages/airflow/example_dags/example_task_group.py
[2024-01-29T13:10:32.456+0000] {processor.py:830} INFO - Processing file /home/airflow/.local/lib/python3.8/site-packages/airflow/example_dags/example_task_group.py for tasks to queue
[2024-01-29T13:10:32.458+0000] {logging_mixin.py:188} INFO - [2024-01-29T13:10:32.458+0000] {dagbag.py:538} INFO - Filling up the DagBag from /home/airflow/.local/lib/python3.8/site-packages/airflow/example_dags/example_task_group.py
[2024-01-29T13:10:32.465+0000] {processor.py:840} INFO - DAG(s) 'example_task_group' retrieved from /home/airflow/.local/lib/python3.8/site-packages/airflow/example_dags/example_task_group.py
[2024-01-29T13:10:32.487+0000] {logging_mixin.py:188} INFO - [2024-01-29T13:10:32.487+0000] {dag.py:3036} INFO - Sync 1 DAGs
[2024-01-29T13:10:32.510+0000] {logging_mixin.py:188} INFO - [2024-01-29T13:10:32.510+0000] {dag.py:3823} INFO - Setting next_dagrun for example_task_group to 2024-01-28 00:00:00+00:00, run_after=2024-01-29 00:00:00+00:00
[2024-01-29T13:10:32.527+0000] {processor.py:183} INFO - Processing /home/airflow/.local/lib/python3.8/site-packages/airflow/example_dags/example_task_group.py took 0.075 seconds
[2024-01-29T13:11:03.225+0000] {processor.py:161} INFO - Started process (PID=2238) to work on /home/airflow/.local/lib/python3.8/site-packages/airflow/example_dags/example_task_group.py
[2024-01-29T13:11:03.225+0000] {processor.py:830} INFO - Processing file /home/airflow/.local/lib/python3.8/site-packages/airflow/example_dags/example_task_group.py for tasks to queue
[2024-01-29T13:11:03.227+0000] {logging_mixin.py:188} INFO - [2024-01-29T13:11:03.227+0000] {dagbag.py:538} INFO - Filling up the DagBag from /home/airflow/.local/lib/python3.8/site-packages/airflow/example_dags/example_task_group.py
[2024-01-29T13:11:03.235+0000] {processor.py:840} INFO - DAG(s) 'example_task_group' retrieved from /home/airflow/.local/lib/python3.8/site-packages/airflow/example_dags/example_task_group.py
[2024-01-29T13:11:03.256+0000] {logging_mixin.py:188} INFO - [2024-01-29T13:11:03.256+0000] {dag.py:3036} INFO - Sync 1 DAGs
[2024-01-29T13:11:03.276+0000] {logging_mixin.py:188} INFO - [2024-01-29T13:11:03.276+0000] {dag.py:3823} INFO - Setting next_dagrun for example_task_group to 2024-01-28 00:00:00+00:00, run_after=2024-01-29 00:00:00+00:00
[2024-01-29T13:11:03.295+0000] {processor.py:183} INFO - Processing /home/airflow/.local/lib/python3.8/site-packages/airflow/example_dags/example_task_group.py took 0.073 seconds
[2024-01-29T13:11:33.454+0000] {processor.py:161} INFO - Started process (PID=2294) to work on /home/airflow/.local/lib/python3.8/site-packages/airflow/example_dags/example_task_group.py
[2024-01-29T13:11:33.455+0000] {processor.py:830} INFO - Processing file /home/airflow/.local/lib/python3.8/site-packages/airflow/example_dags/example_task_group.py for tasks to queue
[2024-01-29T13:11:33.456+0000] {logging_mixin.py:188} INFO - [2024-01-29T13:11:33.456+0000] {dagbag.py:538} INFO - Filling up the DagBag from /home/airflow/.local/lib/python3.8/site-packages/airflow/example_dags/example_task_group.py
[2024-01-29T13:11:33.463+0000] {processor.py:840} INFO - DAG(s) 'example_task_group' retrieved from /home/airflow/.local/lib/python3.8/site-packages/airflow/example_dags/example_task_group.py
[2024-01-29T13:11:33.491+0000] {logging_mixin.py:188} INFO - [2024-01-29T13:11:33.491+0000] {dag.py:3036} INFO - Sync 1 DAGs
[2024-01-29T13:11:33.519+0000] {logging_mixin.py:188} INFO - [2024-01-29T13:11:33.519+0000] {dag.py:3823} INFO - Setting next_dagrun for example_task_group to 2024-01-28 00:00:00+00:00, run_after=2024-01-29 00:00:00+00:00
[2024-01-29T13:11:33.537+0000] {processor.py:183} INFO - Processing /home/airflow/.local/lib/python3.8/site-packages/airflow/example_dags/example_task_group.py took 0.086 seconds
[2024-01-29T13:12:04.512+0000] {processor.py:161} INFO - Started process (PID=2350) to work on /home/airflow/.local/lib/python3.8/site-packages/airflow/example_dags/example_task_group.py
[2024-01-29T13:12:04.513+0000] {processor.py:830} INFO - Processing file /home/airflow/.local/lib/python3.8/site-packages/airflow/example_dags/example_task_group.py for tasks to queue
[2024-01-29T13:12:04.515+0000] {logging_mixin.py:188} INFO - [2024-01-29T13:12:04.514+0000] {dagbag.py:538} INFO - Filling up the DagBag from /home/airflow/.local/lib/python3.8/site-packages/airflow/example_dags/example_task_group.py
[2024-01-29T13:12:04.522+0000] {processor.py:840} INFO - DAG(s) 'example_task_group' retrieved from /home/airflow/.local/lib/python3.8/site-packages/airflow/example_dags/example_task_group.py
[2024-01-29T13:12:04.543+0000] {logging_mixin.py:188} INFO - [2024-01-29T13:12:04.542+0000] {dag.py:3036} INFO - Sync 1 DAGs
[2024-01-29T13:12:04.564+0000] {logging_mixin.py:188} INFO - [2024-01-29T13:12:04.563+0000] {dag.py:3823} INFO - Setting next_dagrun for example_task_group to 2024-01-28 00:00:00+00:00, run_after=2024-01-29 00:00:00+00:00
[2024-01-29T13:12:04.581+0000] {processor.py:183} INFO - Processing /home/airflow/.local/lib/python3.8/site-packages/airflow/example_dags/example_task_group.py took 0.072 seconds
[2024-01-29T13:17:24.283+0000] {processor.py:161} INFO - Started process (PID=2397) to work on /home/airflow/.local/lib/python3.8/site-packages/airflow/example_dags/example_task_group.py
[2024-01-29T13:17:24.285+0000] {processor.py:830} INFO - Processing file /home/airflow/.local/lib/python3.8/site-packages/airflow/example_dags/example_task_group.py for tasks to queue
[2024-01-29T13:17:24.288+0000] {logging_mixin.py:188} INFO - [2024-01-29T13:17:24.287+0000] {dagbag.py:538} INFO - Filling up the DagBag from /home/airflow/.local/lib/python3.8/site-packages/airflow/example_dags/example_task_group.py
[2024-01-29T13:17:24.303+0000] {processor.py:840} INFO - DAG(s) 'example_task_group' retrieved from /home/airflow/.local/lib/python3.8/site-packages/airflow/example_dags/example_task_group.py
[2024-01-29T13:17:24.364+0000] {logging_mixin.py:188} INFO - [2024-01-29T13:17:24.363+0000] {dag.py:3036} INFO - Sync 1 DAGs
[2024-01-29T13:17:24.417+0000] {logging_mixin.py:188} INFO - [2024-01-29T13:17:24.416+0000] {dag.py:3823} INFO - Setting next_dagrun for example_task_group to 2024-01-28 00:00:00+00:00, run_after=2024-01-29 00:00:00+00:00
[2024-01-29T13:17:24.455+0000] {processor.py:183} INFO - Processing /home/airflow/.local/lib/python3.8/site-packages/airflow/example_dags/example_task_group.py took 0.179 seconds
[2024-01-29T13:17:55.030+0000] {processor.py:161} INFO - Started process (PID=2453) to work on /home/airflow/.local/lib/python3.8/site-packages/airflow/example_dags/example_task_group.py
[2024-01-29T13:17:55.032+0000] {processor.py:830} INFO - Processing file /home/airflow/.local/lib/python3.8/site-packages/airflow/example_dags/example_task_group.py for tasks to queue
[2024-01-29T13:17:55.033+0000] {logging_mixin.py:188} INFO - [2024-01-29T13:17:55.033+0000] {dagbag.py:538} INFO - Filling up the DagBag from /home/airflow/.local/lib/python3.8/site-packages/airflow/example_dags/example_task_group.py
[2024-01-29T13:17:55.041+0000] {processor.py:840} INFO - DAG(s) 'example_task_group' retrieved from /home/airflow/.local/lib/python3.8/site-packages/airflow/example_dags/example_task_group.py
[2024-01-29T13:17:55.064+0000] {logging_mixin.py:188} INFO - [2024-01-29T13:17:55.063+0000] {dag.py:3036} INFO - Sync 1 DAGs
[2024-01-29T13:17:55.205+0000] {logging_mixin.py:188} INFO - [2024-01-29T13:17:55.205+0000] {dag.py:3823} INFO - Setting next_dagrun for example_task_group to 2024-01-28 00:00:00+00:00, run_after=2024-01-29 00:00:00+00:00
[2024-01-29T13:17:55.226+0000] {processor.py:183} INFO - Processing /home/airflow/.local/lib/python3.8/site-packages/airflow/example_dags/example_task_group.py took 0.199 seconds
[2024-01-29T13:18:25.476+0000] {processor.py:161} INFO - Started process (PID=2509) to work on /home/airflow/.local/lib/python3.8/site-packages/airflow/example_dags/example_task_group.py
[2024-01-29T13:18:25.477+0000] {processor.py:830} INFO - Processing file /home/airflow/.local/lib/python3.8/site-packages/airflow/example_dags/example_task_group.py for tasks to queue
[2024-01-29T13:18:25.479+0000] {logging_mixin.py:188} INFO - [2024-01-29T13:18:25.479+0000] {dagbag.py:538} INFO - Filling up the DagBag from /home/airflow/.local/lib/python3.8/site-packages/airflow/example_dags/example_task_group.py
[2024-01-29T13:18:25.488+0000] {processor.py:840} INFO - DAG(s) 'example_task_group' retrieved from /home/airflow/.local/lib/python3.8/site-packages/airflow/example_dags/example_task_group.py
[2024-01-29T13:18:25.518+0000] {logging_mixin.py:188} INFO - [2024-01-29T13:18:25.518+0000] {dag.py:3036} INFO - Sync 1 DAGs
[2024-01-29T13:18:25.541+0000] {logging_mixin.py:188} INFO - [2024-01-29T13:18:25.541+0000] {dag.py:3823} INFO - Setting next_dagrun for example_task_group to 2024-01-28 00:00:00+00:00, run_after=2024-01-29 00:00:00+00:00
[2024-01-29T13:18:25.561+0000] {processor.py:183} INFO - Processing /home/airflow/.local/lib/python3.8/site-packages/airflow/example_dags/example_task_group.py took 0.088 seconds
