[2024-01-29T12:41:09.148+0000] {processor.py:161} INFO - Started process (PID=63) to work on /home/airflow/.local/lib/python3.8/site-packages/airflow/example_dags/example_setup_teardown.py
[2024-01-29T12:41:09.148+0000] {processor.py:830} INFO - Processing file /home/airflow/.local/lib/python3.8/site-packages/airflow/example_dags/example_setup_teardown.py for tasks to queue
[2024-01-29T12:41:09.150+0000] {logging_mixin.py:188} INFO - [2024-01-29T12:41:09.150+0000] {dagbag.py:538} INFO - Filling up the DagBag from /home/airflow/.local/lib/python3.8/site-packages/airflow/example_dags/example_setup_teardown.py
[2024-01-29T12:41:09.157+0000] {processor.py:840} INFO - DAG(s) 'example_setup_teardown' retrieved from /home/airflow/.local/lib/python3.8/site-packages/airflow/example_dags/example_setup_teardown.py
[2024-01-29T12:41:09.293+0000] {logging_mixin.py:188} INFO - [2024-01-29T12:41:09.292+0000] {override.py:1769} INFO - Created Permission View: can read on DAG:example_setup_teardown
[2024-01-29T12:41:09.303+0000] {logging_mixin.py:188} INFO - [2024-01-29T12:41:09.303+0000] {override.py:1769} INFO - Created Permission View: can edit on DAG:example_setup_teardown
[2024-01-29T12:41:09.310+0000] {logging_mixin.py:188} INFO - [2024-01-29T12:41:09.310+0000] {override.py:1769} INFO - Created Permission View: can delete on DAG:example_setup_teardown
[2024-01-29T12:41:09.311+0000] {logging_mixin.py:188} INFO - [2024-01-29T12:41:09.311+0000] {dag.py:3036} INFO - Sync 1 DAGs
[2024-01-29T12:41:09.323+0000] {logging_mixin.py:188} INFO - [2024-01-29T12:41:09.322+0000] {dag.py:3058} INFO - Creating ORM DAG for example_setup_teardown
[2024-01-29T12:41:09.334+0000] {logging_mixin.py:188} INFO - [2024-01-29T12:41:09.334+0000] {dag.py:3823} INFO - Setting next_dagrun for example_setup_teardown to 2024-01-28 00:00:00+00:00, run_after=2024-01-29 00:00:00+00:00
[2024-01-29T12:41:09.349+0000] {processor.py:183} INFO - Processing /home/airflow/.local/lib/python3.8/site-packages/airflow/example_dags/example_setup_teardown.py took 0.205 seconds
[2024-01-29T12:41:40.264+0000] {processor.py:161} INFO - Started process (PID=118) to work on /home/airflow/.local/lib/python3.8/site-packages/airflow/example_dags/example_setup_teardown.py
[2024-01-29T12:41:40.265+0000] {processor.py:830} INFO - Processing file /home/airflow/.local/lib/python3.8/site-packages/airflow/example_dags/example_setup_teardown.py for tasks to queue
[2024-01-29T12:41:40.268+0000] {logging_mixin.py:188} INFO - [2024-01-29T12:41:40.267+0000] {dagbag.py:538} INFO - Filling up the DagBag from /home/airflow/.local/lib/python3.8/site-packages/airflow/example_dags/example_setup_teardown.py
[2024-01-29T12:41:40.278+0000] {processor.py:840} INFO - DAG(s) 'example_setup_teardown' retrieved from /home/airflow/.local/lib/python3.8/site-packages/airflow/example_dags/example_setup_teardown.py
[2024-01-29T12:41:40.307+0000] {logging_mixin.py:188} INFO - [2024-01-29T12:41:40.306+0000] {dag.py:3036} INFO - Sync 1 DAGs
[2024-01-29T12:41:40.331+0000] {logging_mixin.py:188} INFO - [2024-01-29T12:41:40.331+0000] {dag.py:3823} INFO - Setting next_dagrun for example_setup_teardown to 2024-01-28 00:00:00+00:00, run_after=2024-01-29 00:00:00+00:00
[2024-01-29T12:41:40.350+0000] {processor.py:183} INFO - Processing /home/airflow/.local/lib/python3.8/site-packages/airflow/example_dags/example_setup_teardown.py took 0.092 seconds
[2024-01-29T12:51:15.505+0000] {processor.py:161} INFO - Started process (PID=64) to work on /home/airflow/.local/lib/python3.8/site-packages/airflow/example_dags/example_setup_teardown.py
[2024-01-29T12:51:15.506+0000] {processor.py:830} INFO - Processing file /home/airflow/.local/lib/python3.8/site-packages/airflow/example_dags/example_setup_teardown.py for tasks to queue
[2024-01-29T12:51:15.508+0000] {logging_mixin.py:188} INFO - [2024-01-29T12:51:15.507+0000] {dagbag.py:538} INFO - Filling up the DagBag from /home/airflow/.local/lib/python3.8/site-packages/airflow/example_dags/example_setup_teardown.py
[2024-01-29T12:51:15.516+0000] {processor.py:840} INFO - DAG(s) 'example_setup_teardown' retrieved from /home/airflow/.local/lib/python3.8/site-packages/airflow/example_dags/example_setup_teardown.py
[2024-01-29T12:51:15.529+0000] {logging_mixin.py:188} INFO - [2024-01-29T12:51:15.528+0000] {dag.py:3036} INFO - Sync 1 DAGs
[2024-01-29T12:51:15.554+0000] {logging_mixin.py:188} INFO - [2024-01-29T12:51:15.554+0000] {dag.py:3823} INFO - Setting next_dagrun for example_setup_teardown to 2024-01-28 00:00:00+00:00, run_after=2024-01-29 00:00:00+00:00
[2024-01-29T12:51:15.577+0000] {processor.py:183} INFO - Processing /home/airflow/.local/lib/python3.8/site-packages/airflow/example_dags/example_setup_teardown.py took 0.076 seconds
[2024-01-29T12:51:47.149+0000] {processor.py:161} INFO - Started process (PID=120) to work on /home/airflow/.local/lib/python3.8/site-packages/airflow/example_dags/example_setup_teardown.py
[2024-01-29T12:51:47.150+0000] {processor.py:830} INFO - Processing file /home/airflow/.local/lib/python3.8/site-packages/airflow/example_dags/example_setup_teardown.py for tasks to queue
[2024-01-29T12:51:47.152+0000] {logging_mixin.py:188} INFO - [2024-01-29T12:51:47.151+0000] {dagbag.py:538} INFO - Filling up the DagBag from /home/airflow/.local/lib/python3.8/site-packages/airflow/example_dags/example_setup_teardown.py
[2024-01-29T12:51:47.158+0000] {processor.py:840} INFO - DAG(s) 'example_setup_teardown' retrieved from /home/airflow/.local/lib/python3.8/site-packages/airflow/example_dags/example_setup_teardown.py
[2024-01-29T12:51:47.258+0000] {logging_mixin.py:188} INFO - [2024-01-29T12:51:47.257+0000] {dag.py:3036} INFO - Sync 1 DAGs
[2024-01-29T12:51:47.277+0000] {logging_mixin.py:188} INFO - [2024-01-29T12:51:47.277+0000] {dag.py:3823} INFO - Setting next_dagrun for example_setup_teardown to 2024-01-28 00:00:00+00:00, run_after=2024-01-29 00:00:00+00:00
[2024-01-29T12:51:47.297+0000] {processor.py:183} INFO - Processing /home/airflow/.local/lib/python3.8/site-packages/airflow/example_dags/example_setup_teardown.py took 0.151 seconds
[2024-01-29T12:52:17.858+0000] {processor.py:161} INFO - Started process (PID=176) to work on /home/airflow/.local/lib/python3.8/site-packages/airflow/example_dags/example_setup_teardown.py
[2024-01-29T12:52:17.859+0000] {processor.py:830} INFO - Processing file /home/airflow/.local/lib/python3.8/site-packages/airflow/example_dags/example_setup_teardown.py for tasks to queue
[2024-01-29T12:52:17.861+0000] {logging_mixin.py:188} INFO - [2024-01-29T12:52:17.861+0000] {dagbag.py:538} INFO - Filling up the DagBag from /home/airflow/.local/lib/python3.8/site-packages/airflow/example_dags/example_setup_teardown.py
[2024-01-29T12:52:17.867+0000] {processor.py:840} INFO - DAG(s) 'example_setup_teardown' retrieved from /home/airflow/.local/lib/python3.8/site-packages/airflow/example_dags/example_setup_teardown.py
[2024-01-29T12:52:17.886+0000] {logging_mixin.py:188} INFO - [2024-01-29T12:52:17.886+0000] {dag.py:3036} INFO - Sync 1 DAGs
[2024-01-29T12:52:17.907+0000] {logging_mixin.py:188} INFO - [2024-01-29T12:52:17.907+0000] {dag.py:3823} INFO - Setting next_dagrun for example_setup_teardown to 2024-01-28 00:00:00+00:00, run_after=2024-01-29 00:00:00+00:00
[2024-01-29T12:52:17.925+0000] {processor.py:183} INFO - Processing /home/airflow/.local/lib/python3.8/site-packages/airflow/example_dags/example_setup_teardown.py took 0.069 seconds
[2024-01-29T12:52:48.860+0000] {processor.py:161} INFO - Started process (PID=232) to work on /home/airflow/.local/lib/python3.8/site-packages/airflow/example_dags/example_setup_teardown.py
[2024-01-29T12:52:48.861+0000] {processor.py:830} INFO - Processing file /home/airflow/.local/lib/python3.8/site-packages/airflow/example_dags/example_setup_teardown.py for tasks to queue
[2024-01-29T12:52:48.862+0000] {logging_mixin.py:188} INFO - [2024-01-29T12:52:48.862+0000] {dagbag.py:538} INFO - Filling up the DagBag from /home/airflow/.local/lib/python3.8/site-packages/airflow/example_dags/example_setup_teardown.py
[2024-01-29T12:52:48.868+0000] {processor.py:840} INFO - DAG(s) 'example_setup_teardown' retrieved from /home/airflow/.local/lib/python3.8/site-packages/airflow/example_dags/example_setup_teardown.py
[2024-01-29T12:52:48.888+0000] {logging_mixin.py:188} INFO - [2024-01-29T12:52:48.888+0000] {dag.py:3036} INFO - Sync 1 DAGs
[2024-01-29T12:52:48.909+0000] {logging_mixin.py:188} INFO - [2024-01-29T12:52:48.909+0000] {dag.py:3823} INFO - Setting next_dagrun for example_setup_teardown to 2024-01-28 00:00:00+00:00, run_after=2024-01-29 00:00:00+00:00
[2024-01-29T12:52:48.927+0000] {processor.py:183} INFO - Processing /home/airflow/.local/lib/python3.8/site-packages/airflow/example_dags/example_setup_teardown.py took 0.070 seconds
[2024-01-29T12:53:18.976+0000] {processor.py:161} INFO - Started process (PID=287) to work on /home/airflow/.local/lib/python3.8/site-packages/airflow/example_dags/example_setup_teardown.py
[2024-01-29T12:53:18.977+0000] {processor.py:830} INFO - Processing file /home/airflow/.local/lib/python3.8/site-packages/airflow/example_dags/example_setup_teardown.py for tasks to queue
[2024-01-29T12:53:18.978+0000] {logging_mixin.py:188} INFO - [2024-01-29T12:53:18.978+0000] {dagbag.py:538} INFO - Filling up the DagBag from /home/airflow/.local/lib/python3.8/site-packages/airflow/example_dags/example_setup_teardown.py
[2024-01-29T12:53:18.984+0000] {processor.py:840} INFO - DAG(s) 'example_setup_teardown' retrieved from /home/airflow/.local/lib/python3.8/site-packages/airflow/example_dags/example_setup_teardown.py
[2024-01-29T12:53:19.004+0000] {logging_mixin.py:188} INFO - [2024-01-29T12:53:19.004+0000] {dag.py:3036} INFO - Sync 1 DAGs
[2024-01-29T12:53:19.027+0000] {logging_mixin.py:188} INFO - [2024-01-29T12:53:19.026+0000] {dag.py:3823} INFO - Setting next_dagrun for example_setup_teardown to 2024-01-28 00:00:00+00:00, run_after=2024-01-29 00:00:00+00:00
[2024-01-29T12:53:19.045+0000] {processor.py:183} INFO - Processing /home/airflow/.local/lib/python3.8/site-packages/airflow/example_dags/example_setup_teardown.py took 0.072 seconds
[2024-01-29T12:53:49.156+0000] {processor.py:161} INFO - Started process (PID=343) to work on /home/airflow/.local/lib/python3.8/site-packages/airflow/example_dags/example_setup_teardown.py
[2024-01-29T12:53:49.157+0000] {processor.py:830} INFO - Processing file /home/airflow/.local/lib/python3.8/site-packages/airflow/example_dags/example_setup_teardown.py for tasks to queue
[2024-01-29T12:53:49.158+0000] {logging_mixin.py:188} INFO - [2024-01-29T12:53:49.158+0000] {dagbag.py:538} INFO - Filling up the DagBag from /home/airflow/.local/lib/python3.8/site-packages/airflow/example_dags/example_setup_teardown.py
[2024-01-29T12:53:49.164+0000] {processor.py:840} INFO - DAG(s) 'example_setup_teardown' retrieved from /home/airflow/.local/lib/python3.8/site-packages/airflow/example_dags/example_setup_teardown.py
[2024-01-29T12:53:49.184+0000] {logging_mixin.py:188} INFO - [2024-01-29T12:53:49.184+0000] {dag.py:3036} INFO - Sync 1 DAGs
[2024-01-29T12:53:49.206+0000] {logging_mixin.py:188} INFO - [2024-01-29T12:53:49.205+0000] {dag.py:3823} INFO - Setting next_dagrun for example_setup_teardown to 2024-01-28 00:00:00+00:00, run_after=2024-01-29 00:00:00+00:00
[2024-01-29T12:53:49.224+0000] {processor.py:183} INFO - Processing /home/airflow/.local/lib/python3.8/site-packages/airflow/example_dags/example_setup_teardown.py took 0.071 seconds
[2024-01-29T12:54:19.448+0000] {processor.py:161} INFO - Started process (PID=399) to work on /home/airflow/.local/lib/python3.8/site-packages/airflow/example_dags/example_setup_teardown.py
[2024-01-29T12:54:19.448+0000] {processor.py:830} INFO - Processing file /home/airflow/.local/lib/python3.8/site-packages/airflow/example_dags/example_setup_teardown.py for tasks to queue
[2024-01-29T12:54:19.450+0000] {logging_mixin.py:188} INFO - [2024-01-29T12:54:19.450+0000] {dagbag.py:538} INFO - Filling up the DagBag from /home/airflow/.local/lib/python3.8/site-packages/airflow/example_dags/example_setup_teardown.py
[2024-01-29T12:54:19.456+0000] {processor.py:840} INFO - DAG(s) 'example_setup_teardown' retrieved from /home/airflow/.local/lib/python3.8/site-packages/airflow/example_dags/example_setup_teardown.py
[2024-01-29T12:54:19.476+0000] {logging_mixin.py:188} INFO - [2024-01-29T12:54:19.476+0000] {dag.py:3036} INFO - Sync 1 DAGs
[2024-01-29T12:54:19.498+0000] {logging_mixin.py:188} INFO - [2024-01-29T12:54:19.498+0000] {dag.py:3823} INFO - Setting next_dagrun for example_setup_teardown to 2024-01-28 00:00:00+00:00, run_after=2024-01-29 00:00:00+00:00
[2024-01-29T12:54:19.516+0000] {processor.py:183} INFO - Processing /home/airflow/.local/lib/python3.8/site-packages/airflow/example_dags/example_setup_teardown.py took 0.072 seconds
[2024-01-29T12:54:49.637+0000] {processor.py:161} INFO - Started process (PID=455) to work on /home/airflow/.local/lib/python3.8/site-packages/airflow/example_dags/example_setup_teardown.py
[2024-01-29T12:54:49.638+0000] {processor.py:830} INFO - Processing file /home/airflow/.local/lib/python3.8/site-packages/airflow/example_dags/example_setup_teardown.py for tasks to queue
[2024-01-29T12:54:49.639+0000] {logging_mixin.py:188} INFO - [2024-01-29T12:54:49.639+0000] {dagbag.py:538} INFO - Filling up the DagBag from /home/airflow/.local/lib/python3.8/site-packages/airflow/example_dags/example_setup_teardown.py
[2024-01-29T12:54:49.645+0000] {processor.py:840} INFO - DAG(s) 'example_setup_teardown' retrieved from /home/airflow/.local/lib/python3.8/site-packages/airflow/example_dags/example_setup_teardown.py
[2024-01-29T12:54:49.665+0000] {logging_mixin.py:188} INFO - [2024-01-29T12:54:49.665+0000] {dag.py:3036} INFO - Sync 1 DAGs
[2024-01-29T12:54:49.687+0000] {logging_mixin.py:188} INFO - [2024-01-29T12:54:49.687+0000] {dag.py:3823} INFO - Setting next_dagrun for example_setup_teardown to 2024-01-28 00:00:00+00:00, run_after=2024-01-29 00:00:00+00:00
[2024-01-29T12:54:49.707+0000] {processor.py:183} INFO - Processing /home/airflow/.local/lib/python3.8/site-packages/airflow/example_dags/example_setup_teardown.py took 0.073 seconds
[2024-01-29T12:55:20.073+0000] {processor.py:161} INFO - Started process (PID=511) to work on /home/airflow/.local/lib/python3.8/site-packages/airflow/example_dags/example_setup_teardown.py
[2024-01-29T12:55:20.074+0000] {processor.py:830} INFO - Processing file /home/airflow/.local/lib/python3.8/site-packages/airflow/example_dags/example_setup_teardown.py for tasks to queue
[2024-01-29T12:55:20.075+0000] {logging_mixin.py:188} INFO - [2024-01-29T12:55:20.075+0000] {dagbag.py:538} INFO - Filling up the DagBag from /home/airflow/.local/lib/python3.8/site-packages/airflow/example_dags/example_setup_teardown.py
[2024-01-29T12:55:20.081+0000] {processor.py:840} INFO - DAG(s) 'example_setup_teardown' retrieved from /home/airflow/.local/lib/python3.8/site-packages/airflow/example_dags/example_setup_teardown.py
[2024-01-29T12:55:20.102+0000] {logging_mixin.py:188} INFO - [2024-01-29T12:55:20.101+0000] {dag.py:3036} INFO - Sync 1 DAGs
[2024-01-29T12:55:20.125+0000] {logging_mixin.py:188} INFO - [2024-01-29T12:55:20.124+0000] {dag.py:3823} INFO - Setting next_dagrun for example_setup_teardown to 2024-01-28 00:00:00+00:00, run_after=2024-01-29 00:00:00+00:00
[2024-01-29T12:55:20.146+0000] {processor.py:183} INFO - Processing /home/airflow/.local/lib/python3.8/site-packages/airflow/example_dags/example_setup_teardown.py took 0.076 seconds
[2024-01-29T12:55:50.363+0000] {processor.py:161} INFO - Started process (PID=567) to work on /home/airflow/.local/lib/python3.8/site-packages/airflow/example_dags/example_setup_teardown.py
[2024-01-29T12:55:50.364+0000] {processor.py:830} INFO - Processing file /home/airflow/.local/lib/python3.8/site-packages/airflow/example_dags/example_setup_teardown.py for tasks to queue
[2024-01-29T12:55:50.366+0000] {logging_mixin.py:188} INFO - [2024-01-29T12:55:50.365+0000] {dagbag.py:538} INFO - Filling up the DagBag from /home/airflow/.local/lib/python3.8/site-packages/airflow/example_dags/example_setup_teardown.py
[2024-01-29T12:55:50.372+0000] {processor.py:840} INFO - DAG(s) 'example_setup_teardown' retrieved from /home/airflow/.local/lib/python3.8/site-packages/airflow/example_dags/example_setup_teardown.py
[2024-01-29T12:55:50.392+0000] {logging_mixin.py:188} INFO - [2024-01-29T12:55:50.392+0000] {dag.py:3036} INFO - Sync 1 DAGs
[2024-01-29T12:55:50.419+0000] {logging_mixin.py:188} INFO - [2024-01-29T12:55:50.418+0000] {dag.py:3823} INFO - Setting next_dagrun for example_setup_teardown to 2024-01-28 00:00:00+00:00, run_after=2024-01-29 00:00:00+00:00
[2024-01-29T12:55:50.439+0000] {processor.py:183} INFO - Processing /home/airflow/.local/lib/python3.8/site-packages/airflow/example_dags/example_setup_teardown.py took 0.079 seconds
[2024-01-29T12:56:20.676+0000] {processor.py:161} INFO - Started process (PID=623) to work on /home/airflow/.local/lib/python3.8/site-packages/airflow/example_dags/example_setup_teardown.py
[2024-01-29T12:56:20.677+0000] {processor.py:830} INFO - Processing file /home/airflow/.local/lib/python3.8/site-packages/airflow/example_dags/example_setup_teardown.py for tasks to queue
[2024-01-29T12:56:20.679+0000] {logging_mixin.py:188} INFO - [2024-01-29T12:56:20.679+0000] {dagbag.py:538} INFO - Filling up the DagBag from /home/airflow/.local/lib/python3.8/site-packages/airflow/example_dags/example_setup_teardown.py
[2024-01-29T12:56:20.685+0000] {processor.py:840} INFO - DAG(s) 'example_setup_teardown' retrieved from /home/airflow/.local/lib/python3.8/site-packages/airflow/example_dags/example_setup_teardown.py
[2024-01-29T12:56:20.711+0000] {logging_mixin.py:188} INFO - [2024-01-29T12:56:20.710+0000] {dag.py:3036} INFO - Sync 1 DAGs
[2024-01-29T12:56:20.743+0000] {logging_mixin.py:188} INFO - [2024-01-29T12:56:20.743+0000] {dag.py:3823} INFO - Setting next_dagrun for example_setup_teardown to 2024-01-28 00:00:00+00:00, run_after=2024-01-29 00:00:00+00:00
[2024-01-29T12:56:20.768+0000] {processor.py:183} INFO - Processing /home/airflow/.local/lib/python3.8/site-packages/airflow/example_dags/example_setup_teardown.py took 0.095 seconds
[2024-01-29T12:56:50.929+0000] {processor.py:161} INFO - Started process (PID=679) to work on /home/airflow/.local/lib/python3.8/site-packages/airflow/example_dags/example_setup_teardown.py
[2024-01-29T12:56:50.929+0000] {processor.py:830} INFO - Processing file /home/airflow/.local/lib/python3.8/site-packages/airflow/example_dags/example_setup_teardown.py for tasks to queue
[2024-01-29T12:56:50.931+0000] {logging_mixin.py:188} INFO - [2024-01-29T12:56:50.931+0000] {dagbag.py:538} INFO - Filling up the DagBag from /home/airflow/.local/lib/python3.8/site-packages/airflow/example_dags/example_setup_teardown.py
[2024-01-29T12:56:50.937+0000] {processor.py:840} INFO - DAG(s) 'example_setup_teardown' retrieved from /home/airflow/.local/lib/python3.8/site-packages/airflow/example_dags/example_setup_teardown.py
[2024-01-29T12:56:50.958+0000] {logging_mixin.py:188} INFO - [2024-01-29T12:56:50.957+0000] {dag.py:3036} INFO - Sync 1 DAGs
[2024-01-29T12:56:50.978+0000] {logging_mixin.py:188} INFO - [2024-01-29T12:56:50.978+0000] {dag.py:3823} INFO - Setting next_dagrun for example_setup_teardown to 2024-01-28 00:00:00+00:00, run_after=2024-01-29 00:00:00+00:00
[2024-01-29T12:56:50.996+0000] {processor.py:183} INFO - Processing /home/airflow/.local/lib/python3.8/site-packages/airflow/example_dags/example_setup_teardown.py took 0.070 seconds
[2024-01-29T12:57:21.099+0000] {processor.py:161} INFO - Started process (PID=735) to work on /home/airflow/.local/lib/python3.8/site-packages/airflow/example_dags/example_setup_teardown.py
[2024-01-29T12:57:21.100+0000] {processor.py:830} INFO - Processing file /home/airflow/.local/lib/python3.8/site-packages/airflow/example_dags/example_setup_teardown.py for tasks to queue
[2024-01-29T12:57:21.102+0000] {logging_mixin.py:188} INFO - [2024-01-29T12:57:21.102+0000] {dagbag.py:538} INFO - Filling up the DagBag from /home/airflow/.local/lib/python3.8/site-packages/airflow/example_dags/example_setup_teardown.py
[2024-01-29T12:57:21.108+0000] {processor.py:840} INFO - DAG(s) 'example_setup_teardown' retrieved from /home/airflow/.local/lib/python3.8/site-packages/airflow/example_dags/example_setup_teardown.py
[2024-01-29T12:57:21.129+0000] {logging_mixin.py:188} INFO - [2024-01-29T12:57:21.128+0000] {dag.py:3036} INFO - Sync 1 DAGs
[2024-01-29T12:57:21.151+0000] {logging_mixin.py:188} INFO - [2024-01-29T12:57:21.150+0000] {dag.py:3823} INFO - Setting next_dagrun for example_setup_teardown to 2024-01-28 00:00:00+00:00, run_after=2024-01-29 00:00:00+00:00
[2024-01-29T12:57:21.169+0000] {processor.py:183} INFO - Processing /home/airflow/.local/lib/python3.8/site-packages/airflow/example_dags/example_setup_teardown.py took 0.075 seconds
[2024-01-29T12:57:51.321+0000] {processor.py:161} INFO - Started process (PID=791) to work on /home/airflow/.local/lib/python3.8/site-packages/airflow/example_dags/example_setup_teardown.py
[2024-01-29T12:57:51.322+0000] {processor.py:830} INFO - Processing file /home/airflow/.local/lib/python3.8/site-packages/airflow/example_dags/example_setup_teardown.py for tasks to queue
[2024-01-29T12:57:51.324+0000] {logging_mixin.py:188} INFO - [2024-01-29T12:57:51.324+0000] {dagbag.py:538} INFO - Filling up the DagBag from /home/airflow/.local/lib/python3.8/site-packages/airflow/example_dags/example_setup_teardown.py
[2024-01-29T12:57:51.330+0000] {processor.py:840} INFO - DAG(s) 'example_setup_teardown' retrieved from /home/airflow/.local/lib/python3.8/site-packages/airflow/example_dags/example_setup_teardown.py
[2024-01-29T12:57:51.349+0000] {logging_mixin.py:188} INFO - [2024-01-29T12:57:51.349+0000] {dag.py:3036} INFO - Sync 1 DAGs
[2024-01-29T12:57:51.370+0000] {logging_mixin.py:188} INFO - [2024-01-29T12:57:51.370+0000] {dag.py:3823} INFO - Setting next_dagrun for example_setup_teardown to 2024-01-28 00:00:00+00:00, run_after=2024-01-29 00:00:00+00:00
[2024-01-29T12:57:51.387+0000] {processor.py:183} INFO - Processing /home/airflow/.local/lib/python3.8/site-packages/airflow/example_dags/example_setup_teardown.py took 0.069 seconds
[2024-01-29T12:58:21.511+0000] {processor.py:161} INFO - Started process (PID=847) to work on /home/airflow/.local/lib/python3.8/site-packages/airflow/example_dags/example_setup_teardown.py
[2024-01-29T12:58:21.512+0000] {processor.py:830} INFO - Processing file /home/airflow/.local/lib/python3.8/site-packages/airflow/example_dags/example_setup_teardown.py for tasks to queue
[2024-01-29T12:58:21.513+0000] {logging_mixin.py:188} INFO - [2024-01-29T12:58:21.513+0000] {dagbag.py:538} INFO - Filling up the DagBag from /home/airflow/.local/lib/python3.8/site-packages/airflow/example_dags/example_setup_teardown.py
[2024-01-29T12:58:21.519+0000] {processor.py:840} INFO - DAG(s) 'example_setup_teardown' retrieved from /home/airflow/.local/lib/python3.8/site-packages/airflow/example_dags/example_setup_teardown.py
[2024-01-29T12:58:21.539+0000] {logging_mixin.py:188} INFO - [2024-01-29T12:58:21.539+0000] {dag.py:3036} INFO - Sync 1 DAGs
[2024-01-29T12:58:21.561+0000] {logging_mixin.py:188} INFO - [2024-01-29T12:58:21.560+0000] {dag.py:3823} INFO - Setting next_dagrun for example_setup_teardown to 2024-01-28 00:00:00+00:00, run_after=2024-01-29 00:00:00+00:00
[2024-01-29T12:58:21.581+0000] {processor.py:183} INFO - Processing /home/airflow/.local/lib/python3.8/site-packages/airflow/example_dags/example_setup_teardown.py took 0.073 seconds
[2024-01-29T12:58:52.106+0000] {processor.py:161} INFO - Started process (PID=903) to work on /home/airflow/.local/lib/python3.8/site-packages/airflow/example_dags/example_setup_teardown.py
[2024-01-29T12:58:52.107+0000] {processor.py:830} INFO - Processing file /home/airflow/.local/lib/python3.8/site-packages/airflow/example_dags/example_setup_teardown.py for tasks to queue
[2024-01-29T12:58:52.109+0000] {logging_mixin.py:188} INFO - [2024-01-29T12:58:52.108+0000] {dagbag.py:538} INFO - Filling up the DagBag from /home/airflow/.local/lib/python3.8/site-packages/airflow/example_dags/example_setup_teardown.py
[2024-01-29T12:58:52.115+0000] {processor.py:840} INFO - DAG(s) 'example_setup_teardown' retrieved from /home/airflow/.local/lib/python3.8/site-packages/airflow/example_dags/example_setup_teardown.py
[2024-01-29T12:58:52.135+0000] {logging_mixin.py:188} INFO - [2024-01-29T12:58:52.135+0000] {dag.py:3036} INFO - Sync 1 DAGs
[2024-01-29T12:58:52.157+0000] {logging_mixin.py:188} INFO - [2024-01-29T12:58:52.156+0000] {dag.py:3823} INFO - Setting next_dagrun for example_setup_teardown to 2024-01-28 00:00:00+00:00, run_after=2024-01-29 00:00:00+00:00
[2024-01-29T12:58:52.175+0000] {processor.py:183} INFO - Processing /home/airflow/.local/lib/python3.8/site-packages/airflow/example_dags/example_setup_teardown.py took 0.072 seconds
[2024-01-29T12:59:22.395+0000] {processor.py:161} INFO - Started process (PID=959) to work on /home/airflow/.local/lib/python3.8/site-packages/airflow/example_dags/example_setup_teardown.py
[2024-01-29T12:59:22.396+0000] {processor.py:830} INFO - Processing file /home/airflow/.local/lib/python3.8/site-packages/airflow/example_dags/example_setup_teardown.py for tasks to queue
[2024-01-29T12:59:22.398+0000] {logging_mixin.py:188} INFO - [2024-01-29T12:59:22.398+0000] {dagbag.py:538} INFO - Filling up the DagBag from /home/airflow/.local/lib/python3.8/site-packages/airflow/example_dags/example_setup_teardown.py
[2024-01-29T12:59:22.404+0000] {processor.py:840} INFO - DAG(s) 'example_setup_teardown' retrieved from /home/airflow/.local/lib/python3.8/site-packages/airflow/example_dags/example_setup_teardown.py
[2024-01-29T12:59:22.424+0000] {logging_mixin.py:188} INFO - [2024-01-29T12:59:22.424+0000] {dag.py:3036} INFO - Sync 1 DAGs
[2024-01-29T12:59:22.447+0000] {logging_mixin.py:188} INFO - [2024-01-29T12:59:22.446+0000] {dag.py:3823} INFO - Setting next_dagrun for example_setup_teardown to 2024-01-28 00:00:00+00:00, run_after=2024-01-29 00:00:00+00:00
[2024-01-29T12:59:22.465+0000] {processor.py:183} INFO - Processing /home/airflow/.local/lib/python3.8/site-packages/airflow/example_dags/example_setup_teardown.py took 0.072 seconds
[2024-01-29T12:59:52.607+0000] {processor.py:161} INFO - Started process (PID=1015) to work on /home/airflow/.local/lib/python3.8/site-packages/airflow/example_dags/example_setup_teardown.py
[2024-01-29T12:59:52.608+0000] {processor.py:830} INFO - Processing file /home/airflow/.local/lib/python3.8/site-packages/airflow/example_dags/example_setup_teardown.py for tasks to queue
[2024-01-29T12:59:52.610+0000] {logging_mixin.py:188} INFO - [2024-01-29T12:59:52.609+0000] {dagbag.py:538} INFO - Filling up the DagBag from /home/airflow/.local/lib/python3.8/site-packages/airflow/example_dags/example_setup_teardown.py
[2024-01-29T12:59:52.616+0000] {processor.py:840} INFO - DAG(s) 'example_setup_teardown' retrieved from /home/airflow/.local/lib/python3.8/site-packages/airflow/example_dags/example_setup_teardown.py
[2024-01-29T12:59:52.637+0000] {logging_mixin.py:188} INFO - [2024-01-29T12:59:52.637+0000] {dag.py:3036} INFO - Sync 1 DAGs
[2024-01-29T12:59:52.658+0000] {logging_mixin.py:188} INFO - [2024-01-29T12:59:52.658+0000] {dag.py:3823} INFO - Setting next_dagrun for example_setup_teardown to 2024-01-28 00:00:00+00:00, run_after=2024-01-29 00:00:00+00:00
[2024-01-29T12:59:52.685+0000] {processor.py:183} INFO - Processing /home/airflow/.local/lib/python3.8/site-packages/airflow/example_dags/example_setup_teardown.py took 0.081 seconds
[2024-01-29T13:00:22.740+0000] {processor.py:161} INFO - Started process (PID=1071) to work on /home/airflow/.local/lib/python3.8/site-packages/airflow/example_dags/example_setup_teardown.py
[2024-01-29T13:00:22.740+0000] {processor.py:830} INFO - Processing file /home/airflow/.local/lib/python3.8/site-packages/airflow/example_dags/example_setup_teardown.py for tasks to queue
[2024-01-29T13:00:22.742+0000] {logging_mixin.py:188} INFO - [2024-01-29T13:00:22.742+0000] {dagbag.py:538} INFO - Filling up the DagBag from /home/airflow/.local/lib/python3.8/site-packages/airflow/example_dags/example_setup_teardown.py
[2024-01-29T13:00:22.748+0000] {processor.py:840} INFO - DAG(s) 'example_setup_teardown' retrieved from /home/airflow/.local/lib/python3.8/site-packages/airflow/example_dags/example_setup_teardown.py
[2024-01-29T13:00:22.768+0000] {logging_mixin.py:188} INFO - [2024-01-29T13:00:22.768+0000] {dag.py:3036} INFO - Sync 1 DAGs
[2024-01-29T13:00:22.788+0000] {logging_mixin.py:188} INFO - [2024-01-29T13:00:22.788+0000] {dag.py:3823} INFO - Setting next_dagrun for example_setup_teardown to 2024-01-28 00:00:00+00:00, run_after=2024-01-29 00:00:00+00:00
[2024-01-29T13:00:22.807+0000] {processor.py:183} INFO - Processing /home/airflow/.local/lib/python3.8/site-packages/airflow/example_dags/example_setup_teardown.py took 0.070 seconds
[2024-01-29T13:00:52.966+0000] {processor.py:161} INFO - Started process (PID=1127) to work on /home/airflow/.local/lib/python3.8/site-packages/airflow/example_dags/example_setup_teardown.py
[2024-01-29T13:00:52.967+0000] {processor.py:830} INFO - Processing file /home/airflow/.local/lib/python3.8/site-packages/airflow/example_dags/example_setup_teardown.py for tasks to queue
[2024-01-29T13:00:52.969+0000] {logging_mixin.py:188} INFO - [2024-01-29T13:00:52.968+0000] {dagbag.py:538} INFO - Filling up the DagBag from /home/airflow/.local/lib/python3.8/site-packages/airflow/example_dags/example_setup_teardown.py
[2024-01-29T13:00:52.975+0000] {processor.py:840} INFO - DAG(s) 'example_setup_teardown' retrieved from /home/airflow/.local/lib/python3.8/site-packages/airflow/example_dags/example_setup_teardown.py
[2024-01-29T13:00:52.995+0000] {logging_mixin.py:188} INFO - [2024-01-29T13:00:52.995+0000] {dag.py:3036} INFO - Sync 1 DAGs
[2024-01-29T13:00:53.022+0000] {logging_mixin.py:188} INFO - [2024-01-29T13:00:53.022+0000] {dag.py:3823} INFO - Setting next_dagrun for example_setup_teardown to 2024-01-28 00:00:00+00:00, run_after=2024-01-29 00:00:00+00:00
[2024-01-29T13:00:53.041+0000] {processor.py:183} INFO - Processing /home/airflow/.local/lib/python3.8/site-packages/airflow/example_dags/example_setup_teardown.py took 0.078 seconds
[2024-01-29T13:01:23.388+0000] {processor.py:161} INFO - Started process (PID=1182) to work on /home/airflow/.local/lib/python3.8/site-packages/airflow/example_dags/example_setup_teardown.py
[2024-01-29T13:01:23.389+0000] {processor.py:830} INFO - Processing file /home/airflow/.local/lib/python3.8/site-packages/airflow/example_dags/example_setup_teardown.py for tasks to queue
[2024-01-29T13:01:23.391+0000] {logging_mixin.py:188} INFO - [2024-01-29T13:01:23.391+0000] {dagbag.py:538} INFO - Filling up the DagBag from /home/airflow/.local/lib/python3.8/site-packages/airflow/example_dags/example_setup_teardown.py
[2024-01-29T13:01:23.397+0000] {processor.py:840} INFO - DAG(s) 'example_setup_teardown' retrieved from /home/airflow/.local/lib/python3.8/site-packages/airflow/example_dags/example_setup_teardown.py
[2024-01-29T13:01:23.419+0000] {logging_mixin.py:188} INFO - [2024-01-29T13:01:23.418+0000] {dag.py:3036} INFO - Sync 1 DAGs
[2024-01-29T13:01:23.449+0000] {logging_mixin.py:188} INFO - [2024-01-29T13:01:23.449+0000] {dag.py:3823} INFO - Setting next_dagrun for example_setup_teardown to 2024-01-28 00:00:00+00:00, run_after=2024-01-29 00:00:00+00:00
[2024-01-29T13:01:23.467+0000] {processor.py:183} INFO - Processing /home/airflow/.local/lib/python3.8/site-packages/airflow/example_dags/example_setup_teardown.py took 0.081 seconds
[2024-01-29T13:01:54.122+0000] {processor.py:161} INFO - Started process (PID=1238) to work on /home/airflow/.local/lib/python3.8/site-packages/airflow/example_dags/example_setup_teardown.py
[2024-01-29T13:01:54.123+0000] {processor.py:830} INFO - Processing file /home/airflow/.local/lib/python3.8/site-packages/airflow/example_dags/example_setup_teardown.py for tasks to queue
[2024-01-29T13:01:54.125+0000] {logging_mixin.py:188} INFO - [2024-01-29T13:01:54.124+0000] {dagbag.py:538} INFO - Filling up the DagBag from /home/airflow/.local/lib/python3.8/site-packages/airflow/example_dags/example_setup_teardown.py
[2024-01-29T13:01:54.131+0000] {processor.py:840} INFO - DAG(s) 'example_setup_teardown' retrieved from /home/airflow/.local/lib/python3.8/site-packages/airflow/example_dags/example_setup_teardown.py
[2024-01-29T13:01:54.153+0000] {logging_mixin.py:188} INFO - [2024-01-29T13:01:54.153+0000] {dag.py:3036} INFO - Sync 1 DAGs
[2024-01-29T13:01:54.176+0000] {logging_mixin.py:188} INFO - [2024-01-29T13:01:54.176+0000] {dag.py:3823} INFO - Setting next_dagrun for example_setup_teardown to 2024-01-28 00:00:00+00:00, run_after=2024-01-29 00:00:00+00:00
[2024-01-29T13:01:54.196+0000] {processor.py:183} INFO - Processing /home/airflow/.local/lib/python3.8/site-packages/airflow/example_dags/example_setup_teardown.py took 0.078 seconds
[2024-01-29T13:02:24.278+0000] {processor.py:161} INFO - Started process (PID=1295) to work on /home/airflow/.local/lib/python3.8/site-packages/airflow/example_dags/example_setup_teardown.py
[2024-01-29T13:02:24.278+0000] {processor.py:830} INFO - Processing file /home/airflow/.local/lib/python3.8/site-packages/airflow/example_dags/example_setup_teardown.py for tasks to queue
[2024-01-29T13:02:24.280+0000] {logging_mixin.py:188} INFO - [2024-01-29T13:02:24.280+0000] {dagbag.py:538} INFO - Filling up the DagBag from /home/airflow/.local/lib/python3.8/site-packages/airflow/example_dags/example_setup_teardown.py
[2024-01-29T13:02:24.286+0000] {processor.py:840} INFO - DAG(s) 'example_setup_teardown' retrieved from /home/airflow/.local/lib/python3.8/site-packages/airflow/example_dags/example_setup_teardown.py
[2024-01-29T13:02:24.307+0000] {logging_mixin.py:188} INFO - [2024-01-29T13:02:24.307+0000] {dag.py:3036} INFO - Sync 1 DAGs
[2024-01-29T13:02:24.333+0000] {logging_mixin.py:188} INFO - [2024-01-29T13:02:24.333+0000] {dag.py:3823} INFO - Setting next_dagrun for example_setup_teardown to 2024-01-28 00:00:00+00:00, run_after=2024-01-29 00:00:00+00:00
[2024-01-29T13:02:24.352+0000] {processor.py:183} INFO - Processing /home/airflow/.local/lib/python3.8/site-packages/airflow/example_dags/example_setup_teardown.py took 0.077 seconds
[2024-01-29T13:02:54.472+0000] {processor.py:161} INFO - Started process (PID=1351) to work on /home/airflow/.local/lib/python3.8/site-packages/airflow/example_dags/example_setup_teardown.py
[2024-01-29T13:02:54.473+0000] {processor.py:830} INFO - Processing file /home/airflow/.local/lib/python3.8/site-packages/airflow/example_dags/example_setup_teardown.py for tasks to queue
[2024-01-29T13:02:54.475+0000] {logging_mixin.py:188} INFO - [2024-01-29T13:02:54.475+0000] {dagbag.py:538} INFO - Filling up the DagBag from /home/airflow/.local/lib/python3.8/site-packages/airflow/example_dags/example_setup_teardown.py
[2024-01-29T13:02:54.483+0000] {processor.py:840} INFO - DAG(s) 'example_setup_teardown' retrieved from /home/airflow/.local/lib/python3.8/site-packages/airflow/example_dags/example_setup_teardown.py
[2024-01-29T13:02:54.509+0000] {logging_mixin.py:188} INFO - [2024-01-29T13:02:54.509+0000] {dag.py:3036} INFO - Sync 1 DAGs
[2024-01-29T13:02:54.534+0000] {logging_mixin.py:188} INFO - [2024-01-29T13:02:54.533+0000] {dag.py:3823} INFO - Setting next_dagrun for example_setup_teardown to 2024-01-28 00:00:00+00:00, run_after=2024-01-29 00:00:00+00:00
[2024-01-29T13:02:54.552+0000] {processor.py:183} INFO - Processing /home/airflow/.local/lib/python3.8/site-packages/airflow/example_dags/example_setup_teardown.py took 0.084 seconds
[2024-01-29T13:03:24.964+0000] {processor.py:161} INFO - Started process (PID=1407) to work on /home/airflow/.local/lib/python3.8/site-packages/airflow/example_dags/example_setup_teardown.py
[2024-01-29T13:03:24.965+0000] {processor.py:830} INFO - Processing file /home/airflow/.local/lib/python3.8/site-packages/airflow/example_dags/example_setup_teardown.py for tasks to queue
[2024-01-29T13:03:24.967+0000] {logging_mixin.py:188} INFO - [2024-01-29T13:03:24.967+0000] {dagbag.py:538} INFO - Filling up the DagBag from /home/airflow/.local/lib/python3.8/site-packages/airflow/example_dags/example_setup_teardown.py
[2024-01-29T13:03:24.973+0000] {processor.py:840} INFO - DAG(s) 'example_setup_teardown' retrieved from /home/airflow/.local/lib/python3.8/site-packages/airflow/example_dags/example_setup_teardown.py
[2024-01-29T13:03:24.995+0000] {logging_mixin.py:188} INFO - [2024-01-29T13:03:24.994+0000] {dag.py:3036} INFO - Sync 1 DAGs
[2024-01-29T13:03:25.017+0000] {logging_mixin.py:188} INFO - [2024-01-29T13:03:25.017+0000] {dag.py:3823} INFO - Setting next_dagrun for example_setup_teardown to 2024-01-28 00:00:00+00:00, run_after=2024-01-29 00:00:00+00:00
[2024-01-29T13:03:25.035+0000] {processor.py:183} INFO - Processing /home/airflow/.local/lib/python3.8/site-packages/airflow/example_dags/example_setup_teardown.py took 0.074 seconds
[2024-01-29T13:03:55.137+0000] {processor.py:161} INFO - Started process (PID=1463) to work on /home/airflow/.local/lib/python3.8/site-packages/airflow/example_dags/example_setup_teardown.py
[2024-01-29T13:03:55.138+0000] {processor.py:830} INFO - Processing file /home/airflow/.local/lib/python3.8/site-packages/airflow/example_dags/example_setup_teardown.py for tasks to queue
[2024-01-29T13:03:55.139+0000] {logging_mixin.py:188} INFO - [2024-01-29T13:03:55.139+0000] {dagbag.py:538} INFO - Filling up the DagBag from /home/airflow/.local/lib/python3.8/site-packages/airflow/example_dags/example_setup_teardown.py
[2024-01-29T13:03:55.145+0000] {processor.py:840} INFO - DAG(s) 'example_setup_teardown' retrieved from /home/airflow/.local/lib/python3.8/site-packages/airflow/example_dags/example_setup_teardown.py
[2024-01-29T13:03:55.164+0000] {logging_mixin.py:188} INFO - [2024-01-29T13:03:55.164+0000] {dag.py:3036} INFO - Sync 1 DAGs
[2024-01-29T13:03:55.185+0000] {logging_mixin.py:188} INFO - [2024-01-29T13:03:55.185+0000] {dag.py:3823} INFO - Setting next_dagrun for example_setup_teardown to 2024-01-28 00:00:00+00:00, run_after=2024-01-29 00:00:00+00:00
[2024-01-29T13:03:55.205+0000] {processor.py:183} INFO - Processing /home/airflow/.local/lib/python3.8/site-packages/airflow/example_dags/example_setup_teardown.py took 0.071 seconds
[2024-01-29T13:04:26.247+0000] {processor.py:161} INFO - Started process (PID=1518) to work on /home/airflow/.local/lib/python3.8/site-packages/airflow/example_dags/example_setup_teardown.py
[2024-01-29T13:04:26.248+0000] {processor.py:830} INFO - Processing file /home/airflow/.local/lib/python3.8/site-packages/airflow/example_dags/example_setup_teardown.py for tasks to queue
[2024-01-29T13:04:26.250+0000] {logging_mixin.py:188} INFO - [2024-01-29T13:04:26.249+0000] {dagbag.py:538} INFO - Filling up the DagBag from /home/airflow/.local/lib/python3.8/site-packages/airflow/example_dags/example_setup_teardown.py
[2024-01-29T13:04:26.256+0000] {processor.py:840} INFO - DAG(s) 'example_setup_teardown' retrieved from /home/airflow/.local/lib/python3.8/site-packages/airflow/example_dags/example_setup_teardown.py
[2024-01-29T13:04:26.276+0000] {logging_mixin.py:188} INFO - [2024-01-29T13:04:26.276+0000] {dag.py:3036} INFO - Sync 1 DAGs
[2024-01-29T13:04:26.296+0000] {logging_mixin.py:188} INFO - [2024-01-29T13:04:26.296+0000] {dag.py:3823} INFO - Setting next_dagrun for example_setup_teardown to 2024-01-28 00:00:00+00:00, run_after=2024-01-29 00:00:00+00:00
[2024-01-29T13:04:26.316+0000] {processor.py:183} INFO - Processing /home/airflow/.local/lib/python3.8/site-packages/airflow/example_dags/example_setup_teardown.py took 0.071 seconds
[2024-01-29T13:04:56.351+0000] {processor.py:161} INFO - Started process (PID=1574) to work on /home/airflow/.local/lib/python3.8/site-packages/airflow/example_dags/example_setup_teardown.py
[2024-01-29T13:04:56.352+0000] {processor.py:830} INFO - Processing file /home/airflow/.local/lib/python3.8/site-packages/airflow/example_dags/example_setup_teardown.py for tasks to queue
[2024-01-29T13:04:56.354+0000] {logging_mixin.py:188} INFO - [2024-01-29T13:04:56.354+0000] {dagbag.py:538} INFO - Filling up the DagBag from /home/airflow/.local/lib/python3.8/site-packages/airflow/example_dags/example_setup_teardown.py
[2024-01-29T13:04:56.360+0000] {processor.py:840} INFO - DAG(s) 'example_setup_teardown' retrieved from /home/airflow/.local/lib/python3.8/site-packages/airflow/example_dags/example_setup_teardown.py
[2024-01-29T13:04:56.381+0000] {logging_mixin.py:188} INFO - [2024-01-29T13:04:56.381+0000] {dag.py:3036} INFO - Sync 1 DAGs
[2024-01-29T13:04:56.404+0000] {logging_mixin.py:188} INFO - [2024-01-29T13:04:56.403+0000] {dag.py:3823} INFO - Setting next_dagrun for example_setup_teardown to 2024-01-28 00:00:00+00:00, run_after=2024-01-29 00:00:00+00:00
[2024-01-29T13:04:56.421+0000] {processor.py:183} INFO - Processing /home/airflow/.local/lib/python3.8/site-packages/airflow/example_dags/example_setup_teardown.py took 0.073 seconds
[2024-01-29T13:05:27.376+0000] {processor.py:161} INFO - Started process (PID=1630) to work on /home/airflow/.local/lib/python3.8/site-packages/airflow/example_dags/example_setup_teardown.py
[2024-01-29T13:05:27.377+0000] {processor.py:830} INFO - Processing file /home/airflow/.local/lib/python3.8/site-packages/airflow/example_dags/example_setup_teardown.py for tasks to queue
[2024-01-29T13:05:27.379+0000] {logging_mixin.py:188} INFO - [2024-01-29T13:05:27.378+0000] {dagbag.py:538} INFO - Filling up the DagBag from /home/airflow/.local/lib/python3.8/site-packages/airflow/example_dags/example_setup_teardown.py
[2024-01-29T13:05:27.385+0000] {processor.py:840} INFO - DAG(s) 'example_setup_teardown' retrieved from /home/airflow/.local/lib/python3.8/site-packages/airflow/example_dags/example_setup_teardown.py
[2024-01-29T13:05:27.405+0000] {logging_mixin.py:188} INFO - [2024-01-29T13:05:27.405+0000] {dag.py:3036} INFO - Sync 1 DAGs
[2024-01-29T13:05:27.427+0000] {logging_mixin.py:188} INFO - [2024-01-29T13:05:27.426+0000] {dag.py:3823} INFO - Setting next_dagrun for example_setup_teardown to 2024-01-28 00:00:00+00:00, run_after=2024-01-29 00:00:00+00:00
[2024-01-29T13:05:27.444+0000] {processor.py:183} INFO - Processing /home/airflow/.local/lib/python3.8/site-packages/airflow/example_dags/example_setup_teardown.py took 0.071 seconds
[2024-01-29T13:05:57.638+0000] {processor.py:161} INFO - Started process (PID=1686) to work on /home/airflow/.local/lib/python3.8/site-packages/airflow/example_dags/example_setup_teardown.py
[2024-01-29T13:05:57.639+0000] {processor.py:830} INFO - Processing file /home/airflow/.local/lib/python3.8/site-packages/airflow/example_dags/example_setup_teardown.py for tasks to queue
[2024-01-29T13:05:57.641+0000] {logging_mixin.py:188} INFO - [2024-01-29T13:05:57.640+0000] {dagbag.py:538} INFO - Filling up the DagBag from /home/airflow/.local/lib/python3.8/site-packages/airflow/example_dags/example_setup_teardown.py
[2024-01-29T13:05:57.647+0000] {processor.py:840} INFO - DAG(s) 'example_setup_teardown' retrieved from /home/airflow/.local/lib/python3.8/site-packages/airflow/example_dags/example_setup_teardown.py
[2024-01-29T13:05:57.668+0000] {logging_mixin.py:188} INFO - [2024-01-29T13:05:57.668+0000] {dag.py:3036} INFO - Sync 1 DAGs
[2024-01-29T13:05:57.688+0000] {logging_mixin.py:188} INFO - [2024-01-29T13:05:57.688+0000] {dag.py:3823} INFO - Setting next_dagrun for example_setup_teardown to 2024-01-28 00:00:00+00:00, run_after=2024-01-29 00:00:00+00:00
[2024-01-29T13:05:57.705+0000] {processor.py:183} INFO - Processing /home/airflow/.local/lib/python3.8/site-packages/airflow/example_dags/example_setup_teardown.py took 0.070 seconds
[2024-01-29T13:06:27.825+0000] {processor.py:161} INFO - Started process (PID=1743) to work on /home/airflow/.local/lib/python3.8/site-packages/airflow/example_dags/example_setup_teardown.py
[2024-01-29T13:06:27.825+0000] {processor.py:830} INFO - Processing file /home/airflow/.local/lib/python3.8/site-packages/airflow/example_dags/example_setup_teardown.py for tasks to queue
[2024-01-29T13:06:27.827+0000] {logging_mixin.py:188} INFO - [2024-01-29T13:06:27.827+0000] {dagbag.py:538} INFO - Filling up the DagBag from /home/airflow/.local/lib/python3.8/site-packages/airflow/example_dags/example_setup_teardown.py
[2024-01-29T13:06:27.833+0000] {processor.py:840} INFO - DAG(s) 'example_setup_teardown' retrieved from /home/airflow/.local/lib/python3.8/site-packages/airflow/example_dags/example_setup_teardown.py
[2024-01-29T13:06:27.855+0000] {logging_mixin.py:188} INFO - [2024-01-29T13:06:27.855+0000] {dag.py:3036} INFO - Sync 1 DAGs
[2024-01-29T13:06:27.876+0000] {logging_mixin.py:188} INFO - [2024-01-29T13:06:27.876+0000] {dag.py:3823} INFO - Setting next_dagrun for example_setup_teardown to 2024-01-28 00:00:00+00:00, run_after=2024-01-29 00:00:00+00:00
[2024-01-29T13:06:27.894+0000] {processor.py:183} INFO - Processing /home/airflow/.local/lib/python3.8/site-packages/airflow/example_dags/example_setup_teardown.py took 0.072 seconds
[2024-01-29T13:06:57.980+0000] {processor.py:161} INFO - Started process (PID=1799) to work on /home/airflow/.local/lib/python3.8/site-packages/airflow/example_dags/example_setup_teardown.py
[2024-01-29T13:06:57.981+0000] {processor.py:830} INFO - Processing file /home/airflow/.local/lib/python3.8/site-packages/airflow/example_dags/example_setup_teardown.py for tasks to queue
[2024-01-29T13:06:57.983+0000] {logging_mixin.py:188} INFO - [2024-01-29T13:06:57.983+0000] {dagbag.py:538} INFO - Filling up the DagBag from /home/airflow/.local/lib/python3.8/site-packages/airflow/example_dags/example_setup_teardown.py
[2024-01-29T13:06:57.990+0000] {processor.py:840} INFO - DAG(s) 'example_setup_teardown' retrieved from /home/airflow/.local/lib/python3.8/site-packages/airflow/example_dags/example_setup_teardown.py
[2024-01-29T13:06:58.011+0000] {logging_mixin.py:188} INFO - [2024-01-29T13:06:58.011+0000] {dag.py:3036} INFO - Sync 1 DAGs
[2024-01-29T13:06:58.032+0000] {logging_mixin.py:188} INFO - [2024-01-29T13:06:58.032+0000] {dag.py:3823} INFO - Setting next_dagrun for example_setup_teardown to 2024-01-28 00:00:00+00:00, run_after=2024-01-29 00:00:00+00:00
[2024-01-29T13:06:58.049+0000] {processor.py:183} INFO - Processing /home/airflow/.local/lib/python3.8/site-packages/airflow/example_dags/example_setup_teardown.py took 0.072 seconds
[2024-01-29T13:07:28.958+0000] {processor.py:161} INFO - Started process (PID=1855) to work on /home/airflow/.local/lib/python3.8/site-packages/airflow/example_dags/example_setup_teardown.py
[2024-01-29T13:07:28.959+0000] {processor.py:830} INFO - Processing file /home/airflow/.local/lib/python3.8/site-packages/airflow/example_dags/example_setup_teardown.py for tasks to queue
[2024-01-29T13:07:28.961+0000] {logging_mixin.py:188} INFO - [2024-01-29T13:07:28.960+0000] {dagbag.py:538} INFO - Filling up the DagBag from /home/airflow/.local/lib/python3.8/site-packages/airflow/example_dags/example_setup_teardown.py
[2024-01-29T13:07:28.967+0000] {processor.py:840} INFO - DAG(s) 'example_setup_teardown' retrieved from /home/airflow/.local/lib/python3.8/site-packages/airflow/example_dags/example_setup_teardown.py
[2024-01-29T13:07:28.988+0000] {logging_mixin.py:188} INFO - [2024-01-29T13:07:28.987+0000] {dag.py:3036} INFO - Sync 1 DAGs
[2024-01-29T13:07:29.011+0000] {logging_mixin.py:188} INFO - [2024-01-29T13:07:29.011+0000] {dag.py:3823} INFO - Setting next_dagrun for example_setup_teardown to 2024-01-28 00:00:00+00:00, run_after=2024-01-29 00:00:00+00:00
[2024-01-29T13:07:29.028+0000] {processor.py:183} INFO - Processing /home/airflow/.local/lib/python3.8/site-packages/airflow/example_dags/example_setup_teardown.py took 0.073 seconds
[2024-01-29T13:07:59.654+0000] {processor.py:161} INFO - Started process (PID=1912) to work on /home/airflow/.local/lib/python3.8/site-packages/airflow/example_dags/example_setup_teardown.py
[2024-01-29T13:07:59.655+0000] {processor.py:830} INFO - Processing file /home/airflow/.local/lib/python3.8/site-packages/airflow/example_dags/example_setup_teardown.py for tasks to queue
[2024-01-29T13:07:59.656+0000] {logging_mixin.py:188} INFO - [2024-01-29T13:07:59.656+0000] {dagbag.py:538} INFO - Filling up the DagBag from /home/airflow/.local/lib/python3.8/site-packages/airflow/example_dags/example_setup_teardown.py
[2024-01-29T13:07:59.663+0000] {processor.py:840} INFO - DAG(s) 'example_setup_teardown' retrieved from /home/airflow/.local/lib/python3.8/site-packages/airflow/example_dags/example_setup_teardown.py
[2024-01-29T13:07:59.683+0000] {logging_mixin.py:188} INFO - [2024-01-29T13:07:59.682+0000] {dag.py:3036} INFO - Sync 1 DAGs
[2024-01-29T13:07:59.703+0000] {logging_mixin.py:188} INFO - [2024-01-29T13:07:59.703+0000] {dag.py:3823} INFO - Setting next_dagrun for example_setup_teardown to 2024-01-28 00:00:00+00:00, run_after=2024-01-29 00:00:00+00:00
[2024-01-29T13:07:59.719+0000] {processor.py:183} INFO - Processing /home/airflow/.local/lib/python3.8/site-packages/airflow/example_dags/example_setup_teardown.py took 0.068 seconds
[2024-01-29T13:08:30.569+0000] {processor.py:161} INFO - Started process (PID=1968) to work on /home/airflow/.local/lib/python3.8/site-packages/airflow/example_dags/example_setup_teardown.py
[2024-01-29T13:08:30.570+0000] {processor.py:830} INFO - Processing file /home/airflow/.local/lib/python3.8/site-packages/airflow/example_dags/example_setup_teardown.py for tasks to queue
[2024-01-29T13:08:30.572+0000] {logging_mixin.py:188} INFO - [2024-01-29T13:08:30.571+0000] {dagbag.py:538} INFO - Filling up the DagBag from /home/airflow/.local/lib/python3.8/site-packages/airflow/example_dags/example_setup_teardown.py
[2024-01-29T13:08:30.578+0000] {processor.py:840} INFO - DAG(s) 'example_setup_teardown' retrieved from /home/airflow/.local/lib/python3.8/site-packages/airflow/example_dags/example_setup_teardown.py
[2024-01-29T13:08:30.598+0000] {logging_mixin.py:188} INFO - [2024-01-29T13:08:30.598+0000] {dag.py:3036} INFO - Sync 1 DAGs
[2024-01-29T13:08:30.621+0000] {logging_mixin.py:188} INFO - [2024-01-29T13:08:30.621+0000] {dag.py:3823} INFO - Setting next_dagrun for example_setup_teardown to 2024-01-28 00:00:00+00:00, run_after=2024-01-29 00:00:00+00:00
[2024-01-29T13:08:30.640+0000] {processor.py:183} INFO - Processing /home/airflow/.local/lib/python3.8/site-packages/airflow/example_dags/example_setup_teardown.py took 0.074 seconds
[2024-01-29T13:09:01.505+0000] {processor.py:161} INFO - Started process (PID=2030) to work on /home/airflow/.local/lib/python3.8/site-packages/airflow/example_dags/example_setup_teardown.py
[2024-01-29T13:09:01.506+0000] {processor.py:830} INFO - Processing file /home/airflow/.local/lib/python3.8/site-packages/airflow/example_dags/example_setup_teardown.py for tasks to queue
[2024-01-29T13:09:01.508+0000] {logging_mixin.py:188} INFO - [2024-01-29T13:09:01.507+0000] {dagbag.py:538} INFO - Filling up the DagBag from /home/airflow/.local/lib/python3.8/site-packages/airflow/example_dags/example_setup_teardown.py
[2024-01-29T13:09:01.514+0000] {processor.py:840} INFO - DAG(s) 'example_setup_teardown' retrieved from /home/airflow/.local/lib/python3.8/site-packages/airflow/example_dags/example_setup_teardown.py
[2024-01-29T13:09:01.533+0000] {logging_mixin.py:188} INFO - [2024-01-29T13:09:01.533+0000] {dag.py:3036} INFO - Sync 1 DAGs
[2024-01-29T13:09:01.554+0000] {logging_mixin.py:188} INFO - [2024-01-29T13:09:01.554+0000] {dag.py:3823} INFO - Setting next_dagrun for example_setup_teardown to 2024-01-28 00:00:00+00:00, run_after=2024-01-29 00:00:00+00:00
[2024-01-29T13:09:01.572+0000] {processor.py:183} INFO - Processing /home/airflow/.local/lib/python3.8/site-packages/airflow/example_dags/example_setup_teardown.py took 0.070 seconds
[2024-01-29T13:09:32.416+0000] {processor.py:161} INFO - Started process (PID=2086) to work on /home/airflow/.local/lib/python3.8/site-packages/airflow/example_dags/example_setup_teardown.py
[2024-01-29T13:09:32.417+0000] {processor.py:830} INFO - Processing file /home/airflow/.local/lib/python3.8/site-packages/airflow/example_dags/example_setup_teardown.py for tasks to queue
[2024-01-29T13:09:32.419+0000] {logging_mixin.py:188} INFO - [2024-01-29T13:09:32.418+0000] {dagbag.py:538} INFO - Filling up the DagBag from /home/airflow/.local/lib/python3.8/site-packages/airflow/example_dags/example_setup_teardown.py
[2024-01-29T13:09:32.425+0000] {processor.py:840} INFO - DAG(s) 'example_setup_teardown' retrieved from /home/airflow/.local/lib/python3.8/site-packages/airflow/example_dags/example_setup_teardown.py
[2024-01-29T13:09:32.445+0000] {logging_mixin.py:188} INFO - [2024-01-29T13:09:32.444+0000] {dag.py:3036} INFO - Sync 1 DAGs
[2024-01-29T13:09:32.466+0000] {logging_mixin.py:188} INFO - [2024-01-29T13:09:32.466+0000] {dag.py:3823} INFO - Setting next_dagrun for example_setup_teardown to 2024-01-28 00:00:00+00:00, run_after=2024-01-29 00:00:00+00:00
[2024-01-29T13:09:32.483+0000] {processor.py:183} INFO - Processing /home/airflow/.local/lib/python3.8/site-packages/airflow/example_dags/example_setup_teardown.py took 0.070 seconds
[2024-01-29T13:10:03.408+0000] {processor.py:161} INFO - Started process (PID=2142) to work on /home/airflow/.local/lib/python3.8/site-packages/airflow/example_dags/example_setup_teardown.py
[2024-01-29T13:10:03.409+0000] {processor.py:830} INFO - Processing file /home/airflow/.local/lib/python3.8/site-packages/airflow/example_dags/example_setup_teardown.py for tasks to queue
[2024-01-29T13:10:03.411+0000] {logging_mixin.py:188} INFO - [2024-01-29T13:10:03.410+0000] {dagbag.py:538} INFO - Filling up the DagBag from /home/airflow/.local/lib/python3.8/site-packages/airflow/example_dags/example_setup_teardown.py
[2024-01-29T13:10:03.417+0000] {processor.py:840} INFO - DAG(s) 'example_setup_teardown' retrieved from /home/airflow/.local/lib/python3.8/site-packages/airflow/example_dags/example_setup_teardown.py
[2024-01-29T13:10:03.438+0000] {logging_mixin.py:188} INFO - [2024-01-29T13:10:03.438+0000] {dag.py:3036} INFO - Sync 1 DAGs
[2024-01-29T13:10:03.462+0000] {logging_mixin.py:188} INFO - [2024-01-29T13:10:03.462+0000] {dag.py:3823} INFO - Setting next_dagrun for example_setup_teardown to 2024-01-28 00:00:00+00:00, run_after=2024-01-29 00:00:00+00:00
[2024-01-29T13:10:03.480+0000] {processor.py:183} INFO - Processing /home/airflow/.local/lib/python3.8/site-packages/airflow/example_dags/example_setup_teardown.py took 0.075 seconds
[2024-01-29T13:10:34.231+0000] {processor.py:161} INFO - Started process (PID=2198) to work on /home/airflow/.local/lib/python3.8/site-packages/airflow/example_dags/example_setup_teardown.py
[2024-01-29T13:10:34.232+0000] {processor.py:830} INFO - Processing file /home/airflow/.local/lib/python3.8/site-packages/airflow/example_dags/example_setup_teardown.py for tasks to queue
[2024-01-29T13:10:34.233+0000] {logging_mixin.py:188} INFO - [2024-01-29T13:10:34.233+0000] {dagbag.py:538} INFO - Filling up the DagBag from /home/airflow/.local/lib/python3.8/site-packages/airflow/example_dags/example_setup_teardown.py
[2024-01-29T13:10:34.239+0000] {processor.py:840} INFO - DAG(s) 'example_setup_teardown' retrieved from /home/airflow/.local/lib/python3.8/site-packages/airflow/example_dags/example_setup_teardown.py
[2024-01-29T13:10:34.258+0000] {logging_mixin.py:188} INFO - [2024-01-29T13:10:34.258+0000] {dag.py:3036} INFO - Sync 1 DAGs
[2024-01-29T13:10:34.279+0000] {logging_mixin.py:188} INFO - [2024-01-29T13:10:34.279+0000] {dag.py:3823} INFO - Setting next_dagrun for example_setup_teardown to 2024-01-28 00:00:00+00:00, run_after=2024-01-29 00:00:00+00:00
[2024-01-29T13:10:34.297+0000] {processor.py:183} INFO - Processing /home/airflow/.local/lib/python3.8/site-packages/airflow/example_dags/example_setup_teardown.py took 0.070 seconds
[2024-01-29T13:11:05.081+0000] {processor.py:161} INFO - Started process (PID=2254) to work on /home/airflow/.local/lib/python3.8/site-packages/airflow/example_dags/example_setup_teardown.py
[2024-01-29T13:11:05.082+0000] {processor.py:830} INFO - Processing file /home/airflow/.local/lib/python3.8/site-packages/airflow/example_dags/example_setup_teardown.py for tasks to queue
[2024-01-29T13:11:05.083+0000] {logging_mixin.py:188} INFO - [2024-01-29T13:11:05.083+0000] {dagbag.py:538} INFO - Filling up the DagBag from /home/airflow/.local/lib/python3.8/site-packages/airflow/example_dags/example_setup_teardown.py
[2024-01-29T13:11:05.089+0000] {processor.py:840} INFO - DAG(s) 'example_setup_teardown' retrieved from /home/airflow/.local/lib/python3.8/site-packages/airflow/example_dags/example_setup_teardown.py
[2024-01-29T13:11:05.112+0000] {logging_mixin.py:188} INFO - [2024-01-29T13:11:05.111+0000] {dag.py:3036} INFO - Sync 1 DAGs
[2024-01-29T13:11:05.136+0000] {logging_mixin.py:188} INFO - [2024-01-29T13:11:05.135+0000] {dag.py:3823} INFO - Setting next_dagrun for example_setup_teardown to 2024-01-28 00:00:00+00:00, run_after=2024-01-29 00:00:00+00:00
[2024-01-29T13:11:05.155+0000] {processor.py:183} INFO - Processing /home/airflow/.local/lib/python3.8/site-packages/airflow/example_dags/example_setup_teardown.py took 0.077 seconds
[2024-01-29T13:11:35.270+0000] {processor.py:161} INFO - Started process (PID=2310) to work on /home/airflow/.local/lib/python3.8/site-packages/airflow/example_dags/example_setup_teardown.py
[2024-01-29T13:11:35.271+0000] {processor.py:830} INFO - Processing file /home/airflow/.local/lib/python3.8/site-packages/airflow/example_dags/example_setup_teardown.py for tasks to queue
[2024-01-29T13:11:35.273+0000] {logging_mixin.py:188} INFO - [2024-01-29T13:11:35.272+0000] {dagbag.py:538} INFO - Filling up the DagBag from /home/airflow/.local/lib/python3.8/site-packages/airflow/example_dags/example_setup_teardown.py
[2024-01-29T13:11:35.279+0000] {processor.py:840} INFO - DAG(s) 'example_setup_teardown' retrieved from /home/airflow/.local/lib/python3.8/site-packages/airflow/example_dags/example_setup_teardown.py
[2024-01-29T13:11:35.299+0000] {logging_mixin.py:188} INFO - [2024-01-29T13:11:35.299+0000] {dag.py:3036} INFO - Sync 1 DAGs
[2024-01-29T13:11:35.320+0000] {logging_mixin.py:188} INFO - [2024-01-29T13:11:35.320+0000] {dag.py:3823} INFO - Setting next_dagrun for example_setup_teardown to 2024-01-28 00:00:00+00:00, run_after=2024-01-29 00:00:00+00:00
[2024-01-29T13:11:35.338+0000] {processor.py:183} INFO - Processing /home/airflow/.local/lib/python3.8/site-packages/airflow/example_dags/example_setup_teardown.py took 0.071 seconds
[2024-01-29T13:12:06.354+0000] {processor.py:161} INFO - Started process (PID=2366) to work on /home/airflow/.local/lib/python3.8/site-packages/airflow/example_dags/example_setup_teardown.py
[2024-01-29T13:12:06.355+0000] {processor.py:830} INFO - Processing file /home/airflow/.local/lib/python3.8/site-packages/airflow/example_dags/example_setup_teardown.py for tasks to queue
[2024-01-29T13:12:06.356+0000] {logging_mixin.py:188} INFO - [2024-01-29T13:12:06.356+0000] {dagbag.py:538} INFO - Filling up the DagBag from /home/airflow/.local/lib/python3.8/site-packages/airflow/example_dags/example_setup_teardown.py
[2024-01-29T13:12:06.362+0000] {processor.py:840} INFO - DAG(s) 'example_setup_teardown' retrieved from /home/airflow/.local/lib/python3.8/site-packages/airflow/example_dags/example_setup_teardown.py
[2024-01-29T13:12:06.381+0000] {logging_mixin.py:188} INFO - [2024-01-29T13:12:06.381+0000] {dag.py:3036} INFO - Sync 1 DAGs
[2024-01-29T13:12:06.402+0000] {logging_mixin.py:188} INFO - [2024-01-29T13:12:06.402+0000] {dag.py:3823} INFO - Setting next_dagrun for example_setup_teardown to 2024-01-28 00:00:00+00:00, run_after=2024-01-29 00:00:00+00:00
[2024-01-29T13:12:06.418+0000] {processor.py:183} INFO - Processing /home/airflow/.local/lib/python3.8/site-packages/airflow/example_dags/example_setup_teardown.py took 0.067 seconds
[2024-01-29T13:17:25.840+0000] {processor.py:161} INFO - Started process (PID=2414) to work on /home/airflow/.local/lib/python3.8/site-packages/airflow/example_dags/example_setup_teardown.py
[2024-01-29T13:17:25.841+0000] {processor.py:830} INFO - Processing file /home/airflow/.local/lib/python3.8/site-packages/airflow/example_dags/example_setup_teardown.py for tasks to queue
[2024-01-29T13:17:25.842+0000] {logging_mixin.py:188} INFO - [2024-01-29T13:17:25.842+0000] {dagbag.py:538} INFO - Filling up the DagBag from /home/airflow/.local/lib/python3.8/site-packages/airflow/example_dags/example_setup_teardown.py
[2024-01-29T13:17:25.850+0000] {processor.py:840} INFO - DAG(s) 'example_setup_teardown' retrieved from /home/airflow/.local/lib/python3.8/site-packages/airflow/example_dags/example_setup_teardown.py
[2024-01-29T13:17:25.880+0000] {logging_mixin.py:188} INFO - [2024-01-29T13:17:25.879+0000] {dag.py:3036} INFO - Sync 1 DAGs
[2024-01-29T13:17:25.905+0000] {logging_mixin.py:188} INFO - [2024-01-29T13:17:25.904+0000] {dag.py:3823} INFO - Setting next_dagrun for example_setup_teardown to 2024-01-28 00:00:00+00:00, run_after=2024-01-29 00:00:00+00:00
[2024-01-29T13:17:25.927+0000] {processor.py:183} INFO - Processing /home/airflow/.local/lib/python3.8/site-packages/airflow/example_dags/example_setup_teardown.py took 0.090 seconds
[2024-01-29T13:17:56.008+0000] {processor.py:161} INFO - Started process (PID=2469) to work on /home/airflow/.local/lib/python3.8/site-packages/airflow/example_dags/example_setup_teardown.py
[2024-01-29T13:17:56.009+0000] {processor.py:830} INFO - Processing file /home/airflow/.local/lib/python3.8/site-packages/airflow/example_dags/example_setup_teardown.py for tasks to queue
[2024-01-29T13:17:56.011+0000] {logging_mixin.py:188} INFO - [2024-01-29T13:17:56.010+0000] {dagbag.py:538} INFO - Filling up the DagBag from /home/airflow/.local/lib/python3.8/site-packages/airflow/example_dags/example_setup_teardown.py
[2024-01-29T13:17:56.017+0000] {processor.py:840} INFO - DAG(s) 'example_setup_teardown' retrieved from /home/airflow/.local/lib/python3.8/site-packages/airflow/example_dags/example_setup_teardown.py
[2024-01-29T13:17:56.037+0000] {logging_mixin.py:188} INFO - [2024-01-29T13:17:56.037+0000] {dag.py:3036} INFO - Sync 1 DAGs
[2024-01-29T13:17:56.057+0000] {logging_mixin.py:188} INFO - [2024-01-29T13:17:56.057+0000] {dag.py:3823} INFO - Setting next_dagrun for example_setup_teardown to 2024-01-28 00:00:00+00:00, run_after=2024-01-29 00:00:00+00:00
[2024-01-29T13:17:56.074+0000] {processor.py:183} INFO - Processing /home/airflow/.local/lib/python3.8/site-packages/airflow/example_dags/example_setup_teardown.py took 0.069 seconds
[2024-01-29T13:18:27.072+0000] {processor.py:161} INFO - Started process (PID=2525) to work on /home/airflow/.local/lib/python3.8/site-packages/airflow/example_dags/example_setup_teardown.py
[2024-01-29T13:18:27.074+0000] {processor.py:830} INFO - Processing file /home/airflow/.local/lib/python3.8/site-packages/airflow/example_dags/example_setup_teardown.py for tasks to queue
[2024-01-29T13:18:27.075+0000] {logging_mixin.py:188} INFO - [2024-01-29T13:18:27.075+0000] {dagbag.py:538} INFO - Filling up the DagBag from /home/airflow/.local/lib/python3.8/site-packages/airflow/example_dags/example_setup_teardown.py
[2024-01-29T13:18:27.082+0000] {processor.py:840} INFO - DAG(s) 'example_setup_teardown' retrieved from /home/airflow/.local/lib/python3.8/site-packages/airflow/example_dags/example_setup_teardown.py
[2024-01-29T13:18:27.102+0000] {logging_mixin.py:188} INFO - [2024-01-29T13:18:27.102+0000] {dag.py:3036} INFO - Sync 1 DAGs
[2024-01-29T13:18:27.127+0000] {logging_mixin.py:188} INFO - [2024-01-29T13:18:27.127+0000] {dag.py:3823} INFO - Setting next_dagrun for example_setup_teardown to 2024-01-28 00:00:00+00:00, run_after=2024-01-29 00:00:00+00:00
[2024-01-29T13:18:27.151+0000] {processor.py:183} INFO - Processing /home/airflow/.local/lib/python3.8/site-packages/airflow/example_dags/example_setup_teardown.py took 0.082 seconds
