[2024-01-29T12:41:07.697+0000] {processor.py:161} INFO - Started process (PID=50) to work on /home/airflow/.local/lib/python3.8/site-packages/airflow/example_dags/example_skip_dag.py
[2024-01-29T12:41:07.698+0000] {processor.py:830} INFO - Processing file /home/airflow/.local/lib/python3.8/site-packages/airflow/example_dags/example_skip_dag.py for tasks to queue
[2024-01-29T12:41:07.700+0000] {logging_mixin.py:188} INFO - [2024-01-29T12:41:07.700+0000] {dagbag.py:538} INFO - Filling up the DagBag from /home/airflow/.local/lib/python3.8/site-packages/airflow/example_dags/example_skip_dag.py
[2024-01-29T12:41:07.713+0000] {processor.py:840} INFO - DAG(s) 'example_skip_dag' retrieved from /home/airflow/.local/lib/python3.8/site-packages/airflow/example_dags/example_skip_dag.py
[2024-01-29T12:41:07.902+0000] {logging_mixin.py:188} INFO - [2024-01-29T12:41:07.902+0000] {override.py:1769} INFO - Created Permission View: can read on DAG:example_skip_dag
[2024-01-29T12:41:07.923+0000] {logging_mixin.py:188} INFO - [2024-01-29T12:41:07.922+0000] {override.py:1769} INFO - Created Permission View: can edit on DAG:example_skip_dag
[2024-01-29T12:41:07.933+0000] {logging_mixin.py:188} INFO - [2024-01-29T12:41:07.933+0000] {override.py:1769} INFO - Created Permission View: can delete on DAG:example_skip_dag
[2024-01-29T12:41:07.934+0000] {logging_mixin.py:188} INFO - [2024-01-29T12:41:07.934+0000] {dag.py:3036} INFO - Sync 1 DAGs
[2024-01-29T12:41:07.948+0000] {logging_mixin.py:188} INFO - [2024-01-29T12:41:07.947+0000] {dag.py:3058} INFO - Creating ORM DAG for example_skip_dag
[2024-01-29T12:41:07.962+0000] {logging_mixin.py:188} INFO - [2024-01-29T12:41:07.962+0000] {dag.py:3823} INFO - Setting next_dagrun for example_skip_dag to 2024-01-28 00:00:00+00:00, run_after=2024-01-29 00:00:00+00:00
[2024-01-29T12:41:07.990+0000] {processor.py:183} INFO - Processing /home/airflow/.local/lib/python3.8/site-packages/airflow/example_dags/example_skip_dag.py took 0.296 seconds
[2024-01-29T12:41:38.410+0000] {processor.py:161} INFO - Started process (PID=105) to work on /home/airflow/.local/lib/python3.8/site-packages/airflow/example_dags/example_skip_dag.py
[2024-01-29T12:41:38.411+0000] {processor.py:830} INFO - Processing file /home/airflow/.local/lib/python3.8/site-packages/airflow/example_dags/example_skip_dag.py for tasks to queue
[2024-01-29T12:41:38.412+0000] {logging_mixin.py:188} INFO - [2024-01-29T12:41:38.412+0000] {dagbag.py:538} INFO - Filling up the DagBag from /home/airflow/.local/lib/python3.8/site-packages/airflow/example_dags/example_skip_dag.py
[2024-01-29T12:41:38.419+0000] {processor.py:840} INFO - DAG(s) 'example_skip_dag' retrieved from /home/airflow/.local/lib/python3.8/site-packages/airflow/example_dags/example_skip_dag.py
[2024-01-29T12:41:38.440+0000] {logging_mixin.py:188} INFO - [2024-01-29T12:41:38.439+0000] {dag.py:3036} INFO - Sync 1 DAGs
[2024-01-29T12:41:38.461+0000] {logging_mixin.py:188} INFO - [2024-01-29T12:41:38.460+0000] {dag.py:3823} INFO - Setting next_dagrun for example_skip_dag to 2024-01-28 00:00:00+00:00, run_after=2024-01-29 00:00:00+00:00
[2024-01-29T12:41:38.482+0000] {processor.py:183} INFO - Processing /home/airflow/.local/lib/python3.8/site-packages/airflow/example_dags/example_skip_dag.py took 0.075 seconds
[2024-01-29T12:51:14.689+0000] {processor.py:161} INFO - Started process (PID=51) to work on /home/airflow/.local/lib/python3.8/site-packages/airflow/example_dags/example_skip_dag.py
[2024-01-29T12:51:14.690+0000] {processor.py:830} INFO - Processing file /home/airflow/.local/lib/python3.8/site-packages/airflow/example_dags/example_skip_dag.py for tasks to queue
[2024-01-29T12:51:14.692+0000] {logging_mixin.py:188} INFO - [2024-01-29T12:51:14.692+0000] {dagbag.py:538} INFO - Filling up the DagBag from /home/airflow/.local/lib/python3.8/site-packages/airflow/example_dags/example_skip_dag.py
[2024-01-29T12:51:14.707+0000] {processor.py:840} INFO - DAG(s) 'example_skip_dag' retrieved from /home/airflow/.local/lib/python3.8/site-packages/airflow/example_dags/example_skip_dag.py
[2024-01-29T12:51:14.720+0000] {logging_mixin.py:188} INFO - [2024-01-29T12:51:14.719+0000] {dag.py:3036} INFO - Sync 1 DAGs
[2024-01-29T12:51:14.747+0000] {logging_mixin.py:188} INFO - [2024-01-29T12:51:14.747+0000] {dag.py:3823} INFO - Setting next_dagrun for example_skip_dag to 2024-01-28 00:00:00+00:00, run_after=2024-01-29 00:00:00+00:00
[2024-01-29T12:51:14.771+0000] {processor.py:183} INFO - Processing /home/airflow/.local/lib/python3.8/site-packages/airflow/example_dags/example_skip_dag.py took 0.086 seconds
[2024-01-29T12:51:45.717+0000] {processor.py:161} INFO - Started process (PID=107) to work on /home/airflow/.local/lib/python3.8/site-packages/airflow/example_dags/example_skip_dag.py
[2024-01-29T12:51:45.718+0000] {processor.py:830} INFO - Processing file /home/airflow/.local/lib/python3.8/site-packages/airflow/example_dags/example_skip_dag.py for tasks to queue
[2024-01-29T12:51:45.720+0000] {logging_mixin.py:188} INFO - [2024-01-29T12:51:45.720+0000] {dagbag.py:538} INFO - Filling up the DagBag from /home/airflow/.local/lib/python3.8/site-packages/airflow/example_dags/example_skip_dag.py
[2024-01-29T12:51:45.731+0000] {processor.py:840} INFO - DAG(s) 'example_skip_dag' retrieved from /home/airflow/.local/lib/python3.8/site-packages/airflow/example_dags/example_skip_dag.py
[2024-01-29T12:51:45.873+0000] {logging_mixin.py:188} INFO - [2024-01-29T12:51:45.872+0000] {dag.py:3036} INFO - Sync 1 DAGs
[2024-01-29T12:51:45.896+0000] {logging_mixin.py:188} INFO - [2024-01-29T12:51:45.896+0000] {dag.py:3823} INFO - Setting next_dagrun for example_skip_dag to 2024-01-28 00:00:00+00:00, run_after=2024-01-29 00:00:00+00:00
[2024-01-29T12:51:45.917+0000] {processor.py:183} INFO - Processing /home/airflow/.local/lib/python3.8/site-packages/airflow/example_dags/example_skip_dag.py took 0.204 seconds
[2024-01-29T12:52:16.201+0000] {processor.py:161} INFO - Started process (PID=163) to work on /home/airflow/.local/lib/python3.8/site-packages/airflow/example_dags/example_skip_dag.py
[2024-01-29T12:52:16.202+0000] {processor.py:830} INFO - Processing file /home/airflow/.local/lib/python3.8/site-packages/airflow/example_dags/example_skip_dag.py for tasks to queue
[2024-01-29T12:52:16.204+0000] {logging_mixin.py:188} INFO - [2024-01-29T12:52:16.204+0000] {dagbag.py:538} INFO - Filling up the DagBag from /home/airflow/.local/lib/python3.8/site-packages/airflow/example_dags/example_skip_dag.py
[2024-01-29T12:52:16.210+0000] {processor.py:840} INFO - DAG(s) 'example_skip_dag' retrieved from /home/airflow/.local/lib/python3.8/site-packages/airflow/example_dags/example_skip_dag.py
[2024-01-29T12:52:16.231+0000] {logging_mixin.py:188} INFO - [2024-01-29T12:52:16.231+0000] {dag.py:3036} INFO - Sync 1 DAGs
[2024-01-29T12:52:16.251+0000] {logging_mixin.py:188} INFO - [2024-01-29T12:52:16.251+0000] {dag.py:3823} INFO - Setting next_dagrun for example_skip_dag to 2024-01-28 00:00:00+00:00, run_after=2024-01-29 00:00:00+00:00
[2024-01-29T12:52:16.269+0000] {processor.py:183} INFO - Processing /home/airflow/.local/lib/python3.8/site-packages/airflow/example_dags/example_skip_dag.py took 0.071 seconds
[2024-01-29T12:52:47.197+0000] {processor.py:161} INFO - Started process (PID=219) to work on /home/airflow/.local/lib/python3.8/site-packages/airflow/example_dags/example_skip_dag.py
[2024-01-29T12:52:47.198+0000] {processor.py:830} INFO - Processing file /home/airflow/.local/lib/python3.8/site-packages/airflow/example_dags/example_skip_dag.py for tasks to queue
[2024-01-29T12:52:47.199+0000] {logging_mixin.py:188} INFO - [2024-01-29T12:52:47.199+0000] {dagbag.py:538} INFO - Filling up the DagBag from /home/airflow/.local/lib/python3.8/site-packages/airflow/example_dags/example_skip_dag.py
[2024-01-29T12:52:47.206+0000] {processor.py:840} INFO - DAG(s) 'example_skip_dag' retrieved from /home/airflow/.local/lib/python3.8/site-packages/airflow/example_dags/example_skip_dag.py
[2024-01-29T12:52:47.227+0000] {logging_mixin.py:188} INFO - [2024-01-29T12:52:47.227+0000] {dag.py:3036} INFO - Sync 1 DAGs
[2024-01-29T12:52:47.248+0000] {logging_mixin.py:188} INFO - [2024-01-29T12:52:47.248+0000] {dag.py:3823} INFO - Setting next_dagrun for example_skip_dag to 2024-01-28 00:00:00+00:00, run_after=2024-01-29 00:00:00+00:00
[2024-01-29T12:52:47.265+0000] {processor.py:183} INFO - Processing /home/airflow/.local/lib/python3.8/site-packages/airflow/example_dags/example_skip_dag.py took 0.071 seconds
[2024-01-29T12:53:17.375+0000] {processor.py:161} INFO - Started process (PID=275) to work on /home/airflow/.local/lib/python3.8/site-packages/airflow/example_dags/example_skip_dag.py
[2024-01-29T12:53:17.376+0000] {processor.py:830} INFO - Processing file /home/airflow/.local/lib/python3.8/site-packages/airflow/example_dags/example_skip_dag.py for tasks to queue
[2024-01-29T12:53:17.377+0000] {logging_mixin.py:188} INFO - [2024-01-29T12:53:17.377+0000] {dagbag.py:538} INFO - Filling up the DagBag from /home/airflow/.local/lib/python3.8/site-packages/airflow/example_dags/example_skip_dag.py
[2024-01-29T12:53:17.384+0000] {processor.py:840} INFO - DAG(s) 'example_skip_dag' retrieved from /home/airflow/.local/lib/python3.8/site-packages/airflow/example_dags/example_skip_dag.py
[2024-01-29T12:53:17.405+0000] {logging_mixin.py:188} INFO - [2024-01-29T12:53:17.404+0000] {dag.py:3036} INFO - Sync 1 DAGs
[2024-01-29T12:53:17.426+0000] {logging_mixin.py:188} INFO - [2024-01-29T12:53:17.426+0000] {dag.py:3823} INFO - Setting next_dagrun for example_skip_dag to 2024-01-28 00:00:00+00:00, run_after=2024-01-29 00:00:00+00:00
[2024-01-29T12:53:17.444+0000] {processor.py:183} INFO - Processing /home/airflow/.local/lib/python3.8/site-packages/airflow/example_dags/example_skip_dag.py took 0.072 seconds
[2024-01-29T12:53:47.541+0000] {processor.py:161} INFO - Started process (PID=331) to work on /home/airflow/.local/lib/python3.8/site-packages/airflow/example_dags/example_skip_dag.py
[2024-01-29T12:53:47.542+0000] {processor.py:830} INFO - Processing file /home/airflow/.local/lib/python3.8/site-packages/airflow/example_dags/example_skip_dag.py for tasks to queue
[2024-01-29T12:53:47.543+0000] {logging_mixin.py:188} INFO - [2024-01-29T12:53:47.543+0000] {dagbag.py:538} INFO - Filling up the DagBag from /home/airflow/.local/lib/python3.8/site-packages/airflow/example_dags/example_skip_dag.py
[2024-01-29T12:53:47.549+0000] {processor.py:840} INFO - DAG(s) 'example_skip_dag' retrieved from /home/airflow/.local/lib/python3.8/site-packages/airflow/example_dags/example_skip_dag.py
[2024-01-29T12:53:47.571+0000] {logging_mixin.py:188} INFO - [2024-01-29T12:53:47.571+0000] {dag.py:3036} INFO - Sync 1 DAGs
[2024-01-29T12:53:47.593+0000] {logging_mixin.py:188} INFO - [2024-01-29T12:53:47.592+0000] {dag.py:3823} INFO - Setting next_dagrun for example_skip_dag to 2024-01-28 00:00:00+00:00, run_after=2024-01-29 00:00:00+00:00
[2024-01-29T12:53:47.611+0000] {processor.py:183} INFO - Processing /home/airflow/.local/lib/python3.8/site-packages/airflow/example_dags/example_skip_dag.py took 0.073 seconds
[2024-01-29T12:54:17.842+0000] {processor.py:161} INFO - Started process (PID=387) to work on /home/airflow/.local/lib/python3.8/site-packages/airflow/example_dags/example_skip_dag.py
[2024-01-29T12:54:17.842+0000] {processor.py:830} INFO - Processing file /home/airflow/.local/lib/python3.8/site-packages/airflow/example_dags/example_skip_dag.py for tasks to queue
[2024-01-29T12:54:17.844+0000] {logging_mixin.py:188} INFO - [2024-01-29T12:54:17.844+0000] {dagbag.py:538} INFO - Filling up the DagBag from /home/airflow/.local/lib/python3.8/site-packages/airflow/example_dags/example_skip_dag.py
[2024-01-29T12:54:17.850+0000] {processor.py:840} INFO - DAG(s) 'example_skip_dag' retrieved from /home/airflow/.local/lib/python3.8/site-packages/airflow/example_dags/example_skip_dag.py
[2024-01-29T12:54:17.871+0000] {logging_mixin.py:188} INFO - [2024-01-29T12:54:17.871+0000] {dag.py:3036} INFO - Sync 1 DAGs
[2024-01-29T12:54:17.892+0000] {logging_mixin.py:188} INFO - [2024-01-29T12:54:17.892+0000] {dag.py:3823} INFO - Setting next_dagrun for example_skip_dag to 2024-01-28 00:00:00+00:00, run_after=2024-01-29 00:00:00+00:00
[2024-01-29T12:54:17.911+0000] {processor.py:183} INFO - Processing /home/airflow/.local/lib/python3.8/site-packages/airflow/example_dags/example_skip_dag.py took 0.073 seconds
[2024-01-29T12:54:48.043+0000] {processor.py:161} INFO - Started process (PID=443) to work on /home/airflow/.local/lib/python3.8/site-packages/airflow/example_dags/example_skip_dag.py
[2024-01-29T12:54:48.044+0000] {processor.py:830} INFO - Processing file /home/airflow/.local/lib/python3.8/site-packages/airflow/example_dags/example_skip_dag.py for tasks to queue
[2024-01-29T12:54:48.046+0000] {logging_mixin.py:188} INFO - [2024-01-29T12:54:48.046+0000] {dagbag.py:538} INFO - Filling up the DagBag from /home/airflow/.local/lib/python3.8/site-packages/airflow/example_dags/example_skip_dag.py
[2024-01-29T12:54:48.052+0000] {processor.py:840} INFO - DAG(s) 'example_skip_dag' retrieved from /home/airflow/.local/lib/python3.8/site-packages/airflow/example_dags/example_skip_dag.py
[2024-01-29T12:54:48.073+0000] {logging_mixin.py:188} INFO - [2024-01-29T12:54:48.073+0000] {dag.py:3036} INFO - Sync 1 DAGs
[2024-01-29T12:54:48.101+0000] {logging_mixin.py:188} INFO - [2024-01-29T12:54:48.101+0000] {dag.py:3823} INFO - Setting next_dagrun for example_skip_dag to 2024-01-28 00:00:00+00:00, run_after=2024-01-29 00:00:00+00:00
[2024-01-29T12:54:48.120+0000] {processor.py:183} INFO - Processing /home/airflow/.local/lib/python3.8/site-packages/airflow/example_dags/example_skip_dag.py took 0.080 seconds
[2024-01-29T12:55:18.424+0000] {processor.py:161} INFO - Started process (PID=499) to work on /home/airflow/.local/lib/python3.8/site-packages/airflow/example_dags/example_skip_dag.py
[2024-01-29T12:55:18.425+0000] {processor.py:830} INFO - Processing file /home/airflow/.local/lib/python3.8/site-packages/airflow/example_dags/example_skip_dag.py for tasks to queue
[2024-01-29T12:55:18.426+0000] {logging_mixin.py:188} INFO - [2024-01-29T12:55:18.426+0000] {dagbag.py:538} INFO - Filling up the DagBag from /home/airflow/.local/lib/python3.8/site-packages/airflow/example_dags/example_skip_dag.py
[2024-01-29T12:55:18.432+0000] {processor.py:840} INFO - DAG(s) 'example_skip_dag' retrieved from /home/airflow/.local/lib/python3.8/site-packages/airflow/example_dags/example_skip_dag.py
[2024-01-29T12:55:18.458+0000] {logging_mixin.py:188} INFO - [2024-01-29T12:55:18.457+0000] {dag.py:3036} INFO - Sync 1 DAGs
[2024-01-29T12:55:18.485+0000] {logging_mixin.py:188} INFO - [2024-01-29T12:55:18.485+0000] {dag.py:3823} INFO - Setting next_dagrun for example_skip_dag to 2024-01-28 00:00:00+00:00, run_after=2024-01-29 00:00:00+00:00
[2024-01-29T12:55:18.504+0000] {processor.py:183} INFO - Processing /home/airflow/.local/lib/python3.8/site-packages/airflow/example_dags/example_skip_dag.py took 0.083 seconds
[2024-01-29T12:55:48.652+0000] {processor.py:161} INFO - Started process (PID=555) to work on /home/airflow/.local/lib/python3.8/site-packages/airflow/example_dags/example_skip_dag.py
[2024-01-29T12:55:48.652+0000] {processor.py:830} INFO - Processing file /home/airflow/.local/lib/python3.8/site-packages/airflow/example_dags/example_skip_dag.py for tasks to queue
[2024-01-29T12:55:48.654+0000] {logging_mixin.py:188} INFO - [2024-01-29T12:55:48.654+0000] {dagbag.py:538} INFO - Filling up the DagBag from /home/airflow/.local/lib/python3.8/site-packages/airflow/example_dags/example_skip_dag.py
[2024-01-29T12:55:48.662+0000] {processor.py:840} INFO - DAG(s) 'example_skip_dag' retrieved from /home/airflow/.local/lib/python3.8/site-packages/airflow/example_dags/example_skip_dag.py
[2024-01-29T12:55:48.686+0000] {logging_mixin.py:188} INFO - [2024-01-29T12:55:48.685+0000] {dag.py:3036} INFO - Sync 1 DAGs
[2024-01-29T12:55:48.708+0000] {logging_mixin.py:188} INFO - [2024-01-29T12:55:48.708+0000] {dag.py:3823} INFO - Setting next_dagrun for example_skip_dag to 2024-01-28 00:00:00+00:00, run_after=2024-01-29 00:00:00+00:00
[2024-01-29T12:55:48.726+0000] {processor.py:183} INFO - Processing /home/airflow/.local/lib/python3.8/site-packages/airflow/example_dags/example_skip_dag.py took 0.078 seconds
[2024-01-29T12:56:19.062+0000] {processor.py:161} INFO - Started process (PID=611) to work on /home/airflow/.local/lib/python3.8/site-packages/airflow/example_dags/example_skip_dag.py
[2024-01-29T12:56:19.063+0000] {processor.py:830} INFO - Processing file /home/airflow/.local/lib/python3.8/site-packages/airflow/example_dags/example_skip_dag.py for tasks to queue
[2024-01-29T12:56:19.064+0000] {logging_mixin.py:188} INFO - [2024-01-29T12:56:19.064+0000] {dagbag.py:538} INFO - Filling up the DagBag from /home/airflow/.local/lib/python3.8/site-packages/airflow/example_dags/example_skip_dag.py
[2024-01-29T12:56:19.071+0000] {processor.py:840} INFO - DAG(s) 'example_skip_dag' retrieved from /home/airflow/.local/lib/python3.8/site-packages/airflow/example_dags/example_skip_dag.py
[2024-01-29T12:56:19.093+0000] {logging_mixin.py:188} INFO - [2024-01-29T12:56:19.093+0000] {dag.py:3036} INFO - Sync 1 DAGs
[2024-01-29T12:56:19.118+0000] {logging_mixin.py:188} INFO - [2024-01-29T12:56:19.117+0000] {dag.py:3823} INFO - Setting next_dagrun for example_skip_dag to 2024-01-28 00:00:00+00:00, run_after=2024-01-29 00:00:00+00:00
[2024-01-29T12:56:19.135+0000] {processor.py:183} INFO - Processing /home/airflow/.local/lib/python3.8/site-packages/airflow/example_dags/example_skip_dag.py took 0.078 seconds
[2024-01-29T12:56:49.327+0000] {processor.py:161} INFO - Started process (PID=667) to work on /home/airflow/.local/lib/python3.8/site-packages/airflow/example_dags/example_skip_dag.py
[2024-01-29T12:56:49.328+0000] {processor.py:830} INFO - Processing file /home/airflow/.local/lib/python3.8/site-packages/airflow/example_dags/example_skip_dag.py for tasks to queue
[2024-01-29T12:56:49.330+0000] {logging_mixin.py:188} INFO - [2024-01-29T12:56:49.329+0000] {dagbag.py:538} INFO - Filling up the DagBag from /home/airflow/.local/lib/python3.8/site-packages/airflow/example_dags/example_skip_dag.py
[2024-01-29T12:56:49.336+0000] {processor.py:840} INFO - DAG(s) 'example_skip_dag' retrieved from /home/airflow/.local/lib/python3.8/site-packages/airflow/example_dags/example_skip_dag.py
[2024-01-29T12:56:49.357+0000] {logging_mixin.py:188} INFO - [2024-01-29T12:56:49.356+0000] {dag.py:3036} INFO - Sync 1 DAGs
[2024-01-29T12:56:49.378+0000] {logging_mixin.py:188} INFO - [2024-01-29T12:56:49.378+0000] {dag.py:3823} INFO - Setting next_dagrun for example_skip_dag to 2024-01-28 00:00:00+00:00, run_after=2024-01-29 00:00:00+00:00
[2024-01-29T12:56:49.395+0000] {processor.py:183} INFO - Processing /home/airflow/.local/lib/python3.8/site-packages/airflow/example_dags/example_skip_dag.py took 0.071 seconds
[2024-01-29T12:57:19.498+0000] {processor.py:161} INFO - Started process (PID=723) to work on /home/airflow/.local/lib/python3.8/site-packages/airflow/example_dags/example_skip_dag.py
[2024-01-29T12:57:19.499+0000] {processor.py:830} INFO - Processing file /home/airflow/.local/lib/python3.8/site-packages/airflow/example_dags/example_skip_dag.py for tasks to queue
[2024-01-29T12:57:19.500+0000] {logging_mixin.py:188} INFO - [2024-01-29T12:57:19.500+0000] {dagbag.py:538} INFO - Filling up the DagBag from /home/airflow/.local/lib/python3.8/site-packages/airflow/example_dags/example_skip_dag.py
[2024-01-29T12:57:19.507+0000] {processor.py:840} INFO - DAG(s) 'example_skip_dag' retrieved from /home/airflow/.local/lib/python3.8/site-packages/airflow/example_dags/example_skip_dag.py
[2024-01-29T12:57:19.528+0000] {logging_mixin.py:188} INFO - [2024-01-29T12:57:19.527+0000] {dag.py:3036} INFO - Sync 1 DAGs
[2024-01-29T12:57:19.549+0000] {logging_mixin.py:188} INFO - [2024-01-29T12:57:19.549+0000] {dag.py:3823} INFO - Setting next_dagrun for example_skip_dag to 2024-01-28 00:00:00+00:00, run_after=2024-01-29 00:00:00+00:00
[2024-01-29T12:57:19.566+0000] {processor.py:183} INFO - Processing /home/airflow/.local/lib/python3.8/site-packages/airflow/example_dags/example_skip_dag.py took 0.072 seconds
[2024-01-29T12:57:49.721+0000] {processor.py:161} INFO - Started process (PID=779) to work on /home/airflow/.local/lib/python3.8/site-packages/airflow/example_dags/example_skip_dag.py
[2024-01-29T12:57:49.722+0000] {processor.py:830} INFO - Processing file /home/airflow/.local/lib/python3.8/site-packages/airflow/example_dags/example_skip_dag.py for tasks to queue
[2024-01-29T12:57:49.723+0000] {logging_mixin.py:188} INFO - [2024-01-29T12:57:49.723+0000] {dagbag.py:538} INFO - Filling up the DagBag from /home/airflow/.local/lib/python3.8/site-packages/airflow/example_dags/example_skip_dag.py
[2024-01-29T12:57:49.730+0000] {processor.py:840} INFO - DAG(s) 'example_skip_dag' retrieved from /home/airflow/.local/lib/python3.8/site-packages/airflow/example_dags/example_skip_dag.py
[2024-01-29T12:57:49.756+0000] {logging_mixin.py:188} INFO - [2024-01-29T12:57:49.756+0000] {dag.py:3036} INFO - Sync 1 DAGs
[2024-01-29T12:57:49.777+0000] {logging_mixin.py:188} INFO - [2024-01-29T12:57:49.777+0000] {dag.py:3823} INFO - Setting next_dagrun for example_skip_dag to 2024-01-28 00:00:00+00:00, run_after=2024-01-29 00:00:00+00:00
[2024-01-29T12:57:49.794+0000] {processor.py:183} INFO - Processing /home/airflow/.local/lib/python3.8/site-packages/airflow/example_dags/example_skip_dag.py took 0.077 seconds
[2024-01-29T12:58:19.906+0000] {processor.py:161} INFO - Started process (PID=835) to work on /home/airflow/.local/lib/python3.8/site-packages/airflow/example_dags/example_skip_dag.py
[2024-01-29T12:58:19.907+0000] {processor.py:830} INFO - Processing file /home/airflow/.local/lib/python3.8/site-packages/airflow/example_dags/example_skip_dag.py for tasks to queue
[2024-01-29T12:58:19.908+0000] {logging_mixin.py:188} INFO - [2024-01-29T12:58:19.908+0000] {dagbag.py:538} INFO - Filling up the DagBag from /home/airflow/.local/lib/python3.8/site-packages/airflow/example_dags/example_skip_dag.py
[2024-01-29T12:58:19.914+0000] {processor.py:840} INFO - DAG(s) 'example_skip_dag' retrieved from /home/airflow/.local/lib/python3.8/site-packages/airflow/example_dags/example_skip_dag.py
[2024-01-29T12:58:19.935+0000] {logging_mixin.py:188} INFO - [2024-01-29T12:58:19.935+0000] {dag.py:3036} INFO - Sync 1 DAGs
[2024-01-29T12:58:19.957+0000] {logging_mixin.py:188} INFO - [2024-01-29T12:58:19.957+0000] {dag.py:3823} INFO - Setting next_dagrun for example_skip_dag to 2024-01-28 00:00:00+00:00, run_after=2024-01-29 00:00:00+00:00
[2024-01-29T12:58:19.974+0000] {processor.py:183} INFO - Processing /home/airflow/.local/lib/python3.8/site-packages/airflow/example_dags/example_skip_dag.py took 0.072 seconds
[2024-01-29T12:58:50.489+0000] {processor.py:161} INFO - Started process (PID=891) to work on /home/airflow/.local/lib/python3.8/site-packages/airflow/example_dags/example_skip_dag.py
[2024-01-29T12:58:50.490+0000] {processor.py:830} INFO - Processing file /home/airflow/.local/lib/python3.8/site-packages/airflow/example_dags/example_skip_dag.py for tasks to queue
[2024-01-29T12:58:50.492+0000] {logging_mixin.py:188} INFO - [2024-01-29T12:58:50.491+0000] {dagbag.py:538} INFO - Filling up the DagBag from /home/airflow/.local/lib/python3.8/site-packages/airflow/example_dags/example_skip_dag.py
[2024-01-29T12:58:50.498+0000] {processor.py:840} INFO - DAG(s) 'example_skip_dag' retrieved from /home/airflow/.local/lib/python3.8/site-packages/airflow/example_dags/example_skip_dag.py
[2024-01-29T12:58:50.521+0000] {logging_mixin.py:188} INFO - [2024-01-29T12:58:50.520+0000] {dag.py:3036} INFO - Sync 1 DAGs
[2024-01-29T12:58:50.542+0000] {logging_mixin.py:188} INFO - [2024-01-29T12:58:50.542+0000] {dag.py:3823} INFO - Setting next_dagrun for example_skip_dag to 2024-01-28 00:00:00+00:00, run_after=2024-01-29 00:00:00+00:00
[2024-01-29T12:58:50.560+0000] {processor.py:183} INFO - Processing /home/airflow/.local/lib/python3.8/site-packages/airflow/example_dags/example_skip_dag.py took 0.074 seconds
[2024-01-29T12:59:20.761+0000] {processor.py:161} INFO - Started process (PID=947) to work on /home/airflow/.local/lib/python3.8/site-packages/airflow/example_dags/example_skip_dag.py
[2024-01-29T12:59:20.762+0000] {processor.py:830} INFO - Processing file /home/airflow/.local/lib/python3.8/site-packages/airflow/example_dags/example_skip_dag.py for tasks to queue
[2024-01-29T12:59:20.763+0000] {logging_mixin.py:188} INFO - [2024-01-29T12:59:20.763+0000] {dagbag.py:538} INFO - Filling up the DagBag from /home/airflow/.local/lib/python3.8/site-packages/airflow/example_dags/example_skip_dag.py
[2024-01-29T12:59:20.770+0000] {processor.py:840} INFO - DAG(s) 'example_skip_dag' retrieved from /home/airflow/.local/lib/python3.8/site-packages/airflow/example_dags/example_skip_dag.py
[2024-01-29T12:59:20.791+0000] {logging_mixin.py:188} INFO - [2024-01-29T12:59:20.791+0000] {dag.py:3036} INFO - Sync 1 DAGs
[2024-01-29T12:59:20.813+0000] {logging_mixin.py:188} INFO - [2024-01-29T12:59:20.812+0000] {dag.py:3823} INFO - Setting next_dagrun for example_skip_dag to 2024-01-28 00:00:00+00:00, run_after=2024-01-29 00:00:00+00:00
[2024-01-29T12:59:20.830+0000] {processor.py:183} INFO - Processing /home/airflow/.local/lib/python3.8/site-packages/airflow/example_dags/example_skip_dag.py took 0.072 seconds
[2024-01-29T12:59:50.894+0000] {processor.py:161} INFO - Started process (PID=1003) to work on /home/airflow/.local/lib/python3.8/site-packages/airflow/example_dags/example_skip_dag.py
[2024-01-29T12:59:50.895+0000] {processor.py:830} INFO - Processing file /home/airflow/.local/lib/python3.8/site-packages/airflow/example_dags/example_skip_dag.py for tasks to queue
[2024-01-29T12:59:50.896+0000] {logging_mixin.py:188} INFO - [2024-01-29T12:59:50.896+0000] {dagbag.py:538} INFO - Filling up the DagBag from /home/airflow/.local/lib/python3.8/site-packages/airflow/example_dags/example_skip_dag.py
[2024-01-29T12:59:50.903+0000] {processor.py:840} INFO - DAG(s) 'example_skip_dag' retrieved from /home/airflow/.local/lib/python3.8/site-packages/airflow/example_dags/example_skip_dag.py
[2024-01-29T12:59:50.923+0000] {logging_mixin.py:188} INFO - [2024-01-29T12:59:50.923+0000] {dag.py:3036} INFO - Sync 1 DAGs
[2024-01-29T12:59:50.945+0000] {logging_mixin.py:188} INFO - [2024-01-29T12:59:50.944+0000] {dag.py:3823} INFO - Setting next_dagrun for example_skip_dag to 2024-01-28 00:00:00+00:00, run_after=2024-01-29 00:00:00+00:00
[2024-01-29T12:59:50.962+0000] {processor.py:183} INFO - Processing /home/airflow/.local/lib/python3.8/site-packages/airflow/example_dags/example_skip_dag.py took 0.072 seconds
[2024-01-29T13:00:21.035+0000] {processor.py:161} INFO - Started process (PID=1059) to work on /home/airflow/.local/lib/python3.8/site-packages/airflow/example_dags/example_skip_dag.py
[2024-01-29T13:00:21.036+0000] {processor.py:830} INFO - Processing file /home/airflow/.local/lib/python3.8/site-packages/airflow/example_dags/example_skip_dag.py for tasks to queue
[2024-01-29T13:00:21.038+0000] {logging_mixin.py:188} INFO - [2024-01-29T13:00:21.037+0000] {dagbag.py:538} INFO - Filling up the DagBag from /home/airflow/.local/lib/python3.8/site-packages/airflow/example_dags/example_skip_dag.py
[2024-01-29T13:00:21.044+0000] {processor.py:840} INFO - DAG(s) 'example_skip_dag' retrieved from /home/airflow/.local/lib/python3.8/site-packages/airflow/example_dags/example_skip_dag.py
[2024-01-29T13:00:21.069+0000] {logging_mixin.py:188} INFO - [2024-01-29T13:00:21.068+0000] {dag.py:3036} INFO - Sync 1 DAGs
[2024-01-29T13:00:21.095+0000] {logging_mixin.py:188} INFO - [2024-01-29T13:00:21.094+0000] {dag.py:3823} INFO - Setting next_dagrun for example_skip_dag to 2024-01-28 00:00:00+00:00, run_after=2024-01-29 00:00:00+00:00
[2024-01-29T13:00:21.116+0000] {processor.py:183} INFO - Processing /home/airflow/.local/lib/python3.8/site-packages/airflow/example_dags/example_skip_dag.py took 0.084 seconds
[2024-01-29T13:00:51.369+0000] {processor.py:161} INFO - Started process (PID=1115) to work on /home/airflow/.local/lib/python3.8/site-packages/airflow/example_dags/example_skip_dag.py
[2024-01-29T13:00:51.370+0000] {processor.py:830} INFO - Processing file /home/airflow/.local/lib/python3.8/site-packages/airflow/example_dags/example_skip_dag.py for tasks to queue
[2024-01-29T13:00:51.371+0000] {logging_mixin.py:188} INFO - [2024-01-29T13:00:51.371+0000] {dagbag.py:538} INFO - Filling up the DagBag from /home/airflow/.local/lib/python3.8/site-packages/airflow/example_dags/example_skip_dag.py
[2024-01-29T13:00:51.377+0000] {processor.py:840} INFO - DAG(s) 'example_skip_dag' retrieved from /home/airflow/.local/lib/python3.8/site-packages/airflow/example_dags/example_skip_dag.py
[2024-01-29T13:00:51.398+0000] {logging_mixin.py:188} INFO - [2024-01-29T13:00:51.397+0000] {dag.py:3036} INFO - Sync 1 DAGs
[2024-01-29T13:00:51.419+0000] {logging_mixin.py:188} INFO - [2024-01-29T13:00:51.419+0000] {dag.py:3823} INFO - Setting next_dagrun for example_skip_dag to 2024-01-28 00:00:00+00:00, run_after=2024-01-29 00:00:00+00:00
[2024-01-29T13:00:51.437+0000] {processor.py:183} INFO - Processing /home/airflow/.local/lib/python3.8/site-packages/airflow/example_dags/example_skip_dag.py took 0.071 seconds
[2024-01-29T13:01:21.764+0000] {processor.py:161} INFO - Started process (PID=1170) to work on /home/airflow/.local/lib/python3.8/site-packages/airflow/example_dags/example_skip_dag.py
[2024-01-29T13:01:21.765+0000] {processor.py:830} INFO - Processing file /home/airflow/.local/lib/python3.8/site-packages/airflow/example_dags/example_skip_dag.py for tasks to queue
[2024-01-29T13:01:21.767+0000] {logging_mixin.py:188} INFO - [2024-01-29T13:01:21.767+0000] {dagbag.py:538} INFO - Filling up the DagBag from /home/airflow/.local/lib/python3.8/site-packages/airflow/example_dags/example_skip_dag.py
[2024-01-29T13:01:21.773+0000] {processor.py:840} INFO - DAG(s) 'example_skip_dag' retrieved from /home/airflow/.local/lib/python3.8/site-packages/airflow/example_dags/example_skip_dag.py
[2024-01-29T13:01:21.799+0000] {logging_mixin.py:188} INFO - [2024-01-29T13:01:21.798+0000] {dag.py:3036} INFO - Sync 1 DAGs
[2024-01-29T13:01:21.822+0000] {logging_mixin.py:188} INFO - [2024-01-29T13:01:21.822+0000] {dag.py:3823} INFO - Setting next_dagrun for example_skip_dag to 2024-01-28 00:00:00+00:00, run_after=2024-01-29 00:00:00+00:00
[2024-01-29T13:01:21.840+0000] {processor.py:183} INFO - Processing /home/airflow/.local/lib/python3.8/site-packages/airflow/example_dags/example_skip_dag.py took 0.079 seconds
[2024-01-29T13:01:52.483+0000] {processor.py:161} INFO - Started process (PID=1226) to work on /home/airflow/.local/lib/python3.8/site-packages/airflow/example_dags/example_skip_dag.py
[2024-01-29T13:01:52.484+0000] {processor.py:830} INFO - Processing file /home/airflow/.local/lib/python3.8/site-packages/airflow/example_dags/example_skip_dag.py for tasks to queue
[2024-01-29T13:01:52.485+0000] {logging_mixin.py:188} INFO - [2024-01-29T13:01:52.485+0000] {dagbag.py:538} INFO - Filling up the DagBag from /home/airflow/.local/lib/python3.8/site-packages/airflow/example_dags/example_skip_dag.py
[2024-01-29T13:01:52.491+0000] {processor.py:840} INFO - DAG(s) 'example_skip_dag' retrieved from /home/airflow/.local/lib/python3.8/site-packages/airflow/example_dags/example_skip_dag.py
[2024-01-29T13:01:52.513+0000] {logging_mixin.py:188} INFO - [2024-01-29T13:01:52.512+0000] {dag.py:3036} INFO - Sync 1 DAGs
[2024-01-29T13:01:52.534+0000] {logging_mixin.py:188} INFO - [2024-01-29T13:01:52.534+0000] {dag.py:3823} INFO - Setting next_dagrun for example_skip_dag to 2024-01-28 00:00:00+00:00, run_after=2024-01-29 00:00:00+00:00
[2024-01-29T13:01:52.552+0000] {processor.py:183} INFO - Processing /home/airflow/.local/lib/python3.8/site-packages/airflow/example_dags/example_skip_dag.py took 0.072 seconds
[2024-01-29T13:02:22.648+0000] {processor.py:161} INFO - Started process (PID=1283) to work on /home/airflow/.local/lib/python3.8/site-packages/airflow/example_dags/example_skip_dag.py
[2024-01-29T13:02:22.649+0000] {processor.py:830} INFO - Processing file /home/airflow/.local/lib/python3.8/site-packages/airflow/example_dags/example_skip_dag.py for tasks to queue
[2024-01-29T13:02:22.650+0000] {logging_mixin.py:188} INFO - [2024-01-29T13:02:22.650+0000] {dagbag.py:538} INFO - Filling up the DagBag from /home/airflow/.local/lib/python3.8/site-packages/airflow/example_dags/example_skip_dag.py
[2024-01-29T13:02:22.657+0000] {processor.py:840} INFO - DAG(s) 'example_skip_dag' retrieved from /home/airflow/.local/lib/python3.8/site-packages/airflow/example_dags/example_skip_dag.py
[2024-01-29T13:02:22.677+0000] {logging_mixin.py:188} INFO - [2024-01-29T13:02:22.676+0000] {dag.py:3036} INFO - Sync 1 DAGs
[2024-01-29T13:02:22.700+0000] {logging_mixin.py:188} INFO - [2024-01-29T13:02:22.700+0000] {dag.py:3823} INFO - Setting next_dagrun for example_skip_dag to 2024-01-28 00:00:00+00:00, run_after=2024-01-29 00:00:00+00:00
[2024-01-29T13:02:22.720+0000] {processor.py:183} INFO - Processing /home/airflow/.local/lib/python3.8/site-packages/airflow/example_dags/example_skip_dag.py took 0.075 seconds
[2024-01-29T13:02:52.757+0000] {processor.py:161} INFO - Started process (PID=1339) to work on /home/airflow/.local/lib/python3.8/site-packages/airflow/example_dags/example_skip_dag.py
[2024-01-29T13:02:52.758+0000] {processor.py:830} INFO - Processing file /home/airflow/.local/lib/python3.8/site-packages/airflow/example_dags/example_skip_dag.py for tasks to queue
[2024-01-29T13:02:52.760+0000] {logging_mixin.py:188} INFO - [2024-01-29T13:02:52.759+0000] {dagbag.py:538} INFO - Filling up the DagBag from /home/airflow/.local/lib/python3.8/site-packages/airflow/example_dags/example_skip_dag.py
[2024-01-29T13:02:52.766+0000] {processor.py:840} INFO - DAG(s) 'example_skip_dag' retrieved from /home/airflow/.local/lib/python3.8/site-packages/airflow/example_dags/example_skip_dag.py
[2024-01-29T13:02:52.786+0000] {logging_mixin.py:188} INFO - [2024-01-29T13:02:52.786+0000] {dag.py:3036} INFO - Sync 1 DAGs
[2024-01-29T13:02:52.807+0000] {logging_mixin.py:188} INFO - [2024-01-29T13:02:52.806+0000] {dag.py:3823} INFO - Setting next_dagrun for example_skip_dag to 2024-01-28 00:00:00+00:00, run_after=2024-01-29 00:00:00+00:00
[2024-01-29T13:02:52.824+0000] {processor.py:183} INFO - Processing /home/airflow/.local/lib/python3.8/site-packages/airflow/example_dags/example_skip_dag.py took 0.070 seconds
[2024-01-29T13:03:23.368+0000] {processor.py:161} INFO - Started process (PID=1395) to work on /home/airflow/.local/lib/python3.8/site-packages/airflow/example_dags/example_skip_dag.py
[2024-01-29T13:03:23.369+0000] {processor.py:830} INFO - Processing file /home/airflow/.local/lib/python3.8/site-packages/airflow/example_dags/example_skip_dag.py for tasks to queue
[2024-01-29T13:03:23.370+0000] {logging_mixin.py:188} INFO - [2024-01-29T13:03:23.370+0000] {dagbag.py:538} INFO - Filling up the DagBag from /home/airflow/.local/lib/python3.8/site-packages/airflow/example_dags/example_skip_dag.py
[2024-01-29T13:03:23.377+0000] {processor.py:840} INFO - DAG(s) 'example_skip_dag' retrieved from /home/airflow/.local/lib/python3.8/site-packages/airflow/example_dags/example_skip_dag.py
[2024-01-29T13:03:23.398+0000] {logging_mixin.py:188} INFO - [2024-01-29T13:03:23.397+0000] {dag.py:3036} INFO - Sync 1 DAGs
[2024-01-29T13:03:23.419+0000] {logging_mixin.py:188} INFO - [2024-01-29T13:03:23.419+0000] {dag.py:3823} INFO - Setting next_dagrun for example_skip_dag to 2024-01-28 00:00:00+00:00, run_after=2024-01-29 00:00:00+00:00
[2024-01-29T13:03:23.437+0000] {processor.py:183} INFO - Processing /home/airflow/.local/lib/python3.8/site-packages/airflow/example_dags/example_skip_dag.py took 0.072 seconds
[2024-01-29T13:03:53.538+0000] {processor.py:161} INFO - Started process (PID=1451) to work on /home/airflow/.local/lib/python3.8/site-packages/airflow/example_dags/example_skip_dag.py
[2024-01-29T13:03:53.538+0000] {processor.py:830} INFO - Processing file /home/airflow/.local/lib/python3.8/site-packages/airflow/example_dags/example_skip_dag.py for tasks to queue
[2024-01-29T13:03:53.540+0000] {logging_mixin.py:188} INFO - [2024-01-29T13:03:53.540+0000] {dagbag.py:538} INFO - Filling up the DagBag from /home/airflow/.local/lib/python3.8/site-packages/airflow/example_dags/example_skip_dag.py
[2024-01-29T13:03:53.546+0000] {processor.py:840} INFO - DAG(s) 'example_skip_dag' retrieved from /home/airflow/.local/lib/python3.8/site-packages/airflow/example_dags/example_skip_dag.py
[2024-01-29T13:03:53.566+0000] {logging_mixin.py:188} INFO - [2024-01-29T13:03:53.566+0000] {dag.py:3036} INFO - Sync 1 DAGs
[2024-01-29T13:03:53.586+0000] {logging_mixin.py:188} INFO - [2024-01-29T13:03:53.586+0000] {dag.py:3823} INFO - Setting next_dagrun for example_skip_dag to 2024-01-28 00:00:00+00:00, run_after=2024-01-29 00:00:00+00:00
[2024-01-29T13:03:53.603+0000] {processor.py:183} INFO - Processing /home/airflow/.local/lib/python3.8/site-packages/airflow/example_dags/example_skip_dag.py took 0.068 seconds
[2024-01-29T13:04:24.512+0000] {processor.py:161} INFO - Started process (PID=1506) to work on /home/airflow/.local/lib/python3.8/site-packages/airflow/example_dags/example_skip_dag.py
[2024-01-29T13:04:24.513+0000] {processor.py:830} INFO - Processing file /home/airflow/.local/lib/python3.8/site-packages/airflow/example_dags/example_skip_dag.py for tasks to queue
[2024-01-29T13:04:24.514+0000] {logging_mixin.py:188} INFO - [2024-01-29T13:04:24.514+0000] {dagbag.py:538} INFO - Filling up the DagBag from /home/airflow/.local/lib/python3.8/site-packages/airflow/example_dags/example_skip_dag.py
[2024-01-29T13:04:24.521+0000] {processor.py:840} INFO - DAG(s) 'example_skip_dag' retrieved from /home/airflow/.local/lib/python3.8/site-packages/airflow/example_dags/example_skip_dag.py
[2024-01-29T13:04:24.541+0000] {logging_mixin.py:188} INFO - [2024-01-29T13:04:24.541+0000] {dag.py:3036} INFO - Sync 1 DAGs
[2024-01-29T13:04:24.562+0000] {logging_mixin.py:188} INFO - [2024-01-29T13:04:24.562+0000] {dag.py:3823} INFO - Setting next_dagrun for example_skip_dag to 2024-01-28 00:00:00+00:00, run_after=2024-01-29 00:00:00+00:00
[2024-01-29T13:04:24.580+0000] {processor.py:183} INFO - Processing /home/airflow/.local/lib/python3.8/site-packages/airflow/example_dags/example_skip_dag.py took 0.071 seconds
[2024-01-29T13:04:54.749+0000] {processor.py:161} INFO - Started process (PID=1562) to work on /home/airflow/.local/lib/python3.8/site-packages/airflow/example_dags/example_skip_dag.py
[2024-01-29T13:04:54.750+0000] {processor.py:830} INFO - Processing file /home/airflow/.local/lib/python3.8/site-packages/airflow/example_dags/example_skip_dag.py for tasks to queue
[2024-01-29T13:04:54.751+0000] {logging_mixin.py:188} INFO - [2024-01-29T13:04:54.751+0000] {dagbag.py:538} INFO - Filling up the DagBag from /home/airflow/.local/lib/python3.8/site-packages/airflow/example_dags/example_skip_dag.py
[2024-01-29T13:04:54.758+0000] {processor.py:840} INFO - DAG(s) 'example_skip_dag' retrieved from /home/airflow/.local/lib/python3.8/site-packages/airflow/example_dags/example_skip_dag.py
[2024-01-29T13:04:54.778+0000] {logging_mixin.py:188} INFO - [2024-01-29T13:04:54.778+0000] {dag.py:3036} INFO - Sync 1 DAGs
[2024-01-29T13:04:54.799+0000] {logging_mixin.py:188} INFO - [2024-01-29T13:04:54.799+0000] {dag.py:3823} INFO - Setting next_dagrun for example_skip_dag to 2024-01-28 00:00:00+00:00, run_after=2024-01-29 00:00:00+00:00
[2024-01-29T13:04:54.817+0000] {processor.py:183} INFO - Processing /home/airflow/.local/lib/python3.8/site-packages/airflow/example_dags/example_skip_dag.py took 0.072 seconds
[2024-01-29T13:05:25.778+0000] {processor.py:161} INFO - Started process (PID=1618) to work on /home/airflow/.local/lib/python3.8/site-packages/airflow/example_dags/example_skip_dag.py
[2024-01-29T13:05:25.778+0000] {processor.py:830} INFO - Processing file /home/airflow/.local/lib/python3.8/site-packages/airflow/example_dags/example_skip_dag.py for tasks to queue
[2024-01-29T13:05:25.780+0000] {logging_mixin.py:188} INFO - [2024-01-29T13:05:25.780+0000] {dagbag.py:538} INFO - Filling up the DagBag from /home/airflow/.local/lib/python3.8/site-packages/airflow/example_dags/example_skip_dag.py
[2024-01-29T13:05:25.786+0000] {processor.py:840} INFO - DAG(s) 'example_skip_dag' retrieved from /home/airflow/.local/lib/python3.8/site-packages/airflow/example_dags/example_skip_dag.py
[2024-01-29T13:05:25.806+0000] {logging_mixin.py:188} INFO - [2024-01-29T13:05:25.806+0000] {dag.py:3036} INFO - Sync 1 DAGs
[2024-01-29T13:05:25.827+0000] {logging_mixin.py:188} INFO - [2024-01-29T13:05:25.827+0000] {dag.py:3823} INFO - Setting next_dagrun for example_skip_dag to 2024-01-28 00:00:00+00:00, run_after=2024-01-29 00:00:00+00:00
[2024-01-29T13:05:25.844+0000] {processor.py:183} INFO - Processing /home/airflow/.local/lib/python3.8/site-packages/airflow/example_dags/example_skip_dag.py took 0.069 seconds
[2024-01-29T13:05:55.974+0000] {processor.py:161} INFO - Started process (PID=1674) to work on /home/airflow/.local/lib/python3.8/site-packages/airflow/example_dags/example_skip_dag.py
[2024-01-29T13:05:55.975+0000] {processor.py:830} INFO - Processing file /home/airflow/.local/lib/python3.8/site-packages/airflow/example_dags/example_skip_dag.py for tasks to queue
[2024-01-29T13:05:55.977+0000] {logging_mixin.py:188} INFO - [2024-01-29T13:05:55.977+0000] {dagbag.py:538} INFO - Filling up the DagBag from /home/airflow/.local/lib/python3.8/site-packages/airflow/example_dags/example_skip_dag.py
[2024-01-29T13:05:55.983+0000] {processor.py:840} INFO - DAG(s) 'example_skip_dag' retrieved from /home/airflow/.local/lib/python3.8/site-packages/airflow/example_dags/example_skip_dag.py
[2024-01-29T13:05:56.005+0000] {logging_mixin.py:188} INFO - [2024-01-29T13:05:56.005+0000] {dag.py:3036} INFO - Sync 1 DAGs
[2024-01-29T13:05:56.026+0000] {logging_mixin.py:188} INFO - [2024-01-29T13:05:56.026+0000] {dag.py:3823} INFO - Setting next_dagrun for example_skip_dag to 2024-01-28 00:00:00+00:00, run_after=2024-01-29 00:00:00+00:00
[2024-01-29T13:05:56.045+0000] {processor.py:183} INFO - Processing /home/airflow/.local/lib/python3.8/site-packages/airflow/example_dags/example_skip_dag.py took 0.074 seconds
[2024-01-29T13:06:26.221+0000] {processor.py:161} INFO - Started process (PID=1731) to work on /home/airflow/.local/lib/python3.8/site-packages/airflow/example_dags/example_skip_dag.py
[2024-01-29T13:06:26.222+0000] {processor.py:830} INFO - Processing file /home/airflow/.local/lib/python3.8/site-packages/airflow/example_dags/example_skip_dag.py for tasks to queue
[2024-01-29T13:06:26.223+0000] {logging_mixin.py:188} INFO - [2024-01-29T13:06:26.223+0000] {dagbag.py:538} INFO - Filling up the DagBag from /home/airflow/.local/lib/python3.8/site-packages/airflow/example_dags/example_skip_dag.py
[2024-01-29T13:06:26.230+0000] {processor.py:840} INFO - DAG(s) 'example_skip_dag' retrieved from /home/airflow/.local/lib/python3.8/site-packages/airflow/example_dags/example_skip_dag.py
[2024-01-29T13:06:26.250+0000] {logging_mixin.py:188} INFO - [2024-01-29T13:06:26.250+0000] {dag.py:3036} INFO - Sync 1 DAGs
[2024-01-29T13:06:26.271+0000] {logging_mixin.py:188} INFO - [2024-01-29T13:06:26.271+0000] {dag.py:3823} INFO - Setting next_dagrun for example_skip_dag to 2024-01-28 00:00:00+00:00, run_after=2024-01-29 00:00:00+00:00
[2024-01-29T13:06:26.289+0000] {processor.py:183} INFO - Processing /home/airflow/.local/lib/python3.8/site-packages/airflow/example_dags/example_skip_dag.py took 0.072 seconds
[2024-01-29T13:06:56.364+0000] {processor.py:161} INFO - Started process (PID=1787) to work on /home/airflow/.local/lib/python3.8/site-packages/airflow/example_dags/example_skip_dag.py
[2024-01-29T13:06:56.365+0000] {processor.py:830} INFO - Processing file /home/airflow/.local/lib/python3.8/site-packages/airflow/example_dags/example_skip_dag.py for tasks to queue
[2024-01-29T13:06:56.367+0000] {logging_mixin.py:188} INFO - [2024-01-29T13:06:56.367+0000] {dagbag.py:538} INFO - Filling up the DagBag from /home/airflow/.local/lib/python3.8/site-packages/airflow/example_dags/example_skip_dag.py
[2024-01-29T13:06:56.374+0000] {processor.py:840} INFO - DAG(s) 'example_skip_dag' retrieved from /home/airflow/.local/lib/python3.8/site-packages/airflow/example_dags/example_skip_dag.py
[2024-01-29T13:06:56.395+0000] {logging_mixin.py:188} INFO - [2024-01-29T13:06:56.394+0000] {dag.py:3036} INFO - Sync 1 DAGs
[2024-01-29T13:06:56.416+0000] {logging_mixin.py:188} INFO - [2024-01-29T13:06:56.416+0000] {dag.py:3823} INFO - Setting next_dagrun for example_skip_dag to 2024-01-28 00:00:00+00:00, run_after=2024-01-29 00:00:00+00:00
[2024-01-29T13:06:56.434+0000] {processor.py:183} INFO - Processing /home/airflow/.local/lib/python3.8/site-packages/airflow/example_dags/example_skip_dag.py took 0.073 seconds
[2024-01-29T13:07:27.354+0000] {processor.py:161} INFO - Started process (PID=1843) to work on /home/airflow/.local/lib/python3.8/site-packages/airflow/example_dags/example_skip_dag.py
[2024-01-29T13:07:27.355+0000] {processor.py:830} INFO - Processing file /home/airflow/.local/lib/python3.8/site-packages/airflow/example_dags/example_skip_dag.py for tasks to queue
[2024-01-29T13:07:27.357+0000] {logging_mixin.py:188} INFO - [2024-01-29T13:07:27.357+0000] {dagbag.py:538} INFO - Filling up the DagBag from /home/airflow/.local/lib/python3.8/site-packages/airflow/example_dags/example_skip_dag.py
[2024-01-29T13:07:27.364+0000] {processor.py:840} INFO - DAG(s) 'example_skip_dag' retrieved from /home/airflow/.local/lib/python3.8/site-packages/airflow/example_dags/example_skip_dag.py
[2024-01-29T13:07:27.385+0000] {logging_mixin.py:188} INFO - [2024-01-29T13:07:27.385+0000] {dag.py:3036} INFO - Sync 1 DAGs
[2024-01-29T13:07:27.407+0000] {logging_mixin.py:188} INFO - [2024-01-29T13:07:27.407+0000] {dag.py:3823} INFO - Setting next_dagrun for example_skip_dag to 2024-01-28 00:00:00+00:00, run_after=2024-01-29 00:00:00+00:00
[2024-01-29T13:07:27.425+0000] {processor.py:183} INFO - Processing /home/airflow/.local/lib/python3.8/site-packages/airflow/example_dags/example_skip_dag.py took 0.073 seconds
[2024-01-29T13:07:58.047+0000] {processor.py:161} INFO - Started process (PID=1900) to work on /home/airflow/.local/lib/python3.8/site-packages/airflow/example_dags/example_skip_dag.py
[2024-01-29T13:07:58.048+0000] {processor.py:830} INFO - Processing file /home/airflow/.local/lib/python3.8/site-packages/airflow/example_dags/example_skip_dag.py for tasks to queue
[2024-01-29T13:07:58.050+0000] {logging_mixin.py:188} INFO - [2024-01-29T13:07:58.049+0000] {dagbag.py:538} INFO - Filling up the DagBag from /home/airflow/.local/lib/python3.8/site-packages/airflow/example_dags/example_skip_dag.py
[2024-01-29T13:07:58.056+0000] {processor.py:840} INFO - DAG(s) 'example_skip_dag' retrieved from /home/airflow/.local/lib/python3.8/site-packages/airflow/example_dags/example_skip_dag.py
[2024-01-29T13:07:58.077+0000] {logging_mixin.py:188} INFO - [2024-01-29T13:07:58.077+0000] {dag.py:3036} INFO - Sync 1 DAGs
[2024-01-29T13:07:58.103+0000] {logging_mixin.py:188} INFO - [2024-01-29T13:07:58.103+0000] {dag.py:3823} INFO - Setting next_dagrun for example_skip_dag to 2024-01-28 00:00:00+00:00, run_after=2024-01-29 00:00:00+00:00
[2024-01-29T13:07:58.122+0000] {processor.py:183} INFO - Processing /home/airflow/.local/lib/python3.8/site-packages/airflow/example_dags/example_skip_dag.py took 0.078 seconds
[2024-01-29T13:08:28.944+0000] {processor.py:161} INFO - Started process (PID=1956) to work on /home/airflow/.local/lib/python3.8/site-packages/airflow/example_dags/example_skip_dag.py
[2024-01-29T13:08:28.945+0000] {processor.py:830} INFO - Processing file /home/airflow/.local/lib/python3.8/site-packages/airflow/example_dags/example_skip_dag.py for tasks to queue
[2024-01-29T13:08:28.946+0000] {logging_mixin.py:188} INFO - [2024-01-29T13:08:28.946+0000] {dagbag.py:538} INFO - Filling up the DagBag from /home/airflow/.local/lib/python3.8/site-packages/airflow/example_dags/example_skip_dag.py
[2024-01-29T13:08:28.953+0000] {processor.py:840} INFO - DAG(s) 'example_skip_dag' retrieved from /home/airflow/.local/lib/python3.8/site-packages/airflow/example_dags/example_skip_dag.py
[2024-01-29T13:08:28.973+0000] {logging_mixin.py:188} INFO - [2024-01-29T13:08:28.973+0000] {dag.py:3036} INFO - Sync 1 DAGs
[2024-01-29T13:08:28.995+0000] {logging_mixin.py:188} INFO - [2024-01-29T13:08:28.995+0000] {dag.py:3823} INFO - Setting next_dagrun for example_skip_dag to 2024-01-28 00:00:00+00:00, run_after=2024-01-29 00:00:00+00:00
[2024-01-29T13:08:29.013+0000] {processor.py:183} INFO - Processing /home/airflow/.local/lib/python3.8/site-packages/airflow/example_dags/example_skip_dag.py took 0.072 seconds
[2024-01-29T13:08:59.895+0000] {processor.py:161} INFO - Started process (PID=2012) to work on /home/airflow/.local/lib/python3.8/site-packages/airflow/example_dags/example_skip_dag.py
[2024-01-29T13:08:59.896+0000] {processor.py:830} INFO - Processing file /home/airflow/.local/lib/python3.8/site-packages/airflow/example_dags/example_skip_dag.py for tasks to queue
[2024-01-29T13:08:59.898+0000] {logging_mixin.py:188} INFO - [2024-01-29T13:08:59.898+0000] {dagbag.py:538} INFO - Filling up the DagBag from /home/airflow/.local/lib/python3.8/site-packages/airflow/example_dags/example_skip_dag.py
[2024-01-29T13:08:59.905+0000] {processor.py:840} INFO - DAG(s) 'example_skip_dag' retrieved from /home/airflow/.local/lib/python3.8/site-packages/airflow/example_dags/example_skip_dag.py
[2024-01-29T13:08:59.926+0000] {logging_mixin.py:188} INFO - [2024-01-29T13:08:59.926+0000] {dag.py:3036} INFO - Sync 1 DAGs
[2024-01-29T13:08:59.947+0000] {logging_mixin.py:188} INFO - [2024-01-29T13:08:59.947+0000] {dag.py:3823} INFO - Setting next_dagrun for example_skip_dag to 2024-01-28 00:00:00+00:00, run_after=2024-01-29 00:00:00+00:00
[2024-01-29T13:08:59.965+0000] {processor.py:183} INFO - Processing /home/airflow/.local/lib/python3.8/site-packages/airflow/example_dags/example_skip_dag.py took 0.073 seconds
[2024-01-29T13:09:30.800+0000] {processor.py:161} INFO - Started process (PID=2068) to work on /home/airflow/.local/lib/python3.8/site-packages/airflow/example_dags/example_skip_dag.py
[2024-01-29T13:09:30.801+0000] {processor.py:830} INFO - Processing file /home/airflow/.local/lib/python3.8/site-packages/airflow/example_dags/example_skip_dag.py for tasks to queue
[2024-01-29T13:09:30.803+0000] {logging_mixin.py:188} INFO - [2024-01-29T13:09:30.802+0000] {dagbag.py:538} INFO - Filling up the DagBag from /home/airflow/.local/lib/python3.8/site-packages/airflow/example_dags/example_skip_dag.py
[2024-01-29T13:09:30.809+0000] {processor.py:840} INFO - DAG(s) 'example_skip_dag' retrieved from /home/airflow/.local/lib/python3.8/site-packages/airflow/example_dags/example_skip_dag.py
[2024-01-29T13:09:30.830+0000] {logging_mixin.py:188} INFO - [2024-01-29T13:09:30.830+0000] {dag.py:3036} INFO - Sync 1 DAGs
[2024-01-29T13:09:30.851+0000] {logging_mixin.py:188} INFO - [2024-01-29T13:09:30.851+0000] {dag.py:3823} INFO - Setting next_dagrun for example_skip_dag to 2024-01-28 00:00:00+00:00, run_after=2024-01-29 00:00:00+00:00
[2024-01-29T13:09:30.870+0000] {processor.py:183} INFO - Processing /home/airflow/.local/lib/python3.8/site-packages/airflow/example_dags/example_skip_dag.py took 0.073 seconds
[2024-01-29T13:10:01.783+0000] {processor.py:161} INFO - Started process (PID=2130) to work on /home/airflow/.local/lib/python3.8/site-packages/airflow/example_dags/example_skip_dag.py
[2024-01-29T13:10:01.784+0000] {processor.py:830} INFO - Processing file /home/airflow/.local/lib/python3.8/site-packages/airflow/example_dags/example_skip_dag.py for tasks to queue
[2024-01-29T13:10:01.786+0000] {logging_mixin.py:188} INFO - [2024-01-29T13:10:01.786+0000] {dagbag.py:538} INFO - Filling up the DagBag from /home/airflow/.local/lib/python3.8/site-packages/airflow/example_dags/example_skip_dag.py
[2024-01-29T13:10:01.792+0000] {processor.py:840} INFO - DAG(s) 'example_skip_dag' retrieved from /home/airflow/.local/lib/python3.8/site-packages/airflow/example_dags/example_skip_dag.py
[2024-01-29T13:10:01.813+0000] {logging_mixin.py:188} INFO - [2024-01-29T13:10:01.813+0000] {dag.py:3036} INFO - Sync 1 DAGs
[2024-01-29T13:10:01.834+0000] {logging_mixin.py:188} INFO - [2024-01-29T13:10:01.833+0000] {dag.py:3823} INFO - Setting next_dagrun for example_skip_dag to 2024-01-28 00:00:00+00:00, run_after=2024-01-29 00:00:00+00:00
[2024-01-29T13:10:01.851+0000] {processor.py:183} INFO - Processing /home/airflow/.local/lib/python3.8/site-packages/airflow/example_dags/example_skip_dag.py took 0.071 seconds
[2024-01-29T13:10:32.639+0000] {processor.py:161} INFO - Started process (PID=2186) to work on /home/airflow/.local/lib/python3.8/site-packages/airflow/example_dags/example_skip_dag.py
[2024-01-29T13:10:32.640+0000] {processor.py:830} INFO - Processing file /home/airflow/.local/lib/python3.8/site-packages/airflow/example_dags/example_skip_dag.py for tasks to queue
[2024-01-29T13:10:32.642+0000] {logging_mixin.py:188} INFO - [2024-01-29T13:10:32.641+0000] {dagbag.py:538} INFO - Filling up the DagBag from /home/airflow/.local/lib/python3.8/site-packages/airflow/example_dags/example_skip_dag.py
[2024-01-29T13:10:32.648+0000] {processor.py:840} INFO - DAG(s) 'example_skip_dag' retrieved from /home/airflow/.local/lib/python3.8/site-packages/airflow/example_dags/example_skip_dag.py
[2024-01-29T13:10:32.668+0000] {logging_mixin.py:188} INFO - [2024-01-29T13:10:32.668+0000] {dag.py:3036} INFO - Sync 1 DAGs
[2024-01-29T13:10:32.689+0000] {logging_mixin.py:188} INFO - [2024-01-29T13:10:32.689+0000] {dag.py:3823} INFO - Setting next_dagrun for example_skip_dag to 2024-01-28 00:00:00+00:00, run_after=2024-01-29 00:00:00+00:00
[2024-01-29T13:10:32.708+0000] {processor.py:183} INFO - Processing /home/airflow/.local/lib/python3.8/site-packages/airflow/example_dags/example_skip_dag.py took 0.072 seconds
[2024-01-29T13:11:03.512+0000] {processor.py:161} INFO - Started process (PID=2242) to work on /home/airflow/.local/lib/python3.8/site-packages/airflow/example_dags/example_skip_dag.py
[2024-01-29T13:11:03.513+0000] {processor.py:830} INFO - Processing file /home/airflow/.local/lib/python3.8/site-packages/airflow/example_dags/example_skip_dag.py for tasks to queue
[2024-01-29T13:11:03.515+0000] {logging_mixin.py:188} INFO - [2024-01-29T13:11:03.515+0000] {dagbag.py:538} INFO - Filling up the DagBag from /home/airflow/.local/lib/python3.8/site-packages/airflow/example_dags/example_skip_dag.py
[2024-01-29T13:11:03.521+0000] {processor.py:840} INFO - DAG(s) 'example_skip_dag' retrieved from /home/airflow/.local/lib/python3.8/site-packages/airflow/example_dags/example_skip_dag.py
[2024-01-29T13:11:03.542+0000] {logging_mixin.py:188} INFO - [2024-01-29T13:11:03.542+0000] {dag.py:3036} INFO - Sync 1 DAGs
[2024-01-29T13:11:03.563+0000] {logging_mixin.py:188} INFO - [2024-01-29T13:11:03.563+0000] {dag.py:3823} INFO - Setting next_dagrun for example_skip_dag to 2024-01-28 00:00:00+00:00, run_after=2024-01-29 00:00:00+00:00
[2024-01-29T13:11:03.579+0000] {processor.py:183} INFO - Processing /home/airflow/.local/lib/python3.8/site-packages/airflow/example_dags/example_skip_dag.py took 0.070 seconds
[2024-01-29T13:11:33.656+0000] {processor.py:161} INFO - Started process (PID=2298) to work on /home/airflow/.local/lib/python3.8/site-packages/airflow/example_dags/example_skip_dag.py
[2024-01-29T13:11:33.656+0000] {processor.py:830} INFO - Processing file /home/airflow/.local/lib/python3.8/site-packages/airflow/example_dags/example_skip_dag.py for tasks to queue
[2024-01-29T13:11:33.658+0000] {logging_mixin.py:188} INFO - [2024-01-29T13:11:33.658+0000] {dagbag.py:538} INFO - Filling up the DagBag from /home/airflow/.local/lib/python3.8/site-packages/airflow/example_dags/example_skip_dag.py
[2024-01-29T13:11:33.664+0000] {processor.py:840} INFO - DAG(s) 'example_skip_dag' retrieved from /home/airflow/.local/lib/python3.8/site-packages/airflow/example_dags/example_skip_dag.py
[2024-01-29T13:11:33.687+0000] {logging_mixin.py:188} INFO - [2024-01-29T13:11:33.687+0000] {dag.py:3036} INFO - Sync 1 DAGs
[2024-01-29T13:11:33.708+0000] {logging_mixin.py:188} INFO - [2024-01-29T13:11:33.708+0000] {dag.py:3823} INFO - Setting next_dagrun for example_skip_dag to 2024-01-28 00:00:00+00:00, run_after=2024-01-29 00:00:00+00:00
[2024-01-29T13:11:33.725+0000] {processor.py:183} INFO - Processing /home/airflow/.local/lib/python3.8/site-packages/airflow/example_dags/example_skip_dag.py took 0.073 seconds
[2024-01-29T13:12:04.695+0000] {processor.py:161} INFO - Started process (PID=2354) to work on /home/airflow/.local/lib/python3.8/site-packages/airflow/example_dags/example_skip_dag.py
[2024-01-29T13:12:04.696+0000] {processor.py:830} INFO - Processing file /home/airflow/.local/lib/python3.8/site-packages/airflow/example_dags/example_skip_dag.py for tasks to queue
[2024-01-29T13:12:04.698+0000] {logging_mixin.py:188} INFO - [2024-01-29T13:12:04.698+0000] {dagbag.py:538} INFO - Filling up the DagBag from /home/airflow/.local/lib/python3.8/site-packages/airflow/example_dags/example_skip_dag.py
[2024-01-29T13:12:04.707+0000] {processor.py:840} INFO - DAG(s) 'example_skip_dag' retrieved from /home/airflow/.local/lib/python3.8/site-packages/airflow/example_dags/example_skip_dag.py
[2024-01-29T13:12:04.728+0000] {logging_mixin.py:188} INFO - [2024-01-29T13:12:04.728+0000] {dag.py:3036} INFO - Sync 1 DAGs
[2024-01-29T13:12:04.755+0000] {logging_mixin.py:188} INFO - [2024-01-29T13:12:04.755+0000] {dag.py:3823} INFO - Setting next_dagrun for example_skip_dag to 2024-01-28 00:00:00+00:00, run_after=2024-01-29 00:00:00+00:00
[2024-01-29T13:12:04.773+0000] {processor.py:183} INFO - Processing /home/airflow/.local/lib/python3.8/site-packages/airflow/example_dags/example_skip_dag.py took 0.081 seconds
[2024-01-29T13:17:24.753+0000] {processor.py:161} INFO - Started process (PID=2401) to work on /home/airflow/.local/lib/python3.8/site-packages/airflow/example_dags/example_skip_dag.py
[2024-01-29T13:17:24.754+0000] {processor.py:830} INFO - Processing file /home/airflow/.local/lib/python3.8/site-packages/airflow/example_dags/example_skip_dag.py for tasks to queue
[2024-01-29T13:17:24.757+0000] {logging_mixin.py:188} INFO - [2024-01-29T13:17:24.756+0000] {dagbag.py:538} INFO - Filling up the DagBag from /home/airflow/.local/lib/python3.8/site-packages/airflow/example_dags/example_skip_dag.py
[2024-01-29T13:17:24.769+0000] {processor.py:840} INFO - DAG(s) 'example_skip_dag' retrieved from /home/airflow/.local/lib/python3.8/site-packages/airflow/example_dags/example_skip_dag.py
[2024-01-29T13:17:24.822+0000] {logging_mixin.py:188} INFO - [2024-01-29T13:17:24.822+0000] {dag.py:3036} INFO - Sync 1 DAGs
[2024-01-29T13:17:24.880+0000] {logging_mixin.py:188} INFO - [2024-01-29T13:17:24.880+0000] {dag.py:3823} INFO - Setting next_dagrun for example_skip_dag to 2024-01-28 00:00:00+00:00, run_after=2024-01-29 00:00:00+00:00
[2024-01-29T13:17:24.924+0000] {processor.py:183} INFO - Processing /home/airflow/.local/lib/python3.8/site-packages/airflow/example_dags/example_skip_dag.py took 0.177 seconds
[2024-01-29T13:17:55.322+0000] {processor.py:161} INFO - Started process (PID=2457) to work on /home/airflow/.local/lib/python3.8/site-packages/airflow/example_dags/example_skip_dag.py
[2024-01-29T13:17:55.322+0000] {processor.py:830} INFO - Processing file /home/airflow/.local/lib/python3.8/site-packages/airflow/example_dags/example_skip_dag.py for tasks to queue
[2024-01-29T13:17:55.324+0000] {logging_mixin.py:188} INFO - [2024-01-29T13:17:55.324+0000] {dagbag.py:538} INFO - Filling up the DagBag from /home/airflow/.local/lib/python3.8/site-packages/airflow/example_dags/example_skip_dag.py
[2024-01-29T13:17:55.330+0000] {processor.py:840} INFO - DAG(s) 'example_skip_dag' retrieved from /home/airflow/.local/lib/python3.8/site-packages/airflow/example_dags/example_skip_dag.py
[2024-01-29T13:17:55.351+0000] {logging_mixin.py:188} INFO - [2024-01-29T13:17:55.351+0000] {dag.py:3036} INFO - Sync 1 DAGs
[2024-01-29T13:17:55.376+0000] {logging_mixin.py:188} INFO - [2024-01-29T13:17:55.376+0000] {dag.py:3823} INFO - Setting next_dagrun for example_skip_dag to 2024-01-28 00:00:00+00:00, run_after=2024-01-29 00:00:00+00:00
[2024-01-29T13:17:55.395+0000] {processor.py:183} INFO - Processing /home/airflow/.local/lib/python3.8/site-packages/airflow/example_dags/example_skip_dag.py took 0.077 seconds
[2024-01-29T13:18:25.762+0000] {processor.py:161} INFO - Started process (PID=2513) to work on /home/airflow/.local/lib/python3.8/site-packages/airflow/example_dags/example_skip_dag.py
[2024-01-29T13:18:25.763+0000] {processor.py:830} INFO - Processing file /home/airflow/.local/lib/python3.8/site-packages/airflow/example_dags/example_skip_dag.py for tasks to queue
[2024-01-29T13:18:25.765+0000] {logging_mixin.py:188} INFO - [2024-01-29T13:18:25.765+0000] {dagbag.py:538} INFO - Filling up the DagBag from /home/airflow/.local/lib/python3.8/site-packages/airflow/example_dags/example_skip_dag.py
[2024-01-29T13:18:25.772+0000] {processor.py:840} INFO - DAG(s) 'example_skip_dag' retrieved from /home/airflow/.local/lib/python3.8/site-packages/airflow/example_dags/example_skip_dag.py
[2024-01-29T13:18:25.796+0000] {logging_mixin.py:188} INFO - [2024-01-29T13:18:25.795+0000] {dag.py:3036} INFO - Sync 1 DAGs
[2024-01-29T13:18:25.821+0000] {logging_mixin.py:188} INFO - [2024-01-29T13:18:25.821+0000] {dag.py:3823} INFO - Setting next_dagrun for example_skip_dag to 2024-01-28 00:00:00+00:00, run_after=2024-01-29 00:00:00+00:00
[2024-01-29T13:18:25.840+0000] {processor.py:183} INFO - Processing /home/airflow/.local/lib/python3.8/site-packages/airflow/example_dags/example_skip_dag.py took 0.082 seconds
