[2024-01-29T12:41:10.152+0000] {processor.py:161} INFO - Started process (PID=71) to work on /home/airflow/.local/lib/python3.8/site-packages/airflow/example_dags/tutorial_dag.py
[2024-01-29T12:41:10.153+0000] {processor.py:830} INFO - Processing file /home/airflow/.local/lib/python3.8/site-packages/airflow/example_dags/tutorial_dag.py for tasks to queue
[2024-01-29T12:41:10.155+0000] {logging_mixin.py:188} INFO - [2024-01-29T12:41:10.154+0000] {dagbag.py:538} INFO - Filling up the DagBag from /home/airflow/.local/lib/python3.8/site-packages/airflow/example_dags/tutorial_dag.py
[2024-01-29T12:41:10.160+0000] {processor.py:840} INFO - DAG(s) 'tutorial_dag' retrieved from /home/airflow/.local/lib/python3.8/site-packages/airflow/example_dags/tutorial_dag.py
[2024-01-29T12:41:10.266+0000] {logging_mixin.py:188} INFO - [2024-01-29T12:41:10.266+0000] {override.py:1769} INFO - Created Permission View: can read on DAG:tutorial_dag
[2024-01-29T12:41:10.277+0000] {logging_mixin.py:188} INFO - [2024-01-29T12:41:10.276+0000] {override.py:1769} INFO - Created Permission View: can edit on DAG:tutorial_dag
[2024-01-29T12:41:10.284+0000] {logging_mixin.py:188} INFO - [2024-01-29T12:41:10.283+0000] {override.py:1769} INFO - Created Permission View: can delete on DAG:tutorial_dag
[2024-01-29T12:41:10.284+0000] {logging_mixin.py:188} INFO - [2024-01-29T12:41:10.284+0000] {dag.py:3036} INFO - Sync 1 DAGs
[2024-01-29T12:41:10.296+0000] {logging_mixin.py:188} INFO - [2024-01-29T12:41:10.296+0000] {dag.py:3058} INFO - Creating ORM DAG for tutorial_dag
[2024-01-29T12:41:10.297+0000] {logging_mixin.py:188} INFO - [2024-01-29T12:41:10.297+0000] {dag.py:3823} INFO - Setting next_dagrun for tutorial_dag to None, run_after=None
[2024-01-29T12:41:10.315+0000] {processor.py:183} INFO - Processing /home/airflow/.local/lib/python3.8/site-packages/airflow/example_dags/tutorial_dag.py took 0.166 seconds
[2024-01-29T12:41:40.998+0000] {processor.py:161} INFO - Started process (PID=126) to work on /home/airflow/.local/lib/python3.8/site-packages/airflow/example_dags/tutorial_dag.py
[2024-01-29T12:41:40.999+0000] {processor.py:830} INFO - Processing file /home/airflow/.local/lib/python3.8/site-packages/airflow/example_dags/tutorial_dag.py for tasks to queue
[2024-01-29T12:41:41.002+0000] {logging_mixin.py:188} INFO - [2024-01-29T12:41:41.001+0000] {dagbag.py:538} INFO - Filling up the DagBag from /home/airflow/.local/lib/python3.8/site-packages/airflow/example_dags/tutorial_dag.py
[2024-01-29T12:41:41.010+0000] {processor.py:840} INFO - DAG(s) 'tutorial_dag' retrieved from /home/airflow/.local/lib/python3.8/site-packages/airflow/example_dags/tutorial_dag.py
[2024-01-29T12:41:41.041+0000] {logging_mixin.py:188} INFO - [2024-01-29T12:41:41.040+0000] {dag.py:3036} INFO - Sync 1 DAGs
[2024-01-29T12:41:41.060+0000] {logging_mixin.py:188} INFO - [2024-01-29T12:41:41.059+0000] {dag.py:3823} INFO - Setting next_dagrun for tutorial_dag to None, run_after=None
[2024-01-29T12:41:41.085+0000] {processor.py:183} INFO - Processing /home/airflow/.local/lib/python3.8/site-packages/airflow/example_dags/tutorial_dag.py took 0.092 seconds
[2024-01-29T12:51:16.208+0000] {processor.py:161} INFO - Started process (PID=72) to work on /home/airflow/.local/lib/python3.8/site-packages/airflow/example_dags/tutorial_dag.py
[2024-01-29T12:51:16.210+0000] {processor.py:830} INFO - Processing file /home/airflow/.local/lib/python3.8/site-packages/airflow/example_dags/tutorial_dag.py for tasks to queue
[2024-01-29T12:51:16.213+0000] {logging_mixin.py:188} INFO - [2024-01-29T12:51:16.212+0000] {dagbag.py:538} INFO - Filling up the DagBag from /home/airflow/.local/lib/python3.8/site-packages/airflow/example_dags/tutorial_dag.py
[2024-01-29T12:51:16.224+0000] {processor.py:840} INFO - DAG(s) 'tutorial_dag' retrieved from /home/airflow/.local/lib/python3.8/site-packages/airflow/example_dags/tutorial_dag.py
[2024-01-29T12:51:16.244+0000] {logging_mixin.py:188} INFO - [2024-01-29T12:51:16.243+0000] {dag.py:3036} INFO - Sync 1 DAGs
[2024-01-29T12:51:16.267+0000] {logging_mixin.py:188} INFO - [2024-01-29T12:51:16.267+0000] {dag.py:3823} INFO - Setting next_dagrun for tutorial_dag to None, run_after=None
[2024-01-29T12:51:16.297+0000] {processor.py:183} INFO - Processing /home/airflow/.local/lib/python3.8/site-packages/airflow/example_dags/tutorial_dag.py took 0.094 seconds
[2024-01-29T12:51:47.944+0000] {processor.py:161} INFO - Started process (PID=128) to work on /home/airflow/.local/lib/python3.8/site-packages/airflow/example_dags/tutorial_dag.py
[2024-01-29T12:51:47.945+0000] {processor.py:830} INFO - Processing file /home/airflow/.local/lib/python3.8/site-packages/airflow/example_dags/tutorial_dag.py for tasks to queue
[2024-01-29T12:51:47.947+0000] {logging_mixin.py:188} INFO - [2024-01-29T12:51:47.946+0000] {dagbag.py:538} INFO - Filling up the DagBag from /home/airflow/.local/lib/python3.8/site-packages/airflow/example_dags/tutorial_dag.py
[2024-01-29T12:51:47.952+0000] {processor.py:840} INFO - DAG(s) 'tutorial_dag' retrieved from /home/airflow/.local/lib/python3.8/site-packages/airflow/example_dags/tutorial_dag.py
[2024-01-29T12:51:48.083+0000] {logging_mixin.py:188} INFO - [2024-01-29T12:51:48.082+0000] {dag.py:3036} INFO - Sync 1 DAGs
[2024-01-29T12:51:48.098+0000] {logging_mixin.py:188} INFO - [2024-01-29T12:51:48.097+0000] {dag.py:3823} INFO - Setting next_dagrun for tutorial_dag to None, run_after=None
[2024-01-29T12:51:48.122+0000] {processor.py:183} INFO - Processing /home/airflow/.local/lib/python3.8/site-packages/airflow/example_dags/tutorial_dag.py took 0.181 seconds
[2024-01-29T12:52:18.299+0000] {processor.py:161} INFO - Started process (PID=184) to work on /home/airflow/.local/lib/python3.8/site-packages/airflow/example_dags/tutorial_dag.py
[2024-01-29T12:52:18.300+0000] {processor.py:830} INFO - Processing file /home/airflow/.local/lib/python3.8/site-packages/airflow/example_dags/tutorial_dag.py for tasks to queue
[2024-01-29T12:52:18.301+0000] {logging_mixin.py:188} INFO - [2024-01-29T12:52:18.301+0000] {dagbag.py:538} INFO - Filling up the DagBag from /home/airflow/.local/lib/python3.8/site-packages/airflow/example_dags/tutorial_dag.py
[2024-01-29T12:52:18.306+0000] {processor.py:840} INFO - DAG(s) 'tutorial_dag' retrieved from /home/airflow/.local/lib/python3.8/site-packages/airflow/example_dags/tutorial_dag.py
[2024-01-29T12:52:18.326+0000] {logging_mixin.py:188} INFO - [2024-01-29T12:52:18.326+0000] {dag.py:3036} INFO - Sync 1 DAGs
[2024-01-29T12:52:18.340+0000] {logging_mixin.py:188} INFO - [2024-01-29T12:52:18.339+0000] {dag.py:3823} INFO - Setting next_dagrun for tutorial_dag to None, run_after=None
[2024-01-29T12:52:18.359+0000] {processor.py:183} INFO - Processing /home/airflow/.local/lib/python3.8/site-packages/airflow/example_dags/tutorial_dag.py took 0.063 seconds
[2024-01-29T12:52:49.317+0000] {processor.py:161} INFO - Started process (PID=240) to work on /home/airflow/.local/lib/python3.8/site-packages/airflow/example_dags/tutorial_dag.py
[2024-01-29T12:52:49.318+0000] {processor.py:830} INFO - Processing file /home/airflow/.local/lib/python3.8/site-packages/airflow/example_dags/tutorial_dag.py for tasks to queue
[2024-01-29T12:52:49.319+0000] {logging_mixin.py:188} INFO - [2024-01-29T12:52:49.319+0000] {dagbag.py:538} INFO - Filling up the DagBag from /home/airflow/.local/lib/python3.8/site-packages/airflow/example_dags/tutorial_dag.py
[2024-01-29T12:52:49.324+0000] {processor.py:840} INFO - DAG(s) 'tutorial_dag' retrieved from /home/airflow/.local/lib/python3.8/site-packages/airflow/example_dags/tutorial_dag.py
[2024-01-29T12:52:49.344+0000] {logging_mixin.py:188} INFO - [2024-01-29T12:52:49.343+0000] {dag.py:3036} INFO - Sync 1 DAGs
[2024-01-29T12:52:49.357+0000] {logging_mixin.py:188} INFO - [2024-01-29T12:52:49.356+0000] {dag.py:3823} INFO - Setting next_dagrun for tutorial_dag to None, run_after=None
[2024-01-29T12:52:49.375+0000] {processor.py:183} INFO - Processing /home/airflow/.local/lib/python3.8/site-packages/airflow/example_dags/tutorial_dag.py took 0.062 seconds
[2024-01-29T12:53:19.485+0000] {processor.py:161} INFO - Started process (PID=296) to work on /home/airflow/.local/lib/python3.8/site-packages/airflow/example_dags/tutorial_dag.py
[2024-01-29T12:53:19.486+0000] {processor.py:830} INFO - Processing file /home/airflow/.local/lib/python3.8/site-packages/airflow/example_dags/tutorial_dag.py for tasks to queue
[2024-01-29T12:53:19.487+0000] {logging_mixin.py:188} INFO - [2024-01-29T12:53:19.487+0000] {dagbag.py:538} INFO - Filling up the DagBag from /home/airflow/.local/lib/python3.8/site-packages/airflow/example_dags/tutorial_dag.py
[2024-01-29T12:53:19.492+0000] {processor.py:840} INFO - DAG(s) 'tutorial_dag' retrieved from /home/airflow/.local/lib/python3.8/site-packages/airflow/example_dags/tutorial_dag.py
[2024-01-29T12:53:19.513+0000] {logging_mixin.py:188} INFO - [2024-01-29T12:53:19.512+0000] {dag.py:3036} INFO - Sync 1 DAGs
[2024-01-29T12:53:19.526+0000] {logging_mixin.py:188} INFO - [2024-01-29T12:53:19.526+0000] {dag.py:3823} INFO - Setting next_dagrun for tutorial_dag to None, run_after=None
[2024-01-29T12:53:19.545+0000] {processor.py:183} INFO - Processing /home/airflow/.local/lib/python3.8/site-packages/airflow/example_dags/tutorial_dag.py took 0.063 seconds
[2024-01-29T12:53:49.786+0000] {processor.py:161} INFO - Started process (PID=352) to work on /home/airflow/.local/lib/python3.8/site-packages/airflow/example_dags/tutorial_dag.py
[2024-01-29T12:53:49.787+0000] {processor.py:830} INFO - Processing file /home/airflow/.local/lib/python3.8/site-packages/airflow/example_dags/tutorial_dag.py for tasks to queue
[2024-01-29T12:53:49.789+0000] {logging_mixin.py:188} INFO - [2024-01-29T12:53:49.788+0000] {dagbag.py:538} INFO - Filling up the DagBag from /home/airflow/.local/lib/python3.8/site-packages/airflow/example_dags/tutorial_dag.py
[2024-01-29T12:53:49.794+0000] {processor.py:840} INFO - DAG(s) 'tutorial_dag' retrieved from /home/airflow/.local/lib/python3.8/site-packages/airflow/example_dags/tutorial_dag.py
[2024-01-29T12:53:49.813+0000] {logging_mixin.py:188} INFO - [2024-01-29T12:53:49.813+0000] {dag.py:3036} INFO - Sync 1 DAGs
[2024-01-29T12:53:49.824+0000] {logging_mixin.py:188} INFO - [2024-01-29T12:53:49.824+0000] {dag.py:3823} INFO - Setting next_dagrun for tutorial_dag to None, run_after=None
[2024-01-29T12:53:49.841+0000] {processor.py:183} INFO - Processing /home/airflow/.local/lib/python3.8/site-packages/airflow/example_dags/tutorial_dag.py took 0.058 seconds
[2024-01-29T12:54:20.025+0000] {processor.py:161} INFO - Started process (PID=408) to work on /home/airflow/.local/lib/python3.8/site-packages/airflow/example_dags/tutorial_dag.py
[2024-01-29T12:54:20.026+0000] {processor.py:830} INFO - Processing file /home/airflow/.local/lib/python3.8/site-packages/airflow/example_dags/tutorial_dag.py for tasks to queue
[2024-01-29T12:54:20.027+0000] {logging_mixin.py:188} INFO - [2024-01-29T12:54:20.027+0000] {dagbag.py:538} INFO - Filling up the DagBag from /home/airflow/.local/lib/python3.8/site-packages/airflow/example_dags/tutorial_dag.py
[2024-01-29T12:54:20.032+0000] {processor.py:840} INFO - DAG(s) 'tutorial_dag' retrieved from /home/airflow/.local/lib/python3.8/site-packages/airflow/example_dags/tutorial_dag.py
[2024-01-29T12:54:20.052+0000] {logging_mixin.py:188} INFO - [2024-01-29T12:54:20.052+0000] {dag.py:3036} INFO - Sync 1 DAGs
[2024-01-29T12:54:20.064+0000] {logging_mixin.py:188} INFO - [2024-01-29T12:54:20.064+0000] {dag.py:3823} INFO - Setting next_dagrun for tutorial_dag to None, run_after=None
[2024-01-29T12:54:20.083+0000] {processor.py:183} INFO - Processing /home/airflow/.local/lib/python3.8/site-packages/airflow/example_dags/tutorial_dag.py took 0.061 seconds
[2024-01-29T12:54:51.146+0000] {processor.py:161} INFO - Started process (PID=464) to work on /home/airflow/.local/lib/python3.8/site-packages/airflow/example_dags/tutorial_dag.py
[2024-01-29T12:54:51.147+0000] {processor.py:830} INFO - Processing file /home/airflow/.local/lib/python3.8/site-packages/airflow/example_dags/tutorial_dag.py for tasks to queue
[2024-01-29T12:54:51.149+0000] {logging_mixin.py:188} INFO - [2024-01-29T12:54:51.149+0000] {dagbag.py:538} INFO - Filling up the DagBag from /home/airflow/.local/lib/python3.8/site-packages/airflow/example_dags/tutorial_dag.py
[2024-01-29T12:54:51.154+0000] {processor.py:840} INFO - DAG(s) 'tutorial_dag' retrieved from /home/airflow/.local/lib/python3.8/site-packages/airflow/example_dags/tutorial_dag.py
[2024-01-29T12:54:51.177+0000] {logging_mixin.py:188} INFO - [2024-01-29T12:54:51.176+0000] {dag.py:3036} INFO - Sync 1 DAGs
[2024-01-29T12:54:51.191+0000] {logging_mixin.py:188} INFO - [2024-01-29T12:54:51.191+0000] {dag.py:3823} INFO - Setting next_dagrun for tutorial_dag to None, run_after=None
[2024-01-29T12:54:51.212+0000] {processor.py:183} INFO - Processing /home/airflow/.local/lib/python3.8/site-packages/airflow/example_dags/tutorial_dag.py took 0.069 seconds
[2024-01-29T12:55:21.605+0000] {processor.py:161} INFO - Started process (PID=520) to work on /home/airflow/.local/lib/python3.8/site-packages/airflow/example_dags/tutorial_dag.py
[2024-01-29T12:55:21.606+0000] {processor.py:830} INFO - Processing file /home/airflow/.local/lib/python3.8/site-packages/airflow/example_dags/tutorial_dag.py for tasks to queue
[2024-01-29T12:55:21.608+0000] {logging_mixin.py:188} INFO - [2024-01-29T12:55:21.607+0000] {dagbag.py:538} INFO - Filling up the DagBag from /home/airflow/.local/lib/python3.8/site-packages/airflow/example_dags/tutorial_dag.py
[2024-01-29T12:55:21.616+0000] {processor.py:840} INFO - DAG(s) 'tutorial_dag' retrieved from /home/airflow/.local/lib/python3.8/site-packages/airflow/example_dags/tutorial_dag.py
[2024-01-29T12:55:21.643+0000] {logging_mixin.py:188} INFO - [2024-01-29T12:55:21.642+0000] {dag.py:3036} INFO - Sync 1 DAGs
[2024-01-29T12:55:21.658+0000] {logging_mixin.py:188} INFO - [2024-01-29T12:55:21.658+0000] {dag.py:3823} INFO - Setting next_dagrun for tutorial_dag to None, run_after=None
[2024-01-29T12:55:21.679+0000] {processor.py:183} INFO - Processing /home/airflow/.local/lib/python3.8/site-packages/airflow/example_dags/tutorial_dag.py took 0.079 seconds
[2024-01-29T12:55:51.945+0000] {processor.py:161} INFO - Started process (PID=576) to work on /home/airflow/.local/lib/python3.8/site-packages/airflow/example_dags/tutorial_dag.py
[2024-01-29T12:55:51.945+0000] {processor.py:830} INFO - Processing file /home/airflow/.local/lib/python3.8/site-packages/airflow/example_dags/tutorial_dag.py for tasks to queue
[2024-01-29T12:55:51.947+0000] {logging_mixin.py:188} INFO - [2024-01-29T12:55:51.947+0000] {dagbag.py:538} INFO - Filling up the DagBag from /home/airflow/.local/lib/python3.8/site-packages/airflow/example_dags/tutorial_dag.py
[2024-01-29T12:55:51.952+0000] {processor.py:840} INFO - DAG(s) 'tutorial_dag' retrieved from /home/airflow/.local/lib/python3.8/site-packages/airflow/example_dags/tutorial_dag.py
[2024-01-29T12:55:51.978+0000] {logging_mixin.py:188} INFO - [2024-01-29T12:55:51.978+0000] {dag.py:3036} INFO - Sync 1 DAGs
[2024-01-29T12:55:51.992+0000] {logging_mixin.py:188} INFO - [2024-01-29T12:55:51.992+0000] {dag.py:3823} INFO - Setting next_dagrun for tutorial_dag to None, run_after=None
[2024-01-29T12:55:52.014+0000] {processor.py:183} INFO - Processing /home/airflow/.local/lib/python3.8/site-packages/airflow/example_dags/tutorial_dag.py took 0.073 seconds
[2024-01-29T12:56:22.228+0000] {processor.py:161} INFO - Started process (PID=632) to work on /home/airflow/.local/lib/python3.8/site-packages/airflow/example_dags/tutorial_dag.py
[2024-01-29T12:56:22.229+0000] {processor.py:830} INFO - Processing file /home/airflow/.local/lib/python3.8/site-packages/airflow/example_dags/tutorial_dag.py for tasks to queue
[2024-01-29T12:56:22.231+0000] {logging_mixin.py:188} INFO - [2024-01-29T12:56:22.230+0000] {dagbag.py:538} INFO - Filling up the DagBag from /home/airflow/.local/lib/python3.8/site-packages/airflow/example_dags/tutorial_dag.py
[2024-01-29T12:56:22.237+0000] {processor.py:840} INFO - DAG(s) 'tutorial_dag' retrieved from /home/airflow/.local/lib/python3.8/site-packages/airflow/example_dags/tutorial_dag.py
[2024-01-29T12:56:22.263+0000] {logging_mixin.py:188} INFO - [2024-01-29T12:56:22.263+0000] {dag.py:3036} INFO - Sync 1 DAGs
[2024-01-29T12:56:22.276+0000] {logging_mixin.py:188} INFO - [2024-01-29T12:56:22.276+0000] {dag.py:3823} INFO - Setting next_dagrun for tutorial_dag to None, run_after=None
[2024-01-29T12:56:22.295+0000] {processor.py:183} INFO - Processing /home/airflow/.local/lib/python3.8/site-packages/airflow/example_dags/tutorial_dag.py took 0.072 seconds
[2024-01-29T12:56:52.482+0000] {processor.py:161} INFO - Started process (PID=688) to work on /home/airflow/.local/lib/python3.8/site-packages/airflow/example_dags/tutorial_dag.py
[2024-01-29T12:56:52.483+0000] {processor.py:830} INFO - Processing file /home/airflow/.local/lib/python3.8/site-packages/airflow/example_dags/tutorial_dag.py for tasks to queue
[2024-01-29T12:56:52.486+0000] {logging_mixin.py:188} INFO - [2024-01-29T12:56:52.485+0000] {dagbag.py:538} INFO - Filling up the DagBag from /home/airflow/.local/lib/python3.8/site-packages/airflow/example_dags/tutorial_dag.py
[2024-01-29T12:56:52.492+0000] {processor.py:840} INFO - DAG(s) 'tutorial_dag' retrieved from /home/airflow/.local/lib/python3.8/site-packages/airflow/example_dags/tutorial_dag.py
[2024-01-29T12:56:52.516+0000] {logging_mixin.py:188} INFO - [2024-01-29T12:56:52.516+0000] {dag.py:3036} INFO - Sync 1 DAGs
[2024-01-29T12:56:52.532+0000] {logging_mixin.py:188} INFO - [2024-01-29T12:56:52.532+0000] {dag.py:3823} INFO - Setting next_dagrun for tutorial_dag to None, run_after=None
[2024-01-29T12:56:52.551+0000] {processor.py:183} INFO - Processing /home/airflow/.local/lib/python3.8/site-packages/airflow/example_dags/tutorial_dag.py took 0.073 seconds
[2024-01-29T12:57:22.633+0000] {processor.py:161} INFO - Started process (PID=744) to work on /home/airflow/.local/lib/python3.8/site-packages/airflow/example_dags/tutorial_dag.py
[2024-01-29T12:57:22.634+0000] {processor.py:830} INFO - Processing file /home/airflow/.local/lib/python3.8/site-packages/airflow/example_dags/tutorial_dag.py for tasks to queue
[2024-01-29T12:57:22.635+0000] {logging_mixin.py:188} INFO - [2024-01-29T12:57:22.635+0000] {dagbag.py:538} INFO - Filling up the DagBag from /home/airflow/.local/lib/python3.8/site-packages/airflow/example_dags/tutorial_dag.py
[2024-01-29T12:57:22.640+0000] {processor.py:840} INFO - DAG(s) 'tutorial_dag' retrieved from /home/airflow/.local/lib/python3.8/site-packages/airflow/example_dags/tutorial_dag.py
[2024-01-29T12:57:22.659+0000] {logging_mixin.py:188} INFO - [2024-01-29T12:57:22.659+0000] {dag.py:3036} INFO - Sync 1 DAGs
[2024-01-29T12:57:22.671+0000] {logging_mixin.py:188} INFO - [2024-01-29T12:57:22.670+0000] {dag.py:3823} INFO - Setting next_dagrun for tutorial_dag to None, run_after=None
[2024-01-29T12:57:22.688+0000] {processor.py:183} INFO - Processing /home/airflow/.local/lib/python3.8/site-packages/airflow/example_dags/tutorial_dag.py took 0.058 seconds
[2024-01-29T12:57:52.713+0000] {processor.py:161} INFO - Started process (PID=799) to work on /home/airflow/.local/lib/python3.8/site-packages/airflow/example_dags/tutorial_dag.py
[2024-01-29T12:57:52.714+0000] {processor.py:830} INFO - Processing file /home/airflow/.local/lib/python3.8/site-packages/airflow/example_dags/tutorial_dag.py for tasks to queue
[2024-01-29T12:57:52.715+0000] {logging_mixin.py:188} INFO - [2024-01-29T12:57:52.715+0000] {dagbag.py:538} INFO - Filling up the DagBag from /home/airflow/.local/lib/python3.8/site-packages/airflow/example_dags/tutorial_dag.py
[2024-01-29T12:57:52.720+0000] {processor.py:840} INFO - DAG(s) 'tutorial_dag' retrieved from /home/airflow/.local/lib/python3.8/site-packages/airflow/example_dags/tutorial_dag.py
[2024-01-29T12:57:52.740+0000] {logging_mixin.py:188} INFO - [2024-01-29T12:57:52.739+0000] {dag.py:3036} INFO - Sync 1 DAGs
[2024-01-29T12:57:52.751+0000] {logging_mixin.py:188} INFO - [2024-01-29T12:57:52.751+0000] {dag.py:3823} INFO - Setting next_dagrun for tutorial_dag to None, run_after=None
[2024-01-29T12:57:52.770+0000] {processor.py:183} INFO - Processing /home/airflow/.local/lib/python3.8/site-packages/airflow/example_dags/tutorial_dag.py took 0.060 seconds
[2024-01-29T12:58:22.882+0000] {processor.py:161} INFO - Started process (PID=855) to work on /home/airflow/.local/lib/python3.8/site-packages/airflow/example_dags/tutorial_dag.py
[2024-01-29T12:58:22.883+0000] {processor.py:830} INFO - Processing file /home/airflow/.local/lib/python3.8/site-packages/airflow/example_dags/tutorial_dag.py for tasks to queue
[2024-01-29T12:58:22.884+0000] {logging_mixin.py:188} INFO - [2024-01-29T12:58:22.884+0000] {dagbag.py:538} INFO - Filling up the DagBag from /home/airflow/.local/lib/python3.8/site-packages/airflow/example_dags/tutorial_dag.py
[2024-01-29T12:58:22.889+0000] {processor.py:840} INFO - DAG(s) 'tutorial_dag' retrieved from /home/airflow/.local/lib/python3.8/site-packages/airflow/example_dags/tutorial_dag.py
[2024-01-29T12:58:22.909+0000] {logging_mixin.py:188} INFO - [2024-01-29T12:58:22.908+0000] {dag.py:3036} INFO - Sync 1 DAGs
[2024-01-29T12:58:22.920+0000] {logging_mixin.py:188} INFO - [2024-01-29T12:58:22.920+0000] {dag.py:3823} INFO - Setting next_dagrun for tutorial_dag to None, run_after=None
[2024-01-29T12:58:22.938+0000] {processor.py:183} INFO - Processing /home/airflow/.local/lib/python3.8/site-packages/airflow/example_dags/tutorial_dag.py took 0.059 seconds
[2024-01-29T12:58:53.575+0000] {processor.py:161} INFO - Started process (PID=911) to work on /home/airflow/.local/lib/python3.8/site-packages/airflow/example_dags/tutorial_dag.py
[2024-01-29T12:58:53.576+0000] {processor.py:830} INFO - Processing file /home/airflow/.local/lib/python3.8/site-packages/airflow/example_dags/tutorial_dag.py for tasks to queue
[2024-01-29T12:58:53.578+0000] {logging_mixin.py:188} INFO - [2024-01-29T12:58:53.578+0000] {dagbag.py:538} INFO - Filling up the DagBag from /home/airflow/.local/lib/python3.8/site-packages/airflow/example_dags/tutorial_dag.py
[2024-01-29T12:58:53.583+0000] {processor.py:840} INFO - DAG(s) 'tutorial_dag' retrieved from /home/airflow/.local/lib/python3.8/site-packages/airflow/example_dags/tutorial_dag.py
[2024-01-29T12:58:53.602+0000] {logging_mixin.py:188} INFO - [2024-01-29T12:58:53.601+0000] {dag.py:3036} INFO - Sync 1 DAGs
[2024-01-29T12:58:53.613+0000] {logging_mixin.py:188} INFO - [2024-01-29T12:58:53.613+0000] {dag.py:3823} INFO - Setting next_dagrun for tutorial_dag to None, run_after=None
[2024-01-29T12:58:53.630+0000] {processor.py:183} INFO - Processing /home/airflow/.local/lib/python3.8/site-packages/airflow/example_dags/tutorial_dag.py took 0.058 seconds
[2024-01-29T12:59:23.775+0000] {processor.py:161} INFO - Started process (PID=967) to work on /home/airflow/.local/lib/python3.8/site-packages/airflow/example_dags/tutorial_dag.py
[2024-01-29T12:59:23.776+0000] {processor.py:830} INFO - Processing file /home/airflow/.local/lib/python3.8/site-packages/airflow/example_dags/tutorial_dag.py for tasks to queue
[2024-01-29T12:59:23.778+0000] {logging_mixin.py:188} INFO - [2024-01-29T12:59:23.778+0000] {dagbag.py:538} INFO - Filling up the DagBag from /home/airflow/.local/lib/python3.8/site-packages/airflow/example_dags/tutorial_dag.py
[2024-01-29T12:59:23.785+0000] {processor.py:840} INFO - DAG(s) 'tutorial_dag' retrieved from /home/airflow/.local/lib/python3.8/site-packages/airflow/example_dags/tutorial_dag.py
[2024-01-29T12:59:23.806+0000] {logging_mixin.py:188} INFO - [2024-01-29T12:59:23.806+0000] {dag.py:3036} INFO - Sync 1 DAGs
[2024-01-29T12:59:23.818+0000] {logging_mixin.py:188} INFO - [2024-01-29T12:59:23.817+0000] {dag.py:3823} INFO - Setting next_dagrun for tutorial_dag to None, run_after=None
[2024-01-29T12:59:23.835+0000] {processor.py:183} INFO - Processing /home/airflow/.local/lib/python3.8/site-packages/airflow/example_dags/tutorial_dag.py took 0.063 seconds
[2024-01-29T12:59:54.045+0000] {processor.py:161} INFO - Started process (PID=1023) to work on /home/airflow/.local/lib/python3.8/site-packages/airflow/example_dags/tutorial_dag.py
[2024-01-29T12:59:54.046+0000] {processor.py:830} INFO - Processing file /home/airflow/.local/lib/python3.8/site-packages/airflow/example_dags/tutorial_dag.py for tasks to queue
[2024-01-29T12:59:54.047+0000] {logging_mixin.py:188} INFO - [2024-01-29T12:59:54.047+0000] {dagbag.py:538} INFO - Filling up the DagBag from /home/airflow/.local/lib/python3.8/site-packages/airflow/example_dags/tutorial_dag.py
[2024-01-29T12:59:54.052+0000] {processor.py:840} INFO - DAG(s) 'tutorial_dag' retrieved from /home/airflow/.local/lib/python3.8/site-packages/airflow/example_dags/tutorial_dag.py
[2024-01-29T12:59:54.071+0000] {logging_mixin.py:188} INFO - [2024-01-29T12:59:54.071+0000] {dag.py:3036} INFO - Sync 1 DAGs
[2024-01-29T12:59:54.083+0000] {logging_mixin.py:188} INFO - [2024-01-29T12:59:54.083+0000] {dag.py:3823} INFO - Setting next_dagrun for tutorial_dag to None, run_after=None
[2024-01-29T12:59:54.101+0000] {processor.py:183} INFO - Processing /home/airflow/.local/lib/python3.8/site-packages/airflow/example_dags/tutorial_dag.py took 0.059 seconds
[2024-01-29T13:00:24.137+0000] {processor.py:161} INFO - Started process (PID=1079) to work on /home/airflow/.local/lib/python3.8/site-packages/airflow/example_dags/tutorial_dag.py
[2024-01-29T13:00:24.138+0000] {processor.py:830} INFO - Processing file /home/airflow/.local/lib/python3.8/site-packages/airflow/example_dags/tutorial_dag.py for tasks to queue
[2024-01-29T13:00:24.140+0000] {logging_mixin.py:188} INFO - [2024-01-29T13:00:24.140+0000] {dagbag.py:538} INFO - Filling up the DagBag from /home/airflow/.local/lib/python3.8/site-packages/airflow/example_dags/tutorial_dag.py
[2024-01-29T13:00:24.146+0000] {processor.py:840} INFO - DAG(s) 'tutorial_dag' retrieved from /home/airflow/.local/lib/python3.8/site-packages/airflow/example_dags/tutorial_dag.py
[2024-01-29T13:00:24.166+0000] {logging_mixin.py:188} INFO - [2024-01-29T13:00:24.166+0000] {dag.py:3036} INFO - Sync 1 DAGs
[2024-01-29T13:00:24.177+0000] {logging_mixin.py:188} INFO - [2024-01-29T13:00:24.177+0000] {dag.py:3823} INFO - Setting next_dagrun for tutorial_dag to None, run_after=None
[2024-01-29T13:00:24.195+0000] {processor.py:183} INFO - Processing /home/airflow/.local/lib/python3.8/site-packages/airflow/example_dags/tutorial_dag.py took 0.061 seconds
[2024-01-29T13:00:54.356+0000] {processor.py:161} INFO - Started process (PID=1135) to work on /home/airflow/.local/lib/python3.8/site-packages/airflow/example_dags/tutorial_dag.py
[2024-01-29T13:00:54.357+0000] {processor.py:830} INFO - Processing file /home/airflow/.local/lib/python3.8/site-packages/airflow/example_dags/tutorial_dag.py for tasks to queue
[2024-01-29T13:00:54.359+0000] {logging_mixin.py:188} INFO - [2024-01-29T13:00:54.359+0000] {dagbag.py:538} INFO - Filling up the DagBag from /home/airflow/.local/lib/python3.8/site-packages/airflow/example_dags/tutorial_dag.py
[2024-01-29T13:00:54.364+0000] {processor.py:840} INFO - DAG(s) 'tutorial_dag' retrieved from /home/airflow/.local/lib/python3.8/site-packages/airflow/example_dags/tutorial_dag.py
[2024-01-29T13:00:54.385+0000] {logging_mixin.py:188} INFO - [2024-01-29T13:00:54.384+0000] {dag.py:3036} INFO - Sync 1 DAGs
[2024-01-29T13:00:54.396+0000] {logging_mixin.py:188} INFO - [2024-01-29T13:00:54.396+0000] {dag.py:3823} INFO - Setting next_dagrun for tutorial_dag to None, run_after=None
[2024-01-29T13:00:54.414+0000] {processor.py:183} INFO - Processing /home/airflow/.local/lib/python3.8/site-packages/airflow/example_dags/tutorial_dag.py took 0.061 seconds
[2024-01-29T13:01:24.772+0000] {processor.py:161} INFO - Started process (PID=1190) to work on /home/airflow/.local/lib/python3.8/site-packages/airflow/example_dags/tutorial_dag.py
[2024-01-29T13:01:24.773+0000] {processor.py:830} INFO - Processing file /home/airflow/.local/lib/python3.8/site-packages/airflow/example_dags/tutorial_dag.py for tasks to queue
[2024-01-29T13:01:24.775+0000] {logging_mixin.py:188} INFO - [2024-01-29T13:01:24.775+0000] {dagbag.py:538} INFO - Filling up the DagBag from /home/airflow/.local/lib/python3.8/site-packages/airflow/example_dags/tutorial_dag.py
[2024-01-29T13:01:24.782+0000] {processor.py:840} INFO - DAG(s) 'tutorial_dag' retrieved from /home/airflow/.local/lib/python3.8/site-packages/airflow/example_dags/tutorial_dag.py
[2024-01-29T13:01:24.804+0000] {logging_mixin.py:188} INFO - [2024-01-29T13:01:24.804+0000] {dag.py:3036} INFO - Sync 1 DAGs
[2024-01-29T13:01:24.816+0000] {logging_mixin.py:188} INFO - [2024-01-29T13:01:24.815+0000] {dag.py:3823} INFO - Setting next_dagrun for tutorial_dag to None, run_after=None
[2024-01-29T13:01:24.833+0000] {processor.py:183} INFO - Processing /home/airflow/.local/lib/python3.8/site-packages/airflow/example_dags/tutorial_dag.py took 0.064 seconds
[2024-01-29T13:01:55.604+0000] {processor.py:161} INFO - Started process (PID=1246) to work on /home/airflow/.local/lib/python3.8/site-packages/airflow/example_dags/tutorial_dag.py
[2024-01-29T13:01:55.605+0000] {processor.py:830} INFO - Processing file /home/airflow/.local/lib/python3.8/site-packages/airflow/example_dags/tutorial_dag.py for tasks to queue
[2024-01-29T13:01:55.607+0000] {logging_mixin.py:188} INFO - [2024-01-29T13:01:55.606+0000] {dagbag.py:538} INFO - Filling up the DagBag from /home/airflow/.local/lib/python3.8/site-packages/airflow/example_dags/tutorial_dag.py
[2024-01-29T13:01:55.612+0000] {processor.py:840} INFO - DAG(s) 'tutorial_dag' retrieved from /home/airflow/.local/lib/python3.8/site-packages/airflow/example_dags/tutorial_dag.py
[2024-01-29T13:01:55.631+0000] {logging_mixin.py:188} INFO - [2024-01-29T13:01:55.631+0000] {dag.py:3036} INFO - Sync 1 DAGs
[2024-01-29T13:01:55.642+0000] {logging_mixin.py:188} INFO - [2024-01-29T13:01:55.642+0000] {dag.py:3823} INFO - Setting next_dagrun for tutorial_dag to None, run_after=None
[2024-01-29T13:01:55.659+0000] {processor.py:183} INFO - Processing /home/airflow/.local/lib/python3.8/site-packages/airflow/example_dags/tutorial_dag.py took 0.058 seconds
[2024-01-29T13:02:25.718+0000] {processor.py:161} INFO - Started process (PID=1303) to work on /home/airflow/.local/lib/python3.8/site-packages/airflow/example_dags/tutorial_dag.py
[2024-01-29T13:02:25.719+0000] {processor.py:830} INFO - Processing file /home/airflow/.local/lib/python3.8/site-packages/airflow/example_dags/tutorial_dag.py for tasks to queue
[2024-01-29T13:02:25.721+0000] {logging_mixin.py:188} INFO - [2024-01-29T13:02:25.720+0000] {dagbag.py:538} INFO - Filling up the DagBag from /home/airflow/.local/lib/python3.8/site-packages/airflow/example_dags/tutorial_dag.py
[2024-01-29T13:02:25.726+0000] {processor.py:840} INFO - DAG(s) 'tutorial_dag' retrieved from /home/airflow/.local/lib/python3.8/site-packages/airflow/example_dags/tutorial_dag.py
[2024-01-29T13:02:25.745+0000] {logging_mixin.py:188} INFO - [2024-01-29T13:02:25.745+0000] {dag.py:3036} INFO - Sync 1 DAGs
[2024-01-29T13:02:25.757+0000] {logging_mixin.py:188} INFO - [2024-01-29T13:02:25.757+0000] {dag.py:3823} INFO - Setting next_dagrun for tutorial_dag to None, run_after=None
[2024-01-29T13:02:25.776+0000] {processor.py:183} INFO - Processing /home/airflow/.local/lib/python3.8/site-packages/airflow/example_dags/tutorial_dag.py took 0.061 seconds
[2024-01-29T13:02:55.956+0000] {processor.py:161} INFO - Started process (PID=1359) to work on /home/airflow/.local/lib/python3.8/site-packages/airflow/example_dags/tutorial_dag.py
[2024-01-29T13:02:55.957+0000] {processor.py:830} INFO - Processing file /home/airflow/.local/lib/python3.8/site-packages/airflow/example_dags/tutorial_dag.py for tasks to queue
[2024-01-29T13:02:55.959+0000] {logging_mixin.py:188} INFO - [2024-01-29T13:02:55.958+0000] {dagbag.py:538} INFO - Filling up the DagBag from /home/airflow/.local/lib/python3.8/site-packages/airflow/example_dags/tutorial_dag.py
[2024-01-29T13:02:55.963+0000] {processor.py:840} INFO - DAG(s) 'tutorial_dag' retrieved from /home/airflow/.local/lib/python3.8/site-packages/airflow/example_dags/tutorial_dag.py
[2024-01-29T13:02:55.983+0000] {logging_mixin.py:188} INFO - [2024-01-29T13:02:55.983+0000] {dag.py:3036} INFO - Sync 1 DAGs
[2024-01-29T13:02:55.995+0000] {logging_mixin.py:188} INFO - [2024-01-29T13:02:55.994+0000] {dag.py:3823} INFO - Setting next_dagrun for tutorial_dag to None, run_after=None
[2024-01-29T13:02:56.012+0000] {processor.py:183} INFO - Processing /home/airflow/.local/lib/python3.8/site-packages/airflow/example_dags/tutorial_dag.py took 0.059 seconds
[2024-01-29T13:03:26.409+0000] {processor.py:161} INFO - Started process (PID=1415) to work on /home/airflow/.local/lib/python3.8/site-packages/airflow/example_dags/tutorial_dag.py
[2024-01-29T13:03:26.410+0000] {processor.py:830} INFO - Processing file /home/airflow/.local/lib/python3.8/site-packages/airflow/example_dags/tutorial_dag.py for tasks to queue
[2024-01-29T13:03:26.411+0000] {logging_mixin.py:188} INFO - [2024-01-29T13:03:26.411+0000] {dagbag.py:538} INFO - Filling up the DagBag from /home/airflow/.local/lib/python3.8/site-packages/airflow/example_dags/tutorial_dag.py
[2024-01-29T13:03:26.416+0000] {processor.py:840} INFO - DAG(s) 'tutorial_dag' retrieved from /home/airflow/.local/lib/python3.8/site-packages/airflow/example_dags/tutorial_dag.py
[2024-01-29T13:03:26.435+0000] {logging_mixin.py:188} INFO - [2024-01-29T13:03:26.434+0000] {dag.py:3036} INFO - Sync 1 DAGs
[2024-01-29T13:03:26.447+0000] {logging_mixin.py:188} INFO - [2024-01-29T13:03:26.447+0000] {dag.py:3823} INFO - Setting next_dagrun for tutorial_dag to None, run_after=None
[2024-01-29T13:03:26.463+0000] {processor.py:183} INFO - Processing /home/airflow/.local/lib/python3.8/site-packages/airflow/example_dags/tutorial_dag.py took 0.057 seconds
[2024-01-29T13:03:56.524+0000] {processor.py:161} INFO - Started process (PID=1471) to work on /home/airflow/.local/lib/python3.8/site-packages/airflow/example_dags/tutorial_dag.py
[2024-01-29T13:03:56.525+0000] {processor.py:830} INFO - Processing file /home/airflow/.local/lib/python3.8/site-packages/airflow/example_dags/tutorial_dag.py for tasks to queue
[2024-01-29T13:03:56.526+0000] {logging_mixin.py:188} INFO - [2024-01-29T13:03:56.526+0000] {dagbag.py:538} INFO - Filling up the DagBag from /home/airflow/.local/lib/python3.8/site-packages/airflow/example_dags/tutorial_dag.py
[2024-01-29T13:03:56.531+0000] {processor.py:840} INFO - DAG(s) 'tutorial_dag' retrieved from /home/airflow/.local/lib/python3.8/site-packages/airflow/example_dags/tutorial_dag.py
[2024-01-29T13:03:56.551+0000] {logging_mixin.py:188} INFO - [2024-01-29T13:03:56.551+0000] {dag.py:3036} INFO - Sync 1 DAGs
[2024-01-29T13:03:56.562+0000] {logging_mixin.py:188} INFO - [2024-01-29T13:03:56.562+0000] {dag.py:3823} INFO - Setting next_dagrun for tutorial_dag to None, run_after=None
[2024-01-29T13:03:56.581+0000] {processor.py:183} INFO - Processing /home/airflow/.local/lib/python3.8/site-packages/airflow/example_dags/tutorial_dag.py took 0.060 seconds
[2024-01-29T13:04:26.773+0000] {processor.py:161} INFO - Started process (PID=1526) to work on /home/airflow/.local/lib/python3.8/site-packages/airflow/example_dags/tutorial_dag.py
[2024-01-29T13:04:26.774+0000] {processor.py:830} INFO - Processing file /home/airflow/.local/lib/python3.8/site-packages/airflow/example_dags/tutorial_dag.py for tasks to queue
[2024-01-29T13:04:26.776+0000] {logging_mixin.py:188} INFO - [2024-01-29T13:04:26.775+0000] {dagbag.py:538} INFO - Filling up the DagBag from /home/airflow/.local/lib/python3.8/site-packages/airflow/example_dags/tutorial_dag.py
[2024-01-29T13:04:26.781+0000] {processor.py:840} INFO - DAG(s) 'tutorial_dag' retrieved from /home/airflow/.local/lib/python3.8/site-packages/airflow/example_dags/tutorial_dag.py
[2024-01-29T13:04:26.800+0000] {logging_mixin.py:188} INFO - [2024-01-29T13:04:26.800+0000] {dag.py:3036} INFO - Sync 1 DAGs
[2024-01-29T13:04:26.811+0000] {logging_mixin.py:188} INFO - [2024-01-29T13:04:26.811+0000] {dag.py:3823} INFO - Setting next_dagrun for tutorial_dag to None, run_after=None
[2024-01-29T13:04:26.834+0000] {processor.py:183} INFO - Processing /home/airflow/.local/lib/python3.8/site-packages/airflow/example_dags/tutorial_dag.py took 0.064 seconds
[2024-01-29T13:04:57.812+0000] {processor.py:161} INFO - Started process (PID=1582) to work on /home/airflow/.local/lib/python3.8/site-packages/airflow/example_dags/tutorial_dag.py
[2024-01-29T13:04:57.813+0000] {processor.py:830} INFO - Processing file /home/airflow/.local/lib/python3.8/site-packages/airflow/example_dags/tutorial_dag.py for tasks to queue
[2024-01-29T13:04:57.814+0000] {logging_mixin.py:188} INFO - [2024-01-29T13:04:57.814+0000] {dagbag.py:538} INFO - Filling up the DagBag from /home/airflow/.local/lib/python3.8/site-packages/airflow/example_dags/tutorial_dag.py
[2024-01-29T13:04:57.820+0000] {processor.py:840} INFO - DAG(s) 'tutorial_dag' retrieved from /home/airflow/.local/lib/python3.8/site-packages/airflow/example_dags/tutorial_dag.py
[2024-01-29T13:04:57.839+0000] {logging_mixin.py:188} INFO - [2024-01-29T13:04:57.839+0000] {dag.py:3036} INFO - Sync 1 DAGs
[2024-01-29T13:04:57.851+0000] {logging_mixin.py:188} INFO - [2024-01-29T13:04:57.851+0000] {dag.py:3823} INFO - Setting next_dagrun for tutorial_dag to None, run_after=None
[2024-01-29T13:04:57.871+0000] {processor.py:183} INFO - Processing /home/airflow/.local/lib/python3.8/site-packages/airflow/example_dags/tutorial_dag.py took 0.062 seconds
[2024-01-29T13:05:28.853+0000] {processor.py:161} INFO - Started process (PID=1638) to work on /home/airflow/.local/lib/python3.8/site-packages/airflow/example_dags/tutorial_dag.py
[2024-01-29T13:05:28.854+0000] {processor.py:830} INFO - Processing file /home/airflow/.local/lib/python3.8/site-packages/airflow/example_dags/tutorial_dag.py for tasks to queue
[2024-01-29T13:05:28.856+0000] {logging_mixin.py:188} INFO - [2024-01-29T13:05:28.855+0000] {dagbag.py:538} INFO - Filling up the DagBag from /home/airflow/.local/lib/python3.8/site-packages/airflow/example_dags/tutorial_dag.py
[2024-01-29T13:05:28.861+0000] {processor.py:840} INFO - DAG(s) 'tutorial_dag' retrieved from /home/airflow/.local/lib/python3.8/site-packages/airflow/example_dags/tutorial_dag.py
[2024-01-29T13:05:28.879+0000] {logging_mixin.py:188} INFO - [2024-01-29T13:05:28.879+0000] {dag.py:3036} INFO - Sync 1 DAGs
[2024-01-29T13:05:28.891+0000] {logging_mixin.py:188} INFO - [2024-01-29T13:05:28.891+0000] {dag.py:3823} INFO - Setting next_dagrun for tutorial_dag to None, run_after=None
[2024-01-29T13:05:28.909+0000] {processor.py:183} INFO - Processing /home/airflow/.local/lib/python3.8/site-packages/airflow/example_dags/tutorial_dag.py took 0.059 seconds
[2024-01-29T13:05:59.079+0000] {processor.py:161} INFO - Started process (PID=1694) to work on /home/airflow/.local/lib/python3.8/site-packages/airflow/example_dags/tutorial_dag.py
[2024-01-29T13:05:59.080+0000] {processor.py:830} INFO - Processing file /home/airflow/.local/lib/python3.8/site-packages/airflow/example_dags/tutorial_dag.py for tasks to queue
[2024-01-29T13:05:59.082+0000] {logging_mixin.py:188} INFO - [2024-01-29T13:05:59.082+0000] {dagbag.py:538} INFO - Filling up the DagBag from /home/airflow/.local/lib/python3.8/site-packages/airflow/example_dags/tutorial_dag.py
[2024-01-29T13:05:59.087+0000] {processor.py:840} INFO - DAG(s) 'tutorial_dag' retrieved from /home/airflow/.local/lib/python3.8/site-packages/airflow/example_dags/tutorial_dag.py
[2024-01-29T13:05:59.110+0000] {logging_mixin.py:188} INFO - [2024-01-29T13:05:59.110+0000] {dag.py:3036} INFO - Sync 1 DAGs
[2024-01-29T13:05:59.123+0000] {logging_mixin.py:188} INFO - [2024-01-29T13:05:59.123+0000] {dag.py:3823} INFO - Setting next_dagrun for tutorial_dag to None, run_after=None
[2024-01-29T13:05:59.141+0000] {processor.py:183} INFO - Processing /home/airflow/.local/lib/python3.8/site-packages/airflow/example_dags/tutorial_dag.py took 0.065 seconds
[2024-01-29T13:06:29.275+0000] {processor.py:161} INFO - Started process (PID=1751) to work on /home/airflow/.local/lib/python3.8/site-packages/airflow/example_dags/tutorial_dag.py
[2024-01-29T13:06:29.276+0000] {processor.py:830} INFO - Processing file /home/airflow/.local/lib/python3.8/site-packages/airflow/example_dags/tutorial_dag.py for tasks to queue
[2024-01-29T13:06:29.277+0000] {logging_mixin.py:188} INFO - [2024-01-29T13:06:29.277+0000] {dagbag.py:538} INFO - Filling up the DagBag from /home/airflow/.local/lib/python3.8/site-packages/airflow/example_dags/tutorial_dag.py
[2024-01-29T13:06:29.282+0000] {processor.py:840} INFO - DAG(s) 'tutorial_dag' retrieved from /home/airflow/.local/lib/python3.8/site-packages/airflow/example_dags/tutorial_dag.py
[2024-01-29T13:06:29.302+0000] {logging_mixin.py:188} INFO - [2024-01-29T13:06:29.302+0000] {dag.py:3036} INFO - Sync 1 DAGs
[2024-01-29T13:06:29.314+0000] {logging_mixin.py:188} INFO - [2024-01-29T13:06:29.314+0000] {dag.py:3823} INFO - Setting next_dagrun for tutorial_dag to None, run_after=None
[2024-01-29T13:06:29.332+0000] {processor.py:183} INFO - Processing /home/airflow/.local/lib/python3.8/site-packages/airflow/example_dags/tutorial_dag.py took 0.061 seconds
[2024-01-29T13:06:59.437+0000] {processor.py:161} INFO - Started process (PID=1807) to work on /home/airflow/.local/lib/python3.8/site-packages/airflow/example_dags/tutorial_dag.py
[2024-01-29T13:06:59.438+0000] {processor.py:830} INFO - Processing file /home/airflow/.local/lib/python3.8/site-packages/airflow/example_dags/tutorial_dag.py for tasks to queue
[2024-01-29T13:06:59.439+0000] {logging_mixin.py:188} INFO - [2024-01-29T13:06:59.439+0000] {dagbag.py:538} INFO - Filling up the DagBag from /home/airflow/.local/lib/python3.8/site-packages/airflow/example_dags/tutorial_dag.py
[2024-01-29T13:06:59.445+0000] {processor.py:840} INFO - DAG(s) 'tutorial_dag' retrieved from /home/airflow/.local/lib/python3.8/site-packages/airflow/example_dags/tutorial_dag.py
[2024-01-29T13:06:59.464+0000] {logging_mixin.py:188} INFO - [2024-01-29T13:06:59.464+0000] {dag.py:3036} INFO - Sync 1 DAGs
[2024-01-29T13:06:59.480+0000] {logging_mixin.py:188} INFO - [2024-01-29T13:06:59.480+0000] {dag.py:3823} INFO - Setting next_dagrun for tutorial_dag to None, run_after=None
[2024-01-29T13:06:59.503+0000] {processor.py:183} INFO - Processing /home/airflow/.local/lib/python3.8/site-packages/airflow/example_dags/tutorial_dag.py took 0.069 seconds
[2024-01-29T13:07:30.413+0000] {processor.py:161} INFO - Started process (PID=1863) to work on /home/airflow/.local/lib/python3.8/site-packages/airflow/example_dags/tutorial_dag.py
[2024-01-29T13:07:30.414+0000] {processor.py:830} INFO - Processing file /home/airflow/.local/lib/python3.8/site-packages/airflow/example_dags/tutorial_dag.py for tasks to queue
[2024-01-29T13:07:30.415+0000] {logging_mixin.py:188} INFO - [2024-01-29T13:07:30.415+0000] {dagbag.py:538} INFO - Filling up the DagBag from /home/airflow/.local/lib/python3.8/site-packages/airflow/example_dags/tutorial_dag.py
[2024-01-29T13:07:30.421+0000] {processor.py:840} INFO - DAG(s) 'tutorial_dag' retrieved from /home/airflow/.local/lib/python3.8/site-packages/airflow/example_dags/tutorial_dag.py
[2024-01-29T13:07:30.441+0000] {logging_mixin.py:188} INFO - [2024-01-29T13:07:30.441+0000] {dag.py:3036} INFO - Sync 1 DAGs
[2024-01-29T13:07:30.455+0000] {logging_mixin.py:188} INFO - [2024-01-29T13:07:30.455+0000] {dag.py:3823} INFO - Setting next_dagrun for tutorial_dag to None, run_after=None
[2024-01-29T13:07:30.473+0000] {processor.py:183} INFO - Processing /home/airflow/.local/lib/python3.8/site-packages/airflow/example_dags/tutorial_dag.py took 0.063 seconds
[2024-01-29T13:08:01.140+0000] {processor.py:161} INFO - Started process (PID=1926) to work on /home/airflow/.local/lib/python3.8/site-packages/airflow/example_dags/tutorial_dag.py
[2024-01-29T13:08:01.141+0000] {processor.py:830} INFO - Processing file /home/airflow/.local/lib/python3.8/site-packages/airflow/example_dags/tutorial_dag.py for tasks to queue
[2024-01-29T13:08:01.143+0000] {logging_mixin.py:188} INFO - [2024-01-29T13:08:01.142+0000] {dagbag.py:538} INFO - Filling up the DagBag from /home/airflow/.local/lib/python3.8/site-packages/airflow/example_dags/tutorial_dag.py
[2024-01-29T13:08:01.148+0000] {processor.py:840} INFO - DAG(s) 'tutorial_dag' retrieved from /home/airflow/.local/lib/python3.8/site-packages/airflow/example_dags/tutorial_dag.py
[2024-01-29T13:08:01.169+0000] {logging_mixin.py:188} INFO - [2024-01-29T13:08:01.168+0000] {dag.py:3036} INFO - Sync 1 DAGs
[2024-01-29T13:08:01.181+0000] {logging_mixin.py:188} INFO - [2024-01-29T13:08:01.181+0000] {dag.py:3823} INFO - Setting next_dagrun for tutorial_dag to None, run_after=None
[2024-01-29T13:08:01.199+0000] {processor.py:183} INFO - Processing /home/airflow/.local/lib/python3.8/site-packages/airflow/example_dags/tutorial_dag.py took 0.062 seconds
[2024-01-29T13:08:32.036+0000] {processor.py:161} INFO - Started process (PID=1982) to work on /home/airflow/.local/lib/python3.8/site-packages/airflow/example_dags/tutorial_dag.py
[2024-01-29T13:08:32.037+0000] {processor.py:830} INFO - Processing file /home/airflow/.local/lib/python3.8/site-packages/airflow/example_dags/tutorial_dag.py for tasks to queue
[2024-01-29T13:08:32.039+0000] {logging_mixin.py:188} INFO - [2024-01-29T13:08:32.039+0000] {dagbag.py:538} INFO - Filling up the DagBag from /home/airflow/.local/lib/python3.8/site-packages/airflow/example_dags/tutorial_dag.py
[2024-01-29T13:08:32.044+0000] {processor.py:840} INFO - DAG(s) 'tutorial_dag' retrieved from /home/airflow/.local/lib/python3.8/site-packages/airflow/example_dags/tutorial_dag.py
[2024-01-29T13:08:32.065+0000] {logging_mixin.py:188} INFO - [2024-01-29T13:08:32.064+0000] {dag.py:3036} INFO - Sync 1 DAGs
[2024-01-29T13:08:32.077+0000] {logging_mixin.py:188} INFO - [2024-01-29T13:08:32.077+0000] {dag.py:3823} INFO - Setting next_dagrun for tutorial_dag to None, run_after=None
[2024-01-29T13:08:32.096+0000] {processor.py:183} INFO - Processing /home/airflow/.local/lib/python3.8/site-packages/airflow/example_dags/tutorial_dag.py took 0.063 seconds
[2024-01-29T13:09:02.970+0000] {processor.py:161} INFO - Started process (PID=2038) to work on /home/airflow/.local/lib/python3.8/site-packages/airflow/example_dags/tutorial_dag.py
[2024-01-29T13:09:02.971+0000] {processor.py:830} INFO - Processing file /home/airflow/.local/lib/python3.8/site-packages/airflow/example_dags/tutorial_dag.py for tasks to queue
[2024-01-29T13:09:02.973+0000] {logging_mixin.py:188} INFO - [2024-01-29T13:09:02.973+0000] {dagbag.py:538} INFO - Filling up the DagBag from /home/airflow/.local/lib/python3.8/site-packages/airflow/example_dags/tutorial_dag.py
[2024-01-29T13:09:02.978+0000] {processor.py:840} INFO - DAG(s) 'tutorial_dag' retrieved from /home/airflow/.local/lib/python3.8/site-packages/airflow/example_dags/tutorial_dag.py
[2024-01-29T13:09:03.000+0000] {logging_mixin.py:188} INFO - [2024-01-29T13:09:02.999+0000] {dag.py:3036} INFO - Sync 1 DAGs
[2024-01-29T13:09:03.012+0000] {logging_mixin.py:188} INFO - [2024-01-29T13:09:03.011+0000] {dag.py:3823} INFO - Setting next_dagrun for tutorial_dag to None, run_after=None
[2024-01-29T13:09:03.031+0000] {processor.py:183} INFO - Processing /home/airflow/.local/lib/python3.8/site-packages/airflow/example_dags/tutorial_dag.py took 0.064 seconds
[2024-01-29T13:09:33.886+0000] {processor.py:161} INFO - Started process (PID=2094) to work on /home/airflow/.local/lib/python3.8/site-packages/airflow/example_dags/tutorial_dag.py
[2024-01-29T13:09:33.887+0000] {processor.py:830} INFO - Processing file /home/airflow/.local/lib/python3.8/site-packages/airflow/example_dags/tutorial_dag.py for tasks to queue
[2024-01-29T13:09:33.888+0000] {logging_mixin.py:188} INFO - [2024-01-29T13:09:33.888+0000] {dagbag.py:538} INFO - Filling up the DagBag from /home/airflow/.local/lib/python3.8/site-packages/airflow/example_dags/tutorial_dag.py
[2024-01-29T13:09:33.894+0000] {processor.py:840} INFO - DAG(s) 'tutorial_dag' retrieved from /home/airflow/.local/lib/python3.8/site-packages/airflow/example_dags/tutorial_dag.py
[2024-01-29T13:09:33.914+0000] {logging_mixin.py:188} INFO - [2024-01-29T13:09:33.914+0000] {dag.py:3036} INFO - Sync 1 DAGs
[2024-01-29T13:09:33.927+0000] {logging_mixin.py:188} INFO - [2024-01-29T13:09:33.927+0000] {dag.py:3823} INFO - Setting next_dagrun for tutorial_dag to None, run_after=None
[2024-01-29T13:09:33.945+0000] {processor.py:183} INFO - Processing /home/airflow/.local/lib/python3.8/site-packages/airflow/example_dags/tutorial_dag.py took 0.062 seconds
[2024-01-29T13:10:04.879+0000] {processor.py:161} INFO - Started process (PID=2150) to work on /home/airflow/.local/lib/python3.8/site-packages/airflow/example_dags/tutorial_dag.py
[2024-01-29T13:10:04.880+0000] {processor.py:830} INFO - Processing file /home/airflow/.local/lib/python3.8/site-packages/airflow/example_dags/tutorial_dag.py for tasks to queue
[2024-01-29T13:10:04.881+0000] {logging_mixin.py:188} INFO - [2024-01-29T13:10:04.881+0000] {dagbag.py:538} INFO - Filling up the DagBag from /home/airflow/.local/lib/python3.8/site-packages/airflow/example_dags/tutorial_dag.py
[2024-01-29T13:10:04.887+0000] {processor.py:840} INFO - DAG(s) 'tutorial_dag' retrieved from /home/airflow/.local/lib/python3.8/site-packages/airflow/example_dags/tutorial_dag.py
[2024-01-29T13:10:04.906+0000] {logging_mixin.py:188} INFO - [2024-01-29T13:10:04.906+0000] {dag.py:3036} INFO - Sync 1 DAGs
[2024-01-29T13:10:04.919+0000] {logging_mixin.py:188} INFO - [2024-01-29T13:10:04.919+0000] {dag.py:3823} INFO - Setting next_dagrun for tutorial_dag to None, run_after=None
[2024-01-29T13:10:04.937+0000] {processor.py:183} INFO - Processing /home/airflow/.local/lib/python3.8/site-packages/airflow/example_dags/tutorial_dag.py took 0.062 seconds
[2024-01-29T13:10:35.673+0000] {processor.py:161} INFO - Started process (PID=2206) to work on /home/airflow/.local/lib/python3.8/site-packages/airflow/example_dags/tutorial_dag.py
[2024-01-29T13:10:35.674+0000] {processor.py:830} INFO - Processing file /home/airflow/.local/lib/python3.8/site-packages/airflow/example_dags/tutorial_dag.py for tasks to queue
[2024-01-29T13:10:35.675+0000] {logging_mixin.py:188} INFO - [2024-01-29T13:10:35.675+0000] {dagbag.py:538} INFO - Filling up the DagBag from /home/airflow/.local/lib/python3.8/site-packages/airflow/example_dags/tutorial_dag.py
[2024-01-29T13:10:35.681+0000] {processor.py:840} INFO - DAG(s) 'tutorial_dag' retrieved from /home/airflow/.local/lib/python3.8/site-packages/airflow/example_dags/tutorial_dag.py
[2024-01-29T13:10:35.700+0000] {logging_mixin.py:188} INFO - [2024-01-29T13:10:35.700+0000] {dag.py:3036} INFO - Sync 1 DAGs
[2024-01-29T13:10:35.712+0000] {logging_mixin.py:188} INFO - [2024-01-29T13:10:35.712+0000] {dag.py:3823} INFO - Setting next_dagrun for tutorial_dag to None, run_after=None
[2024-01-29T13:10:35.730+0000] {processor.py:183} INFO - Processing /home/airflow/.local/lib/python3.8/site-packages/airflow/example_dags/tutorial_dag.py took 0.061 seconds
[2024-01-29T13:11:06.566+0000] {processor.py:161} INFO - Started process (PID=2262) to work on /home/airflow/.local/lib/python3.8/site-packages/airflow/example_dags/tutorial_dag.py
[2024-01-29T13:11:06.567+0000] {processor.py:830} INFO - Processing file /home/airflow/.local/lib/python3.8/site-packages/airflow/example_dags/tutorial_dag.py for tasks to queue
[2024-01-29T13:11:06.569+0000] {logging_mixin.py:188} INFO - [2024-01-29T13:11:06.569+0000] {dagbag.py:538} INFO - Filling up the DagBag from /home/airflow/.local/lib/python3.8/site-packages/airflow/example_dags/tutorial_dag.py
[2024-01-29T13:11:06.574+0000] {processor.py:840} INFO - DAG(s) 'tutorial_dag' retrieved from /home/airflow/.local/lib/python3.8/site-packages/airflow/example_dags/tutorial_dag.py
[2024-01-29T13:11:06.593+0000] {logging_mixin.py:188} INFO - [2024-01-29T13:11:06.593+0000] {dag.py:3036} INFO - Sync 1 DAGs
[2024-01-29T13:11:06.605+0000] {logging_mixin.py:188} INFO - [2024-01-29T13:11:06.605+0000] {dag.py:3823} INFO - Setting next_dagrun for tutorial_dag to None, run_after=None
[2024-01-29T13:11:06.623+0000] {processor.py:183} INFO - Processing /home/airflow/.local/lib/python3.8/site-packages/airflow/example_dags/tutorial_dag.py took 0.060 seconds
[2024-01-29T13:11:36.751+0000] {processor.py:161} INFO - Started process (PID=2318) to work on /home/airflow/.local/lib/python3.8/site-packages/airflow/example_dags/tutorial_dag.py
[2024-01-29T13:11:36.752+0000] {processor.py:830} INFO - Processing file /home/airflow/.local/lib/python3.8/site-packages/airflow/example_dags/tutorial_dag.py for tasks to queue
[2024-01-29T13:11:36.754+0000] {logging_mixin.py:188} INFO - [2024-01-29T13:11:36.754+0000] {dagbag.py:538} INFO - Filling up the DagBag from /home/airflow/.local/lib/python3.8/site-packages/airflow/example_dags/tutorial_dag.py
[2024-01-29T13:11:36.760+0000] {processor.py:840} INFO - DAG(s) 'tutorial_dag' retrieved from /home/airflow/.local/lib/python3.8/site-packages/airflow/example_dags/tutorial_dag.py
[2024-01-29T13:11:36.785+0000] {logging_mixin.py:188} INFO - [2024-01-29T13:11:36.784+0000] {dag.py:3036} INFO - Sync 1 DAGs
[2024-01-29T13:11:36.800+0000] {logging_mixin.py:188} INFO - [2024-01-29T13:11:36.800+0000] {dag.py:3823} INFO - Setting next_dagrun for tutorial_dag to None, run_after=None
[2024-01-29T13:11:36.823+0000] {processor.py:183} INFO - Processing /home/airflow/.local/lib/python3.8/site-packages/airflow/example_dags/tutorial_dag.py took 0.076 seconds
[2024-01-29T13:12:06.915+0000] {processor.py:161} INFO - Started process (PID=2374) to work on /home/airflow/.local/lib/python3.8/site-packages/airflow/example_dags/tutorial_dag.py
[2024-01-29T13:12:06.916+0000] {processor.py:830} INFO - Processing file /home/airflow/.local/lib/python3.8/site-packages/airflow/example_dags/tutorial_dag.py for tasks to queue
[2024-01-29T13:12:06.918+0000] {logging_mixin.py:188} INFO - [2024-01-29T13:12:06.918+0000] {dagbag.py:538} INFO - Filling up the DagBag from /home/airflow/.local/lib/python3.8/site-packages/airflow/example_dags/tutorial_dag.py
[2024-01-29T13:12:06.925+0000] {processor.py:840} INFO - DAG(s) 'tutorial_dag' retrieved from /home/airflow/.local/lib/python3.8/site-packages/airflow/example_dags/tutorial_dag.py
[2024-01-29T13:12:06.950+0000] {logging_mixin.py:188} INFO - [2024-01-29T13:12:06.950+0000] {dag.py:3036} INFO - Sync 1 DAGs
[2024-01-29T13:12:06.963+0000] {logging_mixin.py:188} INFO - [2024-01-29T13:12:06.963+0000] {dag.py:3823} INFO - Setting next_dagrun for tutorial_dag to None, run_after=None
[2024-01-29T13:12:06.982+0000] {processor.py:183} INFO - Processing /home/airflow/.local/lib/python3.8/site-packages/airflow/example_dags/tutorial_dag.py took 0.071 seconds
[2024-01-29T13:17:26.485+0000] {processor.py:161} INFO - Started process (PID=2422) to work on /home/airflow/.local/lib/python3.8/site-packages/airflow/example_dags/tutorial_dag.py
[2024-01-29T13:17:26.486+0000] {processor.py:830} INFO - Processing file /home/airflow/.local/lib/python3.8/site-packages/airflow/example_dags/tutorial_dag.py for tasks to queue
[2024-01-29T13:17:26.487+0000] {logging_mixin.py:188} INFO - [2024-01-29T13:17:26.487+0000] {dagbag.py:538} INFO - Filling up the DagBag from /home/airflow/.local/lib/python3.8/site-packages/airflow/example_dags/tutorial_dag.py
[2024-01-29T13:17:26.492+0000] {processor.py:840} INFO - DAG(s) 'tutorial_dag' retrieved from /home/airflow/.local/lib/python3.8/site-packages/airflow/example_dags/tutorial_dag.py
[2024-01-29T13:17:26.512+0000] {logging_mixin.py:188} INFO - [2024-01-29T13:17:26.512+0000] {dag.py:3036} INFO - Sync 1 DAGs
[2024-01-29T13:17:26.525+0000] {logging_mixin.py:188} INFO - [2024-01-29T13:17:26.525+0000] {dag.py:3823} INFO - Setting next_dagrun for tutorial_dag to None, run_after=None
[2024-01-29T13:17:26.542+0000] {processor.py:183} INFO - Processing /home/airflow/.local/lib/python3.8/site-packages/airflow/example_dags/tutorial_dag.py took 0.060 seconds
[2024-01-29T13:17:57.616+0000] {processor.py:161} INFO - Started process (PID=2478) to work on /home/airflow/.local/lib/python3.8/site-packages/airflow/example_dags/tutorial_dag.py
[2024-01-29T13:17:57.617+0000] {processor.py:830} INFO - Processing file /home/airflow/.local/lib/python3.8/site-packages/airflow/example_dags/tutorial_dag.py for tasks to queue
[2024-01-29T13:17:57.619+0000] {logging_mixin.py:188} INFO - [2024-01-29T13:17:57.618+0000] {dagbag.py:538} INFO - Filling up the DagBag from /home/airflow/.local/lib/python3.8/site-packages/airflow/example_dags/tutorial_dag.py
[2024-01-29T13:17:57.624+0000] {processor.py:840} INFO - DAG(s) 'tutorial_dag' retrieved from /home/airflow/.local/lib/python3.8/site-packages/airflow/example_dags/tutorial_dag.py
[2024-01-29T13:17:57.644+0000] {logging_mixin.py:188} INFO - [2024-01-29T13:17:57.644+0000] {dag.py:3036} INFO - Sync 1 DAGs
[2024-01-29T13:17:57.656+0000] {logging_mixin.py:188} INFO - [2024-01-29T13:17:57.656+0000] {dag.py:3823} INFO - Setting next_dagrun for tutorial_dag to None, run_after=None
[2024-01-29T13:17:57.674+0000] {processor.py:183} INFO - Processing /home/airflow/.local/lib/python3.8/site-packages/airflow/example_dags/tutorial_dag.py took 0.062 seconds
[2024-01-29T13:18:28.122+0000] {processor.py:161} INFO - Started process (PID=2534) to work on /home/airflow/.local/lib/python3.8/site-packages/airflow/example_dags/tutorial_dag.py
[2024-01-29T13:18:28.123+0000] {processor.py:830} INFO - Processing file /home/airflow/.local/lib/python3.8/site-packages/airflow/example_dags/tutorial_dag.py for tasks to queue
[2024-01-29T13:18:28.125+0000] {logging_mixin.py:188} INFO - [2024-01-29T13:18:28.124+0000] {dagbag.py:538} INFO - Filling up the DagBag from /home/airflow/.local/lib/python3.8/site-packages/airflow/example_dags/tutorial_dag.py
[2024-01-29T13:18:28.130+0000] {processor.py:840} INFO - DAG(s) 'tutorial_dag' retrieved from /home/airflow/.local/lib/python3.8/site-packages/airflow/example_dags/tutorial_dag.py
[2024-01-29T13:18:28.151+0000] {logging_mixin.py:188} INFO - [2024-01-29T13:18:28.151+0000] {dag.py:3036} INFO - Sync 1 DAGs
[2024-01-29T13:18:28.164+0000] {logging_mixin.py:188} INFO - [2024-01-29T13:18:28.163+0000] {dag.py:3823} INFO - Setting next_dagrun for tutorial_dag to None, run_after=None
[2024-01-29T13:18:28.182+0000] {processor.py:183} INFO - Processing /home/airflow/.local/lib/python3.8/site-packages/airflow/example_dags/tutorial_dag.py took 0.065 seconds
